{"uid":"bac6968f0c5e0bc7","name":"test_setting_select_selsuccess","fullName":"Tests.test_item.test_setting.TestSettingPage#test_setting_select_selsuccess","historyId":"a88a80027025004c3cf166d654772ef4","time":{"start":1752762594286,"stop":1752762605203,"duration":10917},"status":"broken","statusMessage":"selenium.common.exceptions.TimeoutException: Message: \nStacktrace:\n\tGetHandleVerifier [0x0x7ff7445e6f65+78965]\n\tGetHandleVerifier [0x0x7ff7445e6fc0+79056]\n\t(No symbol) [0x0x7ff744379dda]\n\t(No symbol) [0x0x7ff7443d02ea]\n\t(No symbol) [0x0x7ff7443d059c]\n\t(No symbol) [0x0x7ff744423f37]\n\t(No symbol) [0x0x7ff7443f86af]\n\t(No symbol) [0x0x7ff744420dbe]\n\t(No symbol) [0x0x7ff7443f8443]\n\t(No symbol) [0x0x7ff7443c1311]\n\t(No symbol) [0x0x7ff7443c20a3]\n\tGetHandleVerifier [0x0x7ff74489e26d+2926461]\n\tGetHandleVerifier [0x0x7ff744898993+2903715]\n\tGetHandleVerifier [0x0x7ff7448b6aed+3026941]\n\tGetHandleVerifier [0x0x7ff7446016fe+187406]\n\tGetHandleVerifier [0x0x7ff7446096ef+220159]\n\tGetHandleVerifier [0x0x7ff7445efaf4+114692]\n\tGetHandleVerifier [0x0x7ff7445efca9+115129]\n\tGetHandleVerifier [0x0x7ff7445d64d8+10728]\n\tBaseThreadInitThunk [0x0x7ffa099e7374+20]\n\tRtlUserThreadStart [0x0x7ffa0b89cc91+33]","statusTrace":"self = <test_item.test_setting.TestSettingPage object at 0x000001FF3798CA90>\nlogin_to_setting = <selenium.webdriver.chrome.webdriver.WebDriver (session=\"950e353f36d8f489377e7f92ae012a1e\")>\n\n    @allure.story(\"快速查询下拉框多选为或者关系\")\n    # @pytest.mark.run(order=1)\n    def test_setting_select_selsuccess(self, login_to_setting):\n        driver = login_to_setting  # WebDriver 实例\n        setting = SettingPage(driver)  # 用 driver 初始化 SettingPage\n        layout = \"测试布局A\"\n        setting.click_button(f'//div[@class=\"tabsDivItemCon\"]/div[text()=\" {layout} \"]')\n>       setting.enter_texts(\n            '//div[text()=\"物料优先度\"]/following-sibling::div//input', \"1\"\n        )\n\nTests\\test_item\\test_setting.py:1190: \n_ _ _ _ _ _ _ _ _ _ _ _ _ _ _ _ _ _ _ _ _ _ _ _ _ _ _ _ _ _ _ _ _ _ _ _ _ _ _ _ _ _ _ _ _ _ _ _ _ _ _ _ _ _ _ _ _ _ _ _ _ _ _ _ _ _ _ _ _ _ _ _ _ _ _ _ _ _ _ _ _ _ _ _ _ _ _ _ _ _ _ _\nPages\\setting_page.py:18: in enter_texts\n    self.enter_text(By.XPATH, xpath, text)\nPages\\base_page.py:65: in enter_text\n    element = WebDriverWait(self.driver, wait_time).until(\n_ _ _ _ _ _ _ _ _ _ _ _ _ _ _ _ _ _ _ _ _ _ _ _ _ _ _ _ _ _ _ _ _ _ _ _ _ _ _ _ _ _ _ _ _ _ _ _ _ _ _ _ _ _ _ _ _ _ _ _ _ _ _ _ _ _ _ _ _ _ _ _ _ _ _ _ _ _ _ _ _ _ _ _ _ _ _ _ _ _ _ _\n\nself = <selenium.webdriver.support.wait.WebDriverWait (session=\"950e353f36d8f489377e7f92ae012a1e\")>\nmethod = <function visibility_of_element_located.<locals>._predicate at 0x000001FF380E2680>, message = ''\n\n    def until(self, method: Callable[[D], Union[Literal[False], T]], message: str = \"\") -> T:\n        \"\"\"Wait until the method returns a value that is not False.\n    \n        Calls the method provided with the driver as an argument until the\n        return value does not evaluate to ``False``.\n    \n        Parameters:\n        -----------\n        method: callable(WebDriver)\n            - A callable object that takes a WebDriver instance as an argument.\n    \n        message: str\n            - Optional message for :exc:`TimeoutException`\n    \n        Return:\n        -------\n        object: T\n            - The result of the last call to `method`\n    \n        Raises:\n        -------\n        TimeoutException\n            - If 'method' does not return a truthy value within the WebDriverWait\n            object's timeout\n    \n        Example:\n        --------\n        >>> from selenium.webdriver.common.by import By\n        >>> from selenium.webdriver.support.ui import WebDriverWait\n        >>> from selenium.webdriver.support import expected_conditions as EC\n    \n        # Wait until an element is visible on the page\n        >>> wait = WebDriverWait(driver, 10)\n        >>> element = wait.until(EC.visibility_of_element_located((By.ID, \"exampleId\")))\n        >>> print(element.text)\n        \"\"\"\n        screen = None\n        stacktrace = None\n    \n        end_time = time.monotonic() + self._timeout\n        while True:\n            try:\n                value = method(self._driver)\n                if value:\n                    return value\n            except self._ignored_exceptions as exc:\n                screen = getattr(exc, \"screen\", None)\n                stacktrace = getattr(exc, \"stacktrace\", None)\n            if time.monotonic() > end_time:\n                break\n            time.sleep(self._poll)\n>       raise TimeoutException(message, screen, stacktrace)\nE       selenium.common.exceptions.TimeoutException: Message: \nE       Stacktrace:\nE       \tGetHandleVerifier [0x0x7ff7445e6f65+78965]\nE       \tGetHandleVerifier [0x0x7ff7445e6fc0+79056]\nE       \t(No symbol) [0x0x7ff744379dda]\nE       \t(No symbol) [0x0x7ff7443d02ea]\nE       \t(No symbol) [0x0x7ff7443d059c]\nE       \t(No symbol) [0x0x7ff744423f37]\nE       \t(No symbol) [0x0x7ff7443f86af]\nE       \t(No symbol) [0x0x7ff744420dbe]\nE       \t(No symbol) [0x0x7ff7443f8443]\nE       \t(No symbol) [0x0x7ff7443c1311]\nE       \t(No symbol) [0x0x7ff7443c20a3]\nE       \tGetHandleVerifier [0x0x7ff74489e26d+2926461]\nE       \tGetHandleVerifier [0x0x7ff744898993+2903715]\nE       \tGetHandleVerifier [0x0x7ff7448b6aed+3026941]\nE       \tGetHandleVerifier [0x0x7ff7446016fe+187406]\nE       \tGetHandleVerifier [0x0x7ff7446096ef+220159]\nE       \tGetHandleVerifier [0x0x7ff7445efaf4+114692]\nE       \tGetHandleVerifier [0x0x7ff7445efca9+115129]\nE       \tGetHandleVerifier [0x0x7ff7445d64d8+10728]\nE       \tBaseThreadInitThunk [0x0x7ffa099e7374+20]\nE       \tRtlUserThreadStart [0x0x7ffa0b89cc91+33]\n\nmyenv\\lib\\site-packages\\selenium\\webdriver\\support\\wait.py:138: TimeoutException","flaky":false,"newFailed":false,"newBroken":false,"newPassed":false,"retriesCount":1,"retriesStatusChange":false,"beforeStages":[{"name":"login_to_setting","time":{"start":1752762586753,"stop":1752762594285,"duration":7532},"status":"passed","steps":[],"attachments":[],"parameters":[],"attachmentStep":false,"stepsCount":0,"hasContent":false,"attachmentsCount":0,"shouldDisplayMessage":false}],"testStage":{"status":"broken","statusMessage":"selenium.common.exceptions.TimeoutException: Message: \nStacktrace:\n\tGetHandleVerifier [0x0x7ff7445e6f65+78965]\n\tGetHandleVerifier [0x0x7ff7445e6fc0+79056]\n\t(No symbol) [0x0x7ff744379dda]\n\t(No symbol) [0x0x7ff7443d02ea]\n\t(No symbol) [0x0x7ff7443d059c]\n\t(No symbol) [0x0x7ff744423f37]\n\t(No symbol) [0x0x7ff7443f86af]\n\t(No symbol) [0x0x7ff744420dbe]\n\t(No symbol) [0x0x7ff7443f8443]\n\t(No symbol) [0x0x7ff7443c1311]\n\t(No symbol) [0x0x7ff7443c20a3]\n\tGetHandleVerifier [0x0x7ff74489e26d+2926461]\n\tGetHandleVerifier [0x0x7ff744898993+2903715]\n\tGetHandleVerifier [0x0x7ff7448b6aed+3026941]\n\tGetHandleVerifier [0x0x7ff7446016fe+187406]\n\tGetHandleVerifier [0x0x7ff7446096ef+220159]\n\tGetHandleVerifier [0x0x7ff7445efaf4+114692]\n\tGetHandleVerifier [0x0x7ff7445efca9+115129]\n\tGetHandleVerifier [0x0x7ff7445d64d8+10728]\n\tBaseThreadInitThunk [0x0x7ffa099e7374+20]\n\tRtlUserThreadStart [0x0x7ffa0b89cc91+33]","statusTrace":"self = <test_item.test_setting.TestSettingPage object at 0x000001FF3798CA90>\nlogin_to_setting = <selenium.webdriver.chrome.webdriver.WebDriver (session=\"950e353f36d8f489377e7f92ae012a1e\")>\n\n    @allure.story(\"快速查询下拉框多选为或者关系\")\n    # @pytest.mark.run(order=1)\n    def test_setting_select_selsuccess(self, login_to_setting):\n        driver = login_to_setting  # WebDriver 实例\n        setting = SettingPage(driver)  # 用 driver 初始化 SettingPage\n        layout = \"测试布局A\"\n        setting.click_button(f'//div[@class=\"tabsDivItemCon\"]/div[text()=\" {layout} \"]')\n>       setting.enter_texts(\n            '//div[text()=\"物料优先度\"]/following-sibling::div//input', \"1\"\n        )\n\nTests\\test_item\\test_setting.py:1190: \n_ _ _ _ _ _ _ _ _ _ _ _ _ _ _ _ _ _ _ _ _ _ _ _ _ _ _ _ _ _ _ _ _ _ _ _ _ _ _ _ _ _ _ _ _ _ _ _ _ _ _ _ _ _ _ _ _ _ _ _ _ _ _ _ _ _ _ _ _ _ _ _ _ _ _ _ _ _ _ _ _ _ _ _ _ _ _ _ _ _ _ _\nPages\\setting_page.py:18: in enter_texts\n    self.enter_text(By.XPATH, xpath, text)\nPages\\base_page.py:65: in enter_text\n    element = WebDriverWait(self.driver, wait_time).until(\n_ _ _ _ _ _ _ _ _ _ _ _ _ _ _ _ _ _ _ _ _ _ _ _ _ _ _ _ _ _ _ _ _ _ _ _ _ _ _ _ _ _ _ _ _ _ _ _ _ _ _ _ _ _ _ _ _ _ _ _ _ _ _ _ _ _ _ _ _ _ _ _ _ _ _ _ _ _ _ _ _ _ _ _ _ _ _ _ _ _ _ _\n\nself = <selenium.webdriver.support.wait.WebDriverWait (session=\"950e353f36d8f489377e7f92ae012a1e\")>\nmethod = <function visibility_of_element_located.<locals>._predicate at 0x000001FF380E2680>, message = ''\n\n    def until(self, method: Callable[[D], Union[Literal[False], T]], message: str = \"\") -> T:\n        \"\"\"Wait until the method returns a value that is not False.\n    \n        Calls the method provided with the driver as an argument until the\n        return value does not evaluate to ``False``.\n    \n        Parameters:\n        -----------\n        method: callable(WebDriver)\n            - A callable object that takes a WebDriver instance as an argument.\n    \n        message: str\n            - Optional message for :exc:`TimeoutException`\n    \n        Return:\n        -------\n        object: T\n            - The result of the last call to `method`\n    \n        Raises:\n        -------\n        TimeoutException\n            - If 'method' does not return a truthy value within the WebDriverWait\n            object's timeout\n    \n        Example:\n        --------\n        >>> from selenium.webdriver.common.by import By\n        >>> from selenium.webdriver.support.ui import WebDriverWait\n        >>> from selenium.webdriver.support import expected_conditions as EC\n    \n        # Wait until an element is visible on the page\n        >>> wait = WebDriverWait(driver, 10)\n        >>> element = wait.until(EC.visibility_of_element_located((By.ID, \"exampleId\")))\n        >>> print(element.text)\n        \"\"\"\n        screen = None\n        stacktrace = None\n    \n        end_time = time.monotonic() + self._timeout\n        while True:\n            try:\n                value = method(self._driver)\n                if value:\n                    return value\n            except self._ignored_exceptions as exc:\n                screen = getattr(exc, \"screen\", None)\n                stacktrace = getattr(exc, \"stacktrace\", None)\n            if time.monotonic() > end_time:\n                break\n            time.sleep(self._poll)\n>       raise TimeoutException(message, screen, stacktrace)\nE       selenium.common.exceptions.TimeoutException: Message: \nE       Stacktrace:\nE       \tGetHandleVerifier [0x0x7ff7445e6f65+78965]\nE       \tGetHandleVerifier [0x0x7ff7445e6fc0+79056]\nE       \t(No symbol) [0x0x7ff744379dda]\nE       \t(No symbol) [0x0x7ff7443d02ea]\nE       \t(No symbol) [0x0x7ff7443d059c]\nE       \t(No symbol) [0x0x7ff744423f37]\nE       \t(No symbol) [0x0x7ff7443f86af]\nE       \t(No symbol) [0x0x7ff744420dbe]\nE       \t(No symbol) [0x0x7ff7443f8443]\nE       \t(No symbol) [0x0x7ff7443c1311]\nE       \t(No symbol) [0x0x7ff7443c20a3]\nE       \tGetHandleVerifier [0x0x7ff74489e26d+2926461]\nE       \tGetHandleVerifier [0x0x7ff744898993+2903715]\nE       \tGetHandleVerifier [0x0x7ff7448b6aed+3026941]\nE       \tGetHandleVerifier [0x0x7ff7446016fe+187406]\nE       \tGetHandleVerifier [0x0x7ff7446096ef+220159]\nE       \tGetHandleVerifier [0x0x7ff7445efaf4+114692]\nE       \tGetHandleVerifier [0x0x7ff7445efca9+115129]\nE       \tGetHandleVerifier [0x0x7ff7445d64d8+10728]\nE       \tBaseThreadInitThunk [0x0x7ffa099e7374+20]\nE       \tRtlUserThreadStart [0x0x7ffa0b89cc91+33]\n\nmyenv\\lib\\site-packages\\selenium\\webdriver\\support\\wait.py:138: TimeoutException","steps":[],"attachments":[{"uid":"7e911236feb972ed","name":"test_setting_select_selsuccess_failure","source":"7e911236feb972ed.png","type":"image/png","size":129871},{"uid":"3745696204e8ab61","name":"test_setting_select_selsuccess_source","source":"3745696204e8ab61.html","type":"text/html","size":1264542},{"uid":"724ffda8236eb60d","name":"log","source":"724ffda8236eb60d.txt","type":"text/plain","size":1825}],"parameters":[],"attachmentStep":false,"stepsCount":0,"hasContent":true,"attachmentsCount":3,"shouldDisplayMessage":true},"afterStages":[{"name":"login_to_setting::0","time":{"start":1752762605434,"stop":1752762607558,"duration":2124},"status":"passed","steps":[],"attachments":[],"parameters":[],"attachmentStep":false,"stepsCount":0,"hasContent":false,"attachmentsCount":0,"shouldDisplayMessage":false}],"labels":[{"name":"story","value":"快速查询下拉框多选为或者关系"},{"name":"feature","value":"标准应用设置测试用例"},{"name":"parentSuite","value":"Tests.test_item"},{"name":"suite","value":"test_setting"},{"name":"subSuite","value":"TestSettingPage"},{"name":"host","value":"WIN-20240820MJV"},{"name":"thread","value":"11236-MainThread"},{"name":"framework","value":"pytest"},{"name":"language","value":"cpython3"},{"name":"package","value":"Tests.test_item.test_setting"},{"name":"resultFormat","value":"allure2"}],"parameters":[],"links":[],"hidden":false,"retry":false,"extra":{"severity":"normal","retries":[{"uid":"26d0331a8c9a320b","status":"broken","statusDetails":"selenium.common.exceptions.TimeoutException: Message: \nStacktrace:\n\tGetHandleVerifier [0x0x7ff7445e6f65+78965]\n\tGetHandleVerifier [0x0x7ff7445e6fc0+79056]\n\t(No symbol) [0x0x7ff744379dda]\n\t(No symbol) [0x0x7ff7443d02ea]\n\t(No symbol) [0x0x7ff7443d059c]\n\t(No symbol) [0x0x7ff744423f37]\n\t(No symbol) [0x0x7ff7443f86af]\n\t(No symbol) [0x0x7ff744420dbe]\n\t(No symbol) [0x0x7ff7443f8443]\n\t(No symbol) [0x0x7ff7443c1311]\n\t(No symbol) [0x0x7ff7443c20a3]\n\tGetHandleVerifier [0x0x7ff74489e26d+2926461]\n\tGetHandleVerifier [0x0x7ff744898993+2903715]\n\tGetHandleVerifier [0x0x7ff7448b6aed+3026941]\n\tGetHandleVerifier [0x0x7ff7446016fe+187406]\n\tGetHandleVerifier [0x0x7ff7446096ef+220159]\n\tGetHandleVerifier [0x0x7ff7445efaf4+114692]\n\tGetHandleVerifier [0x0x7ff7445efca9+115129]\n\tGetHandleVerifier [0x0x7ff7445d64d8+10728]\n\tBaseThreadInitThunk [0x0x7ffa099e7374+20]\n\tRtlUserThreadStart [0x0x7ffa0b89cc91+33]","time":{"start":1752762573487,"stop":1752762584431,"duration":10944}}],"categories":[{"name":"Test defects","matchedStatuses":[]}],"tags":[]},"source":"bac6968f0c5e0bc7.json","parameterValues":[]}