{"uid":"127a5656d4e6daef","name":"test_role_clickselect","fullName":"Tests.test_system.test_role.TestRolePage#test_role_clickselect","historyId":"c5b84a80fbe0a3561ca388b1f6bcf56f","time":{"start":1760982627761,"stop":1760982633855,"duration":6094},"status":"broken","statusMessage":"selenium.common.exceptions.NoSuchElementException: Message: no such element: Unable to locate element: {\"method\":\"xpath\",\"selector\":\"(//div[@class=\"vxe-table--render-wrapper\"])[3]/div[1]/div[2]//tr[1]/td[4]\"}\n  (Session info: chrome=137.0.7151.69); For documentation on this error, please visit: https://www.selenium.dev/documentation/webdriver/troubleshooting/errors#no-such-element-exception\nStacktrace:\n\tGetHandleVerifier [0x0x7ff613186f65+78965]\n\tGetHandleVerifier [0x0x7ff613186fc0+79056]\n\t(No symbol) [0x0x7ff612f19dda]\n\t(No symbol) [0x0x7ff612f702ea]\n\t(No symbol) [0x0x7ff612f7059c]\n\t(No symbol) [0x0x7ff612fc3f37]\n\t(No symbol) [0x0x7ff612f986af]\n\t(No symbol) [0x0x7ff612fc0dbe]\n\t(No symbol) [0x0x7ff612f98443]\n\t(No symbol) [0x0x7ff612f61311]\n\t(No symbol) [0x0x7ff612f620a3]\n\tGetHandleVerifier [0x0x7ff61343e26d+2926461]\n\tGetHandleVerifier [0x0x7ff613438993+2903715]\n\tGetHandleVerifier [0x0x7ff613456aed+3026941]\n\tGetHandleVerifier [0x0x7ff6131a16fe+187406]\n\tGetHandleVerifier [0x0x7ff6131a96ef+220159]\n\tGetHandleVerifier [0x0x7ff61318faf4+114692]\n\tGetHandleVerifier [0x0x7ff61318fca9+115129]\n\tGetHandleVerifier [0x0x7ff6131764d8+10728]\n\tBaseThreadInitThunk [0x0x7fff4faa7374+20]\n\tRtlUserThreadStart [0x0x7fff513dcc91+33]","statusTrace":"self = <test_system.test_role.TestRolePage object at 0x0000014AE31A4550>, login_to_role = <selenium.webdriver.chrome.webdriver.WebDriver (session=\"5185cd072ddc4594fdc50c291d7d4447\")>\n\n    @allure.story(\"点击查询成功\")\n    # @pytest.mark.run(order=1)\n    def test_role_clickselect(self, login_to_role):\n        driver = login_to_role  # WebDriver 实例\n        role = RolePage(driver)  # 用 driver 初始化 RolePage\n        name = \"1测试\"\n        # 点击查询\n        role.click_sel_button()\n        sleep(1)\n        # 定位名称输入框\n>       element_to_double_click = driver.find_element(\n            By.XPATH,\n            '(//div[@class=\"vxe-table--render-wrapper\"])[3]/div[1]/div[2]//tr[1]/td[4]',\n        )\n\nTests\\test_system\\test_role.py:481: \n_ _ _ _ _ _ _ _ _ _ _ _ _ _ _ _ _ _ _ _ _ _ _ _ _ _ _ _ _ _ _ _ _ _ _ _ _ _ _ _ _ _ _ _ _ _ _ _ _ _ _ _ _ _ _ _ _ _ _ _ _ _ _ _ _ _ _ _ _ _ _ _ _ _ _ _ _ _ _ _ _ _ _ _ _ _ _ _ _ _ _ _ _ _ _ _ _ _ _ _ _ _ _ _ _ _ _ _ _ _ _ _ _ _ _ _\nmyenv\\lib\\site-packages\\selenium\\webdriver\\remote\\webdriver.py:914: in find_element\n    return self.execute(Command.FIND_ELEMENT, {\"using\": by, \"value\": value})[\"value\"]\nmyenv\\lib\\site-packages\\selenium\\webdriver\\remote\\webdriver.py:447: in execute\n    self.error_handler.check_response(response)\n_ _ _ _ _ _ _ _ _ _ _ _ _ _ _ _ _ _ _ _ _ _ _ _ _ _ _ _ _ _ _ _ _ _ _ _ _ _ _ _ _ _ _ _ _ _ _ _ _ _ _ _ _ _ _ _ _ _ _ _ _ _ _ _ _ _ _ _ _ _ _ _ _ _ _ _ _ _ _ _ _ _ _ _ _ _ _ _ _ _ _ _ _ _ _ _ _ _ _ _ _ _ _ _ _ _ _ _ _ _ _ _ _ _ _ _\n\nself = <selenium.webdriver.remote.errorhandler.ErrorHandler object at 0x0000014AE332CB50>\nresponse = {'status': 404, 'value': '{\"value\":{\"error\":\"no such element\",\"message\":\"no such element: Unable to locate element: {\\...ff6131764d8+10728]\\\\n\\\\tBaseThreadInitThunk [0x0x7fff4faa7374+20]\\\\n\\\\tRtlUserThreadStart [0x0x7fff513dcc91+33]\\\\n\"}}'}\n\n    def check_response(self, response: Dict[str, Any]) -> None:\n        \"\"\"Checks that a JSON response from the WebDriver does not have an\n        error.\n    \n        :Args:\n         - response - The JSON response from the WebDriver server as a dictionary\n           object.\n    \n        :Raises: If the response contains an error message.\n        \"\"\"\n        status = response.get(\"status\", None)\n        if not status or status == ErrorCode.SUCCESS:\n            return\n        value = None\n        message = response.get(\"message\", \"\")\n        screen: str = response.get(\"screen\", \"\")\n        stacktrace = None\n        if isinstance(status, int):\n            value_json = response.get(\"value\", None)\n            if value_json and isinstance(value_json, str):\n                import json\n    \n                try:\n                    value = json.loads(value_json)\n                    if len(value) == 1:\n                        value = value[\"value\"]\n                    status = value.get(\"error\", None)\n                    if not status:\n                        status = value.get(\"status\", ErrorCode.UNKNOWN_ERROR)\n                        message = value.get(\"value\") or value.get(\"message\")\n                        if not isinstance(message, str):\n                            value = message\n                            message = message.get(\"message\")\n                    else:\n                        message = value.get(\"message\", None)\n                except ValueError:\n                    pass\n    \n        exception_class: Type[WebDriverException]\n        e = ErrorCode()\n        error_codes = [item for item in dir(e) if not item.startswith(\"__\")]\n        for error_code in error_codes:\n            error_info = getattr(ErrorCode, error_code)\n            if isinstance(error_info, list) and status in error_info:\n                exception_class = getattr(ExceptionMapping, error_code, WebDriverException)\n                break\n        else:\n            exception_class = WebDriverException\n    \n        if not value:\n            value = response[\"value\"]\n        if isinstance(value, str):\n            raise exception_class(value)\n        if message == \"\" and \"message\" in value:\n            message = value[\"message\"]\n    \n        screen = None  # type: ignore[assignment]\n        if \"screen\" in value:\n            screen = value[\"screen\"]\n    \n        stacktrace = None\n        st_value = value.get(\"stackTrace\") or value.get(\"stacktrace\")\n        if st_value:\n            if isinstance(st_value, str):\n                stacktrace = st_value.split(\"\\n\")\n            else:\n                stacktrace = []\n                try:\n                    for frame in st_value:\n                        line = frame.get(\"lineNumber\", \"\")\n                        file = frame.get(\"fileName\", \"<anonymous>\")\n                        if line:\n                            file = f\"{file}:{line}\"\n                        meth = frame.get(\"methodName\", \"<anonymous>\")\n                        if \"className\" in frame:\n                            meth = f\"{frame['className']}.{meth}\"\n                        msg = \"    at %s (%s)\"\n                        msg = msg % (meth, file)\n                        stacktrace.append(msg)\n                except TypeError:\n                    pass\n        if exception_class == UnexpectedAlertPresentException:\n            alert_text = None\n            if \"data\" in value:\n                alert_text = value[\"data\"].get(\"text\")\n            elif \"alert\" in value:\n                alert_text = value[\"alert\"].get(\"text\")\n            raise exception_class(message, screen, stacktrace, alert_text)  # type: ignore[call-arg]  # mypy is not smart enough here\n>       raise exception_class(message, screen, stacktrace)\nE       selenium.common.exceptions.NoSuchElementException: Message: no such element: Unable to locate element: {\"method\":\"xpath\",\"selector\":\"(//div[@class=\"vxe-table--render-wrapper\"])[3]/div[1]/div[2]//tr[1]/td[4]\"}\nE         (Session info: chrome=137.0.7151.69); For documentation on this error, please visit: https://www.selenium.dev/documentation/webdriver/troubleshooting/errors#no-such-element-exception\nE       Stacktrace:\nE       \tGetHandleVerifier [0x0x7ff613186f65+78965]\nE       \tGetHandleVerifier [0x0x7ff613186fc0+79056]\nE       \t(No symbol) [0x0x7ff612f19dda]\nE       \t(No symbol) [0x0x7ff612f702ea]\nE       \t(No symbol) [0x0x7ff612f7059c]\nE       \t(No symbol) [0x0x7ff612fc3f37]\nE       \t(No symbol) [0x0x7ff612f986af]\nE       \t(No symbol) [0x0x7ff612fc0dbe]\nE       \t(No symbol) [0x0x7ff612f98443]\nE       \t(No symbol) [0x0x7ff612f61311]\nE       \t(No symbol) [0x0x7ff612f620a3]\nE       \tGetHandleVerifier [0x0x7ff61343e26d+2926461]\nE       \tGetHandleVerifier [0x0x7ff613438993+2903715]\nE       \tGetHandleVerifier [0x0x7ff613456aed+3026941]\nE       \tGetHandleVerifier [0x0x7ff6131a16fe+187406]\nE       \tGetHandleVerifier [0x0x7ff6131a96ef+220159]\nE       \tGetHandleVerifier [0x0x7ff61318faf4+114692]\nE       \tGetHandleVerifier [0x0x7ff61318fca9+115129]\nE       \tGetHandleVerifier [0x0x7ff6131764d8+10728]\nE       \tBaseThreadInitThunk [0x0x7fff4faa7374+20]\nE       \tRtlUserThreadStart [0x0x7fff513dcc91+33]\n\nmyenv\\lib\\site-packages\\selenium\\webdriver\\remote\\errorhandler.py:232: NoSuchElementException","flaky":false,"newFailed":false,"newBroken":false,"newPassed":false,"retriesCount":0,"retriesStatusChange":false,"beforeStages":[{"name":"login_to_role","time":{"start":1760982608127,"stop":1760982627760,"duration":19633},"status":"passed","steps":[],"attachments":[],"parameters":[],"stepsCount":0,"attachmentStep":false,"hasContent":false,"attachmentsCount":0,"shouldDisplayMessage":false}],"testStage":{"status":"broken","statusMessage":"selenium.common.exceptions.NoSuchElementException: Message: no such element: Unable to locate element: {\"method\":\"xpath\",\"selector\":\"(//div[@class=\"vxe-table--render-wrapper\"])[3]/div[1]/div[2]//tr[1]/td[4]\"}\n  (Session info: chrome=137.0.7151.69); For documentation on this error, please visit: https://www.selenium.dev/documentation/webdriver/troubleshooting/errors#no-such-element-exception\nStacktrace:\n\tGetHandleVerifier [0x0x7ff613186f65+78965]\n\tGetHandleVerifier [0x0x7ff613186fc0+79056]\n\t(No symbol) [0x0x7ff612f19dda]\n\t(No symbol) [0x0x7ff612f702ea]\n\t(No symbol) [0x0x7ff612f7059c]\n\t(No symbol) [0x0x7ff612fc3f37]\n\t(No symbol) [0x0x7ff612f986af]\n\t(No symbol) [0x0x7ff612fc0dbe]\n\t(No symbol) [0x0x7ff612f98443]\n\t(No symbol) [0x0x7ff612f61311]\n\t(No symbol) [0x0x7ff612f620a3]\n\tGetHandleVerifier [0x0x7ff61343e26d+2926461]\n\tGetHandleVerifier [0x0x7ff613438993+2903715]\n\tGetHandleVerifier [0x0x7ff613456aed+3026941]\n\tGetHandleVerifier [0x0x7ff6131a16fe+187406]\n\tGetHandleVerifier [0x0x7ff6131a96ef+220159]\n\tGetHandleVerifier [0x0x7ff61318faf4+114692]\n\tGetHandleVerifier [0x0x7ff61318fca9+115129]\n\tGetHandleVerifier [0x0x7ff6131764d8+10728]\n\tBaseThreadInitThunk [0x0x7fff4faa7374+20]\n\tRtlUserThreadStart [0x0x7fff513dcc91+33]","statusTrace":"self = <test_system.test_role.TestRolePage object at 0x0000014AE31A4550>, login_to_role = <selenium.webdriver.chrome.webdriver.WebDriver (session=\"5185cd072ddc4594fdc50c291d7d4447\")>\n\n    @allure.story(\"点击查询成功\")\n    # @pytest.mark.run(order=1)\n    def test_role_clickselect(self, login_to_role):\n        driver = login_to_role  # WebDriver 实例\n        role = RolePage(driver)  # 用 driver 初始化 RolePage\n        name = \"1测试\"\n        # 点击查询\n        role.click_sel_button()\n        sleep(1)\n        # 定位名称输入框\n>       element_to_double_click = driver.find_element(\n            By.XPATH,\n            '(//div[@class=\"vxe-table--render-wrapper\"])[3]/div[1]/div[2]//tr[1]/td[4]',\n        )\n\nTests\\test_system\\test_role.py:481: \n_ _ _ _ _ _ _ _ _ _ _ _ _ _ _ _ _ _ _ _ _ _ _ _ _ _ _ _ _ _ _ _ _ _ _ _ _ _ _ _ _ _ _ _ _ _ _ _ _ _ _ _ _ _ _ _ _ _ _ _ _ _ _ _ _ _ _ _ _ _ _ _ _ _ _ _ _ _ _ _ _ _ _ _ _ _ _ _ _ _ _ _ _ _ _ _ _ _ _ _ _ _ _ _ _ _ _ _ _ _ _ _ _ _ _ _\nmyenv\\lib\\site-packages\\selenium\\webdriver\\remote\\webdriver.py:914: in find_element\n    return self.execute(Command.FIND_ELEMENT, {\"using\": by, \"value\": value})[\"value\"]\nmyenv\\lib\\site-packages\\selenium\\webdriver\\remote\\webdriver.py:447: in execute\n    self.error_handler.check_response(response)\n_ _ _ _ _ _ _ _ _ _ _ _ _ _ _ _ _ _ _ _ _ _ _ _ _ _ _ _ _ _ _ _ _ _ _ _ _ _ _ _ _ _ _ _ _ _ _ _ _ _ _ _ _ _ _ _ _ _ _ _ _ _ _ _ _ _ _ _ _ _ _ _ _ _ _ _ _ _ _ _ _ _ _ _ _ _ _ _ _ _ _ _ _ _ _ _ _ _ _ _ _ _ _ _ _ _ _ _ _ _ _ _ _ _ _ _\n\nself = <selenium.webdriver.remote.errorhandler.ErrorHandler object at 0x0000014AE332CB50>\nresponse = {'status': 404, 'value': '{\"value\":{\"error\":\"no such element\",\"message\":\"no such element: Unable to locate element: {\\...ff6131764d8+10728]\\\\n\\\\tBaseThreadInitThunk [0x0x7fff4faa7374+20]\\\\n\\\\tRtlUserThreadStart [0x0x7fff513dcc91+33]\\\\n\"}}'}\n\n    def check_response(self, response: Dict[str, Any]) -> None:\n        \"\"\"Checks that a JSON response from the WebDriver does not have an\n        error.\n    \n        :Args:\n         - response - The JSON response from the WebDriver server as a dictionary\n           object.\n    \n        :Raises: If the response contains an error message.\n        \"\"\"\n        status = response.get(\"status\", None)\n        if not status or status == ErrorCode.SUCCESS:\n            return\n        value = None\n        message = response.get(\"message\", \"\")\n        screen: str = response.get(\"screen\", \"\")\n        stacktrace = None\n        if isinstance(status, int):\n            value_json = response.get(\"value\", None)\n            if value_json and isinstance(value_json, str):\n                import json\n    \n                try:\n                    value = json.loads(value_json)\n                    if len(value) == 1:\n                        value = value[\"value\"]\n                    status = value.get(\"error\", None)\n                    if not status:\n                        status = value.get(\"status\", ErrorCode.UNKNOWN_ERROR)\n                        message = value.get(\"value\") or value.get(\"message\")\n                        if not isinstance(message, str):\n                            value = message\n                            message = message.get(\"message\")\n                    else:\n                        message = value.get(\"message\", None)\n                except ValueError:\n                    pass\n    \n        exception_class: Type[WebDriverException]\n        e = ErrorCode()\n        error_codes = [item for item in dir(e) if not item.startswith(\"__\")]\n        for error_code in error_codes:\n            error_info = getattr(ErrorCode, error_code)\n            if isinstance(error_info, list) and status in error_info:\n                exception_class = getattr(ExceptionMapping, error_code, WebDriverException)\n                break\n        else:\n            exception_class = WebDriverException\n    \n        if not value:\n            value = response[\"value\"]\n        if isinstance(value, str):\n            raise exception_class(value)\n        if message == \"\" and \"message\" in value:\n            message = value[\"message\"]\n    \n        screen = None  # type: ignore[assignment]\n        if \"screen\" in value:\n            screen = value[\"screen\"]\n    \n        stacktrace = None\n        st_value = value.get(\"stackTrace\") or value.get(\"stacktrace\")\n        if st_value:\n            if isinstance(st_value, str):\n                stacktrace = st_value.split(\"\\n\")\n            else:\n                stacktrace = []\n                try:\n                    for frame in st_value:\n                        line = frame.get(\"lineNumber\", \"\")\n                        file = frame.get(\"fileName\", \"<anonymous>\")\n                        if line:\n                            file = f\"{file}:{line}\"\n                        meth = frame.get(\"methodName\", \"<anonymous>\")\n                        if \"className\" in frame:\n                            meth = f\"{frame['className']}.{meth}\"\n                        msg = \"    at %s (%s)\"\n                        msg = msg % (meth, file)\n                        stacktrace.append(msg)\n                except TypeError:\n                    pass\n        if exception_class == UnexpectedAlertPresentException:\n            alert_text = None\n            if \"data\" in value:\n                alert_text = value[\"data\"].get(\"text\")\n            elif \"alert\" in value:\n                alert_text = value[\"alert\"].get(\"text\")\n            raise exception_class(message, screen, stacktrace, alert_text)  # type: ignore[call-arg]  # mypy is not smart enough here\n>       raise exception_class(message, screen, stacktrace)\nE       selenium.common.exceptions.NoSuchElementException: Message: no such element: Unable to locate element: {\"method\":\"xpath\",\"selector\":\"(//div[@class=\"vxe-table--render-wrapper\"])[3]/div[1]/div[2]//tr[1]/td[4]\"}\nE         (Session info: chrome=137.0.7151.69); For documentation on this error, please visit: https://www.selenium.dev/documentation/webdriver/troubleshooting/errors#no-such-element-exception\nE       Stacktrace:\nE       \tGetHandleVerifier [0x0x7ff613186f65+78965]\nE       \tGetHandleVerifier [0x0x7ff613186fc0+79056]\nE       \t(No symbol) [0x0x7ff612f19dda]\nE       \t(No symbol) [0x0x7ff612f702ea]\nE       \t(No symbol) [0x0x7ff612f7059c]\nE       \t(No symbol) [0x0x7ff612fc3f37]\nE       \t(No symbol) [0x0x7ff612f986af]\nE       \t(No symbol) [0x0x7ff612fc0dbe]\nE       \t(No symbol) [0x0x7ff612f98443]\nE       \t(No symbol) [0x0x7ff612f61311]\nE       \t(No symbol) [0x0x7ff612f620a3]\nE       \tGetHandleVerifier [0x0x7ff61343e26d+2926461]\nE       \tGetHandleVerifier [0x0x7ff613438993+2903715]\nE       \tGetHandleVerifier [0x0x7ff613456aed+3026941]\nE       \tGetHandleVerifier [0x0x7ff6131a16fe+187406]\nE       \tGetHandleVerifier [0x0x7ff6131a96ef+220159]\nE       \tGetHandleVerifier [0x0x7ff61318faf4+114692]\nE       \tGetHandleVerifier [0x0x7ff61318fca9+115129]\nE       \tGetHandleVerifier [0x0x7ff6131764d8+10728]\nE       \tBaseThreadInitThunk [0x0x7fff4faa7374+20]\nE       \tRtlUserThreadStart [0x0x7fff513dcc91+33]\n\nmyenv\\lib\\site-packages\\selenium\\webdriver\\remote\\errorhandler.py:232: NoSuchElementException","steps":[],"attachments":[{"uid":"1595ee57cd415a33","name":"test_role_clickselect_failure","source":"1595ee57cd415a33.png","type":"image/png","size":153190},{"uid":"5256acbe66d84fd9","name":"test_role_clickselect_source","source":"5256acbe66d84fd9.html","type":"text/html","size":1179028},{"uid":"739b258b40144464","name":"log","source":"739b258b40144464.txt","type":"text/plain","size":869}],"parameters":[],"stepsCount":0,"attachmentStep":false,"hasContent":true,"attachmentsCount":3,"shouldDisplayMessage":true},"afterStages":[{"name":"login_to_role::0","time":{"start":1760982634580,"stop":1760982637062,"duration":2482},"status":"passed","steps":[],"attachments":[],"parameters":[],"stepsCount":0,"attachmentStep":false,"hasContent":false,"attachmentsCount":0,"shouldDisplayMessage":false}],"labels":[{"name":"story","value":"点击查询成功"},{"name":"feature","value":"角色管理页用例"},{"name":"parentSuite","value":"Tests.test_system"},{"name":"suite","value":"test_role"},{"name":"subSuite","value":"TestRolePage"},{"name":"host","value":"WIN-20240820MJV"},{"name":"thread","value":"3232-MainThread"},{"name":"framework","value":"pytest"},{"name":"language","value":"cpython3"},{"name":"package","value":"Tests.test_system.test_role"},{"name":"resultFormat","value":"allure2"}],"parameters":[],"links":[],"hidden":false,"retry":false,"extra":{"severity":"normal","retries":[],"categories":[{"name":"Test defects","matchedStatuses":[]}],"tags":[]},"source":"127a5656d4e6daef.json","parameterValues":[]}