{"uid":"1309fcef77ac4341","name":"test_item_delsuccess2","fullName":"Tests.test_material.test_materialShortageDetails.TestItemPage#test_item_delsuccess2","historyId":"a366a6ee9188d6ad28142747495596f1","time":{"start":1754322098882,"stop":1754322109061,"duration":10179},"status":"broken","statusMessage":"selenium.common.exceptions.TimeoutException: Message: 点击失败，找不到元素：xpath = //tr[./td[2][.//span[text()=\"111\"]]]/td[2]","statusTrace":"self = <Pages.materialPage.warehouseLocation_page.WarehouseLocationPage object at 0x0000012C90AE3010>, by_or_element = 'xpath', value = '//tr[./td[2][.//span[text()=\"111\"]]]/td[2]'\nwait_time = 10\n\n    def click(self, by_or_element, value=None, wait_time=10):\n        if value is not None:\n            by = by_or_element\n            logging.info(f\"点击元素：By = {by}, Value = {value}\")\n            try:\n>               element = WebDriverWait(self.driver, wait_time).until(\n                    EC.element_to_be_clickable((by, value))\n                )\n\nPages\\base_page.py:45: \n_ _ _ _ _ _ _ _ _ _ _ _ _ _ _ _ _ _ _ _ _ _ _ _ _ _ _ _ _ _ _ _ _ _ _ _ _ _ _ _ _ _ _ _ _ _ _ _ _ _ _ _ _ _ _ _ _ _ _ _ _ _ _ _ _ _ _ _ _ _ _ _ _ _ _ _ _ _ _ _ _ _ _ _ _ _ _ _ _ _ _ _\n\nself = <selenium.webdriver.support.wait.WebDriverWait (session=\"467e5d9ffc6ef48135409a8c377b9db7\")>\nmethod = <function element_to_be_clickable.<locals>._predicate at 0x0000012C90B93BE0>, message = ''\n\n    def until(self, method: Callable[[D], Union[Literal[False], T]], message: str = \"\") -> T:\n        \"\"\"Wait until the method returns a value that is not False.\n    \n        Calls the method provided with the driver as an argument until the\n        return value does not evaluate to ``False``.\n    \n        Parameters:\n        -----------\n        method: callable(WebDriver)\n            - A callable object that takes a WebDriver instance as an argument.\n    \n        message: str\n            - Optional message for :exc:`TimeoutException`\n    \n        Return:\n        -------\n        object: T\n            - The result of the last call to `method`\n    \n        Raises:\n        -------\n        TimeoutException\n            - If 'method' does not return a truthy value within the WebDriverWait\n            object's timeout\n    \n        Example:\n        --------\n        >>> from selenium.webdriver.common.by import By\n        >>> from selenium.webdriver.support.ui import WebDriverWait\n        >>> from selenium.webdriver.support import expected_conditions as EC\n    \n        # Wait until an element is visible on the page\n        >>> wait = WebDriverWait(driver, 10)\n        >>> element = wait.until(EC.visibility_of_element_located((By.ID, \"exampleId\")))\n        >>> print(element.text)\n        \"\"\"\n        screen = None\n        stacktrace = None\n    \n        end_time = time.monotonic() + self._timeout\n        while True:\n            try:\n                value = method(self._driver)\n                if value:\n                    return value\n            except self._ignored_exceptions as exc:\n                screen = getattr(exc, \"screen\", None)\n                stacktrace = getattr(exc, \"stacktrace\", None)\n            if time.monotonic() > end_time:\n                break\n            time.sleep(self._poll)\n>       raise TimeoutException(message, screen, stacktrace)\nE       selenium.common.exceptions.TimeoutException: Message: \nE       Stacktrace:\nE       \tGetHandleVerifier [0x0x7ff6a7286f65+78965]\nE       \tGetHandleVerifier [0x0x7ff6a7286fc0+79056]\nE       \t(No symbol) [0x0x7ff6a7019dda]\nE       \t(No symbol) [0x0x7ff6a70702ea]\nE       \t(No symbol) [0x0x7ff6a707059c]\nE       \t(No symbol) [0x0x7ff6a70c3f37]\nE       \t(No symbol) [0x0x7ff6a70986af]\nE       \t(No symbol) [0x0x7ff6a70c0dbe]\nE       \t(No symbol) [0x0x7ff6a7098443]\nE       \t(No symbol) [0x0x7ff6a7061311]\nE       \t(No symbol) [0x0x7ff6a70620a3]\nE       \tGetHandleVerifier [0x0x7ff6a753e26d+2926461]\nE       \tGetHandleVerifier [0x0x7ff6a7538993+2903715]\nE       \tGetHandleVerifier [0x0x7ff6a7556aed+3026941]\nE       \tGetHandleVerifier [0x0x7ff6a72a16fe+187406]\nE       \tGetHandleVerifier [0x0x7ff6a72a96ef+220159]\nE       \tGetHandleVerifier [0x0x7ff6a728faf4+114692]\nE       \tGetHandleVerifier [0x0x7ff6a728fca9+115129]\nE       \tGetHandleVerifier [0x0x7ff6a72764d8+10728]\nE       \tBaseThreadInitThunk [0x0x7ff992b87374+20]\nE       \tRtlUserThreadStart [0x0x7ff99357cc91+33]\n\nmyenv\\lib\\site-packages\\selenium\\webdriver\\support\\wait.py:138: TimeoutException\n\nDuring handling of the above exception, another exception occurred:\n\nself = <test_material.test_materialShortageDetails.TestItemPage object at 0x0000012C8E48B940>\nlogin_to_item = <selenium.webdriver.chrome.webdriver.WebDriver (session=\"467e5d9ffc6ef48135409a8c377b9db7\")>\n\n    @allure.story(\"删除测试数据成功\")\n    # @pytest.mark.run(order=1)\n    def test_item_delsuccess2(self, login_to_item):\n    \n        # 定位内容为‘1测试A’的行\n>       self.item.click_button('//tr[./td[2][.//span[text()=\"111\"]]]/td[2]')\n\nTests\\test_material\\test_materialShortageDetails.py:332: \n_ _ _ _ _ _ _ _ _ _ _ _ _ _ _ _ _ _ _ _ _ _ _ _ _ _ _ _ _ _ _ _ _ _ _ _ _ _ _ _ _ _ _ _ _ _ _ _ _ _ _ _ _ _ _ _ _ _ _ _ _ _ _ _ _ _ _ _ _ _ _ _ _ _ _ _ _ _ _ _ _ _ _ _ _ _ _ _ _ _ _ _\nPages\\materialPage\\warehouseLocation_page.py:60: in click_button\n    self.click(By.XPATH, xpath)\n_ _ _ _ _ _ _ _ _ _ _ _ _ _ _ _ _ _ _ _ _ _ _ _ _ _ _ _ _ _ _ _ _ _ _ _ _ _ _ _ _ _ _ _ _ _ _ _ _ _ _ _ _ _ _ _ _ _ _ _ _ _ _ _ _ _ _ _ _ _ _ _ _ _ _ _ _ _ _ _ _ _ _ _ _ _ _ _ _ _ _ _\n\nself = <Pages.materialPage.warehouseLocation_page.WarehouseLocationPage object at 0x0000012C90AE3010>, by_or_element = 'xpath', value = '//tr[./td[2][.//span[text()=\"111\"]]]/td[2]'\nwait_time = 10\n\n    def click(self, by_or_element, value=None, wait_time=10):\n        if value is not None:\n            by = by_or_element\n            logging.info(f\"点击元素：By = {by}, Value = {value}\")\n            try:\n                element = WebDriverWait(self.driver, wait_time).until(\n                    EC.element_to_be_clickable((by, value))\n                )\n            except TimeoutException:\n                logging.warning(f\"❌ 点击超时：元素 {by} = {value} 未在 {wait_time} 秒内变为可点击\")\n>               raise TimeoutException(f\"点击失败，找不到元素：{by} = {value}\")\nE               selenium.common.exceptions.TimeoutException: Message: 点击失败，找不到元素：xpath = //tr[./td[2][.//span[text()=\"111\"]]]/td[2]\n\nPages\\base_page.py:50: TimeoutException","flaky":false,"newFailed":false,"newBroken":false,"newPassed":false,"retriesCount":0,"retriesStatusChange":false,"beforeStages":[{"name":"login_to_item","time":{"start":1754322091491,"stop":1754322098880,"duration":7389},"status":"passed","steps":[],"attachments":[],"parameters":[],"shouldDisplayMessage":false,"attachmentsCount":0,"attachmentStep":false,"hasContent":false,"stepsCount":0},{"name":"setup","time":{"start":1754322098880,"stop":1754322098882,"duration":2},"status":"passed","steps":[],"attachments":[],"parameters":[],"shouldDisplayMessage":false,"attachmentsCount":0,"attachmentStep":false,"hasContent":false,"stepsCount":0}],"testStage":{"status":"broken","statusMessage":"selenium.common.exceptions.TimeoutException: Message: 点击失败，找不到元素：xpath = //tr[./td[2][.//span[text()=\"111\"]]]/td[2]","statusTrace":"self = <Pages.materialPage.warehouseLocation_page.WarehouseLocationPage object at 0x0000012C90AE3010>, by_or_element = 'xpath', value = '//tr[./td[2][.//span[text()=\"111\"]]]/td[2]'\nwait_time = 10\n\n    def click(self, by_or_element, value=None, wait_time=10):\n        if value is not None:\n            by = by_or_element\n            logging.info(f\"点击元素：By = {by}, Value = {value}\")\n            try:\n>               element = WebDriverWait(self.driver, wait_time).until(\n                    EC.element_to_be_clickable((by, value))\n                )\n\nPages\\base_page.py:45: \n_ _ _ _ _ _ _ _ _ _ _ _ _ _ _ _ _ _ _ _ _ _ _ _ _ _ _ _ _ _ _ _ _ _ _ _ _ _ _ _ _ _ _ _ _ _ _ _ _ _ _ _ _ _ _ _ _ _ _ _ _ _ _ _ _ _ _ _ _ _ _ _ _ _ _ _ _ _ _ _ _ _ _ _ _ _ _ _ _ _ _ _\n\nself = <selenium.webdriver.support.wait.WebDriverWait (session=\"467e5d9ffc6ef48135409a8c377b9db7\")>\nmethod = <function element_to_be_clickable.<locals>._predicate at 0x0000012C90B93BE0>, message = ''\n\n    def until(self, method: Callable[[D], Union[Literal[False], T]], message: str = \"\") -> T:\n        \"\"\"Wait until the method returns a value that is not False.\n    \n        Calls the method provided with the driver as an argument until the\n        return value does not evaluate to ``False``.\n    \n        Parameters:\n        -----------\n        method: callable(WebDriver)\n            - A callable object that takes a WebDriver instance as an argument.\n    \n        message: str\n            - Optional message for :exc:`TimeoutException`\n    \n        Return:\n        -------\n        object: T\n            - The result of the last call to `method`\n    \n        Raises:\n        -------\n        TimeoutException\n            - If 'method' does not return a truthy value within the WebDriverWait\n            object's timeout\n    \n        Example:\n        --------\n        >>> from selenium.webdriver.common.by import By\n        >>> from selenium.webdriver.support.ui import WebDriverWait\n        >>> from selenium.webdriver.support import expected_conditions as EC\n    \n        # Wait until an element is visible on the page\n        >>> wait = WebDriverWait(driver, 10)\n        >>> element = wait.until(EC.visibility_of_element_located((By.ID, \"exampleId\")))\n        >>> print(element.text)\n        \"\"\"\n        screen = None\n        stacktrace = None\n    \n        end_time = time.monotonic() + self._timeout\n        while True:\n            try:\n                value = method(self._driver)\n                if value:\n                    return value\n            except self._ignored_exceptions as exc:\n                screen = getattr(exc, \"screen\", None)\n                stacktrace = getattr(exc, \"stacktrace\", None)\n            if time.monotonic() > end_time:\n                break\n            time.sleep(self._poll)\n>       raise TimeoutException(message, screen, stacktrace)\nE       selenium.common.exceptions.TimeoutException: Message: \nE       Stacktrace:\nE       \tGetHandleVerifier [0x0x7ff6a7286f65+78965]\nE       \tGetHandleVerifier [0x0x7ff6a7286fc0+79056]\nE       \t(No symbol) [0x0x7ff6a7019dda]\nE       \t(No symbol) [0x0x7ff6a70702ea]\nE       \t(No symbol) [0x0x7ff6a707059c]\nE       \t(No symbol) [0x0x7ff6a70c3f37]\nE       \t(No symbol) [0x0x7ff6a70986af]\nE       \t(No symbol) [0x0x7ff6a70c0dbe]\nE       \t(No symbol) [0x0x7ff6a7098443]\nE       \t(No symbol) [0x0x7ff6a7061311]\nE       \t(No symbol) [0x0x7ff6a70620a3]\nE       \tGetHandleVerifier [0x0x7ff6a753e26d+2926461]\nE       \tGetHandleVerifier [0x0x7ff6a7538993+2903715]\nE       \tGetHandleVerifier [0x0x7ff6a7556aed+3026941]\nE       \tGetHandleVerifier [0x0x7ff6a72a16fe+187406]\nE       \tGetHandleVerifier [0x0x7ff6a72a96ef+220159]\nE       \tGetHandleVerifier [0x0x7ff6a728faf4+114692]\nE       \tGetHandleVerifier [0x0x7ff6a728fca9+115129]\nE       \tGetHandleVerifier [0x0x7ff6a72764d8+10728]\nE       \tBaseThreadInitThunk [0x0x7ff992b87374+20]\nE       \tRtlUserThreadStart [0x0x7ff99357cc91+33]\n\nmyenv\\lib\\site-packages\\selenium\\webdriver\\support\\wait.py:138: TimeoutException\n\nDuring handling of the above exception, another exception occurred:\n\nself = <test_material.test_materialShortageDetails.TestItemPage object at 0x0000012C8E48B940>\nlogin_to_item = <selenium.webdriver.chrome.webdriver.WebDriver (session=\"467e5d9ffc6ef48135409a8c377b9db7\")>\n\n    @allure.story(\"删除测试数据成功\")\n    # @pytest.mark.run(order=1)\n    def test_item_delsuccess2(self, login_to_item):\n    \n        # 定位内容为‘1测试A’的行\n>       self.item.click_button('//tr[./td[2][.//span[text()=\"111\"]]]/td[2]')\n\nTests\\test_material\\test_materialShortageDetails.py:332: \n_ _ _ _ _ _ _ _ _ _ _ _ _ _ _ _ _ _ _ _ _ _ _ _ _ _ _ _ _ _ _ _ _ _ _ _ _ _ _ _ _ _ _ _ _ _ _ _ _ _ _ _ _ _ _ _ _ _ _ _ _ _ _ _ _ _ _ _ _ _ _ _ _ _ _ _ _ _ _ _ _ _ _ _ _ _ _ _ _ _ _ _\nPages\\materialPage\\warehouseLocation_page.py:60: in click_button\n    self.click(By.XPATH, xpath)\n_ _ _ _ _ _ _ _ _ _ _ _ _ _ _ _ _ _ _ _ _ _ _ _ _ _ _ _ _ _ _ _ _ _ _ _ _ _ _ _ _ _ _ _ _ _ _ _ _ _ _ _ _ _ _ _ _ _ _ _ _ _ _ _ _ _ _ _ _ _ _ _ _ _ _ _ _ _ _ _ _ _ _ _ _ _ _ _ _ _ _ _\n\nself = <Pages.materialPage.warehouseLocation_page.WarehouseLocationPage object at 0x0000012C90AE3010>, by_or_element = 'xpath', value = '//tr[./td[2][.//span[text()=\"111\"]]]/td[2]'\nwait_time = 10\n\n    def click(self, by_or_element, value=None, wait_time=10):\n        if value is not None:\n            by = by_or_element\n            logging.info(f\"点击元素：By = {by}, Value = {value}\")\n            try:\n                element = WebDriverWait(self.driver, wait_time).until(\n                    EC.element_to_be_clickable((by, value))\n                )\n            except TimeoutException:\n                logging.warning(f\"❌ 点击超时：元素 {by} = {value} 未在 {wait_time} 秒内变为可点击\")\n>               raise TimeoutException(f\"点击失败，找不到元素：{by} = {value}\")\nE               selenium.common.exceptions.TimeoutException: Message: 点击失败，找不到元素：xpath = //tr[./td[2][.//span[text()=\"111\"]]]/td[2]\n\nPages\\base_page.py:50: TimeoutException","steps":[],"attachments":[{"uid":"be4e4acdaf162b5f","name":"test_item_delsuccess2_failure","source":"be4e4acdaf162b5f.png","type":"image/png","size":153478},{"uid":"16d9999d5bf81f22","name":"test_item_delsuccess2_source","source":"16d9999d5bf81f22.html","type":"text/html","size":1267495},{"uid":"e57e33fbe520c04d","name":"log","source":"e57e33fbe520c04d.txt","type":"text/plain","size":2109}],"parameters":[],"shouldDisplayMessage":true,"attachmentsCount":3,"attachmentStep":false,"hasContent":true,"stepsCount":0},"afterStages":[{"name":"login_to_item::0","time":{"start":1754322109232,"stop":1754322111384,"duration":2152},"status":"passed","steps":[],"attachments":[],"parameters":[],"shouldDisplayMessage":false,"attachmentsCount":0,"attachmentStep":false,"hasContent":false,"stepsCount":0}],"labels":[{"name":"feature","value":"交付需求明细测试用例"},{"name":"story","value":"删除测试数据成功"},{"name":"parentSuite","value":"Tests.test_material"},{"name":"suite","value":"test_materialShortageDetails"},{"name":"subSuite","value":"TestItemPage"},{"name":"host","value":"WIN-20240820MJV"},{"name":"thread","value":"21416-MainThread"},{"name":"framework","value":"pytest"},{"name":"language","value":"cpython3"},{"name":"package","value":"Tests.test_material.test_materialShortageDetails"},{"name":"resultFormat","value":"allure2"}],"parameters":[],"links":[],"hidden":true,"retry":true,"extra":{"categories":[],"tags":[]},"source":"1309fcef77ac4341.json","parameterValues":[]}