{"uid":"14b3f04db84efb13","name":"test_affairs_process_select4","fullName":"Tests.test_system.test_affairs.TestAffairsPage#test_affairs_process_select4","historyId":"641c398b1f449b41e38498e3aa7e77bb","time":{"start":1760979887899,"stop":1760979901921,"duration":14022},"status":"broken","statusMessage":"selenium.common.exceptions.TimeoutException: Message:","statusTrace":"self = <test_system.test_affairs.TestAffairsPage object at 0x0000014AE36F6650>, login_to_affairs = <selenium.webdriver.chrome.webdriver.WebDriver (session=\"e55f2dc82b83b93a2c1176af6073fb2b\")>\n\n    @allure.story(\"我的流程-查询流程名称成功\")\n    # @pytest.mark.run(order=1)\n    def test_affairs_process_select4(self, login_to_affairs):\n        driver = login_to_affairs  # WebDriver 实例\n        affairs = AffairsPage(driver)  # 用 driver 初始化 AffairsPage\n        name = \"测试流程7\"\n        sleep(1)\n        affairs.click_process()\n        affairs.select_all(process=name)\n        # 获取表格中所有行\n>       rows = WebDriverWait(driver, 10).until(\n            EC.presence_of_all_elements_located(\n                (By.XPATH, '(//table[@class=\"el-table__body\"])[1]//tr')\n            )\n        )\n\nTests\\test_system\\test_affairs.py:984: \n_ _ _ _ _ _ _ _ _ _ _ _ _ _ _ _ _ _ _ _ _ _ _ _ _ _ _ _ _ _ _ _ _ _ _ _ _ _ _ _ _ _ _ _ _ _ _ _ _ _ _ _ _ _ _ _ _ _ _ _ _ _ _ _ _ _ _ _ _ _ _ _ _ _ _ _ _ _ _ _ _ _ _ _ _ _ _ _ _ _ _ _ _ _ _ _ _ _ _ _ _ _ _ _ _ _ _ _ _ _ _ _ _ _ _ _\n\nself = <selenium.webdriver.support.wait.WebDriverWait (session=\"e55f2dc82b83b93a2c1176af6073fb2b\")>, method = <function presence_of_all_elements_located.<locals>._predicate at 0x0000014AE4C1A680>, message = ''\n\n    def until(self, method: Callable[[D], Union[Literal[False], T]], message: str = \"\") -> T:\n        \"\"\"Wait until the method returns a value that is not False.\n    \n        Calls the method provided with the driver as an argument until the\n        return value does not evaluate to ``False``.\n    \n        Parameters:\n        -----------\n        method: callable(WebDriver)\n            - A callable object that takes a WebDriver instance as an argument.\n    \n        message: str\n            - Optional message for :exc:`TimeoutException`\n    \n        Return:\n        -------\n        object: T\n            - The result of the last call to `method`\n    \n        Raises:\n        -------\n        TimeoutException\n            - If 'method' does not return a truthy value within the WebDriverWait\n            object's timeout\n    \n        Example:\n        --------\n        >>> from selenium.webdriver.common.by import By\n        >>> from selenium.webdriver.support.ui import WebDriverWait\n        >>> from selenium.webdriver.support import expected_conditions as EC\n    \n        # Wait until an element is visible on the page\n        >>> wait = WebDriverWait(driver, 10)\n        >>> element = wait.until(EC.visibility_of_element_located((By.ID, \"exampleId\")))\n        >>> print(element.text)\n        \"\"\"\n        screen = None\n        stacktrace = None\n    \n        end_time = time.monotonic() + self._timeout\n        while True:\n            try:\n                value = method(self._driver)\n                if value:\n                    return value\n            except self._ignored_exceptions as exc:\n                screen = getattr(exc, \"screen\", None)\n                stacktrace = getattr(exc, \"stacktrace\", None)\n            if time.monotonic() > end_time:\n                break\n            time.sleep(self._poll)\n>       raise TimeoutException(message, screen, stacktrace)\nE       selenium.common.exceptions.TimeoutException: Message:\n\nmyenv\\lib\\site-packages\\selenium\\webdriver\\support\\wait.py:138: TimeoutException","flaky":false,"newFailed":false,"newBroken":false,"newPassed":false,"retriesCount":0,"retriesStatusChange":false,"beforeStages":[{"name":"login_to_affairs","time":{"start":1760979872254,"stop":1760979887897,"duration":15643},"status":"passed","steps":[],"attachments":[],"parameters":[],"stepsCount":0,"attachmentStep":false,"hasContent":false,"attachmentsCount":0,"shouldDisplayMessage":false}],"testStage":{"status":"broken","statusMessage":"selenium.common.exceptions.TimeoutException: Message:","statusTrace":"self = <test_system.test_affairs.TestAffairsPage object at 0x0000014AE36F6650>, login_to_affairs = <selenium.webdriver.chrome.webdriver.WebDriver (session=\"e55f2dc82b83b93a2c1176af6073fb2b\")>\n\n    @allure.story(\"我的流程-查询流程名称成功\")\n    # @pytest.mark.run(order=1)\n    def test_affairs_process_select4(self, login_to_affairs):\n        driver = login_to_affairs  # WebDriver 实例\n        affairs = AffairsPage(driver)  # 用 driver 初始化 AffairsPage\n        name = \"测试流程7\"\n        sleep(1)\n        affairs.click_process()\n        affairs.select_all(process=name)\n        # 获取表格中所有行\n>       rows = WebDriverWait(driver, 10).until(\n            EC.presence_of_all_elements_located(\n                (By.XPATH, '(//table[@class=\"el-table__body\"])[1]//tr')\n            )\n        )\n\nTests\\test_system\\test_affairs.py:984: \n_ _ _ _ _ _ _ _ _ _ _ _ _ _ _ _ _ _ _ _ _ _ _ _ _ _ _ _ _ _ _ _ _ _ _ _ _ _ _ _ _ _ _ _ _ _ _ _ _ _ _ _ _ _ _ _ _ _ _ _ _ _ _ _ _ _ _ _ _ _ _ _ _ _ _ _ _ _ _ _ _ _ _ _ _ _ _ _ _ _ _ _ _ _ _ _ _ _ _ _ _ _ _ _ _ _ _ _ _ _ _ _ _ _ _ _\n\nself = <selenium.webdriver.support.wait.WebDriverWait (session=\"e55f2dc82b83b93a2c1176af6073fb2b\")>, method = <function presence_of_all_elements_located.<locals>._predicate at 0x0000014AE4C1A680>, message = ''\n\n    def until(self, method: Callable[[D], Union[Literal[False], T]], message: str = \"\") -> T:\n        \"\"\"Wait until the method returns a value that is not False.\n    \n        Calls the method provided with the driver as an argument until the\n        return value does not evaluate to ``False``.\n    \n        Parameters:\n        -----------\n        method: callable(WebDriver)\n            - A callable object that takes a WebDriver instance as an argument.\n    \n        message: str\n            - Optional message for :exc:`TimeoutException`\n    \n        Return:\n        -------\n        object: T\n            - The result of the last call to `method`\n    \n        Raises:\n        -------\n        TimeoutException\n            - If 'method' does not return a truthy value within the WebDriverWait\n            object's timeout\n    \n        Example:\n        --------\n        >>> from selenium.webdriver.common.by import By\n        >>> from selenium.webdriver.support.ui import WebDriverWait\n        >>> from selenium.webdriver.support import expected_conditions as EC\n    \n        # Wait until an element is visible on the page\n        >>> wait = WebDriverWait(driver, 10)\n        >>> element = wait.until(EC.visibility_of_element_located((By.ID, \"exampleId\")))\n        >>> print(element.text)\n        \"\"\"\n        screen = None\n        stacktrace = None\n    \n        end_time = time.monotonic() + self._timeout\n        while True:\n            try:\n                value = method(self._driver)\n                if value:\n                    return value\n            except self._ignored_exceptions as exc:\n                screen = getattr(exc, \"screen\", None)\n                stacktrace = getattr(exc, \"stacktrace\", None)\n            if time.monotonic() > end_time:\n                break\n            time.sleep(self._poll)\n>       raise TimeoutException(message, screen, stacktrace)\nE       selenium.common.exceptions.TimeoutException: Message:\n\nmyenv\\lib\\site-packages\\selenium\\webdriver\\support\\wait.py:138: TimeoutException","steps":[],"attachments":[{"uid":"3ac96fd768f62d2e","name":"test_affairs_process_select4_failure","source":"3ac96fd768f62d2e.png","type":"image/png","size":52175},{"uid":"fc9a6b59d485b98","name":"test_affairs_process_select4_source","source":"fc9a6b59d485b98.html","type":"text/html","size":1123155},{"uid":"61cefd442926bfc8","name":"log","source":"61cefd442926bfc8.txt","type":"text/plain","size":981}],"parameters":[],"stepsCount":0,"attachmentStep":false,"hasContent":true,"attachmentsCount":3,"shouldDisplayMessage":true},"afterStages":[{"name":"login_to_affairs::0","time":{"start":1760979902579,"stop":1760979905046,"duration":2467},"status":"passed","steps":[],"attachments":[],"parameters":[],"stepsCount":0,"attachmentStep":false,"hasContent":false,"attachmentsCount":0,"shouldDisplayMessage":false}],"labels":[{"name":"feature","value":"事务管理页用例"},{"name":"story","value":"我的流程-查询流程名称成功"},{"name":"parentSuite","value":"Tests.test_system"},{"name":"suite","value":"test_affairs"},{"name":"subSuite","value":"TestAffairsPage"},{"name":"host","value":"WIN-20240820MJV"},{"name":"thread","value":"3232-MainThread"},{"name":"framework","value":"pytest"},{"name":"language","value":"cpython3"},{"name":"package","value":"Tests.test_system.test_affairs"},{"name":"resultFormat","value":"allure2"}],"parameters":[],"links":[],"hidden":false,"retry":false,"extra":{"severity":"normal","retries":[],"categories":[{"name":"Test defects","matchedStatuses":[]}],"tags":[]},"source":"14b3f04db84efb13.json","parameterValues":[]}