{"uid":"1879d94437ba4da5","name":"test_process_restart","fullName":"Tests.test_items.test_process.TestProcessPage#test_process_restart","historyId":"03ded50d0489fd65c080d6403aaf0b14","time":{"start":1758718119916,"stop":1758718125617,"duration":5701},"status":"broken","statusMessage":"selenium.common.exceptions.NoSuchElementException: Message: no such element: Unable to locate element: {\"method\":\"xpath\",\"selector\":\"//tr[./td[2][.//span[text()=\"11测试全部数据\"]]]\"}\n  (Session info: chrome=137.0.7151.69); For documentation on this error, please visit: https://www.selenium.dev/documentation/webdriver/troubleshooting/errors#no-such-element-exception\nStacktrace:\n\tGetHandleVerifier [0x0x7ff7ee406f65+78965]\n\tGetHandleVerifier [0x0x7ff7ee406fc0+79056]\n\t(No symbol) [0x0x7ff7ee199dda]\n\t(No symbol) [0x0x7ff7ee1f02ea]\n\t(No symbol) [0x0x7ff7ee1f059c]\n\t(No symbol) [0x0x7ff7ee243f37]\n\t(No symbol) [0x0x7ff7ee2186af]\n\t(No symbol) [0x0x7ff7ee240dbe]\n\t(No symbol) [0x0x7ff7ee218443]\n\t(No symbol) [0x0x7ff7ee1e1311]\n\t(No symbol) [0x0x7ff7ee1e20a3]\n\tGetHandleVerifier [0x0x7ff7ee6be26d+2926461]\n\tGetHandleVerifier [0x0x7ff7ee6b8993+2903715]\n\tGetHandleVerifier [0x0x7ff7ee6d6aed+3026941]\n\tGetHandleVerifier [0x0x7ff7ee4216fe+187406]\n\tGetHandleVerifier [0x0x7ff7ee4296ef+220159]\n\tGetHandleVerifier [0x0x7ff7ee40faf4+114692]\n\tGetHandleVerifier [0x0x7ff7ee40fca9+115129]\n\tGetHandleVerifier [0x0x7ff7ee3f64d8+10728]\n\tBaseThreadInitThunk [0x0x7ffcefb37374+20]\n\tRtlUserThreadStart [0x0x7ffcf06bcc91+33]","statusTrace":"self = <test_items.test_process.TestProcessPage object at 0x00000271F3649240>, login_to_process = <selenium.webdriver.chrome.webdriver.WebDriver (session=\"c6e10d2ed554e914f73adfdd543a0932\")>\n\n    @allure.story(\"重新打开浏览器，数据还存在\")\n    # @pytest.mark.run(order=1)\n    def test_process_restart(self, login_to_process):\n        driver = login_to_process  # WebDriver 实例\n        process = ProcessPage(driver)  # 用 driver 初始化 ProcessPage\n        code = '11测试全部数据'\n        process.enter_texts(\n            '//p[text()=\"工序代码\"]/ancestor::div[2]//input', code\n        )\n        # 缩放到最小（例如 70%）\n        driver.execute_script(\"document.body.style.zoom='0.7'\")\n        sleep(1)\n    \n        row_xpath = f'//tr[./td[2][.//span[text()=\"{code}\"]]]'\n        # 获取目标行\n>       target_row = driver.find_element(By.XPATH, row_xpath)\n\nTests\\test_items\\test_process.py:974: \n_ _ _ _ _ _ _ _ _ _ _ _ _ _ _ _ _ _ _ _ _ _ _ _ _ _ _ _ _ _ _ _ _ _ _ _ _ _ _ _ _ _ _ _ _ _ _ _ _ _ _ _ _ _ _ _ _ _ _ _ _ _ _ _ _ _ _ _ _ _ _ _ _ _ _ _ _ _ _ _ _ _ _ _ _ _ _ _ _ _ _ _ _ _ _ _ _ _ _ _ _ _ _ _ _ _ _ _ _ _ _ _ _ _ _ _\nmyenv\\lib\\site-packages\\selenium\\webdriver\\remote\\webdriver.py:914: in find_element\n    return self.execute(Command.FIND_ELEMENT, {\"using\": by, \"value\": value})[\"value\"]\nmyenv\\lib\\site-packages\\selenium\\webdriver\\remote\\webdriver.py:447: in execute\n    self.error_handler.check_response(response)\n_ _ _ _ _ _ _ _ _ _ _ _ _ _ _ _ _ _ _ _ _ _ _ _ _ _ _ _ _ _ _ _ _ _ _ _ _ _ _ _ _ _ _ _ _ _ _ _ _ _ _ _ _ _ _ _ _ _ _ _ _ _ _ _ _ _ _ _ _ _ _ _ _ _ _ _ _ _ _ _ _ _ _ _ _ _ _ _ _ _ _ _ _ _ _ _ _ _ _ _ _ _ _ _ _ _ _ _ _ _ _ _ _ _ _ _\n\nself = <selenium.webdriver.remote.errorhandler.ErrorHandler object at 0x00000271F36E1270>\nresponse = {'status': 404, 'value': '{\"value\":{\"error\":\"no such element\",\"message\":\"no such element: Unable to locate element: {\\...ff7ee3f64d8+10728]\\\\n\\\\tBaseThreadInitThunk [0x0x7ffcefb37374+20]\\\\n\\\\tRtlUserThreadStart [0x0x7ffcf06bcc91+33]\\\\n\"}}'}\n\n    def check_response(self, response: Dict[str, Any]) -> None:\n        \"\"\"Checks that a JSON response from the WebDriver does not have an\n        error.\n    \n        :Args:\n         - response - The JSON response from the WebDriver server as a dictionary\n           object.\n    \n        :Raises: If the response contains an error message.\n        \"\"\"\n        status = response.get(\"status\", None)\n        if not status or status == ErrorCode.SUCCESS:\n            return\n        value = None\n        message = response.get(\"message\", \"\")\n        screen: str = response.get(\"screen\", \"\")\n        stacktrace = None\n        if isinstance(status, int):\n            value_json = response.get(\"value\", None)\n            if value_json and isinstance(value_json, str):\n                import json\n    \n                try:\n                    value = json.loads(value_json)\n                    if len(value) == 1:\n                        value = value[\"value\"]\n                    status = value.get(\"error\", None)\n                    if not status:\n                        status = value.get(\"status\", ErrorCode.UNKNOWN_ERROR)\n                        message = value.get(\"value\") or value.get(\"message\")\n                        if not isinstance(message, str):\n                            value = message\n                            message = message.get(\"message\")\n                    else:\n                        message = value.get(\"message\", None)\n                except ValueError:\n                    pass\n    \n        exception_class: Type[WebDriverException]\n        e = ErrorCode()\n        error_codes = [item for item in dir(e) if not item.startswith(\"__\")]\n        for error_code in error_codes:\n            error_info = getattr(ErrorCode, error_code)\n            if isinstance(error_info, list) and status in error_info:\n                exception_class = getattr(ExceptionMapping, error_code, WebDriverException)\n                break\n        else:\n            exception_class = WebDriverException\n    \n        if not value:\n            value = response[\"value\"]\n        if isinstance(value, str):\n            raise exception_class(value)\n        if message == \"\" and \"message\" in value:\n            message = value[\"message\"]\n    \n        screen = None  # type: ignore[assignment]\n        if \"screen\" in value:\n            screen = value[\"screen\"]\n    \n        stacktrace = None\n        st_value = value.get(\"stackTrace\") or value.get(\"stacktrace\")\n        if st_value:\n            if isinstance(st_value, str):\n                stacktrace = st_value.split(\"\\n\")\n            else:\n                stacktrace = []\n                try:\n                    for frame in st_value:\n                        line = frame.get(\"lineNumber\", \"\")\n                        file = frame.get(\"fileName\", \"<anonymous>\")\n                        if line:\n                            file = f\"{file}:{line}\"\n                        meth = frame.get(\"methodName\", \"<anonymous>\")\n                        if \"className\" in frame:\n                            meth = f\"{frame['className']}.{meth}\"\n                        msg = \"    at %s (%s)\"\n                        msg = msg % (meth, file)\n                        stacktrace.append(msg)\n                except TypeError:\n                    pass\n        if exception_class == UnexpectedAlertPresentException:\n            alert_text = None\n            if \"data\" in value:\n                alert_text = value[\"data\"].get(\"text\")\n            elif \"alert\" in value:\n                alert_text = value[\"alert\"].get(\"text\")\n            raise exception_class(message, screen, stacktrace, alert_text)  # type: ignore[call-arg]  # mypy is not smart enough here\n>       raise exception_class(message, screen, stacktrace)\nE       selenium.common.exceptions.NoSuchElementException: Message: no such element: Unable to locate element: {\"method\":\"xpath\",\"selector\":\"//tr[./td[2][.//span[text()=\"11测试全部数据\"]]]\"}\nE         (Session info: chrome=137.0.7151.69); For documentation on this error, please visit: https://www.selenium.dev/documentation/webdriver/troubleshooting/errors#no-such-element-exception\nE       Stacktrace:\nE       \tGetHandleVerifier [0x0x7ff7ee406f65+78965]\nE       \tGetHandleVerifier [0x0x7ff7ee406fc0+79056]\nE       \t(No symbol) [0x0x7ff7ee199dda]\nE       \t(No symbol) [0x0x7ff7ee1f02ea]\nE       \t(No symbol) [0x0x7ff7ee1f059c]\nE       \t(No symbol) [0x0x7ff7ee243f37]\nE       \t(No symbol) [0x0x7ff7ee2186af]\nE       \t(No symbol) [0x0x7ff7ee240dbe]\nE       \t(No symbol) [0x0x7ff7ee218443]\nE       \t(No symbol) [0x0x7ff7ee1e1311]\nE       \t(No symbol) [0x0x7ff7ee1e20a3]\nE       \tGetHandleVerifier [0x0x7ff7ee6be26d+2926461]\nE       \tGetHandleVerifier [0x0x7ff7ee6b8993+2903715]\nE       \tGetHandleVerifier [0x0x7ff7ee6d6aed+3026941]\nE       \tGetHandleVerifier [0x0x7ff7ee4216fe+187406]\nE       \tGetHandleVerifier [0x0x7ff7ee4296ef+220159]\nE       \tGetHandleVerifier [0x0x7ff7ee40faf4+114692]\nE       \tGetHandleVerifier [0x0x7ff7ee40fca9+115129]\nE       \tGetHandleVerifier [0x0x7ff7ee3f64d8+10728]\nE       \tBaseThreadInitThunk [0x0x7ffcefb37374+20]\nE       \tRtlUserThreadStart [0x0x7ffcf06bcc91+33]\n\nmyenv\\lib\\site-packages\\selenium\\webdriver\\remote\\errorhandler.py:232: NoSuchElementException","flaky":false,"newFailed":false,"newBroken":false,"newPassed":false,"retriesCount":0,"retriesStatusChange":false,"beforeStages":[{"name":"login_to_process","time":{"start":1758718111480,"stop":1758718119915,"duration":8435},"status":"passed","steps":[],"attachments":[],"parameters":[],"hasContent":false,"attachmentStep":false,"stepsCount":0,"shouldDisplayMessage":false,"attachmentsCount":0}],"testStage":{"status":"broken","statusMessage":"selenium.common.exceptions.NoSuchElementException: Message: no such element: Unable to locate element: {\"method\":\"xpath\",\"selector\":\"//tr[./td[2][.//span[text()=\"11测试全部数据\"]]]\"}\n  (Session info: chrome=137.0.7151.69); For documentation on this error, please visit: https://www.selenium.dev/documentation/webdriver/troubleshooting/errors#no-such-element-exception\nStacktrace:\n\tGetHandleVerifier [0x0x7ff7ee406f65+78965]\n\tGetHandleVerifier [0x0x7ff7ee406fc0+79056]\n\t(No symbol) [0x0x7ff7ee199dda]\n\t(No symbol) [0x0x7ff7ee1f02ea]\n\t(No symbol) [0x0x7ff7ee1f059c]\n\t(No symbol) [0x0x7ff7ee243f37]\n\t(No symbol) [0x0x7ff7ee2186af]\n\t(No symbol) [0x0x7ff7ee240dbe]\n\t(No symbol) [0x0x7ff7ee218443]\n\t(No symbol) [0x0x7ff7ee1e1311]\n\t(No symbol) [0x0x7ff7ee1e20a3]\n\tGetHandleVerifier [0x0x7ff7ee6be26d+2926461]\n\tGetHandleVerifier [0x0x7ff7ee6b8993+2903715]\n\tGetHandleVerifier [0x0x7ff7ee6d6aed+3026941]\n\tGetHandleVerifier [0x0x7ff7ee4216fe+187406]\n\tGetHandleVerifier [0x0x7ff7ee4296ef+220159]\n\tGetHandleVerifier [0x0x7ff7ee40faf4+114692]\n\tGetHandleVerifier [0x0x7ff7ee40fca9+115129]\n\tGetHandleVerifier [0x0x7ff7ee3f64d8+10728]\n\tBaseThreadInitThunk [0x0x7ffcefb37374+20]\n\tRtlUserThreadStart [0x0x7ffcf06bcc91+33]","statusTrace":"self = <test_items.test_process.TestProcessPage object at 0x00000271F3649240>, login_to_process = <selenium.webdriver.chrome.webdriver.WebDriver (session=\"c6e10d2ed554e914f73adfdd543a0932\")>\n\n    @allure.story(\"重新打开浏览器，数据还存在\")\n    # @pytest.mark.run(order=1)\n    def test_process_restart(self, login_to_process):\n        driver = login_to_process  # WebDriver 实例\n        process = ProcessPage(driver)  # 用 driver 初始化 ProcessPage\n        code = '11测试全部数据'\n        process.enter_texts(\n            '//p[text()=\"工序代码\"]/ancestor::div[2]//input', code\n        )\n        # 缩放到最小（例如 70%）\n        driver.execute_script(\"document.body.style.zoom='0.7'\")\n        sleep(1)\n    \n        row_xpath = f'//tr[./td[2][.//span[text()=\"{code}\"]]]'\n        # 获取目标行\n>       target_row = driver.find_element(By.XPATH, row_xpath)\n\nTests\\test_items\\test_process.py:974: \n_ _ _ _ _ _ _ _ _ _ _ _ _ _ _ _ _ _ _ _ _ _ _ _ _ _ _ _ _ _ _ _ _ _ _ _ _ _ _ _ _ _ _ _ _ _ _ _ _ _ _ _ _ _ _ _ _ _ _ _ _ _ _ _ _ _ _ _ _ _ _ _ _ _ _ _ _ _ _ _ _ _ _ _ _ _ _ _ _ _ _ _ _ _ _ _ _ _ _ _ _ _ _ _ _ _ _ _ _ _ _ _ _ _ _ _\nmyenv\\lib\\site-packages\\selenium\\webdriver\\remote\\webdriver.py:914: in find_element\n    return self.execute(Command.FIND_ELEMENT, {\"using\": by, \"value\": value})[\"value\"]\nmyenv\\lib\\site-packages\\selenium\\webdriver\\remote\\webdriver.py:447: in execute\n    self.error_handler.check_response(response)\n_ _ _ _ _ _ _ _ _ _ _ _ _ _ _ _ _ _ _ _ _ _ _ _ _ _ _ _ _ _ _ _ _ _ _ _ _ _ _ _ _ _ _ _ _ _ _ _ _ _ _ _ _ _ _ _ _ _ _ _ _ _ _ _ _ _ _ _ _ _ _ _ _ _ _ _ _ _ _ _ _ _ _ _ _ _ _ _ _ _ _ _ _ _ _ _ _ _ _ _ _ _ _ _ _ _ _ _ _ _ _ _ _ _ _ _\n\nself = <selenium.webdriver.remote.errorhandler.ErrorHandler object at 0x00000271F36E1270>\nresponse = {'status': 404, 'value': '{\"value\":{\"error\":\"no such element\",\"message\":\"no such element: Unable to locate element: {\\...ff7ee3f64d8+10728]\\\\n\\\\tBaseThreadInitThunk [0x0x7ffcefb37374+20]\\\\n\\\\tRtlUserThreadStart [0x0x7ffcf06bcc91+33]\\\\n\"}}'}\n\n    def check_response(self, response: Dict[str, Any]) -> None:\n        \"\"\"Checks that a JSON response from the WebDriver does not have an\n        error.\n    \n        :Args:\n         - response - The JSON response from the WebDriver server as a dictionary\n           object.\n    \n        :Raises: If the response contains an error message.\n        \"\"\"\n        status = response.get(\"status\", None)\n        if not status or status == ErrorCode.SUCCESS:\n            return\n        value = None\n        message = response.get(\"message\", \"\")\n        screen: str = response.get(\"screen\", \"\")\n        stacktrace = None\n        if isinstance(status, int):\n            value_json = response.get(\"value\", None)\n            if value_json and isinstance(value_json, str):\n                import json\n    \n                try:\n                    value = json.loads(value_json)\n                    if len(value) == 1:\n                        value = value[\"value\"]\n                    status = value.get(\"error\", None)\n                    if not status:\n                        status = value.get(\"status\", ErrorCode.UNKNOWN_ERROR)\n                        message = value.get(\"value\") or value.get(\"message\")\n                        if not isinstance(message, str):\n                            value = message\n                            message = message.get(\"message\")\n                    else:\n                        message = value.get(\"message\", None)\n                except ValueError:\n                    pass\n    \n        exception_class: Type[WebDriverException]\n        e = ErrorCode()\n        error_codes = [item for item in dir(e) if not item.startswith(\"__\")]\n        for error_code in error_codes:\n            error_info = getattr(ErrorCode, error_code)\n            if isinstance(error_info, list) and status in error_info:\n                exception_class = getattr(ExceptionMapping, error_code, WebDriverException)\n                break\n        else:\n            exception_class = WebDriverException\n    \n        if not value:\n            value = response[\"value\"]\n        if isinstance(value, str):\n            raise exception_class(value)\n        if message == \"\" and \"message\" in value:\n            message = value[\"message\"]\n    \n        screen = None  # type: ignore[assignment]\n        if \"screen\" in value:\n            screen = value[\"screen\"]\n    \n        stacktrace = None\n        st_value = value.get(\"stackTrace\") or value.get(\"stacktrace\")\n        if st_value:\n            if isinstance(st_value, str):\n                stacktrace = st_value.split(\"\\n\")\n            else:\n                stacktrace = []\n                try:\n                    for frame in st_value:\n                        line = frame.get(\"lineNumber\", \"\")\n                        file = frame.get(\"fileName\", \"<anonymous>\")\n                        if line:\n                            file = f\"{file}:{line}\"\n                        meth = frame.get(\"methodName\", \"<anonymous>\")\n                        if \"className\" in frame:\n                            meth = f\"{frame['className']}.{meth}\"\n                        msg = \"    at %s (%s)\"\n                        msg = msg % (meth, file)\n                        stacktrace.append(msg)\n                except TypeError:\n                    pass\n        if exception_class == UnexpectedAlertPresentException:\n            alert_text = None\n            if \"data\" in value:\n                alert_text = value[\"data\"].get(\"text\")\n            elif \"alert\" in value:\n                alert_text = value[\"alert\"].get(\"text\")\n            raise exception_class(message, screen, stacktrace, alert_text)  # type: ignore[call-arg]  # mypy is not smart enough here\n>       raise exception_class(message, screen, stacktrace)\nE       selenium.common.exceptions.NoSuchElementException: Message: no such element: Unable to locate element: {\"method\":\"xpath\",\"selector\":\"//tr[./td[2][.//span[text()=\"11测试全部数据\"]]]\"}\nE         (Session info: chrome=137.0.7151.69); For documentation on this error, please visit: https://www.selenium.dev/documentation/webdriver/troubleshooting/errors#no-such-element-exception\nE       Stacktrace:\nE       \tGetHandleVerifier [0x0x7ff7ee406f65+78965]\nE       \tGetHandleVerifier [0x0x7ff7ee406fc0+79056]\nE       \t(No symbol) [0x0x7ff7ee199dda]\nE       \t(No symbol) [0x0x7ff7ee1f02ea]\nE       \t(No symbol) [0x0x7ff7ee1f059c]\nE       \t(No symbol) [0x0x7ff7ee243f37]\nE       \t(No symbol) [0x0x7ff7ee2186af]\nE       \t(No symbol) [0x0x7ff7ee240dbe]\nE       \t(No symbol) [0x0x7ff7ee218443]\nE       \t(No symbol) [0x0x7ff7ee1e1311]\nE       \t(No symbol) [0x0x7ff7ee1e20a3]\nE       \tGetHandleVerifier [0x0x7ff7ee6be26d+2926461]\nE       \tGetHandleVerifier [0x0x7ff7ee6b8993+2903715]\nE       \tGetHandleVerifier [0x0x7ff7ee6d6aed+3026941]\nE       \tGetHandleVerifier [0x0x7ff7ee4216fe+187406]\nE       \tGetHandleVerifier [0x0x7ff7ee4296ef+220159]\nE       \tGetHandleVerifier [0x0x7ff7ee40faf4+114692]\nE       \tGetHandleVerifier [0x0x7ff7ee40fca9+115129]\nE       \tGetHandleVerifier [0x0x7ff7ee3f64d8+10728]\nE       \tBaseThreadInitThunk [0x0x7ffcefb37374+20]\nE       \tRtlUserThreadStart [0x0x7ffcf06bcc91+33]\n\nmyenv\\lib\\site-packages\\selenium\\webdriver\\remote\\errorhandler.py:232: NoSuchElementException","steps":[],"attachments":[{"uid":"a6a1e747d277a0a","name":"test_process_restart_failure","source":"a6a1e747d277a0a.png","type":"image/png","size":57135},{"uid":"79be65a96b72cbbc","name":"test_process_restart_source","source":"79be65a96b72cbbc.html","type":"text/html","size":1214334},{"uid":"e6055bac143a800c","name":"log","source":"e6055bac143a800c.txt","type":"text/plain","size":774}],"parameters":[],"hasContent":true,"attachmentStep":false,"stepsCount":0,"shouldDisplayMessage":true,"attachmentsCount":3},"afterStages":[{"name":"login_to_process::0","time":{"start":1758718125811,"stop":1758718127963,"duration":2152},"status":"passed","steps":[],"attachments":[],"parameters":[],"hasContent":false,"attachmentStep":false,"stepsCount":0,"shouldDisplayMessage":false,"attachmentsCount":0}],"labels":[{"name":"story","value":"重新打开浏览器，数据还存在"},{"name":"feature","value":"工序表测试用例"},{"name":"parentSuite","value":"Tests.test_items"},{"name":"suite","value":"test_process"},{"name":"subSuite","value":"TestProcessPage"},{"name":"host","value":"WIN-20240820MJV"},{"name":"thread","value":"15904-MainThread"},{"name":"framework","value":"pytest"},{"name":"language","value":"cpython3"},{"name":"package","value":"Tests.test_items.test_process"},{"name":"resultFormat","value":"allure2"}],"parameters":[],"links":[],"hidden":false,"retry":false,"extra":{"severity":"normal","retries":[],"categories":[{"name":"Test defects","matchedStatuses":[]}],"tags":[]},"source":"1879d94437ba4da5.json","parameterValues":[]}