{"uid":"1db19645eca2a22b","name":"test_affairs_log_sel2","fullName":"Tests.test_system.test_affairs.TestAffairsPage#test_affairs_log_sel2","historyId":"5ff216c773eb8cc05e55221fa518b63d","time":{"start":1761068883143,"stop":1761068915819,"duration":32676},"status":"failed","statusMessage":"AssertionError: assert False\n +  where False = all(<generator object TestAffairsPage.test_affairs_log_sel2.<locals>.<genexpr> at 0x00000173A74B2420>)","statusTrace":"self = <test_system.test_affairs.TestAffairsPage object at 0x00000173A66D0B50>, login_to_affairs = <selenium.webdriver.chrome.webdriver.WebDriver (session=\"0102e511778794c317f97838f52b2390\")>\n\n    @allure.story(\"流程日志-执行执行状态执行成功搜索成功\")\n    def test_affairs_log_sel2(self, login_to_affairs):\n        driver = login_to_affairs  # WebDriver 实例\n        affairs = AffairsPage(driver)  # 用 driver 初始化 AffairsPage\n        ptype = \"执行成功\"\n        num = 1000\n        affairs.click_process_log()\n        affairs.click_paging(num)\n        sleep(1)\n        affairs.sel_log_all(ptype=ptype)\n        list_ = []\n        cells = driver.find_elements(By.XPATH, '(//table[@class=\"el-table__body\"])[2]//tr/td[1]')\n        for cell in cells:\n            list_.append(cell.text)\n>       assert all(ptype == t for t in list_)\nE       assert False\nE        +  where False = all(<generator object TestAffairsPage.test_affairs_log_sel2.<locals>.<genexpr> at 0x00000173A74B2420>)\n\nTests\\test_system\\test_affairs.py:1295: AssertionError","flaky":false,"newFailed":false,"newBroken":false,"newPassed":false,"retriesCount":1,"retriesStatusChange":false,"beforeStages":[{"name":"login_to_affairs","time":{"start":1761068868096,"stop":1761068883141,"duration":15045},"status":"passed","steps":[],"attachments":[],"parameters":[],"attachmentsCount":0,"shouldDisplayMessage":false,"stepsCount":0,"hasContent":false,"attachmentStep":false}],"testStage":{"status":"failed","statusMessage":"AssertionError: assert False\n +  where False = all(<generator object TestAffairsPage.test_affairs_log_sel2.<locals>.<genexpr> at 0x00000173A74B2420>)","statusTrace":"self = <test_system.test_affairs.TestAffairsPage object at 0x00000173A66D0B50>, login_to_affairs = <selenium.webdriver.chrome.webdriver.WebDriver (session=\"0102e511778794c317f97838f52b2390\")>\n\n    @allure.story(\"流程日志-执行执行状态执行成功搜索成功\")\n    def test_affairs_log_sel2(self, login_to_affairs):\n        driver = login_to_affairs  # WebDriver 实例\n        affairs = AffairsPage(driver)  # 用 driver 初始化 AffairsPage\n        ptype = \"执行成功\"\n        num = 1000\n        affairs.click_process_log()\n        affairs.click_paging(num)\n        sleep(1)\n        affairs.sel_log_all(ptype=ptype)\n        list_ = []\n        cells = driver.find_elements(By.XPATH, '(//table[@class=\"el-table__body\"])[2]//tr/td[1]')\n        for cell in cells:\n            list_.append(cell.text)\n>       assert all(ptype == t for t in list_)\nE       assert False\nE        +  where False = all(<generator object TestAffairsPage.test_affairs_log_sel2.<locals>.<genexpr> at 0x00000173A74B2420>)\n\nTests\\test_system\\test_affairs.py:1295: AssertionError","steps":[],"attachments":[{"uid":"1cf40484bd7aed6e","name":"test_affairs_log_sel2_failure","source":"1cf40484bd7aed6e.png","type":"image/png","size":130389},{"uid":"5090ef4f095ae2d1","name":"test_affairs_log_sel2_source","source":"5090ef4f095ae2d1.html","type":"text/html","size":2200763},{"uid":"a7985a53ef47a55f","name":"log","source":"a7985a53ef47a55f.txt","type":"text/plain","size":2981}],"parameters":[],"attachmentsCount":3,"shouldDisplayMessage":true,"stepsCount":0,"hasContent":true,"attachmentStep":false},"afterStages":[{"name":"login_to_affairs::0","time":{"start":1761068916644,"stop":1761068919055,"duration":2411},"status":"passed","steps":[],"attachments":[],"parameters":[],"attachmentsCount":0,"shouldDisplayMessage":false,"stepsCount":0,"hasContent":false,"attachmentStep":false}],"labels":[{"name":"feature","value":"事务管理页用例"},{"name":"story","value":"流程日志-执行执行状态执行成功搜索成功"},{"name":"parentSuite","value":"Tests.test_system"},{"name":"suite","value":"test_affairs"},{"name":"subSuite","value":"TestAffairsPage"},{"name":"host","value":"WIN-20240820MJV"},{"name":"thread","value":"14388-MainThread"},{"name":"framework","value":"pytest"},{"name":"language","value":"cpython3"},{"name":"package","value":"Tests.test_system.test_affairs"},{"name":"resultFormat","value":"allure2"}],"parameters":[],"links":[],"hidden":false,"retry":false,"extra":{"severity":"normal","retries":[{"uid":"61c573a9a6032647","status":"failed","statusDetails":"AssertionError: assert False\n +  where False = all(<generator object TestAffairsPage.test_affairs_log_sel2.<locals>.<genexpr> at 0x00000173A74B1EE0>)","time":{"start":1761068833121,"stop":1761068864801,"duration":31680}}],"categories":[{"name":"Product defects","matchedStatuses":[]}],"tags":[]},"source":"1db19645eca2a22b.json","parameterValues":[]}