{"uid":"214a9e4bf57dae4c","name":"test_apps_selectnamesuccess","fullName":"Tests.test_system.test_apps.TestSAppsPage#test_apps_selectnamesuccess","historyId":"416ac374d52f4a927616d49ee6c4dd79","time":{"start":1761256192735,"stop":1761256208282,"duration":15547},"status":"failed","statusMessage":"AssertionError: assert False\n +  where False = all(<generator object TestSAppsPage.test_apps_selectnamesuccess.<locals>.<genexpr> at 0x000001FC1AEF3D10>)","statusTrace":"self = <test_system.test_apps.TestSAppsPage object at 0x000001FC193E2320>, login_to_apps = <selenium.webdriver.chrome.webdriver.WebDriver (session=\"d5302ab7a9b718b8b24210490806394e\")>\n\n    @allure.story(\"查询应用名称包含计划成功\")\n    # @pytest.mark.run(order=1)\n    def test_apps_selectnamesuccess(self, login_to_apps):\n        driver = login_to_apps  # WebDriver 实例\n        apps = AppsPage(driver)  # 用 driver 初始化 ExpressionPage\n    \n        name = \"计划\"\n        # 点击查询\n        apps.click_all_button(\"查询\")\n        sleep(1)\n        # 定位名称输入框\n        element_to_double_click = driver.find_element(\n            By.XPATH,\n            '(//div[@class=\"vxe-table--render-wrapper\"])[3]/div[1]/div[2]//tr[1]/td[4]',\n        )\n        # 创建一个 ActionChains 对象\n        actions = ActionChains(driver)\n        # 双击命令\n        actions.double_click(element_to_double_click).perform()\n        sleep(1)\n        # 点击物料名称\n        apps.click_button('//div[text()=\"应用名称\" and contains(@optid,\"opt_\")]')\n        sleep(1)\n        # 点击比较关系框\n        apps.click_button(\n            '(//div[@class=\"vxe-table--render-wrapper\"])[3]/div[1]/div[2]//tr[1]/td[5]//input'\n        )\n        sleep(1)\n        # 点击=\n        apps.click_button('//div[text()=\"包含\" and contains(@optid,\"opt_\")]')\n        sleep(1)\n        # 点击输入数值\n        apps.enter_texts(\n            '(//div[@class=\"vxe-table--render-wrapper\"])[3]/div[1]/div[2]//tr[1]/td[6]//input',\n            name,\n        )\n        sleep(1)\n    \n        # 点击确认\n        apps.click_button(\n            '(//div[@class=\"demo-drawer-footer\"])[3]/button[2]'\n        )\n        sleep(2)\n        eles = apps.loop_judgment('(//table[@class=\"vxe-table--body\"])[2]//tr/td[3]')\n        assert len(eles) > 0\n>       assert all(name in ele for ele in eles)\nE       assert False\nE        +  where False = all(<generator object TestSAppsPage.test_apps_selectnamesuccess.<locals>.<genexpr> at 0x000001FC1AEF3D10>)\n\nTests\\test_system\\test_apps.py:486: AssertionError","flaky":false,"newFailed":false,"newBroken":false,"newPassed":false,"retriesCount":0,"retriesStatusChange":false,"beforeStages":[{"name":"login_to_apps","time":{"start":1761256174955,"stop":1761256192732,"duration":17777},"status":"passed","steps":[],"attachments":[],"parameters":[],"hasContent":false,"stepsCount":0,"attachmentStep":false,"attachmentsCount":0,"shouldDisplayMessage":false}],"testStage":{"status":"failed","statusMessage":"AssertionError: assert False\n +  where False = all(<generator object TestSAppsPage.test_apps_selectnamesuccess.<locals>.<genexpr> at 0x000001FC1AEF3D10>)","statusTrace":"self = <test_system.test_apps.TestSAppsPage object at 0x000001FC193E2320>, login_to_apps = <selenium.webdriver.chrome.webdriver.WebDriver (session=\"d5302ab7a9b718b8b24210490806394e\")>\n\n    @allure.story(\"查询应用名称包含计划成功\")\n    # @pytest.mark.run(order=1)\n    def test_apps_selectnamesuccess(self, login_to_apps):\n        driver = login_to_apps  # WebDriver 实例\n        apps = AppsPage(driver)  # 用 driver 初始化 ExpressionPage\n    \n        name = \"计划\"\n        # 点击查询\n        apps.click_all_button(\"查询\")\n        sleep(1)\n        # 定位名称输入框\n        element_to_double_click = driver.find_element(\n            By.XPATH,\n            '(//div[@class=\"vxe-table--render-wrapper\"])[3]/div[1]/div[2]//tr[1]/td[4]',\n        )\n        # 创建一个 ActionChains 对象\n        actions = ActionChains(driver)\n        # 双击命令\n        actions.double_click(element_to_double_click).perform()\n        sleep(1)\n        # 点击物料名称\n        apps.click_button('//div[text()=\"应用名称\" and contains(@optid,\"opt_\")]')\n        sleep(1)\n        # 点击比较关系框\n        apps.click_button(\n            '(//div[@class=\"vxe-table--render-wrapper\"])[3]/div[1]/div[2]//tr[1]/td[5]//input'\n        )\n        sleep(1)\n        # 点击=\n        apps.click_button('//div[text()=\"包含\" and contains(@optid,\"opt_\")]')\n        sleep(1)\n        # 点击输入数值\n        apps.enter_texts(\n            '(//div[@class=\"vxe-table--render-wrapper\"])[3]/div[1]/div[2]//tr[1]/td[6]//input',\n            name,\n        )\n        sleep(1)\n    \n        # 点击确认\n        apps.click_button(\n            '(//div[@class=\"demo-drawer-footer\"])[3]/button[2]'\n        )\n        sleep(2)\n        eles = apps.loop_judgment('(//table[@class=\"vxe-table--body\"])[2]//tr/td[3]')\n        assert len(eles) > 0\n>       assert all(name in ele for ele in eles)\nE       assert False\nE        +  where False = all(<generator object TestSAppsPage.test_apps_selectnamesuccess.<locals>.<genexpr> at 0x000001FC1AEF3D10>)\n\nTests\\test_system\\test_apps.py:486: AssertionError","steps":[],"attachments":[{"uid":"7229e89eaf9a7f2c","name":"test_apps_selectnamesuccess_failure","source":"7229e89eaf9a7f2c.png","type":"image/png","size":167802},{"uid":"c2fd8103397a77dd","name":"test_apps_selectnamesuccess_source","source":"c2fd8103397a77dd.html","type":"text/html","size":1400411},{"uid":"4304feb0836229b5","name":"log","source":"4304feb0836229b5.txt","type":"text/plain","size":1611}],"parameters":[],"hasContent":true,"stepsCount":0,"attachmentStep":false,"attachmentsCount":3,"shouldDisplayMessage":true},"afterStages":[{"name":"login_to_apps::0","time":{"start":1761256209029,"stop":1761256211596,"duration":2567},"status":"passed","steps":[],"attachments":[],"parameters":[],"hasContent":false,"stepsCount":0,"attachmentStep":false,"attachmentsCount":0,"shouldDisplayMessage":false}],"labels":[{"name":"story","value":"查询应用名称包含计划成功"},{"name":"feature","value":"应用管理页用例"},{"name":"parentSuite","value":"Tests.test_system"},{"name":"suite","value":"test_apps"},{"name":"subSuite","value":"TestSAppsPage"},{"name":"host","value":"WIN-20240820MJV"},{"name":"thread","value":"21764-MainThread"},{"name":"framework","value":"pytest"},{"name":"language","value":"cpython3"},{"name":"package","value":"Tests.test_system.test_apps"},{"name":"resultFormat","value":"allure2"}],"parameters":[],"links":[],"hidden":true,"retry":true,"extra":{"categories":[],"tags":[]},"source":"214a9e4bf57dae4c.json","parameterValues":[]}