{"uid":"250dd79cc18af9e0","name":"test_item_addcodefail","fullName":"Tests.test_material.test_unpickedMaterialDetails.TestItemPage#test_item_addcodefail","historyId":"6237d0496e5374a46ff59fde2c2b2cc0","time":{"start":1754933720121,"stop":1754933734434,"duration":14313},"status":"broken","statusMessage":"selenium.common.exceptions.NoSuchElementException: Message: 元素未找到（XPath列表第2个）: //div[@id='l7p1eln5-w34j']//input; For documentation on this error, please visit: https://www.selenium.dev/documentation/webdriver/troubleshooting/errors#no-such-element-exception","statusTrace":"self = <Pages.materialPage.warehouseLocation_page.WarehouseLocationPage object at 0x000001C1DF697E20>\nxpath_list = [\"//div[@id='ywz9q11i-sp3b']//input\", \"//div[@id='l7p1eln5-w34j']//input\"], color_value = 'rgb(255, 0, 0)'\n\n    def add_none(self, xpath_list=[], color_value=\"\"):\n        \"\"\"新增弹窗(有必填项)不填写信息，不允许提交公共方法.\"\"\"\n        for index, xpath in enumerate(xpath_list, 1):\n            try:\n>               element = self.get_find_element_xpath(xpath)\n\nPages\\materialPage\\warehouseLocation_page.py:238: \n_ _ _ _ _ _ _ _ _ _ _ _ _ _ _ _ _ _ _ _ _ _ _ _ _ _ _ _ _ _ _ _ _ _ _ _ _ _ _ _ _ _ _ _ _ _ _ _ _ _ _ _ _ _ _ _ _ _ _ _ _ _ _ _ _ _ _ _ _ _ _ _ _ _ _ _ _ _ _ _ _ _ _ _ _ _ _ _ _ _ _ _\nPages\\materialPage\\warehouseLocation_page.py:202: in get_find_element_xpath\n    return self.find_element(By.XPATH, xpath)\nPages\\base_page.py:28: in find_element\n    return WebDriverWait(self.driver, wait_time).until(\n_ _ _ _ _ _ _ _ _ _ _ _ _ _ _ _ _ _ _ _ _ _ _ _ _ _ _ _ _ _ _ _ _ _ _ _ _ _ _ _ _ _ _ _ _ _ _ _ _ _ _ _ _ _ _ _ _ _ _ _ _ _ _ _ _ _ _ _ _ _ _ _ _ _ _ _ _ _ _ _ _ _ _ _ _ _ _ _ _ _ _ _\n\nself = <selenium.webdriver.support.wait.WebDriverWait (session=\"a84485c65295960b42cb5a9883d2ef7a\")>\nmethod = <function presence_of_element_located.<locals>._predicate at 0x000001C1E0E2CEE0>, message = ''\n\n    def until(self, method: Callable[[D], Union[Literal[False], T]], message: str = \"\") -> T:\n        \"\"\"Wait until the method returns a value that is not False.\n    \n        Calls the method provided with the driver as an argument until the\n        return value does not evaluate to ``False``.\n    \n        Parameters:\n        -----------\n        method: callable(WebDriver)\n            - A callable object that takes a WebDriver instance as an argument.\n    \n        message: str\n            - Optional message for :exc:`TimeoutException`\n    \n        Return:\n        -------\n        object: T\n            - The result of the last call to `method`\n    \n        Raises:\n        -------\n        TimeoutException\n            - If 'method' does not return a truthy value within the WebDriverWait\n            object's timeout\n    \n        Example:\n        --------\n        >>> from selenium.webdriver.common.by import By\n        >>> from selenium.webdriver.support.ui import WebDriverWait\n        >>> from selenium.webdriver.support import expected_conditions as EC\n    \n        # Wait until an element is visible on the page\n        >>> wait = WebDriverWait(driver, 10)\n        >>> element = wait.until(EC.visibility_of_element_located((By.ID, \"exampleId\")))\n        >>> print(element.text)\n        \"\"\"\n        screen = None\n        stacktrace = None\n    \n        end_time = time.monotonic() + self._timeout\n        while True:\n            try:\n                value = method(self._driver)\n                if value:\n                    return value\n            except self._ignored_exceptions as exc:\n                screen = getattr(exc, \"screen\", None)\n                stacktrace = getattr(exc, \"stacktrace\", None)\n            if time.monotonic() > end_time:\n                break\n            time.sleep(self._poll)\n>       raise TimeoutException(message, screen, stacktrace)\nE       selenium.common.exceptions.TimeoutException: Message: \nE       Stacktrace:\nE       \tGetHandleVerifier [0x0x7ff634466f65+78965]\nE       \tGetHandleVerifier [0x0x7ff634466fc0+79056]\nE       \t(No symbol) [0x0x7ff6341f9dda]\nE       \t(No symbol) [0x0x7ff6342502ea]\nE       \t(No symbol) [0x0x7ff63425059c]\nE       \t(No symbol) [0x0x7ff6342a3f37]\nE       \t(No symbol) [0x0x7ff6342786af]\nE       \t(No symbol) [0x0x7ff6342a0dbe]\nE       \t(No symbol) [0x0x7ff634278443]\nE       \t(No symbol) [0x0x7ff634241311]\nE       \t(No symbol) [0x0x7ff6342420a3]\nE       \tGetHandleVerifier [0x0x7ff63471e26d+2926461]\nE       \tGetHandleVerifier [0x0x7ff634718993+2903715]\nE       \tGetHandleVerifier [0x0x7ff634736aed+3026941]\nE       \tGetHandleVerifier [0x0x7ff6344816fe+187406]\nE       \tGetHandleVerifier [0x0x7ff6344896ef+220159]\nE       \tGetHandleVerifier [0x0x7ff63446faf4+114692]\nE       \tGetHandleVerifier [0x0x7ff63446fca9+115129]\nE       \tGetHandleVerifier [0x0x7ff6344564d8+10728]\nE       \tBaseThreadInitThunk [0x0x7ff992b87374+20]\nE       \tRtlUserThreadStart [0x0x7ff99357cc91+33]\n\nmyenv\\lib\\site-packages\\selenium\\webdriver\\support\\wait.py:138: TimeoutException\n\nDuring handling of the above exception, another exception occurred:\n\nself = <test_material.test_unpickedMaterialDetails.TestItemPage object at 0x000001C1DECC54E0>\nlogin_to_item = <selenium.webdriver.chrome.webdriver.WebDriver (session=\"a84485c65295960b42cb5a9883d2ef7a\")>\n\n    @allure.story(\"添加未领料明细信息，有多个必填只填写一项，不允许提交\")\n    # @pytest.mark.run(order=2)\n    def test_item_addcodefail(self, login_to_item):\n        # 点击新增按钮\n        self.item.click_add_button()\n        # 输入第一个必填项\n        self.item.enter_texts(\"//div[@id='p34nag46-7evf']//input\", \"text1231\")\n        # 点击确定\n        self.item.click_button('(//button[@type=\"button\"]/span[text()=\"确定\"])[4]')\n        sleep(1)\n        # 声明必填项的xpath和判断的边框颜色\n        xpath_list = [\n            \"//div[@id='ywz9q11i-sp3b']//input\",\n            \"//div[@id='l7p1eln5-w34j']//input\"\n        ]\n        color_value = \"rgb(255, 0, 0)\"\n        # 获取必填项公共方法判断颜色的结果\n>       val = self.item.add_none(xpath_list, color_value)\n\nTests\\test_material\\test_unpickedMaterialDetails.py:168: \n_ _ _ _ _ _ _ _ _ _ _ _ _ _ _ _ _ _ _ _ _ _ _ _ _ _ _ _ _ _ _ _ _ _ _ _ _ _ _ _ _ _ _ _ _ _ _ _ _ _ _ _ _ _ _ _ _ _ _ _ _ _ _ _ _ _ _ _ _ _ _ _ _ _ _ _ _ _ _ _ _ _ _ _ _ _ _ _ _ _ _ _\n\nself = <Pages.materialPage.warehouseLocation_page.WarehouseLocationPage object at 0x000001C1DF697E20>\nxpath_list = [\"//div[@id='ywz9q11i-sp3b']//input\", \"//div[@id='l7p1eln5-w34j']//input\"], color_value = 'rgb(255, 0, 0)'\n\n    def add_none(self, xpath_list=[], color_value=\"\"):\n        \"\"\"新增弹窗(有必填项)不填写信息，不允许提交公共方法.\"\"\"\n        for index, xpath in enumerate(xpath_list, 1):\n            try:\n                element = self.get_find_element_xpath(xpath)\n                # 获取输入框的值\n                if color_value != element.value_of_css_property(\"border-color\"):\n                    raise NoSuchElementException(\n                        f\"边框颜色不对（XPath列表第{index}个）: {xpath}\"\n                    )\n                    return False\n    \n            except TimeoutException:\n>               raise NoSuchElementException(\n                    f\"元素未找到（XPath列表第{index}个）: {xpath}\"\n                )\nE               selenium.common.exceptions.NoSuchElementException: Message: 元素未找到（XPath列表第2个）: //div[@id='l7p1eln5-w34j']//input; For documentation on this error, please visit: https://www.selenium.dev/documentation/webdriver/troubleshooting/errors#no-such-element-exception\n\nPages\\materialPage\\warehouseLocation_page.py:247: NoSuchElementException","flaky":false,"newFailed":false,"newBroken":false,"newPassed":false,"retriesCount":0,"retriesStatusChange":false,"beforeStages":[{"name":"login_to_item","time":{"start":1754933700690,"stop":1754933709522,"duration":8832},"status":"passed","steps":[],"attachments":[],"parameters":[],"shouldDisplayMessage":false,"attachmentsCount":0,"attachmentStep":false,"hasContent":false,"stepsCount":0},{"name":"setup","time":{"start":1754933720099,"stop":1754933720120,"duration":21},"status":"passed","steps":[],"attachments":[],"parameters":[],"shouldDisplayMessage":false,"attachmentsCount":0,"attachmentStep":false,"hasContent":false,"stepsCount":0}],"testStage":{"status":"broken","statusMessage":"selenium.common.exceptions.NoSuchElementException: Message: 元素未找到（XPath列表第2个）: //div[@id='l7p1eln5-w34j']//input; For documentation on this error, please visit: https://www.selenium.dev/documentation/webdriver/troubleshooting/errors#no-such-element-exception","statusTrace":"self = <Pages.materialPage.warehouseLocation_page.WarehouseLocationPage object at 0x000001C1DF697E20>\nxpath_list = [\"//div[@id='ywz9q11i-sp3b']//input\", \"//div[@id='l7p1eln5-w34j']//input\"], color_value = 'rgb(255, 0, 0)'\n\n    def add_none(self, xpath_list=[], color_value=\"\"):\n        \"\"\"新增弹窗(有必填项)不填写信息，不允许提交公共方法.\"\"\"\n        for index, xpath in enumerate(xpath_list, 1):\n            try:\n>               element = self.get_find_element_xpath(xpath)\n\nPages\\materialPage\\warehouseLocation_page.py:238: \n_ _ _ _ _ _ _ _ _ _ _ _ _ _ _ _ _ _ _ _ _ _ _ _ _ _ _ _ _ _ _ _ _ _ _ _ _ _ _ _ _ _ _ _ _ _ _ _ _ _ _ _ _ _ _ _ _ _ _ _ _ _ _ _ _ _ _ _ _ _ _ _ _ _ _ _ _ _ _ _ _ _ _ _ _ _ _ _ _ _ _ _\nPages\\materialPage\\warehouseLocation_page.py:202: in get_find_element_xpath\n    return self.find_element(By.XPATH, xpath)\nPages\\base_page.py:28: in find_element\n    return WebDriverWait(self.driver, wait_time).until(\n_ _ _ _ _ _ _ _ _ _ _ _ _ _ _ _ _ _ _ _ _ _ _ _ _ _ _ _ _ _ _ _ _ _ _ _ _ _ _ _ _ _ _ _ _ _ _ _ _ _ _ _ _ _ _ _ _ _ _ _ _ _ _ _ _ _ _ _ _ _ _ _ _ _ _ _ _ _ _ _ _ _ _ _ _ _ _ _ _ _ _ _\n\nself = <selenium.webdriver.support.wait.WebDriverWait (session=\"a84485c65295960b42cb5a9883d2ef7a\")>\nmethod = <function presence_of_element_located.<locals>._predicate at 0x000001C1E0E2CEE0>, message = ''\n\n    def until(self, method: Callable[[D], Union[Literal[False], T]], message: str = \"\") -> T:\n        \"\"\"Wait until the method returns a value that is not False.\n    \n        Calls the method provided with the driver as an argument until the\n        return value does not evaluate to ``False``.\n    \n        Parameters:\n        -----------\n        method: callable(WebDriver)\n            - A callable object that takes a WebDriver instance as an argument.\n    \n        message: str\n            - Optional message for :exc:`TimeoutException`\n    \n        Return:\n        -------\n        object: T\n            - The result of the last call to `method`\n    \n        Raises:\n        -------\n        TimeoutException\n            - If 'method' does not return a truthy value within the WebDriverWait\n            object's timeout\n    \n        Example:\n        --------\n        >>> from selenium.webdriver.common.by import By\n        >>> from selenium.webdriver.support.ui import WebDriverWait\n        >>> from selenium.webdriver.support import expected_conditions as EC\n    \n        # Wait until an element is visible on the page\n        >>> wait = WebDriverWait(driver, 10)\n        >>> element = wait.until(EC.visibility_of_element_located((By.ID, \"exampleId\")))\n        >>> print(element.text)\n        \"\"\"\n        screen = None\n        stacktrace = None\n    \n        end_time = time.monotonic() + self._timeout\n        while True:\n            try:\n                value = method(self._driver)\n                if value:\n                    return value\n            except self._ignored_exceptions as exc:\n                screen = getattr(exc, \"screen\", None)\n                stacktrace = getattr(exc, \"stacktrace\", None)\n            if time.monotonic() > end_time:\n                break\n            time.sleep(self._poll)\n>       raise TimeoutException(message, screen, stacktrace)\nE       selenium.common.exceptions.TimeoutException: Message: \nE       Stacktrace:\nE       \tGetHandleVerifier [0x0x7ff634466f65+78965]\nE       \tGetHandleVerifier [0x0x7ff634466fc0+79056]\nE       \t(No symbol) [0x0x7ff6341f9dda]\nE       \t(No symbol) [0x0x7ff6342502ea]\nE       \t(No symbol) [0x0x7ff63425059c]\nE       \t(No symbol) [0x0x7ff6342a3f37]\nE       \t(No symbol) [0x0x7ff6342786af]\nE       \t(No symbol) [0x0x7ff6342a0dbe]\nE       \t(No symbol) [0x0x7ff634278443]\nE       \t(No symbol) [0x0x7ff634241311]\nE       \t(No symbol) [0x0x7ff6342420a3]\nE       \tGetHandleVerifier [0x0x7ff63471e26d+2926461]\nE       \tGetHandleVerifier [0x0x7ff634718993+2903715]\nE       \tGetHandleVerifier [0x0x7ff634736aed+3026941]\nE       \tGetHandleVerifier [0x0x7ff6344816fe+187406]\nE       \tGetHandleVerifier [0x0x7ff6344896ef+220159]\nE       \tGetHandleVerifier [0x0x7ff63446faf4+114692]\nE       \tGetHandleVerifier [0x0x7ff63446fca9+115129]\nE       \tGetHandleVerifier [0x0x7ff6344564d8+10728]\nE       \tBaseThreadInitThunk [0x0x7ff992b87374+20]\nE       \tRtlUserThreadStart [0x0x7ff99357cc91+33]\n\nmyenv\\lib\\site-packages\\selenium\\webdriver\\support\\wait.py:138: TimeoutException\n\nDuring handling of the above exception, another exception occurred:\n\nself = <test_material.test_unpickedMaterialDetails.TestItemPage object at 0x000001C1DECC54E0>\nlogin_to_item = <selenium.webdriver.chrome.webdriver.WebDriver (session=\"a84485c65295960b42cb5a9883d2ef7a\")>\n\n    @allure.story(\"添加未领料明细信息，有多个必填只填写一项，不允许提交\")\n    # @pytest.mark.run(order=2)\n    def test_item_addcodefail(self, login_to_item):\n        # 点击新增按钮\n        self.item.click_add_button()\n        # 输入第一个必填项\n        self.item.enter_texts(\"//div[@id='p34nag46-7evf']//input\", \"text1231\")\n        # 点击确定\n        self.item.click_button('(//button[@type=\"button\"]/span[text()=\"确定\"])[4]')\n        sleep(1)\n        # 声明必填项的xpath和判断的边框颜色\n        xpath_list = [\n            \"//div[@id='ywz9q11i-sp3b']//input\",\n            \"//div[@id='l7p1eln5-w34j']//input\"\n        ]\n        color_value = \"rgb(255, 0, 0)\"\n        # 获取必填项公共方法判断颜色的结果\n>       val = self.item.add_none(xpath_list, color_value)\n\nTests\\test_material\\test_unpickedMaterialDetails.py:168: \n_ _ _ _ _ _ _ _ _ _ _ _ _ _ _ _ _ _ _ _ _ _ _ _ _ _ _ _ _ _ _ _ _ _ _ _ _ _ _ _ _ _ _ _ _ _ _ _ _ _ _ _ _ _ _ _ _ _ _ _ _ _ _ _ _ _ _ _ _ _ _ _ _ _ _ _ _ _ _ _ _ _ _ _ _ _ _ _ _ _ _ _\n\nself = <Pages.materialPage.warehouseLocation_page.WarehouseLocationPage object at 0x000001C1DF697E20>\nxpath_list = [\"//div[@id='ywz9q11i-sp3b']//input\", \"//div[@id='l7p1eln5-w34j']//input\"], color_value = 'rgb(255, 0, 0)'\n\n    def add_none(self, xpath_list=[], color_value=\"\"):\n        \"\"\"新增弹窗(有必填项)不填写信息，不允许提交公共方法.\"\"\"\n        for index, xpath in enumerate(xpath_list, 1):\n            try:\n                element = self.get_find_element_xpath(xpath)\n                # 获取输入框的值\n                if color_value != element.value_of_css_property(\"border-color\"):\n                    raise NoSuchElementException(\n                        f\"边框颜色不对（XPath列表第{index}个）: {xpath}\"\n                    )\n                    return False\n    \n            except TimeoutException:\n>               raise NoSuchElementException(\n                    f\"元素未找到（XPath列表第{index}个）: {xpath}\"\n                )\nE               selenium.common.exceptions.NoSuchElementException: Message: 元素未找到（XPath列表第2个）: //div[@id='l7p1eln5-w34j']//input; For documentation on this error, please visit: https://www.selenium.dev/documentation/webdriver/troubleshooting/errors#no-such-element-exception\n\nPages\\materialPage\\warehouseLocation_page.py:247: NoSuchElementException","steps":[],"attachments":[{"uid":"19f05c706cbdcf6a","name":"log","source":"19f05c706cbdcf6a.txt","type":"text/plain","size":720}],"parameters":[],"shouldDisplayMessage":true,"attachmentsCount":1,"attachmentStep":false,"hasContent":true,"stepsCount":0},"afterStages":[{"name":"login_to_item::0","time":{"start":1754934105880,"stop":1754934108047,"duration":2167},"status":"passed","steps":[],"attachments":[],"parameters":[],"shouldDisplayMessage":false,"attachmentsCount":0,"attachmentStep":false,"hasContent":false,"stepsCount":0}],"labels":[{"name":"feature","value":"未领料明细测试用例"},{"name":"story","value":"添加未领料明细信息，有多个必填只填写一项，不允许提交"},{"name":"parentSuite","value":"Tests.test_material"},{"name":"suite","value":"test_unpickedMaterialDetails"},{"name":"subSuite","value":"TestItemPage"},{"name":"host","value":"WIN-20240820MJV"},{"name":"thread","value":"24412-MainThread"},{"name":"framework","value":"pytest"},{"name":"language","value":"cpython3"},{"name":"package","value":"Tests.test_material.test_unpickedMaterialDetails"},{"name":"resultFormat","value":"allure2"}],"parameters":[],"links":[],"hidden":true,"retry":true,"extra":{"categories":[],"tags":[]},"source":"250dd79cc18af9e0.json","parameterValues":[]}