{"uid":"2fb8e34d155a2c94","name":"test_master_addsuccess","fullName":"Tests.test_items.test_master.TestMasterPage#test_master_addsuccess","historyId":"2be87604f492d9b2aa1570b1ff6e5249","time":{"start":1760970602483,"stop":1760970619948,"duration":17465},"status":"broken","statusMessage":"selenium.common.exceptions.TimeoutException: Message: 点击失败，找不到元素：xpath = //table[.//div[@class=\"vxe-input type--text size--mini is--controls\"]]//tr[1]/td[2]//input","statusTrace":"self = <Pages.itemsPage.master_page.MasterPage object at 0x0000014AE2F039D0>, by_or_element = 'xpath', value = '//table[.//div[@class=\"vxe-input type--text size--mini is--controls\"]]//tr[1]/td[2]//input', wait_time = 10\n\n    def click(self, by_or_element, value=None, wait_time=10):\n        if value is not None:\n            by = by_or_element\n            logging.info(f\"点击元素：By = {by}, Value = {value}\")\n            try:\n>               element = WebDriverWait(self.driver, wait_time).until(\n                    EC.element_to_be_clickable((by, value))\n                )\n\nPages\\base_page.py:45: \n_ _ _ _ _ _ _ _ _ _ _ _ _ _ _ _ _ _ _ _ _ _ _ _ _ _ _ _ _ _ _ _ _ _ _ _ _ _ _ _ _ _ _ _ _ _ _ _ _ _ _ _ _ _ _ _ _ _ _ _ _ _ _ _ _ _ _ _ _ _ _ _ _ _ _ _ _ _ _ _ _ _ _ _ _ _ _ _ _ _ _ _ _ _ _ _ _ _ _ _ _ _ _ _ _ _ _ _ _ _ _ _ _ _ _ _\n\nself = <selenium.webdriver.support.wait.WebDriverWait (session=\"b792af094b755cbcc846631488c307ab\")>, method = <function element_to_be_clickable.<locals>._predicate at 0x0000014AE3787400>, message = ''\n\n    def until(self, method: Callable[[D], Union[Literal[False], T]], message: str = \"\") -> T:\n        \"\"\"Wait until the method returns a value that is not False.\n    \n        Calls the method provided with the driver as an argument until the\n        return value does not evaluate to ``False``.\n    \n        Parameters:\n        -----------\n        method: callable(WebDriver)\n            - A callable object that takes a WebDriver instance as an argument.\n    \n        message: str\n            - Optional message for :exc:`TimeoutException`\n    \n        Return:\n        -------\n        object: T\n            - The result of the last call to `method`\n    \n        Raises:\n        -------\n        TimeoutException\n            - If 'method' does not return a truthy value within the WebDriverWait\n            object's timeout\n    \n        Example:\n        --------\n        >>> from selenium.webdriver.common.by import By\n        >>> from selenium.webdriver.support.ui import WebDriverWait\n        >>> from selenium.webdriver.support import expected_conditions as EC\n    \n        # Wait until an element is visible on the page\n        >>> wait = WebDriverWait(driver, 10)\n        >>> element = wait.until(EC.visibility_of_element_located((By.ID, \"exampleId\")))\n        >>> print(element.text)\n        \"\"\"\n        screen = None\n        stacktrace = None\n    \n        end_time = time.monotonic() + self._timeout\n        while True:\n            try:\n                value = method(self._driver)\n                if value:\n                    return value\n            except self._ignored_exceptions as exc:\n                screen = getattr(exc, \"screen\", None)\n                stacktrace = getattr(exc, \"stacktrace\", None)\n            if time.monotonic() > end_time:\n                break\n            time.sleep(self._poll)\n>       raise TimeoutException(message, screen, stacktrace)\nE       selenium.common.exceptions.TimeoutException: Message: \nE       Stacktrace:\nE       \tGetHandleVerifier [0x0x7ff613186f65+78965]\nE       \tGetHandleVerifier [0x0x7ff613186fc0+79056]\nE       \t(No symbol) [0x0x7ff612f19dda]\nE       \t(No symbol) [0x0x7ff612f702ea]\nE       \t(No symbol) [0x0x7ff612f7059c]\nE       \t(No symbol) [0x0x7ff612fc3f37]\nE       \t(No symbol) [0x0x7ff612f986af]\nE       \t(No symbol) [0x0x7ff612fc0dbe]\nE       \t(No symbol) [0x0x7ff612f98443]\nE       \t(No symbol) [0x0x7ff612f61311]\nE       \t(No symbol) [0x0x7ff612f620a3]\nE       \tGetHandleVerifier [0x0x7ff61343e26d+2926461]\nE       \tGetHandleVerifier [0x0x7ff613438993+2903715]\nE       \tGetHandleVerifier [0x0x7ff613456aed+3026941]\nE       \tGetHandleVerifier [0x0x7ff6131a16fe+187406]\nE       \tGetHandleVerifier [0x0x7ff6131a96ef+220159]\nE       \tGetHandleVerifier [0x0x7ff61318faf4+114692]\nE       \tGetHandleVerifier [0x0x7ff61318fca9+115129]\nE       \tGetHandleVerifier [0x0x7ff6131764d8+10728]\nE       \tBaseThreadInitThunk [0x0x7fff4faa7374+20]\nE       \tRtlUserThreadStart [0x0x7fff513dcc91+33]\n\nmyenv\\lib\\site-packages\\selenium\\webdriver\\support\\wait.py:138: TimeoutException\n\nDuring handling of the above exception, another exception occurred:\n\nself = <test_items.test_master.TestMasterPage object at 0x0000014AE2BFFD60>, login_to_master = <selenium.webdriver.chrome.webdriver.WebDriver (session=\"b792af094b755cbcc846631488c307ab\")>\n\n    @allure.story(\"添加数据成功\")\n    # @pytest.mark.run(order=1)\n    def test_master_addsuccess(self, login_to_master):\n        driver = login_to_master  # WebDriver 实例\n        master = MasterPage(driver)  # 用 driver 初始化 MasterPage\n        SharedDataUtil.clear_data()\n        master.click_add_button()  # 检查点击添加\n    \n        # 填写订物料代码\n        master.click_button('//span[text()=\" 物料代码： \"]/parent::div//i')\n        sleep(1.5)\n        master.click_button(\n            '(//table[@class=\"vxe-table--body\"]//tr[1]/td[2])[last()]'\n        )\n        master.click_button('(//div[@class=\"h-40px flex-justify-end flex-align-items-end b-t-s-d9e3f3\"])[2]/button[1]')\n        sleep(1)\n        item = master.get_find_element_xpath(\n            '//span[text()=\" 物料代码： \"]/parent::div//input'\n        ).get_attribute(\"value\")\n    \n        # 点击工序选定器\n>       master.click_button(\n            '//table[.//div[@class=\"vxe-input type--text size--mini is--controls\"]]//tr[1]/td[2]//input'\n        )\n\nTests\\test_items\\test_master.py:482: \n_ _ _ _ _ _ _ _ _ _ _ _ _ _ _ _ _ _ _ _ _ _ _ _ _ _ _ _ _ _ _ _ _ _ _ _ _ _ _ _ _ _ _ _ _ _ _ _ _ _ _ _ _ _ _ _ _ _ _ _ _ _ _ _ _ _ _ _ _ _ _ _ _ _ _ _ _ _ _ _ _ _ _ _ _ _ _ _ _ _ _ _ _ _ _ _ _ _ _ _ _ _ _ _ _ _ _ _ _ _ _ _ _ _ _ _\nPages\\itemsPage\\master_page.py:43: in click_button\n    self.click(By.XPATH, xpath)\n_ _ _ _ _ _ _ _ _ _ _ _ _ _ _ _ _ _ _ _ _ _ _ _ _ _ _ _ _ _ _ _ _ _ _ _ _ _ _ _ _ _ _ _ _ _ _ _ _ _ _ _ _ _ _ _ _ _ _ _ _ _ _ _ _ _ _ _ _ _ _ _ _ _ _ _ _ _ _ _ _ _ _ _ _ _ _ _ _ _ _ _ _ _ _ _ _ _ _ _ _ _ _ _ _ _ _ _ _ _ _ _ _ _ _ _\n\nself = <Pages.itemsPage.master_page.MasterPage object at 0x0000014AE2F039D0>, by_or_element = 'xpath', value = '//table[.//div[@class=\"vxe-input type--text size--mini is--controls\"]]//tr[1]/td[2]//input', wait_time = 10\n\n    def click(self, by_or_element, value=None, wait_time=10):\n        if value is not None:\n            by = by_or_element\n            logging.info(f\"点击元素：By = {by}, Value = {value}\")\n            try:\n                element = WebDriverWait(self.driver, wait_time).until(\n                    EC.element_to_be_clickable((by, value))\n                )\n            except TimeoutException:\n                logging.warning(f\"❌ 点击超时：元素 {by} = {value} 未在 {wait_time} 秒内变为可点击\")\n>               raise TimeoutException(f\"点击失败，找不到元素：{by} = {value}\")\nE               selenium.common.exceptions.TimeoutException: Message: 点击失败，找不到元素：xpath = //table[.//div[@class=\"vxe-input type--text size--mini is--controls\"]]//tr[1]/td[2]//input\n\nPages\\base_page.py:50: TimeoutException","flaky":false,"newFailed":false,"newBroken":false,"newPassed":false,"retriesCount":0,"retriesStatusChange":false,"beforeStages":[{"name":"login_to_master","time":{"start":1760970588819,"stop":1760970602482,"duration":13663},"status":"passed","steps":[],"attachments":[],"parameters":[],"hasContent":false,"stepsCount":0,"attachmentStep":false,"shouldDisplayMessage":false,"attachmentsCount":0}],"testStage":{"status":"broken","statusMessage":"selenium.common.exceptions.TimeoutException: Message: 点击失败，找不到元素：xpath = //table[.//div[@class=\"vxe-input type--text size--mini is--controls\"]]//tr[1]/td[2]//input","statusTrace":"self = <Pages.itemsPage.master_page.MasterPage object at 0x0000014AE2F039D0>, by_or_element = 'xpath', value = '//table[.//div[@class=\"vxe-input type--text size--mini is--controls\"]]//tr[1]/td[2]//input', wait_time = 10\n\n    def click(self, by_or_element, value=None, wait_time=10):\n        if value is not None:\n            by = by_or_element\n            logging.info(f\"点击元素：By = {by}, Value = {value}\")\n            try:\n>               element = WebDriverWait(self.driver, wait_time).until(\n                    EC.element_to_be_clickable((by, value))\n                )\n\nPages\\base_page.py:45: \n_ _ _ _ _ _ _ _ _ _ _ _ _ _ _ _ _ _ _ _ _ _ _ _ _ _ _ _ _ _ _ _ _ _ _ _ _ _ _ _ _ _ _ _ _ _ _ _ _ _ _ _ _ _ _ _ _ _ _ _ _ _ _ _ _ _ _ _ _ _ _ _ _ _ _ _ _ _ _ _ _ _ _ _ _ _ _ _ _ _ _ _ _ _ _ _ _ _ _ _ _ _ _ _ _ _ _ _ _ _ _ _ _ _ _ _\n\nself = <selenium.webdriver.support.wait.WebDriverWait (session=\"b792af094b755cbcc846631488c307ab\")>, method = <function element_to_be_clickable.<locals>._predicate at 0x0000014AE3787400>, message = ''\n\n    def until(self, method: Callable[[D], Union[Literal[False], T]], message: str = \"\") -> T:\n        \"\"\"Wait until the method returns a value that is not False.\n    \n        Calls the method provided with the driver as an argument until the\n        return value does not evaluate to ``False``.\n    \n        Parameters:\n        -----------\n        method: callable(WebDriver)\n            - A callable object that takes a WebDriver instance as an argument.\n    \n        message: str\n            - Optional message for :exc:`TimeoutException`\n    \n        Return:\n        -------\n        object: T\n            - The result of the last call to `method`\n    \n        Raises:\n        -------\n        TimeoutException\n            - If 'method' does not return a truthy value within the WebDriverWait\n            object's timeout\n    \n        Example:\n        --------\n        >>> from selenium.webdriver.common.by import By\n        >>> from selenium.webdriver.support.ui import WebDriverWait\n        >>> from selenium.webdriver.support import expected_conditions as EC\n    \n        # Wait until an element is visible on the page\n        >>> wait = WebDriverWait(driver, 10)\n        >>> element = wait.until(EC.visibility_of_element_located((By.ID, \"exampleId\")))\n        >>> print(element.text)\n        \"\"\"\n        screen = None\n        stacktrace = None\n    \n        end_time = time.monotonic() + self._timeout\n        while True:\n            try:\n                value = method(self._driver)\n                if value:\n                    return value\n            except self._ignored_exceptions as exc:\n                screen = getattr(exc, \"screen\", None)\n                stacktrace = getattr(exc, \"stacktrace\", None)\n            if time.monotonic() > end_time:\n                break\n            time.sleep(self._poll)\n>       raise TimeoutException(message, screen, stacktrace)\nE       selenium.common.exceptions.TimeoutException: Message: \nE       Stacktrace:\nE       \tGetHandleVerifier [0x0x7ff613186f65+78965]\nE       \tGetHandleVerifier [0x0x7ff613186fc0+79056]\nE       \t(No symbol) [0x0x7ff612f19dda]\nE       \t(No symbol) [0x0x7ff612f702ea]\nE       \t(No symbol) [0x0x7ff612f7059c]\nE       \t(No symbol) [0x0x7ff612fc3f37]\nE       \t(No symbol) [0x0x7ff612f986af]\nE       \t(No symbol) [0x0x7ff612fc0dbe]\nE       \t(No symbol) [0x0x7ff612f98443]\nE       \t(No symbol) [0x0x7ff612f61311]\nE       \t(No symbol) [0x0x7ff612f620a3]\nE       \tGetHandleVerifier [0x0x7ff61343e26d+2926461]\nE       \tGetHandleVerifier [0x0x7ff613438993+2903715]\nE       \tGetHandleVerifier [0x0x7ff613456aed+3026941]\nE       \tGetHandleVerifier [0x0x7ff6131a16fe+187406]\nE       \tGetHandleVerifier [0x0x7ff6131a96ef+220159]\nE       \tGetHandleVerifier [0x0x7ff61318faf4+114692]\nE       \tGetHandleVerifier [0x0x7ff61318fca9+115129]\nE       \tGetHandleVerifier [0x0x7ff6131764d8+10728]\nE       \tBaseThreadInitThunk [0x0x7fff4faa7374+20]\nE       \tRtlUserThreadStart [0x0x7fff513dcc91+33]\n\nmyenv\\lib\\site-packages\\selenium\\webdriver\\support\\wait.py:138: TimeoutException\n\nDuring handling of the above exception, another exception occurred:\n\nself = <test_items.test_master.TestMasterPage object at 0x0000014AE2BFFD60>, login_to_master = <selenium.webdriver.chrome.webdriver.WebDriver (session=\"b792af094b755cbcc846631488c307ab\")>\n\n    @allure.story(\"添加数据成功\")\n    # @pytest.mark.run(order=1)\n    def test_master_addsuccess(self, login_to_master):\n        driver = login_to_master  # WebDriver 实例\n        master = MasterPage(driver)  # 用 driver 初始化 MasterPage\n        SharedDataUtil.clear_data()\n        master.click_add_button()  # 检查点击添加\n    \n        # 填写订物料代码\n        master.click_button('//span[text()=\" 物料代码： \"]/parent::div//i')\n        sleep(1.5)\n        master.click_button(\n            '(//table[@class=\"vxe-table--body\"]//tr[1]/td[2])[last()]'\n        )\n        master.click_button('(//div[@class=\"h-40px flex-justify-end flex-align-items-end b-t-s-d9e3f3\"])[2]/button[1]')\n        sleep(1)\n        item = master.get_find_element_xpath(\n            '//span[text()=\" 物料代码： \"]/parent::div//input'\n        ).get_attribute(\"value\")\n    \n        # 点击工序选定器\n>       master.click_button(\n            '//table[.//div[@class=\"vxe-input type--text size--mini is--controls\"]]//tr[1]/td[2]//input'\n        )\n\nTests\\test_items\\test_master.py:482: \n_ _ _ _ _ _ _ _ _ _ _ _ _ _ _ _ _ _ _ _ _ _ _ _ _ _ _ _ _ _ _ _ _ _ _ _ _ _ _ _ _ _ _ _ _ _ _ _ _ _ _ _ _ _ _ _ _ _ _ _ _ _ _ _ _ _ _ _ _ _ _ _ _ _ _ _ _ _ _ _ _ _ _ _ _ _ _ _ _ _ _ _ _ _ _ _ _ _ _ _ _ _ _ _ _ _ _ _ _ _ _ _ _ _ _ _\nPages\\itemsPage\\master_page.py:43: in click_button\n    self.click(By.XPATH, xpath)\n_ _ _ _ _ _ _ _ _ _ _ _ _ _ _ _ _ _ _ _ _ _ _ _ _ _ _ _ _ _ _ _ _ _ _ _ _ _ _ _ _ _ _ _ _ _ _ _ _ _ _ _ _ _ _ _ _ _ _ _ _ _ _ _ _ _ _ _ _ _ _ _ _ _ _ _ _ _ _ _ _ _ _ _ _ _ _ _ _ _ _ _ _ _ _ _ _ _ _ _ _ _ _ _ _ _ _ _ _ _ _ _ _ _ _ _\n\nself = <Pages.itemsPage.master_page.MasterPage object at 0x0000014AE2F039D0>, by_or_element = 'xpath', value = '//table[.//div[@class=\"vxe-input type--text size--mini is--controls\"]]//tr[1]/td[2]//input', wait_time = 10\n\n    def click(self, by_or_element, value=None, wait_time=10):\n        if value is not None:\n            by = by_or_element\n            logging.info(f\"点击元素：By = {by}, Value = {value}\")\n            try:\n                element = WebDriverWait(self.driver, wait_time).until(\n                    EC.element_to_be_clickable((by, value))\n                )\n            except TimeoutException:\n                logging.warning(f\"❌ 点击超时：元素 {by} = {value} 未在 {wait_time} 秒内变为可点击\")\n>               raise TimeoutException(f\"点击失败，找不到元素：{by} = {value}\")\nE               selenium.common.exceptions.TimeoutException: Message: 点击失败，找不到元素：xpath = //table[.//div[@class=\"vxe-input type--text size--mini is--controls\"]]//tr[1]/td[2]//input\n\nPages\\base_page.py:50: TimeoutException","steps":[],"attachments":[{"uid":"adc5db925926f13","name":"test_master_addsuccess_failure","source":"adc5db925926f13.png","type":"image/png","size":127674},{"uid":"f84b306c7fdb35f7","name":"test_master_addsuccess_source","source":"f84b306c7fdb35f7.html","type":"text/html","size":1485978},{"uid":"e39fd09248c4bf9c","name":"log","source":"e39fd09248c4bf9c.txt","type":"text/plain","size":1863}],"parameters":[],"hasContent":true,"stepsCount":0,"attachmentStep":false,"shouldDisplayMessage":true,"attachmentsCount":3},"afterStages":[{"name":"login_to_master::0","time":{"start":1760970620529,"stop":1760970622881,"duration":2352},"status":"passed","steps":[],"attachments":[],"parameters":[],"hasContent":false,"stepsCount":0,"attachmentStep":false,"shouldDisplayMessage":false,"attachmentsCount":0}],"labels":[{"name":"story","value":"添加数据成功"},{"name":"feature","value":"工艺产能表测试用例"},{"name":"parentSuite","value":"Tests.test_items"},{"name":"suite","value":"test_master"},{"name":"subSuite","value":"TestMasterPage"},{"name":"host","value":"WIN-20240820MJV"},{"name":"thread","value":"3232-MainThread"},{"name":"framework","value":"pytest"},{"name":"language","value":"cpython3"},{"name":"package","value":"Tests.test_items.test_master"},{"name":"resultFormat","value":"allure2"}],"parameters":[],"links":[],"hidden":false,"retry":false,"extra":{"severity":"normal","retries":[],"categories":[{"name":"Test defects","matchedStatuses":[]}],"tags":[]},"source":"2fb8e34d155a2c94.json","parameterValues":[]}