{"uid":"310d7c629b7c201a","name":"test_affairs_template_addfail2","fullName":"Tests.test_system.test_affairs.TestAffairsPage#test_affairs_template_addfail2","historyId":"a89788d55351f2728b7b0716ed105f6b","time":{"start":1761248249458,"stop":1761248263011,"duration":13553},"status":"broken","statusMessage":"selenium.common.exceptions.NoSuchElementException: Message: 元素未找到（XPath列表第1个）: //div[label[text()=\"事务类型\"]]//div[@class=\"el-form-item__error\"]; For documentation on this error, please visit: https://www.selenium.dev/documentation/webdriver/troubleshooting/errors#no-such-element-exception","statusTrace":"self = <Pages.systemPage.affairs_page.AffairsPage object at 0x000001FC1AA28130>, xpath_list = ['//div[label[text()=\"事务类型\"]]//div[@class=\"el-form-item__error\"]', '//div[label[text()=\"配置参数\"]]//div[@class=\"el-form-item__error\"]']\ntext_value = ''\n\n    def batch_acquisition_text(self, xpath_list=[], text_value=\"\"):\n        \"\"\"批量获取输入框\"\"\"\n        values = []\n        for index, xpath in enumerate(xpath_list, 1):\n            try:\n>               value = self.get_find_element_xpath(xpath).text\n\nPages\\systemPage\\affairs_page.py:246: \n_ _ _ _ _ _ _ _ _ _ _ _ _ _ _ _ _ _ _ _ _ _ _ _ _ _ _ _ _ _ _ _ _ _ _ _ _ _ _ _ _ _ _ _ _ _ _ _ _ _ _ _ _ _ _ _ _ _ _ _ _ _ _ _ _ _ _ _ _ _ _ _ _ _ _ _ _ _ _ _ _ _ _ _ _ _ _ _ _ _ _ _ _ _ _ _ _ _ _ _ _ _ _ _ _ _ _ _ _ _ _ _ _ _ _ _\nPages\\systemPage\\affairs_page.py:28: in get_find_element_xpath\n    return self.find_element(By.XPATH, xpath)\nPages\\base_page.py:28: in find_element\n    return WebDriverWait(self.driver, wait_time).until(\n_ _ _ _ _ _ _ _ _ _ _ _ _ _ _ _ _ _ _ _ _ _ _ _ _ _ _ _ _ _ _ _ _ _ _ _ _ _ _ _ _ _ _ _ _ _ _ _ _ _ _ _ _ _ _ _ _ _ _ _ _ _ _ _ _ _ _ _ _ _ _ _ _ _ _ _ _ _ _ _ _ _ _ _ _ _ _ _ _ _ _ _ _ _ _ _ _ _ _ _ _ _ _ _ _ _ _ _ _ _ _ _ _ _ _ _\n\nself = <selenium.webdriver.support.wait.WebDriverWait (session=\"882f0a4382d1fdaff30d010fba13dde1\")>, method = <function presence_of_element_located.<locals>._predicate at 0x000001FC1A83B640>, message = ''\n\n    def until(self, method: Callable[[D], Union[Literal[False], T]], message: str = \"\") -> T:\n        \"\"\"Wait until the method returns a value that is not False.\n    \n        Calls the method provided with the driver as an argument until the\n        return value does not evaluate to ``False``.\n    \n        Parameters:\n        -----------\n        method: callable(WebDriver)\n            - A callable object that takes a WebDriver instance as an argument.\n    \n        message: str\n            - Optional message for :exc:`TimeoutException`\n    \n        Return:\n        -------\n        object: T\n            - The result of the last call to `method`\n    \n        Raises:\n        -------\n        TimeoutException\n            - If 'method' does not return a truthy value within the WebDriverWait\n            object's timeout\n    \n        Example:\n        --------\n        >>> from selenium.webdriver.common.by import By\n        >>> from selenium.webdriver.support.ui import WebDriverWait\n        >>> from selenium.webdriver.support import expected_conditions as EC\n    \n        # Wait until an element is visible on the page\n        >>> wait = WebDriverWait(driver, 10)\n        >>> element = wait.until(EC.visibility_of_element_located((By.ID, \"exampleId\")))\n        >>> print(element.text)\n        \"\"\"\n        screen = None\n        stacktrace = None\n    \n        end_time = time.monotonic() + self._timeout\n        while True:\n            try:\n                value = method(self._driver)\n                if value:\n                    return value\n            except self._ignored_exceptions as exc:\n                screen = getattr(exc, \"screen\", None)\n                stacktrace = getattr(exc, \"stacktrace\", None)\n            if time.monotonic() > end_time:\n                break\n            time.sleep(self._poll)\n>       raise TimeoutException(message, screen, stacktrace)\nE       selenium.common.exceptions.TimeoutException: Message: \nE       Stacktrace:\nE       \tGetHandleVerifier [0x0x7ff6e4aa6f65+78965]\nE       \tGetHandleVerifier [0x0x7ff6e4aa6fc0+79056]\nE       \t(No symbol) [0x0x7ff6e4839dda]\nE       \t(No symbol) [0x0x7ff6e48902ea]\nE       \t(No symbol) [0x0x7ff6e489059c]\nE       \t(No symbol) [0x0x7ff6e48e3f37]\nE       \t(No symbol) [0x0x7ff6e48b86af]\nE       \t(No symbol) [0x0x7ff6e48e0dbe]\nE       \t(No symbol) [0x0x7ff6e48b8443]\nE       \t(No symbol) [0x0x7ff6e4881311]\nE       \t(No symbol) [0x0x7ff6e48820a3]\nE       \tGetHandleVerifier [0x0x7ff6e4d5e26d+2926461]\nE       \tGetHandleVerifier [0x0x7ff6e4d58993+2903715]\nE       \tGetHandleVerifier [0x0x7ff6e4d76aed+3026941]\nE       \tGetHandleVerifier [0x0x7ff6e4ac16fe+187406]\nE       \tGetHandleVerifier [0x0x7ff6e4ac96ef+220159]\nE       \tGetHandleVerifier [0x0x7ff6e4aafaf4+114692]\nE       \tGetHandleVerifier [0x0x7ff6e4aafca9+115129]\nE       \tGetHandleVerifier [0x0x7ff6e4a964d8+10728]\nE       \tBaseThreadInitThunk [0x0x7ffee1537374+20]\nE       \tRtlUserThreadStart [0x0x7ffee1a7cc91+33]\n\nmyenv\\lib\\site-packages\\selenium\\webdriver\\support\\wait.py:138: TimeoutException\n\nDuring handling of the above exception, another exception occurred:\n\nself = <test_system.test_affairs.TestAffairsPage object at 0x000001FC18C07CD0>, login_to_affairs = <selenium.webdriver.chrome.webdriver.WebDriver (session=\"882f0a4382d1fdaff30d010fba13dde1\")>\n\n    @allure.story(\"事务模版-新增模版失败，输入事务名称，不输入事务类型，配置参数不允许提交\")\n    # @pytest.mark.run(order=1)\n    def test_affairs_template_addfail2(self, login_to_affairs):\n        driver = login_to_affairs  # WebDriver 实例\n        affairs = AffairsPage(driver)  # 用 driver 初始化 AffairsPage\n        affairs.click_add_affairs(name=\"name\", button=True)\n        list_input = [\n            '//div[label[text()=\"事务类型\"]]//input',\n            '//div[label[text()=\"配置参数\"]]//input',\n        ]\n        sleep(1)\n        color_value = affairs.get_border_color(list_input)\n        div_xpath_list = [item.replace(\"//input\", '//div[@class=\"el-form-item__error\"]') for item in list_input]\n>       value = affairs.batch_acquisition_text(div_xpath_list)\n\nTests\\test_system\\test_affairs.py:93: \n_ _ _ _ _ _ _ _ _ _ _ _ _ _ _ _ _ _ _ _ _ _ _ _ _ _ _ _ _ _ _ _ _ _ _ _ _ _ _ _ _ _ _ _ _ _ _ _ _ _ _ _ _ _ _ _ _ _ _ _ _ _ _ _ _ _ _ _ _ _ _ _ _ _ _ _ _ _ _ _ _ _ _ _ _ _ _ _ _ _ _ _ _ _ _ _ _ _ _ _ _ _ _ _ _ _ _ _ _ _ _ _ _ _ _ _\n\nself = <Pages.systemPage.affairs_page.AffairsPage object at 0x000001FC1AA28130>, xpath_list = ['//div[label[text()=\"事务类型\"]]//div[@class=\"el-form-item__error\"]', '//div[label[text()=\"配置参数\"]]//div[@class=\"el-form-item__error\"]']\ntext_value = ''\n\n    def batch_acquisition_text(self, xpath_list=[], text_value=\"\"):\n        \"\"\"批量获取输入框\"\"\"\n        values = []\n        for index, xpath in enumerate(xpath_list, 1):\n            try:\n                value = self.get_find_element_xpath(xpath).text\n                values.append(value)\n    \n            except TimeoutException:\n>               raise NoSuchElementException(\n                    f\"元素未找到（XPath列表第{index}个）: {xpath}\"\n                )\nE               selenium.common.exceptions.NoSuchElementException: Message: 元素未找到（XPath列表第1个）: //div[label[text()=\"事务类型\"]]//div[@class=\"el-form-item__error\"]; For documentation on this error, please visit: https://www.selenium.dev/documentation/webdriver/troubleshooting/errors#no-such-element-exception\n\nPages\\systemPage\\affairs_page.py:250: NoSuchElementException","flaky":false,"newFailed":false,"newBroken":false,"newPassed":false,"retriesCount":0,"retriesStatusChange":false,"beforeStages":[{"name":"login_to_affairs","time":{"start":1761248232839,"stop":1761248249456,"duration":16617},"status":"passed","steps":[],"attachments":[],"parameters":[],"stepsCount":0,"attachmentStep":false,"hasContent":false,"attachmentsCount":0,"shouldDisplayMessage":false}],"testStage":{"status":"broken","statusMessage":"selenium.common.exceptions.NoSuchElementException: Message: 元素未找到（XPath列表第1个）: //div[label[text()=\"事务类型\"]]//div[@class=\"el-form-item__error\"]; For documentation on this error, please visit: https://www.selenium.dev/documentation/webdriver/troubleshooting/errors#no-such-element-exception","statusTrace":"self = <Pages.systemPage.affairs_page.AffairsPage object at 0x000001FC1AA28130>, xpath_list = ['//div[label[text()=\"事务类型\"]]//div[@class=\"el-form-item__error\"]', '//div[label[text()=\"配置参数\"]]//div[@class=\"el-form-item__error\"]']\ntext_value = ''\n\n    def batch_acquisition_text(self, xpath_list=[], text_value=\"\"):\n        \"\"\"批量获取输入框\"\"\"\n        values = []\n        for index, xpath in enumerate(xpath_list, 1):\n            try:\n>               value = self.get_find_element_xpath(xpath).text\n\nPages\\systemPage\\affairs_page.py:246: \n_ _ _ _ _ _ _ _ _ _ _ _ _ _ _ _ _ _ _ _ _ _ _ _ _ _ _ _ _ _ _ _ _ _ _ _ _ _ _ _ _ _ _ _ _ _ _ _ _ _ _ _ _ _ _ _ _ _ _ _ _ _ _ _ _ _ _ _ _ _ _ _ _ _ _ _ _ _ _ _ _ _ _ _ _ _ _ _ _ _ _ _ _ _ _ _ _ _ _ _ _ _ _ _ _ _ _ _ _ _ _ _ _ _ _ _\nPages\\systemPage\\affairs_page.py:28: in get_find_element_xpath\n    return self.find_element(By.XPATH, xpath)\nPages\\base_page.py:28: in find_element\n    return WebDriverWait(self.driver, wait_time).until(\n_ _ _ _ _ _ _ _ _ _ _ _ _ _ _ _ _ _ _ _ _ _ _ _ _ _ _ _ _ _ _ _ _ _ _ _ _ _ _ _ _ _ _ _ _ _ _ _ _ _ _ _ _ _ _ _ _ _ _ _ _ _ _ _ _ _ _ _ _ _ _ _ _ _ _ _ _ _ _ _ _ _ _ _ _ _ _ _ _ _ _ _ _ _ _ _ _ _ _ _ _ _ _ _ _ _ _ _ _ _ _ _ _ _ _ _\n\nself = <selenium.webdriver.support.wait.WebDriverWait (session=\"882f0a4382d1fdaff30d010fba13dde1\")>, method = <function presence_of_element_located.<locals>._predicate at 0x000001FC1A83B640>, message = ''\n\n    def until(self, method: Callable[[D], Union[Literal[False], T]], message: str = \"\") -> T:\n        \"\"\"Wait until the method returns a value that is not False.\n    \n        Calls the method provided with the driver as an argument until the\n        return value does not evaluate to ``False``.\n    \n        Parameters:\n        -----------\n        method: callable(WebDriver)\n            - A callable object that takes a WebDriver instance as an argument.\n    \n        message: str\n            - Optional message for :exc:`TimeoutException`\n    \n        Return:\n        -------\n        object: T\n            - The result of the last call to `method`\n    \n        Raises:\n        -------\n        TimeoutException\n            - If 'method' does not return a truthy value within the WebDriverWait\n            object's timeout\n    \n        Example:\n        --------\n        >>> from selenium.webdriver.common.by import By\n        >>> from selenium.webdriver.support.ui import WebDriverWait\n        >>> from selenium.webdriver.support import expected_conditions as EC\n    \n        # Wait until an element is visible on the page\n        >>> wait = WebDriverWait(driver, 10)\n        >>> element = wait.until(EC.visibility_of_element_located((By.ID, \"exampleId\")))\n        >>> print(element.text)\n        \"\"\"\n        screen = None\n        stacktrace = None\n    \n        end_time = time.monotonic() + self._timeout\n        while True:\n            try:\n                value = method(self._driver)\n                if value:\n                    return value\n            except self._ignored_exceptions as exc:\n                screen = getattr(exc, \"screen\", None)\n                stacktrace = getattr(exc, \"stacktrace\", None)\n            if time.monotonic() > end_time:\n                break\n            time.sleep(self._poll)\n>       raise TimeoutException(message, screen, stacktrace)\nE       selenium.common.exceptions.TimeoutException: Message: \nE       Stacktrace:\nE       \tGetHandleVerifier [0x0x7ff6e4aa6f65+78965]\nE       \tGetHandleVerifier [0x0x7ff6e4aa6fc0+79056]\nE       \t(No symbol) [0x0x7ff6e4839dda]\nE       \t(No symbol) [0x0x7ff6e48902ea]\nE       \t(No symbol) [0x0x7ff6e489059c]\nE       \t(No symbol) [0x0x7ff6e48e3f37]\nE       \t(No symbol) [0x0x7ff6e48b86af]\nE       \t(No symbol) [0x0x7ff6e48e0dbe]\nE       \t(No symbol) [0x0x7ff6e48b8443]\nE       \t(No symbol) [0x0x7ff6e4881311]\nE       \t(No symbol) [0x0x7ff6e48820a3]\nE       \tGetHandleVerifier [0x0x7ff6e4d5e26d+2926461]\nE       \tGetHandleVerifier [0x0x7ff6e4d58993+2903715]\nE       \tGetHandleVerifier [0x0x7ff6e4d76aed+3026941]\nE       \tGetHandleVerifier [0x0x7ff6e4ac16fe+187406]\nE       \tGetHandleVerifier [0x0x7ff6e4ac96ef+220159]\nE       \tGetHandleVerifier [0x0x7ff6e4aafaf4+114692]\nE       \tGetHandleVerifier [0x0x7ff6e4aafca9+115129]\nE       \tGetHandleVerifier [0x0x7ff6e4a964d8+10728]\nE       \tBaseThreadInitThunk [0x0x7ffee1537374+20]\nE       \tRtlUserThreadStart [0x0x7ffee1a7cc91+33]\n\nmyenv\\lib\\site-packages\\selenium\\webdriver\\support\\wait.py:138: TimeoutException\n\nDuring handling of the above exception, another exception occurred:\n\nself = <test_system.test_affairs.TestAffairsPage object at 0x000001FC18C07CD0>, login_to_affairs = <selenium.webdriver.chrome.webdriver.WebDriver (session=\"882f0a4382d1fdaff30d010fba13dde1\")>\n\n    @allure.story(\"事务模版-新增模版失败，输入事务名称，不输入事务类型，配置参数不允许提交\")\n    # @pytest.mark.run(order=1)\n    def test_affairs_template_addfail2(self, login_to_affairs):\n        driver = login_to_affairs  # WebDriver 实例\n        affairs = AffairsPage(driver)  # 用 driver 初始化 AffairsPage\n        affairs.click_add_affairs(name=\"name\", button=True)\n        list_input = [\n            '//div[label[text()=\"事务类型\"]]//input',\n            '//div[label[text()=\"配置参数\"]]//input',\n        ]\n        sleep(1)\n        color_value = affairs.get_border_color(list_input)\n        div_xpath_list = [item.replace(\"//input\", '//div[@class=\"el-form-item__error\"]') for item in list_input]\n>       value = affairs.batch_acquisition_text(div_xpath_list)\n\nTests\\test_system\\test_affairs.py:93: \n_ _ _ _ _ _ _ _ _ _ _ _ _ _ _ _ _ _ _ _ _ _ _ _ _ _ _ _ _ _ _ _ _ _ _ _ _ _ _ _ _ _ _ _ _ _ _ _ _ _ _ _ _ _ _ _ _ _ _ _ _ _ _ _ _ _ _ _ _ _ _ _ _ _ _ _ _ _ _ _ _ _ _ _ _ _ _ _ _ _ _ _ _ _ _ _ _ _ _ _ _ _ _ _ _ _ _ _ _ _ _ _ _ _ _ _\n\nself = <Pages.systemPage.affairs_page.AffairsPage object at 0x000001FC1AA28130>, xpath_list = ['//div[label[text()=\"事务类型\"]]//div[@class=\"el-form-item__error\"]', '//div[label[text()=\"配置参数\"]]//div[@class=\"el-form-item__error\"]']\ntext_value = ''\n\n    def batch_acquisition_text(self, xpath_list=[], text_value=\"\"):\n        \"\"\"批量获取输入框\"\"\"\n        values = []\n        for index, xpath in enumerate(xpath_list, 1):\n            try:\n                value = self.get_find_element_xpath(xpath).text\n                values.append(value)\n    \n            except TimeoutException:\n>               raise NoSuchElementException(\n                    f\"元素未找到（XPath列表第{index}个）: {xpath}\"\n                )\nE               selenium.common.exceptions.NoSuchElementException: Message: 元素未找到（XPath列表第1个）: //div[label[text()=\"事务类型\"]]//div[@class=\"el-form-item__error\"]; For documentation on this error, please visit: https://www.selenium.dev/documentation/webdriver/troubleshooting/errors#no-such-element-exception\n\nPages\\systemPage\\affairs_page.py:250: NoSuchElementException","steps":[],"attachments":[{"uid":"8c29b7429a3dee31","name":"test_affairs_template_addfail2_failure","source":"8c29b7429a3dee31.png","type":"image/png","size":101734},{"uid":"f2d2a5767f225cc6","name":"test_affairs_template_addfail2_source","source":"f2d2a5767f225cc6.html","type":"text/html","size":1115865},{"uid":"e00cfa3dfc568bf4","name":"log","source":"e00cfa3dfc568bf4.txt","type":"text/plain","size":1572}],"parameters":[],"stepsCount":0,"attachmentStep":false,"hasContent":true,"attachmentsCount":3,"shouldDisplayMessage":true},"afterStages":[{"name":"login_to_affairs::0","time":{"start":1761248263972,"stop":1761248266561,"duration":2589},"status":"passed","steps":[],"attachments":[],"parameters":[],"stepsCount":0,"attachmentStep":false,"hasContent":false,"attachmentsCount":0,"shouldDisplayMessage":false}],"labels":[{"name":"feature","value":"事务管理页用例"},{"name":"story","value":"事务模版-新增模版失败，输入事务名称，不输入事务类型，配置参数不允许提交"},{"name":"parentSuite","value":"Tests.test_system"},{"name":"suite","value":"test_affairs"},{"name":"subSuite","value":"TestAffairsPage"},{"name":"host","value":"WIN-20240820MJV"},{"name":"thread","value":"21764-MainThread"},{"name":"framework","value":"pytest"},{"name":"language","value":"cpython3"},{"name":"package","value":"Tests.test_system.test_affairs"},{"name":"resultFormat","value":"allure2"}],"parameters":[],"links":[],"hidden":true,"retry":true,"extra":{"categories":[],"tags":[]},"source":"310d7c629b7c201a.json","parameterValues":[]}