{"uid":"3284d0cb07e0cad6","name":"test_user_lock2","fullName":"Tests.test_system.test_userRole.TestUserRolePage#test_user_lock2","historyId":"0a038d9fd0274e6e978cd4e786ceb0bc","time":{"start":1760983364204,"stop":1760983378153,"duration":13949},"status":"broken","statusMessage":"selenium.common.exceptions.TimeoutException: Message: 点击失败，找不到元素：xpath = //table[@class=\"vxe-table--body\"]//tr/td[2]//span[text()=\"1user2\"]","statusTrace":"self = <Pages.systemPage.userRole_page.UserRolePage object at 0x0000014AE4DC4A90>, by_or_element = 'xpath', value = '//table[@class=\"vxe-table--body\"]//tr/td[2]//span[text()=\"1user2\"]', wait_time = 10\n\n    def click(self, by_or_element, value=None, wait_time=10):\n        if value is not None:\n            by = by_or_element\n            logging.info(f\"点击元素：By = {by}, Value = {value}\")\n            try:\n>               element = WebDriverWait(self.driver, wait_time).until(\n                    EC.element_to_be_clickable((by, value))\n                )\n\nPages\\base_page.py:45: \n_ _ _ _ _ _ _ _ _ _ _ _ _ _ _ _ _ _ _ _ _ _ _ _ _ _ _ _ _ _ _ _ _ _ _ _ _ _ _ _ _ _ _ _ _ _ _ _ _ _ _ _ _ _ _ _ _ _ _ _ _ _ _ _ _ _ _ _ _ _ _ _ _ _ _ _ _ _ _ _ _ _ _ _ _ _ _ _ _ _ _ _ _ _ _ _ _ _ _ _ _ _ _ _ _ _ _ _ _ _ _ _ _ _ _ _\n\nself = <selenium.webdriver.support.wait.WebDriverWait (session=\"39886e1c3787c7eae2974a5795ce96ce\")>, method = <function element_to_be_clickable.<locals>._predicate at 0x0000014AE4E1B520>, message = ''\n\n    def until(self, method: Callable[[D], Union[Literal[False], T]], message: str = \"\") -> T:\n        \"\"\"Wait until the method returns a value that is not False.\n    \n        Calls the method provided with the driver as an argument until the\n        return value does not evaluate to ``False``.\n    \n        Parameters:\n        -----------\n        method: callable(WebDriver)\n            - A callable object that takes a WebDriver instance as an argument.\n    \n        message: str\n            - Optional message for :exc:`TimeoutException`\n    \n        Return:\n        -------\n        object: T\n            - The result of the last call to `method`\n    \n        Raises:\n        -------\n        TimeoutException\n            - If 'method' does not return a truthy value within the WebDriverWait\n            object's timeout\n    \n        Example:\n        --------\n        >>> from selenium.webdriver.common.by import By\n        >>> from selenium.webdriver.support.ui import WebDriverWait\n        >>> from selenium.webdriver.support import expected_conditions as EC\n    \n        # Wait until an element is visible on the page\n        >>> wait = WebDriverWait(driver, 10)\n        >>> element = wait.until(EC.visibility_of_element_located((By.ID, \"exampleId\")))\n        >>> print(element.text)\n        \"\"\"\n        screen = None\n        stacktrace = None\n    \n        end_time = time.monotonic() + self._timeout\n        while True:\n            try:\n                value = method(self._driver)\n                if value:\n                    return value\n            except self._ignored_exceptions as exc:\n                screen = getattr(exc, \"screen\", None)\n                stacktrace = getattr(exc, \"stacktrace\", None)\n            if time.monotonic() > end_time:\n                break\n            time.sleep(self._poll)\n>       raise TimeoutException(message, screen, stacktrace)\nE       selenium.common.exceptions.TimeoutException: Message: \nE       Stacktrace:\nE       \tGetHandleVerifier [0x0x7ff613186f65+78965]\nE       \tGetHandleVerifier [0x0x7ff613186fc0+79056]\nE       \t(No symbol) [0x0x7ff612f19dda]\nE       \t(No symbol) [0x0x7ff612f702ea]\nE       \t(No symbol) [0x0x7ff612f7059c]\nE       \t(No symbol) [0x0x7ff612fc3f37]\nE       \t(No symbol) [0x0x7ff612f986af]\nE       \t(No symbol) [0x0x7ff612fc0dbe]\nE       \t(No symbol) [0x0x7ff612f98443]\nE       \t(No symbol) [0x0x7ff612f61311]\nE       \t(No symbol) [0x0x7ff612f620a3]\nE       \tGetHandleVerifier [0x0x7ff61343e26d+2926461]\nE       \tGetHandleVerifier [0x0x7ff613438993+2903715]\nE       \tGetHandleVerifier [0x0x7ff613456aed+3026941]\nE       \tGetHandleVerifier [0x0x7ff6131a16fe+187406]\nE       \tGetHandleVerifier [0x0x7ff6131a96ef+220159]\nE       \tGetHandleVerifier [0x0x7ff61318faf4+114692]\nE       \tGetHandleVerifier [0x0x7ff61318fca9+115129]\nE       \tGetHandleVerifier [0x0x7ff6131764d8+10728]\nE       \tBaseThreadInitThunk [0x0x7fff4faa7374+20]\nE       \tRtlUserThreadStart [0x0x7fff513dcc91+33]\n\nmyenv\\lib\\site-packages\\selenium\\webdriver\\support\\wait.py:138: TimeoutException\n\nDuring handling of the above exception, another exception occurred:\n\nself = <test_system.test_userRole.TestUserRolePage object at 0x0000014AE30CD000>, login_to_userrole = <selenium.webdriver.chrome.webdriver.WebDriver (session=\"39886e1c3787c7eae2974a5795ce96ce\")>\n\n    @allure.story(\"当前用户被锁定，点击解除当前锁定，取消锁定成功\")\n    # @pytest.mark.run(order=1)\n    def test_user_lock2(self, login_to_userrole):\n        driver = login_to_userrole  # WebDriver 实例\n        user = UserRolePage(driver)  # 用 driver 初始化 UserRolePage\n        name = '1user2'\n        user.select_input(name)\n        sleep(1)\n>       user.click_button(f'//table[@class=\"vxe-table--body\"]//tr/td[2]//span[text()=\"{name}\"]')\n\nTests\\test_system\\test_userRole.py:669: \n_ _ _ _ _ _ _ _ _ _ _ _ _ _ _ _ _ _ _ _ _ _ _ _ _ _ _ _ _ _ _ _ _ _ _ _ _ _ _ _ _ _ _ _ _ _ _ _ _ _ _ _ _ _ _ _ _ _ _ _ _ _ _ _ _ _ _ _ _ _ _ _ _ _ _ _ _ _ _ _ _ _ _ _ _ _ _ _ _ _ _ _ _ _ _ _ _ _ _ _ _ _ _ _ _ _ _ _ _ _ _ _ _ _ _ _\nPages\\systemPage\\userRole_page.py:24: in click_button\n    self.click(By.XPATH, xpath)\n_ _ _ _ _ _ _ _ _ _ _ _ _ _ _ _ _ _ _ _ _ _ _ _ _ _ _ _ _ _ _ _ _ _ _ _ _ _ _ _ _ _ _ _ _ _ _ _ _ _ _ _ _ _ _ _ _ _ _ _ _ _ _ _ _ _ _ _ _ _ _ _ _ _ _ _ _ _ _ _ _ _ _ _ _ _ _ _ _ _ _ _ _ _ _ _ _ _ _ _ _ _ _ _ _ _ _ _ _ _ _ _ _ _ _ _\n\nself = <Pages.systemPage.userRole_page.UserRolePage object at 0x0000014AE4DC4A90>, by_or_element = 'xpath', value = '//table[@class=\"vxe-table--body\"]//tr/td[2]//span[text()=\"1user2\"]', wait_time = 10\n\n    def click(self, by_or_element, value=None, wait_time=10):\n        if value is not None:\n            by = by_or_element\n            logging.info(f\"点击元素：By = {by}, Value = {value}\")\n            try:\n                element = WebDriverWait(self.driver, wait_time).until(\n                    EC.element_to_be_clickable((by, value))\n                )\n            except TimeoutException:\n                logging.warning(f\"❌ 点击超时：元素 {by} = {value} 未在 {wait_time} 秒内变为可点击\")\n>               raise TimeoutException(f\"点击失败，找不到元素：{by} = {value}\")\nE               selenium.common.exceptions.TimeoutException: Message: 点击失败，找不到元素：xpath = //table[@class=\"vxe-table--body\"]//tr/td[2]//span[text()=\"1user2\"]\n\nPages\\base_page.py:50: TimeoutException","flaky":false,"newFailed":false,"newBroken":false,"newPassed":false,"retriesCount":0,"retriesStatusChange":false,"beforeStages":[{"name":"login_to_userrole","time":{"start":1760983347011,"stop":1760983364202,"duration":17191},"status":"passed","steps":[],"attachments":[],"parameters":[],"stepsCount":0,"attachmentStep":false,"hasContent":false,"attachmentsCount":0,"shouldDisplayMessage":false}],"testStage":{"status":"broken","statusMessage":"selenium.common.exceptions.TimeoutException: Message: 点击失败，找不到元素：xpath = //table[@class=\"vxe-table--body\"]//tr/td[2]//span[text()=\"1user2\"]","statusTrace":"self = <Pages.systemPage.userRole_page.UserRolePage object at 0x0000014AE4DC4A90>, by_or_element = 'xpath', value = '//table[@class=\"vxe-table--body\"]//tr/td[2]//span[text()=\"1user2\"]', wait_time = 10\n\n    def click(self, by_or_element, value=None, wait_time=10):\n        if value is not None:\n            by = by_or_element\n            logging.info(f\"点击元素：By = {by}, Value = {value}\")\n            try:\n>               element = WebDriverWait(self.driver, wait_time).until(\n                    EC.element_to_be_clickable((by, value))\n                )\n\nPages\\base_page.py:45: \n_ _ _ _ _ _ _ _ _ _ _ _ _ _ _ _ _ _ _ _ _ _ _ _ _ _ _ _ _ _ _ _ _ _ _ _ _ _ _ _ _ _ _ _ _ _ _ _ _ _ _ _ _ _ _ _ _ _ _ _ _ _ _ _ _ _ _ _ _ _ _ _ _ _ _ _ _ _ _ _ _ _ _ _ _ _ _ _ _ _ _ _ _ _ _ _ _ _ _ _ _ _ _ _ _ _ _ _ _ _ _ _ _ _ _ _\n\nself = <selenium.webdriver.support.wait.WebDriverWait (session=\"39886e1c3787c7eae2974a5795ce96ce\")>, method = <function element_to_be_clickable.<locals>._predicate at 0x0000014AE4E1B520>, message = ''\n\n    def until(self, method: Callable[[D], Union[Literal[False], T]], message: str = \"\") -> T:\n        \"\"\"Wait until the method returns a value that is not False.\n    \n        Calls the method provided with the driver as an argument until the\n        return value does not evaluate to ``False``.\n    \n        Parameters:\n        -----------\n        method: callable(WebDriver)\n            - A callable object that takes a WebDriver instance as an argument.\n    \n        message: str\n            - Optional message for :exc:`TimeoutException`\n    \n        Return:\n        -------\n        object: T\n            - The result of the last call to `method`\n    \n        Raises:\n        -------\n        TimeoutException\n            - If 'method' does not return a truthy value within the WebDriverWait\n            object's timeout\n    \n        Example:\n        --------\n        >>> from selenium.webdriver.common.by import By\n        >>> from selenium.webdriver.support.ui import WebDriverWait\n        >>> from selenium.webdriver.support import expected_conditions as EC\n    \n        # Wait until an element is visible on the page\n        >>> wait = WebDriverWait(driver, 10)\n        >>> element = wait.until(EC.visibility_of_element_located((By.ID, \"exampleId\")))\n        >>> print(element.text)\n        \"\"\"\n        screen = None\n        stacktrace = None\n    \n        end_time = time.monotonic() + self._timeout\n        while True:\n            try:\n                value = method(self._driver)\n                if value:\n                    return value\n            except self._ignored_exceptions as exc:\n                screen = getattr(exc, \"screen\", None)\n                stacktrace = getattr(exc, \"stacktrace\", None)\n            if time.monotonic() > end_time:\n                break\n            time.sleep(self._poll)\n>       raise TimeoutException(message, screen, stacktrace)\nE       selenium.common.exceptions.TimeoutException: Message: \nE       Stacktrace:\nE       \tGetHandleVerifier [0x0x7ff613186f65+78965]\nE       \tGetHandleVerifier [0x0x7ff613186fc0+79056]\nE       \t(No symbol) [0x0x7ff612f19dda]\nE       \t(No symbol) [0x0x7ff612f702ea]\nE       \t(No symbol) [0x0x7ff612f7059c]\nE       \t(No symbol) [0x0x7ff612fc3f37]\nE       \t(No symbol) [0x0x7ff612f986af]\nE       \t(No symbol) [0x0x7ff612fc0dbe]\nE       \t(No symbol) [0x0x7ff612f98443]\nE       \t(No symbol) [0x0x7ff612f61311]\nE       \t(No symbol) [0x0x7ff612f620a3]\nE       \tGetHandleVerifier [0x0x7ff61343e26d+2926461]\nE       \tGetHandleVerifier [0x0x7ff613438993+2903715]\nE       \tGetHandleVerifier [0x0x7ff613456aed+3026941]\nE       \tGetHandleVerifier [0x0x7ff6131a16fe+187406]\nE       \tGetHandleVerifier [0x0x7ff6131a96ef+220159]\nE       \tGetHandleVerifier [0x0x7ff61318faf4+114692]\nE       \tGetHandleVerifier [0x0x7ff61318fca9+115129]\nE       \tGetHandleVerifier [0x0x7ff6131764d8+10728]\nE       \tBaseThreadInitThunk [0x0x7fff4faa7374+20]\nE       \tRtlUserThreadStart [0x0x7fff513dcc91+33]\n\nmyenv\\lib\\site-packages\\selenium\\webdriver\\support\\wait.py:138: TimeoutException\n\nDuring handling of the above exception, another exception occurred:\n\nself = <test_system.test_userRole.TestUserRolePage object at 0x0000014AE30CD000>, login_to_userrole = <selenium.webdriver.chrome.webdriver.WebDriver (session=\"39886e1c3787c7eae2974a5795ce96ce\")>\n\n    @allure.story(\"当前用户被锁定，点击解除当前锁定，取消锁定成功\")\n    # @pytest.mark.run(order=1)\n    def test_user_lock2(self, login_to_userrole):\n        driver = login_to_userrole  # WebDriver 实例\n        user = UserRolePage(driver)  # 用 driver 初始化 UserRolePage\n        name = '1user2'\n        user.select_input(name)\n        sleep(1)\n>       user.click_button(f'//table[@class=\"vxe-table--body\"]//tr/td[2]//span[text()=\"{name}\"]')\n\nTests\\test_system\\test_userRole.py:669: \n_ _ _ _ _ _ _ _ _ _ _ _ _ _ _ _ _ _ _ _ _ _ _ _ _ _ _ _ _ _ _ _ _ _ _ _ _ _ _ _ _ _ _ _ _ _ _ _ _ _ _ _ _ _ _ _ _ _ _ _ _ _ _ _ _ _ _ _ _ _ _ _ _ _ _ _ _ _ _ _ _ _ _ _ _ _ _ _ _ _ _ _ _ _ _ _ _ _ _ _ _ _ _ _ _ _ _ _ _ _ _ _ _ _ _ _\nPages\\systemPage\\userRole_page.py:24: in click_button\n    self.click(By.XPATH, xpath)\n_ _ _ _ _ _ _ _ _ _ _ _ _ _ _ _ _ _ _ _ _ _ _ _ _ _ _ _ _ _ _ _ _ _ _ _ _ _ _ _ _ _ _ _ _ _ _ _ _ _ _ _ _ _ _ _ _ _ _ _ _ _ _ _ _ _ _ _ _ _ _ _ _ _ _ _ _ _ _ _ _ _ _ _ _ _ _ _ _ _ _ _ _ _ _ _ _ _ _ _ _ _ _ _ _ _ _ _ _ _ _ _ _ _ _ _\n\nself = <Pages.systemPage.userRole_page.UserRolePage object at 0x0000014AE4DC4A90>, by_or_element = 'xpath', value = '//table[@class=\"vxe-table--body\"]//tr/td[2]//span[text()=\"1user2\"]', wait_time = 10\n\n    def click(self, by_or_element, value=None, wait_time=10):\n        if value is not None:\n            by = by_or_element\n            logging.info(f\"点击元素：By = {by}, Value = {value}\")\n            try:\n                element = WebDriverWait(self.driver, wait_time).until(\n                    EC.element_to_be_clickable((by, value))\n                )\n            except TimeoutException:\n                logging.warning(f\"❌ 点击超时：元素 {by} = {value} 未在 {wait_time} 秒内变为可点击\")\n>               raise TimeoutException(f\"点击失败，找不到元素：{by} = {value}\")\nE               selenium.common.exceptions.TimeoutException: Message: 点击失败，找不到元素：xpath = //table[@class=\"vxe-table--body\"]//tr/td[2]//span[text()=\"1user2\"]\n\nPages\\base_page.py:50: TimeoutException","steps":[],"attachments":[{"uid":"ea91c0b25725a4d4","name":"test_user_lock2_failure","source":"ea91c0b25725a4d4.png","type":"image/png","size":144915},{"uid":"fc2ad2914152c9f9","name":"test_user_lock2_source","source":"fc2ad2914152c9f9.html","type":"text/html","size":1179240},{"uid":"85f42d13ccb5d3f9","name":"log","source":"85f42d13ccb5d3f9.txt","type":"text/plain","size":1093}],"parameters":[],"stepsCount":0,"attachmentStep":false,"hasContent":true,"attachmentsCount":3,"shouldDisplayMessage":true},"afterStages":[{"name":"login_to_userrole::0","time":{"start":1760983378897,"stop":1760983381388,"duration":2491},"status":"passed","steps":[],"attachments":[],"parameters":[],"stepsCount":0,"attachmentStep":false,"hasContent":false,"attachmentsCount":0,"shouldDisplayMessage":false}],"labels":[{"name":"feature","value":"用户权限管理页用例"},{"name":"story","value":"当前用户被锁定，点击解除当前锁定，取消锁定成功"},{"name":"parentSuite","value":"Tests.test_system"},{"name":"suite","value":"test_userRole"},{"name":"subSuite","value":"TestUserRolePage"},{"name":"host","value":"WIN-20240820MJV"},{"name":"thread","value":"3232-MainThread"},{"name":"framework","value":"pytest"},{"name":"language","value":"cpython3"},{"name":"package","value":"Tests.test_system.test_userRole"},{"name":"resultFormat","value":"allure2"}],"parameters":[],"links":[],"hidden":false,"retry":false,"extra":{"severity":"normal","retries":[],"categories":[{"name":"Test defects","matchedStatuses":[]}],"tags":[]},"source":"3284d0cb07e0cad6.json","parameterValues":[]}