{"uid":"366600c966c424ba","name":"test_item_delsuccess3","fullName":"Tests.test_material.test_inTransitInventory.TestItemPage#test_item_delsuccess3","historyId":"261e36f6880468894ec821b24286f988","time":{"start":1753112596389,"stop":1753112606648,"duration":10259},"status":"broken","statusMessage":"selenium.common.exceptions.TimeoutException: Message: 点击失败，找不到元素：xpath = //tr[./td[2][.//span[text()=\"111\"]]]/td[2]","statusTrace":"self = <Pages.materialPage.warehouseLocation_page.WarehouseLocationPage object at 0x0000024D20091CF0>, by_or_element = 'xpath', value = '//tr[./td[2][.//span[text()=\"111\"]]]/td[2]'\nwait_time = 10\n\n    def click(self, by_or_element, value=None, wait_time=10):\n        if value is not None:\n            by = by_or_element\n            logging.info(f\"点击元素：By = {by}, Value = {value}\")\n            try:\n>               element = WebDriverWait(self.driver, wait_time).until(\n                    EC.element_to_be_clickable((by, value))\n                )\n\nPages\\base_page.py:42: \n_ _ _ _ _ _ _ _ _ _ _ _ _ _ _ _ _ _ _ _ _ _ _ _ _ _ _ _ _ _ _ _ _ _ _ _ _ _ _ _ _ _ _ _ _ _ _ _ _ _ _ _ _ _ _ _ _ _ _ _ _ _ _ _ _ _ _ _ _ _ _ _ _ _ _ _ _ _ _ _ _ _ _ _ _ _ _ _ _ _ _ _\n\nself = <selenium.webdriver.support.wait.WebDriverWait (session=\"0e5b7667fe367a906255208b193bc40f\")>\nmethod = <function element_to_be_clickable.<locals>._predicate at 0x0000024D2163E680>, message = ''\n\n    def until(self, method: Callable[[D], Union[Literal[False], T]], message: str = \"\") -> T:\n        \"\"\"Wait until the method returns a value that is not False.\n    \n        Calls the method provided with the driver as an argument until the\n        return value does not evaluate to ``False``.\n    \n        Parameters:\n        -----------\n        method: callable(WebDriver)\n            - A callable object that takes a WebDriver instance as an argument.\n    \n        message: str\n            - Optional message for :exc:`TimeoutException`\n    \n        Return:\n        -------\n        object: T\n            - The result of the last call to `method`\n    \n        Raises:\n        -------\n        TimeoutException\n            - If 'method' does not return a truthy value within the WebDriverWait\n            object's timeout\n    \n        Example:\n        --------\n        >>> from selenium.webdriver.common.by import By\n        >>> from selenium.webdriver.support.ui import WebDriverWait\n        >>> from selenium.webdriver.support import expected_conditions as EC\n    \n        # Wait until an element is visible on the page\n        >>> wait = WebDriverWait(driver, 10)\n        >>> element = wait.until(EC.visibility_of_element_located((By.ID, \"exampleId\")))\n        >>> print(element.text)\n        \"\"\"\n        screen = None\n        stacktrace = None\n    \n        end_time = time.monotonic() + self._timeout\n        while True:\n            try:\n                value = method(self._driver)\n                if value:\n                    return value\n            except self._ignored_exceptions as exc:\n                screen = getattr(exc, \"screen\", None)\n                stacktrace = getattr(exc, \"stacktrace\", None)\n            if time.monotonic() > end_time:\n                break\n            time.sleep(self._poll)\n>       raise TimeoutException(message, screen, stacktrace)\nE       selenium.common.exceptions.TimeoutException: Message: \nE       Stacktrace:\nE       \tGetHandleVerifier [0x0x7ff77a1f6f65+78965]\nE       \tGetHandleVerifier [0x0x7ff77a1f6fc0+79056]\nE       \t(No symbol) [0x0x7ff779f89dda]\nE       \t(No symbol) [0x0x7ff779fe02ea]\nE       \t(No symbol) [0x0x7ff779fe059c]\nE       \t(No symbol) [0x0x7ff77a033f37]\nE       \t(No symbol) [0x0x7ff77a0086af]\nE       \t(No symbol) [0x0x7ff77a030dbe]\nE       \t(No symbol) [0x0x7ff77a008443]\nE       \t(No symbol) [0x0x7ff779fd1311]\nE       \t(No symbol) [0x0x7ff779fd20a3]\nE       \tGetHandleVerifier [0x0x7ff77a4ae26d+2926461]\nE       \tGetHandleVerifier [0x0x7ff77a4a8993+2903715]\nE       \tGetHandleVerifier [0x0x7ff77a4c6aed+3026941]\nE       \tGetHandleVerifier [0x0x7ff77a2116fe+187406]\nE       \tGetHandleVerifier [0x0x7ff77a2196ef+220159]\nE       \tGetHandleVerifier [0x0x7ff77a1ffaf4+114692]\nE       \tGetHandleVerifier [0x0x7ff77a1ffca9+115129]\nE       \tGetHandleVerifier [0x0x7ff77a1e64d8+10728]\nE       \tBaseThreadInitThunk [0x0x7fff79487374+20]\nE       \tRtlUserThreadStart [0x0x7fff7967cc91+33]\n\nmyenv\\lib\\site-packages\\selenium\\webdriver\\support\\wait.py:138: TimeoutException\n\nDuring handling of the above exception, another exception occurred:\n\nself = <test_inTransitInventory.TestItemPage object at 0x0000024D1F72AC20>, login_to_item = <selenium.webdriver.chrome.webdriver.WebDriver (session=\"0e5b7667fe367a906255208b193bc40f\")>\n\n    @allure.story(\"删除数据成功\")\n    # @pytest.mark.run(order=1)\n    def test_item_delsuccess3(self, login_to_item):\n        # 定位内容为‘111’的行\n>       self.item.click_button('//tr[./td[2][.//span[text()=\"111\"]]]/td[2]')\n\nTests\\test_material\\test_inTransitInventory.py:481: \n_ _ _ _ _ _ _ _ _ _ _ _ _ _ _ _ _ _ _ _ _ _ _ _ _ _ _ _ _ _ _ _ _ _ _ _ _ _ _ _ _ _ _ _ _ _ _ _ _ _ _ _ _ _ _ _ _ _ _ _ _ _ _ _ _ _ _ _ _ _ _ _ _ _ _ _ _ _ _ _ _ _ _ _ _ _ _ _ _ _ _ _\nPages\\materialPage\\warehouseLocation_page.py:39: in click_button\n    self.click(By.XPATH, xpath)\n_ _ _ _ _ _ _ _ _ _ _ _ _ _ _ _ _ _ _ _ _ _ _ _ _ _ _ _ _ _ _ _ _ _ _ _ _ _ _ _ _ _ _ _ _ _ _ _ _ _ _ _ _ _ _ _ _ _ _ _ _ _ _ _ _ _ _ _ _ _ _ _ _ _ _ _ _ _ _ _ _ _ _ _ _ _ _ _ _ _ _ _\n\nself = <Pages.materialPage.warehouseLocation_page.WarehouseLocationPage object at 0x0000024D20091CF0>, by_or_element = 'xpath', value = '//tr[./td[2][.//span[text()=\"111\"]]]/td[2]'\nwait_time = 10\n\n    def click(self, by_or_element, value=None, wait_time=10):\n        if value is not None:\n            by = by_or_element\n            logging.info(f\"点击元素：By = {by}, Value = {value}\")\n            try:\n                element = WebDriverWait(self.driver, wait_time).until(\n                    EC.element_to_be_clickable((by, value))\n                )\n            except TimeoutException:\n                logging.warning(f\"❌ 点击超时：元素 {by} = {value} 未在 {wait_time} 秒内变为可点击\")\n                self.safe_screenshot(\"click_timeout\", test_name=\"test\")\n>               raise TimeoutException(f\"点击失败，找不到元素：{by} = {value}\")\nE               selenium.common.exceptions.TimeoutException: Message: 点击失败，找不到元素：xpath = //tr[./td[2][.//span[text()=\"111\"]]]/td[2]\n\nPages\\base_page.py:48: TimeoutException","flaky":false,"newFailed":false,"newBroken":false,"newPassed":false,"retriesCount":1,"retriesStatusChange":false,"beforeStages":[{"name":"login_to_item","time":{"start":1753112588255,"stop":1753112596386,"duration":8131},"status":"passed","steps":[],"attachments":[],"parameters":[],"attachmentsCount":0,"shouldDisplayMessage":false,"hasContent":false,"attachmentStep":false,"stepsCount":0},{"name":"setup","time":{"start":1753112596387,"stop":1753112596389,"duration":2},"status":"passed","steps":[],"attachments":[],"parameters":[],"attachmentsCount":0,"shouldDisplayMessage":false,"hasContent":false,"attachmentStep":false,"stepsCount":0}],"testStage":{"status":"broken","statusMessage":"selenium.common.exceptions.TimeoutException: Message: 点击失败，找不到元素：xpath = //tr[./td[2][.//span[text()=\"111\"]]]/td[2]","statusTrace":"self = <Pages.materialPage.warehouseLocation_page.WarehouseLocationPage object at 0x0000024D20091CF0>, by_or_element = 'xpath', value = '//tr[./td[2][.//span[text()=\"111\"]]]/td[2]'\nwait_time = 10\n\n    def click(self, by_or_element, value=None, wait_time=10):\n        if value is not None:\n            by = by_or_element\n            logging.info(f\"点击元素：By = {by}, Value = {value}\")\n            try:\n>               element = WebDriverWait(self.driver, wait_time).until(\n                    EC.element_to_be_clickable((by, value))\n                )\n\nPages\\base_page.py:42: \n_ _ _ _ _ _ _ _ _ _ _ _ _ _ _ _ _ _ _ _ _ _ _ _ _ _ _ _ _ _ _ _ _ _ _ _ _ _ _ _ _ _ _ _ _ _ _ _ _ _ _ _ _ _ _ _ _ _ _ _ _ _ _ _ _ _ _ _ _ _ _ _ _ _ _ _ _ _ _ _ _ _ _ _ _ _ _ _ _ _ _ _\n\nself = <selenium.webdriver.support.wait.WebDriverWait (session=\"0e5b7667fe367a906255208b193bc40f\")>\nmethod = <function element_to_be_clickable.<locals>._predicate at 0x0000024D2163E680>, message = ''\n\n    def until(self, method: Callable[[D], Union[Literal[False], T]], message: str = \"\") -> T:\n        \"\"\"Wait until the method returns a value that is not False.\n    \n        Calls the method provided with the driver as an argument until the\n        return value does not evaluate to ``False``.\n    \n        Parameters:\n        -----------\n        method: callable(WebDriver)\n            - A callable object that takes a WebDriver instance as an argument.\n    \n        message: str\n            - Optional message for :exc:`TimeoutException`\n    \n        Return:\n        -------\n        object: T\n            - The result of the last call to `method`\n    \n        Raises:\n        -------\n        TimeoutException\n            - If 'method' does not return a truthy value within the WebDriverWait\n            object's timeout\n    \n        Example:\n        --------\n        >>> from selenium.webdriver.common.by import By\n        >>> from selenium.webdriver.support.ui import WebDriverWait\n        >>> from selenium.webdriver.support import expected_conditions as EC\n    \n        # Wait until an element is visible on the page\n        >>> wait = WebDriverWait(driver, 10)\n        >>> element = wait.until(EC.visibility_of_element_located((By.ID, \"exampleId\")))\n        >>> print(element.text)\n        \"\"\"\n        screen = None\n        stacktrace = None\n    \n        end_time = time.monotonic() + self._timeout\n        while True:\n            try:\n                value = method(self._driver)\n                if value:\n                    return value\n            except self._ignored_exceptions as exc:\n                screen = getattr(exc, \"screen\", None)\n                stacktrace = getattr(exc, \"stacktrace\", None)\n            if time.monotonic() > end_time:\n                break\n            time.sleep(self._poll)\n>       raise TimeoutException(message, screen, stacktrace)\nE       selenium.common.exceptions.TimeoutException: Message: \nE       Stacktrace:\nE       \tGetHandleVerifier [0x0x7ff77a1f6f65+78965]\nE       \tGetHandleVerifier [0x0x7ff77a1f6fc0+79056]\nE       \t(No symbol) [0x0x7ff779f89dda]\nE       \t(No symbol) [0x0x7ff779fe02ea]\nE       \t(No symbol) [0x0x7ff779fe059c]\nE       \t(No symbol) [0x0x7ff77a033f37]\nE       \t(No symbol) [0x0x7ff77a0086af]\nE       \t(No symbol) [0x0x7ff77a030dbe]\nE       \t(No symbol) [0x0x7ff77a008443]\nE       \t(No symbol) [0x0x7ff779fd1311]\nE       \t(No symbol) [0x0x7ff779fd20a3]\nE       \tGetHandleVerifier [0x0x7ff77a4ae26d+2926461]\nE       \tGetHandleVerifier [0x0x7ff77a4a8993+2903715]\nE       \tGetHandleVerifier [0x0x7ff77a4c6aed+3026941]\nE       \tGetHandleVerifier [0x0x7ff77a2116fe+187406]\nE       \tGetHandleVerifier [0x0x7ff77a2196ef+220159]\nE       \tGetHandleVerifier [0x0x7ff77a1ffaf4+114692]\nE       \tGetHandleVerifier [0x0x7ff77a1ffca9+115129]\nE       \tGetHandleVerifier [0x0x7ff77a1e64d8+10728]\nE       \tBaseThreadInitThunk [0x0x7fff79487374+20]\nE       \tRtlUserThreadStart [0x0x7fff7967cc91+33]\n\nmyenv\\lib\\site-packages\\selenium\\webdriver\\support\\wait.py:138: TimeoutException\n\nDuring handling of the above exception, another exception occurred:\n\nself = <test_inTransitInventory.TestItemPage object at 0x0000024D1F72AC20>, login_to_item = <selenium.webdriver.chrome.webdriver.WebDriver (session=\"0e5b7667fe367a906255208b193bc40f\")>\n\n    @allure.story(\"删除数据成功\")\n    # @pytest.mark.run(order=1)\n    def test_item_delsuccess3(self, login_to_item):\n        # 定位内容为‘111’的行\n>       self.item.click_button('//tr[./td[2][.//span[text()=\"111\"]]]/td[2]')\n\nTests\\test_material\\test_inTransitInventory.py:481: \n_ _ _ _ _ _ _ _ _ _ _ _ _ _ _ _ _ _ _ _ _ _ _ _ _ _ _ _ _ _ _ _ _ _ _ _ _ _ _ _ _ _ _ _ _ _ _ _ _ _ _ _ _ _ _ _ _ _ _ _ _ _ _ _ _ _ _ _ _ _ _ _ _ _ _ _ _ _ _ _ _ _ _ _ _ _ _ _ _ _ _ _\nPages\\materialPage\\warehouseLocation_page.py:39: in click_button\n    self.click(By.XPATH, xpath)\n_ _ _ _ _ _ _ _ _ _ _ _ _ _ _ _ _ _ _ _ _ _ _ _ _ _ _ _ _ _ _ _ _ _ _ _ _ _ _ _ _ _ _ _ _ _ _ _ _ _ _ _ _ _ _ _ _ _ _ _ _ _ _ _ _ _ _ _ _ _ _ _ _ _ _ _ _ _ _ _ _ _ _ _ _ _ _ _ _ _ _ _\n\nself = <Pages.materialPage.warehouseLocation_page.WarehouseLocationPage object at 0x0000024D20091CF0>, by_or_element = 'xpath', value = '//tr[./td[2][.//span[text()=\"111\"]]]/td[2]'\nwait_time = 10\n\n    def click(self, by_or_element, value=None, wait_time=10):\n        if value is not None:\n            by = by_or_element\n            logging.info(f\"点击元素：By = {by}, Value = {value}\")\n            try:\n                element = WebDriverWait(self.driver, wait_time).until(\n                    EC.element_to_be_clickable((by, value))\n                )\n            except TimeoutException:\n                logging.warning(f\"❌ 点击超时：元素 {by} = {value} 未在 {wait_time} 秒内变为可点击\")\n                self.safe_screenshot(\"click_timeout\", test_name=\"test\")\n>               raise TimeoutException(f\"点击失败，找不到元素：{by} = {value}\")\nE               selenium.common.exceptions.TimeoutException: Message: 点击失败，找不到元素：xpath = //tr[./td[2][.//span[text()=\"111\"]]]/td[2]\n\nPages\\base_page.py:48: TimeoutException","steps":[],"attachments":[{"uid":"c4de0f36e1dd4b03","name":"test_click_timeout","source":"c4de0f36e1dd4b03.png","type":"image/png","size":131160},{"uid":"449789806f2ebf87","name":"log","source":"449789806f2ebf87.txt","type":"text/plain","size":2403}],"parameters":[],"attachmentsCount":2,"shouldDisplayMessage":true,"hasContent":true,"attachmentStep":false,"stepsCount":0},"afterStages":[{"name":"login_to_item::0","time":{"start":1753112606663,"stop":1753112608788,"duration":2125},"status":"passed","steps":[],"attachments":[],"parameters":[],"attachmentsCount":0,"shouldDisplayMessage":false,"hasContent":false,"attachmentStep":false,"stepsCount":0}],"labels":[{"name":"story","value":"删除数据成功"},{"name":"feature","value":"在途库存测试用例"},{"name":"parentSuite","value":"Tests.test_material"},{"name":"suite","value":"test_inTransitInventory"},{"name":"subSuite","value":"TestItemPage"},{"name":"host","value":"WIN-20240820MJV"},{"name":"thread","value":"26464-MainThread"},{"name":"framework","value":"pytest"},{"name":"language","value":"cpython3"},{"name":"package","value":"Tests.test_material.test_inTransitInventory"},{"name":"resultFormat","value":"allure2"}],"parameters":[],"links":[],"hidden":false,"retry":false,"extra":{"severity":"normal","retries":[{"uid":"1c5accb503d8cd57","status":"broken","statusDetails":"selenium.common.exceptions.TimeoutException: Message: 点击失败，找不到元素：xpath = //tr[./td[2][.//span[text()=\"111\"]]]/td[2]","time":{"start":1753112575853,"stop":1753112586111,"duration":10258}}],"categories":[{"name":"Test defects","matchedStatuses":[]}],"tags":[]},"source":"366600c966c424ba.json","parameterValues":[]}