{"uid":"3a9c92fdce140c32","name":"test_item_addsuccess1","fullName":"Tests.test_material.test_demandSourceMan.TestItemPage#test_item_addsuccess1","historyId":"fb431c1afee074db599f073d7fcec264","time":{"start":1755187124529,"stop":1755187198336,"duration":73807},"status":"broken","statusMessage":"selenium.common.exceptions.TimeoutException: Message: 点击失败，找不到元素：xpath = (//button[@type=\"button\"]/span[text()=\"确定\"])[4]","statusTrace":"self = <Pages.materialPage.warehouseLocation_page.WarehouseLocationPage object at 0x0000019971A99AB0>, by_or_element = 'xpath'\nvalue = '(//button[@type=\"button\"]/span[text()=\"确定\"])[4]', wait_time = 10\n\n    def click(self, by_or_element, value=None, wait_time=10):\n        if value is not None:\n            by = by_or_element\n            logging.info(f\"点击元素：By = {by}, Value = {value}\")\n            try:\n>               element = WebDriverWait(self.driver, wait_time).until(\n                    EC.element_to_be_clickable((by, value))\n                )\n\nPages\\base_page.py:45: \n_ _ _ _ _ _ _ _ _ _ _ _ _ _ _ _ _ _ _ _ _ _ _ _ _ _ _ _ _ _ _ _ _ _ _ _ _ _ _ _ _ _ _ _ _ _ _ _ _ _ _ _ _ _ _ _ _ _ _ _ _ _ _ _ _ _ _ _ _ _ _ _ _ _ _ _ _ _ _ _ _ _ _ _ _ _ _ _ _ _ _ _\n\nself = <selenium.webdriver.support.wait.WebDriverWait (session=\"873e160774aad6b80299ae28c0aab813\")>\nmethod = <function element_to_be_clickable.<locals>._predicate at 0x0000019972197370>, message = ''\n\n    def until(self, method: Callable[[D], Union[Literal[False], T]], message: str = \"\") -> T:\n        \"\"\"Wait until the method returns a value that is not False.\n    \n        Calls the method provided with the driver as an argument until the\n        return value does not evaluate to ``False``.\n    \n        Parameters:\n        -----------\n        method: callable(WebDriver)\n            - A callable object that takes a WebDriver instance as an argument.\n    \n        message: str\n            - Optional message for :exc:`TimeoutException`\n    \n        Return:\n        -------\n        object: T\n            - The result of the last call to `method`\n    \n        Raises:\n        -------\n        TimeoutException\n            - If 'method' does not return a truthy value within the WebDriverWait\n            object's timeout\n    \n        Example:\n        --------\n        >>> from selenium.webdriver.common.by import By\n        >>> from selenium.webdriver.support.ui import WebDriverWait\n        >>> from selenium.webdriver.support import expected_conditions as EC\n    \n        # Wait until an element is visible on the page\n        >>> wait = WebDriverWait(driver, 10)\n        >>> element = wait.until(EC.visibility_of_element_located((By.ID, \"exampleId\")))\n        >>> print(element.text)\n        \"\"\"\n        screen = None\n        stacktrace = None\n    \n        end_time = time.monotonic() + self._timeout\n        while True:\n            try:\n                value = method(self._driver)\n                if value:\n                    return value\n            except self._ignored_exceptions as exc:\n                screen = getattr(exc, \"screen\", None)\n                stacktrace = getattr(exc, \"stacktrace\", None)\n            if time.monotonic() > end_time:\n                break\n            time.sleep(self._poll)\n>       raise TimeoutException(message, screen, stacktrace)\nE       selenium.common.exceptions.TimeoutException: Message: \nE       Stacktrace:\nE       \tGetHandleVerifier [0x0x7ff7f9df6f65+78965]\nE       \tGetHandleVerifier [0x0x7ff7f9df6fc0+79056]\nE       \t(No symbol) [0x0x7ff7f9b89dda]\nE       \t(No symbol) [0x0x7ff7f9be02ea]\nE       \t(No symbol) [0x0x7ff7f9be059c]\nE       \t(No symbol) [0x0x7ff7f9c33f37]\nE       \t(No symbol) [0x0x7ff7f9c086af]\nE       \t(No symbol) [0x0x7ff7f9c30dbe]\nE       \t(No symbol) [0x0x7ff7f9c08443]\nE       \t(No symbol) [0x0x7ff7f9bd1311]\nE       \t(No symbol) [0x0x7ff7f9bd20a3]\nE       \tGetHandleVerifier [0x0x7ff7fa0ae26d+2926461]\nE       \tGetHandleVerifier [0x0x7ff7fa0a8993+2903715]\nE       \tGetHandleVerifier [0x0x7ff7fa0c6aed+3026941]\nE       \tGetHandleVerifier [0x0x7ff7f9e116fe+187406]\nE       \tGetHandleVerifier [0x0x7ff7f9e196ef+220159]\nE       \tGetHandleVerifier [0x0x7ff7f9dffaf4+114692]\nE       \tGetHandleVerifier [0x0x7ff7f9dffca9+115129]\nE       \tGetHandleVerifier [0x0x7ff7f9de64d8+10728]\nE       \tBaseThreadInitThunk [0x0x7ffcd4147374+20]\nE       \tRtlUserThreadStart [0x0x7ffcd4dfcc91+33]\n\nmyenv\\lib\\site-packages\\selenium\\webdriver\\support\\wait.py:138: TimeoutException\n\nDuring handling of the above exception, another exception occurred:\n\nself = <test_material.test_demandSourceMan.TestItemPage object at 0x0000019971781FC0>\nlogin_to_item = <selenium.webdriver.chrome.webdriver.WebDriver (session=\"873e160774aad6b80299ae28c0aab813\")>\n\n    @allure.story(\"添加测试数据\")\n    # @pytest.mark.run(order=1)\n    def test_item_addsuccess1(self, login_to_item):\n    \n        self.item.click_add_button()  # 检查点击添加\n        # 输入框要修改的值\n        text_str = \"222\"\n        date_str = \"2025/07/23 00:00:00\"\n        # 新增输入框的xpath\n        input_xpath_list = [\n            \"//div[@id='rta286cd-4col']//input\",\n            \"//div[@id='66fs3ka3-ul4k']//input\",\n            \"//div[@id='xvo43ah2-gj6p']//input\",\n            \"//div[@id='qh1vnphz-0cqy']//input\",\n            \"//div[@id='ddn5nlv3-myjg']//input\"\n        ]\n        # 编辑输入框的xpath（判断是否新增成功用的）\n        input_xpath_list2 = [\n            \"//div[@id='bj6kxqe3-e8d6']//input\",\n            \"//div[@id='2xq4wbqm-i07g']//input\",\n            \"//div[@id='xr3hl02y-kvwd']//input\",\n            \"//div[@id='q2eosdwd-mk2k']//input\",\n            \"//div[@id='9o985n3x-9hdz']//input\"\n        ]\n    \n        # 新增日期选择框的xpath\n        date_xpath_list = [\"//div[@id='9tbuqose-wzrv']//input\"]\n        # 编辑新增日期选择框的xpath\n        date_xpath_list2 = [\"//div[@id='gq66qiep-c94c']//input\"]\n    \n        sleep(1)\n        # 批量修改输入框\n        self.item.batch_modify_input(input_xpath_list, text_str)\n        self.item.batch_modify_input(date_xpath_list, date_str)\n    \n        sleep(1)\n        # 点击确定\n>       self.item.click_button('(//button[@type=\"button\"]/span[text()=\"确定\"])[4]')\n\nTests\\test_material\\test_demandSourceMan.py:306: \n_ _ _ _ _ _ _ _ _ _ _ _ _ _ _ _ _ _ _ _ _ _ _ _ _ _ _ _ _ _ _ _ _ _ _ _ _ _ _ _ _ _ _ _ _ _ _ _ _ _ _ _ _ _ _ _ _ _ _ _ _ _ _ _ _ _ _ _ _ _ _ _ _ _ _ _ _ _ _ _ _ _ _ _ _ _ _ _ _ _ _ _\nPages\\materialPage\\warehouseLocation_page.py:60: in click_button\n    self.click(By.XPATH, xpath)\n_ _ _ _ _ _ _ _ _ _ _ _ _ _ _ _ _ _ _ _ _ _ _ _ _ _ _ _ _ _ _ _ _ _ _ _ _ _ _ _ _ _ _ _ _ _ _ _ _ _ _ _ _ _ _ _ _ _ _ _ _ _ _ _ _ _ _ _ _ _ _ _ _ _ _ _ _ _ _ _ _ _ _ _ _ _ _ _ _ _ _ _\n\nself = <Pages.materialPage.warehouseLocation_page.WarehouseLocationPage object at 0x0000019971A99AB0>, by_or_element = 'xpath'\nvalue = '(//button[@type=\"button\"]/span[text()=\"确定\"])[4]', wait_time = 10\n\n    def click(self, by_or_element, value=None, wait_time=10):\n        if value is not None:\n            by = by_or_element\n            logging.info(f\"点击元素：By = {by}, Value = {value}\")\n            try:\n                element = WebDriverWait(self.driver, wait_time).until(\n                    EC.element_to_be_clickable((by, value))\n                )\n            except TimeoutException:\n                logging.warning(f\"❌ 点击超时：元素 {by} = {value} 未在 {wait_time} 秒内变为可点击\")\n>               raise TimeoutException(f\"点击失败，找不到元素：{by} = {value}\")\nE               selenium.common.exceptions.TimeoutException: Message: 点击失败，找不到元素：xpath = (//button[@type=\"button\"]/span[text()=\"确定\"])[4]\n\nPages\\base_page.py:50: TimeoutException","flaky":false,"newFailed":false,"newBroken":false,"newPassed":false,"retriesCount":0,"retriesStatusChange":false,"beforeStages":[{"name":"login_to_item","time":{"start":1755187043350,"stop":1755187053545,"duration":10195},"status":"passed","steps":[],"attachments":[],"parameters":[],"attachmentStep":false,"hasContent":false,"stepsCount":0,"shouldDisplayMessage":false,"attachmentsCount":0},{"name":"setup","time":{"start":1755187124527,"stop":1755187124529,"duration":2},"status":"passed","steps":[],"attachments":[],"parameters":[],"attachmentStep":false,"hasContent":false,"stepsCount":0,"shouldDisplayMessage":false,"attachmentsCount":0}],"testStage":{"status":"broken","statusMessage":"selenium.common.exceptions.TimeoutException: Message: 点击失败，找不到元素：xpath = (//button[@type=\"button\"]/span[text()=\"确定\"])[4]","statusTrace":"self = <Pages.materialPage.warehouseLocation_page.WarehouseLocationPage object at 0x0000019971A99AB0>, by_or_element = 'xpath'\nvalue = '(//button[@type=\"button\"]/span[text()=\"确定\"])[4]', wait_time = 10\n\n    def click(self, by_or_element, value=None, wait_time=10):\n        if value is not None:\n            by = by_or_element\n            logging.info(f\"点击元素：By = {by}, Value = {value}\")\n            try:\n>               element = WebDriverWait(self.driver, wait_time).until(\n                    EC.element_to_be_clickable((by, value))\n                )\n\nPages\\base_page.py:45: \n_ _ _ _ _ _ _ _ _ _ _ _ _ _ _ _ _ _ _ _ _ _ _ _ _ _ _ _ _ _ _ _ _ _ _ _ _ _ _ _ _ _ _ _ _ _ _ _ _ _ _ _ _ _ _ _ _ _ _ _ _ _ _ _ _ _ _ _ _ _ _ _ _ _ _ _ _ _ _ _ _ _ _ _ _ _ _ _ _ _ _ _\n\nself = <selenium.webdriver.support.wait.WebDriverWait (session=\"873e160774aad6b80299ae28c0aab813\")>\nmethod = <function element_to_be_clickable.<locals>._predicate at 0x0000019972197370>, message = ''\n\n    def until(self, method: Callable[[D], Union[Literal[False], T]], message: str = \"\") -> T:\n        \"\"\"Wait until the method returns a value that is not False.\n    \n        Calls the method provided with the driver as an argument until the\n        return value does not evaluate to ``False``.\n    \n        Parameters:\n        -----------\n        method: callable(WebDriver)\n            - A callable object that takes a WebDriver instance as an argument.\n    \n        message: str\n            - Optional message for :exc:`TimeoutException`\n    \n        Return:\n        -------\n        object: T\n            - The result of the last call to `method`\n    \n        Raises:\n        -------\n        TimeoutException\n            - If 'method' does not return a truthy value within the WebDriverWait\n            object's timeout\n    \n        Example:\n        --------\n        >>> from selenium.webdriver.common.by import By\n        >>> from selenium.webdriver.support.ui import WebDriverWait\n        >>> from selenium.webdriver.support import expected_conditions as EC\n    \n        # Wait until an element is visible on the page\n        >>> wait = WebDriverWait(driver, 10)\n        >>> element = wait.until(EC.visibility_of_element_located((By.ID, \"exampleId\")))\n        >>> print(element.text)\n        \"\"\"\n        screen = None\n        stacktrace = None\n    \n        end_time = time.monotonic() + self._timeout\n        while True:\n            try:\n                value = method(self._driver)\n                if value:\n                    return value\n            except self._ignored_exceptions as exc:\n                screen = getattr(exc, \"screen\", None)\n                stacktrace = getattr(exc, \"stacktrace\", None)\n            if time.monotonic() > end_time:\n                break\n            time.sleep(self._poll)\n>       raise TimeoutException(message, screen, stacktrace)\nE       selenium.common.exceptions.TimeoutException: Message: \nE       Stacktrace:\nE       \tGetHandleVerifier [0x0x7ff7f9df6f65+78965]\nE       \tGetHandleVerifier [0x0x7ff7f9df6fc0+79056]\nE       \t(No symbol) [0x0x7ff7f9b89dda]\nE       \t(No symbol) [0x0x7ff7f9be02ea]\nE       \t(No symbol) [0x0x7ff7f9be059c]\nE       \t(No symbol) [0x0x7ff7f9c33f37]\nE       \t(No symbol) [0x0x7ff7f9c086af]\nE       \t(No symbol) [0x0x7ff7f9c30dbe]\nE       \t(No symbol) [0x0x7ff7f9c08443]\nE       \t(No symbol) [0x0x7ff7f9bd1311]\nE       \t(No symbol) [0x0x7ff7f9bd20a3]\nE       \tGetHandleVerifier [0x0x7ff7fa0ae26d+2926461]\nE       \tGetHandleVerifier [0x0x7ff7fa0a8993+2903715]\nE       \tGetHandleVerifier [0x0x7ff7fa0c6aed+3026941]\nE       \tGetHandleVerifier [0x0x7ff7f9e116fe+187406]\nE       \tGetHandleVerifier [0x0x7ff7f9e196ef+220159]\nE       \tGetHandleVerifier [0x0x7ff7f9dffaf4+114692]\nE       \tGetHandleVerifier [0x0x7ff7f9dffca9+115129]\nE       \tGetHandleVerifier [0x0x7ff7f9de64d8+10728]\nE       \tBaseThreadInitThunk [0x0x7ffcd4147374+20]\nE       \tRtlUserThreadStart [0x0x7ffcd4dfcc91+33]\n\nmyenv\\lib\\site-packages\\selenium\\webdriver\\support\\wait.py:138: TimeoutException\n\nDuring handling of the above exception, another exception occurred:\n\nself = <test_material.test_demandSourceMan.TestItemPage object at 0x0000019971781FC0>\nlogin_to_item = <selenium.webdriver.chrome.webdriver.WebDriver (session=\"873e160774aad6b80299ae28c0aab813\")>\n\n    @allure.story(\"添加测试数据\")\n    # @pytest.mark.run(order=1)\n    def test_item_addsuccess1(self, login_to_item):\n    \n        self.item.click_add_button()  # 检查点击添加\n        # 输入框要修改的值\n        text_str = \"222\"\n        date_str = \"2025/07/23 00:00:00\"\n        # 新增输入框的xpath\n        input_xpath_list = [\n            \"//div[@id='rta286cd-4col']//input\",\n            \"//div[@id='66fs3ka3-ul4k']//input\",\n            \"//div[@id='xvo43ah2-gj6p']//input\",\n            \"//div[@id='qh1vnphz-0cqy']//input\",\n            \"//div[@id='ddn5nlv3-myjg']//input\"\n        ]\n        # 编辑输入框的xpath（判断是否新增成功用的）\n        input_xpath_list2 = [\n            \"//div[@id='bj6kxqe3-e8d6']//input\",\n            \"//div[@id='2xq4wbqm-i07g']//input\",\n            \"//div[@id='xr3hl02y-kvwd']//input\",\n            \"//div[@id='q2eosdwd-mk2k']//input\",\n            \"//div[@id='9o985n3x-9hdz']//input\"\n        ]\n    \n        # 新增日期选择框的xpath\n        date_xpath_list = [\"//div[@id='9tbuqose-wzrv']//input\"]\n        # 编辑新增日期选择框的xpath\n        date_xpath_list2 = [\"//div[@id='gq66qiep-c94c']//input\"]\n    \n        sleep(1)\n        # 批量修改输入框\n        self.item.batch_modify_input(input_xpath_list, text_str)\n        self.item.batch_modify_input(date_xpath_list, date_str)\n    \n        sleep(1)\n        # 点击确定\n>       self.item.click_button('(//button[@type=\"button\"]/span[text()=\"确定\"])[4]')\n\nTests\\test_material\\test_demandSourceMan.py:306: \n_ _ _ _ _ _ _ _ _ _ _ _ _ _ _ _ _ _ _ _ _ _ _ _ _ _ _ _ _ _ _ _ _ _ _ _ _ _ _ _ _ _ _ _ _ _ _ _ _ _ _ _ _ _ _ _ _ _ _ _ _ _ _ _ _ _ _ _ _ _ _ _ _ _ _ _ _ _ _ _ _ _ _ _ _ _ _ _ _ _ _ _\nPages\\materialPage\\warehouseLocation_page.py:60: in click_button\n    self.click(By.XPATH, xpath)\n_ _ _ _ _ _ _ _ _ _ _ _ _ _ _ _ _ _ _ _ _ _ _ _ _ _ _ _ _ _ _ _ _ _ _ _ _ _ _ _ _ _ _ _ _ _ _ _ _ _ _ _ _ _ _ _ _ _ _ _ _ _ _ _ _ _ _ _ _ _ _ _ _ _ _ _ _ _ _ _ _ _ _ _ _ _ _ _ _ _ _ _\n\nself = <Pages.materialPage.warehouseLocation_page.WarehouseLocationPage object at 0x0000019971A99AB0>, by_or_element = 'xpath'\nvalue = '(//button[@type=\"button\"]/span[text()=\"确定\"])[4]', wait_time = 10\n\n    def click(self, by_or_element, value=None, wait_time=10):\n        if value is not None:\n            by = by_or_element\n            logging.info(f\"点击元素：By = {by}, Value = {value}\")\n            try:\n                element = WebDriverWait(self.driver, wait_time).until(\n                    EC.element_to_be_clickable((by, value))\n                )\n            except TimeoutException:\n                logging.warning(f\"❌ 点击超时：元素 {by} = {value} 未在 {wait_time} 秒内变为可点击\")\n>               raise TimeoutException(f\"点击失败，找不到元素：{by} = {value}\")\nE               selenium.common.exceptions.TimeoutException: Message: 点击失败，找不到元素：xpath = (//button[@type=\"button\"]/span[text()=\"确定\"])[4]\n\nPages\\base_page.py:50: TimeoutException","steps":[],"attachments":[{"uid":"c057aa1ad3531705","name":"log","source":"c057aa1ad3531705.txt","type":"text/plain","size":470}],"parameters":[],"attachmentStep":false,"hasContent":true,"stepsCount":0,"shouldDisplayMessage":true,"attachmentsCount":1},"afterStages":[{"name":"login_to_item::0","time":{"start":1755187932839,"stop":1755187935002,"duration":2163},"status":"passed","steps":[],"attachments":[],"parameters":[],"attachmentStep":false,"hasContent":false,"stepsCount":0,"shouldDisplayMessage":false,"attachmentsCount":0}],"labels":[{"name":"feature","value":"物控需求定义测试用例"},{"name":"story","value":"添加测试数据"},{"name":"parentSuite","value":"Tests.test_material"},{"name":"suite","value":"test_demandSourceMan"},{"name":"subSuite","value":"TestItemPage"},{"name":"host","value":"WIN-20240820MJV"},{"name":"thread","value":"16980-MainThread"},{"name":"framework","value":"pytest"},{"name":"language","value":"cpython3"},{"name":"package","value":"Tests.test_material.test_demandSourceMan"},{"name":"resultFormat","value":"allure2"}],"parameters":[],"links":[],"hidden":true,"retry":true,"extra":{"categories":[],"tags":[]},"source":"3a9c92fdce140c32.json","parameterValues":[]}