{"uid":"3d4b70607d1f040e","name":"test_apps_addnum","fullName":"Tests.test_system.test_apps.TestSAppsPage#test_apps_addnum","historyId":"570fb89e41ca817fa4348b5563e3b504","time":{"start":1761255939446,"stop":1761255947312,"duration":7866},"status":"broken","statusMessage":"Exception: 点击失败：Message: stale element reference: stale element not found in the current frame\n  (Session info: chrome=137.0.7151.69); For documentation on this error, please visit: https://www.selenium.dev/documentation/webdriver/troubleshooting/errors#stale-element-reference-exception\nStacktrace:\n\tGetHandleVerifier [0x0x7ff6e4aa6f65+78965]\n\tGetHandleVerifier [0x0x7ff6e4aa6fc0+79056]\n\t(No symbol) [0x0x7ff6e4839dda]\n\t(No symbol) [0x0x7ff6e48417c1]\n\t(No symbol) [0x0x7ff6e484482c]\n\t(No symbol) [0x0x7ff6e48448ff]\n\t(No symbol) [0x0x7ff6e48981cb]\n\t(No symbol) [0x0x7ff6e48956f1]\n\t(No symbol) [0x0x7ff6e4892cd1]\n\t(No symbol) [0x0x7ff6e4891c44]\n\t(No symbol) [0x0x7ff6e4883635]\n\t(No symbol) [0x0x7ff6e48b866a]\n\t(No symbol) [0x0x7ff6e4882b56]\n\t(No symbol) [0x0x7ff6e48b8880]\n\t(No symbol) [0x0x7ff6e48e0dbe]\n\t(No symbol) [0x0x7ff6e48b8443]\n\t(No symbol) [0x0x7ff6e4881311]\n\t(No symbol) [0x0x7ff6e48820a3]\n\tGetHandleVerifier [0x0x7ff6e4d5e26d+2926461]\n\tGetHandleVerifier [0x0x7ff6e4d58993+2903715]\n\tGetHandleVerifier [0x0x7ff6e4d76aed+3026941]\n\tGetHandleVerifier [0x0x7ff6e4ac16fe+187406]\n\tGetHandleVerifier [0x0x7ff6e4ac96ef+220159]\n\tGetHandleVerifier [0x0x7ff6e4aafaf4+114692]\n\tGetHandleVerifier [0x0x7ff6e4aafca9+115129]\n\tGetHandleVerifier [0x0x7ff6e4a964d8+10728]\n\tBaseThreadInitThunk [0x0x7ffee1537374+20]\n\tRtlUserThreadStart [0x0x7ffee1a7cc91+33]","statusTrace":"self = <Pages.systemPage.apps_page.AppsPage object at 0x000001FC195D4970>, by_or_element = 'xpath', value = '//table[@class=\"vxe-table--body\"]//tr/td[2]//span[text()=\"appstest1\"]', wait_time = 10\n\n    def click(self, by_or_element, value=None, wait_time=10):\n        if value is not None:\n            by = by_or_element\n            logging.info(f\"点击元素：By = {by}, Value = {value}\")\n            try:\n                element = WebDriverWait(self.driver, wait_time).until(\n                    EC.element_to_be_clickable((by, value))\n                )\n            except TimeoutException:\n                logging.warning(f\"❌ 点击超时：元素 {by} = {value} 未在 {wait_time} 秒内变为可点击\")\n                raise TimeoutException(f\"点击失败，找不到元素：{by} = {value}\")\n        else:\n            logging.info(\"点击元素：WebElement 对象\")\n            element = by_or_element\n    \n        try:\n>           element.click()\n\nPages\\base_page.py:56: \n_ _ _ _ _ _ _ _ _ _ _ _ _ _ _ _ _ _ _ _ _ _ _ _ _ _ _ _ _ _ _ _ _ _ _ _ _ _ _ _ _ _ _ _ _ _ _ _ _ _ _ _ _ _ _ _ _ _ _ _ _ _ _ _ _ _ _ _ _ _ _ _ _ _ _ _ _ _ _ _ _ _ _ _ _ _ _ _ _ _ _ _ _ _ _ _ _ _ _ _ _ _ _ _ _ _ _ _ _ _ _ _ _ _ _ _\nmyenv\\lib\\site-packages\\selenium\\webdriver\\remote\\webelement.py:121: in click\n    self._execute(Command.CLICK_ELEMENT)\nmyenv\\lib\\site-packages\\selenium\\webdriver\\remote\\webelement.py:574: in _execute\n    return self._parent.execute(command, params)\nmyenv\\lib\\site-packages\\selenium\\webdriver\\remote\\webdriver.py:447: in execute\n    self.error_handler.check_response(response)\n_ _ _ _ _ _ _ _ _ _ _ _ _ _ _ _ _ _ _ _ _ _ _ _ _ _ _ _ _ _ _ _ _ _ _ _ _ _ _ _ _ _ _ _ _ _ _ _ _ _ _ _ _ _ _ _ _ _ _ _ _ _ _ _ _ _ _ _ _ _ _ _ _ _ _ _ _ _ _ _ _ _ _ _ _ _ _ _ _ _ _ _ _ _ _ _ _ _ _ _ _ _ _ _ _ _ _ _ _ _ _ _ _ _ _ _\n\nself = <selenium.webdriver.remote.errorhandler.ErrorHandler object at 0x000001FC195D76A0>\nresponse = {'status': 404, 'value': '{\"value\":{\"error\":\"stale element reference\",\"message\":\"stale element reference: stale elemen...ff6e4a964d8+10728]\\\\n\\\\tBaseThreadInitThunk [0x0x7ffee1537374+20]\\\\n\\\\tRtlUserThreadStart [0x0x7ffee1a7cc91+33]\\\\n\"}}'}\n\n    def check_response(self, response: Dict[str, Any]) -> None:\n        \"\"\"Checks that a JSON response from the WebDriver does not have an\n        error.\n    \n        :Args:\n         - response - The JSON response from the WebDriver server as a dictionary\n           object.\n    \n        :Raises: If the response contains an error message.\n        \"\"\"\n        status = response.get(\"status\", None)\n        if not status or status == ErrorCode.SUCCESS:\n            return\n        value = None\n        message = response.get(\"message\", \"\")\n        screen: str = response.get(\"screen\", \"\")\n        stacktrace = None\n        if isinstance(status, int):\n            value_json = response.get(\"value\", None)\n            if value_json and isinstance(value_json, str):\n                import json\n    \n                try:\n                    value = json.loads(value_json)\n                    if len(value) == 1:\n                        value = value[\"value\"]\n                    status = value.get(\"error\", None)\n                    if not status:\n                        status = value.get(\"status\", ErrorCode.UNKNOWN_ERROR)\n                        message = value.get(\"value\") or value.get(\"message\")\n                        if not isinstance(message, str):\n                            value = message\n                            message = message.get(\"message\")\n                    else:\n                        message = value.get(\"message\", None)\n                except ValueError:\n                    pass\n    \n        exception_class: Type[WebDriverException]\n        e = ErrorCode()\n        error_codes = [item for item in dir(e) if not item.startswith(\"__\")]\n        for error_code in error_codes:\n            error_info = getattr(ErrorCode, error_code)\n            if isinstance(error_info, list) and status in error_info:\n                exception_class = getattr(ExceptionMapping, error_code, WebDriverException)\n                break\n        else:\n            exception_class = WebDriverException\n    \n        if not value:\n            value = response[\"value\"]\n        if isinstance(value, str):\n            raise exception_class(value)\n        if message == \"\" and \"message\" in value:\n            message = value[\"message\"]\n    \n        screen = None  # type: ignore[assignment]\n        if \"screen\" in value:\n            screen = value[\"screen\"]\n    \n        stacktrace = None\n        st_value = value.get(\"stackTrace\") or value.get(\"stacktrace\")\n        if st_value:\n            if isinstance(st_value, str):\n                stacktrace = st_value.split(\"\\n\")\n            else:\n                stacktrace = []\n                try:\n                    for frame in st_value:\n                        line = frame.get(\"lineNumber\", \"\")\n                        file = frame.get(\"fileName\", \"<anonymous>\")\n                        if line:\n                            file = f\"{file}:{line}\"\n                        meth = frame.get(\"methodName\", \"<anonymous>\")\n                        if \"className\" in frame:\n                            meth = f\"{frame['className']}.{meth}\"\n                        msg = \"    at %s (%s)\"\n                        msg = msg % (meth, file)\n                        stacktrace.append(msg)\n                except TypeError:\n                    pass\n        if exception_class == UnexpectedAlertPresentException:\n            alert_text = None\n            if \"data\" in value:\n                alert_text = value[\"data\"].get(\"text\")\n            elif \"alert\" in value:\n                alert_text = value[\"alert\"].get(\"text\")\n            raise exception_class(message, screen, stacktrace, alert_text)  # type: ignore[call-arg]  # mypy is not smart enough here\n>       raise exception_class(message, screen, stacktrace)\nE       selenium.common.exceptions.StaleElementReferenceException: Message: stale element reference: stale element not found in the current frame\nE         (Session info: chrome=137.0.7151.69); For documentation on this error, please visit: https://www.selenium.dev/documentation/webdriver/troubleshooting/errors#stale-element-reference-exception\nE       Stacktrace:\nE       \tGetHandleVerifier [0x0x7ff6e4aa6f65+78965]\nE       \tGetHandleVerifier [0x0x7ff6e4aa6fc0+79056]\nE       \t(No symbol) [0x0x7ff6e4839dda]\nE       \t(No symbol) [0x0x7ff6e48417c1]\nE       \t(No symbol) [0x0x7ff6e484482c]\nE       \t(No symbol) [0x0x7ff6e48448ff]\nE       \t(No symbol) [0x0x7ff6e48981cb]\nE       \t(No symbol) [0x0x7ff6e48956f1]\nE       \t(No symbol) [0x0x7ff6e4892cd1]\nE       \t(No symbol) [0x0x7ff6e4891c44]\nE       \t(No symbol) [0x0x7ff6e4883635]\nE       \t(No symbol) [0x0x7ff6e48b866a]\nE       \t(No symbol) [0x0x7ff6e4882b56]\nE       \t(No symbol) [0x0x7ff6e48b8880]\nE       \t(No symbol) [0x0x7ff6e48e0dbe]\nE       \t(No symbol) [0x0x7ff6e48b8443]\nE       \t(No symbol) [0x0x7ff6e4881311]\nE       \t(No symbol) [0x0x7ff6e48820a3]\nE       \tGetHandleVerifier [0x0x7ff6e4d5e26d+2926461]\nE       \tGetHandleVerifier [0x0x7ff6e4d58993+2903715]\nE       \tGetHandleVerifier [0x0x7ff6e4d76aed+3026941]\nE       \tGetHandleVerifier [0x0x7ff6e4ac16fe+187406]\nE       \tGetHandleVerifier [0x0x7ff6e4ac96ef+220159]\nE       \tGetHandleVerifier [0x0x7ff6e4aafaf4+114692]\nE       \tGetHandleVerifier [0x0x7ff6e4aafca9+115129]\nE       \tGetHandleVerifier [0x0x7ff6e4a964d8+10728]\nE       \tBaseThreadInitThunk [0x0x7ffee1537374+20]\nE       \tRtlUserThreadStart [0x0x7ffee1a7cc91+33]\n\nmyenv\\lib\\site-packages\\selenium\\webdriver\\remote\\errorhandler.py:232: StaleElementReferenceException\n\nDuring handling of the above exception, another exception occurred:\n\nself = <test_system.test_apps.TestSAppsPage object at 0x000001FC193E2740>, login_to_apps = <selenium.webdriver.chrome.webdriver.WebDriver (session=\"97813c45e92f4f35b8695a2e817d00dd\")>\n\n    @allure.story(\"数字文本框 只允许填写数字\")\n    # @pytest.mark.run(order=1)\n    def test_apps_addnum(self, login_to_apps):\n        driver = login_to_apps  # WebDriver 实例\n        apps = AppsPage(driver)  # 用 driver 初始化 ExpressionPage\n        name = \"appstest1\"\n        apps.wait_for_loading_to_disappear()\n        apps.select_input(name)\n>       apps.click_button(f'//table[@class=\"vxe-table--body\"]//tr/td[2]//span[text()=\"{name}\"]')\n\nTests\\test_system\\test_apps.py:295: \n_ _ _ _ _ _ _ _ _ _ _ _ _ _ _ _ _ _ _ _ _ _ _ _ _ _ _ _ _ _ _ _ _ _ _ _ _ _ _ _ _ _ _ _ _ _ _ _ _ _ _ _ _ _ _ _ _ _ _ _ _ _ _ _ _ _ _ _ _ _ _ _ _ _ _ _ _ _ _ _ _ _ _ _ _ _ _ _ _ _ _ _ _ _ _ _ _ _ _ _ _ _ _ _ _ _ _ _ _ _ _ _ _ _ _ _\nPages\\systemPage\\apps_page.py:24: in click_button\n    self.click(By.XPATH, xpath)\n_ _ _ _ _ _ _ _ _ _ _ _ _ _ _ _ _ _ _ _ _ _ _ _ _ _ _ _ _ _ _ _ _ _ _ _ _ _ _ _ _ _ _ _ _ _ _ _ _ _ _ _ _ _ _ _ _ _ _ _ _ _ _ _ _ _ _ _ _ _ _ _ _ _ _ _ _ _ _ _ _ _ _ _ _ _ _ _ _ _ _ _ _ _ _ _ _ _ _ _ _ _ _ _ _ _ _ _ _ _ _ _ _ _ _ _\n\nself = <Pages.systemPage.apps_page.AppsPage object at 0x000001FC195D4970>, by_or_element = 'xpath', value = '//table[@class=\"vxe-table--body\"]//tr/td[2]//span[text()=\"appstest1\"]', wait_time = 10\n\n    def click(self, by_or_element, value=None, wait_time=10):\n        if value is not None:\n            by = by_or_element\n            logging.info(f\"点击元素：By = {by}, Value = {value}\")\n            try:\n                element = WebDriverWait(self.driver, wait_time).until(\n                    EC.element_to_be_clickable((by, value))\n                )\n            except TimeoutException:\n                logging.warning(f\"❌ 点击超时：元素 {by} = {value} 未在 {wait_time} 秒内变为可点击\")\n                raise TimeoutException(f\"点击失败，找不到元素：{by} = {value}\")\n        else:\n            logging.info(\"点击元素：WebElement 对象\")\n            element = by_or_element\n    \n        try:\n            element.click()\n        except ElementClickInterceptedException:\n            logging.warning(\"⚠️ 原生点击被拦截，尝试使用 JS 点击\")\n            self.driver.execute_script(\"arguments[0].click();\", element)\n        except Exception as e:\n            logging.warning(f\"点击失败：{e}\")\n>           raise Exception(f\"点击失败：{e}\")\nE           Exception: 点击失败：Message: stale element reference: stale element not found in the current frame\nE             (Session info: chrome=137.0.7151.69); For documentation on this error, please visit: https://www.selenium.dev/documentation/webdriver/troubleshooting/errors#stale-element-reference-exception\nE           Stacktrace:\nE           \tGetHandleVerifier [0x0x7ff6e4aa6f65+78965]\nE           \tGetHandleVerifier [0x0x7ff6e4aa6fc0+79056]\nE           \t(No symbol) [0x0x7ff6e4839dda]\nE           \t(No symbol) [0x0x7ff6e48417c1]\nE           \t(No symbol) [0x0x7ff6e484482c]\nE           \t(No symbol) [0x0x7ff6e48448ff]\nE           \t(No symbol) [0x0x7ff6e48981cb]\nE           \t(No symbol) [0x0x7ff6e48956f1]\nE           \t(No symbol) [0x0x7ff6e4892cd1]\nE           \t(No symbol) [0x0x7ff6e4891c44]\nE           \t(No symbol) [0x0x7ff6e4883635]\nE           \t(No symbol) [0x0x7ff6e48b866a]\nE           \t(No symbol) [0x0x7ff6e4882b56]\nE           \t(No symbol) [0x0x7ff6e48b8880]\nE           \t(No symbol) [0x0x7ff6e48e0dbe]\nE           \t(No symbol) [0x0x7ff6e48b8443]\nE           \t(No symbol) [0x0x7ff6e4881311]\nE           \t(No symbol) [0x0x7ff6e48820a3]\nE           \tGetHandleVerifier [0x0x7ff6e4d5e26d+2926461]\nE           \tGetHandleVerifier [0x0x7ff6e4d58993+2903715]\nE           \tGetHandleVerifier [0x0x7ff6e4d76aed+3026941]\nE           \tGetHandleVerifier [0x0x7ff6e4ac16fe+187406]\nE           \tGetHandleVerifier [0x0x7ff6e4ac96ef+220159]\nE           \tGetHandleVerifier [0x0x7ff6e4aafaf4+114692]\nE           \tGetHandleVerifier [0x0x7ff6e4aafca9+115129]\nE           \tGetHandleVerifier [0x0x7ff6e4a964d8+10728]\nE           \tBaseThreadInitThunk [0x0x7ffee1537374+20]\nE           \tRtlUserThreadStart [0x0x7ffee1a7cc91+33]\n\nPages\\base_page.py:62: Exception","flaky":false,"newFailed":false,"newBroken":false,"newPassed":false,"retriesCount":0,"retriesStatusChange":false,"beforeStages":[{"name":"login_to_apps","time":{"start":1761255921583,"stop":1761255939443,"duration":17860},"status":"passed","steps":[],"attachments":[],"parameters":[],"hasContent":false,"attachmentStep":false,"stepsCount":0,"attachmentsCount":0,"shouldDisplayMessage":false}],"testStage":{"status":"broken","statusMessage":"Exception: 点击失败：Message: stale element reference: stale element not found in the current frame\n  (Session info: chrome=137.0.7151.69); For documentation on this error, please visit: https://www.selenium.dev/documentation/webdriver/troubleshooting/errors#stale-element-reference-exception\nStacktrace:\n\tGetHandleVerifier [0x0x7ff6e4aa6f65+78965]\n\tGetHandleVerifier [0x0x7ff6e4aa6fc0+79056]\n\t(No symbol) [0x0x7ff6e4839dda]\n\t(No symbol) [0x0x7ff6e48417c1]\n\t(No symbol) [0x0x7ff6e484482c]\n\t(No symbol) [0x0x7ff6e48448ff]\n\t(No symbol) [0x0x7ff6e48981cb]\n\t(No symbol) [0x0x7ff6e48956f1]\n\t(No symbol) [0x0x7ff6e4892cd1]\n\t(No symbol) [0x0x7ff6e4891c44]\n\t(No symbol) [0x0x7ff6e4883635]\n\t(No symbol) [0x0x7ff6e48b866a]\n\t(No symbol) [0x0x7ff6e4882b56]\n\t(No symbol) [0x0x7ff6e48b8880]\n\t(No symbol) [0x0x7ff6e48e0dbe]\n\t(No symbol) [0x0x7ff6e48b8443]\n\t(No symbol) [0x0x7ff6e4881311]\n\t(No symbol) [0x0x7ff6e48820a3]\n\tGetHandleVerifier [0x0x7ff6e4d5e26d+2926461]\n\tGetHandleVerifier [0x0x7ff6e4d58993+2903715]\n\tGetHandleVerifier [0x0x7ff6e4d76aed+3026941]\n\tGetHandleVerifier [0x0x7ff6e4ac16fe+187406]\n\tGetHandleVerifier [0x0x7ff6e4ac96ef+220159]\n\tGetHandleVerifier [0x0x7ff6e4aafaf4+114692]\n\tGetHandleVerifier [0x0x7ff6e4aafca9+115129]\n\tGetHandleVerifier [0x0x7ff6e4a964d8+10728]\n\tBaseThreadInitThunk [0x0x7ffee1537374+20]\n\tRtlUserThreadStart [0x0x7ffee1a7cc91+33]","statusTrace":"self = <Pages.systemPage.apps_page.AppsPage object at 0x000001FC195D4970>, by_or_element = 'xpath', value = '//table[@class=\"vxe-table--body\"]//tr/td[2]//span[text()=\"appstest1\"]', wait_time = 10\n\n    def click(self, by_or_element, value=None, wait_time=10):\n        if value is not None:\n            by = by_or_element\n            logging.info(f\"点击元素：By = {by}, Value = {value}\")\n            try:\n                element = WebDriverWait(self.driver, wait_time).until(\n                    EC.element_to_be_clickable((by, value))\n                )\n            except TimeoutException:\n                logging.warning(f\"❌ 点击超时：元素 {by} = {value} 未在 {wait_time} 秒内变为可点击\")\n                raise TimeoutException(f\"点击失败，找不到元素：{by} = {value}\")\n        else:\n            logging.info(\"点击元素：WebElement 对象\")\n            element = by_or_element\n    \n        try:\n>           element.click()\n\nPages\\base_page.py:56: \n_ _ _ _ _ _ _ _ _ _ _ _ _ _ _ _ _ _ _ _ _ _ _ _ _ _ _ _ _ _ _ _ _ _ _ _ _ _ _ _ _ _ _ _ _ _ _ _ _ _ _ _ _ _ _ _ _ _ _ _ _ _ _ _ _ _ _ _ _ _ _ _ _ _ _ _ _ _ _ _ _ _ _ _ _ _ _ _ _ _ _ _ _ _ _ _ _ _ _ _ _ _ _ _ _ _ _ _ _ _ _ _ _ _ _ _\nmyenv\\lib\\site-packages\\selenium\\webdriver\\remote\\webelement.py:121: in click\n    self._execute(Command.CLICK_ELEMENT)\nmyenv\\lib\\site-packages\\selenium\\webdriver\\remote\\webelement.py:574: in _execute\n    return self._parent.execute(command, params)\nmyenv\\lib\\site-packages\\selenium\\webdriver\\remote\\webdriver.py:447: in execute\n    self.error_handler.check_response(response)\n_ _ _ _ _ _ _ _ _ _ _ _ _ _ _ _ _ _ _ _ _ _ _ _ _ _ _ _ _ _ _ _ _ _ _ _ _ _ _ _ _ _ _ _ _ _ _ _ _ _ _ _ _ _ _ _ _ _ _ _ _ _ _ _ _ _ _ _ _ _ _ _ _ _ _ _ _ _ _ _ _ _ _ _ _ _ _ _ _ _ _ _ _ _ _ _ _ _ _ _ _ _ _ _ _ _ _ _ _ _ _ _ _ _ _ _\n\nself = <selenium.webdriver.remote.errorhandler.ErrorHandler object at 0x000001FC195D76A0>\nresponse = {'status': 404, 'value': '{\"value\":{\"error\":\"stale element reference\",\"message\":\"stale element reference: stale elemen...ff6e4a964d8+10728]\\\\n\\\\tBaseThreadInitThunk [0x0x7ffee1537374+20]\\\\n\\\\tRtlUserThreadStart [0x0x7ffee1a7cc91+33]\\\\n\"}}'}\n\n    def check_response(self, response: Dict[str, Any]) -> None:\n        \"\"\"Checks that a JSON response from the WebDriver does not have an\n        error.\n    \n        :Args:\n         - response - The JSON response from the WebDriver server as a dictionary\n           object.\n    \n        :Raises: If the response contains an error message.\n        \"\"\"\n        status = response.get(\"status\", None)\n        if not status or status == ErrorCode.SUCCESS:\n            return\n        value = None\n        message = response.get(\"message\", \"\")\n        screen: str = response.get(\"screen\", \"\")\n        stacktrace = None\n        if isinstance(status, int):\n            value_json = response.get(\"value\", None)\n            if value_json and isinstance(value_json, str):\n                import json\n    \n                try:\n                    value = json.loads(value_json)\n                    if len(value) == 1:\n                        value = value[\"value\"]\n                    status = value.get(\"error\", None)\n                    if not status:\n                        status = value.get(\"status\", ErrorCode.UNKNOWN_ERROR)\n                        message = value.get(\"value\") or value.get(\"message\")\n                        if not isinstance(message, str):\n                            value = message\n                            message = message.get(\"message\")\n                    else:\n                        message = value.get(\"message\", None)\n                except ValueError:\n                    pass\n    \n        exception_class: Type[WebDriverException]\n        e = ErrorCode()\n        error_codes = [item for item in dir(e) if not item.startswith(\"__\")]\n        for error_code in error_codes:\n            error_info = getattr(ErrorCode, error_code)\n            if isinstance(error_info, list) and status in error_info:\n                exception_class = getattr(ExceptionMapping, error_code, WebDriverException)\n                break\n        else:\n            exception_class = WebDriverException\n    \n        if not value:\n            value = response[\"value\"]\n        if isinstance(value, str):\n            raise exception_class(value)\n        if message == \"\" and \"message\" in value:\n            message = value[\"message\"]\n    \n        screen = None  # type: ignore[assignment]\n        if \"screen\" in value:\n            screen = value[\"screen\"]\n    \n        stacktrace = None\n        st_value = value.get(\"stackTrace\") or value.get(\"stacktrace\")\n        if st_value:\n            if isinstance(st_value, str):\n                stacktrace = st_value.split(\"\\n\")\n            else:\n                stacktrace = []\n                try:\n                    for frame in st_value:\n                        line = frame.get(\"lineNumber\", \"\")\n                        file = frame.get(\"fileName\", \"<anonymous>\")\n                        if line:\n                            file = f\"{file}:{line}\"\n                        meth = frame.get(\"methodName\", \"<anonymous>\")\n                        if \"className\" in frame:\n                            meth = f\"{frame['className']}.{meth}\"\n                        msg = \"    at %s (%s)\"\n                        msg = msg % (meth, file)\n                        stacktrace.append(msg)\n                except TypeError:\n                    pass\n        if exception_class == UnexpectedAlertPresentException:\n            alert_text = None\n            if \"data\" in value:\n                alert_text = value[\"data\"].get(\"text\")\n            elif \"alert\" in value:\n                alert_text = value[\"alert\"].get(\"text\")\n            raise exception_class(message, screen, stacktrace, alert_text)  # type: ignore[call-arg]  # mypy is not smart enough here\n>       raise exception_class(message, screen, stacktrace)\nE       selenium.common.exceptions.StaleElementReferenceException: Message: stale element reference: stale element not found in the current frame\nE         (Session info: chrome=137.0.7151.69); For documentation on this error, please visit: https://www.selenium.dev/documentation/webdriver/troubleshooting/errors#stale-element-reference-exception\nE       Stacktrace:\nE       \tGetHandleVerifier [0x0x7ff6e4aa6f65+78965]\nE       \tGetHandleVerifier [0x0x7ff6e4aa6fc0+79056]\nE       \t(No symbol) [0x0x7ff6e4839dda]\nE       \t(No symbol) [0x0x7ff6e48417c1]\nE       \t(No symbol) [0x0x7ff6e484482c]\nE       \t(No symbol) [0x0x7ff6e48448ff]\nE       \t(No symbol) [0x0x7ff6e48981cb]\nE       \t(No symbol) [0x0x7ff6e48956f1]\nE       \t(No symbol) [0x0x7ff6e4892cd1]\nE       \t(No symbol) [0x0x7ff6e4891c44]\nE       \t(No symbol) [0x0x7ff6e4883635]\nE       \t(No symbol) [0x0x7ff6e48b866a]\nE       \t(No symbol) [0x0x7ff6e4882b56]\nE       \t(No symbol) [0x0x7ff6e48b8880]\nE       \t(No symbol) [0x0x7ff6e48e0dbe]\nE       \t(No symbol) [0x0x7ff6e48b8443]\nE       \t(No symbol) [0x0x7ff6e4881311]\nE       \t(No symbol) [0x0x7ff6e48820a3]\nE       \tGetHandleVerifier [0x0x7ff6e4d5e26d+2926461]\nE       \tGetHandleVerifier [0x0x7ff6e4d58993+2903715]\nE       \tGetHandleVerifier [0x0x7ff6e4d76aed+3026941]\nE       \tGetHandleVerifier [0x0x7ff6e4ac16fe+187406]\nE       \tGetHandleVerifier [0x0x7ff6e4ac96ef+220159]\nE       \tGetHandleVerifier [0x0x7ff6e4aafaf4+114692]\nE       \tGetHandleVerifier [0x0x7ff6e4aafca9+115129]\nE       \tGetHandleVerifier [0x0x7ff6e4a964d8+10728]\nE       \tBaseThreadInitThunk [0x0x7ffee1537374+20]\nE       \tRtlUserThreadStart [0x0x7ffee1a7cc91+33]\n\nmyenv\\lib\\site-packages\\selenium\\webdriver\\remote\\errorhandler.py:232: StaleElementReferenceException\n\nDuring handling of the above exception, another exception occurred:\n\nself = <test_system.test_apps.TestSAppsPage object at 0x000001FC193E2740>, login_to_apps = <selenium.webdriver.chrome.webdriver.WebDriver (session=\"97813c45e92f4f35b8695a2e817d00dd\")>\n\n    @allure.story(\"数字文本框 只允许填写数字\")\n    # @pytest.mark.run(order=1)\n    def test_apps_addnum(self, login_to_apps):\n        driver = login_to_apps  # WebDriver 实例\n        apps = AppsPage(driver)  # 用 driver 初始化 ExpressionPage\n        name = \"appstest1\"\n        apps.wait_for_loading_to_disappear()\n        apps.select_input(name)\n>       apps.click_button(f'//table[@class=\"vxe-table--body\"]//tr/td[2]//span[text()=\"{name}\"]')\n\nTests\\test_system\\test_apps.py:295: \n_ _ _ _ _ _ _ _ _ _ _ _ _ _ _ _ _ _ _ _ _ _ _ _ _ _ _ _ _ _ _ _ _ _ _ _ _ _ _ _ _ _ _ _ _ _ _ _ _ _ _ _ _ _ _ _ _ _ _ _ _ _ _ _ _ _ _ _ _ _ _ _ _ _ _ _ _ _ _ _ _ _ _ _ _ _ _ _ _ _ _ _ _ _ _ _ _ _ _ _ _ _ _ _ _ _ _ _ _ _ _ _ _ _ _ _\nPages\\systemPage\\apps_page.py:24: in click_button\n    self.click(By.XPATH, xpath)\n_ _ _ _ _ _ _ _ _ _ _ _ _ _ _ _ _ _ _ _ _ _ _ _ _ _ _ _ _ _ _ _ _ _ _ _ _ _ _ _ _ _ _ _ _ _ _ _ _ _ _ _ _ _ _ _ _ _ _ _ _ _ _ _ _ _ _ _ _ _ _ _ _ _ _ _ _ _ _ _ _ _ _ _ _ _ _ _ _ _ _ _ _ _ _ _ _ _ _ _ _ _ _ _ _ _ _ _ _ _ _ _ _ _ _ _\n\nself = <Pages.systemPage.apps_page.AppsPage object at 0x000001FC195D4970>, by_or_element = 'xpath', value = '//table[@class=\"vxe-table--body\"]//tr/td[2]//span[text()=\"appstest1\"]', wait_time = 10\n\n    def click(self, by_or_element, value=None, wait_time=10):\n        if value is not None:\n            by = by_or_element\n            logging.info(f\"点击元素：By = {by}, Value = {value}\")\n            try:\n                element = WebDriverWait(self.driver, wait_time).until(\n                    EC.element_to_be_clickable((by, value))\n                )\n            except TimeoutException:\n                logging.warning(f\"❌ 点击超时：元素 {by} = {value} 未在 {wait_time} 秒内变为可点击\")\n                raise TimeoutException(f\"点击失败，找不到元素：{by} = {value}\")\n        else:\n            logging.info(\"点击元素：WebElement 对象\")\n            element = by_or_element\n    \n        try:\n            element.click()\n        except ElementClickInterceptedException:\n            logging.warning(\"⚠️ 原生点击被拦截，尝试使用 JS 点击\")\n            self.driver.execute_script(\"arguments[0].click();\", element)\n        except Exception as e:\n            logging.warning(f\"点击失败：{e}\")\n>           raise Exception(f\"点击失败：{e}\")\nE           Exception: 点击失败：Message: stale element reference: stale element not found in the current frame\nE             (Session info: chrome=137.0.7151.69); For documentation on this error, please visit: https://www.selenium.dev/documentation/webdriver/troubleshooting/errors#stale-element-reference-exception\nE           Stacktrace:\nE           \tGetHandleVerifier [0x0x7ff6e4aa6f65+78965]\nE           \tGetHandleVerifier [0x0x7ff6e4aa6fc0+79056]\nE           \t(No symbol) [0x0x7ff6e4839dda]\nE           \t(No symbol) [0x0x7ff6e48417c1]\nE           \t(No symbol) [0x0x7ff6e484482c]\nE           \t(No symbol) [0x0x7ff6e48448ff]\nE           \t(No symbol) [0x0x7ff6e48981cb]\nE           \t(No symbol) [0x0x7ff6e48956f1]\nE           \t(No symbol) [0x0x7ff6e4892cd1]\nE           \t(No symbol) [0x0x7ff6e4891c44]\nE           \t(No symbol) [0x0x7ff6e4883635]\nE           \t(No symbol) [0x0x7ff6e48b866a]\nE           \t(No symbol) [0x0x7ff6e4882b56]\nE           \t(No symbol) [0x0x7ff6e48b8880]\nE           \t(No symbol) [0x0x7ff6e48e0dbe]\nE           \t(No symbol) [0x0x7ff6e48b8443]\nE           \t(No symbol) [0x0x7ff6e4881311]\nE           \t(No symbol) [0x0x7ff6e48820a3]\nE           \tGetHandleVerifier [0x0x7ff6e4d5e26d+2926461]\nE           \tGetHandleVerifier [0x0x7ff6e4d58993+2903715]\nE           \tGetHandleVerifier [0x0x7ff6e4d76aed+3026941]\nE           \tGetHandleVerifier [0x0x7ff6e4ac16fe+187406]\nE           \tGetHandleVerifier [0x0x7ff6e4ac96ef+220159]\nE           \tGetHandleVerifier [0x0x7ff6e4aafaf4+114692]\nE           \tGetHandleVerifier [0x0x7ff6e4aafca9+115129]\nE           \tGetHandleVerifier [0x0x7ff6e4a964d8+10728]\nE           \tBaseThreadInitThunk [0x0x7ffee1537374+20]\nE           \tRtlUserThreadStart [0x0x7ffee1a7cc91+33]\n\nPages\\base_page.py:62: Exception","steps":[],"attachments":[{"uid":"59122b7b64054013","name":"test_apps_addnum_failure","source":"59122b7b64054013.png","type":"image/png","size":76956},{"uid":"8463645f97a1316b","name":"test_apps_addnum_source","source":"8463645f97a1316b.html","type":"text/html","size":1207398},{"uid":"6780f3f5b1a22f8d","name":"log","source":"6780f3f5b1a22f8d.txt","type":"text/plain","size":2409}],"parameters":[],"hasContent":true,"attachmentStep":false,"stepsCount":0,"attachmentsCount":3,"shouldDisplayMessage":true},"afterStages":[{"name":"login_to_apps::0","time":{"start":1761255948169,"stop":1761255950722,"duration":2553},"status":"passed","steps":[],"attachments":[],"parameters":[],"hasContent":false,"attachmentStep":false,"stepsCount":0,"attachmentsCount":0,"shouldDisplayMessage":false}],"labels":[{"name":"feature","value":"应用管理页用例"},{"name":"story","value":"数字文本框 只允许填写数字"},{"name":"parentSuite","value":"Tests.test_system"},{"name":"suite","value":"test_apps"},{"name":"subSuite","value":"TestSAppsPage"},{"name":"host","value":"WIN-20240820MJV"},{"name":"thread","value":"21764-MainThread"},{"name":"framework","value":"pytest"},{"name":"language","value":"cpython3"},{"name":"package","value":"Tests.test_system.test_apps"},{"name":"resultFormat","value":"allure2"}],"parameters":[],"links":[],"hidden":true,"retry":true,"extra":{"categories":[],"tags":[]},"source":"3d4b70607d1f040e.json","parameterValues":[]}