{"uid":"3e26096928d63cbe","name":"test_planUnit_textverify","fullName":"Tests.test_system.test_planUnit.TestPlanUnitPage#test_planUnit_textverify","historyId":"8aa73ce934f36f514fcc95bc93e41b39","time":{"start":1761070510650,"stop":1761070523610,"duration":12960},"status":"failed","statusMessage":"AssertionError: assert 0 == 1\n +  where 0 = len([])","statusTrace":"self = <test_system.test_planUnit.TestPlanUnitPage object at 0x00000173A68E4B20>, login_to_planUnit = <selenium.webdriver.chrome.webdriver.WebDriver (session=\"997abc7ab8a9bf867965683566060eba\")>\n\n    @allure.story(\"文本框的校验\")\n    # @pytest.mark.run(order=1)\n    def test_planUnit_textverify(self, login_to_planUnit):\n        driver = login_to_planUnit  # WebDriver 实例\n        unit = PlanUnitPage(driver)  # 用 driver 初始化 PlanUnitPage\n        name = \"111111111111111133331122221111222221111111113333111111144444111111111111111111111111111111111111111111111111\"\n        module = \"标准\"\n        unit.add_plan_unit(name, module)\n        unit.select_input(name)\n        unit.click_button(\n            '(//div[@class=\"h-40px flex-justify-end flex-align-items-end b-t-s-d9e3f3\"]//span[text()=\"确定\"])')\n        ele = unit.finds_elements(By.XPATH, f'//table[@class=\"vxe-table--body\"]//tr/td[2]//span[text()=\"{name}\"]')\n>       assert len(ele) == 1\nE       assert 0 == 1\nE        +  where 0 = len([])\n\nTests\\test_system\\test_planUnit.py:216: AssertionError","flaky":false,"newFailed":false,"newBroken":false,"newPassed":false,"retriesCount":1,"retriesStatusChange":false,"beforeStages":[{"name":"login_to_planUnit","time":{"start":1761070494988,"stop":1761070510648,"duration":15660},"status":"passed","steps":[],"attachments":[],"parameters":[],"attachmentsCount":0,"shouldDisplayMessage":false,"stepsCount":0,"hasContent":false,"attachmentStep":false}],"testStage":{"status":"failed","statusMessage":"AssertionError: assert 0 == 1\n +  where 0 = len([])","statusTrace":"self = <test_system.test_planUnit.TestPlanUnitPage object at 0x00000173A68E4B20>, login_to_planUnit = <selenium.webdriver.chrome.webdriver.WebDriver (session=\"997abc7ab8a9bf867965683566060eba\")>\n\n    @allure.story(\"文本框的校验\")\n    # @pytest.mark.run(order=1)\n    def test_planUnit_textverify(self, login_to_planUnit):\n        driver = login_to_planUnit  # WebDriver 实例\n        unit = PlanUnitPage(driver)  # 用 driver 初始化 PlanUnitPage\n        name = \"111111111111111133331122221111222221111111113333111111144444111111111111111111111111111111111111111111111111\"\n        module = \"标准\"\n        unit.add_plan_unit(name, module)\n        unit.select_input(name)\n        unit.click_button(\n            '(//div[@class=\"h-40px flex-justify-end flex-align-items-end b-t-s-d9e3f3\"]//span[text()=\"确定\"])')\n        ele = unit.finds_elements(By.XPATH, f'//table[@class=\"vxe-table--body\"]//tr/td[2]//span[text()=\"{name}\"]')\n>       assert len(ele) == 1\nE       assert 0 == 1\nE        +  where 0 = len([])\n\nTests\\test_system\\test_planUnit.py:216: AssertionError","steps":[],"attachments":[{"uid":"57a0dd2b7ba1c652","name":"test_planUnit_textverify_failure","source":"57a0dd2b7ba1c652.png","type":"image/png","size":78233},{"uid":"7e6300570bf6e28c","name":"test_planUnit_textverify_source","source":"7e6300570bf6e28c.html","type":"text/html","size":1208268},{"uid":"7f7eb9adfc9aa9a2","name":"log","source":"7f7eb9adfc9aa9a2.txt","type":"text/plain","size":3247}],"parameters":[],"attachmentsCount":3,"shouldDisplayMessage":true,"stepsCount":0,"hasContent":true,"attachmentStep":false},"afterStages":[{"name":"login_to_planUnit::0","time":{"start":1761070524106,"stop":1761070526577,"duration":2471},"status":"passed","steps":[],"attachments":[],"parameters":[],"attachmentsCount":0,"shouldDisplayMessage":false,"stepsCount":0,"hasContent":false,"attachmentStep":false}],"labels":[{"name":"feature","value":"计划单元页用例"},{"name":"story","value":"文本框的校验"},{"name":"parentSuite","value":"Tests.test_system"},{"name":"suite","value":"test_planUnit"},{"name":"subSuite","value":"TestPlanUnitPage"},{"name":"host","value":"WIN-20240820MJV"},{"name":"thread","value":"14388-MainThread"},{"name":"framework","value":"pytest"},{"name":"language","value":"cpython3"},{"name":"package","value":"Tests.test_system.test_planUnit"},{"name":"resultFormat","value":"allure2"}],"parameters":[],"links":[],"hidden":false,"retry":false,"extra":{"severity":"normal","retries":[{"uid":"125e1326482339ff","status":"failed","statusDetails":"AssertionError: assert 0 == 1\n +  where 0 = len([])","time":{"start":1761070479001,"stop":1761070491964,"duration":12963}}],"categories":[{"name":"Product defects","matchedStatuses":[]}],"tags":[]},"source":"3e26096928d63cbe.json","parameterValues":[]}