{"uid":"3f396bf880444d1d","name":"test_setting_display1","fullName":"Tests.test_items.test_setting.TestSettingPage#test_setting_display1","historyId":"5f3a1bda2339c0b47fc521c4da7a7191","time":{"start":1761059878518,"stop":1761059891924,"duration":13406},"status":"broken","statusMessage":"selenium.common.exceptions.TimeoutException: Message: \nStacktrace:\n\tGetHandleVerifier [0x0x7ff719876f65+78965]\n\tGetHandleVerifier [0x0x7ff719876fc0+79056]\n\t(No symbol) [0x0x7ff719609dda]\n\t(No symbol) [0x0x7ff7196602ea]\n\t(No symbol) [0x0x7ff71966059c]\n\t(No symbol) [0x0x7ff7196b3f37]\n\t(No symbol) [0x0x7ff7196886af]\n\t(No symbol) [0x0x7ff7196b0dbe]\n\t(No symbol) [0x0x7ff719688443]\n\t(No symbol) [0x0x7ff719651311]\n\t(No symbol) [0x0x7ff7196520a3]\n\tGetHandleVerifier [0x0x7ff719b2e26d+2926461]\n\tGetHandleVerifier [0x0x7ff719b28993+2903715]\n\tGetHandleVerifier [0x0x7ff719b46aed+3026941]\n\tGetHandleVerifier [0x0x7ff7198916fe+187406]\n\tGetHandleVerifier [0x0x7ff7198996ef+220159]\n\tGetHandleVerifier [0x0x7ff71987faf4+114692]\n\tGetHandleVerifier [0x0x7ff71987fca9+115129]\n\tGetHandleVerifier [0x0x7ff7198664d8+10728]\n\tBaseThreadInitThunk [0x0x7ffee1537374+20]\n\tRtlUserThreadStart [0x0x7ffee1a7cc91+33]","statusTrace":"self = <test_items.test_setting.TestSettingPage object at 0x00000173A65DA830>, login_to_setting = <selenium.webdriver.chrome.webdriver.WebDriver (session=\"f664e8a878388e6fc5c04a0739de7221\")>\n\n    @allure.story(\"设置表格布局-设置物料名称为不可见\")\n    # @pytest.mark.run(order=1)\n    def test_setting_display1(self, login_to_setting):\n        driver = login_to_setting  # WebDriver 实例\n        setting = SettingPage(driver)  # 用 driver 初始化 SettingPage\n        layout = \"测试布局A\"\n        setting.click_button(f'//div[@class=\"tabsDivItemCon\"]/div[text()=\" {layout} \"]')\n        after_text = setting.get_find_element_xpath(\n            '//table[.//th[.//p[text()=\"物料代码\"]]]//th[3]//p'\n        ).text\n        setting.click_setting_button()\n        # 点击显示设置按钮以展开设置选项\n        setting.click_button('//div[text()=\" 显示设置 \"]')\n    \n        # 定位到物料名称对应的复选框\n>       checkbox = setting.get_find_element_xpath(\n            '//tr[./td[3] and ./td[.//span[text()=\"物料名称\"]]]/td[6]//span[1]'\n        )\n\nTests\\test_items\\test_setting.py:558: \n_ _ _ _ _ _ _ _ _ _ _ _ _ _ _ _ _ _ _ _ _ _ _ _ _ _ _ _ _ _ _ _ _ _ _ _ _ _ _ _ _ _ _ _ _ _ _ _ _ _ _ _ _ _ _ _ _ _ _ _ _ _ _ _ _ _ _ _ _ _ _ _ _ _ _ _ _ _ _ _ _ _ _ _ _ _ _ _ _ _ _ _ _ _ _ _ _ _ _ _ _ _ _ _ _ _ _ _ _ _ _ _ _ _ _ _\nPages\\itemsPage\\setting_page.py:27: in get_find_element_xpath\n    return self.find_element(By.XPATH, xpath)\nPages\\base_page.py:28: in find_element\n    return WebDriverWait(self.driver, wait_time).until(\n_ _ _ _ _ _ _ _ _ _ _ _ _ _ _ _ _ _ _ _ _ _ _ _ _ _ _ _ _ _ _ _ _ _ _ _ _ _ _ _ _ _ _ _ _ _ _ _ _ _ _ _ _ _ _ _ _ _ _ _ _ _ _ _ _ _ _ _ _ _ _ _ _ _ _ _ _ _ _ _ _ _ _ _ _ _ _ _ _ _ _ _ _ _ _ _ _ _ _ _ _ _ _ _ _ _ _ _ _ _ _ _ _ _ _ _\n\nself = <selenium.webdriver.support.wait.WebDriverWait (session=\"f664e8a878388e6fc5c04a0739de7221\")>, method = <function presence_of_element_located.<locals>._predicate at 0x00000173A70948B0>, message = ''\n\n    def until(self, method: Callable[[D], Union[Literal[False], T]], message: str = \"\") -> T:\n        \"\"\"Wait until the method returns a value that is not False.\n    \n        Calls the method provided with the driver as an argument until the\n        return value does not evaluate to ``False``.\n    \n        Parameters:\n        -----------\n        method: callable(WebDriver)\n            - A callable object that takes a WebDriver instance as an argument.\n    \n        message: str\n            - Optional message for :exc:`TimeoutException`\n    \n        Return:\n        -------\n        object: T\n            - The result of the last call to `method`\n    \n        Raises:\n        -------\n        TimeoutException\n            - If 'method' does not return a truthy value within the WebDriverWait\n            object's timeout\n    \n        Example:\n        --------\n        >>> from selenium.webdriver.common.by import By\n        >>> from selenium.webdriver.support.ui import WebDriverWait\n        >>> from selenium.webdriver.support import expected_conditions as EC\n    \n        # Wait until an element is visible on the page\n        >>> wait = WebDriverWait(driver, 10)\n        >>> element = wait.until(EC.visibility_of_element_located((By.ID, \"exampleId\")))\n        >>> print(element.text)\n        \"\"\"\n        screen = None\n        stacktrace = None\n    \n        end_time = time.monotonic() + self._timeout\n        while True:\n            try:\n                value = method(self._driver)\n                if value:\n                    return value\n            except self._ignored_exceptions as exc:\n                screen = getattr(exc, \"screen\", None)\n                stacktrace = getattr(exc, \"stacktrace\", None)\n            if time.monotonic() > end_time:\n                break\n            time.sleep(self._poll)\n>       raise TimeoutException(message, screen, stacktrace)\nE       selenium.common.exceptions.TimeoutException: Message: \nE       Stacktrace:\nE       \tGetHandleVerifier [0x0x7ff719876f65+78965]\nE       \tGetHandleVerifier [0x0x7ff719876fc0+79056]\nE       \t(No symbol) [0x0x7ff719609dda]\nE       \t(No symbol) [0x0x7ff7196602ea]\nE       \t(No symbol) [0x0x7ff71966059c]\nE       \t(No symbol) [0x0x7ff7196b3f37]\nE       \t(No symbol) [0x0x7ff7196886af]\nE       \t(No symbol) [0x0x7ff7196b0dbe]\nE       \t(No symbol) [0x0x7ff719688443]\nE       \t(No symbol) [0x0x7ff719651311]\nE       \t(No symbol) [0x0x7ff7196520a3]\nE       \tGetHandleVerifier [0x0x7ff719b2e26d+2926461]\nE       \tGetHandleVerifier [0x0x7ff719b28993+2903715]\nE       \tGetHandleVerifier [0x0x7ff719b46aed+3026941]\nE       \tGetHandleVerifier [0x0x7ff7198916fe+187406]\nE       \tGetHandleVerifier [0x0x7ff7198996ef+220159]\nE       \tGetHandleVerifier [0x0x7ff71987faf4+114692]\nE       \tGetHandleVerifier [0x0x7ff71987fca9+115129]\nE       \tGetHandleVerifier [0x0x7ff7198664d8+10728]\nE       \tBaseThreadInitThunk [0x0x7ffee1537374+20]\nE       \tRtlUserThreadStart [0x0x7ffee1a7cc91+33]\n\nmyenv\\lib\\site-packages\\selenium\\webdriver\\support\\wait.py:138: TimeoutException","flaky":false,"newFailed":false,"newBroken":false,"newPassed":false,"retriesCount":1,"retriesStatusChange":true,"beforeStages":[{"name":"login_to_setting","time":{"start":1761059864480,"stop":1761059878516,"duration":14036},"status":"passed","steps":[],"attachments":[],"parameters":[],"attachmentsCount":0,"shouldDisplayMessage":false,"stepsCount":0,"hasContent":false,"attachmentStep":false}],"testStage":{"status":"broken","statusMessage":"selenium.common.exceptions.TimeoutException: Message: \nStacktrace:\n\tGetHandleVerifier [0x0x7ff719876f65+78965]\n\tGetHandleVerifier [0x0x7ff719876fc0+79056]\n\t(No symbol) [0x0x7ff719609dda]\n\t(No symbol) [0x0x7ff7196602ea]\n\t(No symbol) [0x0x7ff71966059c]\n\t(No symbol) [0x0x7ff7196b3f37]\n\t(No symbol) [0x0x7ff7196886af]\n\t(No symbol) [0x0x7ff7196b0dbe]\n\t(No symbol) [0x0x7ff719688443]\n\t(No symbol) [0x0x7ff719651311]\n\t(No symbol) [0x0x7ff7196520a3]\n\tGetHandleVerifier [0x0x7ff719b2e26d+2926461]\n\tGetHandleVerifier [0x0x7ff719b28993+2903715]\n\tGetHandleVerifier [0x0x7ff719b46aed+3026941]\n\tGetHandleVerifier [0x0x7ff7198916fe+187406]\n\tGetHandleVerifier [0x0x7ff7198996ef+220159]\n\tGetHandleVerifier [0x0x7ff71987faf4+114692]\n\tGetHandleVerifier [0x0x7ff71987fca9+115129]\n\tGetHandleVerifier [0x0x7ff7198664d8+10728]\n\tBaseThreadInitThunk [0x0x7ffee1537374+20]\n\tRtlUserThreadStart [0x0x7ffee1a7cc91+33]","statusTrace":"self = <test_items.test_setting.TestSettingPage object at 0x00000173A65DA830>, login_to_setting = <selenium.webdriver.chrome.webdriver.WebDriver (session=\"f664e8a878388e6fc5c04a0739de7221\")>\n\n    @allure.story(\"设置表格布局-设置物料名称为不可见\")\n    # @pytest.mark.run(order=1)\n    def test_setting_display1(self, login_to_setting):\n        driver = login_to_setting  # WebDriver 实例\n        setting = SettingPage(driver)  # 用 driver 初始化 SettingPage\n        layout = \"测试布局A\"\n        setting.click_button(f'//div[@class=\"tabsDivItemCon\"]/div[text()=\" {layout} \"]')\n        after_text = setting.get_find_element_xpath(\n            '//table[.//th[.//p[text()=\"物料代码\"]]]//th[3]//p'\n        ).text\n        setting.click_setting_button()\n        # 点击显示设置按钮以展开设置选项\n        setting.click_button('//div[text()=\" 显示设置 \"]')\n    \n        # 定位到物料名称对应的复选框\n>       checkbox = setting.get_find_element_xpath(\n            '//tr[./td[3] and ./td[.//span[text()=\"物料名称\"]]]/td[6]//span[1]'\n        )\n\nTests\\test_items\\test_setting.py:558: \n_ _ _ _ _ _ _ _ _ _ _ _ _ _ _ _ _ _ _ _ _ _ _ _ _ _ _ _ _ _ _ _ _ _ _ _ _ _ _ _ _ _ _ _ _ _ _ _ _ _ _ _ _ _ _ _ _ _ _ _ _ _ _ _ _ _ _ _ _ _ _ _ _ _ _ _ _ _ _ _ _ _ _ _ _ _ _ _ _ _ _ _ _ _ _ _ _ _ _ _ _ _ _ _ _ _ _ _ _ _ _ _ _ _ _ _\nPages\\itemsPage\\setting_page.py:27: in get_find_element_xpath\n    return self.find_element(By.XPATH, xpath)\nPages\\base_page.py:28: in find_element\n    return WebDriverWait(self.driver, wait_time).until(\n_ _ _ _ _ _ _ _ _ _ _ _ _ _ _ _ _ _ _ _ _ _ _ _ _ _ _ _ _ _ _ _ _ _ _ _ _ _ _ _ _ _ _ _ _ _ _ _ _ _ _ _ _ _ _ _ _ _ _ _ _ _ _ _ _ _ _ _ _ _ _ _ _ _ _ _ _ _ _ _ _ _ _ _ _ _ _ _ _ _ _ _ _ _ _ _ _ _ _ _ _ _ _ _ _ _ _ _ _ _ _ _ _ _ _ _\n\nself = <selenium.webdriver.support.wait.WebDriverWait (session=\"f664e8a878388e6fc5c04a0739de7221\")>, method = <function presence_of_element_located.<locals>._predicate at 0x00000173A70948B0>, message = ''\n\n    def until(self, method: Callable[[D], Union[Literal[False], T]], message: str = \"\") -> T:\n        \"\"\"Wait until the method returns a value that is not False.\n    \n        Calls the method provided with the driver as an argument until the\n        return value does not evaluate to ``False``.\n    \n        Parameters:\n        -----------\n        method: callable(WebDriver)\n            - A callable object that takes a WebDriver instance as an argument.\n    \n        message: str\n            - Optional message for :exc:`TimeoutException`\n    \n        Return:\n        -------\n        object: T\n            - The result of the last call to `method`\n    \n        Raises:\n        -------\n        TimeoutException\n            - If 'method' does not return a truthy value within the WebDriverWait\n            object's timeout\n    \n        Example:\n        --------\n        >>> from selenium.webdriver.common.by import By\n        >>> from selenium.webdriver.support.ui import WebDriverWait\n        >>> from selenium.webdriver.support import expected_conditions as EC\n    \n        # Wait until an element is visible on the page\n        >>> wait = WebDriverWait(driver, 10)\n        >>> element = wait.until(EC.visibility_of_element_located((By.ID, \"exampleId\")))\n        >>> print(element.text)\n        \"\"\"\n        screen = None\n        stacktrace = None\n    \n        end_time = time.monotonic() + self._timeout\n        while True:\n            try:\n                value = method(self._driver)\n                if value:\n                    return value\n            except self._ignored_exceptions as exc:\n                screen = getattr(exc, \"screen\", None)\n                stacktrace = getattr(exc, \"stacktrace\", None)\n            if time.monotonic() > end_time:\n                break\n            time.sleep(self._poll)\n>       raise TimeoutException(message, screen, stacktrace)\nE       selenium.common.exceptions.TimeoutException: Message: \nE       Stacktrace:\nE       \tGetHandleVerifier [0x0x7ff719876f65+78965]\nE       \tGetHandleVerifier [0x0x7ff719876fc0+79056]\nE       \t(No symbol) [0x0x7ff719609dda]\nE       \t(No symbol) [0x0x7ff7196602ea]\nE       \t(No symbol) [0x0x7ff71966059c]\nE       \t(No symbol) [0x0x7ff7196b3f37]\nE       \t(No symbol) [0x0x7ff7196886af]\nE       \t(No symbol) [0x0x7ff7196b0dbe]\nE       \t(No symbol) [0x0x7ff719688443]\nE       \t(No symbol) [0x0x7ff719651311]\nE       \t(No symbol) [0x0x7ff7196520a3]\nE       \tGetHandleVerifier [0x0x7ff719b2e26d+2926461]\nE       \tGetHandleVerifier [0x0x7ff719b28993+2903715]\nE       \tGetHandleVerifier [0x0x7ff719b46aed+3026941]\nE       \tGetHandleVerifier [0x0x7ff7198916fe+187406]\nE       \tGetHandleVerifier [0x0x7ff7198996ef+220159]\nE       \tGetHandleVerifier [0x0x7ff71987faf4+114692]\nE       \tGetHandleVerifier [0x0x7ff71987fca9+115129]\nE       \tGetHandleVerifier [0x0x7ff7198664d8+10728]\nE       \tBaseThreadInitThunk [0x0x7ffee1537374+20]\nE       \tRtlUserThreadStart [0x0x7ffee1a7cc91+33]\n\nmyenv\\lib\\site-packages\\selenium\\webdriver\\support\\wait.py:138: TimeoutException","steps":[],"attachments":[{"uid":"34be76eafc0581c4","name":"test_setting_display1_failure","source":"34be76eafc0581c4.png","type":"image/png","size":186244},{"uid":"497b15025df67ae2","name":"test_setting_display1_source","source":"497b15025df67ae2.html","type":"text/html","size":1485399},{"uid":"4a4a1bf8a402ddd9","name":"log","source":"4a4a1bf8a402ddd9.txt","type":"text/plain","size":3045}],"parameters":[],"attachmentsCount":3,"shouldDisplayMessage":true,"stepsCount":0,"hasContent":true,"attachmentStep":false},"afterStages":[{"name":"login_to_setting::0","time":{"start":1761059892364,"stop":1761059894653,"duration":2289},"status":"passed","steps":[],"attachments":[],"parameters":[],"attachmentsCount":0,"shouldDisplayMessage":false,"stepsCount":0,"hasContent":false,"attachmentStep":false}],"labels":[{"name":"story","value":"设置表格布局-设置物料名称为不可见"},{"name":"feature","value":"标准应用设置测试用例"},{"name":"parentSuite","value":"Tests.test_items"},{"name":"suite","value":"test_setting"},{"name":"subSuite","value":"TestSettingPage"},{"name":"host","value":"WIN-20240820MJV"},{"name":"thread","value":"14388-MainThread"},{"name":"framework","value":"pytest"},{"name":"language","value":"cpython3"},{"name":"package","value":"Tests.test_items.test_setting"},{"name":"resultFormat","value":"allure2"}],"parameters":[],"links":[],"hidden":false,"retry":false,"extra":{"severity":"normal","retries":[{"uid":"d5765ea8211c12fe","status":"failed","statusDetails":"AssertionError: assert ('物料名称' not in ['物料代码', '物料名称', '物料组代码', '物料种类', '物料优先度', '单价', ...])","time":{"start":1761059856099,"stop":1761059861038,"duration":4939}}],"categories":[{"name":"Test defects","matchedStatuses":[]}],"tags":[]},"source":"3f396bf880444d1d.json","parameterValues":[]}