{"uid":"3fc24dc1c28b58c1","name":"test_item_add_success","fullName":"Tests.test_material.test_materialVendors.TestItemPage#test_item_add_success","historyId":"a7a78e223f16f5aa16e1d50de793534a","time":{"start":1754318892722,"stop":1754318905763,"duration":13041},"status":"broken","statusMessage":"selenium.common.exceptions.TimeoutException: Message: 点击失败，找不到元素：xpath = //div[@id='i24ntrok-sf6n']","statusTrace":"self = <Pages.materialPage.warehouseLocation_page.WarehouseLocationPage object at 0x0000012C8F2390F0>, by_or_element = 'xpath', value = \"//div[@id='i24ntrok-sf6n']\", wait_time = 10\n\n    def click(self, by_or_element, value=None, wait_time=10):\n        if value is not None:\n            by = by_or_element\n            logging.info(f\"点击元素：By = {by}, Value = {value}\")\n            try:\n>               element = WebDriverWait(self.driver, wait_time).until(\n                    EC.element_to_be_clickable((by, value))\n                )\n\nPages\\base_page.py:45: \n_ _ _ _ _ _ _ _ _ _ _ _ _ _ _ _ _ _ _ _ _ _ _ _ _ _ _ _ _ _ _ _ _ _ _ _ _ _ _ _ _ _ _ _ _ _ _ _ _ _ _ _ _ _ _ _ _ _ _ _ _ _ _ _ _ _ _ _ _ _ _ _ _ _ _ _ _ _ _ _ _ _ _ _ _ _ _ _ _ _ _ _\n\nself = <selenium.webdriver.support.wait.WebDriverWait (session=\"a4135433366e73f70b3534c647a46b3f\")>\nmethod = <function element_to_be_clickable.<locals>._predicate at 0x0000012C8F74D2D0>, message = ''\n\n    def until(self, method: Callable[[D], Union[Literal[False], T]], message: str = \"\") -> T:\n        \"\"\"Wait until the method returns a value that is not False.\n    \n        Calls the method provided with the driver as an argument until the\n        return value does not evaluate to ``False``.\n    \n        Parameters:\n        -----------\n        method: callable(WebDriver)\n            - A callable object that takes a WebDriver instance as an argument.\n    \n        message: str\n            - Optional message for :exc:`TimeoutException`\n    \n        Return:\n        -------\n        object: T\n            - The result of the last call to `method`\n    \n        Raises:\n        -------\n        TimeoutException\n            - If 'method' does not return a truthy value within the WebDriverWait\n            object's timeout\n    \n        Example:\n        --------\n        >>> from selenium.webdriver.common.by import By\n        >>> from selenium.webdriver.support.ui import WebDriverWait\n        >>> from selenium.webdriver.support import expected_conditions as EC\n    \n        # Wait until an element is visible on the page\n        >>> wait = WebDriverWait(driver, 10)\n        >>> element = wait.until(EC.visibility_of_element_located((By.ID, \"exampleId\")))\n        >>> print(element.text)\n        \"\"\"\n        screen = None\n        stacktrace = None\n    \n        end_time = time.monotonic() + self._timeout\n        while True:\n            try:\n                value = method(self._driver)\n                if value:\n                    return value\n            except self._ignored_exceptions as exc:\n                screen = getattr(exc, \"screen\", None)\n                stacktrace = getattr(exc, \"stacktrace\", None)\n            if time.monotonic() > end_time:\n                break\n            time.sleep(self._poll)\n>       raise TimeoutException(message, screen, stacktrace)\nE       selenium.common.exceptions.TimeoutException: Message: \nE       Stacktrace:\nE       \tGetHandleVerifier [0x0x7ff6a7286f65+78965]\nE       \tGetHandleVerifier [0x0x7ff6a7286fc0+79056]\nE       \t(No symbol) [0x0x7ff6a7019dda]\nE       \t(No symbol) [0x0x7ff6a70702ea]\nE       \t(No symbol) [0x0x7ff6a707059c]\nE       \t(No symbol) [0x0x7ff6a70c3f37]\nE       \t(No symbol) [0x0x7ff6a70986af]\nE       \t(No symbol) [0x0x7ff6a70c0dbe]\nE       \t(No symbol) [0x0x7ff6a7098443]\nE       \t(No symbol) [0x0x7ff6a7061311]\nE       \t(No symbol) [0x0x7ff6a70620a3]\nE       \tGetHandleVerifier [0x0x7ff6a753e26d+2926461]\nE       \tGetHandleVerifier [0x0x7ff6a7538993+2903715]\nE       \tGetHandleVerifier [0x0x7ff6a7556aed+3026941]\nE       \tGetHandleVerifier [0x0x7ff6a72a16fe+187406]\nE       \tGetHandleVerifier [0x0x7ff6a72a96ef+220159]\nE       \tGetHandleVerifier [0x0x7ff6a728faf4+114692]\nE       \tGetHandleVerifier [0x0x7ff6a728fca9+115129]\nE       \tGetHandleVerifier [0x0x7ff6a72764d8+10728]\nE       \tBaseThreadInitThunk [0x0x7ff992b87374+20]\nE       \tRtlUserThreadStart [0x0x7ff99357cc91+33]\n\nmyenv\\lib\\site-packages\\selenium\\webdriver\\support\\wait.py:138: TimeoutException\n\nDuring handling of the above exception, another exception occurred:\n\nself = <test_material.test_materialVendors.TestItemPage object at 0x0000012C8E4D47F0>\nlogin_to_item = <selenium.webdriver.chrome.webdriver.WebDriver (session=\"a4135433366e73f70b3534c647a46b3f\")>\n\n    @allure.story(\"新增全部数据测试\")\n    # @pytest.mark.run(order=1)\n    def test_item_add_success(self, login_to_item):\n        # 输入框要修改的值\n        text_str = \"111\"\n        # 日期要修改的值\n        date_str = \"2025/07/17 00:00:00\"\n        # 输入框的xpath\n        input_xpath_list = [\n            \"//div[@id='p34nag46-7evf']//input\",\n            \"//div[@id='ywz9q11i-sp3b']//input\",\n            \"//div[@id='x1k7t87i-tvc3']//input\",\n            \"//div[@id='u2tgl5h9-otp1']//input\",\n            \"//div[@id='hpjqsv1m-5607']//input\",\n            \"//div[@id='o7c9sdve-vat3']//input\",\n            \"//div[@id='9kwcbp3b-z9da']//input\",\n            \"//div[@id='ioo2843u-6pt1']//input\",\n            \"//div[@id='kzika1fs-vslf']//input\",\n            \"//div[@id='vyacskuk-jdgm']//input\",\n            \"//div[@id='36wkcynw-olw8']//input\",\n            \"//div[@id='7u7zprt5-x3u7']//input\",\n            \"//div[@id='r7g6swm9-olis']//input\",\n            \"//div[@id='ez0xsy8r-wtcm']//input\",\n            \"//div[@id='dolz7gel-9n5q']//input\",\n            \"//div[@id='p5msl36t-vfaz']//input\",\n            \"//div[@id='c78gauwj-5nq8']//input\"\n        ]\n        # 日期的xpath\n        date_xpath_list = [\n            \"//div[@id='2zi9znnj-d0ph']//input\",\n            \"//div[@id='h53h14kg-0kls']//input\",\n            \"//div[@id='onz7o1pq-qqkn']//input\",\n            \"//div[@id='s8kxww7w-dyoj']//input\",\n            \"//div[@id='kn5u70w2-42xf']//input\"\n        ]\n    \n        self.item.click_add_button()  # 点击添加\n        sleep(1)\n    \n        # 修改是否可用 否\n>       self.item.click_button(\"//div[@id='i24ntrok-sf6n']\")\n\nTests\\test_material\\test_materialVendors.py:523: \n_ _ _ _ _ _ _ _ _ _ _ _ _ _ _ _ _ _ _ _ _ _ _ _ _ _ _ _ _ _ _ _ _ _ _ _ _ _ _ _ _ _ _ _ _ _ _ _ _ _ _ _ _ _ _ _ _ _ _ _ _ _ _ _ _ _ _ _ _ _ _ _ _ _ _ _ _ _ _ _ _ _ _ _ _ _ _ _ _ _ _ _\nPages\\materialPage\\warehouseLocation_page.py:60: in click_button\n    self.click(By.XPATH, xpath)\n_ _ _ _ _ _ _ _ _ _ _ _ _ _ _ _ _ _ _ _ _ _ _ _ _ _ _ _ _ _ _ _ _ _ _ _ _ _ _ _ _ _ _ _ _ _ _ _ _ _ _ _ _ _ _ _ _ _ _ _ _ _ _ _ _ _ _ _ _ _ _ _ _ _ _ _ _ _ _ _ _ _ _ _ _ _ _ _ _ _ _ _\n\nself = <Pages.materialPage.warehouseLocation_page.WarehouseLocationPage object at 0x0000012C8F2390F0>, by_or_element = 'xpath', value = \"//div[@id='i24ntrok-sf6n']\", wait_time = 10\n\n    def click(self, by_or_element, value=None, wait_time=10):\n        if value is not None:\n            by = by_or_element\n            logging.info(f\"点击元素：By = {by}, Value = {value}\")\n            try:\n                element = WebDriverWait(self.driver, wait_time).until(\n                    EC.element_to_be_clickable((by, value))\n                )\n            except TimeoutException:\n                logging.warning(f\"❌ 点击超时：元素 {by} = {value} 未在 {wait_time} 秒内变为可点击\")\n>               raise TimeoutException(f\"点击失败，找不到元素：{by} = {value}\")\nE               selenium.common.exceptions.TimeoutException: Message: 点击失败，找不到元素：xpath = //div[@id='i24ntrok-sf6n']\n\nPages\\base_page.py:50: TimeoutException","flaky":false,"newFailed":false,"newBroken":false,"newPassed":false,"retriesCount":0,"retriesStatusChange":false,"beforeStages":[{"name":"login_to_item","time":{"start":1754318885112,"stop":1754318892720,"duration":7608},"status":"passed","steps":[],"attachments":[],"parameters":[],"shouldDisplayMessage":false,"attachmentsCount":0,"attachmentStep":false,"hasContent":false,"stepsCount":0},{"name":"setup","time":{"start":1754318892720,"stop":1754318892722,"duration":2},"status":"passed","steps":[],"attachments":[],"parameters":[],"shouldDisplayMessage":false,"attachmentsCount":0,"attachmentStep":false,"hasContent":false,"stepsCount":0}],"testStage":{"status":"broken","statusMessage":"selenium.common.exceptions.TimeoutException: Message: 点击失败，找不到元素：xpath = //div[@id='i24ntrok-sf6n']","statusTrace":"self = <Pages.materialPage.warehouseLocation_page.WarehouseLocationPage object at 0x0000012C8F2390F0>, by_or_element = 'xpath', value = \"//div[@id='i24ntrok-sf6n']\", wait_time = 10\n\n    def click(self, by_or_element, value=None, wait_time=10):\n        if value is not None:\n            by = by_or_element\n            logging.info(f\"点击元素：By = {by}, Value = {value}\")\n            try:\n>               element = WebDriverWait(self.driver, wait_time).until(\n                    EC.element_to_be_clickable((by, value))\n                )\n\nPages\\base_page.py:45: \n_ _ _ _ _ _ _ _ _ _ _ _ _ _ _ _ _ _ _ _ _ _ _ _ _ _ _ _ _ _ _ _ _ _ _ _ _ _ _ _ _ _ _ _ _ _ _ _ _ _ _ _ _ _ _ _ _ _ _ _ _ _ _ _ _ _ _ _ _ _ _ _ _ _ _ _ _ _ _ _ _ _ _ _ _ _ _ _ _ _ _ _\n\nself = <selenium.webdriver.support.wait.WebDriverWait (session=\"a4135433366e73f70b3534c647a46b3f\")>\nmethod = <function element_to_be_clickable.<locals>._predicate at 0x0000012C8F74D2D0>, message = ''\n\n    def until(self, method: Callable[[D], Union[Literal[False], T]], message: str = \"\") -> T:\n        \"\"\"Wait until the method returns a value that is not False.\n    \n        Calls the method provided with the driver as an argument until the\n        return value does not evaluate to ``False``.\n    \n        Parameters:\n        -----------\n        method: callable(WebDriver)\n            - A callable object that takes a WebDriver instance as an argument.\n    \n        message: str\n            - Optional message for :exc:`TimeoutException`\n    \n        Return:\n        -------\n        object: T\n            - The result of the last call to `method`\n    \n        Raises:\n        -------\n        TimeoutException\n            - If 'method' does not return a truthy value within the WebDriverWait\n            object's timeout\n    \n        Example:\n        --------\n        >>> from selenium.webdriver.common.by import By\n        >>> from selenium.webdriver.support.ui import WebDriverWait\n        >>> from selenium.webdriver.support import expected_conditions as EC\n    \n        # Wait until an element is visible on the page\n        >>> wait = WebDriverWait(driver, 10)\n        >>> element = wait.until(EC.visibility_of_element_located((By.ID, \"exampleId\")))\n        >>> print(element.text)\n        \"\"\"\n        screen = None\n        stacktrace = None\n    \n        end_time = time.monotonic() + self._timeout\n        while True:\n            try:\n                value = method(self._driver)\n                if value:\n                    return value\n            except self._ignored_exceptions as exc:\n                screen = getattr(exc, \"screen\", None)\n                stacktrace = getattr(exc, \"stacktrace\", None)\n            if time.monotonic() > end_time:\n                break\n            time.sleep(self._poll)\n>       raise TimeoutException(message, screen, stacktrace)\nE       selenium.common.exceptions.TimeoutException: Message: \nE       Stacktrace:\nE       \tGetHandleVerifier [0x0x7ff6a7286f65+78965]\nE       \tGetHandleVerifier [0x0x7ff6a7286fc0+79056]\nE       \t(No symbol) [0x0x7ff6a7019dda]\nE       \t(No symbol) [0x0x7ff6a70702ea]\nE       \t(No symbol) [0x0x7ff6a707059c]\nE       \t(No symbol) [0x0x7ff6a70c3f37]\nE       \t(No symbol) [0x0x7ff6a70986af]\nE       \t(No symbol) [0x0x7ff6a70c0dbe]\nE       \t(No symbol) [0x0x7ff6a7098443]\nE       \t(No symbol) [0x0x7ff6a7061311]\nE       \t(No symbol) [0x0x7ff6a70620a3]\nE       \tGetHandleVerifier [0x0x7ff6a753e26d+2926461]\nE       \tGetHandleVerifier [0x0x7ff6a7538993+2903715]\nE       \tGetHandleVerifier [0x0x7ff6a7556aed+3026941]\nE       \tGetHandleVerifier [0x0x7ff6a72a16fe+187406]\nE       \tGetHandleVerifier [0x0x7ff6a72a96ef+220159]\nE       \tGetHandleVerifier [0x0x7ff6a728faf4+114692]\nE       \tGetHandleVerifier [0x0x7ff6a728fca9+115129]\nE       \tGetHandleVerifier [0x0x7ff6a72764d8+10728]\nE       \tBaseThreadInitThunk [0x0x7ff992b87374+20]\nE       \tRtlUserThreadStart [0x0x7ff99357cc91+33]\n\nmyenv\\lib\\site-packages\\selenium\\webdriver\\support\\wait.py:138: TimeoutException\n\nDuring handling of the above exception, another exception occurred:\n\nself = <test_material.test_materialVendors.TestItemPage object at 0x0000012C8E4D47F0>\nlogin_to_item = <selenium.webdriver.chrome.webdriver.WebDriver (session=\"a4135433366e73f70b3534c647a46b3f\")>\n\n    @allure.story(\"新增全部数据测试\")\n    # @pytest.mark.run(order=1)\n    def test_item_add_success(self, login_to_item):\n        # 输入框要修改的值\n        text_str = \"111\"\n        # 日期要修改的值\n        date_str = \"2025/07/17 00:00:00\"\n        # 输入框的xpath\n        input_xpath_list = [\n            \"//div[@id='p34nag46-7evf']//input\",\n            \"//div[@id='ywz9q11i-sp3b']//input\",\n            \"//div[@id='x1k7t87i-tvc3']//input\",\n            \"//div[@id='u2tgl5h9-otp1']//input\",\n            \"//div[@id='hpjqsv1m-5607']//input\",\n            \"//div[@id='o7c9sdve-vat3']//input\",\n            \"//div[@id='9kwcbp3b-z9da']//input\",\n            \"//div[@id='ioo2843u-6pt1']//input\",\n            \"//div[@id='kzika1fs-vslf']//input\",\n            \"//div[@id='vyacskuk-jdgm']//input\",\n            \"//div[@id='36wkcynw-olw8']//input\",\n            \"//div[@id='7u7zprt5-x3u7']//input\",\n            \"//div[@id='r7g6swm9-olis']//input\",\n            \"//div[@id='ez0xsy8r-wtcm']//input\",\n            \"//div[@id='dolz7gel-9n5q']//input\",\n            \"//div[@id='p5msl36t-vfaz']//input\",\n            \"//div[@id='c78gauwj-5nq8']//input\"\n        ]\n        # 日期的xpath\n        date_xpath_list = [\n            \"//div[@id='2zi9znnj-d0ph']//input\",\n            \"//div[@id='h53h14kg-0kls']//input\",\n            \"//div[@id='onz7o1pq-qqkn']//input\",\n            \"//div[@id='s8kxww7w-dyoj']//input\",\n            \"//div[@id='kn5u70w2-42xf']//input\"\n        ]\n    \n        self.item.click_add_button()  # 点击添加\n        sleep(1)\n    \n        # 修改是否可用 否\n>       self.item.click_button(\"//div[@id='i24ntrok-sf6n']\")\n\nTests\\test_material\\test_materialVendors.py:523: \n_ _ _ _ _ _ _ _ _ _ _ _ _ _ _ _ _ _ _ _ _ _ _ _ _ _ _ _ _ _ _ _ _ _ _ _ _ _ _ _ _ _ _ _ _ _ _ _ _ _ _ _ _ _ _ _ _ _ _ _ _ _ _ _ _ _ _ _ _ _ _ _ _ _ _ _ _ _ _ _ _ _ _ _ _ _ _ _ _ _ _ _\nPages\\materialPage\\warehouseLocation_page.py:60: in click_button\n    self.click(By.XPATH, xpath)\n_ _ _ _ _ _ _ _ _ _ _ _ _ _ _ _ _ _ _ _ _ _ _ _ _ _ _ _ _ _ _ _ _ _ _ _ _ _ _ _ _ _ _ _ _ _ _ _ _ _ _ _ _ _ _ _ _ _ _ _ _ _ _ _ _ _ _ _ _ _ _ _ _ _ _ _ _ _ _ _ _ _ _ _ _ _ _ _ _ _ _ _\n\nself = <Pages.materialPage.warehouseLocation_page.WarehouseLocationPage object at 0x0000012C8F2390F0>, by_or_element = 'xpath', value = \"//div[@id='i24ntrok-sf6n']\", wait_time = 10\n\n    def click(self, by_or_element, value=None, wait_time=10):\n        if value is not None:\n            by = by_or_element\n            logging.info(f\"点击元素：By = {by}, Value = {value}\")\n            try:\n                element = WebDriverWait(self.driver, wait_time).until(\n                    EC.element_to_be_clickable((by, value))\n                )\n            except TimeoutException:\n                logging.warning(f\"❌ 点击超时：元素 {by} = {value} 未在 {wait_time} 秒内变为可点击\")\n>               raise TimeoutException(f\"点击失败，找不到元素：{by} = {value}\")\nE               selenium.common.exceptions.TimeoutException: Message: 点击失败，找不到元素：xpath = //div[@id='i24ntrok-sf6n']\n\nPages\\base_page.py:50: TimeoutException","steps":[],"attachments":[{"uid":"c4d99c03a3f5ba5b","name":"test_item_add_success_failure","source":"c4d99c03a3f5ba5b.png","type":"image/png","size":101786},{"uid":"e3ff71e2169d3211","name":"test_item_add_success_source","source":"e3ff71e2169d3211.html","type":"text/html","size":1235245},{"uid":"8ac460435a59a55d","name":"log","source":"8ac460435a59a55d.txt","type":"text/plain","size":1207}],"parameters":[],"shouldDisplayMessage":true,"attachmentsCount":3,"attachmentStep":false,"hasContent":true,"stepsCount":0},"afterStages":[{"name":"login_to_item::0","time":{"start":1754318905939,"stop":1754318908092,"duration":2153},"status":"passed","steps":[],"attachments":[],"parameters":[],"shouldDisplayMessage":false,"attachmentsCount":0,"attachmentStep":false,"hasContent":false,"stepsCount":0}],"labels":[{"name":"story","value":"新增全部数据测试"},{"name":"feature","value":"供应商信息测试用例"},{"name":"parentSuite","value":"Tests.test_material"},{"name":"suite","value":"test_materialVendors"},{"name":"subSuite","value":"TestItemPage"},{"name":"host","value":"WIN-20240820MJV"},{"name":"thread","value":"21416-MainThread"},{"name":"framework","value":"pytest"},{"name":"language","value":"cpython3"},{"name":"package","value":"Tests.test_material.test_materialVendors"},{"name":"resultFormat","value":"allure2"}],"parameters":[],"links":[],"hidden":true,"retry":true,"extra":{"categories":[],"tags":[]},"source":"3fc24dc1c28b58c1.json","parameterValues":[]}