{"uid":"4668a67ce76302f8","name":"test_affairs_process_addfail7","fullName":"Tests.test_system.test_affairs.TestAffairsPage#test_affairs_process_addfail7","historyId":"e8f6c57db2e7d3f0f9fff9bc9d51b46c","time":{"start":1760979238943,"stop":1760979243196,"duration":4253},"status":"failed","statusMessage":"AssertionError: assert (1 == 1 and ['请填写按月'] == ['请填写时间设置']\n +  where 1 = len(['请填写按月'])\n  \n  At index 0 diff: \u001B[0m\u001B[33m'\u001B[39;49;00m\u001B[33m请填写按月\u001B[39;49;00m\u001B[33m'\u001B[39;49;00m\u001B[90m\u001B[39;49;00m != \u001B[0m\u001B[33m'\u001B[39;49;00m\u001B[33m请填写时间设置\u001B[39;49;00m\u001B[33m'\u001B[39;49;00m\u001B[90m\u001B[39;49;00m\n  \n  Full diff:\n  \u001B[0m\u001B[90m \u001B[39;49;00m [\u001B[90m\u001B[39;49;00m\n  \u001B[91m-     '请填写时间设置',\u001B[39;49;00m\u001B[90m\u001B[39;49;00m\n  ?         ^^^^\u001B[90m\u001B[39;49;00m...\n  \n  ...Full output truncated (3 lines hidden), use '-vv' to show)","statusTrace":"self = <test_system.test_affairs.TestAffairsPage object at 0x0000014AE2BD2980>, login_to_affairs = <selenium.webdriver.chrome.webdriver.WebDriver (session=\"9bfebd557f6accf3b238a41aa9cf950d\")>\n\n    @allure.story(\"我的流程-频率为月，不填写时间设置，不允许保存\")\n    # @pytest.mark.run(order=1)\n    def test_affairs_process_addfail7(self, login_to_affairs):\n        driver = login_to_affairs  # WebDriver 实例\n        affairs = AffairsPage(driver)  # 用 driver 初始化 AffairsPage\n        affairs.click_process()\n        affairs.add_process(name=\"测试流程1\", type=\"服务\", frequency=\"月\")\n        affairs.click_save()\n        eles = affairs.finds_elements(By.XPATH, '//div[@class=\"el-form-item__error\"]')\n        list_ = [ele.text for ele in eles]\n>       assert len(list_) == 1 and list_ == ['请填写时间设置']\nE       AssertionError: assert (1 == 1 and ['请填写按月'] == ['请填写时间设置']\nE        +  where 1 = len(['请填写按月'])\nE         \nE         At index 0 diff: \u001B[0m\u001B[33m'\u001B[39;49;00m\u001B[33m请填写按月\u001B[39;49;00m\u001B[33m'\u001B[39;49;00m\u001B[90m\u001B[39;49;00m != \u001B[0m\u001B[33m'\u001B[39;49;00m\u001B[33m请填写时间设置\u001B[39;49;00m\u001B[33m'\u001B[39;49;00m\u001B[90m\u001B[39;49;00m\nE         \nE         Full diff:\nE         \u001B[0m\u001B[90m \u001B[39;49;00m [\u001B[90m\u001B[39;49;00m\nE         \u001B[91m-     '请填写时间设置',\u001B[39;49;00m\u001B[90m\u001B[39;49;00m\nE         ?         ^^^^\u001B[90m\u001B[39;49;00m...\nE         \nE         ...Full output truncated (3 lines hidden), use '-vv' to show)\n\nTests\\test_system\\test_affairs.py:593: AssertionError","flaky":false,"newFailed":false,"newBroken":false,"newPassed":false,"retriesCount":0,"retriesStatusChange":false,"beforeStages":[{"name":"login_to_affairs","time":{"start":1760979222772,"stop":1760979238940,"duration":16168},"status":"passed","steps":[],"attachments":[],"parameters":[],"stepsCount":0,"attachmentStep":false,"hasContent":false,"attachmentsCount":0,"shouldDisplayMessage":false}],"testStage":{"status":"failed","statusMessage":"AssertionError: assert (1 == 1 and ['请填写按月'] == ['请填写时间设置']\n +  where 1 = len(['请填写按月'])\n  \n  At index 0 diff: \u001B[0m\u001B[33m'\u001B[39;49;00m\u001B[33m请填写按月\u001B[39;49;00m\u001B[33m'\u001B[39;49;00m\u001B[90m\u001B[39;49;00m != \u001B[0m\u001B[33m'\u001B[39;49;00m\u001B[33m请填写时间设置\u001B[39;49;00m\u001B[33m'\u001B[39;49;00m\u001B[90m\u001B[39;49;00m\n  \n  Full diff:\n  \u001B[0m\u001B[90m \u001B[39;49;00m [\u001B[90m\u001B[39;49;00m\n  \u001B[91m-     '请填写时间设置',\u001B[39;49;00m\u001B[90m\u001B[39;49;00m\n  ?         ^^^^\u001B[90m\u001B[39;49;00m...\n  \n  ...Full output truncated (3 lines hidden), use '-vv' to show)","statusTrace":"self = <test_system.test_affairs.TestAffairsPage object at 0x0000014AE2BD2980>, login_to_affairs = <selenium.webdriver.chrome.webdriver.WebDriver (session=\"9bfebd557f6accf3b238a41aa9cf950d\")>\n\n    @allure.story(\"我的流程-频率为月，不填写时间设置，不允许保存\")\n    # @pytest.mark.run(order=1)\n    def test_affairs_process_addfail7(self, login_to_affairs):\n        driver = login_to_affairs  # WebDriver 实例\n        affairs = AffairsPage(driver)  # 用 driver 初始化 AffairsPage\n        affairs.click_process()\n        affairs.add_process(name=\"测试流程1\", type=\"服务\", frequency=\"月\")\n        affairs.click_save()\n        eles = affairs.finds_elements(By.XPATH, '//div[@class=\"el-form-item__error\"]')\n        list_ = [ele.text for ele in eles]\n>       assert len(list_) == 1 and list_ == ['请填写时间设置']\nE       AssertionError: assert (1 == 1 and ['请填写按月'] == ['请填写时间设置']\nE        +  where 1 = len(['请填写按月'])\nE         \nE         At index 0 diff: \u001B[0m\u001B[33m'\u001B[39;49;00m\u001B[33m请填写按月\u001B[39;49;00m\u001B[33m'\u001B[39;49;00m\u001B[90m\u001B[39;49;00m != \u001B[0m\u001B[33m'\u001B[39;49;00m\u001B[33m请填写时间设置\u001B[39;49;00m\u001B[33m'\u001B[39;49;00m\u001B[90m\u001B[39;49;00m\nE         \nE         Full diff:\nE         \u001B[0m\u001B[90m \u001B[39;49;00m [\u001B[90m\u001B[39;49;00m\nE         \u001B[91m-     '请填写时间设置',\u001B[39;49;00m\u001B[90m\u001B[39;49;00m\nE         ?         ^^^^\u001B[90m\u001B[39;49;00m...\nE         \nE         ...Full output truncated (3 lines hidden), use '-vv' to show)\n\nTests\\test_system\\test_affairs.py:593: AssertionError","steps":[],"attachments":[{"uid":"ab7abee6c1d606d","name":"test_affairs_process_addfail7_failure","source":"ab7abee6c1d606d.png","type":"image/png","size":83825},{"uid":"33b430af1365c0df","name":"test_affairs_process_addfail7_source","source":"33b430af1365c0df.html","type":"text/html","size":1142414},{"uid":"e201ffa1622ea1df","name":"log","source":"e201ffa1622ea1df.txt","type":"text/plain","size":1410}],"parameters":[],"stepsCount":0,"attachmentStep":false,"hasContent":true,"attachmentsCount":3,"shouldDisplayMessage":true},"afterStages":[{"name":"login_to_affairs::0","time":{"start":1760979243838,"stop":1760979246221,"duration":2383},"status":"passed","steps":[],"attachments":[],"parameters":[],"stepsCount":0,"attachmentStep":false,"hasContent":false,"attachmentsCount":0,"shouldDisplayMessage":false}],"labels":[{"name":"story","value":"我的流程-频率为月，不填写时间设置，不允许保存"},{"name":"feature","value":"事务管理页用例"},{"name":"parentSuite","value":"Tests.test_system"},{"name":"suite","value":"test_affairs"},{"name":"subSuite","value":"TestAffairsPage"},{"name":"host","value":"WIN-20240820MJV"},{"name":"thread","value":"3232-MainThread"},{"name":"framework","value":"pytest"},{"name":"language","value":"cpython3"},{"name":"package","value":"Tests.test_system.test_affairs"},{"name":"resultFormat","value":"allure2"}],"parameters":[],"links":[],"hidden":false,"retry":false,"extra":{"severity":"normal","retries":[],"categories":[{"name":"Product defects","matchedStatuses":[]}],"tags":[]},"source":"4668a67ce76302f8.json","parameterValues":[]}