{"uid":"4704ce1c2649efa6","name":"test_user_verify5","fullName":"Tests.test_system.test_userRole.TestUserRolePage#test_user_verify5","historyId":"58268698eeb66dee04430906470f3e85","time":{"start":1760982943610,"stop":1760982948811,"duration":5201},"status":"failed","statusMessage":"AssertionError: assert \"不能包含+: , [ < > ' ) / ，]符号\" == '密码中不能包含特殊字符'\n  \n  \u001B[0m\u001B[91m- 密码中不能包含特殊字符\u001B[39;49;00m\u001B[90m\u001B[39;49;00m\n  \u001B[92m+ 不能包含+: , [ < > ' ) / ，]符号\u001B[39;49;00m\u001B[90m\u001B[39;49;00m","statusTrace":"self = <test_system.test_userRole.TestUserRolePage object at 0x0000014AE30CD9C0>, login_to_userrole = <selenium.webdriver.chrome.webdriver.WebDriver (session=\"3833bb72d57b5048e3f3041160012a33\")>\n\n    @allure.story(\"校验密码和确认密码不符合标准,不能包含特殊字符:<>')+/\")\n    # @pytest.mark.run(order=1)\n    def test_user_verify5(self, login_to_userrole):\n        driver = login_to_userrole  # WebDriver 实例\n        user = UserRolePage(driver)  # 用 driver 初始化 UserRolePage\n        password = [\"Qw12+>34\", \"Qw12+>34\"]\n        add = AddsPages(driver)\n        list_ = [\n            '//div[label[text()=\"密码\"]]//input',\n            '//div[label[text()=\"确认密码\"]]//input',\n        ]\n        user.click_all_button(\"新增\")\n        user.enter_texts(list_[0], password[0])\n        user.enter_texts(list_[1], password[1])\n        user.click_button('//div[label[text()=\"用户名称\"]]//input')\n        sleep(0.5)\n        verify1 = user.get_verify_text(\"密码\")\n        verify2 = user.get_verify_text(\"确认密码\")\n        value_list = add.get_border_color(list_)\n        # 断言边框颜色是否为红色（可以根据实际RGB值调整）\n        expected_color = \"rgb(237, 64, 20)\"  # 红色的 rgb 值\n        assert all(value == expected_color for value in value_list)\n>       assert verify1 == verify2 == \"密码中不能包含特殊字符\"\nE       assert \"不能包含+: , [ < > ' ) / ，]符号\" == '密码中不能包含特殊字符'\nE         \nE         \u001B[0m\u001B[91m- 密码中不能包含特殊字符\u001B[39;49;00m\u001B[90m\u001B[39;49;00m\nE         \u001B[92m+ 不能包含+: , [ < > ' ) / ，]符号\u001B[39;49;00m\u001B[90m\u001B[39;49;00m\n\nTests\\test_system\\test_userRole.py:299: AssertionError","flaky":false,"newFailed":false,"newBroken":false,"newPassed":false,"retriesCount":0,"retriesStatusChange":false,"beforeStages":[{"name":"login_to_userrole","time":{"start":1760982925427,"stop":1760982943607,"duration":18180},"status":"passed","steps":[],"attachments":[],"parameters":[],"stepsCount":0,"attachmentStep":false,"hasContent":false,"attachmentsCount":0,"shouldDisplayMessage":false}],"testStage":{"status":"failed","statusMessage":"AssertionError: assert \"不能包含+: , [ < > ' ) / ，]符号\" == '密码中不能包含特殊字符'\n  \n  \u001B[0m\u001B[91m- 密码中不能包含特殊字符\u001B[39;49;00m\u001B[90m\u001B[39;49;00m\n  \u001B[92m+ 不能包含+: , [ < > ' ) / ，]符号\u001B[39;49;00m\u001B[90m\u001B[39;49;00m","statusTrace":"self = <test_system.test_userRole.TestUserRolePage object at 0x0000014AE30CD9C0>, login_to_userrole = <selenium.webdriver.chrome.webdriver.WebDriver (session=\"3833bb72d57b5048e3f3041160012a33\")>\n\n    @allure.story(\"校验密码和确认密码不符合标准,不能包含特殊字符:<>')+/\")\n    # @pytest.mark.run(order=1)\n    def test_user_verify5(self, login_to_userrole):\n        driver = login_to_userrole  # WebDriver 实例\n        user = UserRolePage(driver)  # 用 driver 初始化 UserRolePage\n        password = [\"Qw12+>34\", \"Qw12+>34\"]\n        add = AddsPages(driver)\n        list_ = [\n            '//div[label[text()=\"密码\"]]//input',\n            '//div[label[text()=\"确认密码\"]]//input',\n        ]\n        user.click_all_button(\"新增\")\n        user.enter_texts(list_[0], password[0])\n        user.enter_texts(list_[1], password[1])\n        user.click_button('//div[label[text()=\"用户名称\"]]//input')\n        sleep(0.5)\n        verify1 = user.get_verify_text(\"密码\")\n        verify2 = user.get_verify_text(\"确认密码\")\n        value_list = add.get_border_color(list_)\n        # 断言边框颜色是否为红色（可以根据实际RGB值调整）\n        expected_color = \"rgb(237, 64, 20)\"  # 红色的 rgb 值\n        assert all(value == expected_color for value in value_list)\n>       assert verify1 == verify2 == \"密码中不能包含特殊字符\"\nE       assert \"不能包含+: , [ < > ' ) / ，]符号\" == '密码中不能包含特殊字符'\nE         \nE         \u001B[0m\u001B[91m- 密码中不能包含特殊字符\u001B[39;49;00m\u001B[90m\u001B[39;49;00m\nE         \u001B[92m+ 不能包含+: , [ < > ' ) / ，]符号\u001B[39;49;00m\u001B[90m\u001B[39;49;00m\n\nTests\\test_system\\test_userRole.py:299: AssertionError","steps":[],"attachments":[{"uid":"9f0b6110424fdf95","name":"test_user_verify5_failure","source":"9f0b6110424fdf95.png","type":"image/png","size":165763},{"uid":"bbfd4944fecca626","name":"test_user_verify5_source","source":"bbfd4944fecca626.html","type":"text/html","size":1198854},{"uid":"3904071caf8f6b65","name":"log","source":"3904071caf8f6b65.txt","type":"text/plain","size":1560}],"parameters":[],"stepsCount":0,"attachmentStep":false,"hasContent":true,"attachmentsCount":3,"shouldDisplayMessage":true},"afterStages":[{"name":"login_to_userrole::0","time":{"start":1760982949449,"stop":1760982951925,"duration":2476},"status":"passed","steps":[],"attachments":[],"parameters":[],"stepsCount":0,"attachmentStep":false,"hasContent":false,"attachmentsCount":0,"shouldDisplayMessage":false}],"labels":[{"name":"feature","value":"用户权限管理页用例"},{"name":"story","value":"校验密码和确认密码不符合标准,不能包含特殊字符:<>')+/"},{"name":"parentSuite","value":"Tests.test_system"},{"name":"suite","value":"test_userRole"},{"name":"subSuite","value":"TestUserRolePage"},{"name":"host","value":"WIN-20240820MJV"},{"name":"thread","value":"3232-MainThread"},{"name":"framework","value":"pytest"},{"name":"language","value":"cpython3"},{"name":"package","value":"Tests.test_system.test_userRole"},{"name":"resultFormat","value":"allure2"}],"parameters":[],"links":[],"hidden":false,"retry":false,"extra":{"severity":"normal","retries":[],"categories":[{"name":"Product defects","matchedStatuses":[]}],"tags":[]},"source":"4704ce1c2649efa6.json","parameterValues":[]}