{"uid":"47315bf8cff52263","name":"test_production_add4","fullName":"Tests.test_items.test_production.TestProductionPage#test_production_add4","historyId":"8e20f92ef1efdc1f5ceeada24758711c","time":{"start":1760972995929,"stop":1760973009340,"duration":13411},"status":"broken","statusMessage":"selenium.common.exceptions.TimeoutException: Message: 点击失败，找不到元素：xpath = //table[.//tr[./td[3]//span[text()=\"1测试C订单:2\"]]]//td[3]//span[text()=\"1测试C订单:2\"]","statusTrace":"self = <Pages.itemsPage.production_page.ProductionPage object at 0x0000014AE31A3D90>, by_or_element = 'xpath', value = '//table[.//tr[./td[3]//span[text()=\"1测试C订单:2\"]]]//td[3]//span[text()=\"1测试C订单:2\"]', wait_time = 10\n\n    def click(self, by_or_element, value=None, wait_time=10):\n        if value is not None:\n            by = by_or_element\n            logging.info(f\"点击元素：By = {by}, Value = {value}\")\n            try:\n>               element = WebDriverWait(self.driver, wait_time).until(\n                    EC.element_to_be_clickable((by, value))\n                )\n\nPages\\base_page.py:45: \n_ _ _ _ _ _ _ _ _ _ _ _ _ _ _ _ _ _ _ _ _ _ _ _ _ _ _ _ _ _ _ _ _ _ _ _ _ _ _ _ _ _ _ _ _ _ _ _ _ _ _ _ _ _ _ _ _ _ _ _ _ _ _ _ _ _ _ _ _ _ _ _ _ _ _ _ _ _ _ _ _ _ _ _ _ _ _ _ _ _ _ _ _ _ _ _ _ _ _ _ _ _ _ _ _ _ _ _ _ _ _ _ _ _ _ _\n\nself = <selenium.webdriver.support.wait.WebDriverWait (session=\"3e7c65258dec588aa6118262abcc3750\")>, method = <function element_to_be_clickable.<locals>._predicate at 0x0000014AE32743A0>, message = ''\n\n    def until(self, method: Callable[[D], Union[Literal[False], T]], message: str = \"\") -> T:\n        \"\"\"Wait until the method returns a value that is not False.\n    \n        Calls the method provided with the driver as an argument until the\n        return value does not evaluate to ``False``.\n    \n        Parameters:\n        -----------\n        method: callable(WebDriver)\n            - A callable object that takes a WebDriver instance as an argument.\n    \n        message: str\n            - Optional message for :exc:`TimeoutException`\n    \n        Return:\n        -------\n        object: T\n            - The result of the last call to `method`\n    \n        Raises:\n        -------\n        TimeoutException\n            - If 'method' does not return a truthy value within the WebDriverWait\n            object's timeout\n    \n        Example:\n        --------\n        >>> from selenium.webdriver.common.by import By\n        >>> from selenium.webdriver.support.ui import WebDriverWait\n        >>> from selenium.webdriver.support import expected_conditions as EC\n    \n        # Wait until an element is visible on the page\n        >>> wait = WebDriverWait(driver, 10)\n        >>> element = wait.until(EC.visibility_of_element_located((By.ID, \"exampleId\")))\n        >>> print(element.text)\n        \"\"\"\n        screen = None\n        stacktrace = None\n    \n        end_time = time.monotonic() + self._timeout\n        while True:\n            try:\n                value = method(self._driver)\n                if value:\n                    return value\n            except self._ignored_exceptions as exc:\n                screen = getattr(exc, \"screen\", None)\n                stacktrace = getattr(exc, \"stacktrace\", None)\n            if time.monotonic() > end_time:\n                break\n            time.sleep(self._poll)\n>       raise TimeoutException(message, screen, stacktrace)\nE       selenium.common.exceptions.TimeoutException: Message: \nE       Stacktrace:\nE       \tGetHandleVerifier [0x0x7ff613186f65+78965]\nE       \tGetHandleVerifier [0x0x7ff613186fc0+79056]\nE       \t(No symbol) [0x0x7ff612f19dda]\nE       \t(No symbol) [0x0x7ff612f702ea]\nE       \t(No symbol) [0x0x7ff612f7059c]\nE       \t(No symbol) [0x0x7ff612fc3f37]\nE       \t(No symbol) [0x0x7ff612f986af]\nE       \t(No symbol) [0x0x7ff612fc0dbe]\nE       \t(No symbol) [0x0x7ff612f98443]\nE       \t(No symbol) [0x0x7ff612f61311]\nE       \t(No symbol) [0x0x7ff612f620a3]\nE       \tGetHandleVerifier [0x0x7ff61343e26d+2926461]\nE       \tGetHandleVerifier [0x0x7ff613438993+2903715]\nE       \tGetHandleVerifier [0x0x7ff613456aed+3026941]\nE       \tGetHandleVerifier [0x0x7ff6131a16fe+187406]\nE       \tGetHandleVerifier [0x0x7ff6131a96ef+220159]\nE       \tGetHandleVerifier [0x0x7ff61318faf4+114692]\nE       \tGetHandleVerifier [0x0x7ff61318fca9+115129]\nE       \tGetHandleVerifier [0x0x7ff6131764d8+10728]\nE       \tBaseThreadInitThunk [0x0x7fff4faa7374+20]\nE       \tRtlUserThreadStart [0x0x7fff513dcc91+33]\n\nmyenv\\lib\\site-packages\\selenium\\webdriver\\support\\wait.py:138: TimeoutException\n\nDuring handling of the above exception, another exception occurred:\n\nself = <test_items.test_production.TestProductionPage object at 0x0000014AE2F7CE20>, login_to_production = <selenium.webdriver.chrome.webdriver.WebDriver (session=\"3e7c65258dec588aa6118262abcc3750\")>\n\n    @allure.story(\"添加测试数据\")\n    # @pytest.mark.run(order=1)\n    def test_production_add4(self, login_to_production):\n        driver = login_to_production  # WebDriver 实例\n        production = ProductionPage(driver)  # 用 driver 初始化 ProductionPage\n        production.click_add_button()\n        name = \"1测试C订单\"\n        # 点击工作代码对话框\n        production.click_button('//label[text()=\"工作代码\"]/following-sibling::div//i')\n        # 在订单代码输入框中输入“1测试C订单”\n        production.enter_texts(\n            '(//div[./p[text()=\"订单代码\"]])[2]/parent::div//input',\n            name,\n        )\n    \n>       production.click_button(\n            f'//table[.//tr[./td[3]//span[text()=\"{name}:2\"]]]//td[3]//span[text()=\"{name}:2\"]'\n        )\n\nTests\\test_items\\test_production.py:509: \n_ _ _ _ _ _ _ _ _ _ _ _ _ _ _ _ _ _ _ _ _ _ _ _ _ _ _ _ _ _ _ _ _ _ _ _ _ _ _ _ _ _ _ _ _ _ _ _ _ _ _ _ _ _ _ _ _ _ _ _ _ _ _ _ _ _ _ _ _ _ _ _ _ _ _ _ _ _ _ _ _ _ _ _ _ _ _ _ _ _ _ _ _ _ _ _ _ _ _ _ _ _ _ _ _ _ _ _ _ _ _ _ _ _ _ _\nPages\\itemsPage\\production_page.py:41: in click_button\n    self.click(By.XPATH, xpath)\n_ _ _ _ _ _ _ _ _ _ _ _ _ _ _ _ _ _ _ _ _ _ _ _ _ _ _ _ _ _ _ _ _ _ _ _ _ _ _ _ _ _ _ _ _ _ _ _ _ _ _ _ _ _ _ _ _ _ _ _ _ _ _ _ _ _ _ _ _ _ _ _ _ _ _ _ _ _ _ _ _ _ _ _ _ _ _ _ _ _ _ _ _ _ _ _ _ _ _ _ _ _ _ _ _ _ _ _ _ _ _ _ _ _ _ _\n\nself = <Pages.itemsPage.production_page.ProductionPage object at 0x0000014AE31A3D90>, by_or_element = 'xpath', value = '//table[.//tr[./td[3]//span[text()=\"1测试C订单:2\"]]]//td[3]//span[text()=\"1测试C订单:2\"]', wait_time = 10\n\n    def click(self, by_or_element, value=None, wait_time=10):\n        if value is not None:\n            by = by_or_element\n            logging.info(f\"点击元素：By = {by}, Value = {value}\")\n            try:\n                element = WebDriverWait(self.driver, wait_time).until(\n                    EC.element_to_be_clickable((by, value))\n                )\n            except TimeoutException:\n                logging.warning(f\"❌ 点击超时：元素 {by} = {value} 未在 {wait_time} 秒内变为可点击\")\n>               raise TimeoutException(f\"点击失败，找不到元素：{by} = {value}\")\nE               selenium.common.exceptions.TimeoutException: Message: 点击失败，找不到元素：xpath = //table[.//tr[./td[3]//span[text()=\"1测试C订单:2\"]]]//td[3]//span[text()=\"1测试C订单:2\"]\n\nPages\\base_page.py:50: TimeoutException","flaky":false,"newFailed":false,"newBroken":false,"newPassed":false,"retriesCount":0,"retriesStatusChange":false,"beforeStages":[{"name":"login_to_production","time":{"start":1760972979385,"stop":1760972995927,"duration":16542},"status":"passed","steps":[],"attachments":[],"parameters":[],"hasContent":false,"stepsCount":0,"attachmentStep":false,"shouldDisplayMessage":false,"attachmentsCount":0}],"testStage":{"status":"broken","statusMessage":"selenium.common.exceptions.TimeoutException: Message: 点击失败，找不到元素：xpath = //table[.//tr[./td[3]//span[text()=\"1测试C订单:2\"]]]//td[3]//span[text()=\"1测试C订单:2\"]","statusTrace":"self = <Pages.itemsPage.production_page.ProductionPage object at 0x0000014AE31A3D90>, by_or_element = 'xpath', value = '//table[.//tr[./td[3]//span[text()=\"1测试C订单:2\"]]]//td[3]//span[text()=\"1测试C订单:2\"]', wait_time = 10\n\n    def click(self, by_or_element, value=None, wait_time=10):\n        if value is not None:\n            by = by_or_element\n            logging.info(f\"点击元素：By = {by}, Value = {value}\")\n            try:\n>               element = WebDriverWait(self.driver, wait_time).until(\n                    EC.element_to_be_clickable((by, value))\n                )\n\nPages\\base_page.py:45: \n_ _ _ _ _ _ _ _ _ _ _ _ _ _ _ _ _ _ _ _ _ _ _ _ _ _ _ _ _ _ _ _ _ _ _ _ _ _ _ _ _ _ _ _ _ _ _ _ _ _ _ _ _ _ _ _ _ _ _ _ _ _ _ _ _ _ _ _ _ _ _ _ _ _ _ _ _ _ _ _ _ _ _ _ _ _ _ _ _ _ _ _ _ _ _ _ _ _ _ _ _ _ _ _ _ _ _ _ _ _ _ _ _ _ _ _\n\nself = <selenium.webdriver.support.wait.WebDriverWait (session=\"3e7c65258dec588aa6118262abcc3750\")>, method = <function element_to_be_clickable.<locals>._predicate at 0x0000014AE32743A0>, message = ''\n\n    def until(self, method: Callable[[D], Union[Literal[False], T]], message: str = \"\") -> T:\n        \"\"\"Wait until the method returns a value that is not False.\n    \n        Calls the method provided with the driver as an argument until the\n        return value does not evaluate to ``False``.\n    \n        Parameters:\n        -----------\n        method: callable(WebDriver)\n            - A callable object that takes a WebDriver instance as an argument.\n    \n        message: str\n            - Optional message for :exc:`TimeoutException`\n    \n        Return:\n        -------\n        object: T\n            - The result of the last call to `method`\n    \n        Raises:\n        -------\n        TimeoutException\n            - If 'method' does not return a truthy value within the WebDriverWait\n            object's timeout\n    \n        Example:\n        --------\n        >>> from selenium.webdriver.common.by import By\n        >>> from selenium.webdriver.support.ui import WebDriverWait\n        >>> from selenium.webdriver.support import expected_conditions as EC\n    \n        # Wait until an element is visible on the page\n        >>> wait = WebDriverWait(driver, 10)\n        >>> element = wait.until(EC.visibility_of_element_located((By.ID, \"exampleId\")))\n        >>> print(element.text)\n        \"\"\"\n        screen = None\n        stacktrace = None\n    \n        end_time = time.monotonic() + self._timeout\n        while True:\n            try:\n                value = method(self._driver)\n                if value:\n                    return value\n            except self._ignored_exceptions as exc:\n                screen = getattr(exc, \"screen\", None)\n                stacktrace = getattr(exc, \"stacktrace\", None)\n            if time.monotonic() > end_time:\n                break\n            time.sleep(self._poll)\n>       raise TimeoutException(message, screen, stacktrace)\nE       selenium.common.exceptions.TimeoutException: Message: \nE       Stacktrace:\nE       \tGetHandleVerifier [0x0x7ff613186f65+78965]\nE       \tGetHandleVerifier [0x0x7ff613186fc0+79056]\nE       \t(No symbol) [0x0x7ff612f19dda]\nE       \t(No symbol) [0x0x7ff612f702ea]\nE       \t(No symbol) [0x0x7ff612f7059c]\nE       \t(No symbol) [0x0x7ff612fc3f37]\nE       \t(No symbol) [0x0x7ff612f986af]\nE       \t(No symbol) [0x0x7ff612fc0dbe]\nE       \t(No symbol) [0x0x7ff612f98443]\nE       \t(No symbol) [0x0x7ff612f61311]\nE       \t(No symbol) [0x0x7ff612f620a3]\nE       \tGetHandleVerifier [0x0x7ff61343e26d+2926461]\nE       \tGetHandleVerifier [0x0x7ff613438993+2903715]\nE       \tGetHandleVerifier [0x0x7ff613456aed+3026941]\nE       \tGetHandleVerifier [0x0x7ff6131a16fe+187406]\nE       \tGetHandleVerifier [0x0x7ff6131a96ef+220159]\nE       \tGetHandleVerifier [0x0x7ff61318faf4+114692]\nE       \tGetHandleVerifier [0x0x7ff61318fca9+115129]\nE       \tGetHandleVerifier [0x0x7ff6131764d8+10728]\nE       \tBaseThreadInitThunk [0x0x7fff4faa7374+20]\nE       \tRtlUserThreadStart [0x0x7fff513dcc91+33]\n\nmyenv\\lib\\site-packages\\selenium\\webdriver\\support\\wait.py:138: TimeoutException\n\nDuring handling of the above exception, another exception occurred:\n\nself = <test_items.test_production.TestProductionPage object at 0x0000014AE2F7CE20>, login_to_production = <selenium.webdriver.chrome.webdriver.WebDriver (session=\"3e7c65258dec588aa6118262abcc3750\")>\n\n    @allure.story(\"添加测试数据\")\n    # @pytest.mark.run(order=1)\n    def test_production_add4(self, login_to_production):\n        driver = login_to_production  # WebDriver 实例\n        production = ProductionPage(driver)  # 用 driver 初始化 ProductionPage\n        production.click_add_button()\n        name = \"1测试C订单\"\n        # 点击工作代码对话框\n        production.click_button('//label[text()=\"工作代码\"]/following-sibling::div//i')\n        # 在订单代码输入框中输入“1测试C订单”\n        production.enter_texts(\n            '(//div[./p[text()=\"订单代码\"]])[2]/parent::div//input',\n            name,\n        )\n    \n>       production.click_button(\n            f'//table[.//tr[./td[3]//span[text()=\"{name}:2\"]]]//td[3]//span[text()=\"{name}:2\"]'\n        )\n\nTests\\test_items\\test_production.py:509: \n_ _ _ _ _ _ _ _ _ _ _ _ _ _ _ _ _ _ _ _ _ _ _ _ _ _ _ _ _ _ _ _ _ _ _ _ _ _ _ _ _ _ _ _ _ _ _ _ _ _ _ _ _ _ _ _ _ _ _ _ _ _ _ _ _ _ _ _ _ _ _ _ _ _ _ _ _ _ _ _ _ _ _ _ _ _ _ _ _ _ _ _ _ _ _ _ _ _ _ _ _ _ _ _ _ _ _ _ _ _ _ _ _ _ _ _\nPages\\itemsPage\\production_page.py:41: in click_button\n    self.click(By.XPATH, xpath)\n_ _ _ _ _ _ _ _ _ _ _ _ _ _ _ _ _ _ _ _ _ _ _ _ _ _ _ _ _ _ _ _ _ _ _ _ _ _ _ _ _ _ _ _ _ _ _ _ _ _ _ _ _ _ _ _ _ _ _ _ _ _ _ _ _ _ _ _ _ _ _ _ _ _ _ _ _ _ _ _ _ _ _ _ _ _ _ _ _ _ _ _ _ _ _ _ _ _ _ _ _ _ _ _ _ _ _ _ _ _ _ _ _ _ _ _\n\nself = <Pages.itemsPage.production_page.ProductionPage object at 0x0000014AE31A3D90>, by_or_element = 'xpath', value = '//table[.//tr[./td[3]//span[text()=\"1测试C订单:2\"]]]//td[3]//span[text()=\"1测试C订单:2\"]', wait_time = 10\n\n    def click(self, by_or_element, value=None, wait_time=10):\n        if value is not None:\n            by = by_or_element\n            logging.info(f\"点击元素：By = {by}, Value = {value}\")\n            try:\n                element = WebDriverWait(self.driver, wait_time).until(\n                    EC.element_to_be_clickable((by, value))\n                )\n            except TimeoutException:\n                logging.warning(f\"❌ 点击超时：元素 {by} = {value} 未在 {wait_time} 秒内变为可点击\")\n>               raise TimeoutException(f\"点击失败，找不到元素：{by} = {value}\")\nE               selenium.common.exceptions.TimeoutException: Message: 点击失败，找不到元素：xpath = //table[.//tr[./td[3]//span[text()=\"1测试C订单:2\"]]]//td[3]//span[text()=\"1测试C订单:2\"]\n\nPages\\base_page.py:50: TimeoutException","steps":[],"attachments":[{"uid":"dd082be2b1e98b8f","name":"test_production_add4_failure","source":"dd082be2b1e98b8f.png","type":"image/png","size":91186},{"uid":"e6f8acb9b534e7b","name":"test_production_add4_source","source":"e6f8acb9b534e7b.html","type":"text/html","size":1314891},{"uid":"c655645803603377","name":"log","source":"c655645803603377.txt","type":"text/plain","size":1379}],"parameters":[],"hasContent":true,"stepsCount":0,"attachmentStep":false,"shouldDisplayMessage":true,"attachmentsCount":3},"afterStages":[{"name":"login_to_production::0","time":{"start":1760973009821,"stop":1760973012155,"duration":2334},"status":"passed","steps":[],"attachments":[],"parameters":[],"hasContent":false,"stepsCount":0,"attachmentStep":false,"shouldDisplayMessage":false,"attachmentsCount":0}],"labels":[{"name":"story","value":"添加测试数据"},{"name":"feature","value":"生产报工测试用例"},{"name":"parentSuite","value":"Tests.test_items"},{"name":"suite","value":"test_production"},{"name":"subSuite","value":"TestProductionPage"},{"name":"host","value":"WIN-20240820MJV"},{"name":"thread","value":"3232-MainThread"},{"name":"framework","value":"pytest"},{"name":"language","value":"cpython3"},{"name":"package","value":"Tests.test_items.test_production"},{"name":"resultFormat","value":"allure2"}],"parameters":[],"links":[],"hidden":false,"retry":false,"extra":{"severity":"normal","retries":[],"categories":[{"name":"Test defects","matchedStatuses":[]}],"tags":[]},"source":"47315bf8cff52263.json","parameterValues":[]}