{"uid":"483481d3970a34e4","name":"test_setting_select_selsuccess","fullName":"Tests.test_items.test_setting.TestSettingPage#test_setting_select_selsuccess","historyId":"765a78f2ff804b27f9fccba76c77cf17","time":{"start":1758724737959,"stop":1758724749560,"duration":11601},"status":"broken","statusMessage":"selenium.common.exceptions.TimeoutException: Message: 点击失败，找不到元素：xpath = //div[text()=\"物料种类\"]/following-sibling::div//input[@placeholder=\"请选择\"]","statusTrace":"self = <Pages.itemsPage.setting_page.SettingPage object at 0x00000271F4F024A0>, by_or_element = 'xpath', value = '//div[text()=\"物料种类\"]/following-sibling::div//input[@placeholder=\"请选择\"]', wait_time = 10\n\n    def click(self, by_or_element, value=None, wait_time=10):\n        if value is not None:\n            by = by_or_element\n            logging.info(f\"点击元素：By = {by}, Value = {value}\")\n            try:\n>               element = WebDriverWait(self.driver, wait_time).until(\n                    EC.element_to_be_clickable((by, value))\n                )\n\nPages\\base_page.py:45: \n_ _ _ _ _ _ _ _ _ _ _ _ _ _ _ _ _ _ _ _ _ _ _ _ _ _ _ _ _ _ _ _ _ _ _ _ _ _ _ _ _ _ _ _ _ _ _ _ _ _ _ _ _ _ _ _ _ _ _ _ _ _ _ _ _ _ _ _ _ _ _ _ _ _ _ _ _ _ _ _ _ _ _ _ _ _ _ _ _ _ _ _ _ _ _ _ _ _ _ _ _ _ _ _ _ _ _ _ _ _ _ _ _ _ _ _\n\nself = <selenium.webdriver.support.wait.WebDriverWait (session=\"e60dd26bf36c313cf2c1a02f55dedca1\")>, method = <function element_to_be_clickable.<locals>._predicate at 0x00000271F4E04EE0>, message = ''\n\n    def until(self, method: Callable[[D], Union[Literal[False], T]], message: str = \"\") -> T:\n        \"\"\"Wait until the method returns a value that is not False.\n    \n        Calls the method provided with the driver as an argument until the\n        return value does not evaluate to ``False``.\n    \n        Parameters:\n        -----------\n        method: callable(WebDriver)\n            - A callable object that takes a WebDriver instance as an argument.\n    \n        message: str\n            - Optional message for :exc:`TimeoutException`\n    \n        Return:\n        -------\n        object: T\n            - The result of the last call to `method`\n    \n        Raises:\n        -------\n        TimeoutException\n            - If 'method' does not return a truthy value within the WebDriverWait\n            object's timeout\n    \n        Example:\n        --------\n        >>> from selenium.webdriver.common.by import By\n        >>> from selenium.webdriver.support.ui import WebDriverWait\n        >>> from selenium.webdriver.support import expected_conditions as EC\n    \n        # Wait until an element is visible on the page\n        >>> wait = WebDriverWait(driver, 10)\n        >>> element = wait.until(EC.visibility_of_element_located((By.ID, \"exampleId\")))\n        >>> print(element.text)\n        \"\"\"\n        screen = None\n        stacktrace = None\n    \n        end_time = time.monotonic() + self._timeout\n        while True:\n            try:\n                value = method(self._driver)\n                if value:\n                    return value\n            except self._ignored_exceptions as exc:\n                screen = getattr(exc, \"screen\", None)\n                stacktrace = getattr(exc, \"stacktrace\", None)\n            if time.monotonic() > end_time:\n                break\n            time.sleep(self._poll)\n>       raise TimeoutException(message, screen, stacktrace)\nE       selenium.common.exceptions.TimeoutException: Message: \nE       Stacktrace:\nE       \tGetHandleVerifier [0x0x7ff7ee406f65+78965]\nE       \tGetHandleVerifier [0x0x7ff7ee406fc0+79056]\nE       \t(No symbol) [0x0x7ff7ee199dda]\nE       \t(No symbol) [0x0x7ff7ee1f02ea]\nE       \t(No symbol) [0x0x7ff7ee1f059c]\nE       \t(No symbol) [0x0x7ff7ee243f37]\nE       \t(No symbol) [0x0x7ff7ee2186af]\nE       \t(No symbol) [0x0x7ff7ee240dbe]\nE       \t(No symbol) [0x0x7ff7ee218443]\nE       \t(No symbol) [0x0x7ff7ee1e1311]\nE       \t(No symbol) [0x0x7ff7ee1e20a3]\nE       \tGetHandleVerifier [0x0x7ff7ee6be26d+2926461]\nE       \tGetHandleVerifier [0x0x7ff7ee6b8993+2903715]\nE       \tGetHandleVerifier [0x0x7ff7ee6d6aed+3026941]\nE       \tGetHandleVerifier [0x0x7ff7ee4216fe+187406]\nE       \tGetHandleVerifier [0x0x7ff7ee4296ef+220159]\nE       \tGetHandleVerifier [0x0x7ff7ee40faf4+114692]\nE       \tGetHandleVerifier [0x0x7ff7ee40fca9+115129]\nE       \tGetHandleVerifier [0x0x7ff7ee3f64d8+10728]\nE       \tBaseThreadInitThunk [0x0x7ffcefb37374+20]\nE       \tRtlUserThreadStart [0x0x7ffcf06bcc91+33]\n\nmyenv\\lib\\site-packages\\selenium\\webdriver\\support\\wait.py:138: TimeoutException\n\nDuring handling of the above exception, another exception occurred:\n\nself = <test_items.test_setting.TestSettingPage object at 0x00000271F349A380>, login_to_setting = <selenium.webdriver.chrome.webdriver.WebDriver (session=\"e60dd26bf36c313cf2c1a02f55dedca1\")>\n\n    @allure.story(\"快速查询下拉框多选为或者关系\")\n    # @pytest.mark.run(order=1)\n    def test_setting_select_selsuccess(self, login_to_setting):\n        driver = login_to_setting  # WebDriver 实例\n        setting = SettingPage(driver)  # 用 driver 初始化 SettingPage\n        layout = \"测试布局A\"\n        setting.click_button(f'//div[@class=\"tabsDivItemCon\"]/div[text()=\" {layout} \"]')\n        setting.enter_texts(\n            '//div[text()=\"物料优先度\"]/following-sibling::div//input', \"1\"\n        )\n        # 为特定代码选择I选项\n>       setting.click_button(\n            f'//div[text()=\"物料种类\"]/following-sibling::div//input[@placeholder=\"请选择\"]'\n        )\n\nTests\\test_items\\test_setting.py:1130: \n_ _ _ _ _ _ _ _ _ _ _ _ _ _ _ _ _ _ _ _ _ _ _ _ _ _ _ _ _ _ _ _ _ _ _ _ _ _ _ _ _ _ _ _ _ _ _ _ _ _ _ _ _ _ _ _ _ _ _ _ _ _ _ _ _ _ _ _ _ _ _ _ _ _ _ _ _ _ _ _ _ _ _ _ _ _ _ _ _ _ _ _ _ _ _ _ _ _ _ _ _ _ _ _ _ _ _ _ _ _ _ _ _ _ _ _\nPages\\itemsPage\\setting_page.py:22: in click_button\n    self.click(By.XPATH, xpath)\n_ _ _ _ _ _ _ _ _ _ _ _ _ _ _ _ _ _ _ _ _ _ _ _ _ _ _ _ _ _ _ _ _ _ _ _ _ _ _ _ _ _ _ _ _ _ _ _ _ _ _ _ _ _ _ _ _ _ _ _ _ _ _ _ _ _ _ _ _ _ _ _ _ _ _ _ _ _ _ _ _ _ _ _ _ _ _ _ _ _ _ _ _ _ _ _ _ _ _ _ _ _ _ _ _ _ _ _ _ _ _ _ _ _ _ _\n\nself = <Pages.itemsPage.setting_page.SettingPage object at 0x00000271F4F024A0>, by_or_element = 'xpath', value = '//div[text()=\"物料种类\"]/following-sibling::div//input[@placeholder=\"请选择\"]', wait_time = 10\n\n    def click(self, by_or_element, value=None, wait_time=10):\n        if value is not None:\n            by = by_or_element\n            logging.info(f\"点击元素：By = {by}, Value = {value}\")\n            try:\n                element = WebDriverWait(self.driver, wait_time).until(\n                    EC.element_to_be_clickable((by, value))\n                )\n            except TimeoutException:\n                logging.warning(f\"❌ 点击超时：元素 {by} = {value} 未在 {wait_time} 秒内变为可点击\")\n>               raise TimeoutException(f\"点击失败，找不到元素：{by} = {value}\")\nE               selenium.common.exceptions.TimeoutException: Message: 点击失败，找不到元素：xpath = //div[text()=\"物料种类\"]/following-sibling::div//input[@placeholder=\"请选择\"]\n\nPages\\base_page.py:50: TimeoutException","flaky":false,"newFailed":false,"newBroken":false,"newPassed":false,"retriesCount":0,"retriesStatusChange":false,"beforeStages":[{"name":"login_to_setting","time":{"start":1758724729595,"stop":1758724737958,"duration":8363},"status":"passed","steps":[],"attachments":[],"parameters":[],"hasContent":false,"attachmentStep":false,"stepsCount":0,"shouldDisplayMessage":false,"attachmentsCount":0}],"testStage":{"status":"broken","statusMessage":"selenium.common.exceptions.TimeoutException: Message: 点击失败，找不到元素：xpath = //div[text()=\"物料种类\"]/following-sibling::div//input[@placeholder=\"请选择\"]","statusTrace":"self = <Pages.itemsPage.setting_page.SettingPage object at 0x00000271F4F024A0>, by_or_element = 'xpath', value = '//div[text()=\"物料种类\"]/following-sibling::div//input[@placeholder=\"请选择\"]', wait_time = 10\n\n    def click(self, by_or_element, value=None, wait_time=10):\n        if value is not None:\n            by = by_or_element\n            logging.info(f\"点击元素：By = {by}, Value = {value}\")\n            try:\n>               element = WebDriverWait(self.driver, wait_time).until(\n                    EC.element_to_be_clickable((by, value))\n                )\n\nPages\\base_page.py:45: \n_ _ _ _ _ _ _ _ _ _ _ _ _ _ _ _ _ _ _ _ _ _ _ _ _ _ _ _ _ _ _ _ _ _ _ _ _ _ _ _ _ _ _ _ _ _ _ _ _ _ _ _ _ _ _ _ _ _ _ _ _ _ _ _ _ _ _ _ _ _ _ _ _ _ _ _ _ _ _ _ _ _ _ _ _ _ _ _ _ _ _ _ _ _ _ _ _ _ _ _ _ _ _ _ _ _ _ _ _ _ _ _ _ _ _ _\n\nself = <selenium.webdriver.support.wait.WebDriverWait (session=\"e60dd26bf36c313cf2c1a02f55dedca1\")>, method = <function element_to_be_clickable.<locals>._predicate at 0x00000271F4E04EE0>, message = ''\n\n    def until(self, method: Callable[[D], Union[Literal[False], T]], message: str = \"\") -> T:\n        \"\"\"Wait until the method returns a value that is not False.\n    \n        Calls the method provided with the driver as an argument until the\n        return value does not evaluate to ``False``.\n    \n        Parameters:\n        -----------\n        method: callable(WebDriver)\n            - A callable object that takes a WebDriver instance as an argument.\n    \n        message: str\n            - Optional message for :exc:`TimeoutException`\n    \n        Return:\n        -------\n        object: T\n            - The result of the last call to `method`\n    \n        Raises:\n        -------\n        TimeoutException\n            - If 'method' does not return a truthy value within the WebDriverWait\n            object's timeout\n    \n        Example:\n        --------\n        >>> from selenium.webdriver.common.by import By\n        >>> from selenium.webdriver.support.ui import WebDriverWait\n        >>> from selenium.webdriver.support import expected_conditions as EC\n    \n        # Wait until an element is visible on the page\n        >>> wait = WebDriverWait(driver, 10)\n        >>> element = wait.until(EC.visibility_of_element_located((By.ID, \"exampleId\")))\n        >>> print(element.text)\n        \"\"\"\n        screen = None\n        stacktrace = None\n    \n        end_time = time.monotonic() + self._timeout\n        while True:\n            try:\n                value = method(self._driver)\n                if value:\n                    return value\n            except self._ignored_exceptions as exc:\n                screen = getattr(exc, \"screen\", None)\n                stacktrace = getattr(exc, \"stacktrace\", None)\n            if time.monotonic() > end_time:\n                break\n            time.sleep(self._poll)\n>       raise TimeoutException(message, screen, stacktrace)\nE       selenium.common.exceptions.TimeoutException: Message: \nE       Stacktrace:\nE       \tGetHandleVerifier [0x0x7ff7ee406f65+78965]\nE       \tGetHandleVerifier [0x0x7ff7ee406fc0+79056]\nE       \t(No symbol) [0x0x7ff7ee199dda]\nE       \t(No symbol) [0x0x7ff7ee1f02ea]\nE       \t(No symbol) [0x0x7ff7ee1f059c]\nE       \t(No symbol) [0x0x7ff7ee243f37]\nE       \t(No symbol) [0x0x7ff7ee2186af]\nE       \t(No symbol) [0x0x7ff7ee240dbe]\nE       \t(No symbol) [0x0x7ff7ee218443]\nE       \t(No symbol) [0x0x7ff7ee1e1311]\nE       \t(No symbol) [0x0x7ff7ee1e20a3]\nE       \tGetHandleVerifier [0x0x7ff7ee6be26d+2926461]\nE       \tGetHandleVerifier [0x0x7ff7ee6b8993+2903715]\nE       \tGetHandleVerifier [0x0x7ff7ee6d6aed+3026941]\nE       \tGetHandleVerifier [0x0x7ff7ee4216fe+187406]\nE       \tGetHandleVerifier [0x0x7ff7ee4296ef+220159]\nE       \tGetHandleVerifier [0x0x7ff7ee40faf4+114692]\nE       \tGetHandleVerifier [0x0x7ff7ee40fca9+115129]\nE       \tGetHandleVerifier [0x0x7ff7ee3f64d8+10728]\nE       \tBaseThreadInitThunk [0x0x7ffcefb37374+20]\nE       \tRtlUserThreadStart [0x0x7ffcf06bcc91+33]\n\nmyenv\\lib\\site-packages\\selenium\\webdriver\\support\\wait.py:138: TimeoutException\n\nDuring handling of the above exception, another exception occurred:\n\nself = <test_items.test_setting.TestSettingPage object at 0x00000271F349A380>, login_to_setting = <selenium.webdriver.chrome.webdriver.WebDriver (session=\"e60dd26bf36c313cf2c1a02f55dedca1\")>\n\n    @allure.story(\"快速查询下拉框多选为或者关系\")\n    # @pytest.mark.run(order=1)\n    def test_setting_select_selsuccess(self, login_to_setting):\n        driver = login_to_setting  # WebDriver 实例\n        setting = SettingPage(driver)  # 用 driver 初始化 SettingPage\n        layout = \"测试布局A\"\n        setting.click_button(f'//div[@class=\"tabsDivItemCon\"]/div[text()=\" {layout} \"]')\n        setting.enter_texts(\n            '//div[text()=\"物料优先度\"]/following-sibling::div//input', \"1\"\n        )\n        # 为特定代码选择I选项\n>       setting.click_button(\n            f'//div[text()=\"物料种类\"]/following-sibling::div//input[@placeholder=\"请选择\"]'\n        )\n\nTests\\test_items\\test_setting.py:1130: \n_ _ _ _ _ _ _ _ _ _ _ _ _ _ _ _ _ _ _ _ _ _ _ _ _ _ _ _ _ _ _ _ _ _ _ _ _ _ _ _ _ _ _ _ _ _ _ _ _ _ _ _ _ _ _ _ _ _ _ _ _ _ _ _ _ _ _ _ _ _ _ _ _ _ _ _ _ _ _ _ _ _ _ _ _ _ _ _ _ _ _ _ _ _ _ _ _ _ _ _ _ _ _ _ _ _ _ _ _ _ _ _ _ _ _ _\nPages\\itemsPage\\setting_page.py:22: in click_button\n    self.click(By.XPATH, xpath)\n_ _ _ _ _ _ _ _ _ _ _ _ _ _ _ _ _ _ _ _ _ _ _ _ _ _ _ _ _ _ _ _ _ _ _ _ _ _ _ _ _ _ _ _ _ _ _ _ _ _ _ _ _ _ _ _ _ _ _ _ _ _ _ _ _ _ _ _ _ _ _ _ _ _ _ _ _ _ _ _ _ _ _ _ _ _ _ _ _ _ _ _ _ _ _ _ _ _ _ _ _ _ _ _ _ _ _ _ _ _ _ _ _ _ _ _\n\nself = <Pages.itemsPage.setting_page.SettingPage object at 0x00000271F4F024A0>, by_or_element = 'xpath', value = '//div[text()=\"物料种类\"]/following-sibling::div//input[@placeholder=\"请选择\"]', wait_time = 10\n\n    def click(self, by_or_element, value=None, wait_time=10):\n        if value is not None:\n            by = by_or_element\n            logging.info(f\"点击元素：By = {by}, Value = {value}\")\n            try:\n                element = WebDriverWait(self.driver, wait_time).until(\n                    EC.element_to_be_clickable((by, value))\n                )\n            except TimeoutException:\n                logging.warning(f\"❌ 点击超时：元素 {by} = {value} 未在 {wait_time} 秒内变为可点击\")\n>               raise TimeoutException(f\"点击失败，找不到元素：{by} = {value}\")\nE               selenium.common.exceptions.TimeoutException: Message: 点击失败，找不到元素：xpath = //div[text()=\"物料种类\"]/following-sibling::div//input[@placeholder=\"请选择\"]\n\nPages\\base_page.py:50: TimeoutException","steps":[],"attachments":[{"uid":"5d05828395dd8b1f","name":"test_setting_select_selsuccess_failure","source":"5d05828395dd8b1f.png","type":"image/png","size":117287},{"uid":"8276c20d5ad97e9","name":"test_setting_select_selsuccess_source","source":"8276c20d5ad97e9.html","type":"text/html","size":1330692},{"uid":"3b456c31e37fb2f9","name":"log","source":"3b456c31e37fb2f9.txt","type":"text/plain","size":1258}],"parameters":[],"hasContent":true,"attachmentStep":false,"stepsCount":0,"shouldDisplayMessage":true,"attachmentsCount":3},"afterStages":[{"name":"login_to_setting::0","time":{"start":1758724749760,"stop":1758724751924,"duration":2164},"status":"passed","steps":[],"attachments":[],"parameters":[],"hasContent":false,"attachmentStep":false,"stepsCount":0,"shouldDisplayMessage":false,"attachmentsCount":0}],"labels":[{"name":"story","value":"快速查询下拉框多选为或者关系"},{"name":"feature","value":"标准应用设置测试用例"},{"name":"parentSuite","value":"Tests.test_items"},{"name":"suite","value":"test_setting"},{"name":"subSuite","value":"TestSettingPage"},{"name":"host","value":"WIN-20240820MJV"},{"name":"thread","value":"15904-MainThread"},{"name":"framework","value":"pytest"},{"name":"language","value":"cpython3"},{"name":"package","value":"Tests.test_items.test_setting"},{"name":"resultFormat","value":"allure2"}],"parameters":[],"links":[],"hidden":false,"retry":false,"extra":{"severity":"normal","retries":[],"categories":[{"name":"Test defects","matchedStatuses":[]}],"tags":[]},"source":"483481d3970a34e4.json","parameterValues":[]}