{"uid":"50ef2cfb52c02593","name":"test_affairs_process_addfail7","fullName":"Tests.test_system.test_affairs.TestAffairsPage#test_affairs_process_addfail7","historyId":"e8f6c57db2e7d3f0f9fff9bc9d51b46c","time":{"start":1755107574977,"stop":1755107580522,"duration":5545},"status":"failed","statusMessage":"AssertionError: assert (0 == 1)\n +  where 0 = len([])","statusTrace":"self = <test_system.test_affairs.TestAffairsPage object at 0x0000023BD4093850>\nlogin_to_affairs = <selenium.webdriver.chrome.webdriver.WebDriver (session=\"b3438badce9d40dc77a590b99720431d\")>\n\n    @allure.story(\"我的流程-频率为月，不填写时间设置，不允许保存\")\n    # @pytest.mark.run(order=1)\n    def test_affairs_process_addfail7(self, login_to_affairs):\n        driver = login_to_affairs  # WebDriver 实例\n        affairs = AffairsPage(driver)  # 用 driver 初始化 AffairsPage\n        affairs.click_process()\n        affairs.add_process(name=\"测试流程1\", type=\"服务\", frequency=\"月\")\n        affairs.click_save()\n        eles = affairs.finds_elements(By.XPATH, '//div[@class=\"el-form-item__error\"]')\n        list_ = [ele.text for ele in eles]\n>       assert len(list_) == 1 and list_ == ['请填写时间设置']\nE       assert (0 == 1)\nE        +  where 0 = len([])\n\nTests\\test_system\\test_affairs.py:594: AssertionError","flaky":false,"newFailed":false,"newBroken":false,"newPassed":false,"retriesCount":1,"retriesStatusChange":false,"beforeStages":[{"name":"login_to_affairs","time":{"start":1755107565272,"stop":1755107574976,"duration":9704},"status":"passed","steps":[],"attachments":[],"parameters":[],"attachmentsCount":0,"shouldDisplayMessage":false,"attachmentStep":false,"stepsCount":0,"hasContent":false}],"testStage":{"status":"failed","statusMessage":"AssertionError: assert (0 == 1)\n +  where 0 = len([])","statusTrace":"self = <test_system.test_affairs.TestAffairsPage object at 0x0000023BD4093850>\nlogin_to_affairs = <selenium.webdriver.chrome.webdriver.WebDriver (session=\"b3438badce9d40dc77a590b99720431d\")>\n\n    @allure.story(\"我的流程-频率为月，不填写时间设置，不允许保存\")\n    # @pytest.mark.run(order=1)\n    def test_affairs_process_addfail7(self, login_to_affairs):\n        driver = login_to_affairs  # WebDriver 实例\n        affairs = AffairsPage(driver)  # 用 driver 初始化 AffairsPage\n        affairs.click_process()\n        affairs.add_process(name=\"测试流程1\", type=\"服务\", frequency=\"月\")\n        affairs.click_save()\n        eles = affairs.finds_elements(By.XPATH, '//div[@class=\"el-form-item__error\"]')\n        list_ = [ele.text for ele in eles]\n>       assert len(list_) == 1 and list_ == ['请填写时间设置']\nE       assert (0 == 1)\nE        +  where 0 = len([])\n\nTests\\test_system\\test_affairs.py:594: AssertionError","steps":[],"attachments":[{"uid":"c7a08343ca1d4b77","name":"test_affairs_process_addfail7_failure","source":"c7a08343ca1d4b77.png","type":"image/png","size":109247},{"uid":"812bd7dc52c5d50a","name":"test_affairs_process_addfail7_source","source":"812bd7dc52c5d50a.html","type":"text/html","size":1135588},{"uid":"63920676749228d7","name":"log","source":"63920676749228d7.txt","type":"text/plain","size":2821}],"parameters":[],"attachmentsCount":3,"shouldDisplayMessage":true,"attachmentStep":false,"stepsCount":0,"hasContent":true},"afterStages":[{"name":"login_to_affairs::0","time":{"start":1755107580749,"stop":1755107583019,"duration":2270},"status":"passed","steps":[],"attachments":[],"parameters":[],"attachmentsCount":0,"shouldDisplayMessage":false,"attachmentStep":false,"stepsCount":0,"hasContent":false}],"labels":[{"name":"feature","value":"事务管理页用例"},{"name":"story","value":"我的流程-频率为月，不填写时间设置，不允许保存"},{"name":"parentSuite","value":"Tests.test_system"},{"name":"suite","value":"test_affairs"},{"name":"subSuite","value":"TestAffairsPage"},{"name":"host","value":"WIN-20240820MJV"},{"name":"thread","value":"3232-MainThread"},{"name":"framework","value":"pytest"},{"name":"language","value":"cpython3"},{"name":"package","value":"Tests.test_system.test_affairs"},{"name":"resultFormat","value":"allure2"}],"parameters":[],"links":[],"hidden":false,"retry":false,"extra":{"severity":"normal","retries":[{"uid":"d815e771e9a8f246","status":"failed","statusDetails":"AssertionError: assert (0 == 1)\n +  where 0 = len([])","time":{"start":1755107557178,"stop":1755107562771,"duration":5593}}],"categories":[{"name":"Product defects","matchedStatuses":[]}],"tags":[]},"source":"50ef2cfb52c02593.json","parameterValues":[]}