{"uid":"574b2d48f30b613a","name":"test_affairs_process_nextfail5","fullName":"Tests.test_system.test_affairs.TestAffairsPage#test_affairs_process_nextfail5","historyId":"66d34e89532e24ee8f9d122511dcf4ff","time":{"start":1755107854010,"stop":1755107860841,"duration":6831},"status":"failed","statusMessage":"AssertionError: assert (0 == 1)\n +  where 0 = len([])","statusTrace":"self = <test_system.test_affairs.TestAffairsPage object at 0x0000023BD40ACB50>\nlogin_to_affairs = <selenium.webdriver.chrome.webdriver.WebDriver (session=\"02734c8bda60bbd6ba2a0a2d6851bebb\")>\n\n    @allure.story(\"我的流程-频率为每天，不填写间隔执行，不允许点击下一步\")\n    # @pytest.mark.run(order=1)\n    def test_affairs_process_nextfail5(self, login_to_affairs):\n        driver = login_to_affairs  # WebDriver 实例\n        affairs = AffairsPage(driver)  # 用 driver 初始化 AffairsPage\n        affairs.click_process()\n        affairs.add_process(name=\"测试流程1\", type=\"服务\", frequency=\"每天\")\n        affairs.click_next()\n        eles = affairs.finds_elements(By.XPATH, '//div[@class=\"el-form-item__error\"]')\n        list_ = [ele.text for ele in eles]\n>       assert len(list_) == 1 and list_ == ['请填写间隔执行']\nE       assert (0 == 1)\nE        +  where 0 = len([])\n\nTests\\test_system\\test_affairs.py:729: AssertionError","flaky":false,"newFailed":false,"newBroken":false,"newPassed":false,"retriesCount":1,"retriesStatusChange":false,"beforeStages":[{"name":"login_to_affairs","time":{"start":1755107844109,"stop":1755107854009,"duration":9900},"status":"passed","steps":[],"attachments":[],"parameters":[],"attachmentsCount":0,"shouldDisplayMessage":false,"stepsCount":0,"attachmentStep":false,"hasContent":false}],"testStage":{"status":"failed","statusMessage":"AssertionError: assert (0 == 1)\n +  where 0 = len([])","statusTrace":"self = <test_system.test_affairs.TestAffairsPage object at 0x0000023BD40ACB50>\nlogin_to_affairs = <selenium.webdriver.chrome.webdriver.WebDriver (session=\"02734c8bda60bbd6ba2a0a2d6851bebb\")>\n\n    @allure.story(\"我的流程-频率为每天，不填写间隔执行，不允许点击下一步\")\n    # @pytest.mark.run(order=1)\n    def test_affairs_process_nextfail5(self, login_to_affairs):\n        driver = login_to_affairs  # WebDriver 实例\n        affairs = AffairsPage(driver)  # 用 driver 初始化 AffairsPage\n        affairs.click_process()\n        affairs.add_process(name=\"测试流程1\", type=\"服务\", frequency=\"每天\")\n        affairs.click_next()\n        eles = affairs.finds_elements(By.XPATH, '//div[@class=\"el-form-item__error\"]')\n        list_ = [ele.text for ele in eles]\n>       assert len(list_) == 1 and list_ == ['请填写间隔执行']\nE       assert (0 == 1)\nE        +  where 0 = len([])\n\nTests\\test_system\\test_affairs.py:729: AssertionError","steps":[],"attachments":[{"uid":"5c1669921fb26aa4","name":"test_affairs_process_nextfail5_failure","source":"5c1669921fb26aa4.png","type":"image/png","size":77303},{"uid":"f4c96a39abfb36fe","name":"test_affairs_process_nextfail5_source","source":"f4c96a39abfb36fe.html","type":"text/html","size":1164773},{"uid":"192da2ba8a323659","name":"log","source":"192da2ba8a323659.txt","type":"text/plain","size":4298}],"parameters":[],"attachmentsCount":3,"shouldDisplayMessage":true,"stepsCount":0,"attachmentStep":false,"hasContent":true},"afterStages":[{"name":"login_to_affairs::0","time":{"start":1755107861100,"stop":1755107863380,"duration":2280},"status":"passed","steps":[],"attachments":[],"parameters":[],"attachmentsCount":0,"shouldDisplayMessage":false,"stepsCount":0,"attachmentStep":false,"hasContent":false}],"labels":[{"name":"feature","value":"事务管理页用例"},{"name":"story","value":"我的流程-频率为每天，不填写间隔执行，不允许点击下一步"},{"name":"parentSuite","value":"Tests.test_system"},{"name":"suite","value":"test_affairs"},{"name":"subSuite","value":"TestAffairsPage"},{"name":"host","value":"WIN-20240820MJV"},{"name":"thread","value":"3232-MainThread"},{"name":"framework","value":"pytest"},{"name":"language","value":"cpython3"},{"name":"package","value":"Tests.test_system.test_affairs"},{"name":"resultFormat","value":"allure2"}],"parameters":[],"links":[],"hidden":false,"retry":false,"extra":{"severity":"normal","retries":[{"uid":"69c0fc89e0e3cd5a","status":"failed","statusDetails":"AssertionError: assert (0 == 1)\n +  where 0 = len([])","time":{"start":1755107833882,"stop":1755107841637,"duration":7755}}],"categories":[{"name":"Product defects","matchedStatuses":[]}],"tags":[]},"source":"574b2d48f30b613a.json","parameterValues":[]}