{"uid":"5900ae9702f1c92d","name":"test_home_delete_template1","fullName":"Tests.test_system.test_home.TestHomePage#test_home_delete_template1","historyId":"17889a324d5a5152570b98cd303519ba","time":{"start":1753807226283,"stop":1753807241438,"duration":15155},"status":"broken","statusMessage":"selenium.common.exceptions.TimeoutException: Message: \nStacktrace:\n\tGetHandleVerifier [0x0x7ff787026f65+78965]\n\tGetHandleVerifier [0x0x7ff787026fc0+79056]\n\t(No symbol) [0x0x7ff786db9dda]\n\t(No symbol) [0x0x7ff786e102ea]\n\t(No symbol) [0x0x7ff786e1059c]\n\t(No symbol) [0x0x7ff786e63f37]\n\t(No symbol) [0x0x7ff786e386af]\n\t(No symbol) [0x0x7ff786e60dbe]\n\t(No symbol) [0x0x7ff786e38443]\n\t(No symbol) [0x0x7ff786e01311]\n\t(No symbol) [0x0x7ff786e020a3]\n\tGetHandleVerifier [0x0x7ff7872de26d+2926461]\n\tGetHandleVerifier [0x0x7ff7872d8993+2903715]\n\tGetHandleVerifier [0x0x7ff7872f6aed+3026941]\n\tGetHandleVerifier [0x0x7ff7870416fe+187406]\n\tGetHandleVerifier [0x0x7ff7870496ef+220159]\n\tGetHandleVerifier [0x0x7ff78702faf4+114692]\n\tGetHandleVerifier [0x0x7ff78702fca9+115129]\n\tGetHandleVerifier [0x0x7ff7870164d8+10728]\n\tBaseThreadInitThunk [0x0x7ffe499c7374+20]\n\tRtlUserThreadStart [0x0x7ffe4a2fcc91+33]","statusTrace":"self = <test_system.test_home.TestHomePage object at 0x000001DD82022A70>, login_to_home = <selenium.webdriver.chrome.webdriver.WebDriver (session=\"8aa77f07204bd733f1d664847cafcc1b\")>\n\n    @allure.story(\"删除测试布局成功\")\n    # @pytest.mark.run(order=1)\n    def test_home_delete_template1(self, login_to_home):\n        driver = login_to_home  # WebDriver 实例\n        home = HomePage(driver)  # 用 driver 初始化 HomePage\n        name = \"测试模版2confirm\"\n>       ele = home.delete_template(name)\n\nTests\\test_system\\test_home.py:427: \n_ _ _ _ _ _ _ _ _ _ _ _ _ _ _ _ _ _ _ _ _ _ _ _ _ _ _ _ _ _ _ _ _ _ _ _ _ _ _ _ _ _ _ _ _ _ _ _ _ _ _ _ _ _ _ _ _ _ _ _ _ _ _ _ _ _ _ _ _ _ _ _ _ _ _ _ _ _ _ _ _ _ _ _ _ _ _ _ _ _ _ _\nPages\\systemPage\\homepage_page.py:125: in delete_template\n    container = self.get_find_element_xpath(\nPages\\systemPage\\homepage_page.py:27: in get_find_element_xpath\n    return self.find_element(By.XPATH, xpath)\nPages\\base_page.py:28: in find_element\n    return WebDriverWait(self.driver, wait_time).until(\n_ _ _ _ _ _ _ _ _ _ _ _ _ _ _ _ _ _ _ _ _ _ _ _ _ _ _ _ _ _ _ _ _ _ _ _ _ _ _ _ _ _ _ _ _ _ _ _ _ _ _ _ _ _ _ _ _ _ _ _ _ _ _ _ _ _ _ _ _ _ _ _ _ _ _ _ _ _ _ _ _ _ _ _ _ _ _ _ _ _ _ _\n\nself = <selenium.webdriver.support.wait.WebDriverWait (session=\"8aa77f07204bd733f1d664847cafcc1b\")>\nmethod = <function presence_of_element_located.<locals>._predicate at 0x000001DD84593AC0>, message = ''\n\n    def until(self, method: Callable[[D], Union[Literal[False], T]], message: str = \"\") -> T:\n        \"\"\"Wait until the method returns a value that is not False.\n    \n        Calls the method provided with the driver as an argument until the\n        return value does not evaluate to ``False``.\n    \n        Parameters:\n        -----------\n        method: callable(WebDriver)\n            - A callable object that takes a WebDriver instance as an argument.\n    \n        message: str\n            - Optional message for :exc:`TimeoutException`\n    \n        Return:\n        -------\n        object: T\n            - The result of the last call to `method`\n    \n        Raises:\n        -------\n        TimeoutException\n            - If 'method' does not return a truthy value within the WebDriverWait\n            object's timeout\n    \n        Example:\n        --------\n        >>> from selenium.webdriver.common.by import By\n        >>> from selenium.webdriver.support.ui import WebDriverWait\n        >>> from selenium.webdriver.support import expected_conditions as EC\n    \n        # Wait until an element is visible on the page\n        >>> wait = WebDriverWait(driver, 10)\n        >>> element = wait.until(EC.visibility_of_element_located((By.ID, \"exampleId\")))\n        >>> print(element.text)\n        \"\"\"\n        screen = None\n        stacktrace = None\n    \n        end_time = time.monotonic() + self._timeout\n        while True:\n            try:\n                value = method(self._driver)\n                if value:\n                    return value\n            except self._ignored_exceptions as exc:\n                screen = getattr(exc, \"screen\", None)\n                stacktrace = getattr(exc, \"stacktrace\", None)\n            if time.monotonic() > end_time:\n                break\n            time.sleep(self._poll)\n>       raise TimeoutException(message, screen, stacktrace)\nE       selenium.common.exceptions.TimeoutException: Message: \nE       Stacktrace:\nE       \tGetHandleVerifier [0x0x7ff787026f65+78965]\nE       \tGetHandleVerifier [0x0x7ff787026fc0+79056]\nE       \t(No symbol) [0x0x7ff786db9dda]\nE       \t(No symbol) [0x0x7ff786e102ea]\nE       \t(No symbol) [0x0x7ff786e1059c]\nE       \t(No symbol) [0x0x7ff786e63f37]\nE       \t(No symbol) [0x0x7ff786e386af]\nE       \t(No symbol) [0x0x7ff786e60dbe]\nE       \t(No symbol) [0x0x7ff786e38443]\nE       \t(No symbol) [0x0x7ff786e01311]\nE       \t(No symbol) [0x0x7ff786e020a3]\nE       \tGetHandleVerifier [0x0x7ff7872de26d+2926461]\nE       \tGetHandleVerifier [0x0x7ff7872d8993+2903715]\nE       \tGetHandleVerifier [0x0x7ff7872f6aed+3026941]\nE       \tGetHandleVerifier [0x0x7ff7870416fe+187406]\nE       \tGetHandleVerifier [0x0x7ff7870496ef+220159]\nE       \tGetHandleVerifier [0x0x7ff78702faf4+114692]\nE       \tGetHandleVerifier [0x0x7ff78702fca9+115129]\nE       \tGetHandleVerifier [0x0x7ff7870164d8+10728]\nE       \tBaseThreadInitThunk [0x0x7ffe499c7374+20]\nE       \tRtlUserThreadStart [0x0x7ffe4a2fcc91+33]\n\nmyenv\\lib\\site-packages\\selenium\\webdriver\\support\\wait.py:138: TimeoutException","flaky":false,"newFailed":false,"newBroken":false,"newPassed":false,"retriesCount":1,"retriesStatusChange":false,"beforeStages":[{"name":"login_to_home","time":{"start":1753807217605,"stop":1753807226282,"duration":8677},"status":"passed","steps":[],"attachments":[],"parameters":[],"stepsCount":0,"attachmentStep":false,"hasContent":false,"attachmentsCount":0,"shouldDisplayMessage":false}],"testStage":{"status":"broken","statusMessage":"selenium.common.exceptions.TimeoutException: Message: \nStacktrace:\n\tGetHandleVerifier [0x0x7ff787026f65+78965]\n\tGetHandleVerifier [0x0x7ff787026fc0+79056]\n\t(No symbol) [0x0x7ff786db9dda]\n\t(No symbol) [0x0x7ff786e102ea]\n\t(No symbol) [0x0x7ff786e1059c]\n\t(No symbol) [0x0x7ff786e63f37]\n\t(No symbol) [0x0x7ff786e386af]\n\t(No symbol) [0x0x7ff786e60dbe]\n\t(No symbol) [0x0x7ff786e38443]\n\t(No symbol) [0x0x7ff786e01311]\n\t(No symbol) [0x0x7ff786e020a3]\n\tGetHandleVerifier [0x0x7ff7872de26d+2926461]\n\tGetHandleVerifier [0x0x7ff7872d8993+2903715]\n\tGetHandleVerifier [0x0x7ff7872f6aed+3026941]\n\tGetHandleVerifier [0x0x7ff7870416fe+187406]\n\tGetHandleVerifier [0x0x7ff7870496ef+220159]\n\tGetHandleVerifier [0x0x7ff78702faf4+114692]\n\tGetHandleVerifier [0x0x7ff78702fca9+115129]\n\tGetHandleVerifier [0x0x7ff7870164d8+10728]\n\tBaseThreadInitThunk [0x0x7ffe499c7374+20]\n\tRtlUserThreadStart [0x0x7ffe4a2fcc91+33]","statusTrace":"self = <test_system.test_home.TestHomePage object at 0x000001DD82022A70>, login_to_home = <selenium.webdriver.chrome.webdriver.WebDriver (session=\"8aa77f07204bd733f1d664847cafcc1b\")>\n\n    @allure.story(\"删除测试布局成功\")\n    # @pytest.mark.run(order=1)\n    def test_home_delete_template1(self, login_to_home):\n        driver = login_to_home  # WebDriver 实例\n        home = HomePage(driver)  # 用 driver 初始化 HomePage\n        name = \"测试模版2confirm\"\n>       ele = home.delete_template(name)\n\nTests\\test_system\\test_home.py:427: \n_ _ _ _ _ _ _ _ _ _ _ _ _ _ _ _ _ _ _ _ _ _ _ _ _ _ _ _ _ _ _ _ _ _ _ _ _ _ _ _ _ _ _ _ _ _ _ _ _ _ _ _ _ _ _ _ _ _ _ _ _ _ _ _ _ _ _ _ _ _ _ _ _ _ _ _ _ _ _ _ _ _ _ _ _ _ _ _ _ _ _ _\nPages\\systemPage\\homepage_page.py:125: in delete_template\n    container = self.get_find_element_xpath(\nPages\\systemPage\\homepage_page.py:27: in get_find_element_xpath\n    return self.find_element(By.XPATH, xpath)\nPages\\base_page.py:28: in find_element\n    return WebDriverWait(self.driver, wait_time).until(\n_ _ _ _ _ _ _ _ _ _ _ _ _ _ _ _ _ _ _ _ _ _ _ _ _ _ _ _ _ _ _ _ _ _ _ _ _ _ _ _ _ _ _ _ _ _ _ _ _ _ _ _ _ _ _ _ _ _ _ _ _ _ _ _ _ _ _ _ _ _ _ _ _ _ _ _ _ _ _ _ _ _ _ _ _ _ _ _ _ _ _ _\n\nself = <selenium.webdriver.support.wait.WebDriverWait (session=\"8aa77f07204bd733f1d664847cafcc1b\")>\nmethod = <function presence_of_element_located.<locals>._predicate at 0x000001DD84593AC0>, message = ''\n\n    def until(self, method: Callable[[D], Union[Literal[False], T]], message: str = \"\") -> T:\n        \"\"\"Wait until the method returns a value that is not False.\n    \n        Calls the method provided with the driver as an argument until the\n        return value does not evaluate to ``False``.\n    \n        Parameters:\n        -----------\n        method: callable(WebDriver)\n            - A callable object that takes a WebDriver instance as an argument.\n    \n        message: str\n            - Optional message for :exc:`TimeoutException`\n    \n        Return:\n        -------\n        object: T\n            - The result of the last call to `method`\n    \n        Raises:\n        -------\n        TimeoutException\n            - If 'method' does not return a truthy value within the WebDriverWait\n            object's timeout\n    \n        Example:\n        --------\n        >>> from selenium.webdriver.common.by import By\n        >>> from selenium.webdriver.support.ui import WebDriverWait\n        >>> from selenium.webdriver.support import expected_conditions as EC\n    \n        # Wait until an element is visible on the page\n        >>> wait = WebDriverWait(driver, 10)\n        >>> element = wait.until(EC.visibility_of_element_located((By.ID, \"exampleId\")))\n        >>> print(element.text)\n        \"\"\"\n        screen = None\n        stacktrace = None\n    \n        end_time = time.monotonic() + self._timeout\n        while True:\n            try:\n                value = method(self._driver)\n                if value:\n                    return value\n            except self._ignored_exceptions as exc:\n                screen = getattr(exc, \"screen\", None)\n                stacktrace = getattr(exc, \"stacktrace\", None)\n            if time.monotonic() > end_time:\n                break\n            time.sleep(self._poll)\n>       raise TimeoutException(message, screen, stacktrace)\nE       selenium.common.exceptions.TimeoutException: Message: \nE       Stacktrace:\nE       \tGetHandleVerifier [0x0x7ff787026f65+78965]\nE       \tGetHandleVerifier [0x0x7ff787026fc0+79056]\nE       \t(No symbol) [0x0x7ff786db9dda]\nE       \t(No symbol) [0x0x7ff786e102ea]\nE       \t(No symbol) [0x0x7ff786e1059c]\nE       \t(No symbol) [0x0x7ff786e63f37]\nE       \t(No symbol) [0x0x7ff786e386af]\nE       \t(No symbol) [0x0x7ff786e60dbe]\nE       \t(No symbol) [0x0x7ff786e38443]\nE       \t(No symbol) [0x0x7ff786e01311]\nE       \t(No symbol) [0x0x7ff786e020a3]\nE       \tGetHandleVerifier [0x0x7ff7872de26d+2926461]\nE       \tGetHandleVerifier [0x0x7ff7872d8993+2903715]\nE       \tGetHandleVerifier [0x0x7ff7872f6aed+3026941]\nE       \tGetHandleVerifier [0x0x7ff7870416fe+187406]\nE       \tGetHandleVerifier [0x0x7ff7870496ef+220159]\nE       \tGetHandleVerifier [0x0x7ff78702faf4+114692]\nE       \tGetHandleVerifier [0x0x7ff78702fca9+115129]\nE       \tGetHandleVerifier [0x0x7ff7870164d8+10728]\nE       \tBaseThreadInitThunk [0x0x7ffe499c7374+20]\nE       \tRtlUserThreadStart [0x0x7ffe4a2fcc91+33]\n\nmyenv\\lib\\site-packages\\selenium\\webdriver\\support\\wait.py:138: TimeoutException","steps":[],"attachments":[{"uid":"33549e7ba97c3d95","name":"test_home_delete_template1_failure","source":"33549e7ba97c3d95.png","type":"image/png","size":71571},{"uid":"5efc5f0fc730a85c","name":"test_home_delete_template1_source","source":"5efc5f0fc730a85c.html","type":"text/html","size":1468104},{"uid":"adfe2c2e31108089","name":"log","source":"adfe2c2e31108089.txt","type":"text/plain","size":2281}],"parameters":[],"stepsCount":0,"attachmentStep":false,"hasContent":true,"attachmentsCount":3,"shouldDisplayMessage":true},"afterStages":[{"name":"login_to_home::0","time":{"start":1753807241626,"stop":1753807243838,"duration":2212},"status":"passed","steps":[],"attachments":[],"parameters":[],"stepsCount":0,"attachmentStep":false,"hasContent":false,"attachmentsCount":0,"shouldDisplayMessage":false}],"labels":[{"name":"story","value":"删除测试布局成功"},{"name":"feature","value":"主页设置页用例"},{"name":"parentSuite","value":"Tests.test_system"},{"name":"suite","value":"test_home"},{"name":"subSuite","value":"TestHomePage"},{"name":"host","value":"WIN-20240820MJV"},{"name":"thread","value":"45800-MainThread"},{"name":"framework","value":"pytest"},{"name":"language","value":"cpython3"},{"name":"package","value":"Tests.test_system.test_home"},{"name":"resultFormat","value":"allure2"}],"parameters":[],"links":[],"hidden":false,"retry":false,"extra":{"severity":"normal","retries":[{"uid":"be90c0e643751595","status":"broken","statusDetails":"selenium.common.exceptions.TimeoutException: Message: \nStacktrace:\n\tGetHandleVerifier [0x0x7ff787026f65+78965]\n\tGetHandleVerifier [0x0x7ff787026fc0+79056]\n\t(No symbol) [0x0x7ff786db9dda]\n\t(No symbol) [0x0x7ff786e102ea]\n\t(No symbol) [0x0x7ff786e1059c]\n\t(No symbol) [0x0x7ff786e63f37]\n\t(No symbol) [0x0x7ff786e386af]\n\t(No symbol) [0x0x7ff786e60dbe]\n\t(No symbol) [0x0x7ff786e38443]\n\t(No symbol) [0x0x7ff786e01311]\n\t(No symbol) [0x0x7ff786e020a3]\n\tGetHandleVerifier [0x0x7ff7872de26d+2926461]\n\tGetHandleVerifier [0x0x7ff7872d8993+2903715]\n\tGetHandleVerifier [0x0x7ff7872f6aed+3026941]\n\tGetHandleVerifier [0x0x7ff7870416fe+187406]\n\tGetHandleVerifier [0x0x7ff7870496ef+220159]\n\tGetHandleVerifier [0x0x7ff78702faf4+114692]\n\tGetHandleVerifier [0x0x7ff78702fca9+115129]\n\tGetHandleVerifier [0x0x7ff7870164d8+10728]\n\tBaseThreadInitThunk [0x0x7ffe499c7374+20]\n\tRtlUserThreadStart [0x0x7ffe4a2fcc91+33]","time":{"start":1753807199920,"stop":1753807215144,"duration":15224}}],"categories":[{"name":"Test defects","matchedStatuses":[]}],"tags":[]},"source":"5900ae9702f1c92d.json","parameterValues":[]}