{"uid":"5bdabd8aff950049","name":"test_affairs_template_updattype","fullName":"Tests.test_system.test_affairs.TestAffairsPage#test_affairs_template_updattype","historyId":"b24c55640d049dc2713493a06bbc82a3","time":{"start":1755107323708,"stop":1755107336470,"duration":12762},"status":"broken","statusMessage":"selenium.common.exceptions.TimeoutException: Message: \nStacktrace:\n\tGetHandleVerifier [0x0x7ff634466f65+78965]\n\tGetHandleVerifier [0x0x7ff634466fc0+79056]\n\t(No symbol) [0x0x7ff6341f9dda]\n\t(No symbol) [0x0x7ff6342502ea]\n\t(No symbol) [0x0x7ff63425059c]\n\t(No symbol) [0x0x7ff6342a3f37]\n\t(No symbol) [0x0x7ff6342786af]\n\t(No symbol) [0x0x7ff6342a0dbe]\n\t(No symbol) [0x0x7ff634278443]\n\t(No symbol) [0x0x7ff634241311]\n\t(No symbol) [0x0x7ff6342420a3]\n\tGetHandleVerifier [0x0x7ff63471e26d+2926461]\n\tGetHandleVerifier [0x0x7ff634718993+2903715]\n\tGetHandleVerifier [0x0x7ff634736aed+3026941]\n\tGetHandleVerifier [0x0x7ff6344816fe+187406]\n\tGetHandleVerifier [0x0x7ff6344896ef+220159]\n\tGetHandleVerifier [0x0x7ff63446faf4+114692]\n\tGetHandleVerifier [0x0x7ff63446fca9+115129]\n\tGetHandleVerifier [0x0x7ff6344564d8+10728]\n\tBaseThreadInitThunk [0x0x7ff992b87374+20]\n\tRtlUserThreadStart [0x0x7ff99357cc91+33]","statusTrace":"self = <test_system.test_affairs.TestAffairsPage object at 0x0000023BD40932B0>\nlogin_to_affairs = <selenium.webdriver.chrome.webdriver.WebDriver (session=\"f2dc5b5f6aff2768e538d13d5bbc06e1\")>\n\n    @allure.story(\"事务模版-切换事务类型，配置参数刷新\")\n    # @pytest.mark.run(order=1)\n    def test_affairs_template_updattype(self, login_to_affairs):\n        driver = login_to_affairs  # WebDriver 实例\n        affairs = AffairsPage(driver)  # 用 driver 初始化 AffairsPage\n        name = \"测试事务模版7\"\n        type = \"服务\"\n        affairs.hover(name=name, edi=\"编辑\")\n        affairs.click_button('//div[label[text()=\"事务类型\"]]//input')\n        affairs.click_button(f'//span[text()=\"{type}\"]')\n        sleep(1)\n        type_ = affairs.get_find_element_xpath('//div[label[text()=\"事务类型\"]]//input').get_attribute(\"value\")\n        before_parameter = affairs.get_find_element_xpath('//div[label[text()=\"配置参数\"]]//input')\n        affairs.click_button(\n            '(//div[@class=\"h-40px flex-justify-end flex-align-items-end b-t-s-d9e3f3\"])[1]//span[text()=\"确定\"]')\n>       ele = affairs.get_find_element_xpath(f'//div[label[text()=\"配置参数\"]]//div[@class=\"el-form-item__error\"]').text\n\nTests\\test_system\\test_affairs.py:467: \n_ _ _ _ _ _ _ _ _ _ _ _ _ _ _ _ _ _ _ _ _ _ _ _ _ _ _ _ _ _ _ _ _ _ _ _ _ _ _ _ _ _ _ _ _ _ _ _ _ _ _ _ _ _ _ _ _ _ _ _ _ _ _ _ _ _ _ _ _ _ _ _ _ _ _ _\nPages\\systemPage\\affairs_page.py:28: in get_find_element_xpath\n    return self.find_element(By.XPATH, xpath)\nPages\\base_page.py:28: in find_element\n    return WebDriverWait(self.driver, wait_time).until(\n_ _ _ _ _ _ _ _ _ _ _ _ _ _ _ _ _ _ _ _ _ _ _ _ _ _ _ _ _ _ _ _ _ _ _ _ _ _ _ _ _ _ _ _ _ _ _ _ _ _ _ _ _ _ _ _ _ _ _ _ _ _ _ _ _ _ _ _ _ _ _ _ _ _ _ _\n\nself = <selenium.webdriver.support.wait.WebDriverWait (session=\"f2dc5b5f6aff2768e538d13d5bbc06e1\")>\nmethod = <function presence_of_element_located.<locals>._predicate at 0x0000023BD61B8310>, message = ''\n\n    def until(self, method: Callable[[D], Union[Literal[False], T]], message: str = \"\") -> T:\n        \"\"\"Wait until the method returns a value that is not False.\n    \n        Calls the method provided with the driver as an argument until the\n        return value does not evaluate to ``False``.\n    \n        Parameters:\n        -----------\n        method: callable(WebDriver)\n            - A callable object that takes a WebDriver instance as an argument.\n    \n        message: str\n            - Optional message for :exc:`TimeoutException`\n    \n        Return:\n        -------\n        object: T\n            - The result of the last call to `method`\n    \n        Raises:\n        -------\n        TimeoutException\n            - If 'method' does not return a truthy value within the WebDriverWait\n            object's timeout\n    \n        Example:\n        --------\n        >>> from selenium.webdriver.common.by import By\n        >>> from selenium.webdriver.support.ui import WebDriverWait\n        >>> from selenium.webdriver.support import expected_conditions as EC\n    \n        # Wait until an element is visible on the page\n        >>> wait = WebDriverWait(driver, 10)\n        >>> element = wait.until(EC.visibility_of_element_located((By.ID, \"exampleId\")))\n        >>> print(element.text)\n        \"\"\"\n        screen = None\n        stacktrace = None\n    \n        end_time = time.monotonic() + self._timeout\n        while True:\n            try:\n                value = method(self._driver)\n                if value:\n                    return value\n            except self._ignored_exceptions as exc:\n                screen = getattr(exc, \"screen\", None)\n                stacktrace = getattr(exc, \"stacktrace\", None)\n            if time.monotonic() > end_time:\n                break\n            time.sleep(self._poll)\n>       raise TimeoutException(message, screen, stacktrace)\nE       selenium.common.exceptions.TimeoutException: Message: \nE       Stacktrace:\nE       \tGetHandleVerifier [0x0x7ff634466f65+78965]\nE       \tGetHandleVerifier [0x0x7ff634466fc0+79056]\nE       \t(No symbol) [0x0x7ff6341f9dda]\nE       \t(No symbol) [0x0x7ff6342502ea]\nE       \t(No symbol) [0x0x7ff63425059c]\nE       \t(No symbol) [0x0x7ff6342a3f37]\nE       \t(No symbol) [0x0x7ff6342786af]\nE       \t(No symbol) [0x0x7ff6342a0dbe]\nE       \t(No symbol) [0x0x7ff634278443]\nE       \t(No symbol) [0x0x7ff634241311]\nE       \t(No symbol) [0x0x7ff6342420a3]\nE       \tGetHandleVerifier [0x0x7ff63471e26d+2926461]\nE       \tGetHandleVerifier [0x0x7ff634718993+2903715]\nE       \tGetHandleVerifier [0x0x7ff634736aed+3026941]\nE       \tGetHandleVerifier [0x0x7ff6344816fe+187406]\nE       \tGetHandleVerifier [0x0x7ff6344896ef+220159]\nE       \tGetHandleVerifier [0x0x7ff63446faf4+114692]\nE       \tGetHandleVerifier [0x0x7ff63446fca9+115129]\nE       \tGetHandleVerifier [0x0x7ff6344564d8+10728]\nE       \tBaseThreadInitThunk [0x0x7ff992b87374+20]\nE       \tRtlUserThreadStart [0x0x7ff99357cc91+33]\n\nmyenv\\lib\\site-packages\\selenium\\webdriver\\support\\wait.py:138: TimeoutException","flaky":false,"newFailed":false,"newBroken":false,"newPassed":false,"retriesCount":1,"retriesStatusChange":false,"beforeStages":[{"name":"login_to_affairs","time":{"start":1755107313554,"stop":1755107323707,"duration":10153},"status":"passed","steps":[],"attachments":[],"parameters":[],"attachmentsCount":0,"shouldDisplayMessage":false,"stepsCount":0,"attachmentStep":false,"hasContent":false}],"testStage":{"status":"broken","statusMessage":"selenium.common.exceptions.TimeoutException: Message: \nStacktrace:\n\tGetHandleVerifier [0x0x7ff634466f65+78965]\n\tGetHandleVerifier [0x0x7ff634466fc0+79056]\n\t(No symbol) [0x0x7ff6341f9dda]\n\t(No symbol) [0x0x7ff6342502ea]\n\t(No symbol) [0x0x7ff63425059c]\n\t(No symbol) [0x0x7ff6342a3f37]\n\t(No symbol) [0x0x7ff6342786af]\n\t(No symbol) [0x0x7ff6342a0dbe]\n\t(No symbol) [0x0x7ff634278443]\n\t(No symbol) [0x0x7ff634241311]\n\t(No symbol) [0x0x7ff6342420a3]\n\tGetHandleVerifier [0x0x7ff63471e26d+2926461]\n\tGetHandleVerifier [0x0x7ff634718993+2903715]\n\tGetHandleVerifier [0x0x7ff634736aed+3026941]\n\tGetHandleVerifier [0x0x7ff6344816fe+187406]\n\tGetHandleVerifier [0x0x7ff6344896ef+220159]\n\tGetHandleVerifier [0x0x7ff63446faf4+114692]\n\tGetHandleVerifier [0x0x7ff63446fca9+115129]\n\tGetHandleVerifier [0x0x7ff6344564d8+10728]\n\tBaseThreadInitThunk [0x0x7ff992b87374+20]\n\tRtlUserThreadStart [0x0x7ff99357cc91+33]","statusTrace":"self = <test_system.test_affairs.TestAffairsPage object at 0x0000023BD40932B0>\nlogin_to_affairs = <selenium.webdriver.chrome.webdriver.WebDriver (session=\"f2dc5b5f6aff2768e538d13d5bbc06e1\")>\n\n    @allure.story(\"事务模版-切换事务类型，配置参数刷新\")\n    # @pytest.mark.run(order=1)\n    def test_affairs_template_updattype(self, login_to_affairs):\n        driver = login_to_affairs  # WebDriver 实例\n        affairs = AffairsPage(driver)  # 用 driver 初始化 AffairsPage\n        name = \"测试事务模版7\"\n        type = \"服务\"\n        affairs.hover(name=name, edi=\"编辑\")\n        affairs.click_button('//div[label[text()=\"事务类型\"]]//input')\n        affairs.click_button(f'//span[text()=\"{type}\"]')\n        sleep(1)\n        type_ = affairs.get_find_element_xpath('//div[label[text()=\"事务类型\"]]//input').get_attribute(\"value\")\n        before_parameter = affairs.get_find_element_xpath('//div[label[text()=\"配置参数\"]]//input')\n        affairs.click_button(\n            '(//div[@class=\"h-40px flex-justify-end flex-align-items-end b-t-s-d9e3f3\"])[1]//span[text()=\"确定\"]')\n>       ele = affairs.get_find_element_xpath(f'//div[label[text()=\"配置参数\"]]//div[@class=\"el-form-item__error\"]').text\n\nTests\\test_system\\test_affairs.py:467: \n_ _ _ _ _ _ _ _ _ _ _ _ _ _ _ _ _ _ _ _ _ _ _ _ _ _ _ _ _ _ _ _ _ _ _ _ _ _ _ _ _ _ _ _ _ _ _ _ _ _ _ _ _ _ _ _ _ _ _ _ _ _ _ _ _ _ _ _ _ _ _ _ _ _ _ _\nPages\\systemPage\\affairs_page.py:28: in get_find_element_xpath\n    return self.find_element(By.XPATH, xpath)\nPages\\base_page.py:28: in find_element\n    return WebDriverWait(self.driver, wait_time).until(\n_ _ _ _ _ _ _ _ _ _ _ _ _ _ _ _ _ _ _ _ _ _ _ _ _ _ _ _ _ _ _ _ _ _ _ _ _ _ _ _ _ _ _ _ _ _ _ _ _ _ _ _ _ _ _ _ _ _ _ _ _ _ _ _ _ _ _ _ _ _ _ _ _ _ _ _\n\nself = <selenium.webdriver.support.wait.WebDriverWait (session=\"f2dc5b5f6aff2768e538d13d5bbc06e1\")>\nmethod = <function presence_of_element_located.<locals>._predicate at 0x0000023BD61B8310>, message = ''\n\n    def until(self, method: Callable[[D], Union[Literal[False], T]], message: str = \"\") -> T:\n        \"\"\"Wait until the method returns a value that is not False.\n    \n        Calls the method provided with the driver as an argument until the\n        return value does not evaluate to ``False``.\n    \n        Parameters:\n        -----------\n        method: callable(WebDriver)\n            - A callable object that takes a WebDriver instance as an argument.\n    \n        message: str\n            - Optional message for :exc:`TimeoutException`\n    \n        Return:\n        -------\n        object: T\n            - The result of the last call to `method`\n    \n        Raises:\n        -------\n        TimeoutException\n            - If 'method' does not return a truthy value within the WebDriverWait\n            object's timeout\n    \n        Example:\n        --------\n        >>> from selenium.webdriver.common.by import By\n        >>> from selenium.webdriver.support.ui import WebDriverWait\n        >>> from selenium.webdriver.support import expected_conditions as EC\n    \n        # Wait until an element is visible on the page\n        >>> wait = WebDriverWait(driver, 10)\n        >>> element = wait.until(EC.visibility_of_element_located((By.ID, \"exampleId\")))\n        >>> print(element.text)\n        \"\"\"\n        screen = None\n        stacktrace = None\n    \n        end_time = time.monotonic() + self._timeout\n        while True:\n            try:\n                value = method(self._driver)\n                if value:\n                    return value\n            except self._ignored_exceptions as exc:\n                screen = getattr(exc, \"screen\", None)\n                stacktrace = getattr(exc, \"stacktrace\", None)\n            if time.monotonic() > end_time:\n                break\n            time.sleep(self._poll)\n>       raise TimeoutException(message, screen, stacktrace)\nE       selenium.common.exceptions.TimeoutException: Message: \nE       Stacktrace:\nE       \tGetHandleVerifier [0x0x7ff634466f65+78965]\nE       \tGetHandleVerifier [0x0x7ff634466fc0+79056]\nE       \t(No symbol) [0x0x7ff6341f9dda]\nE       \t(No symbol) [0x0x7ff6342502ea]\nE       \t(No symbol) [0x0x7ff63425059c]\nE       \t(No symbol) [0x0x7ff6342a3f37]\nE       \t(No symbol) [0x0x7ff6342786af]\nE       \t(No symbol) [0x0x7ff6342a0dbe]\nE       \t(No symbol) [0x0x7ff634278443]\nE       \t(No symbol) [0x0x7ff634241311]\nE       \t(No symbol) [0x0x7ff6342420a3]\nE       \tGetHandleVerifier [0x0x7ff63471e26d+2926461]\nE       \tGetHandleVerifier [0x0x7ff634718993+2903715]\nE       \tGetHandleVerifier [0x0x7ff634736aed+3026941]\nE       \tGetHandleVerifier [0x0x7ff6344816fe+187406]\nE       \tGetHandleVerifier [0x0x7ff6344896ef+220159]\nE       \tGetHandleVerifier [0x0x7ff63446faf4+114692]\nE       \tGetHandleVerifier [0x0x7ff63446fca9+115129]\nE       \tGetHandleVerifier [0x0x7ff6344564d8+10728]\nE       \tBaseThreadInitThunk [0x0x7ff992b87374+20]\nE       \tRtlUserThreadStart [0x0x7ff99357cc91+33]\n\nmyenv\\lib\\site-packages\\selenium\\webdriver\\support\\wait.py:138: TimeoutException","steps":[],"attachments":[{"uid":"f7701db6e6a65ce3","name":"test_affairs_template_updattype_failure","source":"f7701db6e6a65ce3.png","type":"image/png","size":126040},{"uid":"683e22de3dd288e0","name":"test_affairs_template_updattype_source","source":"683e22de3dd288e0.html","type":"text/html","size":1120799},{"uid":"edbf0b006510fd2a","name":"log","source":"edbf0b006510fd2a.txt","type":"text/plain","size":3601}],"parameters":[],"attachmentsCount":3,"shouldDisplayMessage":true,"stepsCount":0,"attachmentStep":false,"hasContent":true},"afterStages":[{"name":"login_to_affairs::0","time":{"start":1755107336678,"stop":1755107338956,"duration":2278},"status":"passed","steps":[],"attachments":[],"parameters":[],"attachmentsCount":0,"shouldDisplayMessage":false,"stepsCount":0,"attachmentStep":false,"hasContent":false}],"labels":[{"name":"story","value":"事务模版-切换事务类型，配置参数刷新"},{"name":"feature","value":"事务管理页用例"},{"name":"parentSuite","value":"Tests.test_system"},{"name":"suite","value":"test_affairs"},{"name":"subSuite","value":"TestAffairsPage"},{"name":"host","value":"WIN-20240820MJV"},{"name":"thread","value":"3232-MainThread"},{"name":"framework","value":"pytest"},{"name":"language","value":"cpython3"},{"name":"package","value":"Tests.test_system.test_affairs"},{"name":"resultFormat","value":"allure2"}],"parameters":[],"links":[],"hidden":false,"retry":false,"extra":{"severity":"normal","retries":[{"uid":"f58faa178c8dbe5c","status":"broken","statusDetails":"selenium.common.exceptions.TimeoutException: Message: \nStacktrace:\n\tGetHandleVerifier [0x0x7ff634466f65+78965]\n\tGetHandleVerifier [0x0x7ff634466fc0+79056]\n\t(No symbol) [0x0x7ff6341f9dda]\n\t(No symbol) [0x0x7ff6342502ea]\n\t(No symbol) [0x0x7ff63425059c]\n\t(No symbol) [0x0x7ff6342a3f37]\n\t(No symbol) [0x0x7ff6342786af]\n\t(No symbol) [0x0x7ff6342a0dbe]\n\t(No symbol) [0x0x7ff634278443]\n\t(No symbol) [0x0x7ff634241311]\n\t(No symbol) [0x0x7ff6342420a3]\n\tGetHandleVerifier [0x0x7ff63471e26d+2926461]\n\tGetHandleVerifier [0x0x7ff634718993+2903715]\n\tGetHandleVerifier [0x0x7ff634736aed+3026941]\n\tGetHandleVerifier [0x0x7ff6344816fe+187406]\n\tGetHandleVerifier [0x0x7ff6344896ef+220159]\n\tGetHandleVerifier [0x0x7ff63446faf4+114692]\n\tGetHandleVerifier [0x0x7ff63446fca9+115129]\n\tGetHandleVerifier [0x0x7ff6344564d8+10728]\n\tBaseThreadInitThunk [0x0x7ff992b87374+20]\n\tRtlUserThreadStart [0x0x7ff99357cc91+33]","time":{"start":1755107298192,"stop":1755107310963,"duration":12771}}],"categories":[{"name":"Test defects","matchedStatuses":[]}],"tags":[]},"source":"5bdabd8aff950049.json","parameterValues":[]}