{"uid":"5e23aec21536f2de","name":"test_environment_all_clearnum","fullName":"Tests.test_system.test_environment.TestEnvironmentPage#test_environment_all_clearnum","historyId":"5fa978a8c9a372679a2f45d25edf2ff8","time":{"start":1753979345259,"stop":1753979347014,"duration":1755},"status":"failed","statusMessage":"AssertionError: assert ('' == '' and '保存成功' == '请填写信息'\n  \n  \u001B[0m\u001B[91m- 请填写信息\u001B[39;49;00m\u001B[90m\u001B[39;49;00m\n  \u001B[92m+ 保存成功\u001B[39;49;00m\u001B[90m\u001B[39;49;00m)","statusTrace":"self = <test_system.test_environment.TestEnvironmentPage object at 0x00000203F0FAE7D0>\nlogin_to_environment = <selenium.webdriver.chrome.webdriver.WebDriver (session=\"2f62ffb78b5bdad1565cb37c40f34fd3\")>\n\n    @allure.story(\"全体页面-不输入备份文件不允许保存\")\n    # @pytest.mark.run(order=1)\n    def test_environment_all_clearnum(self, login_to_environment):\n        driver = login_to_environment  # WebDriver 实例\n        environment = EnvironmentPage(driver)  # 用 driver 初始化 EnvironmentPage\n        value = environment.enter_number_input()\n        environment.click_save_button()\n        message = environment.get_find_message()\n>       assert value == \"\" and message == \"请填写信息\"\nE       AssertionError: assert ('' == '' and '保存成功' == '请填写信息'\nE         \nE         \u001B[0m\u001B[91m- 请填写信息\u001B[39;49;00m\u001B[90m\u001B[39;49;00m\nE         \u001B[92m+ 保存成功\u001B[39;49;00m\u001B[90m\u001B[39;49;00m)\n\nTests\\test_system\\test_environment.py:58: AssertionError","flaky":false,"newFailed":false,"newBroken":false,"newPassed":false,"retriesCount":1,"retriesStatusChange":false,"beforeStages":[{"name":"login_to_environment","time":{"start":1753979337819,"stop":1753979345259,"duration":7440},"status":"passed","steps":[],"attachments":[],"parameters":[],"shouldDisplayMessage":false,"attachmentsCount":0,"attachmentStep":false,"hasContent":false,"stepsCount":0}],"testStage":{"status":"failed","statusMessage":"AssertionError: assert ('' == '' and '保存成功' == '请填写信息'\n  \n  \u001B[0m\u001B[91m- 请填写信息\u001B[39;49;00m\u001B[90m\u001B[39;49;00m\n  \u001B[92m+ 保存成功\u001B[39;49;00m\u001B[90m\u001B[39;49;00m)","statusTrace":"self = <test_system.test_environment.TestEnvironmentPage object at 0x00000203F0FAE7D0>\nlogin_to_environment = <selenium.webdriver.chrome.webdriver.WebDriver (session=\"2f62ffb78b5bdad1565cb37c40f34fd3\")>\n\n    @allure.story(\"全体页面-不输入备份文件不允许保存\")\n    # @pytest.mark.run(order=1)\n    def test_environment_all_clearnum(self, login_to_environment):\n        driver = login_to_environment  # WebDriver 实例\n        environment = EnvironmentPage(driver)  # 用 driver 初始化 EnvironmentPage\n        value = environment.enter_number_input()\n        environment.click_save_button()\n        message = environment.get_find_message()\n>       assert value == \"\" and message == \"请填写信息\"\nE       AssertionError: assert ('' == '' and '保存成功' == '请填写信息'\nE         \nE         \u001B[0m\u001B[91m- 请填写信息\u001B[39;49;00m\u001B[90m\u001B[39;49;00m\nE         \u001B[92m+ 保存成功\u001B[39;49;00m\u001B[90m\u001B[39;49;00m)\n\nTests\\test_system\\test_environment.py:58: AssertionError","steps":[],"attachments":[{"uid":"c1579417504698b5","name":"test_environment_all_clearnum_failure","source":"c1579417504698b5.png","type":"image/png","size":76839},{"uid":"c5a35c072c783992","name":"test_environment_all_clearnum_source","source":"c5a35c072c783992.html","type":"text/html","size":1089962},{"uid":"3308da6d098a44","name":"log","source":"3308da6d098a44.txt","type":"text/plain","size":1975}],"parameters":[],"shouldDisplayMessage":true,"attachmentsCount":3,"attachmentStep":false,"hasContent":true,"stepsCount":0},"afterStages":[{"name":"login_to_environment::0","time":{"start":1753979347187,"stop":1753979349330,"duration":2143},"status":"passed","steps":[],"attachments":[],"parameters":[],"shouldDisplayMessage":false,"attachmentsCount":0,"attachmentStep":false,"hasContent":false,"stepsCount":0}],"labels":[{"name":"story","value":"全体页面-不输入备份文件不允许保存"},{"name":"feature","value":"环境设置页用例"},{"name":"parentSuite","value":"Tests.test_system"},{"name":"suite","value":"test_environment"},{"name":"subSuite","value":"TestEnvironmentPage"},{"name":"host","value":"WIN-20240820MJV"},{"name":"thread","value":"62740-MainThread"},{"name":"framework","value":"pytest"},{"name":"language","value":"cpython3"},{"name":"package","value":"Tests.test_system.test_environment"},{"name":"resultFormat","value":"allure2"}],"parameters":[],"links":[],"hidden":false,"retry":false,"extra":{"severity":"normal","retries":[{"uid":"a76cf319c01425b7","status":"failed","statusDetails":"AssertionError: assert ('' == '' and '保存成功' == '请填写信息'\n  \n  \u001B[0m\u001B[91m- 请填写信息\u001B[39;49;00m\u001B[90m\u001B[39;49;00m\n  \u001B[92m+ 保存成功\u001B[39;49;00m\u001B[90m\u001B[39;49;00m)","time":{"start":1753979333723,"stop":1753979335538,"duration":1815}}],"categories":[{"name":"Product defects","matchedStatuses":[]}],"tags":[]},"source":"5e23aec21536f2de.json","parameterValues":[]}