{"uid":"5e6462a2f5fdbc94","name":"test_item_addsuccess1","fullName":"Tests.test_material.test_materialVendors.TestItemPage#test_item_addsuccess1","historyId":"771802fc2d78f16e0fb5606ccb7ad524","time":{"start":1755184981316,"stop":1755184998231,"duration":16915},"status":"broken","statusMessage":"selenium.common.exceptions.TimeoutException: Message: \nStacktrace:\n\tGetHandleVerifier [0x0x7ff7f9df6f65+78965]\n\tGetHandleVerifier [0x0x7ff7f9df6fc0+79056]\n\t(No symbol) [0x0x7ff7f9b89dda]\n\t(No symbol) [0x0x7ff7f9be02ea]\n\t(No symbol) [0x0x7ff7f9be059c]\n\t(No symbol) [0x0x7ff7f9c33f37]\n\t(No symbol) [0x0x7ff7f9c086af]\n\t(No symbol) [0x0x7ff7f9c30dbe]\n\t(No symbol) [0x0x7ff7f9c08443]\n\t(No symbol) [0x0x7ff7f9bd1311]\n\t(No symbol) [0x0x7ff7f9bd20a3]\n\tGetHandleVerifier [0x0x7ff7fa0ae26d+2926461]\n\tGetHandleVerifier [0x0x7ff7fa0a8993+2903715]\n\tGetHandleVerifier [0x0x7ff7fa0c6aed+3026941]\n\tGetHandleVerifier [0x0x7ff7f9e116fe+187406]\n\tGetHandleVerifier [0x0x7ff7f9e196ef+220159]\n\tGetHandleVerifier [0x0x7ff7f9dffaf4+114692]\n\tGetHandleVerifier [0x0x7ff7f9dffca9+115129]\n\tGetHandleVerifier [0x0x7ff7f9de64d8+10728]\n\tBaseThreadInitThunk [0x0x7ffcd4147374+20]\n\tRtlUserThreadStart [0x0x7ffcd4dfcc91+33]","statusTrace":"self = <test_material.test_materialVendors.TestItemPage object at 0x000001997174BD90>\nlogin_to_item = <selenium.webdriver.chrome.webdriver.WebDriver (session=\"53d0f2a316e5804de396836955ddab7f\")>\n\n    @allure.story(\"添加测试数据\")\n    # @pytest.mark.run(order=1)\n    def test_item_addsuccess1(self, login_to_item):\n    \n        self.item.click_add_button()  # 检查点击添加\n        # 输入供应商代码\n        self.item.enter_texts(\"//div[@id='tx0gv6lt-z2dv']//input\", \"1测试A\")\n        self.item.enter_texts(\"//div[@id='e4589osf-fgn3']//input\", \"1测试A\")\n        self.item.enter_texts(\"//div[@id='tnkc4719-huz5']//input\", \"1测试A\")\n        # 点击确定\n        self.item.click_button('(//button[@type=\"button\"]/span[text()=\"确定\"])[4]')\n        sleep(1)\n>       adddata = self.item.get_find_element_xpath(\n            '//tr[./td[2][.//span[text()=\"1测试A\"]]]/td[2]'\n        ).text\n\nTests\\test_material\\test_materialVendors.py:173: \n_ _ _ _ _ _ _ _ _ _ _ _ _ _ _ _ _ _ _ _ _ _ _ _ _ _ _ _ _ _ _ _ _ _ _ _ _ _ _ _ _ _ _ _ _ _ _ _ _ _ _ _ _ _ _ _ _ _ _ _ _ _ _ _ _ _ _ _ _ _ _ _ _ _ _ _ _ _ _ _ _ _ _ _ _ _ _ _ _ _ _ _\nPages\\materialPage\\warehouseLocation_page.py:202: in get_find_element_xpath\n    return self.find_element(By.XPATH, xpath)\nPages\\base_page.py:28: in find_element\n    return WebDriverWait(self.driver, wait_time).until(\n_ _ _ _ _ _ _ _ _ _ _ _ _ _ _ _ _ _ _ _ _ _ _ _ _ _ _ _ _ _ _ _ _ _ _ _ _ _ _ _ _ _ _ _ _ _ _ _ _ _ _ _ _ _ _ _ _ _ _ _ _ _ _ _ _ _ _ _ _ _ _ _ _ _ _ _ _ _ _ _ _ _ _ _ _ _ _ _ _ _ _ _\n\nself = <selenium.webdriver.support.wait.WebDriverWait (session=\"53d0f2a316e5804de396836955ddab7f\")>\nmethod = <function presence_of_element_located.<locals>._predicate at 0x0000019971E91990>, message = ''\n\n    def until(self, method: Callable[[D], Union[Literal[False], T]], message: str = \"\") -> T:\n        \"\"\"Wait until the method returns a value that is not False.\n    \n        Calls the method provided with the driver as an argument until the\n        return value does not evaluate to ``False``.\n    \n        Parameters:\n        -----------\n        method: callable(WebDriver)\n            - A callable object that takes a WebDriver instance as an argument.\n    \n        message: str\n            - Optional message for :exc:`TimeoutException`\n    \n        Return:\n        -------\n        object: T\n            - The result of the last call to `method`\n    \n        Raises:\n        -------\n        TimeoutException\n            - If 'method' does not return a truthy value within the WebDriverWait\n            object's timeout\n    \n        Example:\n        --------\n        >>> from selenium.webdriver.common.by import By\n        >>> from selenium.webdriver.support.ui import WebDriverWait\n        >>> from selenium.webdriver.support import expected_conditions as EC\n    \n        # Wait until an element is visible on the page\n        >>> wait = WebDriverWait(driver, 10)\n        >>> element = wait.until(EC.visibility_of_element_located((By.ID, \"exampleId\")))\n        >>> print(element.text)\n        \"\"\"\n        screen = None\n        stacktrace = None\n    \n        end_time = time.monotonic() + self._timeout\n        while True:\n            try:\n                value = method(self._driver)\n                if value:\n                    return value\n            except self._ignored_exceptions as exc:\n                screen = getattr(exc, \"screen\", None)\n                stacktrace = getattr(exc, \"stacktrace\", None)\n            if time.monotonic() > end_time:\n                break\n            time.sleep(self._poll)\n>       raise TimeoutException(message, screen, stacktrace)\nE       selenium.common.exceptions.TimeoutException: Message: \nE       Stacktrace:\nE       \tGetHandleVerifier [0x0x7ff7f9df6f65+78965]\nE       \tGetHandleVerifier [0x0x7ff7f9df6fc0+79056]\nE       \t(No symbol) [0x0x7ff7f9b89dda]\nE       \t(No symbol) [0x0x7ff7f9be02ea]\nE       \t(No symbol) [0x0x7ff7f9be059c]\nE       \t(No symbol) [0x0x7ff7f9c33f37]\nE       \t(No symbol) [0x0x7ff7f9c086af]\nE       \t(No symbol) [0x0x7ff7f9c30dbe]\nE       \t(No symbol) [0x0x7ff7f9c08443]\nE       \t(No symbol) [0x0x7ff7f9bd1311]\nE       \t(No symbol) [0x0x7ff7f9bd20a3]\nE       \tGetHandleVerifier [0x0x7ff7fa0ae26d+2926461]\nE       \tGetHandleVerifier [0x0x7ff7fa0a8993+2903715]\nE       \tGetHandleVerifier [0x0x7ff7fa0c6aed+3026941]\nE       \tGetHandleVerifier [0x0x7ff7f9e116fe+187406]\nE       \tGetHandleVerifier [0x0x7ff7f9e196ef+220159]\nE       \tGetHandleVerifier [0x0x7ff7f9dffaf4+114692]\nE       \tGetHandleVerifier [0x0x7ff7f9dffca9+115129]\nE       \tGetHandleVerifier [0x0x7ff7f9de64d8+10728]\nE       \tBaseThreadInitThunk [0x0x7ffcd4147374+20]\nE       \tRtlUserThreadStart [0x0x7ffcd4dfcc91+33]\n\nmyenv\\lib\\site-packages\\selenium\\webdriver\\support\\wait.py:138: TimeoutException","flaky":false,"newFailed":false,"newBroken":false,"newPassed":false,"retriesCount":1,"retriesStatusChange":false,"beforeStages":[{"name":"login_to_item","time":{"start":1755184973470,"stop":1755184981310,"duration":7840},"status":"passed","steps":[],"attachments":[],"parameters":[],"attachmentStep":false,"hasContent":false,"stepsCount":0,"shouldDisplayMessage":false,"attachmentsCount":0},{"name":"setup","time":{"start":1755184981311,"stop":1755184981316,"duration":5},"status":"passed","steps":[],"attachments":[],"parameters":[],"attachmentStep":false,"hasContent":false,"stepsCount":0,"shouldDisplayMessage":false,"attachmentsCount":0}],"testStage":{"status":"broken","statusMessage":"selenium.common.exceptions.TimeoutException: Message: \nStacktrace:\n\tGetHandleVerifier [0x0x7ff7f9df6f65+78965]\n\tGetHandleVerifier [0x0x7ff7f9df6fc0+79056]\n\t(No symbol) [0x0x7ff7f9b89dda]\n\t(No symbol) [0x0x7ff7f9be02ea]\n\t(No symbol) [0x0x7ff7f9be059c]\n\t(No symbol) [0x0x7ff7f9c33f37]\n\t(No symbol) [0x0x7ff7f9c086af]\n\t(No symbol) [0x0x7ff7f9c30dbe]\n\t(No symbol) [0x0x7ff7f9c08443]\n\t(No symbol) [0x0x7ff7f9bd1311]\n\t(No symbol) [0x0x7ff7f9bd20a3]\n\tGetHandleVerifier [0x0x7ff7fa0ae26d+2926461]\n\tGetHandleVerifier [0x0x7ff7fa0a8993+2903715]\n\tGetHandleVerifier [0x0x7ff7fa0c6aed+3026941]\n\tGetHandleVerifier [0x0x7ff7f9e116fe+187406]\n\tGetHandleVerifier [0x0x7ff7f9e196ef+220159]\n\tGetHandleVerifier [0x0x7ff7f9dffaf4+114692]\n\tGetHandleVerifier [0x0x7ff7f9dffca9+115129]\n\tGetHandleVerifier [0x0x7ff7f9de64d8+10728]\n\tBaseThreadInitThunk [0x0x7ffcd4147374+20]\n\tRtlUserThreadStart [0x0x7ffcd4dfcc91+33]","statusTrace":"self = <test_material.test_materialVendors.TestItemPage object at 0x000001997174BD90>\nlogin_to_item = <selenium.webdriver.chrome.webdriver.WebDriver (session=\"53d0f2a316e5804de396836955ddab7f\")>\n\n    @allure.story(\"添加测试数据\")\n    # @pytest.mark.run(order=1)\n    def test_item_addsuccess1(self, login_to_item):\n    \n        self.item.click_add_button()  # 检查点击添加\n        # 输入供应商代码\n        self.item.enter_texts(\"//div[@id='tx0gv6lt-z2dv']//input\", \"1测试A\")\n        self.item.enter_texts(\"//div[@id='e4589osf-fgn3']//input\", \"1测试A\")\n        self.item.enter_texts(\"//div[@id='tnkc4719-huz5']//input\", \"1测试A\")\n        # 点击确定\n        self.item.click_button('(//button[@type=\"button\"]/span[text()=\"确定\"])[4]')\n        sleep(1)\n>       adddata = self.item.get_find_element_xpath(\n            '//tr[./td[2][.//span[text()=\"1测试A\"]]]/td[2]'\n        ).text\n\nTests\\test_material\\test_materialVendors.py:173: \n_ _ _ _ _ _ _ _ _ _ _ _ _ _ _ _ _ _ _ _ _ _ _ _ _ _ _ _ _ _ _ _ _ _ _ _ _ _ _ _ _ _ _ _ _ _ _ _ _ _ _ _ _ _ _ _ _ _ _ _ _ _ _ _ _ _ _ _ _ _ _ _ _ _ _ _ _ _ _ _ _ _ _ _ _ _ _ _ _ _ _ _\nPages\\materialPage\\warehouseLocation_page.py:202: in get_find_element_xpath\n    return self.find_element(By.XPATH, xpath)\nPages\\base_page.py:28: in find_element\n    return WebDriverWait(self.driver, wait_time).until(\n_ _ _ _ _ _ _ _ _ _ _ _ _ _ _ _ _ _ _ _ _ _ _ _ _ _ _ _ _ _ _ _ _ _ _ _ _ _ _ _ _ _ _ _ _ _ _ _ _ _ _ _ _ _ _ _ _ _ _ _ _ _ _ _ _ _ _ _ _ _ _ _ _ _ _ _ _ _ _ _ _ _ _ _ _ _ _ _ _ _ _ _\n\nself = <selenium.webdriver.support.wait.WebDriverWait (session=\"53d0f2a316e5804de396836955ddab7f\")>\nmethod = <function presence_of_element_located.<locals>._predicate at 0x0000019971E91990>, message = ''\n\n    def until(self, method: Callable[[D], Union[Literal[False], T]], message: str = \"\") -> T:\n        \"\"\"Wait until the method returns a value that is not False.\n    \n        Calls the method provided with the driver as an argument until the\n        return value does not evaluate to ``False``.\n    \n        Parameters:\n        -----------\n        method: callable(WebDriver)\n            - A callable object that takes a WebDriver instance as an argument.\n    \n        message: str\n            - Optional message for :exc:`TimeoutException`\n    \n        Return:\n        -------\n        object: T\n            - The result of the last call to `method`\n    \n        Raises:\n        -------\n        TimeoutException\n            - If 'method' does not return a truthy value within the WebDriverWait\n            object's timeout\n    \n        Example:\n        --------\n        >>> from selenium.webdriver.common.by import By\n        >>> from selenium.webdriver.support.ui import WebDriverWait\n        >>> from selenium.webdriver.support import expected_conditions as EC\n    \n        # Wait until an element is visible on the page\n        >>> wait = WebDriverWait(driver, 10)\n        >>> element = wait.until(EC.visibility_of_element_located((By.ID, \"exampleId\")))\n        >>> print(element.text)\n        \"\"\"\n        screen = None\n        stacktrace = None\n    \n        end_time = time.monotonic() + self._timeout\n        while True:\n            try:\n                value = method(self._driver)\n                if value:\n                    return value\n            except self._ignored_exceptions as exc:\n                screen = getattr(exc, \"screen\", None)\n                stacktrace = getattr(exc, \"stacktrace\", None)\n            if time.monotonic() > end_time:\n                break\n            time.sleep(self._poll)\n>       raise TimeoutException(message, screen, stacktrace)\nE       selenium.common.exceptions.TimeoutException: Message: \nE       Stacktrace:\nE       \tGetHandleVerifier [0x0x7ff7f9df6f65+78965]\nE       \tGetHandleVerifier [0x0x7ff7f9df6fc0+79056]\nE       \t(No symbol) [0x0x7ff7f9b89dda]\nE       \t(No symbol) [0x0x7ff7f9be02ea]\nE       \t(No symbol) [0x0x7ff7f9be059c]\nE       \t(No symbol) [0x0x7ff7f9c33f37]\nE       \t(No symbol) [0x0x7ff7f9c086af]\nE       \t(No symbol) [0x0x7ff7f9c30dbe]\nE       \t(No symbol) [0x0x7ff7f9c08443]\nE       \t(No symbol) [0x0x7ff7f9bd1311]\nE       \t(No symbol) [0x0x7ff7f9bd20a3]\nE       \tGetHandleVerifier [0x0x7ff7fa0ae26d+2926461]\nE       \tGetHandleVerifier [0x0x7ff7fa0a8993+2903715]\nE       \tGetHandleVerifier [0x0x7ff7fa0c6aed+3026941]\nE       \tGetHandleVerifier [0x0x7ff7f9e116fe+187406]\nE       \tGetHandleVerifier [0x0x7ff7f9e196ef+220159]\nE       \tGetHandleVerifier [0x0x7ff7f9dffaf4+114692]\nE       \tGetHandleVerifier [0x0x7ff7f9dffca9+115129]\nE       \tGetHandleVerifier [0x0x7ff7f9de64d8+10728]\nE       \tBaseThreadInitThunk [0x0x7ffcd4147374+20]\nE       \tRtlUserThreadStart [0x0x7ffcd4dfcc91+33]\n\nmyenv\\lib\\site-packages\\selenium\\webdriver\\support\\wait.py:138: TimeoutException","steps":[],"attachments":[{"uid":"88de1b3f5131a5c8","name":"test_item_addsuccess1_failure","source":"88de1b3f5131a5c8.png","type":"image/png","size":100597},{"uid":"ee9185833afc8151","name":"test_item_addsuccess1_source","source":"ee9185833afc8151.html","type":"text/html","size":1255042},{"uid":"14b3103f7e40ef24","name":"log","source":"14b3103f7e40ef24.txt","type":"text/plain","size":2873}],"parameters":[],"attachmentStep":false,"hasContent":true,"stepsCount":0,"shouldDisplayMessage":true,"attachmentsCount":3},"afterStages":[{"name":"login_to_item::0","time":{"start":1755184998391,"stop":1755185000545,"duration":2154},"status":"passed","steps":[],"attachments":[],"parameters":[],"attachmentStep":false,"hasContent":false,"stepsCount":0,"shouldDisplayMessage":false,"attachmentsCount":0}],"labels":[{"name":"story","value":"添加测试数据"},{"name":"feature","value":"供应商信息测试用例"},{"name":"parentSuite","value":"Tests.test_material"},{"name":"suite","value":"test_materialVendors"},{"name":"subSuite","value":"TestItemPage"},{"name":"host","value":"WIN-20240820MJV"},{"name":"thread","value":"16980-MainThread"},{"name":"framework","value":"pytest"},{"name":"language","value":"cpython3"},{"name":"package","value":"Tests.test_material.test_materialVendors"},{"name":"resultFormat","value":"allure2"}],"parameters":[],"links":[],"hidden":false,"retry":false,"extra":{"severity":"normal","retries":[{"uid":"cbe4906dc0bd7780","status":"broken","statusDetails":"selenium.common.exceptions.TimeoutException: Message: \nStacktrace:\n\tGetHandleVerifier [0x0x7ff7f9df6f65+78965]\n\tGetHandleVerifier [0x0x7ff7f9df6fc0+79056]\n\t(No symbol) [0x0x7ff7f9b89dda]\n\t(No symbol) [0x0x7ff7f9be02ea]\n\t(No symbol) [0x0x7ff7f9be059c]\n\t(No symbol) [0x0x7ff7f9c33f37]\n\t(No symbol) [0x0x7ff7f9c086af]\n\t(No symbol) [0x0x7ff7f9c30dbe]\n\t(No symbol) [0x0x7ff7f9c08443]\n\t(No symbol) [0x0x7ff7f9bd1311]\n\t(No symbol) [0x0x7ff7f9bd20a3]\n\tGetHandleVerifier [0x0x7ff7fa0ae26d+2926461]\n\tGetHandleVerifier [0x0x7ff7fa0a8993+2903715]\n\tGetHandleVerifier [0x0x7ff7fa0c6aed+3026941]\n\tGetHandleVerifier [0x0x7ff7f9e116fe+187406]\n\tGetHandleVerifier [0x0x7ff7f9e196ef+220159]\n\tGetHandleVerifier [0x0x7ff7f9dffaf4+114692]\n\tGetHandleVerifier [0x0x7ff7f9dffca9+115129]\n\tGetHandleVerifier [0x0x7ff7f9de64d8+10728]\n\tBaseThreadInitThunk [0x0x7ffcd4147374+20]\n\tRtlUserThreadStart [0x0x7ffcd4dfcc91+33]","time":{"start":1755184954090,"stop":1755184971140,"duration":17050}}],"categories":[{"name":"Test defects","matchedStatuses":[]}],"tags":[]},"source":"5e6462a2f5fdbc94.json","parameterValues":[]}