{"uid":"5f05740d89b11183","name":"test_affairs_template_updattype","fullName":"Tests.test_system.test_affairs.TestAffairsPage#test_affairs_template_updattype","historyId":"b24c55640d049dc2713493a06bbc82a3","time":{"start":1760978974796,"stop":1760978989766,"duration":14970},"status":"broken","statusMessage":"selenium.common.exceptions.TimeoutException: Message: \nStacktrace:\n\tGetHandleVerifier [0x0x7ff613186f65+78965]\n\tGetHandleVerifier [0x0x7ff613186fc0+79056]\n\t(No symbol) [0x0x7ff612f19dda]\n\t(No symbol) [0x0x7ff612f702ea]\n\t(No symbol) [0x0x7ff612f7059c]\n\t(No symbol) [0x0x7ff612fc3f37]\n\t(No symbol) [0x0x7ff612f986af]\n\t(No symbol) [0x0x7ff612fc0dbe]\n\t(No symbol) [0x0x7ff612f98443]\n\t(No symbol) [0x0x7ff612f61311]\n\t(No symbol) [0x0x7ff612f620a3]\n\tGetHandleVerifier [0x0x7ff61343e26d+2926461]\n\tGetHandleVerifier [0x0x7ff613438993+2903715]\n\tGetHandleVerifier [0x0x7ff613456aed+3026941]\n\tGetHandleVerifier [0x0x7ff6131a16fe+187406]\n\tGetHandleVerifier [0x0x7ff6131a96ef+220159]\n\tGetHandleVerifier [0x0x7ff61318faf4+114692]\n\tGetHandleVerifier [0x0x7ff61318fca9+115129]\n\tGetHandleVerifier [0x0x7ff6131764d8+10728]\n\tBaseThreadInitThunk [0x0x7fff4faa7374+20]\n\tRtlUserThreadStart [0x0x7fff513dcc91+33]","statusTrace":"self = <test_system.test_affairs.TestAffairsPage object at 0x0000014AE36F7E80>, login_to_affairs = <selenium.webdriver.chrome.webdriver.WebDriver (session=\"ab890d0d5ada69b8273d96910e35a20e\")>\n\n    @allure.story(\"事务模版-切换事务类型，配置参数刷新\")\n    # @pytest.mark.run(order=1)\n    def test_affairs_template_updattype(self, login_to_affairs):\n        driver = login_to_affairs  # WebDriver 实例\n        affairs = AffairsPage(driver)  # 用 driver 初始化 AffairsPage\n        name = \"测试事务模版7\"\n        type = \"服务\"\n        affairs.hover(name=name, edi=\"编辑\")\n        affairs.click_button('//div[label[text()=\"事务类型\"]]//input')\n        affairs.click_button(f'//span[text()=\"{type}\"]')\n        sleep(1)\n        type_ = affairs.get_find_element_xpath('//div[label[text()=\"事务类型\"]]//input').get_attribute(\"value\")\n        before_parameter = affairs.get_find_element_xpath('//div[label[text()=\"配置参数\"]]//input')\n        affairs.click_button(\n            '(//div[@class=\"h-40px flex-justify-end flex-align-items-end b-t-s-d9e3f3\"])[1]//span[text()=\"确定\"]')\n>       ele = affairs.get_find_element_xpath(f'//div[label[text()=\"配置参数\"]]//div[@class=\"el-form-item__error\"]').text\n\nTests\\test_system\\test_affairs.py:466: \n_ _ _ _ _ _ _ _ _ _ _ _ _ _ _ _ _ _ _ _ _ _ _ _ _ _ _ _ _ _ _ _ _ _ _ _ _ _ _ _ _ _ _ _ _ _ _ _ _ _ _ _ _ _ _ _ _ _ _ _ _ _ _ _ _ _ _ _ _ _ _ _ _ _ _ _ _ _ _ _ _ _ _ _ _ _ _ _ _ _ _ _ _ _ _ _ _ _ _ _ _ _ _ _ _ _ _ _ _ _ _ _ _ _ _ _\nPages\\systemPage\\affairs_page.py:28: in get_find_element_xpath\n    return self.find_element(By.XPATH, xpath)\nPages\\base_page.py:28: in find_element\n    return WebDriverWait(self.driver, wait_time).until(\n_ _ _ _ _ _ _ _ _ _ _ _ _ _ _ _ _ _ _ _ _ _ _ _ _ _ _ _ _ _ _ _ _ _ _ _ _ _ _ _ _ _ _ _ _ _ _ _ _ _ _ _ _ _ _ _ _ _ _ _ _ _ _ _ _ _ _ _ _ _ _ _ _ _ _ _ _ _ _ _ _ _ _ _ _ _ _ _ _ _ _ _ _ _ _ _ _ _ _ _ _ _ _ _ _ _ _ _ _ _ _ _ _ _ _ _\n\nself = <selenium.webdriver.support.wait.WebDriverWait (session=\"ab890d0d5ada69b8273d96910e35a20e\")>, method = <function presence_of_element_located.<locals>._predicate at 0x0000014AE4C192D0>, message = ''\n\n    def until(self, method: Callable[[D], Union[Literal[False], T]], message: str = \"\") -> T:\n        \"\"\"Wait until the method returns a value that is not False.\n    \n        Calls the method provided with the driver as an argument until the\n        return value does not evaluate to ``False``.\n    \n        Parameters:\n        -----------\n        method: callable(WebDriver)\n            - A callable object that takes a WebDriver instance as an argument.\n    \n        message: str\n            - Optional message for :exc:`TimeoutException`\n    \n        Return:\n        -------\n        object: T\n            - The result of the last call to `method`\n    \n        Raises:\n        -------\n        TimeoutException\n            - If 'method' does not return a truthy value within the WebDriverWait\n            object's timeout\n    \n        Example:\n        --------\n        >>> from selenium.webdriver.common.by import By\n        >>> from selenium.webdriver.support.ui import WebDriverWait\n        >>> from selenium.webdriver.support import expected_conditions as EC\n    \n        # Wait until an element is visible on the page\n        >>> wait = WebDriverWait(driver, 10)\n        >>> element = wait.until(EC.visibility_of_element_located((By.ID, \"exampleId\")))\n        >>> print(element.text)\n        \"\"\"\n        screen = None\n        stacktrace = None\n    \n        end_time = time.monotonic() + self._timeout\n        while True:\n            try:\n                value = method(self._driver)\n                if value:\n                    return value\n            except self._ignored_exceptions as exc:\n                screen = getattr(exc, \"screen\", None)\n                stacktrace = getattr(exc, \"stacktrace\", None)\n            if time.monotonic() > end_time:\n                break\n            time.sleep(self._poll)\n>       raise TimeoutException(message, screen, stacktrace)\nE       selenium.common.exceptions.TimeoutException: Message: \nE       Stacktrace:\nE       \tGetHandleVerifier [0x0x7ff613186f65+78965]\nE       \tGetHandleVerifier [0x0x7ff613186fc0+79056]\nE       \t(No symbol) [0x0x7ff612f19dda]\nE       \t(No symbol) [0x0x7ff612f702ea]\nE       \t(No symbol) [0x0x7ff612f7059c]\nE       \t(No symbol) [0x0x7ff612fc3f37]\nE       \t(No symbol) [0x0x7ff612f986af]\nE       \t(No symbol) [0x0x7ff612fc0dbe]\nE       \t(No symbol) [0x0x7ff612f98443]\nE       \t(No symbol) [0x0x7ff612f61311]\nE       \t(No symbol) [0x0x7ff612f620a3]\nE       \tGetHandleVerifier [0x0x7ff61343e26d+2926461]\nE       \tGetHandleVerifier [0x0x7ff613438993+2903715]\nE       \tGetHandleVerifier [0x0x7ff613456aed+3026941]\nE       \tGetHandleVerifier [0x0x7ff6131a16fe+187406]\nE       \tGetHandleVerifier [0x0x7ff6131a96ef+220159]\nE       \tGetHandleVerifier [0x0x7ff61318faf4+114692]\nE       \tGetHandleVerifier [0x0x7ff61318fca9+115129]\nE       \tGetHandleVerifier [0x0x7ff6131764d8+10728]\nE       \tBaseThreadInitThunk [0x0x7fff4faa7374+20]\nE       \tRtlUserThreadStart [0x0x7fff513dcc91+33]\n\nmyenv\\lib\\site-packages\\selenium\\webdriver\\support\\wait.py:138: TimeoutException","flaky":false,"newFailed":false,"newBroken":false,"newPassed":false,"retriesCount":0,"retriesStatusChange":false,"beforeStages":[{"name":"login_to_affairs","time":{"start":1760978959503,"stop":1760978974794,"duration":15291},"status":"passed","steps":[],"attachments":[],"parameters":[],"stepsCount":0,"attachmentStep":false,"hasContent":false,"attachmentsCount":0,"shouldDisplayMessage":false}],"testStage":{"status":"broken","statusMessage":"selenium.common.exceptions.TimeoutException: Message: \nStacktrace:\n\tGetHandleVerifier [0x0x7ff613186f65+78965]\n\tGetHandleVerifier [0x0x7ff613186fc0+79056]\n\t(No symbol) [0x0x7ff612f19dda]\n\t(No symbol) [0x0x7ff612f702ea]\n\t(No symbol) [0x0x7ff612f7059c]\n\t(No symbol) [0x0x7ff612fc3f37]\n\t(No symbol) [0x0x7ff612f986af]\n\t(No symbol) [0x0x7ff612fc0dbe]\n\t(No symbol) [0x0x7ff612f98443]\n\t(No symbol) [0x0x7ff612f61311]\n\t(No symbol) [0x0x7ff612f620a3]\n\tGetHandleVerifier [0x0x7ff61343e26d+2926461]\n\tGetHandleVerifier [0x0x7ff613438993+2903715]\n\tGetHandleVerifier [0x0x7ff613456aed+3026941]\n\tGetHandleVerifier [0x0x7ff6131a16fe+187406]\n\tGetHandleVerifier [0x0x7ff6131a96ef+220159]\n\tGetHandleVerifier [0x0x7ff61318faf4+114692]\n\tGetHandleVerifier [0x0x7ff61318fca9+115129]\n\tGetHandleVerifier [0x0x7ff6131764d8+10728]\n\tBaseThreadInitThunk [0x0x7fff4faa7374+20]\n\tRtlUserThreadStart [0x0x7fff513dcc91+33]","statusTrace":"self = <test_system.test_affairs.TestAffairsPage object at 0x0000014AE36F7E80>, login_to_affairs = <selenium.webdriver.chrome.webdriver.WebDriver (session=\"ab890d0d5ada69b8273d96910e35a20e\")>\n\n    @allure.story(\"事务模版-切换事务类型，配置参数刷新\")\n    # @pytest.mark.run(order=1)\n    def test_affairs_template_updattype(self, login_to_affairs):\n        driver = login_to_affairs  # WebDriver 实例\n        affairs = AffairsPage(driver)  # 用 driver 初始化 AffairsPage\n        name = \"测试事务模版7\"\n        type = \"服务\"\n        affairs.hover(name=name, edi=\"编辑\")\n        affairs.click_button('//div[label[text()=\"事务类型\"]]//input')\n        affairs.click_button(f'//span[text()=\"{type}\"]')\n        sleep(1)\n        type_ = affairs.get_find_element_xpath('//div[label[text()=\"事务类型\"]]//input').get_attribute(\"value\")\n        before_parameter = affairs.get_find_element_xpath('//div[label[text()=\"配置参数\"]]//input')\n        affairs.click_button(\n            '(//div[@class=\"h-40px flex-justify-end flex-align-items-end b-t-s-d9e3f3\"])[1]//span[text()=\"确定\"]')\n>       ele = affairs.get_find_element_xpath(f'//div[label[text()=\"配置参数\"]]//div[@class=\"el-form-item__error\"]').text\n\nTests\\test_system\\test_affairs.py:466: \n_ _ _ _ _ _ _ _ _ _ _ _ _ _ _ _ _ _ _ _ _ _ _ _ _ _ _ _ _ _ _ _ _ _ _ _ _ _ _ _ _ _ _ _ _ _ _ _ _ _ _ _ _ _ _ _ _ _ _ _ _ _ _ _ _ _ _ _ _ _ _ _ _ _ _ _ _ _ _ _ _ _ _ _ _ _ _ _ _ _ _ _ _ _ _ _ _ _ _ _ _ _ _ _ _ _ _ _ _ _ _ _ _ _ _ _\nPages\\systemPage\\affairs_page.py:28: in get_find_element_xpath\n    return self.find_element(By.XPATH, xpath)\nPages\\base_page.py:28: in find_element\n    return WebDriverWait(self.driver, wait_time).until(\n_ _ _ _ _ _ _ _ _ _ _ _ _ _ _ _ _ _ _ _ _ _ _ _ _ _ _ _ _ _ _ _ _ _ _ _ _ _ _ _ _ _ _ _ _ _ _ _ _ _ _ _ _ _ _ _ _ _ _ _ _ _ _ _ _ _ _ _ _ _ _ _ _ _ _ _ _ _ _ _ _ _ _ _ _ _ _ _ _ _ _ _ _ _ _ _ _ _ _ _ _ _ _ _ _ _ _ _ _ _ _ _ _ _ _ _\n\nself = <selenium.webdriver.support.wait.WebDriverWait (session=\"ab890d0d5ada69b8273d96910e35a20e\")>, method = <function presence_of_element_located.<locals>._predicate at 0x0000014AE4C192D0>, message = ''\n\n    def until(self, method: Callable[[D], Union[Literal[False], T]], message: str = \"\") -> T:\n        \"\"\"Wait until the method returns a value that is not False.\n    \n        Calls the method provided with the driver as an argument until the\n        return value does not evaluate to ``False``.\n    \n        Parameters:\n        -----------\n        method: callable(WebDriver)\n            - A callable object that takes a WebDriver instance as an argument.\n    \n        message: str\n            - Optional message for :exc:`TimeoutException`\n    \n        Return:\n        -------\n        object: T\n            - The result of the last call to `method`\n    \n        Raises:\n        -------\n        TimeoutException\n            - If 'method' does not return a truthy value within the WebDriverWait\n            object's timeout\n    \n        Example:\n        --------\n        >>> from selenium.webdriver.common.by import By\n        >>> from selenium.webdriver.support.ui import WebDriverWait\n        >>> from selenium.webdriver.support import expected_conditions as EC\n    \n        # Wait until an element is visible on the page\n        >>> wait = WebDriverWait(driver, 10)\n        >>> element = wait.until(EC.visibility_of_element_located((By.ID, \"exampleId\")))\n        >>> print(element.text)\n        \"\"\"\n        screen = None\n        stacktrace = None\n    \n        end_time = time.monotonic() + self._timeout\n        while True:\n            try:\n                value = method(self._driver)\n                if value:\n                    return value\n            except self._ignored_exceptions as exc:\n                screen = getattr(exc, \"screen\", None)\n                stacktrace = getattr(exc, \"stacktrace\", None)\n            if time.monotonic() > end_time:\n                break\n            time.sleep(self._poll)\n>       raise TimeoutException(message, screen, stacktrace)\nE       selenium.common.exceptions.TimeoutException: Message: \nE       Stacktrace:\nE       \tGetHandleVerifier [0x0x7ff613186f65+78965]\nE       \tGetHandleVerifier [0x0x7ff613186fc0+79056]\nE       \t(No symbol) [0x0x7ff612f19dda]\nE       \t(No symbol) [0x0x7ff612f702ea]\nE       \t(No symbol) [0x0x7ff612f7059c]\nE       \t(No symbol) [0x0x7ff612fc3f37]\nE       \t(No symbol) [0x0x7ff612f986af]\nE       \t(No symbol) [0x0x7ff612fc0dbe]\nE       \t(No symbol) [0x0x7ff612f98443]\nE       \t(No symbol) [0x0x7ff612f61311]\nE       \t(No symbol) [0x0x7ff612f620a3]\nE       \tGetHandleVerifier [0x0x7ff61343e26d+2926461]\nE       \tGetHandleVerifier [0x0x7ff613438993+2903715]\nE       \tGetHandleVerifier [0x0x7ff613456aed+3026941]\nE       \tGetHandleVerifier [0x0x7ff6131a16fe+187406]\nE       \tGetHandleVerifier [0x0x7ff6131a96ef+220159]\nE       \tGetHandleVerifier [0x0x7ff61318faf4+114692]\nE       \tGetHandleVerifier [0x0x7ff61318fca9+115129]\nE       \tGetHandleVerifier [0x0x7ff6131764d8+10728]\nE       \tBaseThreadInitThunk [0x0x7fff4faa7374+20]\nE       \tRtlUserThreadStart [0x0x7fff513dcc91+33]\n\nmyenv\\lib\\site-packages\\selenium\\webdriver\\support\\wait.py:138: TimeoutException","steps":[],"attachments":[{"uid":"9cbbcc272f147c32","name":"test_affairs_template_updattype_failure","source":"9cbbcc272f147c32.png","type":"image/png","size":100422},{"uid":"36214e72aa0e990f","name":"test_affairs_template_updattype_source","source":"36214e72aa0e990f.html","type":"text/html","size":1129401},{"uid":"26c3847b138716f7","name":"log","source":"26c3847b138716f7.txt","type":"text/plain","size":1893}],"parameters":[],"stepsCount":0,"attachmentStep":false,"hasContent":true,"attachmentsCount":3,"shouldDisplayMessage":true},"afterStages":[{"name":"login_to_affairs::0","time":{"start":1760978990439,"stop":1760978992905,"duration":2466},"status":"passed","steps":[],"attachments":[],"parameters":[],"stepsCount":0,"attachmentStep":false,"hasContent":false,"attachmentsCount":0,"shouldDisplayMessage":false}],"labels":[{"name":"feature","value":"事务管理页用例"},{"name":"story","value":"事务模版-切换事务类型，配置参数刷新"},{"name":"parentSuite","value":"Tests.test_system"},{"name":"suite","value":"test_affairs"},{"name":"subSuite","value":"TestAffairsPage"},{"name":"host","value":"WIN-20240820MJV"},{"name":"thread","value":"3232-MainThread"},{"name":"framework","value":"pytest"},{"name":"language","value":"cpython3"},{"name":"package","value":"Tests.test_system.test_affairs"},{"name":"resultFormat","value":"allure2"}],"parameters":[],"links":[],"hidden":false,"retry":false,"extra":{"severity":"normal","retries":[],"categories":[{"name":"Test defects","matchedStatuses":[]}],"tags":[]},"source":"5f05740d89b11183.json","parameterValues":[]}