{"uid":"6101b3cfa876a51","name":"test_setting_default_start_success2","fullName":"Tests.test_items.test_setting.TestSettingPage#test_setting_default_start_success2","historyId":"d946ac3b6addcea9e12125319de6f409","time":{"start":1755182993917,"stop":1755183004303,"duration":10386},"status":"broken","statusMessage":"selenium.common.exceptions.TimeoutException: Message: 点击失败，找不到元素：xpath = //div[@class=\"tabsDivItemCon\"]/div[text()=\" 默认 \"]","statusTrace":"self = <Pages.itemsPage.setting_page.SettingPage object at 0x0000019971CD5270>, by_or_element = 'xpath', value = '//div[@class=\"tabsDivItemCon\"]/div[text()=\" 默认 \"]', wait_time = 10\n\n    def click(self, by_or_element, value=None, wait_time=10):\n        if value is not None:\n            by = by_or_element\n            logging.info(f\"点击元素：By = {by}, Value = {value}\")\n            try:\n>               element = WebDriverWait(self.driver, wait_time).until(\n                    EC.element_to_be_clickable((by, value))\n                )\n\nPages\\base_page.py:45: \n_ _ _ _ _ _ _ _ _ _ _ _ _ _ _ _ _ _ _ _ _ _ _ _ _ _ _ _ _ _ _ _ _ _ _ _ _ _ _ _ _ _ _ _ _ _ _ _ _ _ _ _ _ _ _ _ _ _ _ _ _ _ _ _ _ _ _ _ _ _ _ _ _ _ _ _ _ _ _ _ _ _ _ _ _ _ _ _ _ _ _ _\n\nself = <selenium.webdriver.support.wait.WebDriverWait (session=\"7f15d7fcf1d54b05bc2d3a491389c596\")>\nmethod = <function element_to_be_clickable.<locals>._predicate at 0x0000019971C68940>, message = ''\n\n    def until(self, method: Callable[[D], Union[Literal[False], T]], message: str = \"\") -> T:\n        \"\"\"Wait until the method returns a value that is not False.\n    \n        Calls the method provided with the driver as an argument until the\n        return value does not evaluate to ``False``.\n    \n        Parameters:\n        -----------\n        method: callable(WebDriver)\n            - A callable object that takes a WebDriver instance as an argument.\n    \n        message: str\n            - Optional message for :exc:`TimeoutException`\n    \n        Return:\n        -------\n        object: T\n            - The result of the last call to `method`\n    \n        Raises:\n        -------\n        TimeoutException\n            - If 'method' does not return a truthy value within the WebDriverWait\n            object's timeout\n    \n        Example:\n        --------\n        >>> from selenium.webdriver.common.by import By\n        >>> from selenium.webdriver.support.ui import WebDriverWait\n        >>> from selenium.webdriver.support import expected_conditions as EC\n    \n        # Wait until an element is visible on the page\n        >>> wait = WebDriverWait(driver, 10)\n        >>> element = wait.until(EC.visibility_of_element_located((By.ID, \"exampleId\")))\n        >>> print(element.text)\n        \"\"\"\n        screen = None\n        stacktrace = None\n    \n        end_time = time.monotonic() + self._timeout\n        while True:\n            try:\n                value = method(self._driver)\n                if value:\n                    return value\n            except self._ignored_exceptions as exc:\n                screen = getattr(exc, \"screen\", None)\n                stacktrace = getattr(exc, \"stacktrace\", None)\n            if time.monotonic() > end_time:\n                break\n            time.sleep(self._poll)\n>       raise TimeoutException(message, screen, stacktrace)\nE       selenium.common.exceptions.TimeoutException: Message: \nE       Stacktrace:\nE       \tGetHandleVerifier [0x0x7ff7f9df6f65+78965]\nE       \tGetHandleVerifier [0x0x7ff7f9df6fc0+79056]\nE       \t(No symbol) [0x0x7ff7f9b89dda]\nE       \t(No symbol) [0x0x7ff7f9be02ea]\nE       \t(No symbol) [0x0x7ff7f9be059c]\nE       \t(No symbol) [0x0x7ff7f9c33f37]\nE       \t(No symbol) [0x0x7ff7f9c086af]\nE       \t(No symbol) [0x0x7ff7f9c30dbe]\nE       \t(No symbol) [0x0x7ff7f9c08443]\nE       \t(No symbol) [0x0x7ff7f9bd1311]\nE       \t(No symbol) [0x0x7ff7f9bd20a3]\nE       \tGetHandleVerifier [0x0x7ff7fa0ae26d+2926461]\nE       \tGetHandleVerifier [0x0x7ff7fa0a8993+2903715]\nE       \tGetHandleVerifier [0x0x7ff7fa0c6aed+3026941]\nE       \tGetHandleVerifier [0x0x7ff7f9e116fe+187406]\nE       \tGetHandleVerifier [0x0x7ff7f9e196ef+220159]\nE       \tGetHandleVerifier [0x0x7ff7f9dffaf4+114692]\nE       \tGetHandleVerifier [0x0x7ff7f9dffca9+115129]\nE       \tGetHandleVerifier [0x0x7ff7f9de64d8+10728]\nE       \tBaseThreadInitThunk [0x0x7ffcd4147374+20]\nE       \tRtlUserThreadStart [0x0x7ffcd4dfcc91+33]\n\nmyenv\\lib\\site-packages\\selenium\\webdriver\\support\\wait.py:138: TimeoutException\n\nDuring handling of the above exception, another exception occurred:\n\nself = <test_items.test_setting.TestSettingPage object at 0x000001997167C640>\nlogin_to_setting = <selenium.webdriver.chrome.webdriver.WebDriver (session=\"7f15d7fcf1d54b05bc2d3a491389c596\")>\n\n    @allure.story(\"设置默认布局默认启动-成功，删除Copy布局\")\n    # @pytest.mark.run(order=1)\n    def test_setting_default_start_success2(self, login_to_setting):\n        driver = login_to_setting  # WebDriver 实例\n        setting = SettingPage(driver)  # 用 driver 初始化 SettingPage\n        layout = \"默认\"\n>       setting.click_button(f'//div[@class=\"tabsDivItemCon\"]/div[text()=\" {layout} \"]')\n\nTests\\test_items\\test_setting.py:2418: \n_ _ _ _ _ _ _ _ _ _ _ _ _ _ _ _ _ _ _ _ _ _ _ _ _ _ _ _ _ _ _ _ _ _ _ _ _ _ _ _ _ _ _ _ _ _ _ _ _ _ _ _ _ _ _ _ _ _ _ _ _ _ _ _ _ _ _ _ _ _ _ _ _ _ _ _ _ _ _ _ _ _ _ _ _ _ _ _ _ _ _ _\nPages\\itemsPage\\setting_page.py:22: in click_button\n    self.click(By.XPATH, xpath)\n_ _ _ _ _ _ _ _ _ _ _ _ _ _ _ _ _ _ _ _ _ _ _ _ _ _ _ _ _ _ _ _ _ _ _ _ _ _ _ _ _ _ _ _ _ _ _ _ _ _ _ _ _ _ _ _ _ _ _ _ _ _ _ _ _ _ _ _ _ _ _ _ _ _ _ _ _ _ _ _ _ _ _ _ _ _ _ _ _ _ _ _\n\nself = <Pages.itemsPage.setting_page.SettingPage object at 0x0000019971CD5270>, by_or_element = 'xpath', value = '//div[@class=\"tabsDivItemCon\"]/div[text()=\" 默认 \"]', wait_time = 10\n\n    def click(self, by_or_element, value=None, wait_time=10):\n        if value is not None:\n            by = by_or_element\n            logging.info(f\"点击元素：By = {by}, Value = {value}\")\n            try:\n                element = WebDriverWait(self.driver, wait_time).until(\n                    EC.element_to_be_clickable((by, value))\n                )\n            except TimeoutException:\n                logging.warning(f\"❌ 点击超时：元素 {by} = {value} 未在 {wait_time} 秒内变为可点击\")\n>               raise TimeoutException(f\"点击失败，找不到元素：{by} = {value}\")\nE               selenium.common.exceptions.TimeoutException: Message: 点击失败，找不到元素：xpath = //div[@class=\"tabsDivItemCon\"]/div[text()=\" 默认 \"]\n\nPages\\base_page.py:50: TimeoutException","flaky":false,"newFailed":false,"newBroken":false,"newPassed":false,"retriesCount":1,"retriesStatusChange":false,"beforeStages":[{"name":"login_to_setting","time":{"start":1755182985396,"stop":1755182993916,"duration":8520},"status":"passed","steps":[],"attachments":[],"parameters":[],"attachmentStep":false,"hasContent":false,"stepsCount":0,"shouldDisplayMessage":false,"attachmentsCount":0}],"testStage":{"status":"broken","statusMessage":"selenium.common.exceptions.TimeoutException: Message: 点击失败，找不到元素：xpath = //div[@class=\"tabsDivItemCon\"]/div[text()=\" 默认 \"]","statusTrace":"self = <Pages.itemsPage.setting_page.SettingPage object at 0x0000019971CD5270>, by_or_element = 'xpath', value = '//div[@class=\"tabsDivItemCon\"]/div[text()=\" 默认 \"]', wait_time = 10\n\n    def click(self, by_or_element, value=None, wait_time=10):\n        if value is not None:\n            by = by_or_element\n            logging.info(f\"点击元素：By = {by}, Value = {value}\")\n            try:\n>               element = WebDriverWait(self.driver, wait_time).until(\n                    EC.element_to_be_clickable((by, value))\n                )\n\nPages\\base_page.py:45: \n_ _ _ _ _ _ _ _ _ _ _ _ _ _ _ _ _ _ _ _ _ _ _ _ _ _ _ _ _ _ _ _ _ _ _ _ _ _ _ _ _ _ _ _ _ _ _ _ _ _ _ _ _ _ _ _ _ _ _ _ _ _ _ _ _ _ _ _ _ _ _ _ _ _ _ _ _ _ _ _ _ _ _ _ _ _ _ _ _ _ _ _\n\nself = <selenium.webdriver.support.wait.WebDriverWait (session=\"7f15d7fcf1d54b05bc2d3a491389c596\")>\nmethod = <function element_to_be_clickable.<locals>._predicate at 0x0000019971C68940>, message = ''\n\n    def until(self, method: Callable[[D], Union[Literal[False], T]], message: str = \"\") -> T:\n        \"\"\"Wait until the method returns a value that is not False.\n    \n        Calls the method provided with the driver as an argument until the\n        return value does not evaluate to ``False``.\n    \n        Parameters:\n        -----------\n        method: callable(WebDriver)\n            - A callable object that takes a WebDriver instance as an argument.\n    \n        message: str\n            - Optional message for :exc:`TimeoutException`\n    \n        Return:\n        -------\n        object: T\n            - The result of the last call to `method`\n    \n        Raises:\n        -------\n        TimeoutException\n            - If 'method' does not return a truthy value within the WebDriverWait\n            object's timeout\n    \n        Example:\n        --------\n        >>> from selenium.webdriver.common.by import By\n        >>> from selenium.webdriver.support.ui import WebDriverWait\n        >>> from selenium.webdriver.support import expected_conditions as EC\n    \n        # Wait until an element is visible on the page\n        >>> wait = WebDriverWait(driver, 10)\n        >>> element = wait.until(EC.visibility_of_element_located((By.ID, \"exampleId\")))\n        >>> print(element.text)\n        \"\"\"\n        screen = None\n        stacktrace = None\n    \n        end_time = time.monotonic() + self._timeout\n        while True:\n            try:\n                value = method(self._driver)\n                if value:\n                    return value\n            except self._ignored_exceptions as exc:\n                screen = getattr(exc, \"screen\", None)\n                stacktrace = getattr(exc, \"stacktrace\", None)\n            if time.monotonic() > end_time:\n                break\n            time.sleep(self._poll)\n>       raise TimeoutException(message, screen, stacktrace)\nE       selenium.common.exceptions.TimeoutException: Message: \nE       Stacktrace:\nE       \tGetHandleVerifier [0x0x7ff7f9df6f65+78965]\nE       \tGetHandleVerifier [0x0x7ff7f9df6fc0+79056]\nE       \t(No symbol) [0x0x7ff7f9b89dda]\nE       \t(No symbol) [0x0x7ff7f9be02ea]\nE       \t(No symbol) [0x0x7ff7f9be059c]\nE       \t(No symbol) [0x0x7ff7f9c33f37]\nE       \t(No symbol) [0x0x7ff7f9c086af]\nE       \t(No symbol) [0x0x7ff7f9c30dbe]\nE       \t(No symbol) [0x0x7ff7f9c08443]\nE       \t(No symbol) [0x0x7ff7f9bd1311]\nE       \t(No symbol) [0x0x7ff7f9bd20a3]\nE       \tGetHandleVerifier [0x0x7ff7fa0ae26d+2926461]\nE       \tGetHandleVerifier [0x0x7ff7fa0a8993+2903715]\nE       \tGetHandleVerifier [0x0x7ff7fa0c6aed+3026941]\nE       \tGetHandleVerifier [0x0x7ff7f9e116fe+187406]\nE       \tGetHandleVerifier [0x0x7ff7f9e196ef+220159]\nE       \tGetHandleVerifier [0x0x7ff7f9dffaf4+114692]\nE       \tGetHandleVerifier [0x0x7ff7f9dffca9+115129]\nE       \tGetHandleVerifier [0x0x7ff7f9de64d8+10728]\nE       \tBaseThreadInitThunk [0x0x7ffcd4147374+20]\nE       \tRtlUserThreadStart [0x0x7ffcd4dfcc91+33]\n\nmyenv\\lib\\site-packages\\selenium\\webdriver\\support\\wait.py:138: TimeoutException\n\nDuring handling of the above exception, another exception occurred:\n\nself = <test_items.test_setting.TestSettingPage object at 0x000001997167C640>\nlogin_to_setting = <selenium.webdriver.chrome.webdriver.WebDriver (session=\"7f15d7fcf1d54b05bc2d3a491389c596\")>\n\n    @allure.story(\"设置默认布局默认启动-成功，删除Copy布局\")\n    # @pytest.mark.run(order=1)\n    def test_setting_default_start_success2(self, login_to_setting):\n        driver = login_to_setting  # WebDriver 实例\n        setting = SettingPage(driver)  # 用 driver 初始化 SettingPage\n        layout = \"默认\"\n>       setting.click_button(f'//div[@class=\"tabsDivItemCon\"]/div[text()=\" {layout} \"]')\n\nTests\\test_items\\test_setting.py:2418: \n_ _ _ _ _ _ _ _ _ _ _ _ _ _ _ _ _ _ _ _ _ _ _ _ _ _ _ _ _ _ _ _ _ _ _ _ _ _ _ _ _ _ _ _ _ _ _ _ _ _ _ _ _ _ _ _ _ _ _ _ _ _ _ _ _ _ _ _ _ _ _ _ _ _ _ _ _ _ _ _ _ _ _ _ _ _ _ _ _ _ _ _\nPages\\itemsPage\\setting_page.py:22: in click_button\n    self.click(By.XPATH, xpath)\n_ _ _ _ _ _ _ _ _ _ _ _ _ _ _ _ _ _ _ _ _ _ _ _ _ _ _ _ _ _ _ _ _ _ _ _ _ _ _ _ _ _ _ _ _ _ _ _ _ _ _ _ _ _ _ _ _ _ _ _ _ _ _ _ _ _ _ _ _ _ _ _ _ _ _ _ _ _ _ _ _ _ _ _ _ _ _ _ _ _ _ _\n\nself = <Pages.itemsPage.setting_page.SettingPage object at 0x0000019971CD5270>, by_or_element = 'xpath', value = '//div[@class=\"tabsDivItemCon\"]/div[text()=\" 默认 \"]', wait_time = 10\n\n    def click(self, by_or_element, value=None, wait_time=10):\n        if value is not None:\n            by = by_or_element\n            logging.info(f\"点击元素：By = {by}, Value = {value}\")\n            try:\n                element = WebDriverWait(self.driver, wait_time).until(\n                    EC.element_to_be_clickable((by, value))\n                )\n            except TimeoutException:\n                logging.warning(f\"❌ 点击超时：元素 {by} = {value} 未在 {wait_time} 秒内变为可点击\")\n>               raise TimeoutException(f\"点击失败，找不到元素：{by} = {value}\")\nE               selenium.common.exceptions.TimeoutException: Message: 点击失败，找不到元素：xpath = //div[@class=\"tabsDivItemCon\"]/div[text()=\" 默认 \"]\n\nPages\\base_page.py:50: TimeoutException","steps":[],"attachments":[{"uid":"8e5ae6f384f572f1","name":"test_setting_default_start_success2_failure","source":"8e5ae6f384f572f1.png","type":"image/png","size":128274},{"uid":"fe3c27087a6a3498","name":"test_setting_default_start_success2_source","source":"fe3c27087a6a3498.html","type":"text/html","size":1281045},{"uid":"cd8e0523277a2d81","name":"log","source":"cd8e0523277a2d81.txt","type":"text/plain","size":2123}],"parameters":[],"attachmentStep":false,"hasContent":true,"stepsCount":0,"shouldDisplayMessage":true,"attachmentsCount":3},"afterStages":[{"name":"login_to_setting::0","time":{"start":1755183004518,"stop":1755183006679,"duration":2161},"status":"passed","steps":[],"attachments":[],"parameters":[],"attachmentStep":false,"hasContent":false,"stepsCount":0,"shouldDisplayMessage":false,"attachmentsCount":0}],"labels":[{"name":"story","value":"设置默认布局默认启动-成功，删除Copy布局"},{"name":"feature","value":"标准应用设置测试用例"},{"name":"parentSuite","value":"Tests.test_items"},{"name":"suite","value":"test_setting"},{"name":"subSuite","value":"TestSettingPage"},{"name":"host","value":"WIN-20240820MJV"},{"name":"thread","value":"16980-MainThread"},{"name":"framework","value":"pytest"},{"name":"language","value":"cpython3"},{"name":"package","value":"Tests.test_items.test_setting"},{"name":"resultFormat","value":"allure2"}],"parameters":[],"links":[],"hidden":false,"retry":false,"extra":{"severity":"normal","retries":[{"uid":"7758a1f2eb51bcba","status":"broken","statusDetails":"selenium.common.exceptions.TimeoutException: Message: 点击失败，找不到元素：xpath = //div[@class=\"tabsDivItemCon\"]/div[text()=\" 默认 \"]","time":{"start":1755182972665,"stop":1755182983027,"duration":10362}}],"categories":[{"name":"Test defects","matchedStatuses":[]}],"tags":[]},"source":"6101b3cfa876a51.json","parameterValues":[]}