{"uid":"61232f40888012df","name":"test_previewPlan_select","fullName":"Tests.test_items.test_previewplan.TestPreviewPlanPage#test_previewPlan_select","historyId":"9cb2b69a31c8c7797da8a96a62c702c8","time":{"start":1755785899625,"stop":1755785911154,"duration":11529},"status":"broken","statusMessage":"selenium.common.exceptions.TimeoutException: Message: \nStacktrace:\n\tGetHandleVerifier [0x0x7ff696576f65+78965]\n\tGetHandleVerifier [0x0x7ff696576fc0+79056]\n\t(No symbol) [0x0x7ff696309dda]\n\t(No symbol) [0x0x7ff6963602ea]\n\t(No symbol) [0x0x7ff69636059c]\n\t(No symbol) [0x0x7ff6963b3f37]\n\t(No symbol) [0x0x7ff6963886af]\n\t(No symbol) [0x0x7ff6963b0dbe]\n\t(No symbol) [0x0x7ff696388443]\n\t(No symbol) [0x0x7ff696351311]\n\t(No symbol) [0x0x7ff6963520a3]\n\tGetHandleVerifier [0x0x7ff69682e26d+2926461]\n\tGetHandleVerifier [0x0x7ff696828993+2903715]\n\tGetHandleVerifier [0x0x7ff696846aed+3026941]\n\tGetHandleVerifier [0x0x7ff6965916fe+187406]\n\tGetHandleVerifier [0x0x7ff6965996ef+220159]\n\tGetHandleVerifier [0x0x7ff69657faf4+114692]\n\tGetHandleVerifier [0x0x7ff69657fca9+115129]\n\tGetHandleVerifier [0x0x7ff6965664d8+10728]\n\tBaseThreadInitThunk [0x0x7ffd35147374+20]\n\tRtlUserThreadStart [0x0x7ffd35bdcc91+33]","statusTrace":"self = <test_items.test_previewplan.TestPreviewPlanPage object at 0x000002470013A0E0>\nlogin_to_previewPlan = <selenium.webdriver.chrome.webdriver.WebDriver (session=\"84d1c4fc0b47ff0908f22875014db02d\")>\n\n    @allure.story(\"工作指示发布成功，工作指示一览显示成功\")\n    # @pytest.mark.run(order=1)\n    def test_previewPlan_select(self, login_to_previewPlan):\n        driver = login_to_previewPlan  # WebDriver 实例\n        previewPlan = PreviewPlanPage(driver)  # 用 previewPlan 初始化 PreviewPlanPage\n        shared_data = SharedDataUtil.load_data()\n        resource1 = shared_data.get(\"master_res1\")\n        resource2 = shared_data.get(\"master_res2\")\n        previewPlan.enter_texts(\n            '//div[./p[text()=\"订单代码\"]]/parent::div//input', \"1测试C订单\"\n        )\n>       ele_code1 = previewPlan.get_find_element_xpath(\n            '//table[.//td[4]//span[text()=\"1测试C订单\"]]//tr[1]/td[4]'\n        ).text\n\nTests\\test_items\\test_previewplan.py:67: \n_ _ _ _ _ _ _ _ _ _ _ _ _ _ _ _ _ _ _ _ _ _ _ _ _ _ _ _ _ _ _ _ _ _ _ _ _ _ _ _ _ _ _ _ _ _ _ _ _ _ _ _ _ _ _ _ _ _ _ _ _ _ _ _ _ _ _ _ _ _ _ _ _ _ _ _ _ _ _ _ _ _ _ _ _ _ _ _ _ _ _ _\nPages\\itemsPage\\previewPlan_page.py:26: in get_find_element_xpath\n    return self.find_element(By.XPATH, xpath)\nPages\\base_page.py:28: in find_element\n    return WebDriverWait(self.driver, wait_time).until(\n_ _ _ _ _ _ _ _ _ _ _ _ _ _ _ _ _ _ _ _ _ _ _ _ _ _ _ _ _ _ _ _ _ _ _ _ _ _ _ _ _ _ _ _ _ _ _ _ _ _ _ _ _ _ _ _ _ _ _ _ _ _ _ _ _ _ _ _ _ _ _ _ _ _ _ _ _ _ _ _ _ _ _ _ _ _ _ _ _ _ _ _\n\nself = <selenium.webdriver.support.wait.WebDriverWait (session=\"84d1c4fc0b47ff0908f22875014db02d\")>\nmethod = <function presence_of_element_located.<locals>._predicate at 0x0000024700905EA0>, message = ''\n\n    def until(self, method: Callable[[D], Union[Literal[False], T]], message: str = \"\") -> T:\n        \"\"\"Wait until the method returns a value that is not False.\n    \n        Calls the method provided with the driver as an argument until the\n        return value does not evaluate to ``False``.\n    \n        Parameters:\n        -----------\n        method: callable(WebDriver)\n            - A callable object that takes a WebDriver instance as an argument.\n    \n        message: str\n            - Optional message for :exc:`TimeoutException`\n    \n        Return:\n        -------\n        object: T\n            - The result of the last call to `method`\n    \n        Raises:\n        -------\n        TimeoutException\n            - If 'method' does not return a truthy value within the WebDriverWait\n            object's timeout\n    \n        Example:\n        --------\n        >>> from selenium.webdriver.common.by import By\n        >>> from selenium.webdriver.support.ui import WebDriverWait\n        >>> from selenium.webdriver.support import expected_conditions as EC\n    \n        # Wait until an element is visible on the page\n        >>> wait = WebDriverWait(driver, 10)\n        >>> element = wait.until(EC.visibility_of_element_located((By.ID, \"exampleId\")))\n        >>> print(element.text)\n        \"\"\"\n        screen = None\n        stacktrace = None\n    \n        end_time = time.monotonic() + self._timeout\n        while True:\n            try:\n                value = method(self._driver)\n                if value:\n                    return value\n            except self._ignored_exceptions as exc:\n                screen = getattr(exc, \"screen\", None)\n                stacktrace = getattr(exc, \"stacktrace\", None)\n            if time.monotonic() > end_time:\n                break\n            time.sleep(self._poll)\n>       raise TimeoutException(message, screen, stacktrace)\nE       selenium.common.exceptions.TimeoutException: Message: \nE       Stacktrace:\nE       \tGetHandleVerifier [0x0x7ff696576f65+78965]\nE       \tGetHandleVerifier [0x0x7ff696576fc0+79056]\nE       \t(No symbol) [0x0x7ff696309dda]\nE       \t(No symbol) [0x0x7ff6963602ea]\nE       \t(No symbol) [0x0x7ff69636059c]\nE       \t(No symbol) [0x0x7ff6963b3f37]\nE       \t(No symbol) [0x0x7ff6963886af]\nE       \t(No symbol) [0x0x7ff6963b0dbe]\nE       \t(No symbol) [0x0x7ff696388443]\nE       \t(No symbol) [0x0x7ff696351311]\nE       \t(No symbol) [0x0x7ff6963520a3]\nE       \tGetHandleVerifier [0x0x7ff69682e26d+2926461]\nE       \tGetHandleVerifier [0x0x7ff696828993+2903715]\nE       \tGetHandleVerifier [0x0x7ff696846aed+3026941]\nE       \tGetHandleVerifier [0x0x7ff6965916fe+187406]\nE       \tGetHandleVerifier [0x0x7ff6965996ef+220159]\nE       \tGetHandleVerifier [0x0x7ff69657faf4+114692]\nE       \tGetHandleVerifier [0x0x7ff69657fca9+115129]\nE       \tGetHandleVerifier [0x0x7ff6965664d8+10728]\nE       \tBaseThreadInitThunk [0x0x7ffd35147374+20]\nE       \tRtlUserThreadStart [0x0x7ffd35bdcc91+33]\n\nmyenv\\lib\\site-packages\\selenium\\webdriver\\support\\wait.py:138: TimeoutException","flaky":false,"newFailed":false,"newBroken":false,"newPassed":false,"retriesCount":0,"retriesStatusChange":false,"beforeStages":[{"name":"login_to_previewPlan","time":{"start":1755785890192,"stop":1755785899624,"duration":9432},"status":"passed","steps":[],"attachments":[],"parameters":[],"shouldDisplayMessage":false,"attachmentsCount":0,"stepsCount":0,"hasContent":false,"attachmentStep":false}],"testStage":{"status":"broken","statusMessage":"selenium.common.exceptions.TimeoutException: Message: \nStacktrace:\n\tGetHandleVerifier [0x0x7ff696576f65+78965]\n\tGetHandleVerifier [0x0x7ff696576fc0+79056]\n\t(No symbol) [0x0x7ff696309dda]\n\t(No symbol) [0x0x7ff6963602ea]\n\t(No symbol) [0x0x7ff69636059c]\n\t(No symbol) [0x0x7ff6963b3f37]\n\t(No symbol) [0x0x7ff6963886af]\n\t(No symbol) [0x0x7ff6963b0dbe]\n\t(No symbol) [0x0x7ff696388443]\n\t(No symbol) [0x0x7ff696351311]\n\t(No symbol) [0x0x7ff6963520a3]\n\tGetHandleVerifier [0x0x7ff69682e26d+2926461]\n\tGetHandleVerifier [0x0x7ff696828993+2903715]\n\tGetHandleVerifier [0x0x7ff696846aed+3026941]\n\tGetHandleVerifier [0x0x7ff6965916fe+187406]\n\tGetHandleVerifier [0x0x7ff6965996ef+220159]\n\tGetHandleVerifier [0x0x7ff69657faf4+114692]\n\tGetHandleVerifier [0x0x7ff69657fca9+115129]\n\tGetHandleVerifier [0x0x7ff6965664d8+10728]\n\tBaseThreadInitThunk [0x0x7ffd35147374+20]\n\tRtlUserThreadStart [0x0x7ffd35bdcc91+33]","statusTrace":"self = <test_items.test_previewplan.TestPreviewPlanPage object at 0x000002470013A0E0>\nlogin_to_previewPlan = <selenium.webdriver.chrome.webdriver.WebDriver (session=\"84d1c4fc0b47ff0908f22875014db02d\")>\n\n    @allure.story(\"工作指示发布成功，工作指示一览显示成功\")\n    # @pytest.mark.run(order=1)\n    def test_previewPlan_select(self, login_to_previewPlan):\n        driver = login_to_previewPlan  # WebDriver 实例\n        previewPlan = PreviewPlanPage(driver)  # 用 previewPlan 初始化 PreviewPlanPage\n        shared_data = SharedDataUtil.load_data()\n        resource1 = shared_data.get(\"master_res1\")\n        resource2 = shared_data.get(\"master_res2\")\n        previewPlan.enter_texts(\n            '//div[./p[text()=\"订单代码\"]]/parent::div//input', \"1测试C订单\"\n        )\n>       ele_code1 = previewPlan.get_find_element_xpath(\n            '//table[.//td[4]//span[text()=\"1测试C订单\"]]//tr[1]/td[4]'\n        ).text\n\nTests\\test_items\\test_previewplan.py:67: \n_ _ _ _ _ _ _ _ _ _ _ _ _ _ _ _ _ _ _ _ _ _ _ _ _ _ _ _ _ _ _ _ _ _ _ _ _ _ _ _ _ _ _ _ _ _ _ _ _ _ _ _ _ _ _ _ _ _ _ _ _ _ _ _ _ _ _ _ _ _ _ _ _ _ _ _ _ _ _ _ _ _ _ _ _ _ _ _ _ _ _ _\nPages\\itemsPage\\previewPlan_page.py:26: in get_find_element_xpath\n    return self.find_element(By.XPATH, xpath)\nPages\\base_page.py:28: in find_element\n    return WebDriverWait(self.driver, wait_time).until(\n_ _ _ _ _ _ _ _ _ _ _ _ _ _ _ _ _ _ _ _ _ _ _ _ _ _ _ _ _ _ _ _ _ _ _ _ _ _ _ _ _ _ _ _ _ _ _ _ _ _ _ _ _ _ _ _ _ _ _ _ _ _ _ _ _ _ _ _ _ _ _ _ _ _ _ _ _ _ _ _ _ _ _ _ _ _ _ _ _ _ _ _\n\nself = <selenium.webdriver.support.wait.WebDriverWait (session=\"84d1c4fc0b47ff0908f22875014db02d\")>\nmethod = <function presence_of_element_located.<locals>._predicate at 0x0000024700905EA0>, message = ''\n\n    def until(self, method: Callable[[D], Union[Literal[False], T]], message: str = \"\") -> T:\n        \"\"\"Wait until the method returns a value that is not False.\n    \n        Calls the method provided with the driver as an argument until the\n        return value does not evaluate to ``False``.\n    \n        Parameters:\n        -----------\n        method: callable(WebDriver)\n            - A callable object that takes a WebDriver instance as an argument.\n    \n        message: str\n            - Optional message for :exc:`TimeoutException`\n    \n        Return:\n        -------\n        object: T\n            - The result of the last call to `method`\n    \n        Raises:\n        -------\n        TimeoutException\n            - If 'method' does not return a truthy value within the WebDriverWait\n            object's timeout\n    \n        Example:\n        --------\n        >>> from selenium.webdriver.common.by import By\n        >>> from selenium.webdriver.support.ui import WebDriverWait\n        >>> from selenium.webdriver.support import expected_conditions as EC\n    \n        # Wait until an element is visible on the page\n        >>> wait = WebDriverWait(driver, 10)\n        >>> element = wait.until(EC.visibility_of_element_located((By.ID, \"exampleId\")))\n        >>> print(element.text)\n        \"\"\"\n        screen = None\n        stacktrace = None\n    \n        end_time = time.monotonic() + self._timeout\n        while True:\n            try:\n                value = method(self._driver)\n                if value:\n                    return value\n            except self._ignored_exceptions as exc:\n                screen = getattr(exc, \"screen\", None)\n                stacktrace = getattr(exc, \"stacktrace\", None)\n            if time.monotonic() > end_time:\n                break\n            time.sleep(self._poll)\n>       raise TimeoutException(message, screen, stacktrace)\nE       selenium.common.exceptions.TimeoutException: Message: \nE       Stacktrace:\nE       \tGetHandleVerifier [0x0x7ff696576f65+78965]\nE       \tGetHandleVerifier [0x0x7ff696576fc0+79056]\nE       \t(No symbol) [0x0x7ff696309dda]\nE       \t(No symbol) [0x0x7ff6963602ea]\nE       \t(No symbol) [0x0x7ff69636059c]\nE       \t(No symbol) [0x0x7ff6963b3f37]\nE       \t(No symbol) [0x0x7ff6963886af]\nE       \t(No symbol) [0x0x7ff6963b0dbe]\nE       \t(No symbol) [0x0x7ff696388443]\nE       \t(No symbol) [0x0x7ff696351311]\nE       \t(No symbol) [0x0x7ff6963520a3]\nE       \tGetHandleVerifier [0x0x7ff69682e26d+2926461]\nE       \tGetHandleVerifier [0x0x7ff696828993+2903715]\nE       \tGetHandleVerifier [0x0x7ff696846aed+3026941]\nE       \tGetHandleVerifier [0x0x7ff6965916fe+187406]\nE       \tGetHandleVerifier [0x0x7ff6965996ef+220159]\nE       \tGetHandleVerifier [0x0x7ff69657faf4+114692]\nE       \tGetHandleVerifier [0x0x7ff69657fca9+115129]\nE       \tGetHandleVerifier [0x0x7ff6965664d8+10728]\nE       \tBaseThreadInitThunk [0x0x7ffd35147374+20]\nE       \tRtlUserThreadStart [0x0x7ffd35bdcc91+33]\n\nmyenv\\lib\\site-packages\\selenium\\webdriver\\support\\wait.py:138: TimeoutException","steps":[],"attachments":[{"uid":"bbf7ad78eebe66b2","name":"test_previewPlan_select_failure","source":"bbf7ad78eebe66b2.png","type":"image/png","size":84361},{"uid":"3421ffd5e7cc9760","name":"test_previewPlan_select_source","source":"3421ffd5e7cc9760.html","type":"text/html","size":1114205},{"uid":"40a85d8ecb42cabb","name":"log","source":"40a85d8ecb42cabb.txt","type":"text/plain","size":1060}],"parameters":[],"shouldDisplayMessage":true,"attachmentsCount":3,"stepsCount":0,"hasContent":true,"attachmentStep":false},"afterStages":[{"name":"login_to_previewPlan::0","time":{"start":1755785911313,"stop":1755785913479,"duration":2166},"status":"passed","steps":[],"attachments":[],"parameters":[],"shouldDisplayMessage":false,"attachmentsCount":0,"stepsCount":0,"hasContent":false,"attachmentStep":false}],"labels":[{"name":"story","value":"工作指示发布成功，工作指示一览显示成功"},{"name":"feature","value":"工作指示一览表测试用例"},{"name":"parentSuite","value":"Tests.test_items"},{"name":"suite","value":"test_previewplan"},{"name":"subSuite","value":"TestPreviewPlanPage"},{"name":"host","value":"WIN-20240820MJV"},{"name":"thread","value":"21852-MainThread"},{"name":"framework","value":"pytest"},{"name":"language","value":"cpython3"},{"name":"package","value":"Tests.test_items.test_previewplan"},{"name":"resultFormat","value":"allure2"}],"parameters":[],"links":[],"hidden":false,"retry":false,"extra":{"severity":"normal","retries":[],"categories":[{"name":"Test defects","matchedStatuses":[]}],"tags":[]},"source":"61232f40888012df.json","parameterValues":[]}