{"uid":"62300f8fa23eee97","name":"test_role_success1","fullName":"Tests.test_system.test_role.TestRolePage#test_role_success1","historyId":"01546aee86968e47d2ea990fcc6c86e6","time":{"start":1761071133166,"stop":1761071148576,"duration":15410},"status":"broken","statusMessage":"selenium.common.exceptions.TimeoutException: Message: 点击失败，找不到元素：xpath = //li[text()=\"1测试A\"]","statusTrace":"self = <Pages.itemsPage.adds_page.AddsPages object at 0x00000173A736D360>, by_or_element = 'xpath', value = '//li[text()=\"1测试A\"]', wait_time = 10\n\n    def click(self, by_or_element, value=None, wait_time=10):\n        if value is not None:\n            by = by_or_element\n            logging.info(f\"点击元素：By = {by}, Value = {value}\")\n            try:\n>               element = WebDriverWait(self.driver, wait_time).until(\n                    EC.element_to_be_clickable((by, value))\n                )\n\nPages\\base_page.py:45: \n_ _ _ _ _ _ _ _ _ _ _ _ _ _ _ _ _ _ _ _ _ _ _ _ _ _ _ _ _ _ _ _ _ _ _ _ _ _ _ _ _ _ _ _ _ _ _ _ _ _ _ _ _ _ _ _ _ _ _ _ _ _ _ _ _ _ _ _ _ _ _ _ _ _ _ _ _ _ _ _ _ _ _ _ _ _ _ _ _ _ _ _ _ _ _ _ _ _ _ _ _ _ _ _ _ _ _ _ _ _ _ _ _ _ _ _\n\nself = <selenium.webdriver.support.wait.WebDriverWait (session=\"0d85dba1ab3810358ec0218b82355239\")>, method = <function element_to_be_clickable.<locals>._predicate at 0x00000173A559C820>, message = ''\n\n    def until(self, method: Callable[[D], Union[Literal[False], T]], message: str = \"\") -> T:\n        \"\"\"Wait until the method returns a value that is not False.\n    \n        Calls the method provided with the driver as an argument until the\n        return value does not evaluate to ``False``.\n    \n        Parameters:\n        -----------\n        method: callable(WebDriver)\n            - A callable object that takes a WebDriver instance as an argument.\n    \n        message: str\n            - Optional message for :exc:`TimeoutException`\n    \n        Return:\n        -------\n        object: T\n            - The result of the last call to `method`\n    \n        Raises:\n        -------\n        TimeoutException\n            - If 'method' does not return a truthy value within the WebDriverWait\n            object's timeout\n    \n        Example:\n        --------\n        >>> from selenium.webdriver.common.by import By\n        >>> from selenium.webdriver.support.ui import WebDriverWait\n        >>> from selenium.webdriver.support import expected_conditions as EC\n    \n        # Wait until an element is visible on the page\n        >>> wait = WebDriverWait(driver, 10)\n        >>> element = wait.until(EC.visibility_of_element_located((By.ID, \"exampleId\")))\n        >>> print(element.text)\n        \"\"\"\n        screen = None\n        stacktrace = None\n    \n        end_time = time.monotonic() + self._timeout\n        while True:\n            try:\n                value = method(self._driver)\n                if value:\n                    return value\n            except self._ignored_exceptions as exc:\n                screen = getattr(exc, \"screen\", None)\n                stacktrace = getattr(exc, \"stacktrace\", None)\n            if time.monotonic() > end_time:\n                break\n            time.sleep(self._poll)\n>       raise TimeoutException(message, screen, stacktrace)\nE       selenium.common.exceptions.TimeoutException: Message: \nE       Stacktrace:\nE       \tGetHandleVerifier [0x0x7ff719876f65+78965]\nE       \tGetHandleVerifier [0x0x7ff719876fc0+79056]\nE       \t(No symbol) [0x0x7ff719609dda]\nE       \t(No symbol) [0x0x7ff7196602ea]\nE       \t(No symbol) [0x0x7ff71966059c]\nE       \t(No symbol) [0x0x7ff7196b3f37]\nE       \t(No symbol) [0x0x7ff7196886af]\nE       \t(No symbol) [0x0x7ff7196b0dbe]\nE       \t(No symbol) [0x0x7ff719688443]\nE       \t(No symbol) [0x0x7ff719651311]\nE       \t(No symbol) [0x0x7ff7196520a3]\nE       \tGetHandleVerifier [0x0x7ff719b2e26d+2926461]\nE       \tGetHandleVerifier [0x0x7ff719b28993+2903715]\nE       \tGetHandleVerifier [0x0x7ff719b46aed+3026941]\nE       \tGetHandleVerifier [0x0x7ff7198916fe+187406]\nE       \tGetHandleVerifier [0x0x7ff7198996ef+220159]\nE       \tGetHandleVerifier [0x0x7ff71987faf4+114692]\nE       \tGetHandleVerifier [0x0x7ff71987fca9+115129]\nE       \tGetHandleVerifier [0x0x7ff7198664d8+10728]\nE       \tBaseThreadInitThunk [0x0x7ffee1537374+20]\nE       \tRtlUserThreadStart [0x0x7ffee1a7cc91+33]\n\nmyenv\\lib\\site-packages\\selenium\\webdriver\\support\\wait.py:138: TimeoutException\n\nDuring handling of the above exception, another exception occurred:\n\nself = <test_system.test_role.TestRolePage object at 0x00000173A6917D60>, login_to_role = <selenium.webdriver.chrome.webdriver.WebDriver (session=\"0d85dba1ab3810358ec0218b82355239\")>\n\n    @allure.story(\"添加角色成功，勾选所有菜单,并且增加该用户权限，可切换新建单元\")\n    # @pytest.mark.run(order=1)\n    def test_role_success1(self, login_to_role):\n        driver = login_to_role  # WebDriver 实例\n        role = RolePage(driver)  # 用 driver 初始化 RolePage\n        date_driver = DateDriver()\n        name = \"1测试角色代码1\"\n        module = \"1测试A\"\n>       role.add_role(name, module)\n\nTests\\test_system\\test_role.py:149: \n_ _ _ _ _ _ _ _ _ _ _ _ _ _ _ _ _ _ _ _ _ _ _ _ _ _ _ _ _ _ _ _ _ _ _ _ _ _ _ _ _ _ _ _ _ _ _ _ _ _ _ _ _ _ _ _ _ _ _ _ _ _ _ _ _ _ _ _ _ _ _ _ _ _ _ _ _ _ _ _ _ _ _ _ _ _ _ _ _ _ _ _ _ _ _ _ _ _ _ _ _ _ _ _ _ _ _ _ _ _ _ _ _ _ _ _\nPages\\systemPage\\role_page.py:96: in add_role\n    add.batch_modify_select_input(list_sel)\nPages\\itemsPage\\adds_page.py:71: in batch_modify_select_input\n    self.click_button(d['value'])\nPages\\itemsPage\\adds_page.py:22: in click_button\n    self.click(By.XPATH, xpath)\n_ _ _ _ _ _ _ _ _ _ _ _ _ _ _ _ _ _ _ _ _ _ _ _ _ _ _ _ _ _ _ _ _ _ _ _ _ _ _ _ _ _ _ _ _ _ _ _ _ _ _ _ _ _ _ _ _ _ _ _ _ _ _ _ _ _ _ _ _ _ _ _ _ _ _ _ _ _ _ _ _ _ _ _ _ _ _ _ _ _ _ _ _ _ _ _ _ _ _ _ _ _ _ _ _ _ _ _ _ _ _ _ _ _ _ _\n\nself = <Pages.itemsPage.adds_page.AddsPages object at 0x00000173A736D360>, by_or_element = 'xpath', value = '//li[text()=\"1测试A\"]', wait_time = 10\n\n    def click(self, by_or_element, value=None, wait_time=10):\n        if value is not None:\n            by = by_or_element\n            logging.info(f\"点击元素：By = {by}, Value = {value}\")\n            try:\n                element = WebDriverWait(self.driver, wait_time).until(\n                    EC.element_to_be_clickable((by, value))\n                )\n            except TimeoutException:\n                logging.warning(f\"❌ 点击超时：元素 {by} = {value} 未在 {wait_time} 秒内变为可点击\")\n>               raise TimeoutException(f\"点击失败，找不到元素：{by} = {value}\")\nE               selenium.common.exceptions.TimeoutException: Message: 点击失败，找不到元素：xpath = //li[text()=\"1测试A\"]\n\nPages\\base_page.py:50: TimeoutException","flaky":false,"newFailed":false,"newBroken":false,"newPassed":false,"retriesCount":0,"retriesStatusChange":false,"beforeStages":[{"name":"login_to_role","time":{"start":1761071117530,"stop":1761071133165,"duration":15635},"status":"passed","steps":[],"attachments":[],"parameters":[],"attachmentsCount":0,"shouldDisplayMessage":false,"stepsCount":0,"hasContent":false,"attachmentStep":false}],"testStage":{"status":"broken","statusMessage":"selenium.common.exceptions.TimeoutException: Message: 点击失败，找不到元素：xpath = //li[text()=\"1测试A\"]","statusTrace":"self = <Pages.itemsPage.adds_page.AddsPages object at 0x00000173A736D360>, by_or_element = 'xpath', value = '//li[text()=\"1测试A\"]', wait_time = 10\n\n    def click(self, by_or_element, value=None, wait_time=10):\n        if value is not None:\n            by = by_or_element\n            logging.info(f\"点击元素：By = {by}, Value = {value}\")\n            try:\n>               element = WebDriverWait(self.driver, wait_time).until(\n                    EC.element_to_be_clickable((by, value))\n                )\n\nPages\\base_page.py:45: \n_ _ _ _ _ _ _ _ _ _ _ _ _ _ _ _ _ _ _ _ _ _ _ _ _ _ _ _ _ _ _ _ _ _ _ _ _ _ _ _ _ _ _ _ _ _ _ _ _ _ _ _ _ _ _ _ _ _ _ _ _ _ _ _ _ _ _ _ _ _ _ _ _ _ _ _ _ _ _ _ _ _ _ _ _ _ _ _ _ _ _ _ _ _ _ _ _ _ _ _ _ _ _ _ _ _ _ _ _ _ _ _ _ _ _ _\n\nself = <selenium.webdriver.support.wait.WebDriverWait (session=\"0d85dba1ab3810358ec0218b82355239\")>, method = <function element_to_be_clickable.<locals>._predicate at 0x00000173A559C820>, message = ''\n\n    def until(self, method: Callable[[D], Union[Literal[False], T]], message: str = \"\") -> T:\n        \"\"\"Wait until the method returns a value that is not False.\n    \n        Calls the method provided with the driver as an argument until the\n        return value does not evaluate to ``False``.\n    \n        Parameters:\n        -----------\n        method: callable(WebDriver)\n            - A callable object that takes a WebDriver instance as an argument.\n    \n        message: str\n            - Optional message for :exc:`TimeoutException`\n    \n        Return:\n        -------\n        object: T\n            - The result of the last call to `method`\n    \n        Raises:\n        -------\n        TimeoutException\n            - If 'method' does not return a truthy value within the WebDriverWait\n            object's timeout\n    \n        Example:\n        --------\n        >>> from selenium.webdriver.common.by import By\n        >>> from selenium.webdriver.support.ui import WebDriverWait\n        >>> from selenium.webdriver.support import expected_conditions as EC\n    \n        # Wait until an element is visible on the page\n        >>> wait = WebDriverWait(driver, 10)\n        >>> element = wait.until(EC.visibility_of_element_located((By.ID, \"exampleId\")))\n        >>> print(element.text)\n        \"\"\"\n        screen = None\n        stacktrace = None\n    \n        end_time = time.monotonic() + self._timeout\n        while True:\n            try:\n                value = method(self._driver)\n                if value:\n                    return value\n            except self._ignored_exceptions as exc:\n                screen = getattr(exc, \"screen\", None)\n                stacktrace = getattr(exc, \"stacktrace\", None)\n            if time.monotonic() > end_time:\n                break\n            time.sleep(self._poll)\n>       raise TimeoutException(message, screen, stacktrace)\nE       selenium.common.exceptions.TimeoutException: Message: \nE       Stacktrace:\nE       \tGetHandleVerifier [0x0x7ff719876f65+78965]\nE       \tGetHandleVerifier [0x0x7ff719876fc0+79056]\nE       \t(No symbol) [0x0x7ff719609dda]\nE       \t(No symbol) [0x0x7ff7196602ea]\nE       \t(No symbol) [0x0x7ff71966059c]\nE       \t(No symbol) [0x0x7ff7196b3f37]\nE       \t(No symbol) [0x0x7ff7196886af]\nE       \t(No symbol) [0x0x7ff7196b0dbe]\nE       \t(No symbol) [0x0x7ff719688443]\nE       \t(No symbol) [0x0x7ff719651311]\nE       \t(No symbol) [0x0x7ff7196520a3]\nE       \tGetHandleVerifier [0x0x7ff719b2e26d+2926461]\nE       \tGetHandleVerifier [0x0x7ff719b28993+2903715]\nE       \tGetHandleVerifier [0x0x7ff719b46aed+3026941]\nE       \tGetHandleVerifier [0x0x7ff7198916fe+187406]\nE       \tGetHandleVerifier [0x0x7ff7198996ef+220159]\nE       \tGetHandleVerifier [0x0x7ff71987faf4+114692]\nE       \tGetHandleVerifier [0x0x7ff71987fca9+115129]\nE       \tGetHandleVerifier [0x0x7ff7198664d8+10728]\nE       \tBaseThreadInitThunk [0x0x7ffee1537374+20]\nE       \tRtlUserThreadStart [0x0x7ffee1a7cc91+33]\n\nmyenv\\lib\\site-packages\\selenium\\webdriver\\support\\wait.py:138: TimeoutException\n\nDuring handling of the above exception, another exception occurred:\n\nself = <test_system.test_role.TestRolePage object at 0x00000173A6917D60>, login_to_role = <selenium.webdriver.chrome.webdriver.WebDriver (session=\"0d85dba1ab3810358ec0218b82355239\")>\n\n    @allure.story(\"添加角色成功，勾选所有菜单,并且增加该用户权限，可切换新建单元\")\n    # @pytest.mark.run(order=1)\n    def test_role_success1(self, login_to_role):\n        driver = login_to_role  # WebDriver 实例\n        role = RolePage(driver)  # 用 driver 初始化 RolePage\n        date_driver = DateDriver()\n        name = \"1测试角色代码1\"\n        module = \"1测试A\"\n>       role.add_role(name, module)\n\nTests\\test_system\\test_role.py:149: \n_ _ _ _ _ _ _ _ _ _ _ _ _ _ _ _ _ _ _ _ _ _ _ _ _ _ _ _ _ _ _ _ _ _ _ _ _ _ _ _ _ _ _ _ _ _ _ _ _ _ _ _ _ _ _ _ _ _ _ _ _ _ _ _ _ _ _ _ _ _ _ _ _ _ _ _ _ _ _ _ _ _ _ _ _ _ _ _ _ _ _ _ _ _ _ _ _ _ _ _ _ _ _ _ _ _ _ _ _ _ _ _ _ _ _ _\nPages\\systemPage\\role_page.py:96: in add_role\n    add.batch_modify_select_input(list_sel)\nPages\\itemsPage\\adds_page.py:71: in batch_modify_select_input\n    self.click_button(d['value'])\nPages\\itemsPage\\adds_page.py:22: in click_button\n    self.click(By.XPATH, xpath)\n_ _ _ _ _ _ _ _ _ _ _ _ _ _ _ _ _ _ _ _ _ _ _ _ _ _ _ _ _ _ _ _ _ _ _ _ _ _ _ _ _ _ _ _ _ _ _ _ _ _ _ _ _ _ _ _ _ _ _ _ _ _ _ _ _ _ _ _ _ _ _ _ _ _ _ _ _ _ _ _ _ _ _ _ _ _ _ _ _ _ _ _ _ _ _ _ _ _ _ _ _ _ _ _ _ _ _ _ _ _ _ _ _ _ _ _\n\nself = <Pages.itemsPage.adds_page.AddsPages object at 0x00000173A736D360>, by_or_element = 'xpath', value = '//li[text()=\"1测试A\"]', wait_time = 10\n\n    def click(self, by_or_element, value=None, wait_time=10):\n        if value is not None:\n            by = by_or_element\n            logging.info(f\"点击元素：By = {by}, Value = {value}\")\n            try:\n                element = WebDriverWait(self.driver, wait_time).until(\n                    EC.element_to_be_clickable((by, value))\n                )\n            except TimeoutException:\n                logging.warning(f\"❌ 点击超时：元素 {by} = {value} 未在 {wait_time} 秒内变为可点击\")\n>               raise TimeoutException(f\"点击失败，找不到元素：{by} = {value}\")\nE               selenium.common.exceptions.TimeoutException: Message: 点击失败，找不到元素：xpath = //li[text()=\"1测试A\"]\n\nPages\\base_page.py:50: TimeoutException","steps":[],"attachments":[{"uid":"eb3506cdbd3ced07","name":"test_role_success1_failure","source":"eb3506cdbd3ced07.png","type":"image/png","size":153902},{"uid":"4caa043b69d7cbd5","name":"test_role_success1_source","source":"4caa043b69d7cbd5.html","type":"text/html","size":1176040},{"uid":"66e171d1d550d57","name":"log","source":"66e171d1d550d57.txt","type":"text/plain","size":1344}],"parameters":[],"attachmentsCount":3,"shouldDisplayMessage":true,"stepsCount":0,"hasContent":true,"attachmentStep":false},"afterStages":[{"name":"login_to_role::0","time":{"start":1761071149216,"stop":1761071151635,"duration":2419},"status":"passed","steps":[],"attachments":[],"parameters":[],"attachmentsCount":0,"shouldDisplayMessage":false,"stepsCount":0,"hasContent":false,"attachmentStep":false}],"labels":[{"name":"feature","value":"角色管理页用例"},{"name":"story","value":"添加角色成功，勾选所有菜单,并且增加该用户权限，可切换新建单元"},{"name":"parentSuite","value":"Tests.test_system"},{"name":"suite","value":"test_role"},{"name":"subSuite","value":"TestRolePage"},{"name":"host","value":"WIN-20240820MJV"},{"name":"thread","value":"14388-MainThread"},{"name":"framework","value":"pytest"},{"name":"language","value":"cpython3"},{"name":"package","value":"Tests.test_system.test_role"},{"name":"resultFormat","value":"allure2"}],"parameters":[],"links":[],"hidden":true,"retry":true,"extra":{"categories":[],"tags":[]},"source":"62300f8fa23eee97.json","parameterValues":[]}