{"uid":"632b4adcd976980d","name":"test_customer_selectsuccess2","fullName":"Tests.test_items.test_customer.TestCustomerPage#test_customer_selectsuccess2","historyId":"0c1aa98598f6480d32592b3d5a1e285e","time":{"start":1758715073750,"stop":1758715087556,"duration":13806},"status":"broken","statusMessage":"selenium.common.exceptions.TimeoutException: Message: 点击失败，找不到元素：xpath = //div[text()=\"客户名称\" and contains(@optid,\"opt_\")]","statusTrace":"self = <Pages.itemsPage.customer_page.CustomerPage object at 0x00000271F393A6B0>, by_or_element = 'xpath', value = '//div[text()=\"客户名称\" and contains(@optid,\"opt_\")]', wait_time = 10\n\n    def click(self, by_or_element, value=None, wait_time=10):\n        if value is not None:\n            by = by_or_element\n            logging.info(f\"点击元素：By = {by}, Value = {value}\")\n            try:\n>               element = WebDriverWait(self.driver, wait_time).until(\n                    EC.element_to_be_clickable((by, value))\n                )\n\nPages\\base_page.py:45: \n_ _ _ _ _ _ _ _ _ _ _ _ _ _ _ _ _ _ _ _ _ _ _ _ _ _ _ _ _ _ _ _ _ _ _ _ _ _ _ _ _ _ _ _ _ _ _ _ _ _ _ _ _ _ _ _ _ _ _ _ _ _ _ _ _ _ _ _ _ _ _ _ _ _ _ _ _ _ _ _ _ _ _ _ _ _ _ _ _ _ _ _ _ _ _ _ _ _ _ _ _ _ _ _ _ _ _ _ _ _ _ _ _ _ _ _\n\nself = <selenium.webdriver.support.wait.WebDriverWait (session=\"53b589e413e2b8614f4b2802a8224a03\")>, method = <function element_to_be_clickable.<locals>._predicate at 0x00000271F37B32E0>, message = ''\n\n    def until(self, method: Callable[[D], Union[Literal[False], T]], message: str = \"\") -> T:\n        \"\"\"Wait until the method returns a value that is not False.\n    \n        Calls the method provided with the driver as an argument until the\n        return value does not evaluate to ``False``.\n    \n        Parameters:\n        -----------\n        method: callable(WebDriver)\n            - A callable object that takes a WebDriver instance as an argument.\n    \n        message: str\n            - Optional message for :exc:`TimeoutException`\n    \n        Return:\n        -------\n        object: T\n            - The result of the last call to `method`\n    \n        Raises:\n        -------\n        TimeoutException\n            - If 'method' does not return a truthy value within the WebDriverWait\n            object's timeout\n    \n        Example:\n        --------\n        >>> from selenium.webdriver.common.by import By\n        >>> from selenium.webdriver.support.ui import WebDriverWait\n        >>> from selenium.webdriver.support import expected_conditions as EC\n    \n        # Wait until an element is visible on the page\n        >>> wait = WebDriverWait(driver, 10)\n        >>> element = wait.until(EC.visibility_of_element_located((By.ID, \"exampleId\")))\n        >>> print(element.text)\n        \"\"\"\n        screen = None\n        stacktrace = None\n    \n        end_time = time.monotonic() + self._timeout\n        while True:\n            try:\n                value = method(self._driver)\n                if value:\n                    return value\n            except self._ignored_exceptions as exc:\n                screen = getattr(exc, \"screen\", None)\n                stacktrace = getattr(exc, \"stacktrace\", None)\n            if time.monotonic() > end_time:\n                break\n            time.sleep(self._poll)\n>       raise TimeoutException(message, screen, stacktrace)\nE       selenium.common.exceptions.TimeoutException: Message: \nE       Stacktrace:\nE       \tGetHandleVerifier [0x0x7ff7ee406f65+78965]\nE       \tGetHandleVerifier [0x0x7ff7ee406fc0+79056]\nE       \t(No symbol) [0x0x7ff7ee199dda]\nE       \t(No symbol) [0x0x7ff7ee1f02ea]\nE       \t(No symbol) [0x0x7ff7ee1f059c]\nE       \t(No symbol) [0x0x7ff7ee243f37]\nE       \t(No symbol) [0x0x7ff7ee2186af]\nE       \t(No symbol) [0x0x7ff7ee240dbe]\nE       \t(No symbol) [0x0x7ff7ee218443]\nE       \t(No symbol) [0x0x7ff7ee1e1311]\nE       \t(No symbol) [0x0x7ff7ee1e20a3]\nE       \tGetHandleVerifier [0x0x7ff7ee6be26d+2926461]\nE       \tGetHandleVerifier [0x0x7ff7ee6b8993+2903715]\nE       \tGetHandleVerifier [0x0x7ff7ee6d6aed+3026941]\nE       \tGetHandleVerifier [0x0x7ff7ee4216fe+187406]\nE       \tGetHandleVerifier [0x0x7ff7ee4296ef+220159]\nE       \tGetHandleVerifier [0x0x7ff7ee40faf4+114692]\nE       \tGetHandleVerifier [0x0x7ff7ee40fca9+115129]\nE       \tGetHandleVerifier [0x0x7ff7ee3f64d8+10728]\nE       \tBaseThreadInitThunk [0x0x7ffcefb37374+20]\nE       \tRtlUserThreadStart [0x0x7ffcf06bcc91+33]\n\nmyenv\\lib\\site-packages\\selenium\\webdriver\\support\\wait.py:138: TimeoutException\n\nDuring handling of the above exception, another exception occurred:\n\nself = <test_items.test_customer.TestCustomerPage object at 0x00000271F339D2D0>, login_to_customer = <selenium.webdriver.chrome.webdriver.WebDriver (session=\"53b589e413e2b8614f4b2802a8224a03\")>\n\n    @allure.story(\"查询客户名称包含美并且表示顺序<10\")\n    # @pytest.mark.run(order=1)\n    def test_customer_selectsuccess2(self, login_to_customer):\n        driver = login_to_customer  # WebDriver 实例\n        customer = CustomerPage(driver)  # 用 driver 初始化 CustomerPage\n    \n        # 点击查询\n        customer.click_sel_button()\n        sleep(1)\n    \n        # 定位名称输入框\n        element_to_double_click = driver.find_element(\n            By.XPATH,\n            '(//div[@class=\"vxe-table--render-wrapper\"])[3]/div[1]/div[2]//tr[1]/td[4]',\n        )\n        # 创建一个 ActionChains 对象\n        actions = ActionChains(driver)\n        # 双击命令\n        actions.double_click(element_to_double_click).perform()\n        sleep(1)\n        # 点击客户名称\n>       customer.click_button('//div[text()=\"客户名称\" and contains(@optid,\"opt_\")]')\n\nTests\\test_items\\test_customer.py:656: \n_ _ _ _ _ _ _ _ _ _ _ _ _ _ _ _ _ _ _ _ _ _ _ _ _ _ _ _ _ _ _ _ _ _ _ _ _ _ _ _ _ _ _ _ _ _ _ _ _ _ _ _ _ _ _ _ _ _ _ _ _ _ _ _ _ _ _ _ _ _ _ _ _ _ _ _ _ _ _ _ _ _ _ _ _ _ _ _ _ _ _ _ _ _ _ _ _ _ _ _ _ _ _ _ _ _ _ _ _ _ _ _ _ _ _ _\nPages\\itemsPage\\customer_page.py:42: in click_button\n    self.click(By.XPATH, xpath)\n_ _ _ _ _ _ _ _ _ _ _ _ _ _ _ _ _ _ _ _ _ _ _ _ _ _ _ _ _ _ _ _ _ _ _ _ _ _ _ _ _ _ _ _ _ _ _ _ _ _ _ _ _ _ _ _ _ _ _ _ _ _ _ _ _ _ _ _ _ _ _ _ _ _ _ _ _ _ _ _ _ _ _ _ _ _ _ _ _ _ _ _ _ _ _ _ _ _ _ _ _ _ _ _ _ _ _ _ _ _ _ _ _ _ _ _\n\nself = <Pages.itemsPage.customer_page.CustomerPage object at 0x00000271F393A6B0>, by_or_element = 'xpath', value = '//div[text()=\"客户名称\" and contains(@optid,\"opt_\")]', wait_time = 10\n\n    def click(self, by_or_element, value=None, wait_time=10):\n        if value is not None:\n            by = by_or_element\n            logging.info(f\"点击元素：By = {by}, Value = {value}\")\n            try:\n                element = WebDriverWait(self.driver, wait_time).until(\n                    EC.element_to_be_clickable((by, value))\n                )\n            except TimeoutException:\n                logging.warning(f\"❌ 点击超时：元素 {by} = {value} 未在 {wait_time} 秒内变为可点击\")\n>               raise TimeoutException(f\"点击失败，找不到元素：{by} = {value}\")\nE               selenium.common.exceptions.TimeoutException: Message: 点击失败，找不到元素：xpath = //div[text()=\"客户名称\" and contains(@optid,\"opt_\")]\n\nPages\\base_page.py:50: TimeoutException","flaky":false,"newFailed":false,"newBroken":false,"newPassed":false,"retriesCount":0,"retriesStatusChange":false,"beforeStages":[{"name":"login_to_customer","time":{"start":1758715065535,"stop":1758715073749,"duration":8214},"status":"passed","steps":[],"attachments":[],"parameters":[],"hasContent":false,"attachmentStep":false,"stepsCount":0,"shouldDisplayMessage":false,"attachmentsCount":0}],"testStage":{"status":"broken","statusMessage":"selenium.common.exceptions.TimeoutException: Message: 点击失败，找不到元素：xpath = //div[text()=\"客户名称\" and contains(@optid,\"opt_\")]","statusTrace":"self = <Pages.itemsPage.customer_page.CustomerPage object at 0x00000271F393A6B0>, by_or_element = 'xpath', value = '//div[text()=\"客户名称\" and contains(@optid,\"opt_\")]', wait_time = 10\n\n    def click(self, by_or_element, value=None, wait_time=10):\n        if value is not None:\n            by = by_or_element\n            logging.info(f\"点击元素：By = {by}, Value = {value}\")\n            try:\n>               element = WebDriverWait(self.driver, wait_time).until(\n                    EC.element_to_be_clickable((by, value))\n                )\n\nPages\\base_page.py:45: \n_ _ _ _ _ _ _ _ _ _ _ _ _ _ _ _ _ _ _ _ _ _ _ _ _ _ _ _ _ _ _ _ _ _ _ _ _ _ _ _ _ _ _ _ _ _ _ _ _ _ _ _ _ _ _ _ _ _ _ _ _ _ _ _ _ _ _ _ _ _ _ _ _ _ _ _ _ _ _ _ _ _ _ _ _ _ _ _ _ _ _ _ _ _ _ _ _ _ _ _ _ _ _ _ _ _ _ _ _ _ _ _ _ _ _ _\n\nself = <selenium.webdriver.support.wait.WebDriverWait (session=\"53b589e413e2b8614f4b2802a8224a03\")>, method = <function element_to_be_clickable.<locals>._predicate at 0x00000271F37B32E0>, message = ''\n\n    def until(self, method: Callable[[D], Union[Literal[False], T]], message: str = \"\") -> T:\n        \"\"\"Wait until the method returns a value that is not False.\n    \n        Calls the method provided with the driver as an argument until the\n        return value does not evaluate to ``False``.\n    \n        Parameters:\n        -----------\n        method: callable(WebDriver)\n            - A callable object that takes a WebDriver instance as an argument.\n    \n        message: str\n            - Optional message for :exc:`TimeoutException`\n    \n        Return:\n        -------\n        object: T\n            - The result of the last call to `method`\n    \n        Raises:\n        -------\n        TimeoutException\n            - If 'method' does not return a truthy value within the WebDriverWait\n            object's timeout\n    \n        Example:\n        --------\n        >>> from selenium.webdriver.common.by import By\n        >>> from selenium.webdriver.support.ui import WebDriverWait\n        >>> from selenium.webdriver.support import expected_conditions as EC\n    \n        # Wait until an element is visible on the page\n        >>> wait = WebDriverWait(driver, 10)\n        >>> element = wait.until(EC.visibility_of_element_located((By.ID, \"exampleId\")))\n        >>> print(element.text)\n        \"\"\"\n        screen = None\n        stacktrace = None\n    \n        end_time = time.monotonic() + self._timeout\n        while True:\n            try:\n                value = method(self._driver)\n                if value:\n                    return value\n            except self._ignored_exceptions as exc:\n                screen = getattr(exc, \"screen\", None)\n                stacktrace = getattr(exc, \"stacktrace\", None)\n            if time.monotonic() > end_time:\n                break\n            time.sleep(self._poll)\n>       raise TimeoutException(message, screen, stacktrace)\nE       selenium.common.exceptions.TimeoutException: Message: \nE       Stacktrace:\nE       \tGetHandleVerifier [0x0x7ff7ee406f65+78965]\nE       \tGetHandleVerifier [0x0x7ff7ee406fc0+79056]\nE       \t(No symbol) [0x0x7ff7ee199dda]\nE       \t(No symbol) [0x0x7ff7ee1f02ea]\nE       \t(No symbol) [0x0x7ff7ee1f059c]\nE       \t(No symbol) [0x0x7ff7ee243f37]\nE       \t(No symbol) [0x0x7ff7ee2186af]\nE       \t(No symbol) [0x0x7ff7ee240dbe]\nE       \t(No symbol) [0x0x7ff7ee218443]\nE       \t(No symbol) [0x0x7ff7ee1e1311]\nE       \t(No symbol) [0x0x7ff7ee1e20a3]\nE       \tGetHandleVerifier [0x0x7ff7ee6be26d+2926461]\nE       \tGetHandleVerifier [0x0x7ff7ee6b8993+2903715]\nE       \tGetHandleVerifier [0x0x7ff7ee6d6aed+3026941]\nE       \tGetHandleVerifier [0x0x7ff7ee4216fe+187406]\nE       \tGetHandleVerifier [0x0x7ff7ee4296ef+220159]\nE       \tGetHandleVerifier [0x0x7ff7ee40faf4+114692]\nE       \tGetHandleVerifier [0x0x7ff7ee40fca9+115129]\nE       \tGetHandleVerifier [0x0x7ff7ee3f64d8+10728]\nE       \tBaseThreadInitThunk [0x0x7ffcefb37374+20]\nE       \tRtlUserThreadStart [0x0x7ffcf06bcc91+33]\n\nmyenv\\lib\\site-packages\\selenium\\webdriver\\support\\wait.py:138: TimeoutException\n\nDuring handling of the above exception, another exception occurred:\n\nself = <test_items.test_customer.TestCustomerPage object at 0x00000271F339D2D0>, login_to_customer = <selenium.webdriver.chrome.webdriver.WebDriver (session=\"53b589e413e2b8614f4b2802a8224a03\")>\n\n    @allure.story(\"查询客户名称包含美并且表示顺序<10\")\n    # @pytest.mark.run(order=1)\n    def test_customer_selectsuccess2(self, login_to_customer):\n        driver = login_to_customer  # WebDriver 实例\n        customer = CustomerPage(driver)  # 用 driver 初始化 CustomerPage\n    \n        # 点击查询\n        customer.click_sel_button()\n        sleep(1)\n    \n        # 定位名称输入框\n        element_to_double_click = driver.find_element(\n            By.XPATH,\n            '(//div[@class=\"vxe-table--render-wrapper\"])[3]/div[1]/div[2]//tr[1]/td[4]',\n        )\n        # 创建一个 ActionChains 对象\n        actions = ActionChains(driver)\n        # 双击命令\n        actions.double_click(element_to_double_click).perform()\n        sleep(1)\n        # 点击客户名称\n>       customer.click_button('//div[text()=\"客户名称\" and contains(@optid,\"opt_\")]')\n\nTests\\test_items\\test_customer.py:656: \n_ _ _ _ _ _ _ _ _ _ _ _ _ _ _ _ _ _ _ _ _ _ _ _ _ _ _ _ _ _ _ _ _ _ _ _ _ _ _ _ _ _ _ _ _ _ _ _ _ _ _ _ _ _ _ _ _ _ _ _ _ _ _ _ _ _ _ _ _ _ _ _ _ _ _ _ _ _ _ _ _ _ _ _ _ _ _ _ _ _ _ _ _ _ _ _ _ _ _ _ _ _ _ _ _ _ _ _ _ _ _ _ _ _ _ _\nPages\\itemsPage\\customer_page.py:42: in click_button\n    self.click(By.XPATH, xpath)\n_ _ _ _ _ _ _ _ _ _ _ _ _ _ _ _ _ _ _ _ _ _ _ _ _ _ _ _ _ _ _ _ _ _ _ _ _ _ _ _ _ _ _ _ _ _ _ _ _ _ _ _ _ _ _ _ _ _ _ _ _ _ _ _ _ _ _ _ _ _ _ _ _ _ _ _ _ _ _ _ _ _ _ _ _ _ _ _ _ _ _ _ _ _ _ _ _ _ _ _ _ _ _ _ _ _ _ _ _ _ _ _ _ _ _ _\n\nself = <Pages.itemsPage.customer_page.CustomerPage object at 0x00000271F393A6B0>, by_or_element = 'xpath', value = '//div[text()=\"客户名称\" and contains(@optid,\"opt_\")]', wait_time = 10\n\n    def click(self, by_or_element, value=None, wait_time=10):\n        if value is not None:\n            by = by_or_element\n            logging.info(f\"点击元素：By = {by}, Value = {value}\")\n            try:\n                element = WebDriverWait(self.driver, wait_time).until(\n                    EC.element_to_be_clickable((by, value))\n                )\n            except TimeoutException:\n                logging.warning(f\"❌ 点击超时：元素 {by} = {value} 未在 {wait_time} 秒内变为可点击\")\n>               raise TimeoutException(f\"点击失败，找不到元素：{by} = {value}\")\nE               selenium.common.exceptions.TimeoutException: Message: 点击失败，找不到元素：xpath = //div[text()=\"客户名称\" and contains(@optid,\"opt_\")]\n\nPages\\base_page.py:50: TimeoutException","steps":[],"attachments":[{"uid":"d0f929bf12201294","name":"test_customer_selectsuccess2_failure","source":"d0f929bf12201294.png","type":"image/png","size":115815},{"uid":"e349704c68a88eb5","name":"test_customer_selectsuccess2_source","source":"e349704c68a88eb5.html","type":"text/html","size":1439200},{"uid":"1c0d2be683763b26","name":"log","source":"1c0d2be683763b26.txt","type":"text/plain","size":1162}],"parameters":[],"hasContent":true,"attachmentStep":false,"stepsCount":0,"shouldDisplayMessage":true,"attachmentsCount":3},"afterStages":[{"name":"login_to_customer::0","time":{"start":1758715087753,"stop":1758715089919,"duration":2166},"status":"passed","steps":[],"attachments":[],"parameters":[],"hasContent":false,"attachmentStep":false,"stepsCount":0,"shouldDisplayMessage":false,"attachmentsCount":0}],"labels":[{"name":"feature","value":"客户表测试用例"},{"name":"story","value":"查询客户名称包含美并且表示顺序<10"},{"name":"parentSuite","value":"Tests.test_items"},{"name":"suite","value":"test_customer"},{"name":"subSuite","value":"TestCustomerPage"},{"name":"host","value":"WIN-20240820MJV"},{"name":"thread","value":"15904-MainThread"},{"name":"framework","value":"pytest"},{"name":"language","value":"cpython3"},{"name":"package","value":"Tests.test_items.test_customer"},{"name":"resultFormat","value":"allure2"}],"parameters":[],"links":[],"hidden":false,"retry":false,"extra":{"severity":"normal","retries":[],"categories":[{"name":"Test defects","matchedStatuses":[]}],"tags":[]},"source":"632b4adcd976980d.json","parameterValues":[]}