{"uid":"63927fdaeeb5f269","name":"test_affairs_process_nextfail6","fullName":"Tests.test_system.test_affairs.TestAffairsPage#test_affairs_process_nextfail6","historyId":"3653be1f671ddc098e5706373460245a","time":{"start":1755107891206,"stop":1755107896922,"duration":5716},"status":"failed","statusMessage":"AssertionError: assert (0 == 1)\n +  where 0 = len([])","statusTrace":"self = <test_system.test_affairs.TestAffairsPage object at 0x0000023BD40ACD30>\nlogin_to_affairs = <selenium.webdriver.chrome.webdriver.WebDriver (session=\"48445e7888de9cee60df4c3b08f7f76e\")>\n\n    @allure.story(\"我的流程-频率为周，不填写时间设置，不允许点击下一步\")\n    # @pytest.mark.run(order=1)\n    def test_affairs_process_nextfail6(self, login_to_affairs):\n        driver = login_to_affairs  # WebDriver 实例\n        affairs = AffairsPage(driver)  # 用 driver 初始化 AffairsPage\n        affairs.click_process()\n        affairs.add_process(name=\"测试流程1\", type=\"服务\", frequency=\"周\")\n        affairs.click_next()\n        eles = affairs.finds_elements(By.XPATH, '//div[@class=\"el-form-item__error\"]')\n        list_ = [ele.text for ele in eles]\n>       assert len(list_) == 1 and list_ == ['请填写时间设置']\nE       assert (0 == 1)\nE        +  where 0 = len([])\n\nTests\\test_system\\test_affairs.py:742: AssertionError","flaky":false,"newFailed":false,"newBroken":false,"newPassed":false,"retriesCount":1,"retriesStatusChange":false,"beforeStages":[{"name":"login_to_affairs","time":{"start":1755107880980,"stop":1755107891206,"duration":10226},"status":"passed","steps":[],"attachments":[],"parameters":[],"attachmentStep":false,"stepsCount":0,"hasContent":false,"shouldDisplayMessage":false,"attachmentsCount":0}],"testStage":{"status":"failed","statusMessage":"AssertionError: assert (0 == 1)\n +  where 0 = len([])","statusTrace":"self = <test_system.test_affairs.TestAffairsPage object at 0x0000023BD40ACD30>\nlogin_to_affairs = <selenium.webdriver.chrome.webdriver.WebDriver (session=\"48445e7888de9cee60df4c3b08f7f76e\")>\n\n    @allure.story(\"我的流程-频率为周，不填写时间设置，不允许点击下一步\")\n    # @pytest.mark.run(order=1)\n    def test_affairs_process_nextfail6(self, login_to_affairs):\n        driver = login_to_affairs  # WebDriver 实例\n        affairs = AffairsPage(driver)  # 用 driver 初始化 AffairsPage\n        affairs.click_process()\n        affairs.add_process(name=\"测试流程1\", type=\"服务\", frequency=\"周\")\n        affairs.click_next()\n        eles = affairs.finds_elements(By.XPATH, '//div[@class=\"el-form-item__error\"]')\n        list_ = [ele.text for ele in eles]\n>       assert len(list_) == 1 and list_ == ['请填写时间设置']\nE       assert (0 == 1)\nE        +  where 0 = len([])\n\nTests\\test_system\\test_affairs.py:742: AssertionError","steps":[],"attachments":[{"uid":"7bf9057844532321","name":"test_affairs_process_nextfail6_failure","source":"7bf9057844532321.png","type":"image/png","size":77303},{"uid":"fa1dae59b18c0ba","name":"test_affairs_process_nextfail6_source","source":"fa1dae59b18c0ba.html","type":"text/html","size":1142165},{"uid":"7fb6827ce1ce324e","name":"log","source":"7fb6827ce1ce324e.txt","type":"text/plain","size":2827}],"parameters":[],"attachmentStep":false,"stepsCount":0,"hasContent":true,"shouldDisplayMessage":true,"attachmentsCount":3},"afterStages":[{"name":"login_to_affairs::0","time":{"start":1755107897114,"stop":1755107899359,"duration":2245},"status":"passed","steps":[],"attachments":[],"parameters":[],"attachmentStep":false,"stepsCount":0,"hasContent":false,"shouldDisplayMessage":false,"attachmentsCount":0}],"labels":[{"name":"feature","value":"事务管理页用例"},{"name":"story","value":"我的流程-频率为周，不填写时间设置，不允许点击下一步"},{"name":"parentSuite","value":"Tests.test_system"},{"name":"suite","value":"test_affairs"},{"name":"subSuite","value":"TestAffairsPage"},{"name":"host","value":"WIN-20240820MJV"},{"name":"thread","value":"3232-MainThread"},{"name":"framework","value":"pytest"},{"name":"language","value":"cpython3"},{"name":"package","value":"Tests.test_system.test_affairs"},{"name":"resultFormat","value":"allure2"}],"parameters":[],"links":[],"hidden":false,"retry":false,"extra":{"severity":"normal","retries":[{"uid":"60c03077e0abc4d","status":"failed","statusDetails":"AssertionError: assert (0 == 1)\n +  where 0 = len([])","time":{"start":1755107872805,"stop":1755107878485,"duration":5680}}],"categories":[{"name":"Product defects","matchedStatuses":[]}],"tags":[]},"source":"63927fdaeeb5f269.json","parameterValues":[]}