{"uid":"6a573cd2402ba40f","name":"test_item_editrepeat","fullName":"Tests.test_material.test_materialDelUserMap.TestItemPage#test_item_editrepeat","historyId":"b6bd302959cea790e5b6868651bfbc73","time":{"start":1755102774854,"stop":1755102774854,"duration":0},"status":"broken","statusMessage":"selenium.common.exceptions.SessionNotCreatedException: Message: session not created: Chrome failed to start: crashed.\n  (session not created: DevToolsActivePort file doesn't exist)\n  (The process started from chrome location C:\\Program Files\\Google\\Chrome\\Application\\chrome.exe is no longer running, so ChromeDriver is assuming that Chrome has crashed.)\nStacktrace:\n\tGetHandleVerifier [0x0x7ff634466f65+78965]\n\tGetHandleVerifier [0x0x7ff634466fc0+79056]\n\t(No symbol) [0x0x7ff6341f9dda]\n\t(No symbol) [0x0x7ff634236efe]\n\t(No symbol) [0x0x7ff63423297d]\n\t(No symbol) [0x0x7ff6342865be]\n\t(No symbol) [0x0x7ff634285d50]\n\t(No symbol) [0x0x7ff634278443]\n\t(No symbol) [0x0x7ff634241311]\n\t(No symbol) [0x0x7ff6342420a3]\n\tGetHandleVerifier [0x0x7ff63471e26d+2926461]\n\tGetHandleVerifier [0x0x7ff634718993+2903715]\n\tGetHandleVerifier [0x0x7ff634736aed+3026941]\n\tGetHandleVerifier [0x0x7ff6344816fe+187406]\n\tGetHandleVerifier [0x0x7ff6344896ef+220159]\n\tGetHandleVerifier [0x0x7ff63446faf4+114692]\n\tGetHandleVerifier [0x0x7ff63446fca9+115129]\n\tGetHandleVerifier [0x0x7ff6344564d8+10728]\n\tBaseThreadInitThunk [0x0x7ff992b87374+20]\n\tRtlUserThreadStart [0x0x7ff99357cc91+33]","statusTrace":"@pytest.fixture  # (scope=\"class\")这个参数表示整个测试类共用同一个浏览器，默认一个用例执行一次\n    def login_to_item():\n        \"\"\"初始化并返回 driver\"\"\"\n        driver_path = DateDriver().driver_path\n>       driver = create_driver(driver_path)\n\nTests\\test_material\\test_materialDelUserMap.py:23: \n_ _ _ _ _ _ _ _ _ _ _ _ _ _ _ _ _ _ _ _ _ _ _ _ _ _ _ _ _ _ _ _ _ _ _ _ _ _ _ _ _ _ _ _ _ _ _ _ _ _ _ _ _ _ _ _ _ _ _ _ _ _ _ _ _ _ _ _ _ _ _ _ _ _ _ _ _ _ _ _ _ _ _ _ _ _ _ _ _ _ _ _\nUtils\\driver_manager.py:33: in create_driver\n    driver = webdriver.Chrome(service=service, options=options)\nmyenv\\lib\\site-packages\\selenium\\webdriver\\chrome\\webdriver.py:47: in __init__\n    super().__init__(\nmyenv\\lib\\site-packages\\selenium\\webdriver\\chromium\\webdriver.py:69: in __init__\n    super().__init__(command_executor=executor, options=options)\nmyenv\\lib\\site-packages\\selenium\\webdriver\\remote\\webdriver.py:257: in __init__\n    self.start_session(capabilities)\nmyenv\\lib\\site-packages\\selenium\\webdriver\\remote\\webdriver.py:356: in start_session\n    response = self.execute(Command.NEW_SESSION, caps)[\"value\"]\nmyenv\\lib\\site-packages\\selenium\\webdriver\\remote\\webdriver.py:447: in execute\n    self.error_handler.check_response(response)\n_ _ _ _ _ _ _ _ _ _ _ _ _ _ _ _ _ _ _ _ _ _ _ _ _ _ _ _ _ _ _ _ _ _ _ _ _ _ _ _ _ _ _ _ _ _ _ _ _ _ _ _ _ _ _ _ _ _ _ _ _ _ _ _ _ _ _ _ _ _ _ _ _ _ _ _ _ _ _ _ _ _ _ _ _ _ _ _ _ _ _ _\n\nself = <selenium.webdriver.remote.errorhandler.ErrorHandler object at 0x0000023BD43378B0>\nresponse = {'status': 500, 'value': '{\"value\":{\"error\":\"session not created\",\"message\":\"session not created: Chrome failed to sta...ff6344564d8+10728]\\\\n\\\\tBaseThreadInitThunk [0x0x7ff992b87374+20]\\\\n\\\\tRtlUserThreadStart [0x0x7ff99357cc91+33]\\\\n\"}}'}\n\n    def check_response(self, response: Dict[str, Any]) -> None:\n        \"\"\"Checks that a JSON response from the WebDriver does not have an\n        error.\n    \n        :Args:\n         - response - The JSON response from the WebDriver server as a dictionary\n           object.\n    \n        :Raises: If the response contains an error message.\n        \"\"\"\n        status = response.get(\"status\", None)\n        if not status or status == ErrorCode.SUCCESS:\n            return\n        value = None\n        message = response.get(\"message\", \"\")\n        screen: str = response.get(\"screen\", \"\")\n        stacktrace = None\n        if isinstance(status, int):\n            value_json = response.get(\"value\", None)\n            if value_json and isinstance(value_json, str):\n                import json\n    \n                try:\n                    value = json.loads(value_json)\n                    if len(value) == 1:\n                        value = value[\"value\"]\n                    status = value.get(\"error\", None)\n                    if not status:\n                        status = value.get(\"status\", ErrorCode.UNKNOWN_ERROR)\n                        message = value.get(\"value\") or value.get(\"message\")\n                        if not isinstance(message, str):\n                            value = message\n                            message = message.get(\"message\")\n                    else:\n                        message = value.get(\"message\", None)\n                except ValueError:\n                    pass\n    \n        exception_class: Type[WebDriverException]\n        e = ErrorCode()\n        error_codes = [item for item in dir(e) if not item.startswith(\"__\")]\n        for error_code in error_codes:\n            error_info = getattr(ErrorCode, error_code)\n            if isinstance(error_info, list) and status in error_info:\n                exception_class = getattr(ExceptionMapping, error_code, WebDriverException)\n                break\n        else:\n            exception_class = WebDriverException\n    \n        if not value:\n            value = response[\"value\"]\n        if isinstance(value, str):\n            raise exception_class(value)\n        if message == \"\" and \"message\" in value:\n            message = value[\"message\"]\n    \n        screen = None  # type: ignore[assignment]\n        if \"screen\" in value:\n            screen = value[\"screen\"]\n    \n        stacktrace = None\n        st_value = value.get(\"stackTrace\") or value.get(\"stacktrace\")\n        if st_value:\n            if isinstance(st_value, str):\n                stacktrace = st_value.split(\"\\n\")\n            else:\n                stacktrace = []\n                try:\n                    for frame in st_value:\n                        line = frame.get(\"lineNumber\", \"\")\n                        file = frame.get(\"fileName\", \"<anonymous>\")\n                        if line:\n                            file = f\"{file}:{line}\"\n                        meth = frame.get(\"methodName\", \"<anonymous>\")\n                        if \"className\" in frame:\n                            meth = f\"{frame['className']}.{meth}\"\n                        msg = \"    at %s (%s)\"\n                        msg = msg % (meth, file)\n                        stacktrace.append(msg)\n                except TypeError:\n                    pass\n        if exception_class == UnexpectedAlertPresentException:\n            alert_text = None\n            if \"data\" in value:\n                alert_text = value[\"data\"].get(\"text\")\n            elif \"alert\" in value:\n                alert_text = value[\"alert\"].get(\"text\")\n            raise exception_class(message, screen, stacktrace, alert_text)  # type: ignore[call-arg]  # mypy is not smart enough here\n>       raise exception_class(message, screen, stacktrace)\nE       selenium.common.exceptions.SessionNotCreatedException: Message: session not created: Chrome failed to start: crashed.\nE         (session not created: DevToolsActivePort file doesn't exist)\nE         (The process started from chrome location C:\\Program Files\\Google\\Chrome\\Application\\chrome.exe is no longer running, so ChromeDriver is assuming that Chrome has crashed.)\nE       Stacktrace:\nE       \tGetHandleVerifier [0x0x7ff634466f65+78965]\nE       \tGetHandleVerifier [0x0x7ff634466fc0+79056]\nE       \t(No symbol) [0x0x7ff6341f9dda]\nE       \t(No symbol) [0x0x7ff634236efe]\nE       \t(No symbol) [0x0x7ff63423297d]\nE       \t(No symbol) [0x0x7ff6342865be]\nE       \t(No symbol) [0x0x7ff634285d50]\nE       \t(No symbol) [0x0x7ff634278443]\nE       \t(No symbol) [0x0x7ff634241311]\nE       \t(No symbol) [0x0x7ff6342420a3]\nE       \tGetHandleVerifier [0x0x7ff63471e26d+2926461]\nE       \tGetHandleVerifier [0x0x7ff634718993+2903715]\nE       \tGetHandleVerifier [0x0x7ff634736aed+3026941]\nE       \tGetHandleVerifier [0x0x7ff6344816fe+187406]\nE       \tGetHandleVerifier [0x0x7ff6344896ef+220159]\nE       \tGetHandleVerifier [0x0x7ff63446faf4+114692]\nE       \tGetHandleVerifier [0x0x7ff63446fca9+115129]\nE       \tGetHandleVerifier [0x0x7ff6344564d8+10728]\nE       \tBaseThreadInitThunk [0x0x7ff992b87374+20]\nE       \tRtlUserThreadStart [0x0x7ff99357cc91+33]\n\nmyenv\\lib\\site-packages\\selenium\\webdriver\\remote\\errorhandler.py:232: SessionNotCreatedException","flaky":false,"newFailed":false,"newBroken":false,"newPassed":false,"retriesCount":0,"retriesStatusChange":false,"beforeStages":[{"name":"login_to_item","time":{"start":1755102774854,"stop":1755102777475,"duration":2621},"status":"broken","statusMessage":"selenium.common.exceptions.SessionNotCreatedException: Message: session not created: Chrome failed to start: crashed.\n  (session not created: DevToolsActivePort file doesn't exist)\n  (The process started from chrome location C:\\Program Files\\Google\\Chrome\\Application\\chrome.exe is no longer running, so ChromeDriver is assuming that Chrome has crashed.)\nStacktrace:\n\tGetHandleVerifier [0x0x7ff634466f65+78965]\n\tGetHandleVerifier [0x0x7ff634466fc0+79056]\n\t(No symbol) [0x0x7ff6341f9dda]\n\t(No symbol) [0x0x7ff634236efe]\n\t(No symbol) [0x0x7ff63423297d]\n\t(No symbol) [0x0x7ff6342865be]\n\t(No symbol) [0x0x7ff634285d50]\n\t(No symbol) [0x0x7ff634278443]\n\t(No symbol) [0x0x7ff634241311]\n\t(No symbol) [0x0x7ff6342420a3]\n\tGetHandleVerifier [0x0x7ff63471e26d+2926461]\n\tGetHandleVerifier [0x0x7ff634718993+2903715]\n\tGetHandleVerifier [0x0x7ff634736aed+3026941]\n\tGetHandleVerifier [0x0x7ff6344816fe+187406]\n\tGetHandleVerifier [0x0x7ff6344896ef+220159]\n\tGetHandleVerifier [0x0x7ff63446faf4+114692]\n\tGetHandleVerifier [0x0x7ff63446fca9+115129]\n\tGetHandleVerifier [0x0x7ff6344564d8+10728]\n\tBaseThreadInitThunk [0x0x7ff992b87374+20]\n\tRtlUserThreadStart [0x0x7ff99357cc91+33]\n\n","statusTrace":"  File \"D:\\PycharmProjects\\APS\\myenv\\lib\\site-packages\\pluggy\\_callers.py\", line 38, in run_old_style_hookwrapper\n    res = yield\n  File \"D:\\PycharmProjects\\APS\\myenv\\lib\\site-packages\\pluggy\\_callers.py\", line 139, in _multicall\n    teardown.throw(exception)\n  File \"D:\\PycharmProjects\\APS\\myenv\\lib\\site-packages\\_pytest\\setuponly.py\", line 36, in pytest_fixture_setup\n    return (yield)\n  File \"D:\\PycharmProjects\\APS\\myenv\\lib\\site-packages\\pluggy\\_callers.py\", line 121, in _multicall\n    res = hook_impl.function(*args)\n  File \"D:\\PycharmProjects\\APS\\myenv\\lib\\site-packages\\_pytest\\fixtures.py\", line 1195, in pytest_fixture_setup\n    result = call_fixture_func(fixturefunc, request, kwargs)\n  File \"D:\\PycharmProjects\\APS\\myenv\\lib\\site-packages\\_pytest\\fixtures.py\", line 922, in call_fixture_func\n    fixture_result = next(generator)\n  File \"D:\\PycharmProjects\\APS\\Tests\\test_material\\test_materialDelUserMap.py\", line 23, in login_to_item\n    driver = create_driver(driver_path)\n  File \"D:\\PycharmProjects\\APS\\Utils\\driver_manager.py\", line 33, in create_driver\n    driver = webdriver.Chrome(service=service, options=options)\n  File \"D:\\PycharmProjects\\APS\\myenv\\lib\\site-packages\\selenium\\webdriver\\chrome\\webdriver.py\", line 47, in __init__\n    super().__init__(\n  File \"D:\\PycharmProjects\\APS\\myenv\\lib\\site-packages\\selenium\\webdriver\\chromium\\webdriver.py\", line 69, in __init__\n    super().__init__(command_executor=executor, options=options)\n  File \"D:\\PycharmProjects\\APS\\myenv\\lib\\site-packages\\selenium\\webdriver\\remote\\webdriver.py\", line 257, in __init__\n    self.start_session(capabilities)\n  File \"D:\\PycharmProjects\\APS\\myenv\\lib\\site-packages\\selenium\\webdriver\\remote\\webdriver.py\", line 356, in start_session\n    response = self.execute(Command.NEW_SESSION, caps)[\"value\"]\n  File \"D:\\PycharmProjects\\APS\\myenv\\lib\\site-packages\\selenium\\webdriver\\remote\\webdriver.py\", line 447, in execute\n    self.error_handler.check_response(response)\n  File \"D:\\PycharmProjects\\APS\\myenv\\lib\\site-packages\\selenium\\webdriver\\remote\\errorhandler.py\", line 232, in check_response\n    raise exception_class(message, screen, stacktrace)\n","steps":[],"attachments":[],"parameters":[],"attachmentsCount":0,"shouldDisplayMessage":true,"stepsCount":0,"attachmentStep":false,"hasContent":true},{"name":"setup","time":{"start":1755103255870,"stop":1755103255873,"duration":3},"status":"passed","steps":[],"attachments":[],"parameters":[],"attachmentsCount":0,"shouldDisplayMessage":false,"stepsCount":0,"attachmentStep":false,"hasContent":false}],"afterStages":[],"labels":[{"name":"feature","value":"用户与物料员测试用例"},{"name":"story","value":"修改用户名重复"},{"name":"parentSuite","value":"Tests.test_material"},{"name":"suite","value":"test_materialDelUserMap"},{"name":"subSuite","value":"TestItemPage"},{"name":"host","value":"WIN-20240820MJV"},{"name":"thread","value":"3232-MainThread"},{"name":"framework","value":"pytest"},{"name":"language","value":"cpython3"},{"name":"package","value":"Tests.test_material.test_materialDelUserMap"},{"name":"resultFormat","value":"allure2"}],"parameters":[],"links":[],"hidden":true,"retry":true,"extra":{"categories":[],"tags":[]},"source":"6a573cd2402ba40f.json","parameterValues":[]}