{"uid":"6cd790535448ec8f","name":"test_itemgroup_editcodesuccess","fullName":"Tests.test_items.test_itemgroup.TestItemGroupPage#test_itemgroup_editcodesuccess","historyId":"ed8351fe4de4bf66291412e4c960ee10","time":{"start":1755779308003,"stop":1755779318387,"duration":10384},"status":"broken","statusMessage":"selenium.common.exceptions.TimeoutException: Message: 点击失败，找不到元素：xpath = //tr[./td[2][.//span[text()=\"1测试A\"]]]/td[2]","statusTrace":"self = <Pages.itemsPage.item_page.ItemPage object at 0x00000247007E96C0>, by_or_element = 'xpath', value = '//tr[./td[2][.//span[text()=\"1测试A\"]]]/td[2]', wait_time = 10\n\n    def click(self, by_or_element, value=None, wait_time=10):\n        if value is not None:\n            by = by_or_element\n            logging.info(f\"点击元素：By = {by}, Value = {value}\")\n            try:\n>               element = WebDriverWait(self.driver, wait_time).until(\n                    EC.element_to_be_clickable((by, value))\n                )\n\nPages\\base_page.py:45: \n_ _ _ _ _ _ _ _ _ _ _ _ _ _ _ _ _ _ _ _ _ _ _ _ _ _ _ _ _ _ _ _ _ _ _ _ _ _ _ _ _ _ _ _ _ _ _ _ _ _ _ _ _ _ _ _ _ _ _ _ _ _ _ _ _ _ _ _ _ _ _ _ _ _ _ _ _ _ _ _ _ _ _ _ _ _ _ _ _ _ _ _\n\nself = <selenium.webdriver.support.wait.WebDriverWait (session=\"baf0e7eee5e90ab0867b4ecd0d7daf6d\")>\nmethod = <function element_to_be_clickable.<locals>._predicate at 0x00000247007BD630>, message = ''\n\n    def until(self, method: Callable[[D], Union[Literal[False], T]], message: str = \"\") -> T:\n        \"\"\"Wait until the method returns a value that is not False.\n    \n        Calls the method provided with the driver as an argument until the\n        return value does not evaluate to ``False``.\n    \n        Parameters:\n        -----------\n        method: callable(WebDriver)\n            - A callable object that takes a WebDriver instance as an argument.\n    \n        message: str\n            - Optional message for :exc:`TimeoutException`\n    \n        Return:\n        -------\n        object: T\n            - The result of the last call to `method`\n    \n        Raises:\n        -------\n        TimeoutException\n            - If 'method' does not return a truthy value within the WebDriverWait\n            object's timeout\n    \n        Example:\n        --------\n        >>> from selenium.webdriver.common.by import By\n        >>> from selenium.webdriver.support.ui import WebDriverWait\n        >>> from selenium.webdriver.support import expected_conditions as EC\n    \n        # Wait until an element is visible on the page\n        >>> wait = WebDriverWait(driver, 10)\n        >>> element = wait.until(EC.visibility_of_element_located((By.ID, \"exampleId\")))\n        >>> print(element.text)\n        \"\"\"\n        screen = None\n        stacktrace = None\n    \n        end_time = time.monotonic() + self._timeout\n        while True:\n            try:\n                value = method(self._driver)\n                if value:\n                    return value\n            except self._ignored_exceptions as exc:\n                screen = getattr(exc, \"screen\", None)\n                stacktrace = getattr(exc, \"stacktrace\", None)\n            if time.monotonic() > end_time:\n                break\n            time.sleep(self._poll)\n>       raise TimeoutException(message, screen, stacktrace)\nE       selenium.common.exceptions.TimeoutException: Message: \nE       Stacktrace:\nE       \tGetHandleVerifier [0x0x7ff696576f65+78965]\nE       \tGetHandleVerifier [0x0x7ff696576fc0+79056]\nE       \t(No symbol) [0x0x7ff696309dda]\nE       \t(No symbol) [0x0x7ff6963602ea]\nE       \t(No symbol) [0x0x7ff69636059c]\nE       \t(No symbol) [0x0x7ff6963b3f37]\nE       \t(No symbol) [0x0x7ff6963886af]\nE       \t(No symbol) [0x0x7ff6963b0dbe]\nE       \t(No symbol) [0x0x7ff696388443]\nE       \t(No symbol) [0x0x7ff696351311]\nE       \t(No symbol) [0x0x7ff6963520a3]\nE       \tGetHandleVerifier [0x0x7ff69682e26d+2926461]\nE       \tGetHandleVerifier [0x0x7ff696828993+2903715]\nE       \tGetHandleVerifier [0x0x7ff696846aed+3026941]\nE       \tGetHandleVerifier [0x0x7ff6965916fe+187406]\nE       \tGetHandleVerifier [0x0x7ff6965996ef+220159]\nE       \tGetHandleVerifier [0x0x7ff69657faf4+114692]\nE       \tGetHandleVerifier [0x0x7ff69657fca9+115129]\nE       \tGetHandleVerifier [0x0x7ff6965664d8+10728]\nE       \tBaseThreadInitThunk [0x0x7ffd35147374+20]\nE       \tRtlUserThreadStart [0x0x7ffd35bdcc91+33]\n\nmyenv\\lib\\site-packages\\selenium\\webdriver\\support\\wait.py:138: TimeoutException\n\nDuring handling of the above exception, another exception occurred:\n\nself = <test_items.test_itemgroup.TestItemGroupPage object at 0x0000024700471FC0>\nlogin_to_itemgroup = <selenium.webdriver.chrome.webdriver.WebDriver (session=\"baf0e7eee5e90ab0867b4ecd0d7daf6d\")>\n\n    @allure.story(\"修改物料组代码成功\")\n    # @pytest.mark.run(order=1)\n    def test_itemgroup_editcodesuccess(self, login_to_itemgroup):\n        driver = login_to_itemgroup  # WebDriver 实例\n        item = ItemPage(driver)  # 用 driver 初始化 ItemPage\n    \n        # 选中1测试A物料组代码\n>       item.click_button('//tr[./td[2][.//span[text()=\"1测试A\"]]]/td[2]')\n\nTests\\test_items\\test_itemgroup.py:330: \n_ _ _ _ _ _ _ _ _ _ _ _ _ _ _ _ _ _ _ _ _ _ _ _ _ _ _ _ _ _ _ _ _ _ _ _ _ _ _ _ _ _ _ _ _ _ _ _ _ _ _ _ _ _ _ _ _ _ _ _ _ _ _ _ _ _ _ _ _ _ _ _ _ _ _ _ _ _ _ _ _ _ _ _ _ _ _ _ _ _ _ _\nPages\\itemsPage\\item_page.py:41: in click_button\n    self.click(By.XPATH, xpath)\n_ _ _ _ _ _ _ _ _ _ _ _ _ _ _ _ _ _ _ _ _ _ _ _ _ _ _ _ _ _ _ _ _ _ _ _ _ _ _ _ _ _ _ _ _ _ _ _ _ _ _ _ _ _ _ _ _ _ _ _ _ _ _ _ _ _ _ _ _ _ _ _ _ _ _ _ _ _ _ _ _ _ _ _ _ _ _ _ _ _ _ _\n\nself = <Pages.itemsPage.item_page.ItemPage object at 0x00000247007E96C0>, by_or_element = 'xpath', value = '//tr[./td[2][.//span[text()=\"1测试A\"]]]/td[2]', wait_time = 10\n\n    def click(self, by_or_element, value=None, wait_time=10):\n        if value is not None:\n            by = by_or_element\n            logging.info(f\"点击元素：By = {by}, Value = {value}\")\n            try:\n                element = WebDriverWait(self.driver, wait_time).until(\n                    EC.element_to_be_clickable((by, value))\n                )\n            except TimeoutException:\n                logging.warning(f\"❌ 点击超时：元素 {by} = {value} 未在 {wait_time} 秒内变为可点击\")\n>               raise TimeoutException(f\"点击失败，找不到元素：{by} = {value}\")\nE               selenium.common.exceptions.TimeoutException: Message: 点击失败，找不到元素：xpath = //tr[./td[2][.//span[text()=\"1测试A\"]]]/td[2]\n\nPages\\base_page.py:50: TimeoutException","flaky":false,"newFailed":false,"newBroken":false,"newPassed":false,"retriesCount":0,"retriesStatusChange":false,"beforeStages":[{"name":"login_to_itemgroup","time":{"start":1755779299716,"stop":1755779308002,"duration":8286},"status":"passed","steps":[],"attachments":[],"parameters":[],"shouldDisplayMessage":false,"attachmentsCount":0,"attachmentStep":false,"hasContent":false,"stepsCount":0}],"testStage":{"status":"broken","statusMessage":"selenium.common.exceptions.TimeoutException: Message: 点击失败，找不到元素：xpath = //tr[./td[2][.//span[text()=\"1测试A\"]]]/td[2]","statusTrace":"self = <Pages.itemsPage.item_page.ItemPage object at 0x00000247007E96C0>, by_or_element = 'xpath', value = '//tr[./td[2][.//span[text()=\"1测试A\"]]]/td[2]', wait_time = 10\n\n    def click(self, by_or_element, value=None, wait_time=10):\n        if value is not None:\n            by = by_or_element\n            logging.info(f\"点击元素：By = {by}, Value = {value}\")\n            try:\n>               element = WebDriverWait(self.driver, wait_time).until(\n                    EC.element_to_be_clickable((by, value))\n                )\n\nPages\\base_page.py:45: \n_ _ _ _ _ _ _ _ _ _ _ _ _ _ _ _ _ _ _ _ _ _ _ _ _ _ _ _ _ _ _ _ _ _ _ _ _ _ _ _ _ _ _ _ _ _ _ _ _ _ _ _ _ _ _ _ _ _ _ _ _ _ _ _ _ _ _ _ _ _ _ _ _ _ _ _ _ _ _ _ _ _ _ _ _ _ _ _ _ _ _ _\n\nself = <selenium.webdriver.support.wait.WebDriverWait (session=\"baf0e7eee5e90ab0867b4ecd0d7daf6d\")>\nmethod = <function element_to_be_clickable.<locals>._predicate at 0x00000247007BD630>, message = ''\n\n    def until(self, method: Callable[[D], Union[Literal[False], T]], message: str = \"\") -> T:\n        \"\"\"Wait until the method returns a value that is not False.\n    \n        Calls the method provided with the driver as an argument until the\n        return value does not evaluate to ``False``.\n    \n        Parameters:\n        -----------\n        method: callable(WebDriver)\n            - A callable object that takes a WebDriver instance as an argument.\n    \n        message: str\n            - Optional message for :exc:`TimeoutException`\n    \n        Return:\n        -------\n        object: T\n            - The result of the last call to `method`\n    \n        Raises:\n        -------\n        TimeoutException\n            - If 'method' does not return a truthy value within the WebDriverWait\n            object's timeout\n    \n        Example:\n        --------\n        >>> from selenium.webdriver.common.by import By\n        >>> from selenium.webdriver.support.ui import WebDriverWait\n        >>> from selenium.webdriver.support import expected_conditions as EC\n    \n        # Wait until an element is visible on the page\n        >>> wait = WebDriverWait(driver, 10)\n        >>> element = wait.until(EC.visibility_of_element_located((By.ID, \"exampleId\")))\n        >>> print(element.text)\n        \"\"\"\n        screen = None\n        stacktrace = None\n    \n        end_time = time.monotonic() + self._timeout\n        while True:\n            try:\n                value = method(self._driver)\n                if value:\n                    return value\n            except self._ignored_exceptions as exc:\n                screen = getattr(exc, \"screen\", None)\n                stacktrace = getattr(exc, \"stacktrace\", None)\n            if time.monotonic() > end_time:\n                break\n            time.sleep(self._poll)\n>       raise TimeoutException(message, screen, stacktrace)\nE       selenium.common.exceptions.TimeoutException: Message: \nE       Stacktrace:\nE       \tGetHandleVerifier [0x0x7ff696576f65+78965]\nE       \tGetHandleVerifier [0x0x7ff696576fc0+79056]\nE       \t(No symbol) [0x0x7ff696309dda]\nE       \t(No symbol) [0x0x7ff6963602ea]\nE       \t(No symbol) [0x0x7ff69636059c]\nE       \t(No symbol) [0x0x7ff6963b3f37]\nE       \t(No symbol) [0x0x7ff6963886af]\nE       \t(No symbol) [0x0x7ff6963b0dbe]\nE       \t(No symbol) [0x0x7ff696388443]\nE       \t(No symbol) [0x0x7ff696351311]\nE       \t(No symbol) [0x0x7ff6963520a3]\nE       \tGetHandleVerifier [0x0x7ff69682e26d+2926461]\nE       \tGetHandleVerifier [0x0x7ff696828993+2903715]\nE       \tGetHandleVerifier [0x0x7ff696846aed+3026941]\nE       \tGetHandleVerifier [0x0x7ff6965916fe+187406]\nE       \tGetHandleVerifier [0x0x7ff6965996ef+220159]\nE       \tGetHandleVerifier [0x0x7ff69657faf4+114692]\nE       \tGetHandleVerifier [0x0x7ff69657fca9+115129]\nE       \tGetHandleVerifier [0x0x7ff6965664d8+10728]\nE       \tBaseThreadInitThunk [0x0x7ffd35147374+20]\nE       \tRtlUserThreadStart [0x0x7ffd35bdcc91+33]\n\nmyenv\\lib\\site-packages\\selenium\\webdriver\\support\\wait.py:138: TimeoutException\n\nDuring handling of the above exception, another exception occurred:\n\nself = <test_items.test_itemgroup.TestItemGroupPage object at 0x0000024700471FC0>\nlogin_to_itemgroup = <selenium.webdriver.chrome.webdriver.WebDriver (session=\"baf0e7eee5e90ab0867b4ecd0d7daf6d\")>\n\n    @allure.story(\"修改物料组代码成功\")\n    # @pytest.mark.run(order=1)\n    def test_itemgroup_editcodesuccess(self, login_to_itemgroup):\n        driver = login_to_itemgroup  # WebDriver 实例\n        item = ItemPage(driver)  # 用 driver 初始化 ItemPage\n    \n        # 选中1测试A物料组代码\n>       item.click_button('//tr[./td[2][.//span[text()=\"1测试A\"]]]/td[2]')\n\nTests\\test_items\\test_itemgroup.py:330: \n_ _ _ _ _ _ _ _ _ _ _ _ _ _ _ _ _ _ _ _ _ _ _ _ _ _ _ _ _ _ _ _ _ _ _ _ _ _ _ _ _ _ _ _ _ _ _ _ _ _ _ _ _ _ _ _ _ _ _ _ _ _ _ _ _ _ _ _ _ _ _ _ _ _ _ _ _ _ _ _ _ _ _ _ _ _ _ _ _ _ _ _\nPages\\itemsPage\\item_page.py:41: in click_button\n    self.click(By.XPATH, xpath)\n_ _ _ _ _ _ _ _ _ _ _ _ _ _ _ _ _ _ _ _ _ _ _ _ _ _ _ _ _ _ _ _ _ _ _ _ _ _ _ _ _ _ _ _ _ _ _ _ _ _ _ _ _ _ _ _ _ _ _ _ _ _ _ _ _ _ _ _ _ _ _ _ _ _ _ _ _ _ _ _ _ _ _ _ _ _ _ _ _ _ _ _\n\nself = <Pages.itemsPage.item_page.ItemPage object at 0x00000247007E96C0>, by_or_element = 'xpath', value = '//tr[./td[2][.//span[text()=\"1测试A\"]]]/td[2]', wait_time = 10\n\n    def click(self, by_or_element, value=None, wait_time=10):\n        if value is not None:\n            by = by_or_element\n            logging.info(f\"点击元素：By = {by}, Value = {value}\")\n            try:\n                element = WebDriverWait(self.driver, wait_time).until(\n                    EC.element_to_be_clickable((by, value))\n                )\n            except TimeoutException:\n                logging.warning(f\"❌ 点击超时：元素 {by} = {value} 未在 {wait_time} 秒内变为可点击\")\n>               raise TimeoutException(f\"点击失败，找不到元素：{by} = {value}\")\nE               selenium.common.exceptions.TimeoutException: Message: 点击失败，找不到元素：xpath = //tr[./td[2][.//span[text()=\"1测试A\"]]]/td[2]\n\nPages\\base_page.py:50: TimeoutException","steps":[],"attachments":[{"uid":"a2e529130a63eb7e","name":"test_itemgroup_editcodesuccess_failure","source":"a2e529130a63eb7e.png","type":"image/png","size":138392},{"uid":"c26d931c47f97ca7","name":"test_itemgroup_editcodesuccess_source","source":"c26d931c47f97ca7.html","type":"text/html","size":1281386},{"uid":"c79d3c41ce8185dc","name":"log","source":"c79d3c41ce8185dc.txt","type":"text/plain","size":1052}],"parameters":[],"shouldDisplayMessage":true,"attachmentsCount":3,"attachmentStep":false,"hasContent":true,"stepsCount":0},"afterStages":[{"name":"login_to_itemgroup::0","time":{"start":1755779318558,"stop":1755779320722,"duration":2164},"status":"passed","steps":[],"attachments":[],"parameters":[],"shouldDisplayMessage":false,"attachmentsCount":0,"attachmentStep":false,"hasContent":false,"stepsCount":0}],"labels":[{"name":"feature","value":"物料组表测试用例"},{"name":"story","value":"修改物料组代码成功"},{"name":"parentSuite","value":"Tests.test_items"},{"name":"suite","value":"test_itemgroup"},{"name":"subSuite","value":"TestItemGroupPage"},{"name":"host","value":"WIN-20240820MJV"},{"name":"thread","value":"21852-MainThread"},{"name":"framework","value":"pytest"},{"name":"language","value":"cpython3"},{"name":"package","value":"Tests.test_items.test_itemgroup"},{"name":"resultFormat","value":"allure2"}],"parameters":[],"links":[],"hidden":false,"retry":false,"extra":{"severity":"normal","retries":[],"categories":[{"name":"Test defects","matchedStatuses":[]}],"tags":[]},"source":"6cd790535448ec8f.json","parameterValues":[]}