{"uid":"6d3cc9f26a5c6ff9","name":"test_affairs_process_addfail5","fullName":"Tests.test_system.test_affairs.TestAffairsPage#test_affairs_process_addfail5","historyId":"408f8e50b5b850a44a4a63e44520c717","time":{"start":1761066641581,"stop":1761066649931,"duration":8350},"status":"failed","statusMessage":"AssertionError: assert (0 == 1)\n +  where 0 = len([])","statusTrace":"self = <test_system.test_affairs.TestAffairsPage object at 0x00000173A66B5600>, login_to_affairs = <selenium.webdriver.chrome.webdriver.WebDriver (session=\"0f151ac90734436fa8a66867e8b3aa19\")>\n\n    @allure.story(\"我的流程-频率为每天，不填写间隔执行，不允许保存\")\n    # @pytest.mark.run(order=1)\n    def test_affairs_process_addfail5(self, login_to_affairs):\n        driver = login_to_affairs  # WebDriver 实例\n        affairs = AffairsPage(driver)  # 用 driver 初始化 AffairsPage\n        affairs.click_process()\n        affairs.add_process(name=\"测试流程1\", type=\"服务\", frequency=\"每天\")\n        affairs.click_save()\n        eles = affairs.finds_elements(By.XPATH, '//div[@class=\"el-form-item__error\"]')\n        list_ = [ele.text for ele in eles]\n>       assert len(list_) == 1 and list_ == ['请填写间隔执行']\nE       assert (0 == 1)\nE        +  where 0 = len([])\n\nTests\\test_system\\test_affairs.py:567: AssertionError","flaky":false,"newFailed":false,"newBroken":false,"newPassed":false,"retriesCount":1,"retriesStatusChange":false,"beforeStages":[{"name":"login_to_affairs","time":{"start":1761066620711,"stop":1761066641579,"duration":20868},"status":"passed","steps":[],"attachments":[],"parameters":[],"attachmentsCount":0,"shouldDisplayMessage":false,"stepsCount":0,"hasContent":false,"attachmentStep":false}],"testStage":{"status":"failed","statusMessage":"AssertionError: assert (0 == 1)\n +  where 0 = len([])","statusTrace":"self = <test_system.test_affairs.TestAffairsPage object at 0x00000173A66B5600>, login_to_affairs = <selenium.webdriver.chrome.webdriver.WebDriver (session=\"0f151ac90734436fa8a66867e8b3aa19\")>\n\n    @allure.story(\"我的流程-频率为每天，不填写间隔执行，不允许保存\")\n    # @pytest.mark.run(order=1)\n    def test_affairs_process_addfail5(self, login_to_affairs):\n        driver = login_to_affairs  # WebDriver 实例\n        affairs = AffairsPage(driver)  # 用 driver 初始化 AffairsPage\n        affairs.click_process()\n        affairs.add_process(name=\"测试流程1\", type=\"服务\", frequency=\"每天\")\n        affairs.click_save()\n        eles = affairs.finds_elements(By.XPATH, '//div[@class=\"el-form-item__error\"]')\n        list_ = [ele.text for ele in eles]\n>       assert len(list_) == 1 and list_ == ['请填写间隔执行']\nE       assert (0 == 1)\nE        +  where 0 = len([])\n\nTests\\test_system\\test_affairs.py:567: AssertionError","steps":[],"attachments":[{"uid":"571a33890070dee0","name":"test_affairs_process_addfail5_failure","source":"571a33890070dee0.png","type":"image/png","size":88765},{"uid":"49a82a3742adf4eb","name":"test_affairs_process_addfail5_source","source":"49a82a3742adf4eb.html","type":"text/html","size":1166067},{"uid":"61409210d7048b38","name":"log","source":"61409210d7048b38.txt","type":"text/plain","size":4199}],"parameters":[],"attachmentsCount":3,"shouldDisplayMessage":true,"stepsCount":0,"hasContent":true,"attachmentStep":false},"afterStages":[{"name":"login_to_affairs::0","time":{"start":1761066650550,"stop":1761066652974,"duration":2424},"status":"passed","steps":[],"attachments":[],"parameters":[],"attachmentsCount":0,"shouldDisplayMessage":false,"stepsCount":0,"hasContent":false,"attachmentStep":false}],"labels":[{"name":"story","value":"我的流程-频率为每天，不填写间隔执行，不允许保存"},{"name":"feature","value":"事务管理页用例"},{"name":"parentSuite","value":"Tests.test_system"},{"name":"suite","value":"test_affairs"},{"name":"subSuite","value":"TestAffairsPage"},{"name":"host","value":"WIN-20240820MJV"},{"name":"thread","value":"14388-MainThread"},{"name":"framework","value":"pytest"},{"name":"language","value":"cpython3"},{"name":"package","value":"Tests.test_system.test_affairs"},{"name":"resultFormat","value":"allure2"}],"parameters":[],"links":[],"hidden":false,"retry":false,"extra":{"severity":"normal","retries":[{"uid":"1cca826807514545","status":"failed","statusDetails":"AssertionError: assert (0 == 1)\n +  where 0 = len([])","time":{"start":1761066607821,"stop":1761066616812,"duration":8991}}],"categories":[{"name":"Product defects","matchedStatuses":[]}],"tags":[]},"source":"6d3cc9f26a5c6ff9.json","parameterValues":[]}