{"uid":"6f52600a6ef1d6e7","name":"test_user_lock2","fullName":"Tests.test_system.test_userRole.TestUserRolePage#test_user_lock2","historyId":"0a038d9fd0274e6e978cd4e786ceb0bc","time":{"start":1761072821011,"stop":1761072834443,"duration":13432},"status":"broken","statusMessage":"selenium.common.exceptions.TimeoutException: Message: 点击失败，找不到元素：xpath = //table[@class=\"vxe-table--body\"]//tr/td[2]//span[text()=\"1user2\"]","statusTrace":"self = <Pages.systemPage.userRole_page.UserRolePage object at 0x00000173A54E2410>, by_or_element = 'xpath', value = '//table[@class=\"vxe-table--body\"]//tr/td[2]//span[text()=\"1user2\"]', wait_time = 10\n\n    def click(self, by_or_element, value=None, wait_time=10):\n        if value is not None:\n            by = by_or_element\n            logging.info(f\"点击元素：By = {by}, Value = {value}\")\n            try:\n>               element = WebDriverWait(self.driver, wait_time).until(\n                    EC.element_to_be_clickable((by, value))\n                )\n\nPages\\base_page.py:45: \n_ _ _ _ _ _ _ _ _ _ _ _ _ _ _ _ _ _ _ _ _ _ _ _ _ _ _ _ _ _ _ _ _ _ _ _ _ _ _ _ _ _ _ _ _ _ _ _ _ _ _ _ _ _ _ _ _ _ _ _ _ _ _ _ _ _ _ _ _ _ _ _ _ _ _ _ _ _ _ _ _ _ _ _ _ _ _ _ _ _ _ _ _ _ _ _ _ _ _ _ _ _ _ _ _ _ _ _ _ _ _ _ _ _ _ _\n\nself = <selenium.webdriver.support.wait.WebDriverWait (session=\"3698b7276f55515aaaa5ac256b838b63\")>, method = <function element_to_be_clickable.<locals>._predicate at 0x00000173A88309D0>, message = ''\n\n    def until(self, method: Callable[[D], Union[Literal[False], T]], message: str = \"\") -> T:\n        \"\"\"Wait until the method returns a value that is not False.\n    \n        Calls the method provided with the driver as an argument until the\n        return value does not evaluate to ``False``.\n    \n        Parameters:\n        -----------\n        method: callable(WebDriver)\n            - A callable object that takes a WebDriver instance as an argument.\n    \n        message: str\n            - Optional message for :exc:`TimeoutException`\n    \n        Return:\n        -------\n        object: T\n            - The result of the last call to `method`\n    \n        Raises:\n        -------\n        TimeoutException\n            - If 'method' does not return a truthy value within the WebDriverWait\n            object's timeout\n    \n        Example:\n        --------\n        >>> from selenium.webdriver.common.by import By\n        >>> from selenium.webdriver.support.ui import WebDriverWait\n        >>> from selenium.webdriver.support import expected_conditions as EC\n    \n        # Wait until an element is visible on the page\n        >>> wait = WebDriverWait(driver, 10)\n        >>> element = wait.until(EC.visibility_of_element_located((By.ID, \"exampleId\")))\n        >>> print(element.text)\n        \"\"\"\n        screen = None\n        stacktrace = None\n    \n        end_time = time.monotonic() + self._timeout\n        while True:\n            try:\n                value = method(self._driver)\n                if value:\n                    return value\n            except self._ignored_exceptions as exc:\n                screen = getattr(exc, \"screen\", None)\n                stacktrace = getattr(exc, \"stacktrace\", None)\n            if time.monotonic() > end_time:\n                break\n            time.sleep(self._poll)\n>       raise TimeoutException(message, screen, stacktrace)\nE       selenium.common.exceptions.TimeoutException: Message: \nE       Stacktrace:\nE       \tGetHandleVerifier [0x0x7ff719876f65+78965]\nE       \tGetHandleVerifier [0x0x7ff719876fc0+79056]\nE       \t(No symbol) [0x0x7ff719609dda]\nE       \t(No symbol) [0x0x7ff7196602ea]\nE       \t(No symbol) [0x0x7ff71966059c]\nE       \t(No symbol) [0x0x7ff7196b3f37]\nE       \t(No symbol) [0x0x7ff7196886af]\nE       \t(No symbol) [0x0x7ff7196b0dbe]\nE       \t(No symbol) [0x0x7ff719688443]\nE       \t(No symbol) [0x0x7ff719651311]\nE       \t(No symbol) [0x0x7ff7196520a3]\nE       \tGetHandleVerifier [0x0x7ff719b2e26d+2926461]\nE       \tGetHandleVerifier [0x0x7ff719b28993+2903715]\nE       \tGetHandleVerifier [0x0x7ff719b46aed+3026941]\nE       \tGetHandleVerifier [0x0x7ff7198916fe+187406]\nE       \tGetHandleVerifier [0x0x7ff7198996ef+220159]\nE       \tGetHandleVerifier [0x0x7ff71987faf4+114692]\nE       \tGetHandleVerifier [0x0x7ff71987fca9+115129]\nE       \tGetHandleVerifier [0x0x7ff7198664d8+10728]\nE       \tBaseThreadInitThunk [0x0x7ffee1537374+20]\nE       \tRtlUserThreadStart [0x0x7ffee1a7cc91+33]\n\nmyenv\\lib\\site-packages\\selenium\\webdriver\\support\\wait.py:138: TimeoutException\n\nDuring handling of the above exception, another exception occurred:\n\nself = <test_system.test_userRole.TestUserRolePage object at 0x00000173A6799B10>, login_to_userrole = <selenium.webdriver.chrome.webdriver.WebDriver (session=\"3698b7276f55515aaaa5ac256b838b63\")>\n\n    @allure.story(\"当前用户被锁定，点击解除当前锁定，取消锁定成功\")\n    # @pytest.mark.run(order=1)\n    def test_user_lock2(self, login_to_userrole):\n        driver = login_to_userrole  # WebDriver 实例\n        user = UserRolePage(driver)  # 用 driver 初始化 UserRolePage\n        name = '1user2'\n        user.select_input(name)\n        sleep(1)\n>       user.click_button(f'//table[@class=\"vxe-table--body\"]//tr/td[2]//span[text()=\"{name}\"]')\n\nTests\\test_system\\test_userRole.py:669: \n_ _ _ _ _ _ _ _ _ _ _ _ _ _ _ _ _ _ _ _ _ _ _ _ _ _ _ _ _ _ _ _ _ _ _ _ _ _ _ _ _ _ _ _ _ _ _ _ _ _ _ _ _ _ _ _ _ _ _ _ _ _ _ _ _ _ _ _ _ _ _ _ _ _ _ _ _ _ _ _ _ _ _ _ _ _ _ _ _ _ _ _ _ _ _ _ _ _ _ _ _ _ _ _ _ _ _ _ _ _ _ _ _ _ _ _\nPages\\systemPage\\userRole_page.py:24: in click_button\n    self.click(By.XPATH, xpath)\n_ _ _ _ _ _ _ _ _ _ _ _ _ _ _ _ _ _ _ _ _ _ _ _ _ _ _ _ _ _ _ _ _ _ _ _ _ _ _ _ _ _ _ _ _ _ _ _ _ _ _ _ _ _ _ _ _ _ _ _ _ _ _ _ _ _ _ _ _ _ _ _ _ _ _ _ _ _ _ _ _ _ _ _ _ _ _ _ _ _ _ _ _ _ _ _ _ _ _ _ _ _ _ _ _ _ _ _ _ _ _ _ _ _ _ _\n\nself = <Pages.systemPage.userRole_page.UserRolePage object at 0x00000173A54E2410>, by_or_element = 'xpath', value = '//table[@class=\"vxe-table--body\"]//tr/td[2]//span[text()=\"1user2\"]', wait_time = 10\n\n    def click(self, by_or_element, value=None, wait_time=10):\n        if value is not None:\n            by = by_or_element\n            logging.info(f\"点击元素：By = {by}, Value = {value}\")\n            try:\n                element = WebDriverWait(self.driver, wait_time).until(\n                    EC.element_to_be_clickable((by, value))\n                )\n            except TimeoutException:\n                logging.warning(f\"❌ 点击超时：元素 {by} = {value} 未在 {wait_time} 秒内变为可点击\")\n>               raise TimeoutException(f\"点击失败，找不到元素：{by} = {value}\")\nE               selenium.common.exceptions.TimeoutException: Message: 点击失败，找不到元素：xpath = //table[@class=\"vxe-table--body\"]//tr/td[2]//span[text()=\"1user2\"]\n\nPages\\base_page.py:50: TimeoutException","flaky":false,"newFailed":false,"newBroken":false,"newPassed":false,"retriesCount":1,"retriesStatusChange":false,"beforeStages":[{"name":"login_to_userrole","time":{"start":1761072804562,"stop":1761072821009,"duration":16447},"status":"passed","steps":[],"attachments":[],"parameters":[],"attachmentsCount":0,"shouldDisplayMessage":false,"stepsCount":0,"hasContent":false,"attachmentStep":false}],"testStage":{"status":"broken","statusMessage":"selenium.common.exceptions.TimeoutException: Message: 点击失败，找不到元素：xpath = //table[@class=\"vxe-table--body\"]//tr/td[2]//span[text()=\"1user2\"]","statusTrace":"self = <Pages.systemPage.userRole_page.UserRolePage object at 0x00000173A54E2410>, by_or_element = 'xpath', value = '//table[@class=\"vxe-table--body\"]//tr/td[2]//span[text()=\"1user2\"]', wait_time = 10\n\n    def click(self, by_or_element, value=None, wait_time=10):\n        if value is not None:\n            by = by_or_element\n            logging.info(f\"点击元素：By = {by}, Value = {value}\")\n            try:\n>               element = WebDriverWait(self.driver, wait_time).until(\n                    EC.element_to_be_clickable((by, value))\n                )\n\nPages\\base_page.py:45: \n_ _ _ _ _ _ _ _ _ _ _ _ _ _ _ _ _ _ _ _ _ _ _ _ _ _ _ _ _ _ _ _ _ _ _ _ _ _ _ _ _ _ _ _ _ _ _ _ _ _ _ _ _ _ _ _ _ _ _ _ _ _ _ _ _ _ _ _ _ _ _ _ _ _ _ _ _ _ _ _ _ _ _ _ _ _ _ _ _ _ _ _ _ _ _ _ _ _ _ _ _ _ _ _ _ _ _ _ _ _ _ _ _ _ _ _\n\nself = <selenium.webdriver.support.wait.WebDriverWait (session=\"3698b7276f55515aaaa5ac256b838b63\")>, method = <function element_to_be_clickable.<locals>._predicate at 0x00000173A88309D0>, message = ''\n\n    def until(self, method: Callable[[D], Union[Literal[False], T]], message: str = \"\") -> T:\n        \"\"\"Wait until the method returns a value that is not False.\n    \n        Calls the method provided with the driver as an argument until the\n        return value does not evaluate to ``False``.\n    \n        Parameters:\n        -----------\n        method: callable(WebDriver)\n            - A callable object that takes a WebDriver instance as an argument.\n    \n        message: str\n            - Optional message for :exc:`TimeoutException`\n    \n        Return:\n        -------\n        object: T\n            - The result of the last call to `method`\n    \n        Raises:\n        -------\n        TimeoutException\n            - If 'method' does not return a truthy value within the WebDriverWait\n            object's timeout\n    \n        Example:\n        --------\n        >>> from selenium.webdriver.common.by import By\n        >>> from selenium.webdriver.support.ui import WebDriverWait\n        >>> from selenium.webdriver.support import expected_conditions as EC\n    \n        # Wait until an element is visible on the page\n        >>> wait = WebDriverWait(driver, 10)\n        >>> element = wait.until(EC.visibility_of_element_located((By.ID, \"exampleId\")))\n        >>> print(element.text)\n        \"\"\"\n        screen = None\n        stacktrace = None\n    \n        end_time = time.monotonic() + self._timeout\n        while True:\n            try:\n                value = method(self._driver)\n                if value:\n                    return value\n            except self._ignored_exceptions as exc:\n                screen = getattr(exc, \"screen\", None)\n                stacktrace = getattr(exc, \"stacktrace\", None)\n            if time.monotonic() > end_time:\n                break\n            time.sleep(self._poll)\n>       raise TimeoutException(message, screen, stacktrace)\nE       selenium.common.exceptions.TimeoutException: Message: \nE       Stacktrace:\nE       \tGetHandleVerifier [0x0x7ff719876f65+78965]\nE       \tGetHandleVerifier [0x0x7ff719876fc0+79056]\nE       \t(No symbol) [0x0x7ff719609dda]\nE       \t(No symbol) [0x0x7ff7196602ea]\nE       \t(No symbol) [0x0x7ff71966059c]\nE       \t(No symbol) [0x0x7ff7196b3f37]\nE       \t(No symbol) [0x0x7ff7196886af]\nE       \t(No symbol) [0x0x7ff7196b0dbe]\nE       \t(No symbol) [0x0x7ff719688443]\nE       \t(No symbol) [0x0x7ff719651311]\nE       \t(No symbol) [0x0x7ff7196520a3]\nE       \tGetHandleVerifier [0x0x7ff719b2e26d+2926461]\nE       \tGetHandleVerifier [0x0x7ff719b28993+2903715]\nE       \tGetHandleVerifier [0x0x7ff719b46aed+3026941]\nE       \tGetHandleVerifier [0x0x7ff7198916fe+187406]\nE       \tGetHandleVerifier [0x0x7ff7198996ef+220159]\nE       \tGetHandleVerifier [0x0x7ff71987faf4+114692]\nE       \tGetHandleVerifier [0x0x7ff71987fca9+115129]\nE       \tGetHandleVerifier [0x0x7ff7198664d8+10728]\nE       \tBaseThreadInitThunk [0x0x7ffee1537374+20]\nE       \tRtlUserThreadStart [0x0x7ffee1a7cc91+33]\n\nmyenv\\lib\\site-packages\\selenium\\webdriver\\support\\wait.py:138: TimeoutException\n\nDuring handling of the above exception, another exception occurred:\n\nself = <test_system.test_userRole.TestUserRolePage object at 0x00000173A6799B10>, login_to_userrole = <selenium.webdriver.chrome.webdriver.WebDriver (session=\"3698b7276f55515aaaa5ac256b838b63\")>\n\n    @allure.story(\"当前用户被锁定，点击解除当前锁定，取消锁定成功\")\n    # @pytest.mark.run(order=1)\n    def test_user_lock2(self, login_to_userrole):\n        driver = login_to_userrole  # WebDriver 实例\n        user = UserRolePage(driver)  # 用 driver 初始化 UserRolePage\n        name = '1user2'\n        user.select_input(name)\n        sleep(1)\n>       user.click_button(f'//table[@class=\"vxe-table--body\"]//tr/td[2]//span[text()=\"{name}\"]')\n\nTests\\test_system\\test_userRole.py:669: \n_ _ _ _ _ _ _ _ _ _ _ _ _ _ _ _ _ _ _ _ _ _ _ _ _ _ _ _ _ _ _ _ _ _ _ _ _ _ _ _ _ _ _ _ _ _ _ _ _ _ _ _ _ _ _ _ _ _ _ _ _ _ _ _ _ _ _ _ _ _ _ _ _ _ _ _ _ _ _ _ _ _ _ _ _ _ _ _ _ _ _ _ _ _ _ _ _ _ _ _ _ _ _ _ _ _ _ _ _ _ _ _ _ _ _ _\nPages\\systemPage\\userRole_page.py:24: in click_button\n    self.click(By.XPATH, xpath)\n_ _ _ _ _ _ _ _ _ _ _ _ _ _ _ _ _ _ _ _ _ _ _ _ _ _ _ _ _ _ _ _ _ _ _ _ _ _ _ _ _ _ _ _ _ _ _ _ _ _ _ _ _ _ _ _ _ _ _ _ _ _ _ _ _ _ _ _ _ _ _ _ _ _ _ _ _ _ _ _ _ _ _ _ _ _ _ _ _ _ _ _ _ _ _ _ _ _ _ _ _ _ _ _ _ _ _ _ _ _ _ _ _ _ _ _\n\nself = <Pages.systemPage.userRole_page.UserRolePage object at 0x00000173A54E2410>, by_or_element = 'xpath', value = '//table[@class=\"vxe-table--body\"]//tr/td[2]//span[text()=\"1user2\"]', wait_time = 10\n\n    def click(self, by_or_element, value=None, wait_time=10):\n        if value is not None:\n            by = by_or_element\n            logging.info(f\"点击元素：By = {by}, Value = {value}\")\n            try:\n                element = WebDriverWait(self.driver, wait_time).until(\n                    EC.element_to_be_clickable((by, value))\n                )\n            except TimeoutException:\n                logging.warning(f\"❌ 点击超时：元素 {by} = {value} 未在 {wait_time} 秒内变为可点击\")\n>               raise TimeoutException(f\"点击失败，找不到元素：{by} = {value}\")\nE               selenium.common.exceptions.TimeoutException: Message: 点击失败，找不到元素：xpath = //table[@class=\"vxe-table--body\"]//tr/td[2]//span[text()=\"1user2\"]\n\nPages\\base_page.py:50: TimeoutException","steps":[],"attachments":[{"uid":"56cc36e7066a302b","name":"test_user_lock2_failure","source":"56cc36e7066a302b.png","type":"image/png","size":144976},{"uid":"959cabc5af1975f5","name":"test_user_lock2_source","source":"959cabc5af1975f5.html","type":"text/html","size":1179241},{"uid":"4ad6587a82f00cdd","name":"log","source":"4ad6587a82f00cdd.txt","type":"text/plain","size":2187}],"parameters":[],"attachmentsCount":3,"shouldDisplayMessage":true,"stepsCount":0,"hasContent":true,"attachmentStep":false},"afterStages":[{"name":"login_to_userrole::0","time":{"start":1761072835042,"stop":1761072837467,"duration":2425},"status":"passed","steps":[],"attachments":[],"parameters":[],"attachmentsCount":0,"shouldDisplayMessage":false,"stepsCount":0,"hasContent":false,"attachmentStep":false}],"labels":[{"name":"story","value":"当前用户被锁定，点击解除当前锁定，取消锁定成功"},{"name":"feature","value":"用户权限管理页用例"},{"name":"parentSuite","value":"Tests.test_system"},{"name":"suite","value":"test_userRole"},{"name":"subSuite","value":"TestUserRolePage"},{"name":"host","value":"WIN-20240820MJV"},{"name":"thread","value":"14388-MainThread"},{"name":"framework","value":"pytest"},{"name":"language","value":"cpython3"},{"name":"package","value":"Tests.test_system.test_userRole"},{"name":"resultFormat","value":"allure2"}],"parameters":[],"links":[],"hidden":false,"retry":false,"extra":{"severity":"normal","retries":[{"uid":"b500f78e710939b4","status":"broken","statusDetails":"selenium.common.exceptions.TimeoutException: Message: 点击失败，找不到元素：xpath = //table[@class=\"vxe-table--body\"]//tr/td[2]//span[text()=\"1user2\"]","time":{"start":1761072788046,"stop":1761072801339,"duration":13293}}],"categories":[{"name":"Test defects","matchedStatuses":[]}],"tags":[]},"source":"6f52600a6ef1d6e7.json","parameterValues":[]}