{"uid":"743fc4e488f96e3","name":"test_item_delsuccess2","fullName":"Tests.test_material.test_inTransitInventory.TestItemPage#test_item_delsuccess2","historyId":"682cf63bf7f99adac60c6eee20f6d1bf","time":{"start":1754320124809,"stop":1754320135091,"duration":10282},"status":"broken","statusMessage":"selenium.common.exceptions.TimeoutException: Message: 点击失败，找不到元素：xpath = //tr[./td[2][.//span[text()=\"111\"]]]/td[2]","statusTrace":"self = <Pages.materialPage.warehouseLocation_page.WarehouseLocationPage object at 0x0000012C8F682350>, by_or_element = 'xpath', value = '//tr[./td[2][.//span[text()=\"111\"]]]/td[2]'\nwait_time = 10\n\n    def click(self, by_or_element, value=None, wait_time=10):\n        if value is not None:\n            by = by_or_element\n            logging.info(f\"点击元素：By = {by}, Value = {value}\")\n            try:\n>               element = WebDriverWait(self.driver, wait_time).until(\n                    EC.element_to_be_clickable((by, value))\n                )\n\nPages\\base_page.py:45: \n_ _ _ _ _ _ _ _ _ _ _ _ _ _ _ _ _ _ _ _ _ _ _ _ _ _ _ _ _ _ _ _ _ _ _ _ _ _ _ _ _ _ _ _ _ _ _ _ _ _ _ _ _ _ _ _ _ _ _ _ _ _ _ _ _ _ _ _ _ _ _ _ _ _ _ _ _ _ _ _ _ _ _ _ _ _ _ _ _ _ _ _\n\nself = <selenium.webdriver.support.wait.WebDriverWait (session=\"0967327f3d9483a241b18feb50ab895c\")>\nmethod = <function element_to_be_clickable.<locals>._predicate at 0x0000012C8F81F370>, message = ''\n\n    def until(self, method: Callable[[D], Union[Literal[False], T]], message: str = \"\") -> T:\n        \"\"\"Wait until the method returns a value that is not False.\n    \n        Calls the method provided with the driver as an argument until the\n        return value does not evaluate to ``False``.\n    \n        Parameters:\n        -----------\n        method: callable(WebDriver)\n            - A callable object that takes a WebDriver instance as an argument.\n    \n        message: str\n            - Optional message for :exc:`TimeoutException`\n    \n        Return:\n        -------\n        object: T\n            - The result of the last call to `method`\n    \n        Raises:\n        -------\n        TimeoutException\n            - If 'method' does not return a truthy value within the WebDriverWait\n            object's timeout\n    \n        Example:\n        --------\n        >>> from selenium.webdriver.common.by import By\n        >>> from selenium.webdriver.support.ui import WebDriverWait\n        >>> from selenium.webdriver.support import expected_conditions as EC\n    \n        # Wait until an element is visible on the page\n        >>> wait = WebDriverWait(driver, 10)\n        >>> element = wait.until(EC.visibility_of_element_located((By.ID, \"exampleId\")))\n        >>> print(element.text)\n        \"\"\"\n        screen = None\n        stacktrace = None\n    \n        end_time = time.monotonic() + self._timeout\n        while True:\n            try:\n                value = method(self._driver)\n                if value:\n                    return value\n            except self._ignored_exceptions as exc:\n                screen = getattr(exc, \"screen\", None)\n                stacktrace = getattr(exc, \"stacktrace\", None)\n            if time.monotonic() > end_time:\n                break\n            time.sleep(self._poll)\n>       raise TimeoutException(message, screen, stacktrace)\nE       selenium.common.exceptions.TimeoutException: Message: \nE       Stacktrace:\nE       \tGetHandleVerifier [0x0x7ff6a7286f65+78965]\nE       \tGetHandleVerifier [0x0x7ff6a7286fc0+79056]\nE       \t(No symbol) [0x0x7ff6a7019dda]\nE       \t(No symbol) [0x0x7ff6a70702ea]\nE       \t(No symbol) [0x0x7ff6a707059c]\nE       \t(No symbol) [0x0x7ff6a70c3f37]\nE       \t(No symbol) [0x0x7ff6a70986af]\nE       \t(No symbol) [0x0x7ff6a70c0dbe]\nE       \t(No symbol) [0x0x7ff6a7098443]\nE       \t(No symbol) [0x0x7ff6a7061311]\nE       \t(No symbol) [0x0x7ff6a70620a3]\nE       \tGetHandleVerifier [0x0x7ff6a753e26d+2926461]\nE       \tGetHandleVerifier [0x0x7ff6a7538993+2903715]\nE       \tGetHandleVerifier [0x0x7ff6a7556aed+3026941]\nE       \tGetHandleVerifier [0x0x7ff6a72a16fe+187406]\nE       \tGetHandleVerifier [0x0x7ff6a72a96ef+220159]\nE       \tGetHandleVerifier [0x0x7ff6a728faf4+114692]\nE       \tGetHandleVerifier [0x0x7ff6a728fca9+115129]\nE       \tGetHandleVerifier [0x0x7ff6a72764d8+10728]\nE       \tBaseThreadInitThunk [0x0x7ff992b87374+20]\nE       \tRtlUserThreadStart [0x0x7ff99357cc91+33]\n\nmyenv\\lib\\site-packages\\selenium\\webdriver\\support\\wait.py:138: TimeoutException\n\nDuring handling of the above exception, another exception occurred:\n\nself = <test_material.test_inTransitInventory.TestItemPage object at 0x0000012C8E43E0E0>\nlogin_to_item = <selenium.webdriver.chrome.webdriver.WebDriver (session=\"0967327f3d9483a241b18feb50ab895c\")>\n\n    @allure.story(\"删除测试数据成功\")\n    # @pytest.mark.run(order=1)\n    def test_item_delsuccess2(self, login_to_item):\n    \n        # 定位内容为‘1测试A’的行\n>       self.item.click_button('//tr[./td[2][.//span[text()=\"111\"]]]/td[2]')\n\nTests\\test_material\\test_inTransitInventory.py:311: \n_ _ _ _ _ _ _ _ _ _ _ _ _ _ _ _ _ _ _ _ _ _ _ _ _ _ _ _ _ _ _ _ _ _ _ _ _ _ _ _ _ _ _ _ _ _ _ _ _ _ _ _ _ _ _ _ _ _ _ _ _ _ _ _ _ _ _ _ _ _ _ _ _ _ _ _ _ _ _ _ _ _ _ _ _ _ _ _ _ _ _ _\nPages\\materialPage\\warehouseLocation_page.py:60: in click_button\n    self.click(By.XPATH, xpath)\n_ _ _ _ _ _ _ _ _ _ _ _ _ _ _ _ _ _ _ _ _ _ _ _ _ _ _ _ _ _ _ _ _ _ _ _ _ _ _ _ _ _ _ _ _ _ _ _ _ _ _ _ _ _ _ _ _ _ _ _ _ _ _ _ _ _ _ _ _ _ _ _ _ _ _ _ _ _ _ _ _ _ _ _ _ _ _ _ _ _ _ _\n\nself = <Pages.materialPage.warehouseLocation_page.WarehouseLocationPage object at 0x0000012C8F682350>, by_or_element = 'xpath', value = '//tr[./td[2][.//span[text()=\"111\"]]]/td[2]'\nwait_time = 10\n\n    def click(self, by_or_element, value=None, wait_time=10):\n        if value is not None:\n            by = by_or_element\n            logging.info(f\"点击元素：By = {by}, Value = {value}\")\n            try:\n                element = WebDriverWait(self.driver, wait_time).until(\n                    EC.element_to_be_clickable((by, value))\n                )\n            except TimeoutException:\n                logging.warning(f\"❌ 点击超时：元素 {by} = {value} 未在 {wait_time} 秒内变为可点击\")\n>               raise TimeoutException(f\"点击失败，找不到元素：{by} = {value}\")\nE               selenium.common.exceptions.TimeoutException: Message: 点击失败，找不到元素：xpath = //tr[./td[2][.//span[text()=\"111\"]]]/td[2]\n\nPages\\base_page.py:50: TimeoutException","flaky":false,"newFailed":false,"newBroken":false,"newPassed":false,"retriesCount":1,"retriesStatusChange":false,"beforeStages":[{"name":"login_to_item","time":{"start":1754320117086,"stop":1754320124805,"duration":7719},"status":"passed","steps":[],"attachments":[],"parameters":[],"attachmentsCount":0,"shouldDisplayMessage":false,"stepsCount":0,"attachmentStep":false,"hasContent":false},{"name":"setup","time":{"start":1754320124806,"stop":1754320124809,"duration":3},"status":"passed","steps":[],"attachments":[],"parameters":[],"attachmentsCount":0,"shouldDisplayMessage":false,"stepsCount":0,"attachmentStep":false,"hasContent":false}],"testStage":{"status":"broken","statusMessage":"selenium.common.exceptions.TimeoutException: Message: 点击失败，找不到元素：xpath = //tr[./td[2][.//span[text()=\"111\"]]]/td[2]","statusTrace":"self = <Pages.materialPage.warehouseLocation_page.WarehouseLocationPage object at 0x0000012C8F682350>, by_or_element = 'xpath', value = '//tr[./td[2][.//span[text()=\"111\"]]]/td[2]'\nwait_time = 10\n\n    def click(self, by_or_element, value=None, wait_time=10):\n        if value is not None:\n            by = by_or_element\n            logging.info(f\"点击元素：By = {by}, Value = {value}\")\n            try:\n>               element = WebDriverWait(self.driver, wait_time).until(\n                    EC.element_to_be_clickable((by, value))\n                )\n\nPages\\base_page.py:45: \n_ _ _ _ _ _ _ _ _ _ _ _ _ _ _ _ _ _ _ _ _ _ _ _ _ _ _ _ _ _ _ _ _ _ _ _ _ _ _ _ _ _ _ _ _ _ _ _ _ _ _ _ _ _ _ _ _ _ _ _ _ _ _ _ _ _ _ _ _ _ _ _ _ _ _ _ _ _ _ _ _ _ _ _ _ _ _ _ _ _ _ _\n\nself = <selenium.webdriver.support.wait.WebDriverWait (session=\"0967327f3d9483a241b18feb50ab895c\")>\nmethod = <function element_to_be_clickable.<locals>._predicate at 0x0000012C8F81F370>, message = ''\n\n    def until(self, method: Callable[[D], Union[Literal[False], T]], message: str = \"\") -> T:\n        \"\"\"Wait until the method returns a value that is not False.\n    \n        Calls the method provided with the driver as an argument until the\n        return value does not evaluate to ``False``.\n    \n        Parameters:\n        -----------\n        method: callable(WebDriver)\n            - A callable object that takes a WebDriver instance as an argument.\n    \n        message: str\n            - Optional message for :exc:`TimeoutException`\n    \n        Return:\n        -------\n        object: T\n            - The result of the last call to `method`\n    \n        Raises:\n        -------\n        TimeoutException\n            - If 'method' does not return a truthy value within the WebDriverWait\n            object's timeout\n    \n        Example:\n        --------\n        >>> from selenium.webdriver.common.by import By\n        >>> from selenium.webdriver.support.ui import WebDriverWait\n        >>> from selenium.webdriver.support import expected_conditions as EC\n    \n        # Wait until an element is visible on the page\n        >>> wait = WebDriverWait(driver, 10)\n        >>> element = wait.until(EC.visibility_of_element_located((By.ID, \"exampleId\")))\n        >>> print(element.text)\n        \"\"\"\n        screen = None\n        stacktrace = None\n    \n        end_time = time.monotonic() + self._timeout\n        while True:\n            try:\n                value = method(self._driver)\n                if value:\n                    return value\n            except self._ignored_exceptions as exc:\n                screen = getattr(exc, \"screen\", None)\n                stacktrace = getattr(exc, \"stacktrace\", None)\n            if time.monotonic() > end_time:\n                break\n            time.sleep(self._poll)\n>       raise TimeoutException(message, screen, stacktrace)\nE       selenium.common.exceptions.TimeoutException: Message: \nE       Stacktrace:\nE       \tGetHandleVerifier [0x0x7ff6a7286f65+78965]\nE       \tGetHandleVerifier [0x0x7ff6a7286fc0+79056]\nE       \t(No symbol) [0x0x7ff6a7019dda]\nE       \t(No symbol) [0x0x7ff6a70702ea]\nE       \t(No symbol) [0x0x7ff6a707059c]\nE       \t(No symbol) [0x0x7ff6a70c3f37]\nE       \t(No symbol) [0x0x7ff6a70986af]\nE       \t(No symbol) [0x0x7ff6a70c0dbe]\nE       \t(No symbol) [0x0x7ff6a7098443]\nE       \t(No symbol) [0x0x7ff6a7061311]\nE       \t(No symbol) [0x0x7ff6a70620a3]\nE       \tGetHandleVerifier [0x0x7ff6a753e26d+2926461]\nE       \tGetHandleVerifier [0x0x7ff6a7538993+2903715]\nE       \tGetHandleVerifier [0x0x7ff6a7556aed+3026941]\nE       \tGetHandleVerifier [0x0x7ff6a72a16fe+187406]\nE       \tGetHandleVerifier [0x0x7ff6a72a96ef+220159]\nE       \tGetHandleVerifier [0x0x7ff6a728faf4+114692]\nE       \tGetHandleVerifier [0x0x7ff6a728fca9+115129]\nE       \tGetHandleVerifier [0x0x7ff6a72764d8+10728]\nE       \tBaseThreadInitThunk [0x0x7ff992b87374+20]\nE       \tRtlUserThreadStart [0x0x7ff99357cc91+33]\n\nmyenv\\lib\\site-packages\\selenium\\webdriver\\support\\wait.py:138: TimeoutException\n\nDuring handling of the above exception, another exception occurred:\n\nself = <test_material.test_inTransitInventory.TestItemPage object at 0x0000012C8E43E0E0>\nlogin_to_item = <selenium.webdriver.chrome.webdriver.WebDriver (session=\"0967327f3d9483a241b18feb50ab895c\")>\n\n    @allure.story(\"删除测试数据成功\")\n    # @pytest.mark.run(order=1)\n    def test_item_delsuccess2(self, login_to_item):\n    \n        # 定位内容为‘1测试A’的行\n>       self.item.click_button('//tr[./td[2][.//span[text()=\"111\"]]]/td[2]')\n\nTests\\test_material\\test_inTransitInventory.py:311: \n_ _ _ _ _ _ _ _ _ _ _ _ _ _ _ _ _ _ _ _ _ _ _ _ _ _ _ _ _ _ _ _ _ _ _ _ _ _ _ _ _ _ _ _ _ _ _ _ _ _ _ _ _ _ _ _ _ _ _ _ _ _ _ _ _ _ _ _ _ _ _ _ _ _ _ _ _ _ _ _ _ _ _ _ _ _ _ _ _ _ _ _\nPages\\materialPage\\warehouseLocation_page.py:60: in click_button\n    self.click(By.XPATH, xpath)\n_ _ _ _ _ _ _ _ _ _ _ _ _ _ _ _ _ _ _ _ _ _ _ _ _ _ _ _ _ _ _ _ _ _ _ _ _ _ _ _ _ _ _ _ _ _ _ _ _ _ _ _ _ _ _ _ _ _ _ _ _ _ _ _ _ _ _ _ _ _ _ _ _ _ _ _ _ _ _ _ _ _ _ _ _ _ _ _ _ _ _ _\n\nself = <Pages.materialPage.warehouseLocation_page.WarehouseLocationPage object at 0x0000012C8F682350>, by_or_element = 'xpath', value = '//tr[./td[2][.//span[text()=\"111\"]]]/td[2]'\nwait_time = 10\n\n    def click(self, by_or_element, value=None, wait_time=10):\n        if value is not None:\n            by = by_or_element\n            logging.info(f\"点击元素：By = {by}, Value = {value}\")\n            try:\n                element = WebDriverWait(self.driver, wait_time).until(\n                    EC.element_to_be_clickable((by, value))\n                )\n            except TimeoutException:\n                logging.warning(f\"❌ 点击超时：元素 {by} = {value} 未在 {wait_time} 秒内变为可点击\")\n>               raise TimeoutException(f\"点击失败，找不到元素：{by} = {value}\")\nE               selenium.common.exceptions.TimeoutException: Message: 点击失败，找不到元素：xpath = //tr[./td[2][.//span[text()=\"111\"]]]/td[2]\n\nPages\\base_page.py:50: TimeoutException","steps":[],"attachments":[{"uid":"3d5aedee4c15a168","name":"test_item_delsuccess2_failure","source":"3d5aedee4c15a168.png","type":"image/png","size":131160},{"uid":"fbf483ca05aa38a9","name":"test_item_delsuccess2_source","source":"fbf483ca05aa38a9.html","type":"text/html","size":1301921},{"uid":"4847adf5dd25426b","name":"log","source":"4847adf5dd25426b.txt","type":"text/plain","size":2097}],"parameters":[],"attachmentsCount":3,"shouldDisplayMessage":true,"stepsCount":0,"attachmentStep":false,"hasContent":true},"afterStages":[{"name":"login_to_item::0","time":{"start":1754320135263,"stop":1754320137432,"duration":2169},"status":"passed","steps":[],"attachments":[],"parameters":[],"attachmentsCount":0,"shouldDisplayMessage":false,"stepsCount":0,"attachmentStep":false,"hasContent":false}],"labels":[{"name":"feature","value":"物料库存库存测试用例"},{"name":"story","value":"删除测试数据成功"},{"name":"parentSuite","value":"Tests.test_material"},{"name":"suite","value":"test_inTransitInventory"},{"name":"subSuite","value":"TestItemPage"},{"name":"host","value":"WIN-20240820MJV"},{"name":"thread","value":"21416-MainThread"},{"name":"framework","value":"pytest"},{"name":"language","value":"cpython3"},{"name":"package","value":"Tests.test_material.test_inTransitInventory"},{"name":"resultFormat","value":"allure2"}],"parameters":[],"links":[],"hidden":false,"retry":false,"extra":{"severity":"normal","retries":[{"uid":"f0214473c8563af","status":"broken","statusDetails":"selenium.common.exceptions.TimeoutException: Message: 点击失败，找不到元素：xpath = //tr[./td[2][.//span[text()=\"111\"]]]/td[2]","time":{"start":1754320104566,"stop":1754320114720,"duration":10154}}],"categories":[{"name":"Test defects","matchedStatuses":[]}],"tags":[]},"source":"743fc4e488f96e3.json","parameterValues":[]}