{"uid":"796c2165069bf0b5","name":"test_production_add3","fullName":"Tests.test_item.test_production.TestProductionPage#test_production_add3","historyId":"5f28e97c7396c479724c41ce9c7e9cf4","time":{"start":1752760707383,"stop":1752760720186,"duration":12803},"status":"broken","statusMessage":"selenium.common.exceptions.TimeoutException: Message: 点击失败，找不到元素：xpath = //table[.//tr[./td[3]//span[text()=\"1测试C订单:1\"]]]//td[3]//span[text()=\"1测试C订单:1\"]","statusTrace":"self = <Pages.production_page.ProductionPage object at 0x000001FF37D08DF0>, by_or_element = 'xpath'\nvalue = '//table[.//tr[./td[3]//span[text()=\"1测试C订单:1\"]]]//td[3]//span[text()=\"1测试C订单:1\"]', wait_time = 10\n\n    def click(self, by_or_element, value=None, wait_time=10):\n        if value is not None:\n            by = by_or_element\n            logging.info(f\"点击元素：By = {by}, Value = {value}\")\n            try:\n>               element = WebDriverWait(self.driver, wait_time).until(\n                    EC.element_to_be_clickable((by, value))\n                )\n\nPages\\base_page.py:42: \n_ _ _ _ _ _ _ _ _ _ _ _ _ _ _ _ _ _ _ _ _ _ _ _ _ _ _ _ _ _ _ _ _ _ _ _ _ _ _ _ _ _ _ _ _ _ _ _ _ _ _ _ _ _ _ _ _ _ _ _ _ _ _ _ _ _ _ _ _ _ _ _ _ _ _ _ _ _ _ _ _ _ _ _ _ _ _ _ _ _ _ _\n\nself = <selenium.webdriver.support.wait.WebDriverWait (session=\"0d9877d076ebbd67c74209714f237344\")>\nmethod = <function element_to_be_clickable.<locals>._predicate at 0x000001FF37EE7760>, message = ''\n\n    def until(self, method: Callable[[D], Union[Literal[False], T]], message: str = \"\") -> T:\n        \"\"\"Wait until the method returns a value that is not False.\n    \n        Calls the method provided with the driver as an argument until the\n        return value does not evaluate to ``False``.\n    \n        Parameters:\n        -----------\n        method: callable(WebDriver)\n            - A callable object that takes a WebDriver instance as an argument.\n    \n        message: str\n            - Optional message for :exc:`TimeoutException`\n    \n        Return:\n        -------\n        object: T\n            - The result of the last call to `method`\n    \n        Raises:\n        -------\n        TimeoutException\n            - If 'method' does not return a truthy value within the WebDriverWait\n            object's timeout\n    \n        Example:\n        --------\n        >>> from selenium.webdriver.common.by import By\n        >>> from selenium.webdriver.support.ui import WebDriverWait\n        >>> from selenium.webdriver.support import expected_conditions as EC\n    \n        # Wait until an element is visible on the page\n        >>> wait = WebDriverWait(driver, 10)\n        >>> element = wait.until(EC.visibility_of_element_located((By.ID, \"exampleId\")))\n        >>> print(element.text)\n        \"\"\"\n        screen = None\n        stacktrace = None\n    \n        end_time = time.monotonic() + self._timeout\n        while True:\n            try:\n                value = method(self._driver)\n                if value:\n                    return value\n            except self._ignored_exceptions as exc:\n                screen = getattr(exc, \"screen\", None)\n                stacktrace = getattr(exc, \"stacktrace\", None)\n            if time.monotonic() > end_time:\n                break\n            time.sleep(self._poll)\n>       raise TimeoutException(message, screen, stacktrace)\nE       selenium.common.exceptions.TimeoutException: Message: \nE       Stacktrace:\nE       \tGetHandleVerifier [0x0x7ff7445e6f65+78965]\nE       \tGetHandleVerifier [0x0x7ff7445e6fc0+79056]\nE       \t(No symbol) [0x0x7ff744379dda]\nE       \t(No symbol) [0x0x7ff7443d02ea]\nE       \t(No symbol) [0x0x7ff7443d059c]\nE       \t(No symbol) [0x0x7ff744423f37]\nE       \t(No symbol) [0x0x7ff7443f86af]\nE       \t(No symbol) [0x0x7ff744420dbe]\nE       \t(No symbol) [0x0x7ff7443f8443]\nE       \t(No symbol) [0x0x7ff7443c1311]\nE       \t(No symbol) [0x0x7ff7443c20a3]\nE       \tGetHandleVerifier [0x0x7ff74489e26d+2926461]\nE       \tGetHandleVerifier [0x0x7ff744898993+2903715]\nE       \tGetHandleVerifier [0x0x7ff7448b6aed+3026941]\nE       \tGetHandleVerifier [0x0x7ff7446016fe+187406]\nE       \tGetHandleVerifier [0x0x7ff7446096ef+220159]\nE       \tGetHandleVerifier [0x0x7ff7445efaf4+114692]\nE       \tGetHandleVerifier [0x0x7ff7445efca9+115129]\nE       \tGetHandleVerifier [0x0x7ff7445d64d8+10728]\nE       \tBaseThreadInitThunk [0x0x7ffa099e7374+20]\nE       \tRtlUserThreadStart [0x0x7ffa0b89cc91+33]\n\nmyenv\\lib\\site-packages\\selenium\\webdriver\\support\\wait.py:138: TimeoutException\n\nDuring handling of the above exception, another exception occurred:\n\nself = <test_item.test_production.TestProductionPage object at 0x000001FF378AEBC0>\nlogin_to_production = <selenium.webdriver.chrome.webdriver.WebDriver (session=\"0d9877d076ebbd67c74209714f237344\")>\n\n    @allure.story(\"添加测试数据\")\n    # @pytest.mark.run(order=1)\n    def test_production_add3(self, login_to_production):\n        driver = login_to_production  # WebDriver 实例\n        production = ProductionPage(driver)  # 用 driver 初始化 ProductionPage\n        production.click_add_button()\n    \n        # 点击工作代码对话框\n        production.click_button('//label[text()=\"工作代码\"]/following-sibling::div//i')\n        # 在订单代码输入框中输入“1测试C订单”\n        production.enter_texts(\n            '(//div[./p[text()=\"订单代码\"]])[2]/parent::div//input',\n            \"1测试C订单\",\n        )\n        sleep(1)\n        # 选择搜索到的第一个订单“1测试C订单”\n>       production.click_button(\n            '//table[.//tr[./td[3]//span[text()=\"1测试C订单:1\"]]]//td[3]//span[text()=\"1测试C订单:1\"]'\n        )\n\nTests\\test_item\\test_production.py:311: \n_ _ _ _ _ _ _ _ _ _ _ _ _ _ _ _ _ _ _ _ _ _ _ _ _ _ _ _ _ _ _ _ _ _ _ _ _ _ _ _ _ _ _ _ _ _ _ _ _ _ _ _ _ _ _ _ _ _ _ _ _ _ _ _ _ _ _ _ _ _ _ _ _ _ _ _ _ _ _ _ _ _ _ _ _ _ _ _ _ _ _ _\nPages\\production_page.py:39: in click_button\n    self.click(By.XPATH, xpath)\n_ _ _ _ _ _ _ _ _ _ _ _ _ _ _ _ _ _ _ _ _ _ _ _ _ _ _ _ _ _ _ _ _ _ _ _ _ _ _ _ _ _ _ _ _ _ _ _ _ _ _ _ _ _ _ _ _ _ _ _ _ _ _ _ _ _ _ _ _ _ _ _ _ _ _ _ _ _ _ _ _ _ _ _ _ _ _ _ _ _ _ _\n\nself = <Pages.production_page.ProductionPage object at 0x000001FF37D08DF0>, by_or_element = 'xpath'\nvalue = '//table[.//tr[./td[3]//span[text()=\"1测试C订单:1\"]]]//td[3]//span[text()=\"1测试C订单:1\"]', wait_time = 10\n\n    def click(self, by_or_element, value=None, wait_time=10):\n        if value is not None:\n            by = by_or_element\n            logging.info(f\"点击元素：By = {by}, Value = {value}\")\n            try:\n                element = WebDriverWait(self.driver, wait_time).until(\n                    EC.element_to_be_clickable((by, value))\n                )\n            except TimeoutException:\n                logging.warning(f\"❌ 点击超时：元素 {by} = {value} 未在 {wait_time} 秒内变为可点击\")\n                self.safe_screenshot(\"click_timeout\", test_name=\"test\")\n>               raise TimeoutException(f\"点击失败，找不到元素：{by} = {value}\")\nE               selenium.common.exceptions.TimeoutException: Message: 点击失败，找不到元素：xpath = //table[.//tr[./td[3]//span[text()=\"1测试C订单:1\"]]]//td[3]//span[text()=\"1测试C订单:1\"]\n\nPages\\base_page.py:48: TimeoutException","flaky":false,"newFailed":false,"newBroken":false,"newPassed":false,"retriesCount":0,"retriesStatusChange":false,"beforeStages":[{"name":"login_to_production","time":{"start":1752760699369,"stop":1752760707383,"duration":8014},"status":"passed","steps":[],"attachments":[],"parameters":[],"attachmentStep":false,"stepsCount":0,"hasContent":false,"attachmentsCount":0,"shouldDisplayMessage":false}],"testStage":{"status":"broken","statusMessage":"selenium.common.exceptions.TimeoutException: Message: 点击失败，找不到元素：xpath = //table[.//tr[./td[3]//span[text()=\"1测试C订单:1\"]]]//td[3]//span[text()=\"1测试C订单:1\"]","statusTrace":"self = <Pages.production_page.ProductionPage object at 0x000001FF37D08DF0>, by_or_element = 'xpath'\nvalue = '//table[.//tr[./td[3]//span[text()=\"1测试C订单:1\"]]]//td[3]//span[text()=\"1测试C订单:1\"]', wait_time = 10\n\n    def click(self, by_or_element, value=None, wait_time=10):\n        if value is not None:\n            by = by_or_element\n            logging.info(f\"点击元素：By = {by}, Value = {value}\")\n            try:\n>               element = WebDriverWait(self.driver, wait_time).until(\n                    EC.element_to_be_clickable((by, value))\n                )\n\nPages\\base_page.py:42: \n_ _ _ _ _ _ _ _ _ _ _ _ _ _ _ _ _ _ _ _ _ _ _ _ _ _ _ _ _ _ _ _ _ _ _ _ _ _ _ _ _ _ _ _ _ _ _ _ _ _ _ _ _ _ _ _ _ _ _ _ _ _ _ _ _ _ _ _ _ _ _ _ _ _ _ _ _ _ _ _ _ _ _ _ _ _ _ _ _ _ _ _\n\nself = <selenium.webdriver.support.wait.WebDriverWait (session=\"0d9877d076ebbd67c74209714f237344\")>\nmethod = <function element_to_be_clickable.<locals>._predicate at 0x000001FF37EE7760>, message = ''\n\n    def until(self, method: Callable[[D], Union[Literal[False], T]], message: str = \"\") -> T:\n        \"\"\"Wait until the method returns a value that is not False.\n    \n        Calls the method provided with the driver as an argument until the\n        return value does not evaluate to ``False``.\n    \n        Parameters:\n        -----------\n        method: callable(WebDriver)\n            - A callable object that takes a WebDriver instance as an argument.\n    \n        message: str\n            - Optional message for :exc:`TimeoutException`\n    \n        Return:\n        -------\n        object: T\n            - The result of the last call to `method`\n    \n        Raises:\n        -------\n        TimeoutException\n            - If 'method' does not return a truthy value within the WebDriverWait\n            object's timeout\n    \n        Example:\n        --------\n        >>> from selenium.webdriver.common.by import By\n        >>> from selenium.webdriver.support.ui import WebDriverWait\n        >>> from selenium.webdriver.support import expected_conditions as EC\n    \n        # Wait until an element is visible on the page\n        >>> wait = WebDriverWait(driver, 10)\n        >>> element = wait.until(EC.visibility_of_element_located((By.ID, \"exampleId\")))\n        >>> print(element.text)\n        \"\"\"\n        screen = None\n        stacktrace = None\n    \n        end_time = time.monotonic() + self._timeout\n        while True:\n            try:\n                value = method(self._driver)\n                if value:\n                    return value\n            except self._ignored_exceptions as exc:\n                screen = getattr(exc, \"screen\", None)\n                stacktrace = getattr(exc, \"stacktrace\", None)\n            if time.monotonic() > end_time:\n                break\n            time.sleep(self._poll)\n>       raise TimeoutException(message, screen, stacktrace)\nE       selenium.common.exceptions.TimeoutException: Message: \nE       Stacktrace:\nE       \tGetHandleVerifier [0x0x7ff7445e6f65+78965]\nE       \tGetHandleVerifier [0x0x7ff7445e6fc0+79056]\nE       \t(No symbol) [0x0x7ff744379dda]\nE       \t(No symbol) [0x0x7ff7443d02ea]\nE       \t(No symbol) [0x0x7ff7443d059c]\nE       \t(No symbol) [0x0x7ff744423f37]\nE       \t(No symbol) [0x0x7ff7443f86af]\nE       \t(No symbol) [0x0x7ff744420dbe]\nE       \t(No symbol) [0x0x7ff7443f8443]\nE       \t(No symbol) [0x0x7ff7443c1311]\nE       \t(No symbol) [0x0x7ff7443c20a3]\nE       \tGetHandleVerifier [0x0x7ff74489e26d+2926461]\nE       \tGetHandleVerifier [0x0x7ff744898993+2903715]\nE       \tGetHandleVerifier [0x0x7ff7448b6aed+3026941]\nE       \tGetHandleVerifier [0x0x7ff7446016fe+187406]\nE       \tGetHandleVerifier [0x0x7ff7446096ef+220159]\nE       \tGetHandleVerifier [0x0x7ff7445efaf4+114692]\nE       \tGetHandleVerifier [0x0x7ff7445efca9+115129]\nE       \tGetHandleVerifier [0x0x7ff7445d64d8+10728]\nE       \tBaseThreadInitThunk [0x0x7ffa099e7374+20]\nE       \tRtlUserThreadStart [0x0x7ffa0b89cc91+33]\n\nmyenv\\lib\\site-packages\\selenium\\webdriver\\support\\wait.py:138: TimeoutException\n\nDuring handling of the above exception, another exception occurred:\n\nself = <test_item.test_production.TestProductionPage object at 0x000001FF378AEBC0>\nlogin_to_production = <selenium.webdriver.chrome.webdriver.WebDriver (session=\"0d9877d076ebbd67c74209714f237344\")>\n\n    @allure.story(\"添加测试数据\")\n    # @pytest.mark.run(order=1)\n    def test_production_add3(self, login_to_production):\n        driver = login_to_production  # WebDriver 实例\n        production = ProductionPage(driver)  # 用 driver 初始化 ProductionPage\n        production.click_add_button()\n    \n        # 点击工作代码对话框\n        production.click_button('//label[text()=\"工作代码\"]/following-sibling::div//i')\n        # 在订单代码输入框中输入“1测试C订单”\n        production.enter_texts(\n            '(//div[./p[text()=\"订单代码\"]])[2]/parent::div//input',\n            \"1测试C订单\",\n        )\n        sleep(1)\n        # 选择搜索到的第一个订单“1测试C订单”\n>       production.click_button(\n            '//table[.//tr[./td[3]//span[text()=\"1测试C订单:1\"]]]//td[3]//span[text()=\"1测试C订单:1\"]'\n        )\n\nTests\\test_item\\test_production.py:311: \n_ _ _ _ _ _ _ _ _ _ _ _ _ _ _ _ _ _ _ _ _ _ _ _ _ _ _ _ _ _ _ _ _ _ _ _ _ _ _ _ _ _ _ _ _ _ _ _ _ _ _ _ _ _ _ _ _ _ _ _ _ _ _ _ _ _ _ _ _ _ _ _ _ _ _ _ _ _ _ _ _ _ _ _ _ _ _ _ _ _ _ _\nPages\\production_page.py:39: in click_button\n    self.click(By.XPATH, xpath)\n_ _ _ _ _ _ _ _ _ _ _ _ _ _ _ _ _ _ _ _ _ _ _ _ _ _ _ _ _ _ _ _ _ _ _ _ _ _ _ _ _ _ _ _ _ _ _ _ _ _ _ _ _ _ _ _ _ _ _ _ _ _ _ _ _ _ _ _ _ _ _ _ _ _ _ _ _ _ _ _ _ _ _ _ _ _ _ _ _ _ _ _\n\nself = <Pages.production_page.ProductionPage object at 0x000001FF37D08DF0>, by_or_element = 'xpath'\nvalue = '//table[.//tr[./td[3]//span[text()=\"1测试C订单:1\"]]]//td[3]//span[text()=\"1测试C订单:1\"]', wait_time = 10\n\n    def click(self, by_or_element, value=None, wait_time=10):\n        if value is not None:\n            by = by_or_element\n            logging.info(f\"点击元素：By = {by}, Value = {value}\")\n            try:\n                element = WebDriverWait(self.driver, wait_time).until(\n                    EC.element_to_be_clickable((by, value))\n                )\n            except TimeoutException:\n                logging.warning(f\"❌ 点击超时：元素 {by} = {value} 未在 {wait_time} 秒内变为可点击\")\n                self.safe_screenshot(\"click_timeout\", test_name=\"test\")\n>               raise TimeoutException(f\"点击失败，找不到元素：{by} = {value}\")\nE               selenium.common.exceptions.TimeoutException: Message: 点击失败，找不到元素：xpath = //table[.//tr[./td[3]//span[text()=\"1测试C订单:1\"]]]//td[3]//span[text()=\"1测试C订单:1\"]\n\nPages\\base_page.py:48: TimeoutException","steps":[],"attachments":[{"uid":"baf065a646fc400b","name":"test_click_timeout","source":"baf065a646fc400b.png","type":"image/png","size":104556},{"uid":"28c4fe7c762f0caa","name":"log","source":"28c4fe7c762f0caa.txt","type":"text/plain","size":3071}],"parameters":[],"attachmentStep":false,"stepsCount":0,"hasContent":true,"attachmentsCount":2,"shouldDisplayMessage":true},"afterStages":[{"name":"login_to_production::0","time":{"start":1752760720206,"stop":1752760722330,"duration":2124},"status":"passed","steps":[],"attachments":[],"parameters":[],"attachmentStep":false,"stepsCount":0,"hasContent":false,"attachmentsCount":0,"shouldDisplayMessage":false}],"labels":[{"name":"story","value":"添加测试数据"},{"name":"feature","value":"生产报工测试用例"},{"name":"parentSuite","value":"Tests.test_item"},{"name":"suite","value":"test_production"},{"name":"subSuite","value":"TestProductionPage"},{"name":"host","value":"WIN-20240820MJV"},{"name":"thread","value":"11236-MainThread"},{"name":"framework","value":"pytest"},{"name":"language","value":"cpython3"},{"name":"package","value":"Tests.test_item.test_production"},{"name":"resultFormat","value":"allure2"}],"parameters":[],"links":[],"hidden":true,"retry":true,"extra":{"categories":[],"tags":[]},"source":"796c2165069bf0b5.json","parameterValues":[]}