{"uid":"7caf7ed9622b9b1f","name":"test_home_switch_template5","fullName":"Tests.test_system.test_home.TestHomePage#test_home_switch_template5","historyId":"499bed871335d612bd703a113227fb30","time":{"start":1760977254744,"stop":1760977293808,"duration":39064},"status":"broken","statusMessage":"selenium.common.exceptions.TimeoutException: Message: \nStacktrace:\n\tGetHandleVerifier [0x0x7ff613186f65+78965]\n\tGetHandleVerifier [0x0x7ff613186fc0+79056]\n\t(No symbol) [0x0x7ff612f19dda]\n\t(No symbol) [0x0x7ff612f702ea]\n\t(No symbol) [0x0x7ff612f7059c]\n\t(No symbol) [0x0x7ff612fc3f37]\n\t(No symbol) [0x0x7ff612f986af]\n\t(No symbol) [0x0x7ff612fc0dbe]\n\t(No symbol) [0x0x7ff612f98443]\n\t(No symbol) [0x0x7ff612f61311]\n\t(No symbol) [0x0x7ff612f620a3]\n\tGetHandleVerifier [0x0x7ff61343e26d+2926461]\n\tGetHandleVerifier [0x0x7ff613438993+2903715]\n\tGetHandleVerifier [0x0x7ff613456aed+3026941]\n\tGetHandleVerifier [0x0x7ff6131a16fe+187406]\n\tGetHandleVerifier [0x0x7ff6131a96ef+220159]\n\tGetHandleVerifier [0x0x7ff61318faf4+114692]\n\tGetHandleVerifier [0x0x7ff61318fca9+115129]\n\tGetHandleVerifier [0x0x7ff6131764d8+10728]\n\tBaseThreadInitThunk [0x0x7fff4faa7374+20]\n\tRtlUserThreadStart [0x0x7fff513dcc91+33]","statusTrace":"self = <test_system.test_home.TestHomePage object at 0x0000014AE36A5870>, login_to_home = <selenium.webdriver.chrome.webdriver.WebDriver (session=\"4ae908ff2067efbf6b55644c176351f8\")>\n\n    @allure.story(\"刷新页面，点击保存，则修改的内容保存\")\n    # @pytest.mark.run(order=1)\n    def test_home_switch_template5(self, login_to_home):\n        driver = login_to_home  # WebDriver 实例\n        home = HomePage(driver)  # 用 driver 初始化 HomePage\n    \n        home.click_template()\n        home.click_button('//div[./span[text()=\" 测试模版confirm \"]]/span[text()=\" 加载模板 \"]')\n        home.click_button(\n            '//div[div[text()=\"是否加载这个模板？加载后会覆盖当前内容。\"]]/following-sibling::div//span[text()=\"确定\"]')\n        home.wait_for_loading_to_disappear()\n        home.click_button('//div[@class=\"ivu-tabs-tab\"]')\n        home.drag_component(name=\"数字\")\n        home.right_refresh()\n        home.click_button('//button[./span[text()=\"保存\"]]')\n        home.wait_for_loading_to_disappear()\n>       home.get_find_message()\n\nTests\\test_system\\test_home.py:285: \n_ _ _ _ _ _ _ _ _ _ _ _ _ _ _ _ _ _ _ _ _ _ _ _ _ _ _ _ _ _ _ _ _ _ _ _ _ _ _ _ _ _ _ _ _ _ _ _ _ _ _ _ _ _ _ _ _ _ _ _ _ _ _ _ _ _ _ _ _ _ _ _ _ _ _ _ _ _ _ _ _ _ _ _ _ _ _ _ _ _ _ _ _ _ _ _ _ _ _ _ _ _ _ _ _ _ _ _ _ _ _ _ _ _ _ _\nPages\\systemPage\\homepage_page.py:33: in get_find_message\n    message = WebDriverWait(self.driver, 10).until(\n_ _ _ _ _ _ _ _ _ _ _ _ _ _ _ _ _ _ _ _ _ _ _ _ _ _ _ _ _ _ _ _ _ _ _ _ _ _ _ _ _ _ _ _ _ _ _ _ _ _ _ _ _ _ _ _ _ _ _ _ _ _ _ _ _ _ _ _ _ _ _ _ _ _ _ _ _ _ _ _ _ _ _ _ _ _ _ _ _ _ _ _ _ _ _ _ _ _ _ _ _ _ _ _ _ _ _ _ _ _ _ _ _ _ _ _\n\nself = <selenium.webdriver.support.wait.WebDriverWait (session=\"4ae908ff2067efbf6b55644c176351f8\")>, method = <function visibility_of_element_located.<locals>._predicate at 0x0000014AE4A37760>, message = ''\n\n    def until(self, method: Callable[[D], Union[Literal[False], T]], message: str = \"\") -> T:\n        \"\"\"Wait until the method returns a value that is not False.\n    \n        Calls the method provided with the driver as an argument until the\n        return value does not evaluate to ``False``.\n    \n        Parameters:\n        -----------\n        method: callable(WebDriver)\n            - A callable object that takes a WebDriver instance as an argument.\n    \n        message: str\n            - Optional message for :exc:`TimeoutException`\n    \n        Return:\n        -------\n        object: T\n            - The result of the last call to `method`\n    \n        Raises:\n        -------\n        TimeoutException\n            - If 'method' does not return a truthy value within the WebDriverWait\n            object's timeout\n    \n        Example:\n        --------\n        >>> from selenium.webdriver.common.by import By\n        >>> from selenium.webdriver.support.ui import WebDriverWait\n        >>> from selenium.webdriver.support import expected_conditions as EC\n    \n        # Wait until an element is visible on the page\n        >>> wait = WebDriverWait(driver, 10)\n        >>> element = wait.until(EC.visibility_of_element_located((By.ID, \"exampleId\")))\n        >>> print(element.text)\n        \"\"\"\n        screen = None\n        stacktrace = None\n    \n        end_time = time.monotonic() + self._timeout\n        while True:\n            try:\n                value = method(self._driver)\n                if value:\n                    return value\n            except self._ignored_exceptions as exc:\n                screen = getattr(exc, \"screen\", None)\n                stacktrace = getattr(exc, \"stacktrace\", None)\n            if time.monotonic() > end_time:\n                break\n            time.sleep(self._poll)\n>       raise TimeoutException(message, screen, stacktrace)\nE       selenium.common.exceptions.TimeoutException: Message: \nE       Stacktrace:\nE       \tGetHandleVerifier [0x0x7ff613186f65+78965]\nE       \tGetHandleVerifier [0x0x7ff613186fc0+79056]\nE       \t(No symbol) [0x0x7ff612f19dda]\nE       \t(No symbol) [0x0x7ff612f702ea]\nE       \t(No symbol) [0x0x7ff612f7059c]\nE       \t(No symbol) [0x0x7ff612fc3f37]\nE       \t(No symbol) [0x0x7ff612f986af]\nE       \t(No symbol) [0x0x7ff612fc0dbe]\nE       \t(No symbol) [0x0x7ff612f98443]\nE       \t(No symbol) [0x0x7ff612f61311]\nE       \t(No symbol) [0x0x7ff612f620a3]\nE       \tGetHandleVerifier [0x0x7ff61343e26d+2926461]\nE       \tGetHandleVerifier [0x0x7ff613438993+2903715]\nE       \tGetHandleVerifier [0x0x7ff613456aed+3026941]\nE       \tGetHandleVerifier [0x0x7ff6131a16fe+187406]\nE       \tGetHandleVerifier [0x0x7ff6131a96ef+220159]\nE       \tGetHandleVerifier [0x0x7ff61318faf4+114692]\nE       \tGetHandleVerifier [0x0x7ff61318fca9+115129]\nE       \tGetHandleVerifier [0x0x7ff6131764d8+10728]\nE       \tBaseThreadInitThunk [0x0x7fff4faa7374+20]\nE       \tRtlUserThreadStart [0x0x7fff513dcc91+33]\n\nmyenv\\lib\\site-packages\\selenium\\webdriver\\support\\wait.py:138: TimeoutException","flaky":false,"newFailed":false,"newBroken":false,"newPassed":false,"retriesCount":0,"retriesStatusChange":false,"beforeStages":[{"name":"login_to_home","time":{"start":1760977241291,"stop":1760977254742,"duration":13451},"status":"passed","steps":[],"attachments":[],"parameters":[],"hasContent":false,"stepsCount":0,"attachmentStep":false,"shouldDisplayMessage":false,"attachmentsCount":0}],"testStage":{"status":"broken","statusMessage":"selenium.common.exceptions.TimeoutException: Message: \nStacktrace:\n\tGetHandleVerifier [0x0x7ff613186f65+78965]\n\tGetHandleVerifier [0x0x7ff613186fc0+79056]\n\t(No symbol) [0x0x7ff612f19dda]\n\t(No symbol) [0x0x7ff612f702ea]\n\t(No symbol) [0x0x7ff612f7059c]\n\t(No symbol) [0x0x7ff612fc3f37]\n\t(No symbol) [0x0x7ff612f986af]\n\t(No symbol) [0x0x7ff612fc0dbe]\n\t(No symbol) [0x0x7ff612f98443]\n\t(No symbol) [0x0x7ff612f61311]\n\t(No symbol) [0x0x7ff612f620a3]\n\tGetHandleVerifier [0x0x7ff61343e26d+2926461]\n\tGetHandleVerifier [0x0x7ff613438993+2903715]\n\tGetHandleVerifier [0x0x7ff613456aed+3026941]\n\tGetHandleVerifier [0x0x7ff6131a16fe+187406]\n\tGetHandleVerifier [0x0x7ff6131a96ef+220159]\n\tGetHandleVerifier [0x0x7ff61318faf4+114692]\n\tGetHandleVerifier [0x0x7ff61318fca9+115129]\n\tGetHandleVerifier [0x0x7ff6131764d8+10728]\n\tBaseThreadInitThunk [0x0x7fff4faa7374+20]\n\tRtlUserThreadStart [0x0x7fff513dcc91+33]","statusTrace":"self = <test_system.test_home.TestHomePage object at 0x0000014AE36A5870>, login_to_home = <selenium.webdriver.chrome.webdriver.WebDriver (session=\"4ae908ff2067efbf6b55644c176351f8\")>\n\n    @allure.story(\"刷新页面，点击保存，则修改的内容保存\")\n    # @pytest.mark.run(order=1)\n    def test_home_switch_template5(self, login_to_home):\n        driver = login_to_home  # WebDriver 实例\n        home = HomePage(driver)  # 用 driver 初始化 HomePage\n    \n        home.click_template()\n        home.click_button('//div[./span[text()=\" 测试模版confirm \"]]/span[text()=\" 加载模板 \"]')\n        home.click_button(\n            '//div[div[text()=\"是否加载这个模板？加载后会覆盖当前内容。\"]]/following-sibling::div//span[text()=\"确定\"]')\n        home.wait_for_loading_to_disappear()\n        home.click_button('//div[@class=\"ivu-tabs-tab\"]')\n        home.drag_component(name=\"数字\")\n        home.right_refresh()\n        home.click_button('//button[./span[text()=\"保存\"]]')\n        home.wait_for_loading_to_disappear()\n>       home.get_find_message()\n\nTests\\test_system\\test_home.py:285: \n_ _ _ _ _ _ _ _ _ _ _ _ _ _ _ _ _ _ _ _ _ _ _ _ _ _ _ _ _ _ _ _ _ _ _ _ _ _ _ _ _ _ _ _ _ _ _ _ _ _ _ _ _ _ _ _ _ _ _ _ _ _ _ _ _ _ _ _ _ _ _ _ _ _ _ _ _ _ _ _ _ _ _ _ _ _ _ _ _ _ _ _ _ _ _ _ _ _ _ _ _ _ _ _ _ _ _ _ _ _ _ _ _ _ _ _\nPages\\systemPage\\homepage_page.py:33: in get_find_message\n    message = WebDriverWait(self.driver, 10).until(\n_ _ _ _ _ _ _ _ _ _ _ _ _ _ _ _ _ _ _ _ _ _ _ _ _ _ _ _ _ _ _ _ _ _ _ _ _ _ _ _ _ _ _ _ _ _ _ _ _ _ _ _ _ _ _ _ _ _ _ _ _ _ _ _ _ _ _ _ _ _ _ _ _ _ _ _ _ _ _ _ _ _ _ _ _ _ _ _ _ _ _ _ _ _ _ _ _ _ _ _ _ _ _ _ _ _ _ _ _ _ _ _ _ _ _ _\n\nself = <selenium.webdriver.support.wait.WebDriverWait (session=\"4ae908ff2067efbf6b55644c176351f8\")>, method = <function visibility_of_element_located.<locals>._predicate at 0x0000014AE4A37760>, message = ''\n\n    def until(self, method: Callable[[D], Union[Literal[False], T]], message: str = \"\") -> T:\n        \"\"\"Wait until the method returns a value that is not False.\n    \n        Calls the method provided with the driver as an argument until the\n        return value does not evaluate to ``False``.\n    \n        Parameters:\n        -----------\n        method: callable(WebDriver)\n            - A callable object that takes a WebDriver instance as an argument.\n    \n        message: str\n            - Optional message for :exc:`TimeoutException`\n    \n        Return:\n        -------\n        object: T\n            - The result of the last call to `method`\n    \n        Raises:\n        -------\n        TimeoutException\n            - If 'method' does not return a truthy value within the WebDriverWait\n            object's timeout\n    \n        Example:\n        --------\n        >>> from selenium.webdriver.common.by import By\n        >>> from selenium.webdriver.support.ui import WebDriverWait\n        >>> from selenium.webdriver.support import expected_conditions as EC\n    \n        # Wait until an element is visible on the page\n        >>> wait = WebDriverWait(driver, 10)\n        >>> element = wait.until(EC.visibility_of_element_located((By.ID, \"exampleId\")))\n        >>> print(element.text)\n        \"\"\"\n        screen = None\n        stacktrace = None\n    \n        end_time = time.monotonic() + self._timeout\n        while True:\n            try:\n                value = method(self._driver)\n                if value:\n                    return value\n            except self._ignored_exceptions as exc:\n                screen = getattr(exc, \"screen\", None)\n                stacktrace = getattr(exc, \"stacktrace\", None)\n            if time.monotonic() > end_time:\n                break\n            time.sleep(self._poll)\n>       raise TimeoutException(message, screen, stacktrace)\nE       selenium.common.exceptions.TimeoutException: Message: \nE       Stacktrace:\nE       \tGetHandleVerifier [0x0x7ff613186f65+78965]\nE       \tGetHandleVerifier [0x0x7ff613186fc0+79056]\nE       \t(No symbol) [0x0x7ff612f19dda]\nE       \t(No symbol) [0x0x7ff612f702ea]\nE       \t(No symbol) [0x0x7ff612f7059c]\nE       \t(No symbol) [0x0x7ff612fc3f37]\nE       \t(No symbol) [0x0x7ff612f986af]\nE       \t(No symbol) [0x0x7ff612fc0dbe]\nE       \t(No symbol) [0x0x7ff612f98443]\nE       \t(No symbol) [0x0x7ff612f61311]\nE       \t(No symbol) [0x0x7ff612f620a3]\nE       \tGetHandleVerifier [0x0x7ff61343e26d+2926461]\nE       \tGetHandleVerifier [0x0x7ff613438993+2903715]\nE       \tGetHandleVerifier [0x0x7ff613456aed+3026941]\nE       \tGetHandleVerifier [0x0x7ff6131a16fe+187406]\nE       \tGetHandleVerifier [0x0x7ff6131a96ef+220159]\nE       \tGetHandleVerifier [0x0x7ff61318faf4+114692]\nE       \tGetHandleVerifier [0x0x7ff61318fca9+115129]\nE       \tGetHandleVerifier [0x0x7ff6131764d8+10728]\nE       \tBaseThreadInitThunk [0x0x7fff4faa7374+20]\nE       \tRtlUserThreadStart [0x0x7fff513dcc91+33]\n\nmyenv\\lib\\site-packages\\selenium\\webdriver\\support\\wait.py:138: TimeoutException","steps":[],"attachments":[{"uid":"5b81d07ab001858","name":"test_home_switch_template5_failure","source":"5b81d07ab001858.png","type":"image/png","size":79681},{"uid":"713733eec74e4fa5","name":"test_home_switch_template5_source","source":"713733eec74e4fa5.html","type":"text/html","size":6067403},{"uid":"2d588fe91629b576","name":"log","source":"2d588fe91629b576.txt","type":"text/plain","size":1964}],"parameters":[],"hasContent":true,"stepsCount":0,"attachmentStep":false,"shouldDisplayMessage":true,"attachmentsCount":3},"afterStages":[{"name":"login_to_home::0","time":{"start":1760977294923,"stop":1760977297340,"duration":2417},"status":"passed","steps":[],"attachments":[],"parameters":[],"hasContent":false,"stepsCount":0,"attachmentStep":false,"shouldDisplayMessage":false,"attachmentsCount":0}],"labels":[{"name":"story","value":"刷新页面，点击保存，则修改的内容保存"},{"name":"feature","value":"主页设置页用例"},{"name":"parentSuite","value":"Tests.test_system"},{"name":"suite","value":"test_home"},{"name":"subSuite","value":"TestHomePage"},{"name":"host","value":"WIN-20240820MJV"},{"name":"thread","value":"3232-MainThread"},{"name":"framework","value":"pytest"},{"name":"language","value":"cpython3"},{"name":"package","value":"Tests.test_system.test_home"},{"name":"resultFormat","value":"allure2"}],"parameters":[],"links":[],"hidden":false,"retry":false,"extra":{"severity":"normal","retries":[],"categories":[{"name":"Test defects","matchedStatuses":[]}],"tags":[]},"source":"7caf7ed9622b9b1f.json","parameterValues":[]}