{"uid":"7d94597a7791d04a","name":"test_personal_switchformat2","fullName":"Tests.test_item.test_personal.TestPersonalPage#test_personal_switchformat2","historyId":"ea238535ce5451c34166f32ec4299aa6","time":{"start":1752675867031,"stop":1752675877340,"duration":10309},"status":"broken","statusMessage":"selenium.common.exceptions.TimeoutException: Message: 点击失败，找不到元素：xpath = //div[@class=\"flex-alignItems-center\"]","statusTrace":"self = <Pages.personal_page.PersonalPage object at 0x000001B951BA7DC0>, by_or_element = 'xpath', value = '//div[@class=\"flex-alignItems-center\"]', wait_time = 10\n\n    def click(self, by_or_element, value=None, wait_time=10):\n        if value is not None:\n            by = by_or_element\n            logging.info(f\"点击元素：By = {by}, Value = {value}\")\n            try:\n>               element = WebDriverWait(self.driver, wait_time).until(\n                    EC.element_to_be_clickable((by, value))\n                )\n\nPages\\base_page.py:42: \n_ _ _ _ _ _ _ _ _ _ _ _ _ _ _ _ _ _ _ _ _ _ _ _ _ _ _ _ _ _ _ _ _ _ _ _ _ _ _ _ _ _ _ _ _ _ _ _ _ _ _ _ _ _ _ _ _ _ _ _ _ _ _ _ _ _ _ _ _ _ _ _ _ _ _ _ _ _ _ _ _ _ _ _ _ _ _ _ _ _ _ _\n\nself = <selenium.webdriver.support.wait.WebDriverWait (session=\"6f3f32f70303e477076d5386ff3187c4\")>\nmethod = <function element_to_be_clickable.<locals>._predicate at 0x000001B951C61FC0>, message = ''\n\n    def until(self, method: Callable[[D], Union[Literal[False], T]], message: str = \"\") -> T:\n        \"\"\"Wait until the method returns a value that is not False.\n    \n        Calls the method provided with the driver as an argument until the\n        return value does not evaluate to ``False``.\n    \n        Parameters:\n        -----------\n        method: callable(WebDriver)\n            - A callable object that takes a WebDriver instance as an argument.\n    \n        message: str\n            - Optional message for :exc:`TimeoutException`\n    \n        Return:\n        -------\n        object: T\n            - The result of the last call to `method`\n    \n        Raises:\n        -------\n        TimeoutException\n            - If 'method' does not return a truthy value within the WebDriverWait\n            object's timeout\n    \n        Example:\n        --------\n        >>> from selenium.webdriver.common.by import By\n        >>> from selenium.webdriver.support.ui import WebDriverWait\n        >>> from selenium.webdriver.support import expected_conditions as EC\n    \n        # Wait until an element is visible on the page\n        >>> wait = WebDriverWait(driver, 10)\n        >>> element = wait.until(EC.visibility_of_element_located((By.ID, \"exampleId\")))\n        >>> print(element.text)\n        \"\"\"\n        screen = None\n        stacktrace = None\n    \n        end_time = time.monotonic() + self._timeout\n        while True:\n            try:\n                value = method(self._driver)\n                if value:\n                    return value\n            except self._ignored_exceptions as exc:\n                screen = getattr(exc, \"screen\", None)\n                stacktrace = getattr(exc, \"stacktrace\", None)\n            if time.monotonic() > end_time:\n                break\n            time.sleep(self._poll)\n>       raise TimeoutException(message, screen, stacktrace)\nE       selenium.common.exceptions.TimeoutException: Message: \nE       Stacktrace:\nE       \tGetHandleVerifier [0x0x7ff71ab56f65+78965]\nE       \tGetHandleVerifier [0x0x7ff71ab56fc0+79056]\nE       \t(No symbol) [0x0x7ff71a8e9dda]\nE       \t(No symbol) [0x0x7ff71a9402ea]\nE       \t(No symbol) [0x0x7ff71a94059c]\nE       \t(No symbol) [0x0x7ff71a993f37]\nE       \t(No symbol) [0x0x7ff71a9686af]\nE       \t(No symbol) [0x0x7ff71a990dbe]\nE       \t(No symbol) [0x0x7ff71a968443]\nE       \t(No symbol) [0x0x7ff71a931311]\nE       \t(No symbol) [0x0x7ff71a9320a3]\nE       \tGetHandleVerifier [0x0x7ff71ae0e26d+2926461]\nE       \tGetHandleVerifier [0x0x7ff71ae08993+2903715]\nE       \tGetHandleVerifier [0x0x7ff71ae26aed+3026941]\nE       \tGetHandleVerifier [0x0x7ff71ab716fe+187406]\nE       \tGetHandleVerifier [0x0x7ff71ab796ef+220159]\nE       \tGetHandleVerifier [0x0x7ff71ab5faf4+114692]\nE       \tGetHandleVerifier [0x0x7ff71ab5fca9+115129]\nE       \tGetHandleVerifier [0x0x7ff71ab464d8+10728]\nE       \tBaseThreadInitThunk [0x0x7ffcaf5c7374+20]\nE       \tRtlUserThreadStart [0x0x7ffcb055cc91+33]\n\nmyenv\\lib\\site-packages\\selenium\\webdriver\\support\\wait.py:138: TimeoutException\n\nDuring handling of the above exception, another exception occurred:\n\nself = <test_item.test_personal.TestPersonalPage object at 0x000001B950DC7D90>\nlogin_to_personal = <selenium.webdriver.chrome.webdriver.WebDriver (session=\"6f3f32f70303e477076d5386ff3187c4\")>\n\n    @allure.story(\"切换后重新启动，设置不变，切换回常用风格\")\n    # @pytest.mark.run(order=1)\n    def test_personal_switchformat2(self, login_to_personal):\n        driver = login_to_personal  # WebDriver 实例\n        personal = PersonalPage(driver)  # 用 driver 初始化 PersonalPage\n>       personal.go_setting_page()\n\nTests\\test_item\\test_personal.py:249: \n_ _ _ _ _ _ _ _ _ _ _ _ _ _ _ _ _ _ _ _ _ _ _ _ _ _ _ _ _ _ _ _ _ _ _ _ _ _ _ _ _ _ _ _ _ _ _ _ _ _ _ _ _ _ _ _ _ _ _ _ _ _ _ _ _ _ _ _ _ _ _ _ _ _ _ _ _ _ _ _ _ _ _ _ _ _ _ _ _ _ _ _\nPages\\personal_page.py:86: in go_setting_page\n    self.click_button('//div[@class=\"flex-alignItems-center\"]')\nPages\\personal_page.py:27: in click_button\n    self.click(By.XPATH, xpath)\n_ _ _ _ _ _ _ _ _ _ _ _ _ _ _ _ _ _ _ _ _ _ _ _ _ _ _ _ _ _ _ _ _ _ _ _ _ _ _ _ _ _ _ _ _ _ _ _ _ _ _ _ _ _ _ _ _ _ _ _ _ _ _ _ _ _ _ _ _ _ _ _ _ _ _ _ _ _ _ _ _ _ _ _ _ _ _ _ _ _ _ _\n\nself = <Pages.personal_page.PersonalPage object at 0x000001B951BA7DC0>, by_or_element = 'xpath', value = '//div[@class=\"flex-alignItems-center\"]', wait_time = 10\n\n    def click(self, by_or_element, value=None, wait_time=10):\n        if value is not None:\n            by = by_or_element\n            logging.info(f\"点击元素：By = {by}, Value = {value}\")\n            try:\n                element = WebDriverWait(self.driver, wait_time).until(\n                    EC.element_to_be_clickable((by, value))\n                )\n            except TimeoutException:\n                logging.warning(f\"❌ 点击超时：元素 {by} = {value} 未在 {wait_time} 秒内变为可点击\")\n                self.safe_screenshot(\"click_timeout\", test_name=\"test\")\n>               raise TimeoutException(f\"点击失败，找不到元素：{by} = {value}\")\nE               selenium.common.exceptions.TimeoutException: Message: 点击失败，找不到元素：xpath = //div[@class=\"flex-alignItems-center\"]\n\nPages\\base_page.py:48: TimeoutException","flaky":false,"newFailed":false,"newBroken":false,"newPassed":false,"retriesCount":0,"retriesStatusChange":false,"beforeStages":[{"name":"login_to_personal","time":{"start":1752675860637,"stop":1752675867030,"duration":6393},"status":"passed","steps":[],"attachments":[],"parameters":[],"hasContent":false,"attachmentStep":false,"stepsCount":0,"attachmentsCount":0,"shouldDisplayMessage":false}],"testStage":{"status":"broken","statusMessage":"selenium.common.exceptions.TimeoutException: Message: 点击失败，找不到元素：xpath = //div[@class=\"flex-alignItems-center\"]","statusTrace":"self = <Pages.personal_page.PersonalPage object at 0x000001B951BA7DC0>, by_or_element = 'xpath', value = '//div[@class=\"flex-alignItems-center\"]', wait_time = 10\n\n    def click(self, by_or_element, value=None, wait_time=10):\n        if value is not None:\n            by = by_or_element\n            logging.info(f\"点击元素：By = {by}, Value = {value}\")\n            try:\n>               element = WebDriverWait(self.driver, wait_time).until(\n                    EC.element_to_be_clickable((by, value))\n                )\n\nPages\\base_page.py:42: \n_ _ _ _ _ _ _ _ _ _ _ _ _ _ _ _ _ _ _ _ _ _ _ _ _ _ _ _ _ _ _ _ _ _ _ _ _ _ _ _ _ _ _ _ _ _ _ _ _ _ _ _ _ _ _ _ _ _ _ _ _ _ _ _ _ _ _ _ _ _ _ _ _ _ _ _ _ _ _ _ _ _ _ _ _ _ _ _ _ _ _ _\n\nself = <selenium.webdriver.support.wait.WebDriverWait (session=\"6f3f32f70303e477076d5386ff3187c4\")>\nmethod = <function element_to_be_clickable.<locals>._predicate at 0x000001B951C61FC0>, message = ''\n\n    def until(self, method: Callable[[D], Union[Literal[False], T]], message: str = \"\") -> T:\n        \"\"\"Wait until the method returns a value that is not False.\n    \n        Calls the method provided with the driver as an argument until the\n        return value does not evaluate to ``False``.\n    \n        Parameters:\n        -----------\n        method: callable(WebDriver)\n            - A callable object that takes a WebDriver instance as an argument.\n    \n        message: str\n            - Optional message for :exc:`TimeoutException`\n    \n        Return:\n        -------\n        object: T\n            - The result of the last call to `method`\n    \n        Raises:\n        -------\n        TimeoutException\n            - If 'method' does not return a truthy value within the WebDriverWait\n            object's timeout\n    \n        Example:\n        --------\n        >>> from selenium.webdriver.common.by import By\n        >>> from selenium.webdriver.support.ui import WebDriverWait\n        >>> from selenium.webdriver.support import expected_conditions as EC\n    \n        # Wait until an element is visible on the page\n        >>> wait = WebDriverWait(driver, 10)\n        >>> element = wait.until(EC.visibility_of_element_located((By.ID, \"exampleId\")))\n        >>> print(element.text)\n        \"\"\"\n        screen = None\n        stacktrace = None\n    \n        end_time = time.monotonic() + self._timeout\n        while True:\n            try:\n                value = method(self._driver)\n                if value:\n                    return value\n            except self._ignored_exceptions as exc:\n                screen = getattr(exc, \"screen\", None)\n                stacktrace = getattr(exc, \"stacktrace\", None)\n            if time.monotonic() > end_time:\n                break\n            time.sleep(self._poll)\n>       raise TimeoutException(message, screen, stacktrace)\nE       selenium.common.exceptions.TimeoutException: Message: \nE       Stacktrace:\nE       \tGetHandleVerifier [0x0x7ff71ab56f65+78965]\nE       \tGetHandleVerifier [0x0x7ff71ab56fc0+79056]\nE       \t(No symbol) [0x0x7ff71a8e9dda]\nE       \t(No symbol) [0x0x7ff71a9402ea]\nE       \t(No symbol) [0x0x7ff71a94059c]\nE       \t(No symbol) [0x0x7ff71a993f37]\nE       \t(No symbol) [0x0x7ff71a9686af]\nE       \t(No symbol) [0x0x7ff71a990dbe]\nE       \t(No symbol) [0x0x7ff71a968443]\nE       \t(No symbol) [0x0x7ff71a931311]\nE       \t(No symbol) [0x0x7ff71a9320a3]\nE       \tGetHandleVerifier [0x0x7ff71ae0e26d+2926461]\nE       \tGetHandleVerifier [0x0x7ff71ae08993+2903715]\nE       \tGetHandleVerifier [0x0x7ff71ae26aed+3026941]\nE       \tGetHandleVerifier [0x0x7ff71ab716fe+187406]\nE       \tGetHandleVerifier [0x0x7ff71ab796ef+220159]\nE       \tGetHandleVerifier [0x0x7ff71ab5faf4+114692]\nE       \tGetHandleVerifier [0x0x7ff71ab5fca9+115129]\nE       \tGetHandleVerifier [0x0x7ff71ab464d8+10728]\nE       \tBaseThreadInitThunk [0x0x7ffcaf5c7374+20]\nE       \tRtlUserThreadStart [0x0x7ffcb055cc91+33]\n\nmyenv\\lib\\site-packages\\selenium\\webdriver\\support\\wait.py:138: TimeoutException\n\nDuring handling of the above exception, another exception occurred:\n\nself = <test_item.test_personal.TestPersonalPage object at 0x000001B950DC7D90>\nlogin_to_personal = <selenium.webdriver.chrome.webdriver.WebDriver (session=\"6f3f32f70303e477076d5386ff3187c4\")>\n\n    @allure.story(\"切换后重新启动，设置不变，切换回常用风格\")\n    # @pytest.mark.run(order=1)\n    def test_personal_switchformat2(self, login_to_personal):\n        driver = login_to_personal  # WebDriver 实例\n        personal = PersonalPage(driver)  # 用 driver 初始化 PersonalPage\n>       personal.go_setting_page()\n\nTests\\test_item\\test_personal.py:249: \n_ _ _ _ _ _ _ _ _ _ _ _ _ _ _ _ _ _ _ _ _ _ _ _ _ _ _ _ _ _ _ _ _ _ _ _ _ _ _ _ _ _ _ _ _ _ _ _ _ _ _ _ _ _ _ _ _ _ _ _ _ _ _ _ _ _ _ _ _ _ _ _ _ _ _ _ _ _ _ _ _ _ _ _ _ _ _ _ _ _ _ _\nPages\\personal_page.py:86: in go_setting_page\n    self.click_button('//div[@class=\"flex-alignItems-center\"]')\nPages\\personal_page.py:27: in click_button\n    self.click(By.XPATH, xpath)\n_ _ _ _ _ _ _ _ _ _ _ _ _ _ _ _ _ _ _ _ _ _ _ _ _ _ _ _ _ _ _ _ _ _ _ _ _ _ _ _ _ _ _ _ _ _ _ _ _ _ _ _ _ _ _ _ _ _ _ _ _ _ _ _ _ _ _ _ _ _ _ _ _ _ _ _ _ _ _ _ _ _ _ _ _ _ _ _ _ _ _ _\n\nself = <Pages.personal_page.PersonalPage object at 0x000001B951BA7DC0>, by_or_element = 'xpath', value = '//div[@class=\"flex-alignItems-center\"]', wait_time = 10\n\n    def click(self, by_or_element, value=None, wait_time=10):\n        if value is not None:\n            by = by_or_element\n            logging.info(f\"点击元素：By = {by}, Value = {value}\")\n            try:\n                element = WebDriverWait(self.driver, wait_time).until(\n                    EC.element_to_be_clickable((by, value))\n                )\n            except TimeoutException:\n                logging.warning(f\"❌ 点击超时：元素 {by} = {value} 未在 {wait_time} 秒内变为可点击\")\n                self.safe_screenshot(\"click_timeout\", test_name=\"test\")\n>               raise TimeoutException(f\"点击失败，找不到元素：{by} = {value}\")\nE               selenium.common.exceptions.TimeoutException: Message: 点击失败，找不到元素：xpath = //div[@class=\"flex-alignItems-center\"]\n\nPages\\base_page.py:48: TimeoutException","steps":[],"attachments":[{"uid":"3c7cd5e58173d76d","name":"test_click_timeout","source":"3c7cd5e58173d76d.png","type":"image/png","size":196614},{"uid":"b7582be8f94cbadd","name":"log","source":"b7582be8f94cbadd.txt","type":"text/plain","size":860}],"parameters":[],"hasContent":true,"attachmentStep":false,"stepsCount":0,"attachmentsCount":2,"shouldDisplayMessage":true},"afterStages":[{"name":"login_to_personal::0","time":{"start":1752675877360,"stop":1752675879480,"duration":2120},"status":"passed","steps":[],"attachments":[],"parameters":[],"hasContent":false,"attachmentStep":false,"stepsCount":0,"attachmentsCount":0,"shouldDisplayMessage":false}],"labels":[{"name":"story","value":"切换后重新启动，设置不变，切换回常用风格"},{"name":"feature","value":"个人设置测试用例"},{"name":"parentSuite","value":"Tests.test_item"},{"name":"suite","value":"test_personal"},{"name":"subSuite","value":"TestPersonalPage"},{"name":"host","value":"WIN-20240820MJV"},{"name":"thread","value":"30052-MainThread"},{"name":"framework","value":"pytest"},{"name":"language","value":"cpython3"},{"name":"package","value":"Tests.test_item.test_personal"},{"name":"resultFormat","value":"allure2"}],"parameters":[],"links":[],"hidden":false,"retry":false,"extra":{"severity":"normal","retries":[],"categories":[{"name":"Test defects","matchedStatuses":[]}],"tags":[]},"source":"7d94597a7791d04a.json","parameterValues":[]}