{"uid":"937ebeb7d9c5c137","name":"test_coverage_restart","fullName":"Tests.test_items.test_coverage.TestCoveragePage#test_coverage_restart","historyId":"c66fe9d1503e51682680c1e8c400772f","time":{"start":1760966665694,"stop":1760966674356,"duration":8662},"status":"broken","statusMessage":"selenium.common.exceptions.NoSuchElementException: Message: no such element: Unable to locate element: {\"method\":\"xpath\",\"selector\":\"(//div[@id=\"canvasGird0\"]//table[@class=\"vxe-table--body\"])[1]//tr[1]\"}\n  (Session info: chrome=137.0.7151.69); For documentation on this error, please visit: https://www.selenium.dev/documentation/webdriver/troubleshooting/errors#no-such-element-exception\nStacktrace:\n\tGetHandleVerifier [0x0x7ff613186f65+78965]\n\tGetHandleVerifier [0x0x7ff613186fc0+79056]\n\t(No symbol) [0x0x7ff612f19dda]\n\t(No symbol) [0x0x7ff612f702ea]\n\t(No symbol) [0x0x7ff612f7059c]\n\t(No symbol) [0x0x7ff612fc3f37]\n\t(No symbol) [0x0x7ff612f986af]\n\t(No symbol) [0x0x7ff612fc0dbe]\n\t(No symbol) [0x0x7ff612f98443]\n\t(No symbol) [0x0x7ff612f61311]\n\t(No symbol) [0x0x7ff612f620a3]\n\tGetHandleVerifier [0x0x7ff61343e26d+2926461]\n\tGetHandleVerifier [0x0x7ff613438993+2903715]\n\tGetHandleVerifier [0x0x7ff613456aed+3026941]\n\tGetHandleVerifier [0x0x7ff6131a16fe+187406]\n\tGetHandleVerifier [0x0x7ff6131a96ef+220159]\n\tGetHandleVerifier [0x0x7ff61318faf4+114692]\n\tGetHandleVerifier [0x0x7ff61318fca9+115129]\n\tGetHandleVerifier [0x0x7ff6131764d8+10728]\n\tBaseThreadInitThunk [0x0x7fff4faa7374+20]\n\tRtlUserThreadStart [0x0x7fff513dcc91+33]","statusTrace":"self = <test_items.test_coverage.TestCoveragePage object at 0x0000014AE2B05FF0>, login_to_coverage = <selenium.webdriver.chrome.webdriver.WebDriver (session=\"f3f52284658be1f5fcd004e48a6a3aaf\")>\n\n    @allure.story(\"重新打开浏览器，数据还存在\")\n    # @pytest.mark.run(order=1)\n    def test_coverage_restart(self, login_to_coverage):\n        driver = login_to_coverage  # WebDriver 实例\n        coverage = Coverage(driver)  # 用 driver 初始化 Coverage\n        shared_data = SharedDataUtil.load_data()\n        resource = shared_data.get(\"resource\")\n        start = shared_data.get(\"start\")\n        end = shared_data.get(\"end\")\n        selClass = shared_data.get(\"selClass\")\n        data_list = \"20\"\n        sleep(1)\n        coverage.click_button('//span[text()=\" 更新时间\"]/following-sibling::div')\n        sleep(1)\n        coverage.click_button('//span[text()=\" 更新时间\"]/following-sibling::div')\n        sleep(1)\n        # 缩放到最小（例如 25%）\n        driver.execute_script(\"document.body.style.zoom='0.25'\")\n        sleep(1)\n    \n        row_xpath = '(//div[@id=\"canvasGird0\"]//table[@class=\"vxe-table--body\"])[1]//tr[1]'\n        # 获取目标行\n>       target_row = driver.find_element(By.XPATH, row_xpath)\n\nTests\\test_items\\test_coverage.py:588: \n_ _ _ _ _ _ _ _ _ _ _ _ _ _ _ _ _ _ _ _ _ _ _ _ _ _ _ _ _ _ _ _ _ _ _ _ _ _ _ _ _ _ _ _ _ _ _ _ _ _ _ _ _ _ _ _ _ _ _ _ _ _ _ _ _ _ _ _ _ _ _ _ _ _ _ _ _ _ _ _ _ _ _ _ _ _ _ _ _ _ _ _ _ _ _ _ _ _ _ _ _ _ _ _ _ _ _ _ _ _ _ _ _ _ _ _\nmyenv\\lib\\site-packages\\selenium\\webdriver\\remote\\webdriver.py:914: in find_element\n    return self.execute(Command.FIND_ELEMENT, {\"using\": by, \"value\": value})[\"value\"]\nmyenv\\lib\\site-packages\\selenium\\webdriver\\remote\\webdriver.py:447: in execute\n    self.error_handler.check_response(response)\n_ _ _ _ _ _ _ _ _ _ _ _ _ _ _ _ _ _ _ _ _ _ _ _ _ _ _ _ _ _ _ _ _ _ _ _ _ _ _ _ _ _ _ _ _ _ _ _ _ _ _ _ _ _ _ _ _ _ _ _ _ _ _ _ _ _ _ _ _ _ _ _ _ _ _ _ _ _ _ _ _ _ _ _ _ _ _ _ _ _ _ _ _ _ _ _ _ _ _ _ _ _ _ _ _ _ _ _ _ _ _ _ _ _ _ _\n\nself = <selenium.webdriver.remote.errorhandler.ErrorHandler object at 0x0000014AE2C8BAF0>\nresponse = {'status': 404, 'value': '{\"value\":{\"error\":\"no such element\",\"message\":\"no such element: Unable to locate element: {\\...ff6131764d8+10728]\\\\n\\\\tBaseThreadInitThunk [0x0x7fff4faa7374+20]\\\\n\\\\tRtlUserThreadStart [0x0x7fff513dcc91+33]\\\\n\"}}'}\n\n    def check_response(self, response: Dict[str, Any]) -> None:\n        \"\"\"Checks that a JSON response from the WebDriver does not have an\n        error.\n    \n        :Args:\n         - response - The JSON response from the WebDriver server as a dictionary\n           object.\n    \n        :Raises: If the response contains an error message.\n        \"\"\"\n        status = response.get(\"status\", None)\n        if not status or status == ErrorCode.SUCCESS:\n            return\n        value = None\n        message = response.get(\"message\", \"\")\n        screen: str = response.get(\"screen\", \"\")\n        stacktrace = None\n        if isinstance(status, int):\n            value_json = response.get(\"value\", None)\n            if value_json and isinstance(value_json, str):\n                import json\n    \n                try:\n                    value = json.loads(value_json)\n                    if len(value) == 1:\n                        value = value[\"value\"]\n                    status = value.get(\"error\", None)\n                    if not status:\n                        status = value.get(\"status\", ErrorCode.UNKNOWN_ERROR)\n                        message = value.get(\"value\") or value.get(\"message\")\n                        if not isinstance(message, str):\n                            value = message\n                            message = message.get(\"message\")\n                    else:\n                        message = value.get(\"message\", None)\n                except ValueError:\n                    pass\n    \n        exception_class: Type[WebDriverException]\n        e = ErrorCode()\n        error_codes = [item for item in dir(e) if not item.startswith(\"__\")]\n        for error_code in error_codes:\n            error_info = getattr(ErrorCode, error_code)\n            if isinstance(error_info, list) and status in error_info:\n                exception_class = getattr(ExceptionMapping, error_code, WebDriverException)\n                break\n        else:\n            exception_class = WebDriverException\n    \n        if not value:\n            value = response[\"value\"]\n        if isinstance(value, str):\n            raise exception_class(value)\n        if message == \"\" and \"message\" in value:\n            message = value[\"message\"]\n    \n        screen = None  # type: ignore[assignment]\n        if \"screen\" in value:\n            screen = value[\"screen\"]\n    \n        stacktrace = None\n        st_value = value.get(\"stackTrace\") or value.get(\"stacktrace\")\n        if st_value:\n            if isinstance(st_value, str):\n                stacktrace = st_value.split(\"\\n\")\n            else:\n                stacktrace = []\n                try:\n                    for frame in st_value:\n                        line = frame.get(\"lineNumber\", \"\")\n                        file = frame.get(\"fileName\", \"<anonymous>\")\n                        if line:\n                            file = f\"{file}:{line}\"\n                        meth = frame.get(\"methodName\", \"<anonymous>\")\n                        if \"className\" in frame:\n                            meth = f\"{frame['className']}.{meth}\"\n                        msg = \"    at %s (%s)\"\n                        msg = msg % (meth, file)\n                        stacktrace.append(msg)\n                except TypeError:\n                    pass\n        if exception_class == UnexpectedAlertPresentException:\n            alert_text = None\n            if \"data\" in value:\n                alert_text = value[\"data\"].get(\"text\")\n            elif \"alert\" in value:\n                alert_text = value[\"alert\"].get(\"text\")\n            raise exception_class(message, screen, stacktrace, alert_text)  # type: ignore[call-arg]  # mypy is not smart enough here\n>       raise exception_class(message, screen, stacktrace)\nE       selenium.common.exceptions.NoSuchElementException: Message: no such element: Unable to locate element: {\"method\":\"xpath\",\"selector\":\"(//div[@id=\"canvasGird0\"]//table[@class=\"vxe-table--body\"])[1]//tr[1]\"}\nE         (Session info: chrome=137.0.7151.69); For documentation on this error, please visit: https://www.selenium.dev/documentation/webdriver/troubleshooting/errors#no-such-element-exception\nE       Stacktrace:\nE       \tGetHandleVerifier [0x0x7ff613186f65+78965]\nE       \tGetHandleVerifier [0x0x7ff613186fc0+79056]\nE       \t(No symbol) [0x0x7ff612f19dda]\nE       \t(No symbol) [0x0x7ff612f702ea]\nE       \t(No symbol) [0x0x7ff612f7059c]\nE       \t(No symbol) [0x0x7ff612fc3f37]\nE       \t(No symbol) [0x0x7ff612f986af]\nE       \t(No symbol) [0x0x7ff612fc0dbe]\nE       \t(No symbol) [0x0x7ff612f98443]\nE       \t(No symbol) [0x0x7ff612f61311]\nE       \t(No symbol) [0x0x7ff612f620a3]\nE       \tGetHandleVerifier [0x0x7ff61343e26d+2926461]\nE       \tGetHandleVerifier [0x0x7ff613438993+2903715]\nE       \tGetHandleVerifier [0x0x7ff613456aed+3026941]\nE       \tGetHandleVerifier [0x0x7ff6131a16fe+187406]\nE       \tGetHandleVerifier [0x0x7ff6131a96ef+220159]\nE       \tGetHandleVerifier [0x0x7ff61318faf4+114692]\nE       \tGetHandleVerifier [0x0x7ff61318fca9+115129]\nE       \tGetHandleVerifier [0x0x7ff6131764d8+10728]\nE       \tBaseThreadInitThunk [0x0x7fff4faa7374+20]\nE       \tRtlUserThreadStart [0x0x7fff513dcc91+33]\n\nmyenv\\lib\\site-packages\\selenium\\webdriver\\remote\\errorhandler.py:232: NoSuchElementException","flaky":false,"newFailed":false,"newBroken":false,"newPassed":false,"retriesCount":0,"retriesStatusChange":false,"beforeStages":[{"name":"login_to_coverage","time":{"start":1760966652425,"stop":1760966665690,"duration":13265},"status":"passed","steps":[],"attachments":[],"parameters":[],"hasContent":false,"stepsCount":0,"attachmentStep":false,"shouldDisplayMessage":false,"attachmentsCount":0}],"testStage":{"status":"broken","statusMessage":"selenium.common.exceptions.NoSuchElementException: Message: no such element: Unable to locate element: {\"method\":\"xpath\",\"selector\":\"(//div[@id=\"canvasGird0\"]//table[@class=\"vxe-table--body\"])[1]//tr[1]\"}\n  (Session info: chrome=137.0.7151.69); For documentation on this error, please visit: https://www.selenium.dev/documentation/webdriver/troubleshooting/errors#no-such-element-exception\nStacktrace:\n\tGetHandleVerifier [0x0x7ff613186f65+78965]\n\tGetHandleVerifier [0x0x7ff613186fc0+79056]\n\t(No symbol) [0x0x7ff612f19dda]\n\t(No symbol) [0x0x7ff612f702ea]\n\t(No symbol) [0x0x7ff612f7059c]\n\t(No symbol) [0x0x7ff612fc3f37]\n\t(No symbol) [0x0x7ff612f986af]\n\t(No symbol) [0x0x7ff612fc0dbe]\n\t(No symbol) [0x0x7ff612f98443]\n\t(No symbol) [0x0x7ff612f61311]\n\t(No symbol) [0x0x7ff612f620a3]\n\tGetHandleVerifier [0x0x7ff61343e26d+2926461]\n\tGetHandleVerifier [0x0x7ff613438993+2903715]\n\tGetHandleVerifier [0x0x7ff613456aed+3026941]\n\tGetHandleVerifier [0x0x7ff6131a16fe+187406]\n\tGetHandleVerifier [0x0x7ff6131a96ef+220159]\n\tGetHandleVerifier [0x0x7ff61318faf4+114692]\n\tGetHandleVerifier [0x0x7ff61318fca9+115129]\n\tGetHandleVerifier [0x0x7ff6131764d8+10728]\n\tBaseThreadInitThunk [0x0x7fff4faa7374+20]\n\tRtlUserThreadStart [0x0x7fff513dcc91+33]","statusTrace":"self = <test_items.test_coverage.TestCoveragePage object at 0x0000014AE2B05FF0>, login_to_coverage = <selenium.webdriver.chrome.webdriver.WebDriver (session=\"f3f52284658be1f5fcd004e48a6a3aaf\")>\n\n    @allure.story(\"重新打开浏览器，数据还存在\")\n    # @pytest.mark.run(order=1)\n    def test_coverage_restart(self, login_to_coverage):\n        driver = login_to_coverage  # WebDriver 实例\n        coverage = Coverage(driver)  # 用 driver 初始化 Coverage\n        shared_data = SharedDataUtil.load_data()\n        resource = shared_data.get(\"resource\")\n        start = shared_data.get(\"start\")\n        end = shared_data.get(\"end\")\n        selClass = shared_data.get(\"selClass\")\n        data_list = \"20\"\n        sleep(1)\n        coverage.click_button('//span[text()=\" 更新时间\"]/following-sibling::div')\n        sleep(1)\n        coverage.click_button('//span[text()=\" 更新时间\"]/following-sibling::div')\n        sleep(1)\n        # 缩放到最小（例如 25%）\n        driver.execute_script(\"document.body.style.zoom='0.25'\")\n        sleep(1)\n    \n        row_xpath = '(//div[@id=\"canvasGird0\"]//table[@class=\"vxe-table--body\"])[1]//tr[1]'\n        # 获取目标行\n>       target_row = driver.find_element(By.XPATH, row_xpath)\n\nTests\\test_items\\test_coverage.py:588: \n_ _ _ _ _ _ _ _ _ _ _ _ _ _ _ _ _ _ _ _ _ _ _ _ _ _ _ _ _ _ _ _ _ _ _ _ _ _ _ _ _ _ _ _ _ _ _ _ _ _ _ _ _ _ _ _ _ _ _ _ _ _ _ _ _ _ _ _ _ _ _ _ _ _ _ _ _ _ _ _ _ _ _ _ _ _ _ _ _ _ _ _ _ _ _ _ _ _ _ _ _ _ _ _ _ _ _ _ _ _ _ _ _ _ _ _\nmyenv\\lib\\site-packages\\selenium\\webdriver\\remote\\webdriver.py:914: in find_element\n    return self.execute(Command.FIND_ELEMENT, {\"using\": by, \"value\": value})[\"value\"]\nmyenv\\lib\\site-packages\\selenium\\webdriver\\remote\\webdriver.py:447: in execute\n    self.error_handler.check_response(response)\n_ _ _ _ _ _ _ _ _ _ _ _ _ _ _ _ _ _ _ _ _ _ _ _ _ _ _ _ _ _ _ _ _ _ _ _ _ _ _ _ _ _ _ _ _ _ _ _ _ _ _ _ _ _ _ _ _ _ _ _ _ _ _ _ _ _ _ _ _ _ _ _ _ _ _ _ _ _ _ _ _ _ _ _ _ _ _ _ _ _ _ _ _ _ _ _ _ _ _ _ _ _ _ _ _ _ _ _ _ _ _ _ _ _ _ _\n\nself = <selenium.webdriver.remote.errorhandler.ErrorHandler object at 0x0000014AE2C8BAF0>\nresponse = {'status': 404, 'value': '{\"value\":{\"error\":\"no such element\",\"message\":\"no such element: Unable to locate element: {\\...ff6131764d8+10728]\\\\n\\\\tBaseThreadInitThunk [0x0x7fff4faa7374+20]\\\\n\\\\tRtlUserThreadStart [0x0x7fff513dcc91+33]\\\\n\"}}'}\n\n    def check_response(self, response: Dict[str, Any]) -> None:\n        \"\"\"Checks that a JSON response from the WebDriver does not have an\n        error.\n    \n        :Args:\n         - response - The JSON response from the WebDriver server as a dictionary\n           object.\n    \n        :Raises: If the response contains an error message.\n        \"\"\"\n        status = response.get(\"status\", None)\n        if not status or status == ErrorCode.SUCCESS:\n            return\n        value = None\n        message = response.get(\"message\", \"\")\n        screen: str = response.get(\"screen\", \"\")\n        stacktrace = None\n        if isinstance(status, int):\n            value_json = response.get(\"value\", None)\n            if value_json and isinstance(value_json, str):\n                import json\n    \n                try:\n                    value = json.loads(value_json)\n                    if len(value) == 1:\n                        value = value[\"value\"]\n                    status = value.get(\"error\", None)\n                    if not status:\n                        status = value.get(\"status\", ErrorCode.UNKNOWN_ERROR)\n                        message = value.get(\"value\") or value.get(\"message\")\n                        if not isinstance(message, str):\n                            value = message\n                            message = message.get(\"message\")\n                    else:\n                        message = value.get(\"message\", None)\n                except ValueError:\n                    pass\n    \n        exception_class: Type[WebDriverException]\n        e = ErrorCode()\n        error_codes = [item for item in dir(e) if not item.startswith(\"__\")]\n        for error_code in error_codes:\n            error_info = getattr(ErrorCode, error_code)\n            if isinstance(error_info, list) and status in error_info:\n                exception_class = getattr(ExceptionMapping, error_code, WebDriverException)\n                break\n        else:\n            exception_class = WebDriverException\n    \n        if not value:\n            value = response[\"value\"]\n        if isinstance(value, str):\n            raise exception_class(value)\n        if message == \"\" and \"message\" in value:\n            message = value[\"message\"]\n    \n        screen = None  # type: ignore[assignment]\n        if \"screen\" in value:\n            screen = value[\"screen\"]\n    \n        stacktrace = None\n        st_value = value.get(\"stackTrace\") or value.get(\"stacktrace\")\n        if st_value:\n            if isinstance(st_value, str):\n                stacktrace = st_value.split(\"\\n\")\n            else:\n                stacktrace = []\n                try:\n                    for frame in st_value:\n                        line = frame.get(\"lineNumber\", \"\")\n                        file = frame.get(\"fileName\", \"<anonymous>\")\n                        if line:\n                            file = f\"{file}:{line}\"\n                        meth = frame.get(\"methodName\", \"<anonymous>\")\n                        if \"className\" in frame:\n                            meth = f\"{frame['className']}.{meth}\"\n                        msg = \"    at %s (%s)\"\n                        msg = msg % (meth, file)\n                        stacktrace.append(msg)\n                except TypeError:\n                    pass\n        if exception_class == UnexpectedAlertPresentException:\n            alert_text = None\n            if \"data\" in value:\n                alert_text = value[\"data\"].get(\"text\")\n            elif \"alert\" in value:\n                alert_text = value[\"alert\"].get(\"text\")\n            raise exception_class(message, screen, stacktrace, alert_text)  # type: ignore[call-arg]  # mypy is not smart enough here\n>       raise exception_class(message, screen, stacktrace)\nE       selenium.common.exceptions.NoSuchElementException: Message: no such element: Unable to locate element: {\"method\":\"xpath\",\"selector\":\"(//div[@id=\"canvasGird0\"]//table[@class=\"vxe-table--body\"])[1]//tr[1]\"}\nE         (Session info: chrome=137.0.7151.69); For documentation on this error, please visit: https://www.selenium.dev/documentation/webdriver/troubleshooting/errors#no-such-element-exception\nE       Stacktrace:\nE       \tGetHandleVerifier [0x0x7ff613186f65+78965]\nE       \tGetHandleVerifier [0x0x7ff613186fc0+79056]\nE       \t(No symbol) [0x0x7ff612f19dda]\nE       \t(No symbol) [0x0x7ff612f702ea]\nE       \t(No symbol) [0x0x7ff612f7059c]\nE       \t(No symbol) [0x0x7ff612fc3f37]\nE       \t(No symbol) [0x0x7ff612f986af]\nE       \t(No symbol) [0x0x7ff612fc0dbe]\nE       \t(No symbol) [0x0x7ff612f98443]\nE       \t(No symbol) [0x0x7ff612f61311]\nE       \t(No symbol) [0x0x7ff612f620a3]\nE       \tGetHandleVerifier [0x0x7ff61343e26d+2926461]\nE       \tGetHandleVerifier [0x0x7ff613438993+2903715]\nE       \tGetHandleVerifier [0x0x7ff613456aed+3026941]\nE       \tGetHandleVerifier [0x0x7ff6131a16fe+187406]\nE       \tGetHandleVerifier [0x0x7ff6131a96ef+220159]\nE       \tGetHandleVerifier [0x0x7ff61318faf4+114692]\nE       \tGetHandleVerifier [0x0x7ff61318fca9+115129]\nE       \tGetHandleVerifier [0x0x7ff6131764d8+10728]\nE       \tBaseThreadInitThunk [0x0x7fff4faa7374+20]\nE       \tRtlUserThreadStart [0x0x7fff513dcc91+33]\n\nmyenv\\lib\\site-packages\\selenium\\webdriver\\remote\\errorhandler.py:232: NoSuchElementException","steps":[],"attachments":[{"uid":"83583835740f8458","name":"test_coverage_restart_failure","source":"83583835740f8458.png","type":"image/png","size":23810},{"uid":"7ff564c11b2d551f","name":"test_coverage_restart_source","source":"7ff564c11b2d551f.html","type":"text/html","size":1227647},{"uid":"529ebef22084c7c5","name":"log","source":"529ebef22084c7c5.txt","type":"text/plain","size":1036}],"parameters":[],"hasContent":true,"stepsCount":0,"attachmentStep":false,"shouldDisplayMessage":true,"attachmentsCount":3},"afterStages":[{"name":"login_to_coverage::0","time":{"start":1760966674669,"stop":1760966676957,"duration":2288},"status":"passed","steps":[],"attachments":[],"parameters":[],"hasContent":false,"stepsCount":0,"attachmentStep":false,"shouldDisplayMessage":false,"attachmentsCount":0}],"labels":[{"name":"feature","value":"覆盖日历表测试用例"},{"name":"story","value":"重新打开浏览器，数据还存在"},{"name":"parentSuite","value":"Tests.test_items"},{"name":"suite","value":"test_coverage"},{"name":"subSuite","value":"TestCoveragePage"},{"name":"host","value":"WIN-20240820MJV"},{"name":"thread","value":"3232-MainThread"},{"name":"framework","value":"pytest"},{"name":"language","value":"cpython3"},{"name":"package","value":"Tests.test_items.test_coverage"},{"name":"resultFormat","value":"allure2"}],"parameters":[],"links":[],"hidden":false,"retry":false,"extra":{"severity":"normal","retries":[],"categories":[{"name":"Test defects","matchedStatuses":[]}],"tags":[]},"source":"937ebeb7d9c5c137.json","parameterValues":[]}