{"uid":"94027c3d22d81389","name":"test_menu_select3","fullName":"Tests.test_system.test_menu.TestSMenuPage#test_menu_select3","historyId":"b4c0a26ac863f4d6d2a0ae45ca9add54","time":{"start":1761077992751,"stop":1761078006524,"duration":13773},"status":"broken","statusMessage":"selenium.common.exceptions.TimeoutException: Message: \nStacktrace:\n\tGetHandleVerifier [0x0x7ff719876f65+78965]\n\tGetHandleVerifier [0x0x7ff719876fc0+79056]\n\t(No symbol) [0x0x7ff719609dda]\n\t(No symbol) [0x0x7ff7196602ea]\n\t(No symbol) [0x0x7ff71966059c]\n\t(No symbol) [0x0x7ff7196b3f37]\n\t(No symbol) [0x0x7ff7196886af]\n\t(No symbol) [0x0x7ff7196b0dbe]\n\t(No symbol) [0x0x7ff719688443]\n\t(No symbol) [0x0x7ff719651311]\n\t(No symbol) [0x0x7ff7196520a3]\n\tGetHandleVerifier [0x0x7ff719b2e26d+2926461]\n\tGetHandleVerifier [0x0x7ff719b28993+2903715]\n\tGetHandleVerifier [0x0x7ff719b46aed+3026941]\n\tGetHandleVerifier [0x0x7ff7198916fe+187406]\n\tGetHandleVerifier [0x0x7ff7198996ef+220159]\n\tGetHandleVerifier [0x0x7ff71987faf4+114692]\n\tGetHandleVerifier [0x0x7ff71987fca9+115129]\n\tGetHandleVerifier [0x0x7ff7198664d8+10728]\n\tBaseThreadInitThunk [0x0x7ffee1537374+20]\n\tRtlUserThreadStart [0x0x7ffee1a7cc91+33]","statusTrace":"self = <test_system.test_menu.TestSMenuPage object at 0x00000173A686CC40>, login_to_menu = <selenium.webdriver.chrome.webdriver.WebDriver (session=\"c157dcb6f31d21b7573342b83c59f192\")>\n\n    @allure.story(\"过滤条件查询，设置包含条件查询成功\")\n    # @pytest.mark.run(order=1)\n    def test_menu_select3(self, login_to_menu):\n        driver = login_to_menu  # WebDriver 实例\n        menu = ExpressionPage(driver)  # 用 driver 初始化 ExpressionPage\n        sleep(2)\n        name = \"Co\"\n        menu.click_button('//div[div[span[text()=\" 组件代码\"]]]/div[3]//i')\n>       menu.hover(\"包含\")\n\nTests\\test_system\\test_menu.py:719: \n_ _ _ _ _ _ _ _ _ _ _ _ _ _ _ _ _ _ _ _ _ _ _ _ _ _ _ _ _ _ _ _ _ _ _ _ _ _ _ _ _ _ _ _ _ _ _ _ _ _ _ _ _ _ _ _ _ _ _ _ _ _ _ _ _ _ _ _ _ _ _ _ _ _ _ _ _ _ _ _ _ _ _ _ _ _ _ _ _ _ _ _ _ _ _ _ _ _ _ _ _ _ _ _ _ _ _ _ _ _ _ _ _ _ _ _\nPages\\systemPage\\expression_page.py:118: in hover\n    container = self.get_find_element_xpath(\nPages\\systemPage\\expression_page.py:29: in get_find_element_xpath\n    return self.find_element(By.XPATH, xpath)\nPages\\base_page.py:28: in find_element\n    return WebDriverWait(self.driver, wait_time).until(\n_ _ _ _ _ _ _ _ _ _ _ _ _ _ _ _ _ _ _ _ _ _ _ _ _ _ _ _ _ _ _ _ _ _ _ _ _ _ _ _ _ _ _ _ _ _ _ _ _ _ _ _ _ _ _ _ _ _ _ _ _ _ _ _ _ _ _ _ _ _ _ _ _ _ _ _ _ _ _ _ _ _ _ _ _ _ _ _ _ _ _ _ _ _ _ _ _ _ _ _ _ _ _ _ _ _ _ _ _ _ _ _ _ _ _ _\n\nself = <selenium.webdriver.support.wait.WebDriverWait (session=\"c157dcb6f31d21b7573342b83c59f192\")>, method = <function presence_of_element_located.<locals>._predicate at 0x00000173A89936D0>, message = ''\n\n    def until(self, method: Callable[[D], Union[Literal[False], T]], message: str = \"\") -> T:\n        \"\"\"Wait until the method returns a value that is not False.\n    \n        Calls the method provided with the driver as an argument until the\n        return value does not evaluate to ``False``.\n    \n        Parameters:\n        -----------\n        method: callable(WebDriver)\n            - A callable object that takes a WebDriver instance as an argument.\n    \n        message: str\n            - Optional message for :exc:`TimeoutException`\n    \n        Return:\n        -------\n        object: T\n            - The result of the last call to `method`\n    \n        Raises:\n        -------\n        TimeoutException\n            - If 'method' does not return a truthy value within the WebDriverWait\n            object's timeout\n    \n        Example:\n        --------\n        >>> from selenium.webdriver.common.by import By\n        >>> from selenium.webdriver.support.ui import WebDriverWait\n        >>> from selenium.webdriver.support import expected_conditions as EC\n    \n        # Wait until an element is visible on the page\n        >>> wait = WebDriverWait(driver, 10)\n        >>> element = wait.until(EC.visibility_of_element_located((By.ID, \"exampleId\")))\n        >>> print(element.text)\n        \"\"\"\n        screen = None\n        stacktrace = None\n    \n        end_time = time.monotonic() + self._timeout\n        while True:\n            try:\n                value = method(self._driver)\n                if value:\n                    return value\n            except self._ignored_exceptions as exc:\n                screen = getattr(exc, \"screen\", None)\n                stacktrace = getattr(exc, \"stacktrace\", None)\n            if time.monotonic() > end_time:\n                break\n            time.sleep(self._poll)\n>       raise TimeoutException(message, screen, stacktrace)\nE       selenium.common.exceptions.TimeoutException: Message: \nE       Stacktrace:\nE       \tGetHandleVerifier [0x0x7ff719876f65+78965]\nE       \tGetHandleVerifier [0x0x7ff719876fc0+79056]\nE       \t(No symbol) [0x0x7ff719609dda]\nE       \t(No symbol) [0x0x7ff7196602ea]\nE       \t(No symbol) [0x0x7ff71966059c]\nE       \t(No symbol) [0x0x7ff7196b3f37]\nE       \t(No symbol) [0x0x7ff7196886af]\nE       \t(No symbol) [0x0x7ff7196b0dbe]\nE       \t(No symbol) [0x0x7ff719688443]\nE       \t(No symbol) [0x0x7ff719651311]\nE       \t(No symbol) [0x0x7ff7196520a3]\nE       \tGetHandleVerifier [0x0x7ff719b2e26d+2926461]\nE       \tGetHandleVerifier [0x0x7ff719b28993+2903715]\nE       \tGetHandleVerifier [0x0x7ff719b46aed+3026941]\nE       \tGetHandleVerifier [0x0x7ff7198916fe+187406]\nE       \tGetHandleVerifier [0x0x7ff7198996ef+220159]\nE       \tGetHandleVerifier [0x0x7ff71987faf4+114692]\nE       \tGetHandleVerifier [0x0x7ff71987fca9+115129]\nE       \tGetHandleVerifier [0x0x7ff7198664d8+10728]\nE       \tBaseThreadInitThunk [0x0x7ffee1537374+20]\nE       \tRtlUserThreadStart [0x0x7ffee1a7cc91+33]\n\nmyenv\\lib\\site-packages\\selenium\\webdriver\\support\\wait.py:138: TimeoutException","flaky":false,"newFailed":false,"newBroken":false,"newPassed":false,"retriesCount":1,"retriesStatusChange":false,"beforeStages":[{"name":"login_to_menu","time":{"start":1761077979313,"stop":1761077992749,"duration":13436},"status":"passed","steps":[],"attachments":[],"parameters":[],"attachmentsCount":0,"shouldDisplayMessage":false,"stepsCount":0,"hasContent":false,"attachmentStep":false}],"testStage":{"status":"broken","statusMessage":"selenium.common.exceptions.TimeoutException: Message: \nStacktrace:\n\tGetHandleVerifier [0x0x7ff719876f65+78965]\n\tGetHandleVerifier [0x0x7ff719876fc0+79056]\n\t(No symbol) [0x0x7ff719609dda]\n\t(No symbol) [0x0x7ff7196602ea]\n\t(No symbol) [0x0x7ff71966059c]\n\t(No symbol) [0x0x7ff7196b3f37]\n\t(No symbol) [0x0x7ff7196886af]\n\t(No symbol) [0x0x7ff7196b0dbe]\n\t(No symbol) [0x0x7ff719688443]\n\t(No symbol) [0x0x7ff719651311]\n\t(No symbol) [0x0x7ff7196520a3]\n\tGetHandleVerifier [0x0x7ff719b2e26d+2926461]\n\tGetHandleVerifier [0x0x7ff719b28993+2903715]\n\tGetHandleVerifier [0x0x7ff719b46aed+3026941]\n\tGetHandleVerifier [0x0x7ff7198916fe+187406]\n\tGetHandleVerifier [0x0x7ff7198996ef+220159]\n\tGetHandleVerifier [0x0x7ff71987faf4+114692]\n\tGetHandleVerifier [0x0x7ff71987fca9+115129]\n\tGetHandleVerifier [0x0x7ff7198664d8+10728]\n\tBaseThreadInitThunk [0x0x7ffee1537374+20]\n\tRtlUserThreadStart [0x0x7ffee1a7cc91+33]","statusTrace":"self = <test_system.test_menu.TestSMenuPage object at 0x00000173A686CC40>, login_to_menu = <selenium.webdriver.chrome.webdriver.WebDriver (session=\"c157dcb6f31d21b7573342b83c59f192\")>\n\n    @allure.story(\"过滤条件查询，设置包含条件查询成功\")\n    # @pytest.mark.run(order=1)\n    def test_menu_select3(self, login_to_menu):\n        driver = login_to_menu  # WebDriver 实例\n        menu = ExpressionPage(driver)  # 用 driver 初始化 ExpressionPage\n        sleep(2)\n        name = \"Co\"\n        menu.click_button('//div[div[span[text()=\" 组件代码\"]]]/div[3]//i')\n>       menu.hover(\"包含\")\n\nTests\\test_system\\test_menu.py:719: \n_ _ _ _ _ _ _ _ _ _ _ _ _ _ _ _ _ _ _ _ _ _ _ _ _ _ _ _ _ _ _ _ _ _ _ _ _ _ _ _ _ _ _ _ _ _ _ _ _ _ _ _ _ _ _ _ _ _ _ _ _ _ _ _ _ _ _ _ _ _ _ _ _ _ _ _ _ _ _ _ _ _ _ _ _ _ _ _ _ _ _ _ _ _ _ _ _ _ _ _ _ _ _ _ _ _ _ _ _ _ _ _ _ _ _ _\nPages\\systemPage\\expression_page.py:118: in hover\n    container = self.get_find_element_xpath(\nPages\\systemPage\\expression_page.py:29: in get_find_element_xpath\n    return self.find_element(By.XPATH, xpath)\nPages\\base_page.py:28: in find_element\n    return WebDriverWait(self.driver, wait_time).until(\n_ _ _ _ _ _ _ _ _ _ _ _ _ _ _ _ _ _ _ _ _ _ _ _ _ _ _ _ _ _ _ _ _ _ _ _ _ _ _ _ _ _ _ _ _ _ _ _ _ _ _ _ _ _ _ _ _ _ _ _ _ _ _ _ _ _ _ _ _ _ _ _ _ _ _ _ _ _ _ _ _ _ _ _ _ _ _ _ _ _ _ _ _ _ _ _ _ _ _ _ _ _ _ _ _ _ _ _ _ _ _ _ _ _ _ _\n\nself = <selenium.webdriver.support.wait.WebDriverWait (session=\"c157dcb6f31d21b7573342b83c59f192\")>, method = <function presence_of_element_located.<locals>._predicate at 0x00000173A89936D0>, message = ''\n\n    def until(self, method: Callable[[D], Union[Literal[False], T]], message: str = \"\") -> T:\n        \"\"\"Wait until the method returns a value that is not False.\n    \n        Calls the method provided with the driver as an argument until the\n        return value does not evaluate to ``False``.\n    \n        Parameters:\n        -----------\n        method: callable(WebDriver)\n            - A callable object that takes a WebDriver instance as an argument.\n    \n        message: str\n            - Optional message for :exc:`TimeoutException`\n    \n        Return:\n        -------\n        object: T\n            - The result of the last call to `method`\n    \n        Raises:\n        -------\n        TimeoutException\n            - If 'method' does not return a truthy value within the WebDriverWait\n            object's timeout\n    \n        Example:\n        --------\n        >>> from selenium.webdriver.common.by import By\n        >>> from selenium.webdriver.support.ui import WebDriverWait\n        >>> from selenium.webdriver.support import expected_conditions as EC\n    \n        # Wait until an element is visible on the page\n        >>> wait = WebDriverWait(driver, 10)\n        >>> element = wait.until(EC.visibility_of_element_located((By.ID, \"exampleId\")))\n        >>> print(element.text)\n        \"\"\"\n        screen = None\n        stacktrace = None\n    \n        end_time = time.monotonic() + self._timeout\n        while True:\n            try:\n                value = method(self._driver)\n                if value:\n                    return value\n            except self._ignored_exceptions as exc:\n                screen = getattr(exc, \"screen\", None)\n                stacktrace = getattr(exc, \"stacktrace\", None)\n            if time.monotonic() > end_time:\n                break\n            time.sleep(self._poll)\n>       raise TimeoutException(message, screen, stacktrace)\nE       selenium.common.exceptions.TimeoutException: Message: \nE       Stacktrace:\nE       \tGetHandleVerifier [0x0x7ff719876f65+78965]\nE       \tGetHandleVerifier [0x0x7ff719876fc0+79056]\nE       \t(No symbol) [0x0x7ff719609dda]\nE       \t(No symbol) [0x0x7ff7196602ea]\nE       \t(No symbol) [0x0x7ff71966059c]\nE       \t(No symbol) [0x0x7ff7196b3f37]\nE       \t(No symbol) [0x0x7ff7196886af]\nE       \t(No symbol) [0x0x7ff7196b0dbe]\nE       \t(No symbol) [0x0x7ff719688443]\nE       \t(No symbol) [0x0x7ff719651311]\nE       \t(No symbol) [0x0x7ff7196520a3]\nE       \tGetHandleVerifier [0x0x7ff719b2e26d+2926461]\nE       \tGetHandleVerifier [0x0x7ff719b28993+2903715]\nE       \tGetHandleVerifier [0x0x7ff719b46aed+3026941]\nE       \tGetHandleVerifier [0x0x7ff7198916fe+187406]\nE       \tGetHandleVerifier [0x0x7ff7198996ef+220159]\nE       \tGetHandleVerifier [0x0x7ff71987faf4+114692]\nE       \tGetHandleVerifier [0x0x7ff71987fca9+115129]\nE       \tGetHandleVerifier [0x0x7ff7198664d8+10728]\nE       \tBaseThreadInitThunk [0x0x7ffee1537374+20]\nE       \tRtlUserThreadStart [0x0x7ffee1a7cc91+33]\n\nmyenv\\lib\\site-packages\\selenium\\webdriver\\support\\wait.py:138: TimeoutException","steps":[],"attachments":[{"uid":"b2e4ea0c4c6db7f5","name":"test_menu_select3_failure","source":"b2e4ea0c4c6db7f5.png","type":"image/png","size":118392},{"uid":"a504d1b17a6d9178","name":"test_menu_select3_source","source":"a504d1b17a6d9178.html","type":"text/html","size":1235921},{"uid":"2fbc89498b77b507","name":"log","source":"2fbc89498b77b507.txt","type":"text/plain","size":2299}],"parameters":[],"attachmentsCount":3,"shouldDisplayMessage":true,"stepsCount":0,"hasContent":true,"attachmentStep":false},"afterStages":[{"name":"login_to_menu::0","time":{"start":1761078007128,"stop":1761078009555,"duration":2427},"status":"passed","steps":[],"attachments":[],"parameters":[],"attachmentsCount":0,"shouldDisplayMessage":false,"stepsCount":0,"hasContent":false,"attachmentStep":false}],"labels":[{"name":"story","value":"过滤条件查询，设置包含条件查询成功"},{"name":"feature","value":"菜单组件页用例"},{"name":"parentSuite","value":"Tests.test_system"},{"name":"suite","value":"test_menu"},{"name":"subSuite","value":"TestSMenuPage"},{"name":"host","value":"WIN-20240820MJV"},{"name":"thread","value":"14388-MainThread"},{"name":"framework","value":"pytest"},{"name":"language","value":"cpython3"},{"name":"package","value":"Tests.test_system.test_menu"},{"name":"resultFormat","value":"allure2"}],"parameters":[],"links":[],"hidden":false,"retry":false,"extra":{"severity":"normal","retries":[{"uid":"4e41a67d2da059c7","status":"broken","statusDetails":"selenium.common.exceptions.TimeoutException: Message: \nStacktrace:\n\tGetHandleVerifier [0x0x7ff719876f65+78965]\n\tGetHandleVerifier [0x0x7ff719876fc0+79056]\n\t(No symbol) [0x0x7ff719609dda]\n\t(No symbol) [0x0x7ff7196602ea]\n\t(No symbol) [0x0x7ff71966059c]\n\t(No symbol) [0x0x7ff7196b3f37]\n\t(No symbol) [0x0x7ff7196886af]\n\t(No symbol) [0x0x7ff7196b0dbe]\n\t(No symbol) [0x0x7ff719688443]\n\t(No symbol) [0x0x7ff719651311]\n\t(No symbol) [0x0x7ff7196520a3]\n\tGetHandleVerifier [0x0x7ff719b2e26d+2926461]\n\tGetHandleVerifier [0x0x7ff719b28993+2903715]\n\tGetHandleVerifier [0x0x7ff719b46aed+3026941]\n\tGetHandleVerifier [0x0x7ff7198916fe+187406]\n\tGetHandleVerifier [0x0x7ff7198996ef+220159]\n\tGetHandleVerifier [0x0x7ff71987faf4+114692]\n\tGetHandleVerifier [0x0x7ff71987fca9+115129]\n\tGetHandleVerifier [0x0x7ff7198664d8+10728]\n\tBaseThreadInitThunk [0x0x7ffee1537374+20]\n\tRtlUserThreadStart [0x0x7ffee1a7cc91+33]","time":{"start":1761077962434,"stop":1761077976092,"duration":13658}}],"categories":[{"name":"Test defects","matchedStatuses":[]}],"tags":[]},"source":"94027c3d22d81389.json","parameterValues":[]}