{"uid":"9714fbc78efa89d9","name":"test_setting_display7","fullName":"Tests.test_items.test_setting.TestSettingPage#test_setting_display7","historyId":"5704a00e9a8f66634d8625bcf43c7a99","time":{"start":1753106426651,"stop":1753106436869,"duration":10218},"status":"broken","statusMessage":"selenium.common.exceptions.TimeoutException: Message: 点击失败，找不到元素：xpath = //div[@class=\"tabsDivItemCon\"]/div[text()=\" 测试布局A \"]","statusTrace":"self = <Pages.itemsPage.setting_page.SettingPage object at 0x0000024D20091D50>, by_or_element = 'xpath', value = '//div[@class=\"tabsDivItemCon\"]/div[text()=\" 测试布局A \"]', wait_time = 10\n\n    def click(self, by_or_element, value=None, wait_time=10):\n        if value is not None:\n            by = by_or_element\n            logging.info(f\"点击元素：By = {by}, Value = {value}\")\n            try:\n>               element = WebDriverWait(self.driver, wait_time).until(\n                    EC.element_to_be_clickable((by, value))\n                )\n\nPages\\base_page.py:42: \n_ _ _ _ _ _ _ _ _ _ _ _ _ _ _ _ _ _ _ _ _ _ _ _ _ _ _ _ _ _ _ _ _ _ _ _ _ _ _ _ _ _ _ _ _ _ _ _ _ _ _ _ _ _ _ _ _ _ _ _ _ _ _ _ _ _ _ _ _ _ _ _ _ _ _ _ _ _ _ _ _ _ _ _ _ _ _ _ _ _ _ _\n\nself = <selenium.webdriver.support.wait.WebDriverWait (session=\"5eae1e3bdc6ee271ea00332030ca1839\")>\nmethod = <function element_to_be_clickable.<locals>._predicate at 0x0000024D1FD53C70>, message = ''\n\n    def until(self, method: Callable[[D], Union[Literal[False], T]], message: str = \"\") -> T:\n        \"\"\"Wait until the method returns a value that is not False.\n    \n        Calls the method provided with the driver as an argument until the\n        return value does not evaluate to ``False``.\n    \n        Parameters:\n        -----------\n        method: callable(WebDriver)\n            - A callable object that takes a WebDriver instance as an argument.\n    \n        message: str\n            - Optional message for :exc:`TimeoutException`\n    \n        Return:\n        -------\n        object: T\n            - The result of the last call to `method`\n    \n        Raises:\n        -------\n        TimeoutException\n            - If 'method' does not return a truthy value within the WebDriverWait\n            object's timeout\n    \n        Example:\n        --------\n        >>> from selenium.webdriver.common.by import By\n        >>> from selenium.webdriver.support.ui import WebDriverWait\n        >>> from selenium.webdriver.support import expected_conditions as EC\n    \n        # Wait until an element is visible on the page\n        >>> wait = WebDriverWait(driver, 10)\n        >>> element = wait.until(EC.visibility_of_element_located((By.ID, \"exampleId\")))\n        >>> print(element.text)\n        \"\"\"\n        screen = None\n        stacktrace = None\n    \n        end_time = time.monotonic() + self._timeout\n        while True:\n            try:\n                value = method(self._driver)\n                if value:\n                    return value\n            except self._ignored_exceptions as exc:\n                screen = getattr(exc, \"screen\", None)\n                stacktrace = getattr(exc, \"stacktrace\", None)\n            if time.monotonic() > end_time:\n                break\n            time.sleep(self._poll)\n>       raise TimeoutException(message, screen, stacktrace)\nE       selenium.common.exceptions.TimeoutException: Message:\n\nmyenv\\lib\\site-packages\\selenium\\webdriver\\support\\wait.py:138: TimeoutException\n\nDuring handling of the above exception, another exception occurred:\n\nself = <test_items.test_setting.TestSettingPage object at 0x0000024D1FCF90C0>\nlogin_to_setting = <selenium.webdriver.chrome.webdriver.WebDriver (session=\"5eae1e3bdc6ee271ea00332030ca1839\")>\n\n    @allure.story(\"设置表格布局-把顺序修改回来\")\n    # @pytest.mark.run(order=1)\n    def test_setting_display7(self, login_to_setting):\n        driver = login_to_setting  # WebDriver 实例\n        setting = SettingPage(driver)  # 用 driver 初始化 SettingPage\n        layout = \"测试布局A\"\n>       setting.click_button(f'//div[@class=\"tabsDivItemCon\"]/div[text()=\" {layout} \"]')\n\nTests\\test_items\\test_setting.py:813: \n_ _ _ _ _ _ _ _ _ _ _ _ _ _ _ _ _ _ _ _ _ _ _ _ _ _ _ _ _ _ _ _ _ _ _ _ _ _ _ _ _ _ _ _ _ _ _ _ _ _ _ _ _ _ _ _ _ _ _ _ _ _ _ _ _ _ _ _ _ _ _ _ _ _ _ _ _ _ _ _ _ _ _ _ _ _ _ _ _ _ _ _\nPages\\itemsPage\\setting_page.py:22: in click_button\n    self.click(By.XPATH, xpath)\n_ _ _ _ _ _ _ _ _ _ _ _ _ _ _ _ _ _ _ _ _ _ _ _ _ _ _ _ _ _ _ _ _ _ _ _ _ _ _ _ _ _ _ _ _ _ _ _ _ _ _ _ _ _ _ _ _ _ _ _ _ _ _ _ _ _ _ _ _ _ _ _ _ _ _ _ _ _ _ _ _ _ _ _ _ _ _ _ _ _ _ _\n\nself = <Pages.itemsPage.setting_page.SettingPage object at 0x0000024D20091D50>, by_or_element = 'xpath', value = '//div[@class=\"tabsDivItemCon\"]/div[text()=\" 测试布局A \"]', wait_time = 10\n\n    def click(self, by_or_element, value=None, wait_time=10):\n        if value is not None:\n            by = by_or_element\n            logging.info(f\"点击元素：By = {by}, Value = {value}\")\n            try:\n                element = WebDriverWait(self.driver, wait_time).until(\n                    EC.element_to_be_clickable((by, value))\n                )\n            except TimeoutException:\n                logging.warning(f\"❌ 点击超时：元素 {by} = {value} 未在 {wait_time} 秒内变为可点击\")\n                self.safe_screenshot(\"click_timeout\", test_name=\"test\")\n>               raise TimeoutException(f\"点击失败，找不到元素：{by} = {value}\")\nE               selenium.common.exceptions.TimeoutException: Message: 点击失败，找不到元素：xpath = //div[@class=\"tabsDivItemCon\"]/div[text()=\" 测试布局A \"]\n\nPages\\base_page.py:48: TimeoutException","flaky":false,"newFailed":false,"newBroken":false,"newPassed":false,"retriesCount":1,"retriesStatusChange":false,"beforeStages":[{"name":"login_to_setting","time":{"start":1753106417000,"stop":1753106426651,"duration":9651},"status":"passed","steps":[],"attachments":[],"parameters":[],"attachmentsCount":0,"shouldDisplayMessage":false,"hasContent":false,"attachmentStep":false,"stepsCount":0}],"testStage":{"status":"broken","statusMessage":"selenium.common.exceptions.TimeoutException: Message: 点击失败，找不到元素：xpath = //div[@class=\"tabsDivItemCon\"]/div[text()=\" 测试布局A \"]","statusTrace":"self = <Pages.itemsPage.setting_page.SettingPage object at 0x0000024D20091D50>, by_or_element = 'xpath', value = '//div[@class=\"tabsDivItemCon\"]/div[text()=\" 测试布局A \"]', wait_time = 10\n\n    def click(self, by_or_element, value=None, wait_time=10):\n        if value is not None:\n            by = by_or_element\n            logging.info(f\"点击元素：By = {by}, Value = {value}\")\n            try:\n>               element = WebDriverWait(self.driver, wait_time).until(\n                    EC.element_to_be_clickable((by, value))\n                )\n\nPages\\base_page.py:42: \n_ _ _ _ _ _ _ _ _ _ _ _ _ _ _ _ _ _ _ _ _ _ _ _ _ _ _ _ _ _ _ _ _ _ _ _ _ _ _ _ _ _ _ _ _ _ _ _ _ _ _ _ _ _ _ _ _ _ _ _ _ _ _ _ _ _ _ _ _ _ _ _ _ _ _ _ _ _ _ _ _ _ _ _ _ _ _ _ _ _ _ _\n\nself = <selenium.webdriver.support.wait.WebDriverWait (session=\"5eae1e3bdc6ee271ea00332030ca1839\")>\nmethod = <function element_to_be_clickable.<locals>._predicate at 0x0000024D1FD53C70>, message = ''\n\n    def until(self, method: Callable[[D], Union[Literal[False], T]], message: str = \"\") -> T:\n        \"\"\"Wait until the method returns a value that is not False.\n    \n        Calls the method provided with the driver as an argument until the\n        return value does not evaluate to ``False``.\n    \n        Parameters:\n        -----------\n        method: callable(WebDriver)\n            - A callable object that takes a WebDriver instance as an argument.\n    \n        message: str\n            - Optional message for :exc:`TimeoutException`\n    \n        Return:\n        -------\n        object: T\n            - The result of the last call to `method`\n    \n        Raises:\n        -------\n        TimeoutException\n            - If 'method' does not return a truthy value within the WebDriverWait\n            object's timeout\n    \n        Example:\n        --------\n        >>> from selenium.webdriver.common.by import By\n        >>> from selenium.webdriver.support.ui import WebDriverWait\n        >>> from selenium.webdriver.support import expected_conditions as EC\n    \n        # Wait until an element is visible on the page\n        >>> wait = WebDriverWait(driver, 10)\n        >>> element = wait.until(EC.visibility_of_element_located((By.ID, \"exampleId\")))\n        >>> print(element.text)\n        \"\"\"\n        screen = None\n        stacktrace = None\n    \n        end_time = time.monotonic() + self._timeout\n        while True:\n            try:\n                value = method(self._driver)\n                if value:\n                    return value\n            except self._ignored_exceptions as exc:\n                screen = getattr(exc, \"screen\", None)\n                stacktrace = getattr(exc, \"stacktrace\", None)\n            if time.monotonic() > end_time:\n                break\n            time.sleep(self._poll)\n>       raise TimeoutException(message, screen, stacktrace)\nE       selenium.common.exceptions.TimeoutException: Message:\n\nmyenv\\lib\\site-packages\\selenium\\webdriver\\support\\wait.py:138: TimeoutException\n\nDuring handling of the above exception, another exception occurred:\n\nself = <test_items.test_setting.TestSettingPage object at 0x0000024D1FCF90C0>\nlogin_to_setting = <selenium.webdriver.chrome.webdriver.WebDriver (session=\"5eae1e3bdc6ee271ea00332030ca1839\")>\n\n    @allure.story(\"设置表格布局-把顺序修改回来\")\n    # @pytest.mark.run(order=1)\n    def test_setting_display7(self, login_to_setting):\n        driver = login_to_setting  # WebDriver 实例\n        setting = SettingPage(driver)  # 用 driver 初始化 SettingPage\n        layout = \"测试布局A\"\n>       setting.click_button(f'//div[@class=\"tabsDivItemCon\"]/div[text()=\" {layout} \"]')\n\nTests\\test_items\\test_setting.py:813: \n_ _ _ _ _ _ _ _ _ _ _ _ _ _ _ _ _ _ _ _ _ _ _ _ _ _ _ _ _ _ _ _ _ _ _ _ _ _ _ _ _ _ _ _ _ _ _ _ _ _ _ _ _ _ _ _ _ _ _ _ _ _ _ _ _ _ _ _ _ _ _ _ _ _ _ _ _ _ _ _ _ _ _ _ _ _ _ _ _ _ _ _\nPages\\itemsPage\\setting_page.py:22: in click_button\n    self.click(By.XPATH, xpath)\n_ _ _ _ _ _ _ _ _ _ _ _ _ _ _ _ _ _ _ _ _ _ _ _ _ _ _ _ _ _ _ _ _ _ _ _ _ _ _ _ _ _ _ _ _ _ _ _ _ _ _ _ _ _ _ _ _ _ _ _ _ _ _ _ _ _ _ _ _ _ _ _ _ _ _ _ _ _ _ _ _ _ _ _ _ _ _ _ _ _ _ _\n\nself = <Pages.itemsPage.setting_page.SettingPage object at 0x0000024D20091D50>, by_or_element = 'xpath', value = '//div[@class=\"tabsDivItemCon\"]/div[text()=\" 测试布局A \"]', wait_time = 10\n\n    def click(self, by_or_element, value=None, wait_time=10):\n        if value is not None:\n            by = by_or_element\n            logging.info(f\"点击元素：By = {by}, Value = {value}\")\n            try:\n                element = WebDriverWait(self.driver, wait_time).until(\n                    EC.element_to_be_clickable((by, value))\n                )\n            except TimeoutException:\n                logging.warning(f\"❌ 点击超时：元素 {by} = {value} 未在 {wait_time} 秒内变为可点击\")\n                self.safe_screenshot(\"click_timeout\", test_name=\"test\")\n>               raise TimeoutException(f\"点击失败，找不到元素：{by} = {value}\")\nE               selenium.common.exceptions.TimeoutException: Message: 点击失败，找不到元素：xpath = //div[@class=\"tabsDivItemCon\"]/div[text()=\" 测试布局A \"]\n\nPages\\base_page.py:48: TimeoutException","steps":[],"attachments":[{"uid":"50fd907c5529e01e","name":"test_click_timeout","source":"50fd907c5529e01e.png","type":"image/png","size":128368},{"uid":"380bb9a3de00608b","name":"log","source":"380bb9a3de00608b.txt","type":"text/plain","size":2463}],"parameters":[],"attachmentsCount":2,"shouldDisplayMessage":true,"hasContent":true,"attachmentStep":false,"stepsCount":0},"afterStages":[{"name":"login_to_setting::0","time":{"start":1753106436918,"stop":1753106439043,"duration":2125},"status":"passed","steps":[],"attachments":[],"parameters":[],"attachmentsCount":0,"shouldDisplayMessage":false,"hasContent":false,"attachmentStep":false,"stepsCount":0}],"labels":[{"name":"feature","value":"标准应用设置测试用例"},{"name":"story","value":"设置表格布局-把顺序修改回来"},{"name":"parentSuite","value":"Tests.test_items"},{"name":"suite","value":"test_setting"},{"name":"subSuite","value":"TestSettingPage"},{"name":"host","value":"WIN-20240820MJV"},{"name":"thread","value":"26464-MainThread"},{"name":"framework","value":"pytest"},{"name":"language","value":"cpython3"},{"name":"package","value":"Tests.test_items.test_setting"},{"name":"resultFormat","value":"allure2"}],"parameters":[],"links":[],"hidden":false,"retry":false,"extra":{"severity":"normal","retries":[{"uid":"c7e972464ed802d1","status":"broken","statusDetails":"selenium.common.exceptions.TimeoutException: Message: 点击失败，找不到元素：xpath = //div[@class=\"tabsDivItemCon\"]/div[text()=\" 测试布局A \"]","time":{"start":1753106404665,"stop":1753106414816,"duration":10151}}],"categories":[{"name":"Test defects","matchedStatuses":[]}],"tags":[]},"source":"9714fbc78efa89d9.json","parameterValues":[]}