{"uid":"9d7859f7ce1c83f","name":"test_setting_label_nodisplay","fullName":"Tests.test_item.test_setting.TestSettingPage#test_setting_label_nodisplay","historyId":"72b9ec5c64091e2bd3bdb782c25a931b","time":{"start":1752763960000,"stop":1752763971246,"duration":11246},"status":"broken","statusMessage":"selenium.common.exceptions.TimeoutException: Message: 点击失败，找不到元素：xpath = //div[@class=\"labelItem\" and ./div[text()=\" 标签3 \"]]//i[@title=\"编辑\"]","statusTrace":"self = <Pages.setting_page.SettingPage object at 0x000001FF3815C4F0>, by_or_element = 'xpath', value = '//div[@class=\"labelItem\" and ./div[text()=\" 标签3 \"]]//i[@title=\"编辑\"]'\nwait_time = 10\n\n    def click(self, by_or_element, value=None, wait_time=10):\n        if value is not None:\n            by = by_or_element\n            logging.info(f\"点击元素：By = {by}, Value = {value}\")\n            try:\n>               element = WebDriverWait(self.driver, wait_time).until(\n                    EC.element_to_be_clickable((by, value))\n                )\n\nPages\\base_page.py:42: \n_ _ _ _ _ _ _ _ _ _ _ _ _ _ _ _ _ _ _ _ _ _ _ _ _ _ _ _ _ _ _ _ _ _ _ _ _ _ _ _ _ _ _ _ _ _ _ _ _ _ _ _ _ _ _ _ _ _ _ _ _ _ _ _ _ _ _ _ _ _ _ _ _ _ _ _ _ _ _ _ _ _ _ _ _ _ _ _ _ _ _ _\n\nself = <selenium.webdriver.support.wait.WebDriverWait (session=\"1dd2712aa57186de51a97e587a237636\")>\nmethod = <function element_to_be_clickable.<locals>._predicate at 0x000001FF3948AB90>, message = ''\n\n    def until(self, method: Callable[[D], Union[Literal[False], T]], message: str = \"\") -> T:\n        \"\"\"Wait until the method returns a value that is not False.\n    \n        Calls the method provided with the driver as an argument until the\n        return value does not evaluate to ``False``.\n    \n        Parameters:\n        -----------\n        method: callable(WebDriver)\n            - A callable object that takes a WebDriver instance as an argument.\n    \n        message: str\n            - Optional message for :exc:`TimeoutException`\n    \n        Return:\n        -------\n        object: T\n            - The result of the last call to `method`\n    \n        Raises:\n        -------\n        TimeoutException\n            - If 'method' does not return a truthy value within the WebDriverWait\n            object's timeout\n    \n        Example:\n        --------\n        >>> from selenium.webdriver.common.by import By\n        >>> from selenium.webdriver.support.ui import WebDriverWait\n        >>> from selenium.webdriver.support import expected_conditions as EC\n    \n        # Wait until an element is visible on the page\n        >>> wait = WebDriverWait(driver, 10)\n        >>> element = wait.until(EC.visibility_of_element_located((By.ID, \"exampleId\")))\n        >>> print(element.text)\n        \"\"\"\n        screen = None\n        stacktrace = None\n    \n        end_time = time.monotonic() + self._timeout\n        while True:\n            try:\n                value = method(self._driver)\n                if value:\n                    return value\n            except self._ignored_exceptions as exc:\n                screen = getattr(exc, \"screen\", None)\n                stacktrace = getattr(exc, \"stacktrace\", None)\n            if time.monotonic() > end_time:\n                break\n            time.sleep(self._poll)\n>       raise TimeoutException(message, screen, stacktrace)\nE       selenium.common.exceptions.TimeoutException: Message: \nE       Stacktrace:\nE       \tGetHandleVerifier [0x0x7ff7445e6f65+78965]\nE       \tGetHandleVerifier [0x0x7ff7445e6fc0+79056]\nE       \t(No symbol) [0x0x7ff744379dda]\nE       \t(No symbol) [0x0x7ff7443d02ea]\nE       \t(No symbol) [0x0x7ff7443d059c]\nE       \t(No symbol) [0x0x7ff744423f37]\nE       \t(No symbol) [0x0x7ff7443f86af]\nE       \t(No symbol) [0x0x7ff744420dbe]\nE       \t(No symbol) [0x0x7ff7443f8443]\nE       \t(No symbol) [0x0x7ff7443c1311]\nE       \t(No symbol) [0x0x7ff7443c20a3]\nE       \tGetHandleVerifier [0x0x7ff74489e26d+2926461]\nE       \tGetHandleVerifier [0x0x7ff744898993+2903715]\nE       \tGetHandleVerifier [0x0x7ff7448b6aed+3026941]\nE       \tGetHandleVerifier [0x0x7ff7446016fe+187406]\nE       \tGetHandleVerifier [0x0x7ff7446096ef+220159]\nE       \tGetHandleVerifier [0x0x7ff7445efaf4+114692]\nE       \tGetHandleVerifier [0x0x7ff7445efca9+115129]\nE       \tGetHandleVerifier [0x0x7ff7445d64d8+10728]\nE       \tBaseThreadInitThunk [0x0x7ffa099e7374+20]\nE       \tRtlUserThreadStart [0x0x7ffa0b89cc91+33]\n\nmyenv\\lib\\site-packages\\selenium\\webdriver\\support\\wait.py:138: TimeoutException\n\nDuring handling of the above exception, another exception occurred:\n\nself = <test_item.test_setting.TestSettingPage object at 0x000001FF3798FB80>\nlogin_to_setting = <selenium.webdriver.chrome.webdriver.WebDriver (session=\"1dd2712aa57186de51a97e587a237636\")>\n\n    @allure.story(\"标签设置不显示在快速查询下放\")\n    # @pytest.mark.run(order=1)\n    def test_setting_label_nodisplay(self, login_to_setting):\n        driver = login_to_setting  # WebDriver 实例\n        setting = SettingPage(driver)  # 用 driver 初始化 SettingPage\n        layout = \"测试布局A\"\n        lable = \"标签3\"\n        setting.click_button(f'//div[@class=\"tabsDivItemCon\"]/div[text()=\" {layout} \"]')\n        setting.click_button('(//i[@style=\"cursor: pointer;\"])[4]')\n>       setting.click_button(\n            f'//div[@class=\"labelItem\" and ./div[text()=\" {lable} \"]]//i[@title=\"编辑\"]'\n        )\n\nTests\\test_item\\test_setting.py:2079: \n_ _ _ _ _ _ _ _ _ _ _ _ _ _ _ _ _ _ _ _ _ _ _ _ _ _ _ _ _ _ _ _ _ _ _ _ _ _ _ _ _ _ _ _ _ _ _ _ _ _ _ _ _ _ _ _ _ _ _ _ _ _ _ _ _ _ _ _ _ _ _ _ _ _ _ _ _ _ _ _ _ _ _ _ _ _ _ _ _ _ _ _\nPages\\setting_page.py:22: in click_button\n    self.click(By.XPATH, xpath)\n_ _ _ _ _ _ _ _ _ _ _ _ _ _ _ _ _ _ _ _ _ _ _ _ _ _ _ _ _ _ _ _ _ _ _ _ _ _ _ _ _ _ _ _ _ _ _ _ _ _ _ _ _ _ _ _ _ _ _ _ _ _ _ _ _ _ _ _ _ _ _ _ _ _ _ _ _ _ _ _ _ _ _ _ _ _ _ _ _ _ _ _\n\nself = <Pages.setting_page.SettingPage object at 0x000001FF3815C4F0>, by_or_element = 'xpath', value = '//div[@class=\"labelItem\" and ./div[text()=\" 标签3 \"]]//i[@title=\"编辑\"]'\nwait_time = 10\n\n    def click(self, by_or_element, value=None, wait_time=10):\n        if value is not None:\n            by = by_or_element\n            logging.info(f\"点击元素：By = {by}, Value = {value}\")\n            try:\n                element = WebDriverWait(self.driver, wait_time).until(\n                    EC.element_to_be_clickable((by, value))\n                )\n            except TimeoutException:\n                logging.warning(f\"❌ 点击超时：元素 {by} = {value} 未在 {wait_time} 秒内变为可点击\")\n                self.safe_screenshot(\"click_timeout\", test_name=\"test\")\n>               raise TimeoutException(f\"点击失败，找不到元素：{by} = {value}\")\nE               selenium.common.exceptions.TimeoutException: Message: 点击失败，找不到元素：xpath = //div[@class=\"labelItem\" and ./div[text()=\" 标签3 \"]]//i[@title=\"编辑\"]\n\nPages\\base_page.py:48: TimeoutException","flaky":false,"newFailed":false,"newBroken":false,"newPassed":false,"retriesCount":1,"retriesStatusChange":false,"beforeStages":[{"name":"login_to_setting","time":{"start":1752763952289,"stop":1752763960000,"duration":7711},"status":"passed","steps":[],"attachments":[],"parameters":[],"attachmentsCount":0,"shouldDisplayMessage":false,"stepsCount":0,"hasContent":false,"attachmentStep":false}],"testStage":{"status":"broken","statusMessage":"selenium.common.exceptions.TimeoutException: Message: 点击失败，找不到元素：xpath = //div[@class=\"labelItem\" and ./div[text()=\" 标签3 \"]]//i[@title=\"编辑\"]","statusTrace":"self = <Pages.setting_page.SettingPage object at 0x000001FF3815C4F0>, by_or_element = 'xpath', value = '//div[@class=\"labelItem\" and ./div[text()=\" 标签3 \"]]//i[@title=\"编辑\"]'\nwait_time = 10\n\n    def click(self, by_or_element, value=None, wait_time=10):\n        if value is not None:\n            by = by_or_element\n            logging.info(f\"点击元素：By = {by}, Value = {value}\")\n            try:\n>               element = WebDriverWait(self.driver, wait_time).until(\n                    EC.element_to_be_clickable((by, value))\n                )\n\nPages\\base_page.py:42: \n_ _ _ _ _ _ _ _ _ _ _ _ _ _ _ _ _ _ _ _ _ _ _ _ _ _ _ _ _ _ _ _ _ _ _ _ _ _ _ _ _ _ _ _ _ _ _ _ _ _ _ _ _ _ _ _ _ _ _ _ _ _ _ _ _ _ _ _ _ _ _ _ _ _ _ _ _ _ _ _ _ _ _ _ _ _ _ _ _ _ _ _\n\nself = <selenium.webdriver.support.wait.WebDriverWait (session=\"1dd2712aa57186de51a97e587a237636\")>\nmethod = <function element_to_be_clickable.<locals>._predicate at 0x000001FF3948AB90>, message = ''\n\n    def until(self, method: Callable[[D], Union[Literal[False], T]], message: str = \"\") -> T:\n        \"\"\"Wait until the method returns a value that is not False.\n    \n        Calls the method provided with the driver as an argument until the\n        return value does not evaluate to ``False``.\n    \n        Parameters:\n        -----------\n        method: callable(WebDriver)\n            - A callable object that takes a WebDriver instance as an argument.\n    \n        message: str\n            - Optional message for :exc:`TimeoutException`\n    \n        Return:\n        -------\n        object: T\n            - The result of the last call to `method`\n    \n        Raises:\n        -------\n        TimeoutException\n            - If 'method' does not return a truthy value within the WebDriverWait\n            object's timeout\n    \n        Example:\n        --------\n        >>> from selenium.webdriver.common.by import By\n        >>> from selenium.webdriver.support.ui import WebDriverWait\n        >>> from selenium.webdriver.support import expected_conditions as EC\n    \n        # Wait until an element is visible on the page\n        >>> wait = WebDriverWait(driver, 10)\n        >>> element = wait.until(EC.visibility_of_element_located((By.ID, \"exampleId\")))\n        >>> print(element.text)\n        \"\"\"\n        screen = None\n        stacktrace = None\n    \n        end_time = time.monotonic() + self._timeout\n        while True:\n            try:\n                value = method(self._driver)\n                if value:\n                    return value\n            except self._ignored_exceptions as exc:\n                screen = getattr(exc, \"screen\", None)\n                stacktrace = getattr(exc, \"stacktrace\", None)\n            if time.monotonic() > end_time:\n                break\n            time.sleep(self._poll)\n>       raise TimeoutException(message, screen, stacktrace)\nE       selenium.common.exceptions.TimeoutException: Message: \nE       Stacktrace:\nE       \tGetHandleVerifier [0x0x7ff7445e6f65+78965]\nE       \tGetHandleVerifier [0x0x7ff7445e6fc0+79056]\nE       \t(No symbol) [0x0x7ff744379dda]\nE       \t(No symbol) [0x0x7ff7443d02ea]\nE       \t(No symbol) [0x0x7ff7443d059c]\nE       \t(No symbol) [0x0x7ff744423f37]\nE       \t(No symbol) [0x0x7ff7443f86af]\nE       \t(No symbol) [0x0x7ff744420dbe]\nE       \t(No symbol) [0x0x7ff7443f8443]\nE       \t(No symbol) [0x0x7ff7443c1311]\nE       \t(No symbol) [0x0x7ff7443c20a3]\nE       \tGetHandleVerifier [0x0x7ff74489e26d+2926461]\nE       \tGetHandleVerifier [0x0x7ff744898993+2903715]\nE       \tGetHandleVerifier [0x0x7ff7448b6aed+3026941]\nE       \tGetHandleVerifier [0x0x7ff7446016fe+187406]\nE       \tGetHandleVerifier [0x0x7ff7446096ef+220159]\nE       \tGetHandleVerifier [0x0x7ff7445efaf4+114692]\nE       \tGetHandleVerifier [0x0x7ff7445efca9+115129]\nE       \tGetHandleVerifier [0x0x7ff7445d64d8+10728]\nE       \tBaseThreadInitThunk [0x0x7ffa099e7374+20]\nE       \tRtlUserThreadStart [0x0x7ffa0b89cc91+33]\n\nmyenv\\lib\\site-packages\\selenium\\webdriver\\support\\wait.py:138: TimeoutException\n\nDuring handling of the above exception, another exception occurred:\n\nself = <test_item.test_setting.TestSettingPage object at 0x000001FF3798FB80>\nlogin_to_setting = <selenium.webdriver.chrome.webdriver.WebDriver (session=\"1dd2712aa57186de51a97e587a237636\")>\n\n    @allure.story(\"标签设置不显示在快速查询下放\")\n    # @pytest.mark.run(order=1)\n    def test_setting_label_nodisplay(self, login_to_setting):\n        driver = login_to_setting  # WebDriver 实例\n        setting = SettingPage(driver)  # 用 driver 初始化 SettingPage\n        layout = \"测试布局A\"\n        lable = \"标签3\"\n        setting.click_button(f'//div[@class=\"tabsDivItemCon\"]/div[text()=\" {layout} \"]')\n        setting.click_button('(//i[@style=\"cursor: pointer;\"])[4]')\n>       setting.click_button(\n            f'//div[@class=\"labelItem\" and ./div[text()=\" {lable} \"]]//i[@title=\"编辑\"]'\n        )\n\nTests\\test_item\\test_setting.py:2079: \n_ _ _ _ _ _ _ _ _ _ _ _ _ _ _ _ _ _ _ _ _ _ _ _ _ _ _ _ _ _ _ _ _ _ _ _ _ _ _ _ _ _ _ _ _ _ _ _ _ _ _ _ _ _ _ _ _ _ _ _ _ _ _ _ _ _ _ _ _ _ _ _ _ _ _ _ _ _ _ _ _ _ _ _ _ _ _ _ _ _ _ _\nPages\\setting_page.py:22: in click_button\n    self.click(By.XPATH, xpath)\n_ _ _ _ _ _ _ _ _ _ _ _ _ _ _ _ _ _ _ _ _ _ _ _ _ _ _ _ _ _ _ _ _ _ _ _ _ _ _ _ _ _ _ _ _ _ _ _ _ _ _ _ _ _ _ _ _ _ _ _ _ _ _ _ _ _ _ _ _ _ _ _ _ _ _ _ _ _ _ _ _ _ _ _ _ _ _ _ _ _ _ _\n\nself = <Pages.setting_page.SettingPage object at 0x000001FF3815C4F0>, by_or_element = 'xpath', value = '//div[@class=\"labelItem\" and ./div[text()=\" 标签3 \"]]//i[@title=\"编辑\"]'\nwait_time = 10\n\n    def click(self, by_or_element, value=None, wait_time=10):\n        if value is not None:\n            by = by_or_element\n            logging.info(f\"点击元素：By = {by}, Value = {value}\")\n            try:\n                element = WebDriverWait(self.driver, wait_time).until(\n                    EC.element_to_be_clickable((by, value))\n                )\n            except TimeoutException:\n                logging.warning(f\"❌ 点击超时：元素 {by} = {value} 未在 {wait_time} 秒内变为可点击\")\n                self.safe_screenshot(\"click_timeout\", test_name=\"test\")\n>               raise TimeoutException(f\"点击失败，找不到元素：{by} = {value}\")\nE               selenium.common.exceptions.TimeoutException: Message: 点击失败，找不到元素：xpath = //div[@class=\"labelItem\" and ./div[text()=\" 标签3 \"]]//i[@title=\"编辑\"]\n\nPages\\base_page.py:48: TimeoutException","steps":[],"attachments":[{"uid":"a156b76608849f55","name":"test_click_timeout","source":"a156b76608849f55.png","type":"image/png","size":130747},{"uid":"396feac84e4255bb","name":"log","source":"396feac84e4255bb.txt","type":"text/plain","size":3013}],"parameters":[],"attachmentsCount":2,"shouldDisplayMessage":true,"stepsCount":0,"hasContent":true,"attachmentStep":false},"afterStages":[{"name":"login_to_setting::0","time":{"start":1752763971283,"stop":1752763973398,"duration":2115},"status":"passed","steps":[],"attachments":[],"parameters":[],"attachmentsCount":0,"shouldDisplayMessage":false,"stepsCount":0,"hasContent":false,"attachmentStep":false}],"labels":[{"name":"story","value":"标签设置不显示在快速查询下放"},{"name":"feature","value":"标准应用设置测试用例"},{"name":"parentSuite","value":"Tests.test_item"},{"name":"suite","value":"test_setting"},{"name":"subSuite","value":"TestSettingPage"},{"name":"host","value":"WIN-20240820MJV"},{"name":"thread","value":"11236-MainThread"},{"name":"framework","value":"pytest"},{"name":"language","value":"cpython3"},{"name":"package","value":"Tests.test_item.test_setting"},{"name":"resultFormat","value":"allure2"}],"parameters":[],"links":[],"hidden":false,"retry":false,"extra":{"severity":"normal","retries":[{"uid":"d40468d391bf59a9","status":"broken","statusDetails":"selenium.common.exceptions.TimeoutException: Message: 点击失败，找不到元素：xpath = //div[@class=\"labelItem\" and ./div[text()=\" 标签3 \"]]//i[@title=\"编辑\"]","time":{"start":1752763938889,"stop":1752763950078,"duration":11189}}],"categories":[{"name":"Test defects","matchedStatuses":[]}],"tags":[]},"source":"9d7859f7ce1c83f.json","parameterValues":[]}