{"uid":"9d7c2e52765f58f1","name":"test_module_updatesuccess","fullName":"Tests.test_system.test_module.TestSModulePage#test_module_updatesuccess","historyId":"c910df9466f46e2805c3b77ebf010782","time":{"start":1761078461409,"stop":1761078481690,"duration":20281},"status":"broken","statusMessage":"selenium.common.exceptions.TimeoutException: Message: \nStacktrace:\n\tGetHandleVerifier [0x0x7ff719876f65+78965]\n\tGetHandleVerifier [0x0x7ff719876fc0+79056]\n\t(No symbol) [0x0x7ff719609dda]\n\t(No symbol) [0x0x7ff7196602ea]\n\t(No symbol) [0x0x7ff71966059c]\n\t(No symbol) [0x0x7ff7196b3f37]\n\t(No symbol) [0x0x7ff7196886af]\n\t(No symbol) [0x0x7ff7196b0dbe]\n\t(No symbol) [0x0x7ff719688443]\n\t(No symbol) [0x0x7ff719651311]\n\t(No symbol) [0x0x7ff7196520a3]\n\tGetHandleVerifier [0x0x7ff719b2e26d+2926461]\n\tGetHandleVerifier [0x0x7ff719b28993+2903715]\n\tGetHandleVerifier [0x0x7ff719b46aed+3026941]\n\tGetHandleVerifier [0x0x7ff7198916fe+187406]\n\tGetHandleVerifier [0x0x7ff7198996ef+220159]\n\tGetHandleVerifier [0x0x7ff71987faf4+114692]\n\tGetHandleVerifier [0x0x7ff71987fca9+115129]\n\tGetHandleVerifier [0x0x7ff7198664d8+10728]\n\tBaseThreadInitThunk [0x0x7ffee1537374+20]\n\tRtlUserThreadStart [0x0x7ffee1a7cc91+33]","statusTrace":"self = <test_system.test_module.TestSModulePage object at 0x00000173A687E0E0>, login_to_module = <selenium.webdriver.chrome.webdriver.WebDriver (session=\"f69968eaac241fcf0140045162b9c621\")>\n\n    @allure.story(\"修改模块代码和模块名称成功成功\")\n    # @pytest.mark.run(order=1)\n    def test_module_updatesuccess(self, login_to_module):\n        driver = login_to_module  # WebDriver 实例\n        module = ExpressionPage(driver)  # 用 driver 初始化 ExpressionPage\n        add = AddsPages(driver)\n        before_name = 'ABCDAA'\n        after_name = 'ACDAA'\n        module.select_input_module(before_name)\n        module.click_button('//table[@class=\"vxe-table--body\"]//tr[1]/td[2]')\n        sleep(1)\n        module.click_all_button(\"编辑\")\n        xpath_list = [\n            '//div[label[text()=\"模块代码\"]]//input',\n            '//div[label[text()=\"模块名称\"]]//input',\n        ]\n        add.batch_modify_input(xpath_list[:2], after_name)\n        module.click_confirm()\n>       message = module.get_find_message()\n\nTests\\test_system\\test_module.py:187: \n_ _ _ _ _ _ _ _ _ _ _ _ _ _ _ _ _ _ _ _ _ _ _ _ _ _ _ _ _ _ _ _ _ _ _ _ _ _ _ _ _ _ _ _ _ _ _ _ _ _ _ _ _ _ _ _ _ _ _ _ _ _ _ _ _ _ _ _ _ _ _ _ _ _ _ _ _ _ _ _ _ _ _ _ _ _ _ _ _ _ _ _ _ _ _ _ _ _ _ _ _ _ _ _ _ _ _ _ _ _ _ _ _ _ _ _\nPages\\systemPage\\expression_page.py:35: in get_find_message\n    message = WebDriverWait(self.driver, 10).until(\n_ _ _ _ _ _ _ _ _ _ _ _ _ _ _ _ _ _ _ _ _ _ _ _ _ _ _ _ _ _ _ _ _ _ _ _ _ _ _ _ _ _ _ _ _ _ _ _ _ _ _ _ _ _ _ _ _ _ _ _ _ _ _ _ _ _ _ _ _ _ _ _ _ _ _ _ _ _ _ _ _ _ _ _ _ _ _ _ _ _ _ _ _ _ _ _ _ _ _ _ _ _ _ _ _ _ _ _ _ _ _ _ _ _ _ _\n\nself = <selenium.webdriver.support.wait.WebDriverWait (session=\"f69968eaac241fcf0140045162b9c621\")>, method = <function visibility_of_element_located.<locals>._predicate at 0x00000173A8933520>, message = ''\n\n    def until(self, method: Callable[[D], Union[Literal[False], T]], message: str = \"\") -> T:\n        \"\"\"Wait until the method returns a value that is not False.\n    \n        Calls the method provided with the driver as an argument until the\n        return value does not evaluate to ``False``.\n    \n        Parameters:\n        -----------\n        method: callable(WebDriver)\n            - A callable object that takes a WebDriver instance as an argument.\n    \n        message: str\n            - Optional message for :exc:`TimeoutException`\n    \n        Return:\n        -------\n        object: T\n            - The result of the last call to `method`\n    \n        Raises:\n        -------\n        TimeoutException\n            - If 'method' does not return a truthy value within the WebDriverWait\n            object's timeout\n    \n        Example:\n        --------\n        >>> from selenium.webdriver.common.by import By\n        >>> from selenium.webdriver.support.ui import WebDriverWait\n        >>> from selenium.webdriver.support import expected_conditions as EC\n    \n        # Wait until an element is visible on the page\n        >>> wait = WebDriverWait(driver, 10)\n        >>> element = wait.until(EC.visibility_of_element_located((By.ID, \"exampleId\")))\n        >>> print(element.text)\n        \"\"\"\n        screen = None\n        stacktrace = None\n    \n        end_time = time.monotonic() + self._timeout\n        while True:\n            try:\n                value = method(self._driver)\n                if value:\n                    return value\n            except self._ignored_exceptions as exc:\n                screen = getattr(exc, \"screen\", None)\n                stacktrace = getattr(exc, \"stacktrace\", None)\n            if time.monotonic() > end_time:\n                break\n            time.sleep(self._poll)\n>       raise TimeoutException(message, screen, stacktrace)\nE       selenium.common.exceptions.TimeoutException: Message: \nE       Stacktrace:\nE       \tGetHandleVerifier [0x0x7ff719876f65+78965]\nE       \tGetHandleVerifier [0x0x7ff719876fc0+79056]\nE       \t(No symbol) [0x0x7ff719609dda]\nE       \t(No symbol) [0x0x7ff7196602ea]\nE       \t(No symbol) [0x0x7ff71966059c]\nE       \t(No symbol) [0x0x7ff7196b3f37]\nE       \t(No symbol) [0x0x7ff7196886af]\nE       \t(No symbol) [0x0x7ff7196b0dbe]\nE       \t(No symbol) [0x0x7ff719688443]\nE       \t(No symbol) [0x0x7ff719651311]\nE       \t(No symbol) [0x0x7ff7196520a3]\nE       \tGetHandleVerifier [0x0x7ff719b2e26d+2926461]\nE       \tGetHandleVerifier [0x0x7ff719b28993+2903715]\nE       \tGetHandleVerifier [0x0x7ff719b46aed+3026941]\nE       \tGetHandleVerifier [0x0x7ff7198916fe+187406]\nE       \tGetHandleVerifier [0x0x7ff7198996ef+220159]\nE       \tGetHandleVerifier [0x0x7ff71987faf4+114692]\nE       \tGetHandleVerifier [0x0x7ff71987fca9+115129]\nE       \tGetHandleVerifier [0x0x7ff7198664d8+10728]\nE       \tBaseThreadInitThunk [0x0x7ffee1537374+20]\nE       \tRtlUserThreadStart [0x0x7ffee1a7cc91+33]\n\nmyenv\\lib\\site-packages\\selenium\\webdriver\\support\\wait.py:138: TimeoutException","flaky":false,"newFailed":false,"newBroken":false,"newPassed":false,"retriesCount":0,"retriesStatusChange":false,"beforeStages":[{"name":"login_to_module","time":{"start":1761078441032,"stop":1761078461407,"duration":20375},"status":"passed","steps":[],"attachments":[],"parameters":[],"attachmentsCount":0,"shouldDisplayMessage":false,"stepsCount":0,"hasContent":false,"attachmentStep":false}],"testStage":{"status":"broken","statusMessage":"selenium.common.exceptions.TimeoutException: Message: \nStacktrace:\n\tGetHandleVerifier [0x0x7ff719876f65+78965]\n\tGetHandleVerifier [0x0x7ff719876fc0+79056]\n\t(No symbol) [0x0x7ff719609dda]\n\t(No symbol) [0x0x7ff7196602ea]\n\t(No symbol) [0x0x7ff71966059c]\n\t(No symbol) [0x0x7ff7196b3f37]\n\t(No symbol) [0x0x7ff7196886af]\n\t(No symbol) [0x0x7ff7196b0dbe]\n\t(No symbol) [0x0x7ff719688443]\n\t(No symbol) [0x0x7ff719651311]\n\t(No symbol) [0x0x7ff7196520a3]\n\tGetHandleVerifier [0x0x7ff719b2e26d+2926461]\n\tGetHandleVerifier [0x0x7ff719b28993+2903715]\n\tGetHandleVerifier [0x0x7ff719b46aed+3026941]\n\tGetHandleVerifier [0x0x7ff7198916fe+187406]\n\tGetHandleVerifier [0x0x7ff7198996ef+220159]\n\tGetHandleVerifier [0x0x7ff71987faf4+114692]\n\tGetHandleVerifier [0x0x7ff71987fca9+115129]\n\tGetHandleVerifier [0x0x7ff7198664d8+10728]\n\tBaseThreadInitThunk [0x0x7ffee1537374+20]\n\tRtlUserThreadStart [0x0x7ffee1a7cc91+33]","statusTrace":"self = <test_system.test_module.TestSModulePage object at 0x00000173A687E0E0>, login_to_module = <selenium.webdriver.chrome.webdriver.WebDriver (session=\"f69968eaac241fcf0140045162b9c621\")>\n\n    @allure.story(\"修改模块代码和模块名称成功成功\")\n    # @pytest.mark.run(order=1)\n    def test_module_updatesuccess(self, login_to_module):\n        driver = login_to_module  # WebDriver 实例\n        module = ExpressionPage(driver)  # 用 driver 初始化 ExpressionPage\n        add = AddsPages(driver)\n        before_name = 'ABCDAA'\n        after_name = 'ACDAA'\n        module.select_input_module(before_name)\n        module.click_button('//table[@class=\"vxe-table--body\"]//tr[1]/td[2]')\n        sleep(1)\n        module.click_all_button(\"编辑\")\n        xpath_list = [\n            '//div[label[text()=\"模块代码\"]]//input',\n            '//div[label[text()=\"模块名称\"]]//input',\n        ]\n        add.batch_modify_input(xpath_list[:2], after_name)\n        module.click_confirm()\n>       message = module.get_find_message()\n\nTests\\test_system\\test_module.py:187: \n_ _ _ _ _ _ _ _ _ _ _ _ _ _ _ _ _ _ _ _ _ _ _ _ _ _ _ _ _ _ _ _ _ _ _ _ _ _ _ _ _ _ _ _ _ _ _ _ _ _ _ _ _ _ _ _ _ _ _ _ _ _ _ _ _ _ _ _ _ _ _ _ _ _ _ _ _ _ _ _ _ _ _ _ _ _ _ _ _ _ _ _ _ _ _ _ _ _ _ _ _ _ _ _ _ _ _ _ _ _ _ _ _ _ _ _\nPages\\systemPage\\expression_page.py:35: in get_find_message\n    message = WebDriverWait(self.driver, 10).until(\n_ _ _ _ _ _ _ _ _ _ _ _ _ _ _ _ _ _ _ _ _ _ _ _ _ _ _ _ _ _ _ _ _ _ _ _ _ _ _ _ _ _ _ _ _ _ _ _ _ _ _ _ _ _ _ _ _ _ _ _ _ _ _ _ _ _ _ _ _ _ _ _ _ _ _ _ _ _ _ _ _ _ _ _ _ _ _ _ _ _ _ _ _ _ _ _ _ _ _ _ _ _ _ _ _ _ _ _ _ _ _ _ _ _ _ _\n\nself = <selenium.webdriver.support.wait.WebDriverWait (session=\"f69968eaac241fcf0140045162b9c621\")>, method = <function visibility_of_element_located.<locals>._predicate at 0x00000173A8933520>, message = ''\n\n    def until(self, method: Callable[[D], Union[Literal[False], T]], message: str = \"\") -> T:\n        \"\"\"Wait until the method returns a value that is not False.\n    \n        Calls the method provided with the driver as an argument until the\n        return value does not evaluate to ``False``.\n    \n        Parameters:\n        -----------\n        method: callable(WebDriver)\n            - A callable object that takes a WebDriver instance as an argument.\n    \n        message: str\n            - Optional message for :exc:`TimeoutException`\n    \n        Return:\n        -------\n        object: T\n            - The result of the last call to `method`\n    \n        Raises:\n        -------\n        TimeoutException\n            - If 'method' does not return a truthy value within the WebDriverWait\n            object's timeout\n    \n        Example:\n        --------\n        >>> from selenium.webdriver.common.by import By\n        >>> from selenium.webdriver.support.ui import WebDriverWait\n        >>> from selenium.webdriver.support import expected_conditions as EC\n    \n        # Wait until an element is visible on the page\n        >>> wait = WebDriverWait(driver, 10)\n        >>> element = wait.until(EC.visibility_of_element_located((By.ID, \"exampleId\")))\n        >>> print(element.text)\n        \"\"\"\n        screen = None\n        stacktrace = None\n    \n        end_time = time.monotonic() + self._timeout\n        while True:\n            try:\n                value = method(self._driver)\n                if value:\n                    return value\n            except self._ignored_exceptions as exc:\n                screen = getattr(exc, \"screen\", None)\n                stacktrace = getattr(exc, \"stacktrace\", None)\n            if time.monotonic() > end_time:\n                break\n            time.sleep(self._poll)\n>       raise TimeoutException(message, screen, stacktrace)\nE       selenium.common.exceptions.TimeoutException: Message: \nE       Stacktrace:\nE       \tGetHandleVerifier [0x0x7ff719876f65+78965]\nE       \tGetHandleVerifier [0x0x7ff719876fc0+79056]\nE       \t(No symbol) [0x0x7ff719609dda]\nE       \t(No symbol) [0x0x7ff7196602ea]\nE       \t(No symbol) [0x0x7ff71966059c]\nE       \t(No symbol) [0x0x7ff7196b3f37]\nE       \t(No symbol) [0x0x7ff7196886af]\nE       \t(No symbol) [0x0x7ff7196b0dbe]\nE       \t(No symbol) [0x0x7ff719688443]\nE       \t(No symbol) [0x0x7ff719651311]\nE       \t(No symbol) [0x0x7ff7196520a3]\nE       \tGetHandleVerifier [0x0x7ff719b2e26d+2926461]\nE       \tGetHandleVerifier [0x0x7ff719b28993+2903715]\nE       \tGetHandleVerifier [0x0x7ff719b46aed+3026941]\nE       \tGetHandleVerifier [0x0x7ff7198916fe+187406]\nE       \tGetHandleVerifier [0x0x7ff7198996ef+220159]\nE       \tGetHandleVerifier [0x0x7ff71987faf4+114692]\nE       \tGetHandleVerifier [0x0x7ff71987fca9+115129]\nE       \tGetHandleVerifier [0x0x7ff7198664d8+10728]\nE       \tBaseThreadInitThunk [0x0x7ffee1537374+20]\nE       \tRtlUserThreadStart [0x0x7ffee1a7cc91+33]\n\nmyenv\\lib\\site-packages\\selenium\\webdriver\\support\\wait.py:138: TimeoutException","steps":[],"attachments":[{"uid":"f52a178e89f37063","name":"test_module_updatesuccess_failure","source":"f52a178e89f37063.png","type":"image/png","size":84756},{"uid":"3522373e344ac9a6","name":"test_module_updatesuccess_source","source":"3522373e344ac9a6.html","type":"text/html","size":1213480},{"uid":"82a8c99da2986979","name":"log","source":"82a8c99da2986979.txt","type":"text/plain","size":1323}],"parameters":[],"attachmentsCount":3,"shouldDisplayMessage":true,"stepsCount":0,"hasContent":true,"attachmentStep":false},"afterStages":[{"name":"login_to_module::0","time":{"start":1761078482366,"stop":1761078484879,"duration":2513},"status":"passed","steps":[],"attachments":[],"parameters":[],"attachmentsCount":0,"shouldDisplayMessage":false,"stepsCount":0,"hasContent":false,"attachmentStep":false}],"labels":[{"name":"story","value":"修改模块代码和模块名称成功成功"},{"name":"feature","value":"模块管理页用例"},{"name":"parentSuite","value":"Tests.test_system"},{"name":"suite","value":"test_module"},{"name":"subSuite","value":"TestSModulePage"},{"name":"host","value":"WIN-20240820MJV"},{"name":"thread","value":"14388-MainThread"},{"name":"framework","value":"pytest"},{"name":"language","value":"cpython3"},{"name":"package","value":"Tests.test_system.test_module"},{"name":"resultFormat","value":"allure2"}],"parameters":[],"links":[],"hidden":true,"retry":true,"extra":{"categories":[],"tags":[]},"source":"9d7c2e52765f58f1.json","parameterValues":[]}