{"uid":"9f554f4ea5aeee47","name":"test_master_delsuccess4","fullName":"Tests.test_items.test_master.TestMasterPage#test_master_delsuccess4","historyId":"adbc1eeb6034a145282ce08925ae675e","time":{"start":1753878846841,"stop":1753878857955,"duration":11114},"status":"broken","statusMessage":"selenium.common.exceptions.TimeoutException: Message: \nStacktrace:\n\tGetHandleVerifier [0x0x7ff787026f65+78965]\n\tGetHandleVerifier [0x0x7ff787026fc0+79056]\n\t(No symbol) [0x0x7ff786db9dda]\n\t(No symbol) [0x0x7ff786e102ea]\n\t(No symbol) [0x0x7ff786e1059c]\n\t(No symbol) [0x0x7ff786e63f37]\n\t(No symbol) [0x0x7ff786e386af]\n\t(No symbol) [0x0x7ff786e60dbe]\n\t(No symbol) [0x0x7ff786e38443]\n\t(No symbol) [0x0x7ff786e01311]\n\t(No symbol) [0x0x7ff786e020a3]\n\tGetHandleVerifier [0x0x7ff7872de26d+2926461]\n\tGetHandleVerifier [0x0x7ff7872d8993+2903715]\n\tGetHandleVerifier [0x0x7ff7872f6aed+3026941]\n\tGetHandleVerifier [0x0x7ff7870416fe+187406]\n\tGetHandleVerifier [0x0x7ff7870496ef+220159]\n\tGetHandleVerifier [0x0x7ff78702faf4+114692]\n\tGetHandleVerifier [0x0x7ff78702fca9+115129]\n\tGetHandleVerifier [0x0x7ff7870164d8+10728]\n\tBaseThreadInitThunk [0x0x7ffe499c7374+20]\n\tRtlUserThreadStart [0x0x7ffe4a2fcc91+33]","statusTrace":"self = <test_items.test_master.TestMasterPage object at 0x0000020123AC7820>\nlogin_to_master = <selenium.webdriver.chrome.webdriver.WebDriver (session=\"8d89f1169c0b711ef16e5bb65ec65102\")>\n\n    @allure.story(\"删除数据成功\")\n    # @pytest.mark.run(order=1)\n    def test_master_delsuccess4(self, login_to_master):\n        driver = login_to_master  # WebDriver 实例\n        master = MasterPage(driver)  # 用 driver 初始化 MasterPage\n    \n        wait = WebDriverWait(driver, 3)\n        # 循环删除元素直到不存在\n        while True:\n            eles = driver.find_elements(\n                By.XPATH, '//tr[.//span[text()=\"2339\"]]/td[2]//span[text()=\"2339\"]'\n            )\n            if not eles:\n                break  # 没有找到元素时退出循环\n                # 存在元素，点击删除按钮\n            eles[0].click()\n            master.click_del_button()\n            # 点击确定\n            # 找到共同的父元素\n>           parent = master.get_find_element_class(\"ivu-modal-confirm-footer\")\n\nTests\\test_items\\test_master.py:1282: \n_ _ _ _ _ _ _ _ _ _ _ _ _ _ _ _ _ _ _ _ _ _ _ _ _ _ _ _ _ _ _ _ _ _ _ _ _ _ _ _ _ _ _ _ _ _ _ _ _ _ _ _ _ _ _ _ _ _ _ _ _ _ _ _ _ _ _ _ _ _ _ _ _ _ _ _ _ _ _ _ _ _ _ _ _ _ _ _ _ _ _ _\nPages\\itemsPage\\master_page.py:97: in get_find_element_class\n    return self.find_element(By.CLASS_NAME, classname)\nPages\\base_page.py:28: in find_element\n    return WebDriverWait(self.driver, wait_time).until(\n_ _ _ _ _ _ _ _ _ _ _ _ _ _ _ _ _ _ _ _ _ _ _ _ _ _ _ _ _ _ _ _ _ _ _ _ _ _ _ _ _ _ _ _ _ _ _ _ _ _ _ _ _ _ _ _ _ _ _ _ _ _ _ _ _ _ _ _ _ _ _ _ _ _ _ _ _ _ _ _ _ _ _ _ _ _ _ _ _ _ _ _\n\nself = <selenium.webdriver.support.wait.WebDriverWait (session=\"8d89f1169c0b711ef16e5bb65ec65102\")>\nmethod = <function presence_of_element_located.<locals>._predicate at 0x0000020124A7B0A0>, message = ''\n\n    def until(self, method: Callable[[D], Union[Literal[False], T]], message: str = \"\") -> T:\n        \"\"\"Wait until the method returns a value that is not False.\n    \n        Calls the method provided with the driver as an argument until the\n        return value does not evaluate to ``False``.\n    \n        Parameters:\n        -----------\n        method: callable(WebDriver)\n            - A callable object that takes a WebDriver instance as an argument.\n    \n        message: str\n            - Optional message for :exc:`TimeoutException`\n    \n        Return:\n        -------\n        object: T\n            - The result of the last call to `method`\n    \n        Raises:\n        -------\n        TimeoutException\n            - If 'method' does not return a truthy value within the WebDriverWait\n            object's timeout\n    \n        Example:\n        --------\n        >>> from selenium.webdriver.common.by import By\n        >>> from selenium.webdriver.support.ui import WebDriverWait\n        >>> from selenium.webdriver.support import expected_conditions as EC\n    \n        # Wait until an element is visible on the page\n        >>> wait = WebDriverWait(driver, 10)\n        >>> element = wait.until(EC.visibility_of_element_located((By.ID, \"exampleId\")))\n        >>> print(element.text)\n        \"\"\"\n        screen = None\n        stacktrace = None\n    \n        end_time = time.monotonic() + self._timeout\n        while True:\n            try:\n                value = method(self._driver)\n                if value:\n                    return value\n            except self._ignored_exceptions as exc:\n                screen = getattr(exc, \"screen\", None)\n                stacktrace = getattr(exc, \"stacktrace\", None)\n            if time.monotonic() > end_time:\n                break\n            time.sleep(self._poll)\n>       raise TimeoutException(message, screen, stacktrace)\nE       selenium.common.exceptions.TimeoutException: Message: \nE       Stacktrace:\nE       \tGetHandleVerifier [0x0x7ff787026f65+78965]\nE       \tGetHandleVerifier [0x0x7ff787026fc0+79056]\nE       \t(No symbol) [0x0x7ff786db9dda]\nE       \t(No symbol) [0x0x7ff786e102ea]\nE       \t(No symbol) [0x0x7ff786e1059c]\nE       \t(No symbol) [0x0x7ff786e63f37]\nE       \t(No symbol) [0x0x7ff786e386af]\nE       \t(No symbol) [0x0x7ff786e60dbe]\nE       \t(No symbol) [0x0x7ff786e38443]\nE       \t(No symbol) [0x0x7ff786e01311]\nE       \t(No symbol) [0x0x7ff786e020a3]\nE       \tGetHandleVerifier [0x0x7ff7872de26d+2926461]\nE       \tGetHandleVerifier [0x0x7ff7872d8993+2903715]\nE       \tGetHandleVerifier [0x0x7ff7872f6aed+3026941]\nE       \tGetHandleVerifier [0x0x7ff7870416fe+187406]\nE       \tGetHandleVerifier [0x0x7ff7870496ef+220159]\nE       \tGetHandleVerifier [0x0x7ff78702faf4+114692]\nE       \tGetHandleVerifier [0x0x7ff78702fca9+115129]\nE       \tGetHandleVerifier [0x0x7ff7870164d8+10728]\nE       \tBaseThreadInitThunk [0x0x7ffe499c7374+20]\nE       \tRtlUserThreadStart [0x0x7ffe4a2fcc91+33]\n\nmyenv\\lib\\site-packages\\selenium\\webdriver\\support\\wait.py:138: TimeoutException","flaky":false,"newFailed":false,"newBroken":false,"newPassed":false,"retriesCount":1,"retriesStatusChange":false,"beforeStages":[{"name":"login_to_master","time":{"start":1753878838621,"stop":1753878846840,"duration":8219},"status":"passed","steps":[],"attachments":[],"parameters":[],"stepsCount":0,"hasContent":false,"attachmentStep":false,"shouldDisplayMessage":false,"attachmentsCount":0}],"testStage":{"status":"broken","statusMessage":"selenium.common.exceptions.TimeoutException: Message: \nStacktrace:\n\tGetHandleVerifier [0x0x7ff787026f65+78965]\n\tGetHandleVerifier [0x0x7ff787026fc0+79056]\n\t(No symbol) [0x0x7ff786db9dda]\n\t(No symbol) [0x0x7ff786e102ea]\n\t(No symbol) [0x0x7ff786e1059c]\n\t(No symbol) [0x0x7ff786e63f37]\n\t(No symbol) [0x0x7ff786e386af]\n\t(No symbol) [0x0x7ff786e60dbe]\n\t(No symbol) [0x0x7ff786e38443]\n\t(No symbol) [0x0x7ff786e01311]\n\t(No symbol) [0x0x7ff786e020a3]\n\tGetHandleVerifier [0x0x7ff7872de26d+2926461]\n\tGetHandleVerifier [0x0x7ff7872d8993+2903715]\n\tGetHandleVerifier [0x0x7ff7872f6aed+3026941]\n\tGetHandleVerifier [0x0x7ff7870416fe+187406]\n\tGetHandleVerifier [0x0x7ff7870496ef+220159]\n\tGetHandleVerifier [0x0x7ff78702faf4+114692]\n\tGetHandleVerifier [0x0x7ff78702fca9+115129]\n\tGetHandleVerifier [0x0x7ff7870164d8+10728]\n\tBaseThreadInitThunk [0x0x7ffe499c7374+20]\n\tRtlUserThreadStart [0x0x7ffe4a2fcc91+33]","statusTrace":"self = <test_items.test_master.TestMasterPage object at 0x0000020123AC7820>\nlogin_to_master = <selenium.webdriver.chrome.webdriver.WebDriver (session=\"8d89f1169c0b711ef16e5bb65ec65102\")>\n\n    @allure.story(\"删除数据成功\")\n    # @pytest.mark.run(order=1)\n    def test_master_delsuccess4(self, login_to_master):\n        driver = login_to_master  # WebDriver 实例\n        master = MasterPage(driver)  # 用 driver 初始化 MasterPage\n    \n        wait = WebDriverWait(driver, 3)\n        # 循环删除元素直到不存在\n        while True:\n            eles = driver.find_elements(\n                By.XPATH, '//tr[.//span[text()=\"2339\"]]/td[2]//span[text()=\"2339\"]'\n            )\n            if not eles:\n                break  # 没有找到元素时退出循环\n                # 存在元素，点击删除按钮\n            eles[0].click()\n            master.click_del_button()\n            # 点击确定\n            # 找到共同的父元素\n>           parent = master.get_find_element_class(\"ivu-modal-confirm-footer\")\n\nTests\\test_items\\test_master.py:1282: \n_ _ _ _ _ _ _ _ _ _ _ _ _ _ _ _ _ _ _ _ _ _ _ _ _ _ _ _ _ _ _ _ _ _ _ _ _ _ _ _ _ _ _ _ _ _ _ _ _ _ _ _ _ _ _ _ _ _ _ _ _ _ _ _ _ _ _ _ _ _ _ _ _ _ _ _ _ _ _ _ _ _ _ _ _ _ _ _ _ _ _ _\nPages\\itemsPage\\master_page.py:97: in get_find_element_class\n    return self.find_element(By.CLASS_NAME, classname)\nPages\\base_page.py:28: in find_element\n    return WebDriverWait(self.driver, wait_time).until(\n_ _ _ _ _ _ _ _ _ _ _ _ _ _ _ _ _ _ _ _ _ _ _ _ _ _ _ _ _ _ _ _ _ _ _ _ _ _ _ _ _ _ _ _ _ _ _ _ _ _ _ _ _ _ _ _ _ _ _ _ _ _ _ _ _ _ _ _ _ _ _ _ _ _ _ _ _ _ _ _ _ _ _ _ _ _ _ _ _ _ _ _\n\nself = <selenium.webdriver.support.wait.WebDriverWait (session=\"8d89f1169c0b711ef16e5bb65ec65102\")>\nmethod = <function presence_of_element_located.<locals>._predicate at 0x0000020124A7B0A0>, message = ''\n\n    def until(self, method: Callable[[D], Union[Literal[False], T]], message: str = \"\") -> T:\n        \"\"\"Wait until the method returns a value that is not False.\n    \n        Calls the method provided with the driver as an argument until the\n        return value does not evaluate to ``False``.\n    \n        Parameters:\n        -----------\n        method: callable(WebDriver)\n            - A callable object that takes a WebDriver instance as an argument.\n    \n        message: str\n            - Optional message for :exc:`TimeoutException`\n    \n        Return:\n        -------\n        object: T\n            - The result of the last call to `method`\n    \n        Raises:\n        -------\n        TimeoutException\n            - If 'method' does not return a truthy value within the WebDriverWait\n            object's timeout\n    \n        Example:\n        --------\n        >>> from selenium.webdriver.common.by import By\n        >>> from selenium.webdriver.support.ui import WebDriverWait\n        >>> from selenium.webdriver.support import expected_conditions as EC\n    \n        # Wait until an element is visible on the page\n        >>> wait = WebDriverWait(driver, 10)\n        >>> element = wait.until(EC.visibility_of_element_located((By.ID, \"exampleId\")))\n        >>> print(element.text)\n        \"\"\"\n        screen = None\n        stacktrace = None\n    \n        end_time = time.monotonic() + self._timeout\n        while True:\n            try:\n                value = method(self._driver)\n                if value:\n                    return value\n            except self._ignored_exceptions as exc:\n                screen = getattr(exc, \"screen\", None)\n                stacktrace = getattr(exc, \"stacktrace\", None)\n            if time.monotonic() > end_time:\n                break\n            time.sleep(self._poll)\n>       raise TimeoutException(message, screen, stacktrace)\nE       selenium.common.exceptions.TimeoutException: Message: \nE       Stacktrace:\nE       \tGetHandleVerifier [0x0x7ff787026f65+78965]\nE       \tGetHandleVerifier [0x0x7ff787026fc0+79056]\nE       \t(No symbol) [0x0x7ff786db9dda]\nE       \t(No symbol) [0x0x7ff786e102ea]\nE       \t(No symbol) [0x0x7ff786e1059c]\nE       \t(No symbol) [0x0x7ff786e63f37]\nE       \t(No symbol) [0x0x7ff786e386af]\nE       \t(No symbol) [0x0x7ff786e60dbe]\nE       \t(No symbol) [0x0x7ff786e38443]\nE       \t(No symbol) [0x0x7ff786e01311]\nE       \t(No symbol) [0x0x7ff786e020a3]\nE       \tGetHandleVerifier [0x0x7ff7872de26d+2926461]\nE       \tGetHandleVerifier [0x0x7ff7872d8993+2903715]\nE       \tGetHandleVerifier [0x0x7ff7872f6aed+3026941]\nE       \tGetHandleVerifier [0x0x7ff7870416fe+187406]\nE       \tGetHandleVerifier [0x0x7ff7870496ef+220159]\nE       \tGetHandleVerifier [0x0x7ff78702faf4+114692]\nE       \tGetHandleVerifier [0x0x7ff78702fca9+115129]\nE       \tGetHandleVerifier [0x0x7ff7870164d8+10728]\nE       \tBaseThreadInitThunk [0x0x7ffe499c7374+20]\nE       \tRtlUserThreadStart [0x0x7ffe4a2fcc91+33]\n\nmyenv\\lib\\site-packages\\selenium\\webdriver\\support\\wait.py:138: TimeoutException","steps":[],"attachments":[{"uid":"ec99e25bb19966c6","name":"test_master_delsuccess4_failure","source":"ec99e25bb19966c6.png","type":"image/png","size":132481},{"uid":"7cc955d430f1d9e","name":"test_master_delsuccess4_source","source":"7cc955d430f1d9e.html","type":"text/html","size":1272908},{"uid":"bc96e8e33c0a30a9","name":"log","source":"bc96e8e33c0a30a9.txt","type":"text/plain","size":2177}],"parameters":[],"stepsCount":0,"hasContent":true,"attachmentStep":false,"shouldDisplayMessage":true,"attachmentsCount":3},"afterStages":[{"name":"login_to_master::0","time":{"start":1753878858172,"stop":1753878860378,"duration":2206},"status":"passed","steps":[],"attachments":[],"parameters":[],"stepsCount":0,"hasContent":false,"attachmentStep":false,"shouldDisplayMessage":false,"attachmentsCount":0}],"labels":[{"name":"story","value":"删除数据成功"},{"name":"feature","value":"工艺产能表测试用例"},{"name":"parentSuite","value":"Tests.test_items"},{"name":"suite","value":"test_master"},{"name":"subSuite","value":"TestMasterPage"},{"name":"host","value":"WIN-20240820MJV"},{"name":"thread","value":"47600-MainThread"},{"name":"framework","value":"pytest"},{"name":"language","value":"cpython3"},{"name":"package","value":"Tests.test_items.test_master"},{"name":"resultFormat","value":"allure2"}],"parameters":[],"links":[],"hidden":false,"retry":false,"extra":{"severity":"normal","retries":[{"uid":"c153f8ff47ba204c","status":"broken","statusDetails":"selenium.common.exceptions.TimeoutException: Message: \nStacktrace:\n\tGetHandleVerifier [0x0x7ff787026f65+78965]\n\tGetHandleVerifier [0x0x7ff787026fc0+79056]\n\t(No symbol) [0x0x7ff786db9dda]\n\t(No symbol) [0x0x7ff786e102ea]\n\t(No symbol) [0x0x7ff786e1059c]\n\t(No symbol) [0x0x7ff786e63f37]\n\t(No symbol) [0x0x7ff786e386af]\n\t(No symbol) [0x0x7ff786e60dbe]\n\t(No symbol) [0x0x7ff786e38443]\n\t(No symbol) [0x0x7ff786e01311]\n\t(No symbol) [0x0x7ff786e020a3]\n\tGetHandleVerifier [0x0x7ff7872de26d+2926461]\n\tGetHandleVerifier [0x0x7ff7872d8993+2903715]\n\tGetHandleVerifier [0x0x7ff7872f6aed+3026941]\n\tGetHandleVerifier [0x0x7ff7870416fe+187406]\n\tGetHandleVerifier [0x0x7ff7870496ef+220159]\n\tGetHandleVerifier [0x0x7ff78702faf4+114692]\n\tGetHandleVerifier [0x0x7ff78702fca9+115129]\n\tGetHandleVerifier [0x0x7ff7870164d8+10728]\n\tBaseThreadInitThunk [0x0x7ffe499c7374+20]\n\tRtlUserThreadStart [0x0x7ffe4a2fcc91+33]","time":{"start":1753878825122,"stop":1753878836173,"duration":11051}}],"categories":[{"name":"Test defects","matchedStatuses":[]}],"tags":[]},"source":"9f554f4ea5aeee47.json","parameterValues":[]}