{"uid":"a456423b68af5b1f","name":"test_item_editcodesuccess","fullName":"Tests.test_material.test_materialVendors.TestItemPage#test_item_editcodesuccess","historyId":"94fdd3435945339df2ddc1de80528909","time":{"start":1753885376415,"stop":1753885386504,"duration":10089},"status":"broken","statusMessage":"selenium.common.exceptions.TimeoutException: Message: 点击失败，找不到元素：xpath = //tr[./td[2][.//span[text()=\"1测试A\"]]]/td[2]","statusTrace":"self = <Pages.materialPage.warehouseLocation_page.WarehouseLocationPage object at 0x0000020124644910>, by_or_element = 'xpath', value = '//tr[./td[2][.//span[text()=\"1测试A\"]]]/td[2]'\nwait_time = 10\n\n    def click(self, by_or_element, value=None, wait_time=10):\n        if value is not None:\n            by = by_or_element\n            logging.info(f\"点击元素：By = {by}, Value = {value}\")\n            try:\n>               element = WebDriverWait(self.driver, wait_time).until(\n                    EC.element_to_be_clickable((by, value))\n                )\n\nPages\\base_page.py:45: \n_ _ _ _ _ _ _ _ _ _ _ _ _ _ _ _ _ _ _ _ _ _ _ _ _ _ _ _ _ _ _ _ _ _ _ _ _ _ _ _ _ _ _ _ _ _ _ _ _ _ _ _ _ _ _ _ _ _ _ _ _ _ _ _ _ _ _ _ _ _ _ _ _ _ _ _ _ _ _ _ _ _ _ _ _ _ _ _ _ _ _ _\n\nself = <selenium.webdriver.support.wait.WebDriverWait (session=\"4d0096dad759730af7c8216817d892a6\")>\nmethod = <function element_to_be_clickable.<locals>._predicate at 0x000002012611AB00>, message = ''\n\n    def until(self, method: Callable[[D], Union[Literal[False], T]], message: str = \"\") -> T:\n        \"\"\"Wait until the method returns a value that is not False.\n    \n        Calls the method provided with the driver as an argument until the\n        return value does not evaluate to ``False``.\n    \n        Parameters:\n        -----------\n        method: callable(WebDriver)\n            - A callable object that takes a WebDriver instance as an argument.\n    \n        message: str\n            - Optional message for :exc:`TimeoutException`\n    \n        Return:\n        -------\n        object: T\n            - The result of the last call to `method`\n    \n        Raises:\n        -------\n        TimeoutException\n            - If 'method' does not return a truthy value within the WebDriverWait\n            object's timeout\n    \n        Example:\n        --------\n        >>> from selenium.webdriver.common.by import By\n        >>> from selenium.webdriver.support.ui import WebDriverWait\n        >>> from selenium.webdriver.support import expected_conditions as EC\n    \n        # Wait until an element is visible on the page\n        >>> wait = WebDriverWait(driver, 10)\n        >>> element = wait.until(EC.visibility_of_element_located((By.ID, \"exampleId\")))\n        >>> print(element.text)\n        \"\"\"\n        screen = None\n        stacktrace = None\n    \n        end_time = time.monotonic() + self._timeout\n        while True:\n            try:\n                value = method(self._driver)\n                if value:\n                    return value\n            except self._ignored_exceptions as exc:\n                screen = getattr(exc, \"screen\", None)\n                stacktrace = getattr(exc, \"stacktrace\", None)\n            if time.monotonic() > end_time:\n                break\n            time.sleep(self._poll)\n>       raise TimeoutException(message, screen, stacktrace)\nE       selenium.common.exceptions.TimeoutException: Message: \nE       Stacktrace:\nE       \tGetHandleVerifier [0x0x7ff787026f65+78965]\nE       \tGetHandleVerifier [0x0x7ff787026fc0+79056]\nE       \t(No symbol) [0x0x7ff786db9dda]\nE       \t(No symbol) [0x0x7ff786e102ea]\nE       \t(No symbol) [0x0x7ff786e1059c]\nE       \t(No symbol) [0x0x7ff786e63f37]\nE       \t(No symbol) [0x0x7ff786e386af]\nE       \t(No symbol) [0x0x7ff786e60dbe]\nE       \t(No symbol) [0x0x7ff786e38443]\nE       \t(No symbol) [0x0x7ff786e01311]\nE       \t(No symbol) [0x0x7ff786e020a3]\nE       \tGetHandleVerifier [0x0x7ff7872de26d+2926461]\nE       \tGetHandleVerifier [0x0x7ff7872d8993+2903715]\nE       \tGetHandleVerifier [0x0x7ff7872f6aed+3026941]\nE       \tGetHandleVerifier [0x0x7ff7870416fe+187406]\nE       \tGetHandleVerifier [0x0x7ff7870496ef+220159]\nE       \tGetHandleVerifier [0x0x7ff78702faf4+114692]\nE       \tGetHandleVerifier [0x0x7ff78702fca9+115129]\nE       \tGetHandleVerifier [0x0x7ff7870164d8+10728]\nE       \tBaseThreadInitThunk [0x0x7ffe499c7374+20]\nE       \tRtlUserThreadStart [0x0x7ffe4a2fcc91+33]\n\nmyenv\\lib\\site-packages\\selenium\\webdriver\\support\\wait.py:138: TimeoutException\n\nDuring handling of the above exception, another exception occurred:\n\nself = <test_material.test_materialVendors.TestItemPage object at 0x000002012455BF40>\nlogin_to_item = <selenium.webdriver.chrome.webdriver.WebDriver (session=\"4d0096dad759730af7c8216817d892a6\")>\n\n    @allure.story(\"修改供应商代码成功\")\n    # @pytest.mark.run(order=1)\n    def test_item_editcodesuccess(self, login_to_item):\n        # 选中1测试A物料代码\n>       self.item.click_button('//tr[./td[2][.//span[text()=\"1测试A\"]]]/td[2]')\n\nTests\\test_material\\test_materialVendors.py:203: \n_ _ _ _ _ _ _ _ _ _ _ _ _ _ _ _ _ _ _ _ _ _ _ _ _ _ _ _ _ _ _ _ _ _ _ _ _ _ _ _ _ _ _ _ _ _ _ _ _ _ _ _ _ _ _ _ _ _ _ _ _ _ _ _ _ _ _ _ _ _ _ _ _ _ _ _ _ _ _ _ _ _ _ _ _ _ _ _ _ _ _ _\nPages\\materialPage\\warehouseLocation_page.py:60: in click_button\n    self.click(By.XPATH, xpath)\n_ _ _ _ _ _ _ _ _ _ _ _ _ _ _ _ _ _ _ _ _ _ _ _ _ _ _ _ _ _ _ _ _ _ _ _ _ _ _ _ _ _ _ _ _ _ _ _ _ _ _ _ _ _ _ _ _ _ _ _ _ _ _ _ _ _ _ _ _ _ _ _ _ _ _ _ _ _ _ _ _ _ _ _ _ _ _ _ _ _ _ _\n\nself = <Pages.materialPage.warehouseLocation_page.WarehouseLocationPage object at 0x0000020124644910>, by_or_element = 'xpath', value = '//tr[./td[2][.//span[text()=\"1测试A\"]]]/td[2]'\nwait_time = 10\n\n    def click(self, by_or_element, value=None, wait_time=10):\n        if value is not None:\n            by = by_or_element\n            logging.info(f\"点击元素：By = {by}, Value = {value}\")\n            try:\n                element = WebDriverWait(self.driver, wait_time).until(\n                    EC.element_to_be_clickable((by, value))\n                )\n            except TimeoutException:\n                logging.warning(f\"❌ 点击超时：元素 {by} = {value} 未在 {wait_time} 秒内变为可点击\")\n>               raise TimeoutException(f\"点击失败，找不到元素：{by} = {value}\")\nE               selenium.common.exceptions.TimeoutException: Message: 点击失败，找不到元素：xpath = //tr[./td[2][.//span[text()=\"1测试A\"]]]/td[2]\n\nPages\\base_page.py:50: TimeoutException","flaky":false,"newFailed":false,"newBroken":false,"newPassed":false,"retriesCount":0,"retriesStatusChange":false,"beforeStages":[{"name":"login_to_item","time":{"start":1753885367289,"stop":1753885376409,"duration":9120},"status":"passed","steps":[],"attachments":[],"parameters":[],"stepsCount":0,"hasContent":false,"attachmentStep":false,"shouldDisplayMessage":false,"attachmentsCount":0},{"name":"setup","time":{"start":1753885376410,"stop":1753885376414,"duration":4},"status":"passed","steps":[],"attachments":[],"parameters":[],"stepsCount":0,"hasContent":false,"attachmentStep":false,"shouldDisplayMessage":false,"attachmentsCount":0}],"testStage":{"status":"broken","statusMessage":"selenium.common.exceptions.TimeoutException: Message: 点击失败，找不到元素：xpath = //tr[./td[2][.//span[text()=\"1测试A\"]]]/td[2]","statusTrace":"self = <Pages.materialPage.warehouseLocation_page.WarehouseLocationPage object at 0x0000020124644910>, by_or_element = 'xpath', value = '//tr[./td[2][.//span[text()=\"1测试A\"]]]/td[2]'\nwait_time = 10\n\n    def click(self, by_or_element, value=None, wait_time=10):\n        if value is not None:\n            by = by_or_element\n            logging.info(f\"点击元素：By = {by}, Value = {value}\")\n            try:\n>               element = WebDriverWait(self.driver, wait_time).until(\n                    EC.element_to_be_clickable((by, value))\n                )\n\nPages\\base_page.py:45: \n_ _ _ _ _ _ _ _ _ _ _ _ _ _ _ _ _ _ _ _ _ _ _ _ _ _ _ _ _ _ _ _ _ _ _ _ _ _ _ _ _ _ _ _ _ _ _ _ _ _ _ _ _ _ _ _ _ _ _ _ _ _ _ _ _ _ _ _ _ _ _ _ _ _ _ _ _ _ _ _ _ _ _ _ _ _ _ _ _ _ _ _\n\nself = <selenium.webdriver.support.wait.WebDriverWait (session=\"4d0096dad759730af7c8216817d892a6\")>\nmethod = <function element_to_be_clickable.<locals>._predicate at 0x000002012611AB00>, message = ''\n\n    def until(self, method: Callable[[D], Union[Literal[False], T]], message: str = \"\") -> T:\n        \"\"\"Wait until the method returns a value that is not False.\n    \n        Calls the method provided with the driver as an argument until the\n        return value does not evaluate to ``False``.\n    \n        Parameters:\n        -----------\n        method: callable(WebDriver)\n            - A callable object that takes a WebDriver instance as an argument.\n    \n        message: str\n            - Optional message for :exc:`TimeoutException`\n    \n        Return:\n        -------\n        object: T\n            - The result of the last call to `method`\n    \n        Raises:\n        -------\n        TimeoutException\n            - If 'method' does not return a truthy value within the WebDriverWait\n            object's timeout\n    \n        Example:\n        --------\n        >>> from selenium.webdriver.common.by import By\n        >>> from selenium.webdriver.support.ui import WebDriverWait\n        >>> from selenium.webdriver.support import expected_conditions as EC\n    \n        # Wait until an element is visible on the page\n        >>> wait = WebDriverWait(driver, 10)\n        >>> element = wait.until(EC.visibility_of_element_located((By.ID, \"exampleId\")))\n        >>> print(element.text)\n        \"\"\"\n        screen = None\n        stacktrace = None\n    \n        end_time = time.monotonic() + self._timeout\n        while True:\n            try:\n                value = method(self._driver)\n                if value:\n                    return value\n            except self._ignored_exceptions as exc:\n                screen = getattr(exc, \"screen\", None)\n                stacktrace = getattr(exc, \"stacktrace\", None)\n            if time.monotonic() > end_time:\n                break\n            time.sleep(self._poll)\n>       raise TimeoutException(message, screen, stacktrace)\nE       selenium.common.exceptions.TimeoutException: Message: \nE       Stacktrace:\nE       \tGetHandleVerifier [0x0x7ff787026f65+78965]\nE       \tGetHandleVerifier [0x0x7ff787026fc0+79056]\nE       \t(No symbol) [0x0x7ff786db9dda]\nE       \t(No symbol) [0x0x7ff786e102ea]\nE       \t(No symbol) [0x0x7ff786e1059c]\nE       \t(No symbol) [0x0x7ff786e63f37]\nE       \t(No symbol) [0x0x7ff786e386af]\nE       \t(No symbol) [0x0x7ff786e60dbe]\nE       \t(No symbol) [0x0x7ff786e38443]\nE       \t(No symbol) [0x0x7ff786e01311]\nE       \t(No symbol) [0x0x7ff786e020a3]\nE       \tGetHandleVerifier [0x0x7ff7872de26d+2926461]\nE       \tGetHandleVerifier [0x0x7ff7872d8993+2903715]\nE       \tGetHandleVerifier [0x0x7ff7872f6aed+3026941]\nE       \tGetHandleVerifier [0x0x7ff7870416fe+187406]\nE       \tGetHandleVerifier [0x0x7ff7870496ef+220159]\nE       \tGetHandleVerifier [0x0x7ff78702faf4+114692]\nE       \tGetHandleVerifier [0x0x7ff78702fca9+115129]\nE       \tGetHandleVerifier [0x0x7ff7870164d8+10728]\nE       \tBaseThreadInitThunk [0x0x7ffe499c7374+20]\nE       \tRtlUserThreadStart [0x0x7ffe4a2fcc91+33]\n\nmyenv\\lib\\site-packages\\selenium\\webdriver\\support\\wait.py:138: TimeoutException\n\nDuring handling of the above exception, another exception occurred:\n\nself = <test_material.test_materialVendors.TestItemPage object at 0x000002012455BF40>\nlogin_to_item = <selenium.webdriver.chrome.webdriver.WebDriver (session=\"4d0096dad759730af7c8216817d892a6\")>\n\n    @allure.story(\"修改供应商代码成功\")\n    # @pytest.mark.run(order=1)\n    def test_item_editcodesuccess(self, login_to_item):\n        # 选中1测试A物料代码\n>       self.item.click_button('//tr[./td[2][.//span[text()=\"1测试A\"]]]/td[2]')\n\nTests\\test_material\\test_materialVendors.py:203: \n_ _ _ _ _ _ _ _ _ _ _ _ _ _ _ _ _ _ _ _ _ _ _ _ _ _ _ _ _ _ _ _ _ _ _ _ _ _ _ _ _ _ _ _ _ _ _ _ _ _ _ _ _ _ _ _ _ _ _ _ _ _ _ _ _ _ _ _ _ _ _ _ _ _ _ _ _ _ _ _ _ _ _ _ _ _ _ _ _ _ _ _\nPages\\materialPage\\warehouseLocation_page.py:60: in click_button\n    self.click(By.XPATH, xpath)\n_ _ _ _ _ _ _ _ _ _ _ _ _ _ _ _ _ _ _ _ _ _ _ _ _ _ _ _ _ _ _ _ _ _ _ _ _ _ _ _ _ _ _ _ _ _ _ _ _ _ _ _ _ _ _ _ _ _ _ _ _ _ _ _ _ _ _ _ _ _ _ _ _ _ _ _ _ _ _ _ _ _ _ _ _ _ _ _ _ _ _ _\n\nself = <Pages.materialPage.warehouseLocation_page.WarehouseLocationPage object at 0x0000020124644910>, by_or_element = 'xpath', value = '//tr[./td[2][.//span[text()=\"1测试A\"]]]/td[2]'\nwait_time = 10\n\n    def click(self, by_or_element, value=None, wait_time=10):\n        if value is not None:\n            by = by_or_element\n            logging.info(f\"点击元素：By = {by}, Value = {value}\")\n            try:\n                element = WebDriverWait(self.driver, wait_time).until(\n                    EC.element_to_be_clickable((by, value))\n                )\n            except TimeoutException:\n                logging.warning(f\"❌ 点击超时：元素 {by} = {value} 未在 {wait_time} 秒内变为可点击\")\n>               raise TimeoutException(f\"点击失败，找不到元素：{by} = {value}\")\nE               selenium.common.exceptions.TimeoutException: Message: 点击失败，找不到元素：xpath = //tr[./td[2][.//span[text()=\"1测试A\"]]]/td[2]\n\nPages\\base_page.py:50: TimeoutException","steps":[],"attachments":[{"uid":"82231ae25a456db2","name":"test_item_editcodesuccess_failure","source":"82231ae25a456db2.png","type":"image/png","size":88107},{"uid":"8484ea739ea88d46","name":"test_item_editcodesuccess_source","source":"8484ea739ea88d46.html","type":"text/html","size":1175893},{"uid":"3ea83bc71644a80a","name":"log","source":"3ea83bc71644a80a.txt","type":"text/plain","size":1061}],"parameters":[],"stepsCount":0,"hasContent":true,"attachmentStep":false,"shouldDisplayMessage":true,"attachmentsCount":3},"afterStages":[{"name":"login_to_item::0","time":{"start":1753885386740,"stop":1753885388942,"duration":2202},"status":"passed","steps":[],"attachments":[],"parameters":[],"stepsCount":0,"hasContent":false,"attachmentStep":false,"shouldDisplayMessage":false,"attachmentsCount":0}],"labels":[{"name":"story","value":"修改供应商代码成功"},{"name":"feature","value":"供应商信息测试用例"},{"name":"parentSuite","value":"Tests.test_material"},{"name":"suite","value":"test_materialVendors"},{"name":"subSuite","value":"TestItemPage"},{"name":"host","value":"WIN-20240820MJV"},{"name":"thread","value":"47600-MainThread"},{"name":"framework","value":"pytest"},{"name":"language","value":"cpython3"},{"name":"package","value":"Tests.test_material.test_materialVendors"},{"name":"resultFormat","value":"allure2"}],"parameters":[],"links":[],"hidden":true,"retry":true,"extra":{"categories":[],"tags":[]},"source":"a456423b68af5b1f.json","parameterValues":[]}