{"uid":"a6f606346038b501","name":"test_setting_addtablefail1","fullName":"Tests.test_items.test_setting.TestSettingPage#test_setting_addtablefail1","historyId":"2482a4e727a9e74fc8c17ea9d74b48e6","time":{"start":1761150451557,"stop":1761150473179,"duration":21622},"status":"broken","statusMessage":"selenium.common.exceptions.TimeoutException: Message: \nStacktrace:\n\tGetHandleVerifier [0x0x7ff6e4aa6f65+78965]\n\tGetHandleVerifier [0x0x7ff6e4aa6fc0+79056]\n\t(No symbol) [0x0x7ff6e4839dda]\n\t(No symbol) [0x0x7ff6e48902ea]\n\t(No symbol) [0x0x7ff6e489059c]\n\t(No symbol) [0x0x7ff6e48e3f37]\n\t(No symbol) [0x0x7ff6e48b86af]\n\t(No symbol) [0x0x7ff6e48e0dbe]\n\t(No symbol) [0x0x7ff6e48b8443]\n\t(No symbol) [0x0x7ff6e4881311]\n\t(No symbol) [0x0x7ff6e48820a3]\n\tGetHandleVerifier [0x0x7ff6e4d5e26d+2926461]\n\tGetHandleVerifier [0x0x7ff6e4d58993+2903715]\n\tGetHandleVerifier [0x0x7ff6e4d76aed+3026941]\n\tGetHandleVerifier [0x0x7ff6e4ac16fe+187406]\n\tGetHandleVerifier [0x0x7ff6e4ac96ef+220159]\n\tGetHandleVerifier [0x0x7ff6e4aafaf4+114692]\n\tGetHandleVerifier [0x0x7ff6e4aafca9+115129]\n\tGetHandleVerifier [0x0x7ff6e4a964d8+10728]\n\tBaseThreadInitThunk [0x0x7ffee1537374+20]\n\tRtlUserThreadStart [0x0x7ffee1a7cc91+33]","statusTrace":"self = <test_items.test_setting.TestSettingPage object at 0x0000027FE5A72BF0>, login_to_setting = <selenium.webdriver.chrome.webdriver.WebDriver (session=\"290af92db11b76bf39f679e3f67a0bb8\")>\n\n    @allure.story(\"添加透视表布局-不添加名称 添加失败\")\n    # @pytest.mark.run(order=1)\n    def test_setting_addtablefail1(self, login_to_setting):\n        driver = login_to_setting\n        setting = SettingPage(driver)\n    \n        # 调用 add_pivot_table 方法，用于添加布局\n        setting.add_pivot_table()\n    \n        # 点击特定的按钮，这里的 XPath 表达式用于定位页面上的按钮\n        setting.click_confirm_button()\n    \n        # 获取页面上的提示信息，用于后续的断言验证\n>       message = setting.get_error_message()\n\nTests\\test_items\\test_setting.py:167: \n_ _ _ _ _ _ _ _ _ _ _ _ _ _ _ _ _ _ _ _ _ _ _ _ _ _ _ _ _ _ _ _ _ _ _ _ _ _ _ _ _ _ _ _ _ _ _ _ _ _ _ _ _ _ _ _ _ _ _ _ _ _ _ _ _ _ _ _ _ _ _ _ _ _ _ _ _ _ _ _ _ _ _ _ _ _ _ _ _ _ _ _ _ _ _ _ _ _ _ _ _ _ _ _ _ _ _ _ _ _ _ _ _ _ _ _\nPages\\itemsPage\\setting_page.py:148: in get_error_message\n    message = WebDriverWait(self.driver, 10).until(\n_ _ _ _ _ _ _ _ _ _ _ _ _ _ _ _ _ _ _ _ _ _ _ _ _ _ _ _ _ _ _ _ _ _ _ _ _ _ _ _ _ _ _ _ _ _ _ _ _ _ _ _ _ _ _ _ _ _ _ _ _ _ _ _ _ _ _ _ _ _ _ _ _ _ _ _ _ _ _ _ _ _ _ _ _ _ _ _ _ _ _ _ _ _ _ _ _ _ _ _ _ _ _ _ _ _ _ _ _ _ _ _ _ _ _ _\n\nself = <selenium.webdriver.support.wait.WebDriverWait (session=\"290af92db11b76bf39f679e3f67a0bb8\")>, method = <function visibility_of_element_located.<locals>._predicate at 0x0000027FE764DCF0>, message = ''\n\n    def until(self, method: Callable[[D], Union[Literal[False], T]], message: str = \"\") -> T:\n        \"\"\"Wait until the method returns a value that is not False.\n    \n        Calls the method provided with the driver as an argument until the\n        return value does not evaluate to ``False``.\n    \n        Parameters:\n        -----------\n        method: callable(WebDriver)\n            - A callable object that takes a WebDriver instance as an argument.\n    \n        message: str\n            - Optional message for :exc:`TimeoutException`\n    \n        Return:\n        -------\n        object: T\n            - The result of the last call to `method`\n    \n        Raises:\n        -------\n        TimeoutException\n            - If 'method' does not return a truthy value within the WebDriverWait\n            object's timeout\n    \n        Example:\n        --------\n        >>> from selenium.webdriver.common.by import By\n        >>> from selenium.webdriver.support.ui import WebDriverWait\n        >>> from selenium.webdriver.support import expected_conditions as EC\n    \n        # Wait until an element is visible on the page\n        >>> wait = WebDriverWait(driver, 10)\n        >>> element = wait.until(EC.visibility_of_element_located((By.ID, \"exampleId\")))\n        >>> print(element.text)\n        \"\"\"\n        screen = None\n        stacktrace = None\n    \n        end_time = time.monotonic() + self._timeout\n        while True:\n            try:\n                value = method(self._driver)\n                if value:\n                    return value\n            except self._ignored_exceptions as exc:\n                screen = getattr(exc, \"screen\", None)\n                stacktrace = getattr(exc, \"stacktrace\", None)\n            if time.monotonic() > end_time:\n                break\n            time.sleep(self._poll)\n>       raise TimeoutException(message, screen, stacktrace)\nE       selenium.common.exceptions.TimeoutException: Message: \nE       Stacktrace:\nE       \tGetHandleVerifier [0x0x7ff6e4aa6f65+78965]\nE       \tGetHandleVerifier [0x0x7ff6e4aa6fc0+79056]\nE       \t(No symbol) [0x0x7ff6e4839dda]\nE       \t(No symbol) [0x0x7ff6e48902ea]\nE       \t(No symbol) [0x0x7ff6e489059c]\nE       \t(No symbol) [0x0x7ff6e48e3f37]\nE       \t(No symbol) [0x0x7ff6e48b86af]\nE       \t(No symbol) [0x0x7ff6e48e0dbe]\nE       \t(No symbol) [0x0x7ff6e48b8443]\nE       \t(No symbol) [0x0x7ff6e4881311]\nE       \t(No symbol) [0x0x7ff6e48820a3]\nE       \tGetHandleVerifier [0x0x7ff6e4d5e26d+2926461]\nE       \tGetHandleVerifier [0x0x7ff6e4d58993+2903715]\nE       \tGetHandleVerifier [0x0x7ff6e4d76aed+3026941]\nE       \tGetHandleVerifier [0x0x7ff6e4ac16fe+187406]\nE       \tGetHandleVerifier [0x0x7ff6e4ac96ef+220159]\nE       \tGetHandleVerifier [0x0x7ff6e4aafaf4+114692]\nE       \tGetHandleVerifier [0x0x7ff6e4aafca9+115129]\nE       \tGetHandleVerifier [0x0x7ff6e4a964d8+10728]\nE       \tBaseThreadInitThunk [0x0x7ffee1537374+20]\nE       \tRtlUserThreadStart [0x0x7ffee1a7cc91+33]\n\nmyenv\\lib\\site-packages\\selenium\\webdriver\\support\\wait.py:138: TimeoutException","flaky":false,"newFailed":false,"newBroken":false,"newPassed":false,"retriesCount":1,"retriesStatusChange":false,"beforeStages":[{"name":"login_to_setting","time":{"start":1761150434200,"stop":1761150451555,"duration":17355},"status":"passed","steps":[],"attachments":[],"parameters":[],"attachmentsCount":0,"shouldDisplayMessage":false,"stepsCount":0,"hasContent":false,"attachmentStep":false}],"testStage":{"status":"broken","statusMessage":"selenium.common.exceptions.TimeoutException: Message: \nStacktrace:\n\tGetHandleVerifier [0x0x7ff6e4aa6f65+78965]\n\tGetHandleVerifier [0x0x7ff6e4aa6fc0+79056]\n\t(No symbol) [0x0x7ff6e4839dda]\n\t(No symbol) [0x0x7ff6e48902ea]\n\t(No symbol) [0x0x7ff6e489059c]\n\t(No symbol) [0x0x7ff6e48e3f37]\n\t(No symbol) [0x0x7ff6e48b86af]\n\t(No symbol) [0x0x7ff6e48e0dbe]\n\t(No symbol) [0x0x7ff6e48b8443]\n\t(No symbol) [0x0x7ff6e4881311]\n\t(No symbol) [0x0x7ff6e48820a3]\n\tGetHandleVerifier [0x0x7ff6e4d5e26d+2926461]\n\tGetHandleVerifier [0x0x7ff6e4d58993+2903715]\n\tGetHandleVerifier [0x0x7ff6e4d76aed+3026941]\n\tGetHandleVerifier [0x0x7ff6e4ac16fe+187406]\n\tGetHandleVerifier [0x0x7ff6e4ac96ef+220159]\n\tGetHandleVerifier [0x0x7ff6e4aafaf4+114692]\n\tGetHandleVerifier [0x0x7ff6e4aafca9+115129]\n\tGetHandleVerifier [0x0x7ff6e4a964d8+10728]\n\tBaseThreadInitThunk [0x0x7ffee1537374+20]\n\tRtlUserThreadStart [0x0x7ffee1a7cc91+33]","statusTrace":"self = <test_items.test_setting.TestSettingPage object at 0x0000027FE5A72BF0>, login_to_setting = <selenium.webdriver.chrome.webdriver.WebDriver (session=\"290af92db11b76bf39f679e3f67a0bb8\")>\n\n    @allure.story(\"添加透视表布局-不添加名称 添加失败\")\n    # @pytest.mark.run(order=1)\n    def test_setting_addtablefail1(self, login_to_setting):\n        driver = login_to_setting\n        setting = SettingPage(driver)\n    \n        # 调用 add_pivot_table 方法，用于添加布局\n        setting.add_pivot_table()\n    \n        # 点击特定的按钮，这里的 XPath 表达式用于定位页面上的按钮\n        setting.click_confirm_button()\n    \n        # 获取页面上的提示信息，用于后续的断言验证\n>       message = setting.get_error_message()\n\nTests\\test_items\\test_setting.py:167: \n_ _ _ _ _ _ _ _ _ _ _ _ _ _ _ _ _ _ _ _ _ _ _ _ _ _ _ _ _ _ _ _ _ _ _ _ _ _ _ _ _ _ _ _ _ _ _ _ _ _ _ _ _ _ _ _ _ _ _ _ _ _ _ _ _ _ _ _ _ _ _ _ _ _ _ _ _ _ _ _ _ _ _ _ _ _ _ _ _ _ _ _ _ _ _ _ _ _ _ _ _ _ _ _ _ _ _ _ _ _ _ _ _ _ _ _\nPages\\itemsPage\\setting_page.py:148: in get_error_message\n    message = WebDriverWait(self.driver, 10).until(\n_ _ _ _ _ _ _ _ _ _ _ _ _ _ _ _ _ _ _ _ _ _ _ _ _ _ _ _ _ _ _ _ _ _ _ _ _ _ _ _ _ _ _ _ _ _ _ _ _ _ _ _ _ _ _ _ _ _ _ _ _ _ _ _ _ _ _ _ _ _ _ _ _ _ _ _ _ _ _ _ _ _ _ _ _ _ _ _ _ _ _ _ _ _ _ _ _ _ _ _ _ _ _ _ _ _ _ _ _ _ _ _ _ _ _ _\n\nself = <selenium.webdriver.support.wait.WebDriverWait (session=\"290af92db11b76bf39f679e3f67a0bb8\")>, method = <function visibility_of_element_located.<locals>._predicate at 0x0000027FE764DCF0>, message = ''\n\n    def until(self, method: Callable[[D], Union[Literal[False], T]], message: str = \"\") -> T:\n        \"\"\"Wait until the method returns a value that is not False.\n    \n        Calls the method provided with the driver as an argument until the\n        return value does not evaluate to ``False``.\n    \n        Parameters:\n        -----------\n        method: callable(WebDriver)\n            - A callable object that takes a WebDriver instance as an argument.\n    \n        message: str\n            - Optional message for :exc:`TimeoutException`\n    \n        Return:\n        -------\n        object: T\n            - The result of the last call to `method`\n    \n        Raises:\n        -------\n        TimeoutException\n            - If 'method' does not return a truthy value within the WebDriverWait\n            object's timeout\n    \n        Example:\n        --------\n        >>> from selenium.webdriver.common.by import By\n        >>> from selenium.webdriver.support.ui import WebDriverWait\n        >>> from selenium.webdriver.support import expected_conditions as EC\n    \n        # Wait until an element is visible on the page\n        >>> wait = WebDriverWait(driver, 10)\n        >>> element = wait.until(EC.visibility_of_element_located((By.ID, \"exampleId\")))\n        >>> print(element.text)\n        \"\"\"\n        screen = None\n        stacktrace = None\n    \n        end_time = time.monotonic() + self._timeout\n        while True:\n            try:\n                value = method(self._driver)\n                if value:\n                    return value\n            except self._ignored_exceptions as exc:\n                screen = getattr(exc, \"screen\", None)\n                stacktrace = getattr(exc, \"stacktrace\", None)\n            if time.monotonic() > end_time:\n                break\n            time.sleep(self._poll)\n>       raise TimeoutException(message, screen, stacktrace)\nE       selenium.common.exceptions.TimeoutException: Message: \nE       Stacktrace:\nE       \tGetHandleVerifier [0x0x7ff6e4aa6f65+78965]\nE       \tGetHandleVerifier [0x0x7ff6e4aa6fc0+79056]\nE       \t(No symbol) [0x0x7ff6e4839dda]\nE       \t(No symbol) [0x0x7ff6e48902ea]\nE       \t(No symbol) [0x0x7ff6e489059c]\nE       \t(No symbol) [0x0x7ff6e48e3f37]\nE       \t(No symbol) [0x0x7ff6e48b86af]\nE       \t(No symbol) [0x0x7ff6e48e0dbe]\nE       \t(No symbol) [0x0x7ff6e48b8443]\nE       \t(No symbol) [0x0x7ff6e4881311]\nE       \t(No symbol) [0x0x7ff6e48820a3]\nE       \tGetHandleVerifier [0x0x7ff6e4d5e26d+2926461]\nE       \tGetHandleVerifier [0x0x7ff6e4d58993+2903715]\nE       \tGetHandleVerifier [0x0x7ff6e4d76aed+3026941]\nE       \tGetHandleVerifier [0x0x7ff6e4ac16fe+187406]\nE       \tGetHandleVerifier [0x0x7ff6e4ac96ef+220159]\nE       \tGetHandleVerifier [0x0x7ff6e4aafaf4+114692]\nE       \tGetHandleVerifier [0x0x7ff6e4aafca9+115129]\nE       \tGetHandleVerifier [0x0x7ff6e4a964d8+10728]\nE       \tBaseThreadInitThunk [0x0x7ffee1537374+20]\nE       \tRtlUserThreadStart [0x0x7ffee1a7cc91+33]\n\nmyenv\\lib\\site-packages\\selenium\\webdriver\\support\\wait.py:138: TimeoutException","steps":[],"attachments":[{"uid":"d507e031b047134f","name":"test_setting_addtablefail1_failure","source":"d507e031b047134f.png","type":"image/png","size":101938},{"uid":"11cfacc82a3a4034","name":"test_setting_addtablefail1_source","source":"11cfacc82a3a4034.html","type":"text/html","size":1461487},{"uid":"5b351a9eeb733944","name":"log","source":"5b351a9eeb733944.txt","type":"text/plain","size":2338}],"parameters":[],"attachmentsCount":3,"shouldDisplayMessage":true,"stepsCount":0,"hasContent":true,"attachmentStep":false},"afterStages":[{"name":"login_to_setting::0","time":{"start":1761150473981,"stop":1761150476453,"duration":2472},"status":"passed","steps":[],"attachments":[],"parameters":[],"attachmentsCount":0,"shouldDisplayMessage":false,"stepsCount":0,"hasContent":false,"attachmentStep":false}],"labels":[{"name":"story","value":"添加透视表布局-不添加名称 添加失败"},{"name":"feature","value":"标准应用设置测试用例"},{"name":"parentSuite","value":"Tests.test_items"},{"name":"suite","value":"test_setting"},{"name":"subSuite","value":"TestSettingPage"},{"name":"host","value":"WIN-20240820MJV"},{"name":"thread","value":"25856-MainThread"},{"name":"framework","value":"pytest"},{"name":"language","value":"cpython3"},{"name":"package","value":"Tests.test_items.test_setting"},{"name":"resultFormat","value":"allure2"}],"parameters":[],"links":[],"hidden":false,"retry":false,"extra":{"severity":"normal","retries":[{"uid":"83e4c928cb34dbfe","status":"broken","statusDetails":"selenium.common.exceptions.TimeoutException: Message: \nStacktrace:\n\tGetHandleVerifier [0x0x7ff6e4aa6f65+78965]\n\tGetHandleVerifier [0x0x7ff6e4aa6fc0+79056]\n\t(No symbol) [0x0x7ff6e4839dda]\n\t(No symbol) [0x0x7ff6e48902ea]\n\t(No symbol) [0x0x7ff6e489059c]\n\t(No symbol) [0x0x7ff6e48e3f37]\n\t(No symbol) [0x0x7ff6e48b86af]\n\t(No symbol) [0x0x7ff6e48e0dbe]\n\t(No symbol) [0x0x7ff6e48b8443]\n\t(No symbol) [0x0x7ff6e4881311]\n\t(No symbol) [0x0x7ff6e48820a3]\n\tGetHandleVerifier [0x0x7ff6e4d5e26d+2926461]\n\tGetHandleVerifier [0x0x7ff6e4d58993+2903715]\n\tGetHandleVerifier [0x0x7ff6e4d76aed+3026941]\n\tGetHandleVerifier [0x0x7ff6e4ac16fe+187406]\n\tGetHandleVerifier [0x0x7ff6e4ac96ef+220159]\n\tGetHandleVerifier [0x0x7ff6e4aafaf4+114692]\n\tGetHandleVerifier [0x0x7ff6e4aafca9+115129]\n\tGetHandleVerifier [0x0x7ff6e4a964d8+10728]\n\tBaseThreadInitThunk [0x0x7ffee1537374+20]\n\tRtlUserThreadStart [0x0x7ffee1a7cc91+33]","time":{"start":1761150411217,"stop":1761150430908,"duration":19691}}],"categories":[{"name":"Test defects","matchedStatuses":[]}],"tags":[]},"source":"a6f606346038b501.json","parameterValues":[]}