{"uid":"a72bb1fdeaf9a8e0","name":"test_home_save_template_confirm1","fullName":"Tests.test_system.test_home.TestHomePage#test_home_save_template_confirm1","historyId":"269fa02fd2ea96844f098ffc9dd5ddad","time":{"start":1753806556059,"stop":1753806568805,"duration":12746},"status":"broken","statusMessage":"selenium.common.exceptions.TimeoutException: Message: 点击失败，找不到元素：xpath = (//div[@class=\"d-flex m-b-7 toolBar\"]//button)[2]","statusTrace":"self = <Pages.systemPage.homepage_page.HomePage object at 0x000001DD84352830>, by_or_element = 'xpath', value = '(//div[@class=\"d-flex m-b-7 toolBar\"]//button)[2]', wait_time = 10\n\n    def click(self, by_or_element, value=None, wait_time=10):\n        if value is not None:\n            by = by_or_element\n            logging.info(f\"点击元素：By = {by}, Value = {value}\")\n            try:\n>               element = WebDriverWait(self.driver, wait_time).until(\n                    EC.element_to_be_clickable((by, value))\n                )\n\nPages\\base_page.py:45: \n_ _ _ _ _ _ _ _ _ _ _ _ _ _ _ _ _ _ _ _ _ _ _ _ _ _ _ _ _ _ _ _ _ _ _ _ _ _ _ _ _ _ _ _ _ _ _ _ _ _ _ _ _ _ _ _ _ _ _ _ _ _ _ _ _ _ _ _ _ _ _ _ _ _ _ _ _ _ _ _ _ _ _ _ _ _ _ _ _ _ _ _\n\nself = <selenium.webdriver.support.wait.WebDriverWait (session=\"c56e8666d8cecf24dfa663820bc61902\")>\nmethod = <function element_to_be_clickable.<locals>._predicate at 0x000001DD8449BD00>, message = ''\n\n    def until(self, method: Callable[[D], Union[Literal[False], T]], message: str = \"\") -> T:\n        \"\"\"Wait until the method returns a value that is not False.\n    \n        Calls the method provided with the driver as an argument until the\n        return value does not evaluate to ``False``.\n    \n        Parameters:\n        -----------\n        method: callable(WebDriver)\n            - A callable object that takes a WebDriver instance as an argument.\n    \n        message: str\n            - Optional message for :exc:`TimeoutException`\n    \n        Return:\n        -------\n        object: T\n            - The result of the last call to `method`\n    \n        Raises:\n        -------\n        TimeoutException\n            - If 'method' does not return a truthy value within the WebDriverWait\n            object's timeout\n    \n        Example:\n        --------\n        >>> from selenium.webdriver.common.by import By\n        >>> from selenium.webdriver.support.ui import WebDriverWait\n        >>> from selenium.webdriver.support import expected_conditions as EC\n    \n        # Wait until an element is visible on the page\n        >>> wait = WebDriverWait(driver, 10)\n        >>> element = wait.until(EC.visibility_of_element_located((By.ID, \"exampleId\")))\n        >>> print(element.text)\n        \"\"\"\n        screen = None\n        stacktrace = None\n    \n        end_time = time.monotonic() + self._timeout\n        while True:\n            try:\n                value = method(self._driver)\n                if value:\n                    return value\n            except self._ignored_exceptions as exc:\n                screen = getattr(exc, \"screen\", None)\n                stacktrace = getattr(exc, \"stacktrace\", None)\n            if time.monotonic() > end_time:\n                break\n            time.sleep(self._poll)\n>       raise TimeoutException(message, screen, stacktrace)\nE       selenium.common.exceptions.TimeoutException: Message:\n\nmyenv\\lib\\site-packages\\selenium\\webdriver\\support\\wait.py:138: TimeoutException\n\nDuring handling of the above exception, another exception occurred:\n\nself = <test_system.test_home.TestHomePage object at 0x000001DD82022F20>, login_to_home = <selenium.webdriver.chrome.webdriver.WebDriver (session=\"c56e8666d8cecf24dfa663820bc61902\")>\n\n    @allure.story(\"保存模版,点击确定，保存模版\")\n    # @pytest.mark.run(order=1)\n    def test_home_save_template_confirm1(self, login_to_home):\n        driver = login_to_home  # WebDriver 实例\n        home = HomePage(driver)  # 用 driver 初始化 HomePage\n        driver.execute_script(\"document.body.style.zoom='0.6'\")\n        sleep(1)\n        home.clear_all_button(\"确定\")\n        home.drag_component(index=\"2\")\n>       text = home.click_save_template_button(name=\"测试模版confirm\", button=\"确定\")\n\nTests\\test_system\\test_home.py:135: \n_ _ _ _ _ _ _ _ _ _ _ _ _ _ _ _ _ _ _ _ _ _ _ _ _ _ _ _ _ _ _ _ _ _ _ _ _ _ _ _ _ _ _ _ _ _ _ _ _ _ _ _ _ _ _ _ _ _ _ _ _ _ _ _ _ _ _ _ _ _ _ _ _ _ _ _ _ _ _ _ _ _ _ _ _ _ _ _ _ _ _ _\nPages\\systemPage\\homepage_page.py:77: in click_save_template_button\n    self.click_button('(//div[@class=\"d-flex m-b-7 toolBar\"]//button)[2]')\nPages\\systemPage\\homepage_page.py:22: in click_button\n    self.click(By.XPATH, xpath)\n_ _ _ _ _ _ _ _ _ _ _ _ _ _ _ _ _ _ _ _ _ _ _ _ _ _ _ _ _ _ _ _ _ _ _ _ _ _ _ _ _ _ _ _ _ _ _ _ _ _ _ _ _ _ _ _ _ _ _ _ _ _ _ _ _ _ _ _ _ _ _ _ _ _ _ _ _ _ _ _ _ _ _ _ _ _ _ _ _ _ _ _\n\nself = <Pages.systemPage.homepage_page.HomePage object at 0x000001DD84352830>, by_or_element = 'xpath', value = '(//div[@class=\"d-flex m-b-7 toolBar\"]//button)[2]', wait_time = 10\n\n    def click(self, by_or_element, value=None, wait_time=10):\n        if value is not None:\n            by = by_or_element\n            logging.info(f\"点击元素：By = {by}, Value = {value}\")\n            try:\n                element = WebDriverWait(self.driver, wait_time).until(\n                    EC.element_to_be_clickable((by, value))\n                )\n            except TimeoutException:\n                logging.warning(f\"❌ 点击超时：元素 {by} = {value} 未在 {wait_time} 秒内变为可点击\")\n>               raise TimeoutException(f\"点击失败，找不到元素：{by} = {value}\")\nE               selenium.common.exceptions.TimeoutException: Message: 点击失败，找不到元素：xpath = (//div[@class=\"d-flex m-b-7 toolBar\"]//button)[2]\n\nPages\\base_page.py:50: TimeoutException","flaky":false,"newFailed":false,"newBroken":false,"newPassed":false,"retriesCount":1,"retriesStatusChange":false,"beforeStages":[{"name":"login_to_home","time":{"start":1753806547637,"stop":1753806556059,"duration":8422},"status":"passed","steps":[],"attachments":[],"parameters":[],"stepsCount":0,"attachmentStep":false,"hasContent":false,"attachmentsCount":0,"shouldDisplayMessage":false}],"testStage":{"status":"broken","statusMessage":"selenium.common.exceptions.TimeoutException: Message: 点击失败，找不到元素：xpath = (//div[@class=\"d-flex m-b-7 toolBar\"]//button)[2]","statusTrace":"self = <Pages.systemPage.homepage_page.HomePage object at 0x000001DD84352830>, by_or_element = 'xpath', value = '(//div[@class=\"d-flex m-b-7 toolBar\"]//button)[2]', wait_time = 10\n\n    def click(self, by_or_element, value=None, wait_time=10):\n        if value is not None:\n            by = by_or_element\n            logging.info(f\"点击元素：By = {by}, Value = {value}\")\n            try:\n>               element = WebDriverWait(self.driver, wait_time).until(\n                    EC.element_to_be_clickable((by, value))\n                )\n\nPages\\base_page.py:45: \n_ _ _ _ _ _ _ _ _ _ _ _ _ _ _ _ _ _ _ _ _ _ _ _ _ _ _ _ _ _ _ _ _ _ _ _ _ _ _ _ _ _ _ _ _ _ _ _ _ _ _ _ _ _ _ _ _ _ _ _ _ _ _ _ _ _ _ _ _ _ _ _ _ _ _ _ _ _ _ _ _ _ _ _ _ _ _ _ _ _ _ _\n\nself = <selenium.webdriver.support.wait.WebDriverWait (session=\"c56e8666d8cecf24dfa663820bc61902\")>\nmethod = <function element_to_be_clickable.<locals>._predicate at 0x000001DD8449BD00>, message = ''\n\n    def until(self, method: Callable[[D], Union[Literal[False], T]], message: str = \"\") -> T:\n        \"\"\"Wait until the method returns a value that is not False.\n    \n        Calls the method provided with the driver as an argument until the\n        return value does not evaluate to ``False``.\n    \n        Parameters:\n        -----------\n        method: callable(WebDriver)\n            - A callable object that takes a WebDriver instance as an argument.\n    \n        message: str\n            - Optional message for :exc:`TimeoutException`\n    \n        Return:\n        -------\n        object: T\n            - The result of the last call to `method`\n    \n        Raises:\n        -------\n        TimeoutException\n            - If 'method' does not return a truthy value within the WebDriverWait\n            object's timeout\n    \n        Example:\n        --------\n        >>> from selenium.webdriver.common.by import By\n        >>> from selenium.webdriver.support.ui import WebDriverWait\n        >>> from selenium.webdriver.support import expected_conditions as EC\n    \n        # Wait until an element is visible on the page\n        >>> wait = WebDriverWait(driver, 10)\n        >>> element = wait.until(EC.visibility_of_element_located((By.ID, \"exampleId\")))\n        >>> print(element.text)\n        \"\"\"\n        screen = None\n        stacktrace = None\n    \n        end_time = time.monotonic() + self._timeout\n        while True:\n            try:\n                value = method(self._driver)\n                if value:\n                    return value\n            except self._ignored_exceptions as exc:\n                screen = getattr(exc, \"screen\", None)\n                stacktrace = getattr(exc, \"stacktrace\", None)\n            if time.monotonic() > end_time:\n                break\n            time.sleep(self._poll)\n>       raise TimeoutException(message, screen, stacktrace)\nE       selenium.common.exceptions.TimeoutException: Message:\n\nmyenv\\lib\\site-packages\\selenium\\webdriver\\support\\wait.py:138: TimeoutException\n\nDuring handling of the above exception, another exception occurred:\n\nself = <test_system.test_home.TestHomePage object at 0x000001DD82022F20>, login_to_home = <selenium.webdriver.chrome.webdriver.WebDriver (session=\"c56e8666d8cecf24dfa663820bc61902\")>\n\n    @allure.story(\"保存模版,点击确定，保存模版\")\n    # @pytest.mark.run(order=1)\n    def test_home_save_template_confirm1(self, login_to_home):\n        driver = login_to_home  # WebDriver 实例\n        home = HomePage(driver)  # 用 driver 初始化 HomePage\n        driver.execute_script(\"document.body.style.zoom='0.6'\")\n        sleep(1)\n        home.clear_all_button(\"确定\")\n        home.drag_component(index=\"2\")\n>       text = home.click_save_template_button(name=\"测试模版confirm\", button=\"确定\")\n\nTests\\test_system\\test_home.py:135: \n_ _ _ _ _ _ _ _ _ _ _ _ _ _ _ _ _ _ _ _ _ _ _ _ _ _ _ _ _ _ _ _ _ _ _ _ _ _ _ _ _ _ _ _ _ _ _ _ _ _ _ _ _ _ _ _ _ _ _ _ _ _ _ _ _ _ _ _ _ _ _ _ _ _ _ _ _ _ _ _ _ _ _ _ _ _ _ _ _ _ _ _\nPages\\systemPage\\homepage_page.py:77: in click_save_template_button\n    self.click_button('(//div[@class=\"d-flex m-b-7 toolBar\"]//button)[2]')\nPages\\systemPage\\homepage_page.py:22: in click_button\n    self.click(By.XPATH, xpath)\n_ _ _ _ _ _ _ _ _ _ _ _ _ _ _ _ _ _ _ _ _ _ _ _ _ _ _ _ _ _ _ _ _ _ _ _ _ _ _ _ _ _ _ _ _ _ _ _ _ _ _ _ _ _ _ _ _ _ _ _ _ _ _ _ _ _ _ _ _ _ _ _ _ _ _ _ _ _ _ _ _ _ _ _ _ _ _ _ _ _ _ _\n\nself = <Pages.systemPage.homepage_page.HomePage object at 0x000001DD84352830>, by_or_element = 'xpath', value = '(//div[@class=\"d-flex m-b-7 toolBar\"]//button)[2]', wait_time = 10\n\n    def click(self, by_or_element, value=None, wait_time=10):\n        if value is not None:\n            by = by_or_element\n            logging.info(f\"点击元素：By = {by}, Value = {value}\")\n            try:\n                element = WebDriverWait(self.driver, wait_time).until(\n                    EC.element_to_be_clickable((by, value))\n                )\n            except TimeoutException:\n                logging.warning(f\"❌ 点击超时：元素 {by} = {value} 未在 {wait_time} 秒内变为可点击\")\n>               raise TimeoutException(f\"点击失败，找不到元素：{by} = {value}\")\nE               selenium.common.exceptions.TimeoutException: Message: 点击失败，找不到元素：xpath = (//div[@class=\"d-flex m-b-7 toolBar\"]//button)[2]\n\nPages\\base_page.py:50: TimeoutException","steps":[],"attachments":[{"uid":"59802c76f2efbb03","name":"test_home_save_template_confirm1_failure","source":"59802c76f2efbb03.png","type":"image/png","size":71096},{"uid":"f801a14d507d8502","name":"test_home_save_template_confirm1_source","source":"f801a14d507d8502.html","type":"text/html","size":1469453},{"uid":"f44363a9136113b7","name":"log","source":"f44363a9136113b7.txt","type":"text/plain","size":3679}],"parameters":[],"stepsCount":0,"attachmentStep":false,"hasContent":true,"attachmentsCount":3,"shouldDisplayMessage":true},"afterStages":[{"name":"login_to_home::0","time":{"start":1753806569045,"stop":1753806571293,"duration":2248},"status":"passed","steps":[],"attachments":[],"parameters":[],"stepsCount":0,"attachmentStep":false,"hasContent":false,"attachmentsCount":0,"shouldDisplayMessage":false}],"labels":[{"name":"story","value":"保存模版,点击确定，保存模版"},{"name":"feature","value":"主页设置页用例"},{"name":"parentSuite","value":"Tests.test_system"},{"name":"suite","value":"test_home"},{"name":"subSuite","value":"TestHomePage"},{"name":"host","value":"WIN-20240820MJV"},{"name":"thread","value":"45800-MainThread"},{"name":"framework","value":"pytest"},{"name":"language","value":"cpython3"},{"name":"package","value":"Tests.test_system.test_home"},{"name":"resultFormat","value":"allure2"}],"parameters":[],"links":[],"hidden":false,"retry":false,"extra":{"severity":"normal","retries":[{"uid":"3f467c565ece4fa0","status":"broken","statusDetails":"selenium.common.exceptions.TimeoutException: Message: 点击失败，找不到元素：xpath = (//div[@class=\"d-flex m-b-7 toolBar\"]//button)[2]","time":{"start":1753806532563,"stop":1753806545169,"duration":12606}}],"categories":[{"name":"Test defects","matchedStatuses":[]}],"tags":[]},"source":"a72bb1fdeaf9a8e0.json","parameterValues":[]}