{"uid":"a7903669891c177e","name":"test_item_editcodesuccess","fullName":"Tests.test_material.test_materialVendors.TestItemPage#test_item_editcodesuccess","historyId":"94fdd3435945339df2ddc1de80528909","time":{"start":1753110580385,"stop":1753110590613,"duration":10228},"status":"broken","statusMessage":"selenium.common.exceptions.TimeoutException: Message: 点击失败，找不到元素：xpath = //tr[./td[2][.//span[text()=\"1测试A\"]]]/td[2]","statusTrace":"self = <Pages.materialPage.warehouseLocation_page.WarehouseLocationPage object at 0x0000024D2007D270>, by_or_element = 'xpath', value = '//tr[./td[2][.//span[text()=\"1测试A\"]]]/td[2]'\nwait_time = 10\n\n    def click(self, by_or_element, value=None, wait_time=10):\n        if value is not None:\n            by = by_or_element\n            logging.info(f\"点击元素：By = {by}, Value = {value}\")\n            try:\n>               element = WebDriverWait(self.driver, wait_time).until(\n                    EC.element_to_be_clickable((by, value))\n                )\n\nPages\\base_page.py:42: \n_ _ _ _ _ _ _ _ _ _ _ _ _ _ _ _ _ _ _ _ _ _ _ _ _ _ _ _ _ _ _ _ _ _ _ _ _ _ _ _ _ _ _ _ _ _ _ _ _ _ _ _ _ _ _ _ _ _ _ _ _ _ _ _ _ _ _ _ _ _ _ _ _ _ _ _ _ _ _ _ _ _ _ _ _ _ _ _ _ _ _ _\n\nself = <selenium.webdriver.support.wait.WebDriverWait (session=\"a839010304c489bce2c0a22b700905b9\")>\nmethod = <function element_to_be_clickable.<locals>._predicate at 0x0000024D214C30A0>, message = ''\n\n    def until(self, method: Callable[[D], Union[Literal[False], T]], message: str = \"\") -> T:\n        \"\"\"Wait until the method returns a value that is not False.\n    \n        Calls the method provided with the driver as an argument until the\n        return value does not evaluate to ``False``.\n    \n        Parameters:\n        -----------\n        method: callable(WebDriver)\n            - A callable object that takes a WebDriver instance as an argument.\n    \n        message: str\n            - Optional message for :exc:`TimeoutException`\n    \n        Return:\n        -------\n        object: T\n            - The result of the last call to `method`\n    \n        Raises:\n        -------\n        TimeoutException\n            - If 'method' does not return a truthy value within the WebDriverWait\n            object's timeout\n    \n        Example:\n        --------\n        >>> from selenium.webdriver.common.by import By\n        >>> from selenium.webdriver.support.ui import WebDriverWait\n        >>> from selenium.webdriver.support import expected_conditions as EC\n    \n        # Wait until an element is visible on the page\n        >>> wait = WebDriverWait(driver, 10)\n        >>> element = wait.until(EC.visibility_of_element_located((By.ID, \"exampleId\")))\n        >>> print(element.text)\n        \"\"\"\n        screen = None\n        stacktrace = None\n    \n        end_time = time.monotonic() + self._timeout\n        while True:\n            try:\n                value = method(self._driver)\n                if value:\n                    return value\n            except self._ignored_exceptions as exc:\n                screen = getattr(exc, \"screen\", None)\n                stacktrace = getattr(exc, \"stacktrace\", None)\n            if time.monotonic() > end_time:\n                break\n            time.sleep(self._poll)\n>       raise TimeoutException(message, screen, stacktrace)\nE       selenium.common.exceptions.TimeoutException: Message: \nE       Stacktrace:\nE       \tGetHandleVerifier [0x0x7ff77a1f6f65+78965]\nE       \tGetHandleVerifier [0x0x7ff77a1f6fc0+79056]\nE       \t(No symbol) [0x0x7ff779f89dda]\nE       \t(No symbol) [0x0x7ff779fe02ea]\nE       \t(No symbol) [0x0x7ff779fe059c]\nE       \t(No symbol) [0x0x7ff77a033f37]\nE       \t(No symbol) [0x0x7ff77a0086af]\nE       \t(No symbol) [0x0x7ff77a030dbe]\nE       \t(No symbol) [0x0x7ff77a008443]\nE       \t(No symbol) [0x0x7ff779fd1311]\nE       \t(No symbol) [0x0x7ff779fd20a3]\nE       \tGetHandleVerifier [0x0x7ff77a4ae26d+2926461]\nE       \tGetHandleVerifier [0x0x7ff77a4a8993+2903715]\nE       \tGetHandleVerifier [0x0x7ff77a4c6aed+3026941]\nE       \tGetHandleVerifier [0x0x7ff77a2116fe+187406]\nE       \tGetHandleVerifier [0x0x7ff77a2196ef+220159]\nE       \tGetHandleVerifier [0x0x7ff77a1ffaf4+114692]\nE       \tGetHandleVerifier [0x0x7ff77a1ffca9+115129]\nE       \tGetHandleVerifier [0x0x7ff77a1e64d8+10728]\nE       \tBaseThreadInitThunk [0x0x7fff79487374+20]\nE       \tRtlUserThreadStart [0x0x7fff7967cc91+33]\n\nmyenv\\lib\\site-packages\\selenium\\webdriver\\support\\wait.py:138: TimeoutException\n\nDuring handling of the above exception, another exception occurred:\n\nself = <test_materialVendors.TestItemPage object at 0x0000024D1FABB4C0>, login_to_item = <selenium.webdriver.chrome.webdriver.WebDriver (session=\"a839010304c489bce2c0a22b700905b9\")>\n\n    @allure.story(\"修改供应商代码成功\")\n    # @pytest.mark.run(order=1)\n    def test_item_editcodesuccess(self, login_to_item):\n        # 选中1测试A物料代码\n>       self.item.click_button('//tr[./td[2][.//span[text()=\"1测试A\"]]]/td[2]')\n\nTests\\test_material\\test_materialVendors.py:197: \n_ _ _ _ _ _ _ _ _ _ _ _ _ _ _ _ _ _ _ _ _ _ _ _ _ _ _ _ _ _ _ _ _ _ _ _ _ _ _ _ _ _ _ _ _ _ _ _ _ _ _ _ _ _ _ _ _ _ _ _ _ _ _ _ _ _ _ _ _ _ _ _ _ _ _ _ _ _ _ _ _ _ _ _ _ _ _ _ _ _ _ _\nPages\\materialPage\\warehouseLocation_page.py:39: in click_button\n    self.click(By.XPATH, xpath)\n_ _ _ _ _ _ _ _ _ _ _ _ _ _ _ _ _ _ _ _ _ _ _ _ _ _ _ _ _ _ _ _ _ _ _ _ _ _ _ _ _ _ _ _ _ _ _ _ _ _ _ _ _ _ _ _ _ _ _ _ _ _ _ _ _ _ _ _ _ _ _ _ _ _ _ _ _ _ _ _ _ _ _ _ _ _ _ _ _ _ _ _\n\nself = <Pages.materialPage.warehouseLocation_page.WarehouseLocationPage object at 0x0000024D2007D270>, by_or_element = 'xpath', value = '//tr[./td[2][.//span[text()=\"1测试A\"]]]/td[2]'\nwait_time = 10\n\n    def click(self, by_or_element, value=None, wait_time=10):\n        if value is not None:\n            by = by_or_element\n            logging.info(f\"点击元素：By = {by}, Value = {value}\")\n            try:\n                element = WebDriverWait(self.driver, wait_time).until(\n                    EC.element_to_be_clickable((by, value))\n                )\n            except TimeoutException:\n                logging.warning(f\"❌ 点击超时：元素 {by} = {value} 未在 {wait_time} 秒内变为可点击\")\n                self.safe_screenshot(\"click_timeout\", test_name=\"test\")\n>               raise TimeoutException(f\"点击失败，找不到元素：{by} = {value}\")\nE               selenium.common.exceptions.TimeoutException: Message: 点击失败，找不到元素：xpath = //tr[./td[2][.//span[text()=\"1测试A\"]]]/td[2]\n\nPages\\base_page.py:48: TimeoutException","flaky":false,"newFailed":false,"newBroken":false,"newPassed":false,"retriesCount":0,"retriesStatusChange":false,"beforeStages":[{"name":"login_to_item","time":{"start":1753110572134,"stop":1753110580380,"duration":8246},"status":"passed","steps":[],"attachments":[],"parameters":[],"attachmentStep":false,"stepsCount":0,"hasContent":false,"attachmentsCount":0,"shouldDisplayMessage":false},{"name":"setup","time":{"start":1753110580380,"stop":1753110580385,"duration":5},"status":"passed","steps":[],"attachments":[],"parameters":[],"attachmentStep":false,"stepsCount":0,"hasContent":false,"attachmentsCount":0,"shouldDisplayMessage":false}],"testStage":{"status":"broken","statusMessage":"selenium.common.exceptions.TimeoutException: Message: 点击失败，找不到元素：xpath = //tr[./td[2][.//span[text()=\"1测试A\"]]]/td[2]","statusTrace":"self = <Pages.materialPage.warehouseLocation_page.WarehouseLocationPage object at 0x0000024D2007D270>, by_or_element = 'xpath', value = '//tr[./td[2][.//span[text()=\"1测试A\"]]]/td[2]'\nwait_time = 10\n\n    def click(self, by_or_element, value=None, wait_time=10):\n        if value is not None:\n            by = by_or_element\n            logging.info(f\"点击元素：By = {by}, Value = {value}\")\n            try:\n>               element = WebDriverWait(self.driver, wait_time).until(\n                    EC.element_to_be_clickable((by, value))\n                )\n\nPages\\base_page.py:42: \n_ _ _ _ _ _ _ _ _ _ _ _ _ _ _ _ _ _ _ _ _ _ _ _ _ _ _ _ _ _ _ _ _ _ _ _ _ _ _ _ _ _ _ _ _ _ _ _ _ _ _ _ _ _ _ _ _ _ _ _ _ _ _ _ _ _ _ _ _ _ _ _ _ _ _ _ _ _ _ _ _ _ _ _ _ _ _ _ _ _ _ _\n\nself = <selenium.webdriver.support.wait.WebDriverWait (session=\"a839010304c489bce2c0a22b700905b9\")>\nmethod = <function element_to_be_clickable.<locals>._predicate at 0x0000024D214C30A0>, message = ''\n\n    def until(self, method: Callable[[D], Union[Literal[False], T]], message: str = \"\") -> T:\n        \"\"\"Wait until the method returns a value that is not False.\n    \n        Calls the method provided with the driver as an argument until the\n        return value does not evaluate to ``False``.\n    \n        Parameters:\n        -----------\n        method: callable(WebDriver)\n            - A callable object that takes a WebDriver instance as an argument.\n    \n        message: str\n            - Optional message for :exc:`TimeoutException`\n    \n        Return:\n        -------\n        object: T\n            - The result of the last call to `method`\n    \n        Raises:\n        -------\n        TimeoutException\n            - If 'method' does not return a truthy value within the WebDriverWait\n            object's timeout\n    \n        Example:\n        --------\n        >>> from selenium.webdriver.common.by import By\n        >>> from selenium.webdriver.support.ui import WebDriverWait\n        >>> from selenium.webdriver.support import expected_conditions as EC\n    \n        # Wait until an element is visible on the page\n        >>> wait = WebDriverWait(driver, 10)\n        >>> element = wait.until(EC.visibility_of_element_located((By.ID, \"exampleId\")))\n        >>> print(element.text)\n        \"\"\"\n        screen = None\n        stacktrace = None\n    \n        end_time = time.monotonic() + self._timeout\n        while True:\n            try:\n                value = method(self._driver)\n                if value:\n                    return value\n            except self._ignored_exceptions as exc:\n                screen = getattr(exc, \"screen\", None)\n                stacktrace = getattr(exc, \"stacktrace\", None)\n            if time.monotonic() > end_time:\n                break\n            time.sleep(self._poll)\n>       raise TimeoutException(message, screen, stacktrace)\nE       selenium.common.exceptions.TimeoutException: Message: \nE       Stacktrace:\nE       \tGetHandleVerifier [0x0x7ff77a1f6f65+78965]\nE       \tGetHandleVerifier [0x0x7ff77a1f6fc0+79056]\nE       \t(No symbol) [0x0x7ff779f89dda]\nE       \t(No symbol) [0x0x7ff779fe02ea]\nE       \t(No symbol) [0x0x7ff779fe059c]\nE       \t(No symbol) [0x0x7ff77a033f37]\nE       \t(No symbol) [0x0x7ff77a0086af]\nE       \t(No symbol) [0x0x7ff77a030dbe]\nE       \t(No symbol) [0x0x7ff77a008443]\nE       \t(No symbol) [0x0x7ff779fd1311]\nE       \t(No symbol) [0x0x7ff779fd20a3]\nE       \tGetHandleVerifier [0x0x7ff77a4ae26d+2926461]\nE       \tGetHandleVerifier [0x0x7ff77a4a8993+2903715]\nE       \tGetHandleVerifier [0x0x7ff77a4c6aed+3026941]\nE       \tGetHandleVerifier [0x0x7ff77a2116fe+187406]\nE       \tGetHandleVerifier [0x0x7ff77a2196ef+220159]\nE       \tGetHandleVerifier [0x0x7ff77a1ffaf4+114692]\nE       \tGetHandleVerifier [0x0x7ff77a1ffca9+115129]\nE       \tGetHandleVerifier [0x0x7ff77a1e64d8+10728]\nE       \tBaseThreadInitThunk [0x0x7fff79487374+20]\nE       \tRtlUserThreadStart [0x0x7fff7967cc91+33]\n\nmyenv\\lib\\site-packages\\selenium\\webdriver\\support\\wait.py:138: TimeoutException\n\nDuring handling of the above exception, another exception occurred:\n\nself = <test_materialVendors.TestItemPage object at 0x0000024D1FABB4C0>, login_to_item = <selenium.webdriver.chrome.webdriver.WebDriver (session=\"a839010304c489bce2c0a22b700905b9\")>\n\n    @allure.story(\"修改供应商代码成功\")\n    # @pytest.mark.run(order=1)\n    def test_item_editcodesuccess(self, login_to_item):\n        # 选中1测试A物料代码\n>       self.item.click_button('//tr[./td[2][.//span[text()=\"1测试A\"]]]/td[2]')\n\nTests\\test_material\\test_materialVendors.py:197: \n_ _ _ _ _ _ _ _ _ _ _ _ _ _ _ _ _ _ _ _ _ _ _ _ _ _ _ _ _ _ _ _ _ _ _ _ _ _ _ _ _ _ _ _ _ _ _ _ _ _ _ _ _ _ _ _ _ _ _ _ _ _ _ _ _ _ _ _ _ _ _ _ _ _ _ _ _ _ _ _ _ _ _ _ _ _ _ _ _ _ _ _\nPages\\materialPage\\warehouseLocation_page.py:39: in click_button\n    self.click(By.XPATH, xpath)\n_ _ _ _ _ _ _ _ _ _ _ _ _ _ _ _ _ _ _ _ _ _ _ _ _ _ _ _ _ _ _ _ _ _ _ _ _ _ _ _ _ _ _ _ _ _ _ _ _ _ _ _ _ _ _ _ _ _ _ _ _ _ _ _ _ _ _ _ _ _ _ _ _ _ _ _ _ _ _ _ _ _ _ _ _ _ _ _ _ _ _ _\n\nself = <Pages.materialPage.warehouseLocation_page.WarehouseLocationPage object at 0x0000024D2007D270>, by_or_element = 'xpath', value = '//tr[./td[2][.//span[text()=\"1测试A\"]]]/td[2]'\nwait_time = 10\n\n    def click(self, by_or_element, value=None, wait_time=10):\n        if value is not None:\n            by = by_or_element\n            logging.info(f\"点击元素：By = {by}, Value = {value}\")\n            try:\n                element = WebDriverWait(self.driver, wait_time).until(\n                    EC.element_to_be_clickable((by, value))\n                )\n            except TimeoutException:\n                logging.warning(f\"❌ 点击超时：元素 {by} = {value} 未在 {wait_time} 秒内变为可点击\")\n                self.safe_screenshot(\"click_timeout\", test_name=\"test\")\n>               raise TimeoutException(f\"点击失败，找不到元素：{by} = {value}\")\nE               selenium.common.exceptions.TimeoutException: Message: 点击失败，找不到元素：xpath = //tr[./td[2][.//span[text()=\"1测试A\"]]]/td[2]\n\nPages\\base_page.py:48: TimeoutException","steps":[],"attachments":[{"uid":"3b7740681989a390","name":"test_click_timeout","source":"3b7740681989a390.png","type":"image/png","size":88107},{"uid":"5675c5f006afc152","name":"log","source":"5675c5f006afc152.txt","type":"text/plain","size":1214}],"parameters":[],"attachmentStep":false,"stepsCount":0,"hasContent":true,"attachmentsCount":2,"shouldDisplayMessage":true},"afterStages":[{"name":"login_to_item::0","time":{"start":1753110590627,"stop":1753110592768,"duration":2141},"status":"passed","steps":[],"attachments":[],"parameters":[],"attachmentStep":false,"stepsCount":0,"hasContent":false,"attachmentsCount":0,"shouldDisplayMessage":false}],"labels":[{"name":"feature","value":"供应商信息测试用例"},{"name":"story","value":"修改供应商代码成功"},{"name":"parentSuite","value":"Tests.test_material"},{"name":"suite","value":"test_materialVendors"},{"name":"subSuite","value":"TestItemPage"},{"name":"host","value":"WIN-20240820MJV"},{"name":"thread","value":"26464-MainThread"},{"name":"framework","value":"pytest"},{"name":"language","value":"cpython3"},{"name":"package","value":"Tests.test_material.test_materialVendors"},{"name":"resultFormat","value":"allure2"}],"parameters":[],"links":[],"hidden":true,"retry":true,"extra":{"categories":[],"tags":[]},"source":"a7903669891c177e.json","parameterValues":[]}