{"uid":"a98ad572a09f5055","name":"test_production_addfail2","fullName":"Tests.test_items.test_production.TestProductionPage#test_production_addfail2","historyId":"7c75055ce6be8e01587a34d3da8a9ff5","time":{"start":1760366150959,"stop":1760366163420,"duration":12461},"status":"broken","statusMessage":"selenium.common.exceptions.TimeoutException: Message: 点击失败，找不到元素：xpath = //table[.//tr[./td[3]//span[text()=\"1测试C订单:1\"]]]//td[3]//span[text()=\"1测试C订单:1\"]","statusTrace":"self = <Pages.itemsPage.production_page.ProductionPage object at 0x00000216A29DAC20>, by_or_element = 'xpath', value = '//table[.//tr[./td[3]//span[text()=\"1测试C订单:1\"]]]//td[3]//span[text()=\"1测试C订单:1\"]', wait_time = 10\n\n    def click(self, by_or_element, value=None, wait_time=10):\n        if value is not None:\n            by = by_or_element\n            logging.info(f\"点击元素：By = {by}, Value = {value}\")\n            try:\n>               element = WebDriverWait(self.driver, wait_time).until(\n                    EC.element_to_be_clickable((by, value))\n                )\n\nPages\\base_page.py:45: \n_ _ _ _ _ _ _ _ _ _ _ _ _ _ _ _ _ _ _ _ _ _ _ _ _ _ _ _ _ _ _ _ _ _ _ _ _ _ _ _ _ _ _ _ _ _ _ _ _ _ _ _ _ _ _ _ _ _ _ _ _ _ _ _ _ _ _ _ _ _ _ _ _ _ _ _ _ _ _ _ _ _ _ _ _ _ _ _ _ _ _ _ _ _ _ _ _ _ _ _ _ _ _ _ _ _ _ _ _ _ _ _ _ _ _ _\n\nself = <selenium.webdriver.support.wait.WebDriverWait (session=\"1ac349db8df579b950905d56ea8900e4\")>, method = <function element_to_be_clickable.<locals>._predicate at 0x00000216A3AC0820>, message = ''\n\n    def until(self, method: Callable[[D], Union[Literal[False], T]], message: str = \"\") -> T:\n        \"\"\"Wait until the method returns a value that is not False.\n    \n        Calls the method provided with the driver as an argument until the\n        return value does not evaluate to ``False``.\n    \n        Parameters:\n        -----------\n        method: callable(WebDriver)\n            - A callable object that takes a WebDriver instance as an argument.\n    \n        message: str\n            - Optional message for :exc:`TimeoutException`\n    \n        Return:\n        -------\n        object: T\n            - The result of the last call to `method`\n    \n        Raises:\n        -------\n        TimeoutException\n            - If 'method' does not return a truthy value within the WebDriverWait\n            object's timeout\n    \n        Example:\n        --------\n        >>> from selenium.webdriver.common.by import By\n        >>> from selenium.webdriver.support.ui import WebDriverWait\n        >>> from selenium.webdriver.support import expected_conditions as EC\n    \n        # Wait until an element is visible on the page\n        >>> wait = WebDriverWait(driver, 10)\n        >>> element = wait.until(EC.visibility_of_element_located((By.ID, \"exampleId\")))\n        >>> print(element.text)\n        \"\"\"\n        screen = None\n        stacktrace = None\n    \n        end_time = time.monotonic() + self._timeout\n        while True:\n            try:\n                value = method(self._driver)\n                if value:\n                    return value\n            except self._ignored_exceptions as exc:\n                screen = getattr(exc, \"screen\", None)\n                stacktrace = getattr(exc, \"stacktrace\", None)\n            if time.monotonic() > end_time:\n                break\n            time.sleep(self._poll)\n>       raise TimeoutException(message, screen, stacktrace)\nE       selenium.common.exceptions.TimeoutException: Message: \nE       Stacktrace:\nE       \tGetHandleVerifier [0x0x7ff71bec6f65+78965]\nE       \tGetHandleVerifier [0x0x7ff71bec6fc0+79056]\nE       \t(No symbol) [0x0x7ff71bc59dda]\nE       \t(No symbol) [0x0x7ff71bcb02ea]\nE       \t(No symbol) [0x0x7ff71bcb059c]\nE       \t(No symbol) [0x0x7ff71bd03f37]\nE       \t(No symbol) [0x0x7ff71bcd86af]\nE       \t(No symbol) [0x0x7ff71bd00dbe]\nE       \t(No symbol) [0x0x7ff71bcd8443]\nE       \t(No symbol) [0x0x7ff71bca1311]\nE       \t(No symbol) [0x0x7ff71bca20a3]\nE       \tGetHandleVerifier [0x0x7ff71c17e26d+2926461]\nE       \tGetHandleVerifier [0x0x7ff71c178993+2903715]\nE       \tGetHandleVerifier [0x0x7ff71c196aed+3026941]\nE       \tGetHandleVerifier [0x0x7ff71bee16fe+187406]\nE       \tGetHandleVerifier [0x0x7ff71bee96ef+220159]\nE       \tGetHandleVerifier [0x0x7ff71becfaf4+114692]\nE       \tGetHandleVerifier [0x0x7ff71becfca9+115129]\nE       \tGetHandleVerifier [0x0x7ff71beb64d8+10728]\nE       \tBaseThreadInitThunk [0x0x7ffe68f47374+20]\nE       \tRtlUserThreadStart [0x0x7ffe691dcc91+33]\n\nmyenv\\lib\\site-packages\\selenium\\webdriver\\support\\wait.py:138: TimeoutException\n\nDuring handling of the above exception, another exception occurred:\n\nself = <test_items.test_production.TestProductionPage object at 0x00000216A2249930>, login_to_production = <selenium.webdriver.chrome.webdriver.WebDriver (session=\"1ac349db8df579b950905d56ea8900e4\")>\n\n    @allure.story(\"添加工作代码 不填写报告数量 不允许提交\")\n    # @pytest.mark.run(order=1)\n    def test_production_addfail2(self, login_to_production):\n        driver = login_to_production  # WebDriver 实例\n        production = ProductionPage(driver)  # 用 driver 初始化 ProductionPage\n        production.click_add_button()\n        name = \"1测试C订单\"\n        # 点击工作代码对话框\n        production.click_button('//label[text()=\"工作代码\"]/following-sibling::div//i')\n        # 在订单代码输入框中输入“1测试C订单”\n        production.enter_texts(\n            '(//div[./p[text()=\"订单代码\"]])[2]/parent::div//input',\n            name,\n        )\n        # 选择搜索到的第一个订单“1测试C订单”\n>       production.click_button(\n            f'//table[.//tr[./td[3]//span[text()=\"{name}:1\"]]]//td[3]//span[text()=\"{name}:1\"]'\n        )\n\nTests\\test_items\\test_production.py:101: \n_ _ _ _ _ _ _ _ _ _ _ _ _ _ _ _ _ _ _ _ _ _ _ _ _ _ _ _ _ _ _ _ _ _ _ _ _ _ _ _ _ _ _ _ _ _ _ _ _ _ _ _ _ _ _ _ _ _ _ _ _ _ _ _ _ _ _ _ _ _ _ _ _ _ _ _ _ _ _ _ _ _ _ _ _ _ _ _ _ _ _ _ _ _ _ _ _ _ _ _ _ _ _ _ _ _ _ _ _ _ _ _ _ _ _ _\nPages\\itemsPage\\production_page.py:41: in click_button\n    self.click(By.XPATH, xpath)\n_ _ _ _ _ _ _ _ _ _ _ _ _ _ _ _ _ _ _ _ _ _ _ _ _ _ _ _ _ _ _ _ _ _ _ _ _ _ _ _ _ _ _ _ _ _ _ _ _ _ _ _ _ _ _ _ _ _ _ _ _ _ _ _ _ _ _ _ _ _ _ _ _ _ _ _ _ _ _ _ _ _ _ _ _ _ _ _ _ _ _ _ _ _ _ _ _ _ _ _ _ _ _ _ _ _ _ _ _ _ _ _ _ _ _ _\n\nself = <Pages.itemsPage.production_page.ProductionPage object at 0x00000216A29DAC20>, by_or_element = 'xpath', value = '//table[.//tr[./td[3]//span[text()=\"1测试C订单:1\"]]]//td[3]//span[text()=\"1测试C订单:1\"]', wait_time = 10\n\n    def click(self, by_or_element, value=None, wait_time=10):\n        if value is not None:\n            by = by_or_element\n            logging.info(f\"点击元素：By = {by}, Value = {value}\")\n            try:\n                element = WebDriverWait(self.driver, wait_time).until(\n                    EC.element_to_be_clickable((by, value))\n                )\n            except TimeoutException:\n                logging.warning(f\"❌ 点击超时：元素 {by} = {value} 未在 {wait_time} 秒内变为可点击\")\n>               raise TimeoutException(f\"点击失败，找不到元素：{by} = {value}\")\nE               selenium.common.exceptions.TimeoutException: Message: 点击失败，找不到元素：xpath = //table[.//tr[./td[3]//span[text()=\"1测试C订单:1\"]]]//td[3]//span[text()=\"1测试C订单:1\"]\n\nPages\\base_page.py:50: TimeoutException","flaky":false,"newFailed":false,"newBroken":false,"newPassed":false,"retriesCount":0,"retriesStatusChange":false,"beforeStages":[{"name":"login_to_production","time":{"start":1760366140722,"stop":1760366150958,"duration":10236},"status":"passed","steps":[],"attachments":[],"parameters":[],"stepsCount":0,"hasContent":false,"attachmentStep":false,"shouldDisplayMessage":false,"attachmentsCount":0}],"testStage":{"status":"broken","statusMessage":"selenium.common.exceptions.TimeoutException: Message: 点击失败，找不到元素：xpath = //table[.//tr[./td[3]//span[text()=\"1测试C订单:1\"]]]//td[3]//span[text()=\"1测试C订单:1\"]","statusTrace":"self = <Pages.itemsPage.production_page.ProductionPage object at 0x00000216A29DAC20>, by_or_element = 'xpath', value = '//table[.//tr[./td[3]//span[text()=\"1测试C订单:1\"]]]//td[3]//span[text()=\"1测试C订单:1\"]', wait_time = 10\n\n    def click(self, by_or_element, value=None, wait_time=10):\n        if value is not None:\n            by = by_or_element\n            logging.info(f\"点击元素：By = {by}, Value = {value}\")\n            try:\n>               element = WebDriverWait(self.driver, wait_time).until(\n                    EC.element_to_be_clickable((by, value))\n                )\n\nPages\\base_page.py:45: \n_ _ _ _ _ _ _ _ _ _ _ _ _ _ _ _ _ _ _ _ _ _ _ _ _ _ _ _ _ _ _ _ _ _ _ _ _ _ _ _ _ _ _ _ _ _ _ _ _ _ _ _ _ _ _ _ _ _ _ _ _ _ _ _ _ _ _ _ _ _ _ _ _ _ _ _ _ _ _ _ _ _ _ _ _ _ _ _ _ _ _ _ _ _ _ _ _ _ _ _ _ _ _ _ _ _ _ _ _ _ _ _ _ _ _ _\n\nself = <selenium.webdriver.support.wait.WebDriverWait (session=\"1ac349db8df579b950905d56ea8900e4\")>, method = <function element_to_be_clickable.<locals>._predicate at 0x00000216A3AC0820>, message = ''\n\n    def until(self, method: Callable[[D], Union[Literal[False], T]], message: str = \"\") -> T:\n        \"\"\"Wait until the method returns a value that is not False.\n    \n        Calls the method provided with the driver as an argument until the\n        return value does not evaluate to ``False``.\n    \n        Parameters:\n        -----------\n        method: callable(WebDriver)\n            - A callable object that takes a WebDriver instance as an argument.\n    \n        message: str\n            - Optional message for :exc:`TimeoutException`\n    \n        Return:\n        -------\n        object: T\n            - The result of the last call to `method`\n    \n        Raises:\n        -------\n        TimeoutException\n            - If 'method' does not return a truthy value within the WebDriverWait\n            object's timeout\n    \n        Example:\n        --------\n        >>> from selenium.webdriver.common.by import By\n        >>> from selenium.webdriver.support.ui import WebDriverWait\n        >>> from selenium.webdriver.support import expected_conditions as EC\n    \n        # Wait until an element is visible on the page\n        >>> wait = WebDriverWait(driver, 10)\n        >>> element = wait.until(EC.visibility_of_element_located((By.ID, \"exampleId\")))\n        >>> print(element.text)\n        \"\"\"\n        screen = None\n        stacktrace = None\n    \n        end_time = time.monotonic() + self._timeout\n        while True:\n            try:\n                value = method(self._driver)\n                if value:\n                    return value\n            except self._ignored_exceptions as exc:\n                screen = getattr(exc, \"screen\", None)\n                stacktrace = getattr(exc, \"stacktrace\", None)\n            if time.monotonic() > end_time:\n                break\n            time.sleep(self._poll)\n>       raise TimeoutException(message, screen, stacktrace)\nE       selenium.common.exceptions.TimeoutException: Message: \nE       Stacktrace:\nE       \tGetHandleVerifier [0x0x7ff71bec6f65+78965]\nE       \tGetHandleVerifier [0x0x7ff71bec6fc0+79056]\nE       \t(No symbol) [0x0x7ff71bc59dda]\nE       \t(No symbol) [0x0x7ff71bcb02ea]\nE       \t(No symbol) [0x0x7ff71bcb059c]\nE       \t(No symbol) [0x0x7ff71bd03f37]\nE       \t(No symbol) [0x0x7ff71bcd86af]\nE       \t(No symbol) [0x0x7ff71bd00dbe]\nE       \t(No symbol) [0x0x7ff71bcd8443]\nE       \t(No symbol) [0x0x7ff71bca1311]\nE       \t(No symbol) [0x0x7ff71bca20a3]\nE       \tGetHandleVerifier [0x0x7ff71c17e26d+2926461]\nE       \tGetHandleVerifier [0x0x7ff71c178993+2903715]\nE       \tGetHandleVerifier [0x0x7ff71c196aed+3026941]\nE       \tGetHandleVerifier [0x0x7ff71bee16fe+187406]\nE       \tGetHandleVerifier [0x0x7ff71bee96ef+220159]\nE       \tGetHandleVerifier [0x0x7ff71becfaf4+114692]\nE       \tGetHandleVerifier [0x0x7ff71becfca9+115129]\nE       \tGetHandleVerifier [0x0x7ff71beb64d8+10728]\nE       \tBaseThreadInitThunk [0x0x7ffe68f47374+20]\nE       \tRtlUserThreadStart [0x0x7ffe691dcc91+33]\n\nmyenv\\lib\\site-packages\\selenium\\webdriver\\support\\wait.py:138: TimeoutException\n\nDuring handling of the above exception, another exception occurred:\n\nself = <test_items.test_production.TestProductionPage object at 0x00000216A2249930>, login_to_production = <selenium.webdriver.chrome.webdriver.WebDriver (session=\"1ac349db8df579b950905d56ea8900e4\")>\n\n    @allure.story(\"添加工作代码 不填写报告数量 不允许提交\")\n    # @pytest.mark.run(order=1)\n    def test_production_addfail2(self, login_to_production):\n        driver = login_to_production  # WebDriver 实例\n        production = ProductionPage(driver)  # 用 driver 初始化 ProductionPage\n        production.click_add_button()\n        name = \"1测试C订单\"\n        # 点击工作代码对话框\n        production.click_button('//label[text()=\"工作代码\"]/following-sibling::div//i')\n        # 在订单代码输入框中输入“1测试C订单”\n        production.enter_texts(\n            '(//div[./p[text()=\"订单代码\"]])[2]/parent::div//input',\n            name,\n        )\n        # 选择搜索到的第一个订单“1测试C订单”\n>       production.click_button(\n            f'//table[.//tr[./td[3]//span[text()=\"{name}:1\"]]]//td[3]//span[text()=\"{name}:1\"]'\n        )\n\nTests\\test_items\\test_production.py:101: \n_ _ _ _ _ _ _ _ _ _ _ _ _ _ _ _ _ _ _ _ _ _ _ _ _ _ _ _ _ _ _ _ _ _ _ _ _ _ _ _ _ _ _ _ _ _ _ _ _ _ _ _ _ _ _ _ _ _ _ _ _ _ _ _ _ _ _ _ _ _ _ _ _ _ _ _ _ _ _ _ _ _ _ _ _ _ _ _ _ _ _ _ _ _ _ _ _ _ _ _ _ _ _ _ _ _ _ _ _ _ _ _ _ _ _ _\nPages\\itemsPage\\production_page.py:41: in click_button\n    self.click(By.XPATH, xpath)\n_ _ _ _ _ _ _ _ _ _ _ _ _ _ _ _ _ _ _ _ _ _ _ _ _ _ _ _ _ _ _ _ _ _ _ _ _ _ _ _ _ _ _ _ _ _ _ _ _ _ _ _ _ _ _ _ _ _ _ _ _ _ _ _ _ _ _ _ _ _ _ _ _ _ _ _ _ _ _ _ _ _ _ _ _ _ _ _ _ _ _ _ _ _ _ _ _ _ _ _ _ _ _ _ _ _ _ _ _ _ _ _ _ _ _ _\n\nself = <Pages.itemsPage.production_page.ProductionPage object at 0x00000216A29DAC20>, by_or_element = 'xpath', value = '//table[.//tr[./td[3]//span[text()=\"1测试C订单:1\"]]]//td[3]//span[text()=\"1测试C订单:1\"]', wait_time = 10\n\n    def click(self, by_or_element, value=None, wait_time=10):\n        if value is not None:\n            by = by_or_element\n            logging.info(f\"点击元素：By = {by}, Value = {value}\")\n            try:\n                element = WebDriverWait(self.driver, wait_time).until(\n                    EC.element_to_be_clickable((by, value))\n                )\n            except TimeoutException:\n                logging.warning(f\"❌ 点击超时：元素 {by} = {value} 未在 {wait_time} 秒内变为可点击\")\n>               raise TimeoutException(f\"点击失败，找不到元素：{by} = {value}\")\nE               selenium.common.exceptions.TimeoutException: Message: 点击失败，找不到元素：xpath = //table[.//tr[./td[3]//span[text()=\"1测试C订单:1\"]]]//td[3]//span[text()=\"1测试C订单:1\"]\n\nPages\\base_page.py:50: TimeoutException","steps":[],"attachments":[{"uid":"efe5a1d6242e8fe6","name":"test_production_addfail2_failure","source":"efe5a1d6242e8fe6.png","type":"image/png","size":87656},{"uid":"a9636bb7ffeaa270","name":"test_production_addfail2_source","source":"a9636bb7ffeaa270.html","type":"text/html","size":1316183},{"uid":"9957318a17e1b2c7","name":"log","source":"9957318a17e1b2c7.txt","type":"text/plain","size":1379}],"parameters":[],"stepsCount":0,"hasContent":true,"attachmentStep":false,"shouldDisplayMessage":true,"attachmentsCount":3},"afterStages":[{"name":"login_to_production::0","time":{"start":1760366163716,"stop":1760366165969,"duration":2253},"status":"passed","steps":[],"attachments":[],"parameters":[],"stepsCount":0,"hasContent":false,"attachmentStep":false,"shouldDisplayMessage":false,"attachmentsCount":0}],"labels":[{"name":"story","value":"添加工作代码 不填写报告数量 不允许提交"},{"name":"feature","value":"生产报工测试用例"},{"name":"parentSuite","value":"Tests.test_items"},{"name":"suite","value":"test_production"},{"name":"subSuite","value":"TestProductionPage"},{"name":"host","value":"WIN-20240820MJV"},{"name":"thread","value":"26508-MainThread"},{"name":"framework","value":"pytest"},{"name":"language","value":"cpython3"},{"name":"package","value":"Tests.test_items.test_production"},{"name":"resultFormat","value":"allure2"}],"parameters":[],"links":[],"hidden":false,"retry":false,"extra":{"severity":"normal","retries":[],"categories":[{"name":"Test defects","matchedStatuses":[]}],"tags":[]},"source":"a98ad572a09f5055.json","parameterValues":[]}