{"uid":"b28fdfbb1150a059","name":"test_systemSettings_inputnum3","fullName":"Tests.test_system.test_systemSettings.TestSystemSettingsPage#test_systemSettings_inputnum3","historyId":"6d51feb6cf1e99d6b769e2568cdc09e5","time":{"start":1761253253762,"stop":1761253264735,"duration":10973},"status":"broken","statusMessage":"selenium.common.exceptions.TimeoutException: Message: \nStacktrace:\n\tGetHandleVerifier [0x0x7ff6e4aa6f65+78965]\n\tGetHandleVerifier [0x0x7ff6e4aa6fc0+79056]\n\t(No symbol) [0x0x7ff6e4839dda]\n\t(No symbol) [0x0x7ff6e48902ea]\n\t(No symbol) [0x0x7ff6e489059c]\n\t(No symbol) [0x0x7ff6e48e3f37]\n\t(No symbol) [0x0x7ff6e48b86af]\n\t(No symbol) [0x0x7ff6e48e0dbe]\n\t(No symbol) [0x0x7ff6e48b8443]\n\t(No symbol) [0x0x7ff6e4881311]\n\t(No symbol) [0x0x7ff6e48820a3]\n\tGetHandleVerifier [0x0x7ff6e4d5e26d+2926461]\n\tGetHandleVerifier [0x0x7ff6e4d58993+2903715]\n\tGetHandleVerifier [0x0x7ff6e4d76aed+3026941]\n\tGetHandleVerifier [0x0x7ff6e4ac16fe+187406]\n\tGetHandleVerifier [0x0x7ff6e4ac96ef+220159]\n\tGetHandleVerifier [0x0x7ff6e4aafaf4+114692]\n\tGetHandleVerifier [0x0x7ff6e4aafca9+115129]\n\tGetHandleVerifier [0x0x7ff6e4a964d8+10728]\n\tBaseThreadInitThunk [0x0x7ffee1537374+20]\n\tRtlUserThreadStart [0x0x7ffee1a7cc91+33]","statusTrace":"self = <test_system.test_systemSettings.TestSystemSettingsPage object at 0x000001FC18BA4670>, login_to_systemSettings = <selenium.webdriver.chrome.webdriver.WebDriver (session=\"e5210bd571b9dc9a32ac439c4e8588e1\")>\n\n    @allure.story(\"平台设置数字文本框做校验\")\n    # @pytest.mark.run(order=1)\n    def test_systemSettings_inputnum3(self, login_to_systemSettings):\n        driver = login_to_systemSettings  # WebDriver 实例\n        settings = SystemSettingsPage(driver)  # 用 driver 初始化 SystemSettingsPage\n        settings.click_button('//div[text()=\" 平台设置 \"]')\n>       settings.enter_texts('//div[p[text()=\" 数据库命令超时时间: \"]]//input',\n                             \"e./,124ds.jd.fvwq324444443521244444444tgg77飞435535353535erq\")\n\nTests\\test_system\\test_systemSettings.py:320: \n_ _ _ _ _ _ _ _ _ _ _ _ _ _ _ _ _ _ _ _ _ _ _ _ _ _ _ _ _ _ _ _ _ _ _ _ _ _ _ _ _ _ _ _ _ _ _ _ _ _ _ _ _ _ _ _ _ _ _ _ _ _ _ _ _ _ _ _ _ _ _ _ _ _ _ _ _ _ _ _ _ _ _ _ _ _ _ _ _ _ _ _ _ _ _ _ _ _ _ _ _ _ _ _ _ _ _ _ _ _ _ _ _ _ _ _\nPages\\systemPage\\systemSettings_page.py:20: in enter_texts\n    self.enter_text(By.XPATH, xpath, text)\nPages\\base_page.py:66: in enter_text\n    element = WebDriverWait(self.driver, wait_time).until(\n_ _ _ _ _ _ _ _ _ _ _ _ _ _ _ _ _ _ _ _ _ _ _ _ _ _ _ _ _ _ _ _ _ _ _ _ _ _ _ _ _ _ _ _ _ _ _ _ _ _ _ _ _ _ _ _ _ _ _ _ _ _ _ _ _ _ _ _ _ _ _ _ _ _ _ _ _ _ _ _ _ _ _ _ _ _ _ _ _ _ _ _ _ _ _ _ _ _ _ _ _ _ _ _ _ _ _ _ _ _ _ _ _ _ _ _\n\nself = <selenium.webdriver.support.wait.WebDriverWait (session=\"e5210bd571b9dc9a32ac439c4e8588e1\")>, method = <function visibility_of_element_located.<locals>._predicate at 0x000001FC1AFE2830>, message = ''\n\n    def until(self, method: Callable[[D], Union[Literal[False], T]], message: str = \"\") -> T:\n        \"\"\"Wait until the method returns a value that is not False.\n    \n        Calls the method provided with the driver as an argument until the\n        return value does not evaluate to ``False``.\n    \n        Parameters:\n        -----------\n        method: callable(WebDriver)\n            - A callable object that takes a WebDriver instance as an argument.\n    \n        message: str\n            - Optional message for :exc:`TimeoutException`\n    \n        Return:\n        -------\n        object: T\n            - The result of the last call to `method`\n    \n        Raises:\n        -------\n        TimeoutException\n            - If 'method' does not return a truthy value within the WebDriverWait\n            object's timeout\n    \n        Example:\n        --------\n        >>> from selenium.webdriver.common.by import By\n        >>> from selenium.webdriver.support.ui import WebDriverWait\n        >>> from selenium.webdriver.support import expected_conditions as EC\n    \n        # Wait until an element is visible on the page\n        >>> wait = WebDriverWait(driver, 10)\n        >>> element = wait.until(EC.visibility_of_element_located((By.ID, \"exampleId\")))\n        >>> print(element.text)\n        \"\"\"\n        screen = None\n        stacktrace = None\n    \n        end_time = time.monotonic() + self._timeout\n        while True:\n            try:\n                value = method(self._driver)\n                if value:\n                    return value\n            except self._ignored_exceptions as exc:\n                screen = getattr(exc, \"screen\", None)\n                stacktrace = getattr(exc, \"stacktrace\", None)\n            if time.monotonic() > end_time:\n                break\n            time.sleep(self._poll)\n>       raise TimeoutException(message, screen, stacktrace)\nE       selenium.common.exceptions.TimeoutException: Message: \nE       Stacktrace:\nE       \tGetHandleVerifier [0x0x7ff6e4aa6f65+78965]\nE       \tGetHandleVerifier [0x0x7ff6e4aa6fc0+79056]\nE       \t(No symbol) [0x0x7ff6e4839dda]\nE       \t(No symbol) [0x0x7ff6e48902ea]\nE       \t(No symbol) [0x0x7ff6e489059c]\nE       \t(No symbol) [0x0x7ff6e48e3f37]\nE       \t(No symbol) [0x0x7ff6e48b86af]\nE       \t(No symbol) [0x0x7ff6e48e0dbe]\nE       \t(No symbol) [0x0x7ff6e48b8443]\nE       \t(No symbol) [0x0x7ff6e4881311]\nE       \t(No symbol) [0x0x7ff6e48820a3]\nE       \tGetHandleVerifier [0x0x7ff6e4d5e26d+2926461]\nE       \tGetHandleVerifier [0x0x7ff6e4d58993+2903715]\nE       \tGetHandleVerifier [0x0x7ff6e4d76aed+3026941]\nE       \tGetHandleVerifier [0x0x7ff6e4ac16fe+187406]\nE       \tGetHandleVerifier [0x0x7ff6e4ac96ef+220159]\nE       \tGetHandleVerifier [0x0x7ff6e4aafaf4+114692]\nE       \tGetHandleVerifier [0x0x7ff6e4aafca9+115129]\nE       \tGetHandleVerifier [0x0x7ff6e4a964d8+10728]\nE       \tBaseThreadInitThunk [0x0x7ffee1537374+20]\nE       \tRtlUserThreadStart [0x0x7ffee1a7cc91+33]\n\nmyenv\\lib\\site-packages\\selenium\\webdriver\\support\\wait.py:138: TimeoutException","flaky":false,"newFailed":false,"newBroken":false,"newPassed":false,"retriesCount":1,"retriesStatusChange":false,"beforeStages":[{"name":"login_to_systemSettings","time":{"start":1761253237841,"stop":1761253253760,"duration":15919},"status":"passed","steps":[],"attachments":[],"parameters":[],"shouldDisplayMessage":false,"attachmentsCount":0,"hasContent":false,"stepsCount":0,"attachmentStep":false}],"testStage":{"status":"broken","statusMessage":"selenium.common.exceptions.TimeoutException: Message: \nStacktrace:\n\tGetHandleVerifier [0x0x7ff6e4aa6f65+78965]\n\tGetHandleVerifier [0x0x7ff6e4aa6fc0+79056]\n\t(No symbol) [0x0x7ff6e4839dda]\n\t(No symbol) [0x0x7ff6e48902ea]\n\t(No symbol) [0x0x7ff6e489059c]\n\t(No symbol) [0x0x7ff6e48e3f37]\n\t(No symbol) [0x0x7ff6e48b86af]\n\t(No symbol) [0x0x7ff6e48e0dbe]\n\t(No symbol) [0x0x7ff6e48b8443]\n\t(No symbol) [0x0x7ff6e4881311]\n\t(No symbol) [0x0x7ff6e48820a3]\n\tGetHandleVerifier [0x0x7ff6e4d5e26d+2926461]\n\tGetHandleVerifier [0x0x7ff6e4d58993+2903715]\n\tGetHandleVerifier [0x0x7ff6e4d76aed+3026941]\n\tGetHandleVerifier [0x0x7ff6e4ac16fe+187406]\n\tGetHandleVerifier [0x0x7ff6e4ac96ef+220159]\n\tGetHandleVerifier [0x0x7ff6e4aafaf4+114692]\n\tGetHandleVerifier [0x0x7ff6e4aafca9+115129]\n\tGetHandleVerifier [0x0x7ff6e4a964d8+10728]\n\tBaseThreadInitThunk [0x0x7ffee1537374+20]\n\tRtlUserThreadStart [0x0x7ffee1a7cc91+33]","statusTrace":"self = <test_system.test_systemSettings.TestSystemSettingsPage object at 0x000001FC18BA4670>, login_to_systemSettings = <selenium.webdriver.chrome.webdriver.WebDriver (session=\"e5210bd571b9dc9a32ac439c4e8588e1\")>\n\n    @allure.story(\"平台设置数字文本框做校验\")\n    # @pytest.mark.run(order=1)\n    def test_systemSettings_inputnum3(self, login_to_systemSettings):\n        driver = login_to_systemSettings  # WebDriver 实例\n        settings = SystemSettingsPage(driver)  # 用 driver 初始化 SystemSettingsPage\n        settings.click_button('//div[text()=\" 平台设置 \"]')\n>       settings.enter_texts('//div[p[text()=\" 数据库命令超时时间: \"]]//input',\n                             \"e./,124ds.jd.fvwq324444443521244444444tgg77飞435535353535erq\")\n\nTests\\test_system\\test_systemSettings.py:320: \n_ _ _ _ _ _ _ _ _ _ _ _ _ _ _ _ _ _ _ _ _ _ _ _ _ _ _ _ _ _ _ _ _ _ _ _ _ _ _ _ _ _ _ _ _ _ _ _ _ _ _ _ _ _ _ _ _ _ _ _ _ _ _ _ _ _ _ _ _ _ _ _ _ _ _ _ _ _ _ _ _ _ _ _ _ _ _ _ _ _ _ _ _ _ _ _ _ _ _ _ _ _ _ _ _ _ _ _ _ _ _ _ _ _ _ _\nPages\\systemPage\\systemSettings_page.py:20: in enter_texts\n    self.enter_text(By.XPATH, xpath, text)\nPages\\base_page.py:66: in enter_text\n    element = WebDriverWait(self.driver, wait_time).until(\n_ _ _ _ _ _ _ _ _ _ _ _ _ _ _ _ _ _ _ _ _ _ _ _ _ _ _ _ _ _ _ _ _ _ _ _ _ _ _ _ _ _ _ _ _ _ _ _ _ _ _ _ _ _ _ _ _ _ _ _ _ _ _ _ _ _ _ _ _ _ _ _ _ _ _ _ _ _ _ _ _ _ _ _ _ _ _ _ _ _ _ _ _ _ _ _ _ _ _ _ _ _ _ _ _ _ _ _ _ _ _ _ _ _ _ _\n\nself = <selenium.webdriver.support.wait.WebDriverWait (session=\"e5210bd571b9dc9a32ac439c4e8588e1\")>, method = <function visibility_of_element_located.<locals>._predicate at 0x000001FC1AFE2830>, message = ''\n\n    def until(self, method: Callable[[D], Union[Literal[False], T]], message: str = \"\") -> T:\n        \"\"\"Wait until the method returns a value that is not False.\n    \n        Calls the method provided with the driver as an argument until the\n        return value does not evaluate to ``False``.\n    \n        Parameters:\n        -----------\n        method: callable(WebDriver)\n            - A callable object that takes a WebDriver instance as an argument.\n    \n        message: str\n            - Optional message for :exc:`TimeoutException`\n    \n        Return:\n        -------\n        object: T\n            - The result of the last call to `method`\n    \n        Raises:\n        -------\n        TimeoutException\n            - If 'method' does not return a truthy value within the WebDriverWait\n            object's timeout\n    \n        Example:\n        --------\n        >>> from selenium.webdriver.common.by import By\n        >>> from selenium.webdriver.support.ui import WebDriverWait\n        >>> from selenium.webdriver.support import expected_conditions as EC\n    \n        # Wait until an element is visible on the page\n        >>> wait = WebDriverWait(driver, 10)\n        >>> element = wait.until(EC.visibility_of_element_located((By.ID, \"exampleId\")))\n        >>> print(element.text)\n        \"\"\"\n        screen = None\n        stacktrace = None\n    \n        end_time = time.monotonic() + self._timeout\n        while True:\n            try:\n                value = method(self._driver)\n                if value:\n                    return value\n            except self._ignored_exceptions as exc:\n                screen = getattr(exc, \"screen\", None)\n                stacktrace = getattr(exc, \"stacktrace\", None)\n            if time.monotonic() > end_time:\n                break\n            time.sleep(self._poll)\n>       raise TimeoutException(message, screen, stacktrace)\nE       selenium.common.exceptions.TimeoutException: Message: \nE       Stacktrace:\nE       \tGetHandleVerifier [0x0x7ff6e4aa6f65+78965]\nE       \tGetHandleVerifier [0x0x7ff6e4aa6fc0+79056]\nE       \t(No symbol) [0x0x7ff6e4839dda]\nE       \t(No symbol) [0x0x7ff6e48902ea]\nE       \t(No symbol) [0x0x7ff6e489059c]\nE       \t(No symbol) [0x0x7ff6e48e3f37]\nE       \t(No symbol) [0x0x7ff6e48b86af]\nE       \t(No symbol) [0x0x7ff6e48e0dbe]\nE       \t(No symbol) [0x0x7ff6e48b8443]\nE       \t(No symbol) [0x0x7ff6e4881311]\nE       \t(No symbol) [0x0x7ff6e48820a3]\nE       \tGetHandleVerifier [0x0x7ff6e4d5e26d+2926461]\nE       \tGetHandleVerifier [0x0x7ff6e4d58993+2903715]\nE       \tGetHandleVerifier [0x0x7ff6e4d76aed+3026941]\nE       \tGetHandleVerifier [0x0x7ff6e4ac16fe+187406]\nE       \tGetHandleVerifier [0x0x7ff6e4ac96ef+220159]\nE       \tGetHandleVerifier [0x0x7ff6e4aafaf4+114692]\nE       \tGetHandleVerifier [0x0x7ff6e4aafca9+115129]\nE       \tGetHandleVerifier [0x0x7ff6e4a964d8+10728]\nE       \tBaseThreadInitThunk [0x0x7ffee1537374+20]\nE       \tRtlUserThreadStart [0x0x7ffee1a7cc91+33]\n\nmyenv\\lib\\site-packages\\selenium\\webdriver\\support\\wait.py:138: TimeoutException","steps":[],"attachments":[{"uid":"a55e840c9b1a8e4d","name":"test_systemSettings_inputnum3_failure","source":"a55e840c9b1a8e4d.png","type":"image/png","size":78714},{"uid":"2978beb304af0303","name":"test_systemSettings_inputnum3_source","source":"2978beb304af0303.html","type":"text/html","size":1081260},{"uid":"5fd4bc902bbe4c23","name":"log","source":"5fd4bc902bbe4c23.txt","type":"text/plain","size":1771}],"parameters":[],"shouldDisplayMessage":true,"attachmentsCount":3,"hasContent":true,"stepsCount":0,"attachmentStep":false},"afterStages":[{"name":"login_to_systemSettings::0","time":{"start":1761253265362,"stop":1761253267914,"duration":2552},"status":"passed","steps":[],"attachments":[],"parameters":[],"shouldDisplayMessage":false,"attachmentsCount":0,"hasContent":false,"stepsCount":0,"attachmentStep":false}],"labels":[{"name":"story","value":"平台设置数字文本框做校验"},{"name":"feature","value":"系统标识设置页用例"},{"name":"parentSuite","value":"Tests.test_system"},{"name":"suite","value":"test_systemSettings"},{"name":"subSuite","value":"TestSystemSettingsPage"},{"name":"host","value":"WIN-20240820MJV"},{"name":"thread","value":"21764-MainThread"},{"name":"framework","value":"pytest"},{"name":"language","value":"cpython3"},{"name":"package","value":"Tests.test_system.test_systemSettings"},{"name":"resultFormat","value":"allure2"}],"parameters":[],"links":[],"hidden":false,"retry":false,"extra":{"severity":"normal","retries":[{"uid":"389872acb9cd073c","status":"broken","statusDetails":"selenium.common.exceptions.TimeoutException: Message: \nStacktrace:\n\tGetHandleVerifier [0x0x7ff6e4aa6f65+78965]\n\tGetHandleVerifier [0x0x7ff6e4aa6fc0+79056]\n\t(No symbol) [0x0x7ff6e4839dda]\n\t(No symbol) [0x0x7ff6e48902ea]\n\t(No symbol) [0x0x7ff6e489059c]\n\t(No symbol) [0x0x7ff6e48e3f37]\n\t(No symbol) [0x0x7ff6e48b86af]\n\t(No symbol) [0x0x7ff6e48e0dbe]\n\t(No symbol) [0x0x7ff6e48b8443]\n\t(No symbol) [0x0x7ff6e4881311]\n\t(No symbol) [0x0x7ff6e48820a3]\n\tGetHandleVerifier [0x0x7ff6e4d5e26d+2926461]\n\tGetHandleVerifier [0x0x7ff6e4d58993+2903715]\n\tGetHandleVerifier [0x0x7ff6e4d76aed+3026941]\n\tGetHandleVerifier [0x0x7ff6e4ac16fe+187406]\n\tGetHandleVerifier [0x0x7ff6e4ac96ef+220159]\n\tGetHandleVerifier [0x0x7ff6e4aafaf4+114692]\n\tGetHandleVerifier [0x0x7ff6e4aafca9+115129]\n\tGetHandleVerifier [0x0x7ff6e4a964d8+10728]\n\tBaseThreadInitThunk [0x0x7ffee1537374+20]\n\tRtlUserThreadStart [0x0x7ffee1a7cc91+33]","time":{"start":1761253223665,"stop":1761253234599,"duration":10934}}],"categories":[{"name":"Test defects","matchedStatuses":[]}],"tags":[]},"source":"b28fdfbb1150a059.json","parameterValues":[]}