{"uid":"b4b95fe537699dd4","name":"test_environment_cycle_numinput2","fullName":"Tests.test_system.test_environment.TestEnvironmentPage#test_environment_cycle_numinput2","historyId":"b29780f2abb21e675f30e89a0bef0279","time":{"start":1754934995300,"stop":1754935010208,"duration":14908},"status":"broken","statusMessage":"selenium.common.exceptions.TimeoutException: Message: \nStacktrace:\n\tGetHandleVerifier [0x0x7ff634466f65+78965]\n\tGetHandleVerifier [0x0x7ff634466fc0+79056]\n\t(No symbol) [0x0x7ff6341f9dda]\n\t(No symbol) [0x0x7ff6342502ea]\n\t(No symbol) [0x0x7ff63425059c]\n\t(No symbol) [0x0x7ff6342a3f37]\n\t(No symbol) [0x0x7ff6342786af]\n\t(No symbol) [0x0x7ff6342a0dbe]\n\t(No symbol) [0x0x7ff634278443]\n\t(No symbol) [0x0x7ff634241311]\n\t(No symbol) [0x0x7ff6342420a3]\n\tGetHandleVerifier [0x0x7ff63471e26d+2926461]\n\tGetHandleVerifier [0x0x7ff634718993+2903715]\n\tGetHandleVerifier [0x0x7ff634736aed+3026941]\n\tGetHandleVerifier [0x0x7ff6344816fe+187406]\n\tGetHandleVerifier [0x0x7ff6344896ef+220159]\n\tGetHandleVerifier [0x0x7ff63446faf4+114692]\n\tGetHandleVerifier [0x0x7ff63446fca9+115129]\n\tGetHandleVerifier [0x0x7ff6344564d8+10728]\n\tBaseThreadInitThunk [0x0x7ff992b87374+20]\n\tRtlUserThreadStart [0x0x7ff99357cc91+33]","statusTrace":"self = <test_system.test_environment.TestEnvironmentPage object at 0x000001C1DE950610>\nlogin_to_environment = <selenium.webdriver.chrome.webdriver.WebDriver (session=\"9e7596c4cad19d40bbca147ce0097c2d\")>\n\n    @allure.story(\"周期页面-校验所有数字输入框-超过最大值为Infinity\")\n    # @pytest.mark.run(order=1)\n    def test_environment_cycle_numinput2(self, login_to_environment):\n        driver = login_to_environment  # WebDriver 实例\n        environment = EnvironmentPage(driver)  # 用 driver 初始化 EnvironmentPage\n        environment.click_cycle()\n        value = \"11111111111111111111111111\"\n        xpth_list = [\n            '//div[label[text()=\"分派开始时间:\"]]//input',\n            '//div[label[text()=\"分派结束时间:\"]]//input',\n            '//div[label[text()=\"生产指令结束时间:\"]]//input',\n            '//div[label[text()=\"显示开始时间:\"]]//input',\n            '//div[label[text()=\"显示结束时间:\"]]//input',\n        ]\n        environment.batch_modify_input(xpth_list, value)\n        before_value = environment.batch_acquisition_input(xpth_list)\n        environment.click_save_button()\n>       message = environment.get_find_message()\n\nTests\\test_system\\test_environment.py:218: \n_ _ _ _ _ _ _ _ _ _ _ _ _ _ _ _ _ _ _ _ _ _ _ _ _ _ _ _ _ _ _ _ _ _ _ _ _ _ _ _ _ _ _ _ _ _ _ _ _ _ _ _ _ _ _ _ _ _ _ _ _ _ _ _ _ _ _ _ _ _ _ _ _ _ _ _ _ _ _ _ _ _ _ _ _ _ _ _ _ _ _ _\nPages\\systemPage\\environment_page.py:49: in get_find_message\n    message = WebDriverWait(self.driver, 10).until(\n_ _ _ _ _ _ _ _ _ _ _ _ _ _ _ _ _ _ _ _ _ _ _ _ _ _ _ _ _ _ _ _ _ _ _ _ _ _ _ _ _ _ _ _ _ _ _ _ _ _ _ _ _ _ _ _ _ _ _ _ _ _ _ _ _ _ _ _ _ _ _ _ _ _ _ _ _ _ _ _ _ _ _ _ _ _ _ _ _ _ _ _\n\nself = <selenium.webdriver.support.wait.WebDriverWait (session=\"9e7596c4cad19d40bbca147ce0097c2d\")>\nmethod = <function visibility_of_element_located.<locals>._predicate at 0x000001C1E0EA51B0>, message = ''\n\n    def until(self, method: Callable[[D], Union[Literal[False], T]], message: str = \"\") -> T:\n        \"\"\"Wait until the method returns a value that is not False.\n    \n        Calls the method provided with the driver as an argument until the\n        return value does not evaluate to ``False``.\n    \n        Parameters:\n        -----------\n        method: callable(WebDriver)\n            - A callable object that takes a WebDriver instance as an argument.\n    \n        message: str\n            - Optional message for :exc:`TimeoutException`\n    \n        Return:\n        -------\n        object: T\n            - The result of the last call to `method`\n    \n        Raises:\n        -------\n        TimeoutException\n            - If 'method' does not return a truthy value within the WebDriverWait\n            object's timeout\n    \n        Example:\n        --------\n        >>> from selenium.webdriver.common.by import By\n        >>> from selenium.webdriver.support.ui import WebDriverWait\n        >>> from selenium.webdriver.support import expected_conditions as EC\n    \n        # Wait until an element is visible on the page\n        >>> wait = WebDriverWait(driver, 10)\n        >>> element = wait.until(EC.visibility_of_element_located((By.ID, \"exampleId\")))\n        >>> print(element.text)\n        \"\"\"\n        screen = None\n        stacktrace = None\n    \n        end_time = time.monotonic() + self._timeout\n        while True:\n            try:\n                value = method(self._driver)\n                if value:\n                    return value\n            except self._ignored_exceptions as exc:\n                screen = getattr(exc, \"screen\", None)\n                stacktrace = getattr(exc, \"stacktrace\", None)\n            if time.monotonic() > end_time:\n                break\n            time.sleep(self._poll)\n>       raise TimeoutException(message, screen, stacktrace)\nE       selenium.common.exceptions.TimeoutException: Message: \nE       Stacktrace:\nE       \tGetHandleVerifier [0x0x7ff634466f65+78965]\nE       \tGetHandleVerifier [0x0x7ff634466fc0+79056]\nE       \t(No symbol) [0x0x7ff6341f9dda]\nE       \t(No symbol) [0x0x7ff6342502ea]\nE       \t(No symbol) [0x0x7ff63425059c]\nE       \t(No symbol) [0x0x7ff6342a3f37]\nE       \t(No symbol) [0x0x7ff6342786af]\nE       \t(No symbol) [0x0x7ff6342a0dbe]\nE       \t(No symbol) [0x0x7ff634278443]\nE       \t(No symbol) [0x0x7ff634241311]\nE       \t(No symbol) [0x0x7ff6342420a3]\nE       \tGetHandleVerifier [0x0x7ff63471e26d+2926461]\nE       \tGetHandleVerifier [0x0x7ff634718993+2903715]\nE       \tGetHandleVerifier [0x0x7ff634736aed+3026941]\nE       \tGetHandleVerifier [0x0x7ff6344816fe+187406]\nE       \tGetHandleVerifier [0x0x7ff6344896ef+220159]\nE       \tGetHandleVerifier [0x0x7ff63446faf4+114692]\nE       \tGetHandleVerifier [0x0x7ff63446fca9+115129]\nE       \tGetHandleVerifier [0x0x7ff6344564d8+10728]\nE       \tBaseThreadInitThunk [0x0x7ff992b87374+20]\nE       \tRtlUserThreadStart [0x0x7ff99357cc91+33]\n\nmyenv\\lib\\site-packages\\selenium\\webdriver\\support\\wait.py:138: TimeoutException","flaky":false,"newFailed":false,"newBroken":false,"newPassed":false,"retriesCount":0,"retriesStatusChange":false,"beforeStages":[{"name":"login_to_environment","time":{"start":1754934987187,"stop":1754934995299,"duration":8112},"status":"passed","steps":[],"attachments":[],"parameters":[],"shouldDisplayMessage":false,"attachmentsCount":0,"attachmentStep":false,"hasContent":false,"stepsCount":0}],"testStage":{"status":"broken","statusMessage":"selenium.common.exceptions.TimeoutException: Message: \nStacktrace:\n\tGetHandleVerifier [0x0x7ff634466f65+78965]\n\tGetHandleVerifier [0x0x7ff634466fc0+79056]\n\t(No symbol) [0x0x7ff6341f9dda]\n\t(No symbol) [0x0x7ff6342502ea]\n\t(No symbol) [0x0x7ff63425059c]\n\t(No symbol) [0x0x7ff6342a3f37]\n\t(No symbol) [0x0x7ff6342786af]\n\t(No symbol) [0x0x7ff6342a0dbe]\n\t(No symbol) [0x0x7ff634278443]\n\t(No symbol) [0x0x7ff634241311]\n\t(No symbol) [0x0x7ff6342420a3]\n\tGetHandleVerifier [0x0x7ff63471e26d+2926461]\n\tGetHandleVerifier [0x0x7ff634718993+2903715]\n\tGetHandleVerifier [0x0x7ff634736aed+3026941]\n\tGetHandleVerifier [0x0x7ff6344816fe+187406]\n\tGetHandleVerifier [0x0x7ff6344896ef+220159]\n\tGetHandleVerifier [0x0x7ff63446faf4+114692]\n\tGetHandleVerifier [0x0x7ff63446fca9+115129]\n\tGetHandleVerifier [0x0x7ff6344564d8+10728]\n\tBaseThreadInitThunk [0x0x7ff992b87374+20]\n\tRtlUserThreadStart [0x0x7ff99357cc91+33]","statusTrace":"self = <test_system.test_environment.TestEnvironmentPage object at 0x000001C1DE950610>\nlogin_to_environment = <selenium.webdriver.chrome.webdriver.WebDriver (session=\"9e7596c4cad19d40bbca147ce0097c2d\")>\n\n    @allure.story(\"周期页面-校验所有数字输入框-超过最大值为Infinity\")\n    # @pytest.mark.run(order=1)\n    def test_environment_cycle_numinput2(self, login_to_environment):\n        driver = login_to_environment  # WebDriver 实例\n        environment = EnvironmentPage(driver)  # 用 driver 初始化 EnvironmentPage\n        environment.click_cycle()\n        value = \"11111111111111111111111111\"\n        xpth_list = [\n            '//div[label[text()=\"分派开始时间:\"]]//input',\n            '//div[label[text()=\"分派结束时间:\"]]//input',\n            '//div[label[text()=\"生产指令结束时间:\"]]//input',\n            '//div[label[text()=\"显示开始时间:\"]]//input',\n            '//div[label[text()=\"显示结束时间:\"]]//input',\n        ]\n        environment.batch_modify_input(xpth_list, value)\n        before_value = environment.batch_acquisition_input(xpth_list)\n        environment.click_save_button()\n>       message = environment.get_find_message()\n\nTests\\test_system\\test_environment.py:218: \n_ _ _ _ _ _ _ _ _ _ _ _ _ _ _ _ _ _ _ _ _ _ _ _ _ _ _ _ _ _ _ _ _ _ _ _ _ _ _ _ _ _ _ _ _ _ _ _ _ _ _ _ _ _ _ _ _ _ _ _ _ _ _ _ _ _ _ _ _ _ _ _ _ _ _ _ _ _ _ _ _ _ _ _ _ _ _ _ _ _ _ _\nPages\\systemPage\\environment_page.py:49: in get_find_message\n    message = WebDriverWait(self.driver, 10).until(\n_ _ _ _ _ _ _ _ _ _ _ _ _ _ _ _ _ _ _ _ _ _ _ _ _ _ _ _ _ _ _ _ _ _ _ _ _ _ _ _ _ _ _ _ _ _ _ _ _ _ _ _ _ _ _ _ _ _ _ _ _ _ _ _ _ _ _ _ _ _ _ _ _ _ _ _ _ _ _ _ _ _ _ _ _ _ _ _ _ _ _ _\n\nself = <selenium.webdriver.support.wait.WebDriverWait (session=\"9e7596c4cad19d40bbca147ce0097c2d\")>\nmethod = <function visibility_of_element_located.<locals>._predicate at 0x000001C1E0EA51B0>, message = ''\n\n    def until(self, method: Callable[[D], Union[Literal[False], T]], message: str = \"\") -> T:\n        \"\"\"Wait until the method returns a value that is not False.\n    \n        Calls the method provided with the driver as an argument until the\n        return value does not evaluate to ``False``.\n    \n        Parameters:\n        -----------\n        method: callable(WebDriver)\n            - A callable object that takes a WebDriver instance as an argument.\n    \n        message: str\n            - Optional message for :exc:`TimeoutException`\n    \n        Return:\n        -------\n        object: T\n            - The result of the last call to `method`\n    \n        Raises:\n        -------\n        TimeoutException\n            - If 'method' does not return a truthy value within the WebDriverWait\n            object's timeout\n    \n        Example:\n        --------\n        >>> from selenium.webdriver.common.by import By\n        >>> from selenium.webdriver.support.ui import WebDriverWait\n        >>> from selenium.webdriver.support import expected_conditions as EC\n    \n        # Wait until an element is visible on the page\n        >>> wait = WebDriverWait(driver, 10)\n        >>> element = wait.until(EC.visibility_of_element_located((By.ID, \"exampleId\")))\n        >>> print(element.text)\n        \"\"\"\n        screen = None\n        stacktrace = None\n    \n        end_time = time.monotonic() + self._timeout\n        while True:\n            try:\n                value = method(self._driver)\n                if value:\n                    return value\n            except self._ignored_exceptions as exc:\n                screen = getattr(exc, \"screen\", None)\n                stacktrace = getattr(exc, \"stacktrace\", None)\n            if time.monotonic() > end_time:\n                break\n            time.sleep(self._poll)\n>       raise TimeoutException(message, screen, stacktrace)\nE       selenium.common.exceptions.TimeoutException: Message: \nE       Stacktrace:\nE       \tGetHandleVerifier [0x0x7ff634466f65+78965]\nE       \tGetHandleVerifier [0x0x7ff634466fc0+79056]\nE       \t(No symbol) [0x0x7ff6341f9dda]\nE       \t(No symbol) [0x0x7ff6342502ea]\nE       \t(No symbol) [0x0x7ff63425059c]\nE       \t(No symbol) [0x0x7ff6342a3f37]\nE       \t(No symbol) [0x0x7ff6342786af]\nE       \t(No symbol) [0x0x7ff6342a0dbe]\nE       \t(No symbol) [0x0x7ff634278443]\nE       \t(No symbol) [0x0x7ff634241311]\nE       \t(No symbol) [0x0x7ff6342420a3]\nE       \tGetHandleVerifier [0x0x7ff63471e26d+2926461]\nE       \tGetHandleVerifier [0x0x7ff634718993+2903715]\nE       \tGetHandleVerifier [0x0x7ff634736aed+3026941]\nE       \tGetHandleVerifier [0x0x7ff6344816fe+187406]\nE       \tGetHandleVerifier [0x0x7ff6344896ef+220159]\nE       \tGetHandleVerifier [0x0x7ff63446faf4+114692]\nE       \tGetHandleVerifier [0x0x7ff63446fca9+115129]\nE       \tGetHandleVerifier [0x0x7ff6344564d8+10728]\nE       \tBaseThreadInitThunk [0x0x7ff992b87374+20]\nE       \tRtlUserThreadStart [0x0x7ff99357cc91+33]\n\nmyenv\\lib\\site-packages\\selenium\\webdriver\\support\\wait.py:138: TimeoutException","steps":[],"attachments":[{"uid":"976fec50b4279215","name":"test_environment_cycle_numinput2_failure","source":"976fec50b4279215.png","type":"image/png","size":77779},{"uid":"ceeabcbceb0ec71b","name":"test_environment_cycle_numinput2_source","source":"ceeabcbceb0ec71b.html","type":"text/html","size":1090296},{"uid":"9e45af6c6ec89c26","name":"log","source":"9e45af6c6ec89c26.txt","type":"text/plain","size":2103}],"parameters":[],"shouldDisplayMessage":true,"attachmentsCount":3,"attachmentStep":false,"hasContent":true,"stepsCount":0},"afterStages":[{"name":"login_to_environment::0","time":{"start":1754935010358,"stop":1754935012527,"duration":2169},"status":"passed","steps":[],"attachments":[],"parameters":[],"shouldDisplayMessage":false,"attachmentsCount":0,"attachmentStep":false,"hasContent":false,"stepsCount":0}],"labels":[{"name":"story","value":"周期页面-校验所有数字输入框-超过最大值为Infinity"},{"name":"feature","value":"环境设置页用例"},{"name":"parentSuite","value":"Tests.test_system"},{"name":"suite","value":"test_environment"},{"name":"subSuite","value":"TestEnvironmentPage"},{"name":"host","value":"WIN-20240820MJV"},{"name":"thread","value":"24412-MainThread"},{"name":"framework","value":"pytest"},{"name":"language","value":"cpython3"},{"name":"package","value":"Tests.test_system.test_environment"},{"name":"resultFormat","value":"allure2"}],"parameters":[],"links":[],"hidden":true,"retry":true,"extra":{"categories":[],"tags":[]},"source":"b4b95fe537699dd4.json","parameterValues":[]}