{"uid":"b7865a0a381d183e","name":"test_previewPlan_select","fullName":"Tests.test_items.test_previewplan.TestPreviewPlanPage#test_previewPlan_select","historyId":"9cb2b69a31c8c7797da8a96a62c702c8","time":{"start":1761147704512,"stop":1761147716420,"duration":11908},"status":"broken","statusMessage":"selenium.common.exceptions.TimeoutException: Message: \nStacktrace:\n\tGetHandleVerifier [0x0x7ff6e4aa6f65+78965]\n\tGetHandleVerifier [0x0x7ff6e4aa6fc0+79056]\n\t(No symbol) [0x0x7ff6e4839dda]\n\t(No symbol) [0x0x7ff6e48902ea]\n\t(No symbol) [0x0x7ff6e489059c]\n\t(No symbol) [0x0x7ff6e48e3f37]\n\t(No symbol) [0x0x7ff6e48b86af]\n\t(No symbol) [0x0x7ff6e48e0dbe]\n\t(No symbol) [0x0x7ff6e48b8443]\n\t(No symbol) [0x0x7ff6e4881311]\n\t(No symbol) [0x0x7ff6e48820a3]\n\tGetHandleVerifier [0x0x7ff6e4d5e26d+2926461]\n\tGetHandleVerifier [0x0x7ff6e4d58993+2903715]\n\tGetHandleVerifier [0x0x7ff6e4d76aed+3026941]\n\tGetHandleVerifier [0x0x7ff6e4ac16fe+187406]\n\tGetHandleVerifier [0x0x7ff6e4ac96ef+220159]\n\tGetHandleVerifier [0x0x7ff6e4aafaf4+114692]\n\tGetHandleVerifier [0x0x7ff6e4aafca9+115129]\n\tGetHandleVerifier [0x0x7ff6e4a964d8+10728]\n\tBaseThreadInitThunk [0x0x7ffee1537374+20]\n\tRtlUserThreadStart [0x0x7ffee1a7cc91+33]","statusTrace":"self = <test_items.test_previewplan.TestPreviewPlanPage object at 0x0000027FE5B12890>, login_to_previewPlan = <selenium.webdriver.chrome.webdriver.WebDriver (session=\"9e45d2e4eeeae0ef8dce7dafc5e49bba\")>\n\n    @allure.story(\"工作指示发布成功，工作指示一览显示成功\")\n    # @pytest.mark.run(order=1)\n    def test_previewPlan_select(self, login_to_previewPlan):\n        driver = login_to_previewPlan  # WebDriver 实例\n        previewPlan = PreviewPlanPage(driver)  # 用 previewPlan 初始化 PreviewPlanPage\n        shared_data = SharedDataUtil.load_data()\n        resource1 = shared_data.get(\"master_res1\")\n        resource2 = shared_data.get(\"master_res2\")\n        previewPlan.enter_texts(\n            '//div[./p[text()=\"订单代码\"]]/parent::div//input', \"1测试C订单\"\n        )\n>       ele_code1 = previewPlan.get_find_element_xpath(\n            '//table[.//td[4]//span[text()=\"1测试C订单\"]]//tr[1]/td[4]'\n        ).text\n\nTests\\test_items\\test_previewplan.py:67: \n_ _ _ _ _ _ _ _ _ _ _ _ _ _ _ _ _ _ _ _ _ _ _ _ _ _ _ _ _ _ _ _ _ _ _ _ _ _ _ _ _ _ _ _ _ _ _ _ _ _ _ _ _ _ _ _ _ _ _ _ _ _ _ _ _ _ _ _ _ _ _ _ _ _ _ _ _ _ _ _ _ _ _ _ _ _ _ _ _ _ _ _ _ _ _ _ _ _ _ _ _ _ _ _ _ _ _ _ _ _ _ _ _ _ _ _\nPages\\itemsPage\\previewPlan_page.py:26: in get_find_element_xpath\n    return self.find_element(By.XPATH, xpath)\nPages\\base_page.py:28: in find_element\n    return WebDriverWait(self.driver, wait_time).until(\n_ _ _ _ _ _ _ _ _ _ _ _ _ _ _ _ _ _ _ _ _ _ _ _ _ _ _ _ _ _ _ _ _ _ _ _ _ _ _ _ _ _ _ _ _ _ _ _ _ _ _ _ _ _ _ _ _ _ _ _ _ _ _ _ _ _ _ _ _ _ _ _ _ _ _ _ _ _ _ _ _ _ _ _ _ _ _ _ _ _ _ _ _ _ _ _ _ _ _ _ _ _ _ _ _ _ _ _ _ _ _ _ _ _ _ _\n\nself = <selenium.webdriver.support.wait.WebDriverWait (session=\"9e45d2e4eeeae0ef8dce7dafc5e49bba\")>, method = <function presence_of_element_located.<locals>._predicate at 0x0000027FE75AD090>, message = ''\n\n    def until(self, method: Callable[[D], Union[Literal[False], T]], message: str = \"\") -> T:\n        \"\"\"Wait until the method returns a value that is not False.\n    \n        Calls the method provided with the driver as an argument until the\n        return value does not evaluate to ``False``.\n    \n        Parameters:\n        -----------\n        method: callable(WebDriver)\n            - A callable object that takes a WebDriver instance as an argument.\n    \n        message: str\n            - Optional message for :exc:`TimeoutException`\n    \n        Return:\n        -------\n        object: T\n            - The result of the last call to `method`\n    \n        Raises:\n        -------\n        TimeoutException\n            - If 'method' does not return a truthy value within the WebDriverWait\n            object's timeout\n    \n        Example:\n        --------\n        >>> from selenium.webdriver.common.by import By\n        >>> from selenium.webdriver.support.ui import WebDriverWait\n        >>> from selenium.webdriver.support import expected_conditions as EC\n    \n        # Wait until an element is visible on the page\n        >>> wait = WebDriverWait(driver, 10)\n        >>> element = wait.until(EC.visibility_of_element_located((By.ID, \"exampleId\")))\n        >>> print(element.text)\n        \"\"\"\n        screen = None\n        stacktrace = None\n    \n        end_time = time.monotonic() + self._timeout\n        while True:\n            try:\n                value = method(self._driver)\n                if value:\n                    return value\n            except self._ignored_exceptions as exc:\n                screen = getattr(exc, \"screen\", None)\n                stacktrace = getattr(exc, \"stacktrace\", None)\n            if time.monotonic() > end_time:\n                break\n            time.sleep(self._poll)\n>       raise TimeoutException(message, screen, stacktrace)\nE       selenium.common.exceptions.TimeoutException: Message: \nE       Stacktrace:\nE       \tGetHandleVerifier [0x0x7ff6e4aa6f65+78965]\nE       \tGetHandleVerifier [0x0x7ff6e4aa6fc0+79056]\nE       \t(No symbol) [0x0x7ff6e4839dda]\nE       \t(No symbol) [0x0x7ff6e48902ea]\nE       \t(No symbol) [0x0x7ff6e489059c]\nE       \t(No symbol) [0x0x7ff6e48e3f37]\nE       \t(No symbol) [0x0x7ff6e48b86af]\nE       \t(No symbol) [0x0x7ff6e48e0dbe]\nE       \t(No symbol) [0x0x7ff6e48b8443]\nE       \t(No symbol) [0x0x7ff6e4881311]\nE       \t(No symbol) [0x0x7ff6e48820a3]\nE       \tGetHandleVerifier [0x0x7ff6e4d5e26d+2926461]\nE       \tGetHandleVerifier [0x0x7ff6e4d58993+2903715]\nE       \tGetHandleVerifier [0x0x7ff6e4d76aed+3026941]\nE       \tGetHandleVerifier [0x0x7ff6e4ac16fe+187406]\nE       \tGetHandleVerifier [0x0x7ff6e4ac96ef+220159]\nE       \tGetHandleVerifier [0x0x7ff6e4aafaf4+114692]\nE       \tGetHandleVerifier [0x0x7ff6e4aafca9+115129]\nE       \tGetHandleVerifier [0x0x7ff6e4a964d8+10728]\nE       \tBaseThreadInitThunk [0x0x7ffee1537374+20]\nE       \tRtlUserThreadStart [0x0x7ffee1a7cc91+33]\n\nmyenv\\lib\\site-packages\\selenium\\webdriver\\support\\wait.py:138: TimeoutException","flaky":false,"newFailed":false,"newBroken":false,"newPassed":false,"retriesCount":0,"retriesStatusChange":false,"beforeStages":[{"name":"login_to_previewPlan","time":{"start":1761147686200,"stop":1761147704510,"duration":18310},"status":"passed","steps":[],"attachments":[],"parameters":[],"stepsCount":0,"hasContent":false,"attachmentStep":false,"shouldDisplayMessage":false,"attachmentsCount":0}],"testStage":{"status":"broken","statusMessage":"selenium.common.exceptions.TimeoutException: Message: \nStacktrace:\n\tGetHandleVerifier [0x0x7ff6e4aa6f65+78965]\n\tGetHandleVerifier [0x0x7ff6e4aa6fc0+79056]\n\t(No symbol) [0x0x7ff6e4839dda]\n\t(No symbol) [0x0x7ff6e48902ea]\n\t(No symbol) [0x0x7ff6e489059c]\n\t(No symbol) [0x0x7ff6e48e3f37]\n\t(No symbol) [0x0x7ff6e48b86af]\n\t(No symbol) [0x0x7ff6e48e0dbe]\n\t(No symbol) [0x0x7ff6e48b8443]\n\t(No symbol) [0x0x7ff6e4881311]\n\t(No symbol) [0x0x7ff6e48820a3]\n\tGetHandleVerifier [0x0x7ff6e4d5e26d+2926461]\n\tGetHandleVerifier [0x0x7ff6e4d58993+2903715]\n\tGetHandleVerifier [0x0x7ff6e4d76aed+3026941]\n\tGetHandleVerifier [0x0x7ff6e4ac16fe+187406]\n\tGetHandleVerifier [0x0x7ff6e4ac96ef+220159]\n\tGetHandleVerifier [0x0x7ff6e4aafaf4+114692]\n\tGetHandleVerifier [0x0x7ff6e4aafca9+115129]\n\tGetHandleVerifier [0x0x7ff6e4a964d8+10728]\n\tBaseThreadInitThunk [0x0x7ffee1537374+20]\n\tRtlUserThreadStart [0x0x7ffee1a7cc91+33]","statusTrace":"self = <test_items.test_previewplan.TestPreviewPlanPage object at 0x0000027FE5B12890>, login_to_previewPlan = <selenium.webdriver.chrome.webdriver.WebDriver (session=\"9e45d2e4eeeae0ef8dce7dafc5e49bba\")>\n\n    @allure.story(\"工作指示发布成功，工作指示一览显示成功\")\n    # @pytest.mark.run(order=1)\n    def test_previewPlan_select(self, login_to_previewPlan):\n        driver = login_to_previewPlan  # WebDriver 实例\n        previewPlan = PreviewPlanPage(driver)  # 用 previewPlan 初始化 PreviewPlanPage\n        shared_data = SharedDataUtil.load_data()\n        resource1 = shared_data.get(\"master_res1\")\n        resource2 = shared_data.get(\"master_res2\")\n        previewPlan.enter_texts(\n            '//div[./p[text()=\"订单代码\"]]/parent::div//input', \"1测试C订单\"\n        )\n>       ele_code1 = previewPlan.get_find_element_xpath(\n            '//table[.//td[4]//span[text()=\"1测试C订单\"]]//tr[1]/td[4]'\n        ).text\n\nTests\\test_items\\test_previewplan.py:67: \n_ _ _ _ _ _ _ _ _ _ _ _ _ _ _ _ _ _ _ _ _ _ _ _ _ _ _ _ _ _ _ _ _ _ _ _ _ _ _ _ _ _ _ _ _ _ _ _ _ _ _ _ _ _ _ _ _ _ _ _ _ _ _ _ _ _ _ _ _ _ _ _ _ _ _ _ _ _ _ _ _ _ _ _ _ _ _ _ _ _ _ _ _ _ _ _ _ _ _ _ _ _ _ _ _ _ _ _ _ _ _ _ _ _ _ _\nPages\\itemsPage\\previewPlan_page.py:26: in get_find_element_xpath\n    return self.find_element(By.XPATH, xpath)\nPages\\base_page.py:28: in find_element\n    return WebDriverWait(self.driver, wait_time).until(\n_ _ _ _ _ _ _ _ _ _ _ _ _ _ _ _ _ _ _ _ _ _ _ _ _ _ _ _ _ _ _ _ _ _ _ _ _ _ _ _ _ _ _ _ _ _ _ _ _ _ _ _ _ _ _ _ _ _ _ _ _ _ _ _ _ _ _ _ _ _ _ _ _ _ _ _ _ _ _ _ _ _ _ _ _ _ _ _ _ _ _ _ _ _ _ _ _ _ _ _ _ _ _ _ _ _ _ _ _ _ _ _ _ _ _ _\n\nself = <selenium.webdriver.support.wait.WebDriverWait (session=\"9e45d2e4eeeae0ef8dce7dafc5e49bba\")>, method = <function presence_of_element_located.<locals>._predicate at 0x0000027FE75AD090>, message = ''\n\n    def until(self, method: Callable[[D], Union[Literal[False], T]], message: str = \"\") -> T:\n        \"\"\"Wait until the method returns a value that is not False.\n    \n        Calls the method provided with the driver as an argument until the\n        return value does not evaluate to ``False``.\n    \n        Parameters:\n        -----------\n        method: callable(WebDriver)\n            - A callable object that takes a WebDriver instance as an argument.\n    \n        message: str\n            - Optional message for :exc:`TimeoutException`\n    \n        Return:\n        -------\n        object: T\n            - The result of the last call to `method`\n    \n        Raises:\n        -------\n        TimeoutException\n            - If 'method' does not return a truthy value within the WebDriverWait\n            object's timeout\n    \n        Example:\n        --------\n        >>> from selenium.webdriver.common.by import By\n        >>> from selenium.webdriver.support.ui import WebDriverWait\n        >>> from selenium.webdriver.support import expected_conditions as EC\n    \n        # Wait until an element is visible on the page\n        >>> wait = WebDriverWait(driver, 10)\n        >>> element = wait.until(EC.visibility_of_element_located((By.ID, \"exampleId\")))\n        >>> print(element.text)\n        \"\"\"\n        screen = None\n        stacktrace = None\n    \n        end_time = time.monotonic() + self._timeout\n        while True:\n            try:\n                value = method(self._driver)\n                if value:\n                    return value\n            except self._ignored_exceptions as exc:\n                screen = getattr(exc, \"screen\", None)\n                stacktrace = getattr(exc, \"stacktrace\", None)\n            if time.monotonic() > end_time:\n                break\n            time.sleep(self._poll)\n>       raise TimeoutException(message, screen, stacktrace)\nE       selenium.common.exceptions.TimeoutException: Message: \nE       Stacktrace:\nE       \tGetHandleVerifier [0x0x7ff6e4aa6f65+78965]\nE       \tGetHandleVerifier [0x0x7ff6e4aa6fc0+79056]\nE       \t(No symbol) [0x0x7ff6e4839dda]\nE       \t(No symbol) [0x0x7ff6e48902ea]\nE       \t(No symbol) [0x0x7ff6e489059c]\nE       \t(No symbol) [0x0x7ff6e48e3f37]\nE       \t(No symbol) [0x0x7ff6e48b86af]\nE       \t(No symbol) [0x0x7ff6e48e0dbe]\nE       \t(No symbol) [0x0x7ff6e48b8443]\nE       \t(No symbol) [0x0x7ff6e4881311]\nE       \t(No symbol) [0x0x7ff6e48820a3]\nE       \tGetHandleVerifier [0x0x7ff6e4d5e26d+2926461]\nE       \tGetHandleVerifier [0x0x7ff6e4d58993+2903715]\nE       \tGetHandleVerifier [0x0x7ff6e4d76aed+3026941]\nE       \tGetHandleVerifier [0x0x7ff6e4ac16fe+187406]\nE       \tGetHandleVerifier [0x0x7ff6e4ac96ef+220159]\nE       \tGetHandleVerifier [0x0x7ff6e4aafaf4+114692]\nE       \tGetHandleVerifier [0x0x7ff6e4aafca9+115129]\nE       \tGetHandleVerifier [0x0x7ff6e4a964d8+10728]\nE       \tBaseThreadInitThunk [0x0x7ffee1537374+20]\nE       \tRtlUserThreadStart [0x0x7ffee1a7cc91+33]\n\nmyenv\\lib\\site-packages\\selenium\\webdriver\\support\\wait.py:138: TimeoutException","steps":[],"attachments":[{"uid":"50846e223c6d1c31","name":"test_previewPlan_select_failure","source":"50846e223c6d1c31.png","type":"image/png","size":71491},{"uid":"3c54372873448472","name":"test_previewPlan_select_source","source":"3c54372873448472.html","type":"text/html","size":1126515},{"uid":"3b5c330fe825a09","name":"log","source":"3b5c330fe825a09.txt","type":"text/plain","size":1060}],"parameters":[],"stepsCount":0,"hasContent":true,"attachmentStep":false,"shouldDisplayMessage":true,"attachmentsCount":3},"afterStages":[{"name":"login_to_previewPlan::0","time":{"start":1761147717009,"stop":1761147719466,"duration":2457},"status":"passed","steps":[],"attachments":[],"parameters":[],"stepsCount":0,"hasContent":false,"attachmentStep":false,"shouldDisplayMessage":false,"attachmentsCount":0}],"labels":[{"name":"feature","value":"工作指示一览表测试用例"},{"name":"story","value":"工作指示发布成功，工作指示一览显示成功"},{"name":"parentSuite","value":"Tests.test_items"},{"name":"suite","value":"test_previewplan"},{"name":"subSuite","value":"TestPreviewPlanPage"},{"name":"host","value":"WIN-20240820MJV"},{"name":"thread","value":"25856-MainThread"},{"name":"framework","value":"pytest"},{"name":"language","value":"cpython3"},{"name":"package","value":"Tests.test_items.test_previewplan"},{"name":"resultFormat","value":"allure2"}],"parameters":[],"links":[],"hidden":true,"retry":true,"extra":{"categories":[],"tags":[]},"source":"b7865a0a381d183e.json","parameterValues":[]}