{"uid":"b91e1a21025726bd","name":"test_user_verify11","fullName":"Tests.test_system.test_userRole.TestUserRolePage#test_user_verify11","historyId":"3d97805fd834d550e41fcf8cab427c5a","time":{"start":1760983111485,"stop":1760983138597,"duration":27112},"status":"broken","statusMessage":"selenium.common.exceptions.TimeoutException: Message: \nStacktrace:\n\tGetHandleVerifier [0x0x7ff613186f65+78965]\n\tGetHandleVerifier [0x0x7ff613186fc0+79056]\n\t(No symbol) [0x0x7ff612f19dda]\n\t(No symbol) [0x0x7ff612f702ea]\n\t(No symbol) [0x0x7ff612f7059c]\n\t(No symbol) [0x0x7ff612fc3f37]\n\t(No symbol) [0x0x7ff612f986af]\n\t(No symbol) [0x0x7ff612fc0dbe]\n\t(No symbol) [0x0x7ff612f98443]\n\t(No symbol) [0x0x7ff612f61311]\n\t(No symbol) [0x0x7ff612f620a3]\n\tGetHandleVerifier [0x0x7ff61343e26d+2926461]\n\tGetHandleVerifier [0x0x7ff613438993+2903715]\n\tGetHandleVerifier [0x0x7ff613456aed+3026941]\n\tGetHandleVerifier [0x0x7ff6131a16fe+187406]\n\tGetHandleVerifier [0x0x7ff6131a96ef+220159]\n\tGetHandleVerifier [0x0x7ff61318faf4+114692]\n\tGetHandleVerifier [0x0x7ff61318fca9+115129]\n\tGetHandleVerifier [0x0x7ff6131764d8+10728]\n\tBaseThreadInitThunk [0x0x7fff4faa7374+20]\n\tRtlUserThreadStart [0x0x7fff513dcc91+33]","statusTrace":"self = <test_system.test_userRole.TestUserRolePage object at 0x0000014AE30CD330>, login_to_userrole = <selenium.webdriver.chrome.webdriver.WebDriver (session=\"1eb0ea081876511ba160d1feed200fda\")>\n\n    @allure.story(\"校验数字文本框和文本框\")\n    # @pytest.mark.run(order=1)\n    def test_user_verify11(self, login_to_userrole):\n        driver = login_to_userrole  # WebDriver 实例\n        user = UserRolePage(driver)  # 用 driver 初始化 UserRolePage\n        name = \"111111111111111133331122221111222221111111113333111111144444111111111111111111111111111111111111111111111111\"\n        password = 'Qw123456'\n        role = '1测试角色代码2'\n        user.add_user(name, password, role)\n        user.enter_texts('//div[label[text()=\"密码有效天数\"]]//input', name)\n        num = user.get_find_element_xpath('//div[label[text()=\"密码有效天数\"]]//input').get_attribute(\"value\")\n        user.click_all_button(\"保存\")\n>       message = user.get_find_message()\n\nTests\\test_system\\test_userRole.py:439: \n_ _ _ _ _ _ _ _ _ _ _ _ _ _ _ _ _ _ _ _ _ _ _ _ _ _ _ _ _ _ _ _ _ _ _ _ _ _ _ _ _ _ _ _ _ _ _ _ _ _ _ _ _ _ _ _ _ _ _ _ _ _ _ _ _ _ _ _ _ _ _ _ _ _ _ _ _ _ _ _ _ _ _ _ _ _ _ _ _ _ _ _ _ _ _ _ _ _ _ _ _ _ _ _ _ _ _ _ _ _ _ _ _ _ _ _\nPages\\systemPage\\userRole_page.py:35: in get_find_message\n    message = WebDriverWait(self.driver, 10).until(\n_ _ _ _ _ _ _ _ _ _ _ _ _ _ _ _ _ _ _ _ _ _ _ _ _ _ _ _ _ _ _ _ _ _ _ _ _ _ _ _ _ _ _ _ _ _ _ _ _ _ _ _ _ _ _ _ _ _ _ _ _ _ _ _ _ _ _ _ _ _ _ _ _ _ _ _ _ _ _ _ _ _ _ _ _ _ _ _ _ _ _ _ _ _ _ _ _ _ _ _ _ _ _ _ _ _ _ _ _ _ _ _ _ _ _ _\n\nself = <selenium.webdriver.support.wait.WebDriverWait (session=\"1eb0ea081876511ba160d1feed200fda\")>, method = <function visibility_of_element_located.<locals>._predicate at 0x0000014AE4D48670>, message = ''\n\n    def until(self, method: Callable[[D], Union[Literal[False], T]], message: str = \"\") -> T:\n        \"\"\"Wait until the method returns a value that is not False.\n    \n        Calls the method provided with the driver as an argument until the\n        return value does not evaluate to ``False``.\n    \n        Parameters:\n        -----------\n        method: callable(WebDriver)\n            - A callable object that takes a WebDriver instance as an argument.\n    \n        message: str\n            - Optional message for :exc:`TimeoutException`\n    \n        Return:\n        -------\n        object: T\n            - The result of the last call to `method`\n    \n        Raises:\n        -------\n        TimeoutException\n            - If 'method' does not return a truthy value within the WebDriverWait\n            object's timeout\n    \n        Example:\n        --------\n        >>> from selenium.webdriver.common.by import By\n        >>> from selenium.webdriver.support.ui import WebDriverWait\n        >>> from selenium.webdriver.support import expected_conditions as EC\n    \n        # Wait until an element is visible on the page\n        >>> wait = WebDriverWait(driver, 10)\n        >>> element = wait.until(EC.visibility_of_element_located((By.ID, \"exampleId\")))\n        >>> print(element.text)\n        \"\"\"\n        screen = None\n        stacktrace = None\n    \n        end_time = time.monotonic() + self._timeout\n        while True:\n            try:\n                value = method(self._driver)\n                if value:\n                    return value\n            except self._ignored_exceptions as exc:\n                screen = getattr(exc, \"screen\", None)\n                stacktrace = getattr(exc, \"stacktrace\", None)\n            if time.monotonic() > end_time:\n                break\n            time.sleep(self._poll)\n>       raise TimeoutException(message, screen, stacktrace)\nE       selenium.common.exceptions.TimeoutException: Message: \nE       Stacktrace:\nE       \tGetHandleVerifier [0x0x7ff613186f65+78965]\nE       \tGetHandleVerifier [0x0x7ff613186fc0+79056]\nE       \t(No symbol) [0x0x7ff612f19dda]\nE       \t(No symbol) [0x0x7ff612f702ea]\nE       \t(No symbol) [0x0x7ff612f7059c]\nE       \t(No symbol) [0x0x7ff612fc3f37]\nE       \t(No symbol) [0x0x7ff612f986af]\nE       \t(No symbol) [0x0x7ff612fc0dbe]\nE       \t(No symbol) [0x0x7ff612f98443]\nE       \t(No symbol) [0x0x7ff612f61311]\nE       \t(No symbol) [0x0x7ff612f620a3]\nE       \tGetHandleVerifier [0x0x7ff61343e26d+2926461]\nE       \tGetHandleVerifier [0x0x7ff613438993+2903715]\nE       \tGetHandleVerifier [0x0x7ff613456aed+3026941]\nE       \tGetHandleVerifier [0x0x7ff6131a16fe+187406]\nE       \tGetHandleVerifier [0x0x7ff6131a96ef+220159]\nE       \tGetHandleVerifier [0x0x7ff61318faf4+114692]\nE       \tGetHandleVerifier [0x0x7ff61318fca9+115129]\nE       \tGetHandleVerifier [0x0x7ff6131764d8+10728]\nE       \tBaseThreadInitThunk [0x0x7fff4faa7374+20]\nE       \tRtlUserThreadStart [0x0x7fff513dcc91+33]\n\nmyenv\\lib\\site-packages\\selenium\\webdriver\\support\\wait.py:138: TimeoutException","flaky":false,"newFailed":false,"newBroken":false,"newPassed":false,"retriesCount":0,"retriesStatusChange":false,"beforeStages":[{"name":"login_to_userrole","time":{"start":1760983095010,"stop":1760983111484,"duration":16474},"status":"passed","steps":[],"attachments":[],"parameters":[],"hasContent":false,"stepsCount":0,"attachmentStep":false,"shouldDisplayMessage":false,"attachmentsCount":0}],"testStage":{"status":"broken","statusMessage":"selenium.common.exceptions.TimeoutException: Message: \nStacktrace:\n\tGetHandleVerifier [0x0x7ff613186f65+78965]\n\tGetHandleVerifier [0x0x7ff613186fc0+79056]\n\t(No symbol) [0x0x7ff612f19dda]\n\t(No symbol) [0x0x7ff612f702ea]\n\t(No symbol) [0x0x7ff612f7059c]\n\t(No symbol) [0x0x7ff612fc3f37]\n\t(No symbol) [0x0x7ff612f986af]\n\t(No symbol) [0x0x7ff612fc0dbe]\n\t(No symbol) [0x0x7ff612f98443]\n\t(No symbol) [0x0x7ff612f61311]\n\t(No symbol) [0x0x7ff612f620a3]\n\tGetHandleVerifier [0x0x7ff61343e26d+2926461]\n\tGetHandleVerifier [0x0x7ff613438993+2903715]\n\tGetHandleVerifier [0x0x7ff613456aed+3026941]\n\tGetHandleVerifier [0x0x7ff6131a16fe+187406]\n\tGetHandleVerifier [0x0x7ff6131a96ef+220159]\n\tGetHandleVerifier [0x0x7ff61318faf4+114692]\n\tGetHandleVerifier [0x0x7ff61318fca9+115129]\n\tGetHandleVerifier [0x0x7ff6131764d8+10728]\n\tBaseThreadInitThunk [0x0x7fff4faa7374+20]\n\tRtlUserThreadStart [0x0x7fff513dcc91+33]","statusTrace":"self = <test_system.test_userRole.TestUserRolePage object at 0x0000014AE30CD330>, login_to_userrole = <selenium.webdriver.chrome.webdriver.WebDriver (session=\"1eb0ea081876511ba160d1feed200fda\")>\n\n    @allure.story(\"校验数字文本框和文本框\")\n    # @pytest.mark.run(order=1)\n    def test_user_verify11(self, login_to_userrole):\n        driver = login_to_userrole  # WebDriver 实例\n        user = UserRolePage(driver)  # 用 driver 初始化 UserRolePage\n        name = \"111111111111111133331122221111222221111111113333111111144444111111111111111111111111111111111111111111111111\"\n        password = 'Qw123456'\n        role = '1测试角色代码2'\n        user.add_user(name, password, role)\n        user.enter_texts('//div[label[text()=\"密码有效天数\"]]//input', name)\n        num = user.get_find_element_xpath('//div[label[text()=\"密码有效天数\"]]//input').get_attribute(\"value\")\n        user.click_all_button(\"保存\")\n>       message = user.get_find_message()\n\nTests\\test_system\\test_userRole.py:439: \n_ _ _ _ _ _ _ _ _ _ _ _ _ _ _ _ _ _ _ _ _ _ _ _ _ _ _ _ _ _ _ _ _ _ _ _ _ _ _ _ _ _ _ _ _ _ _ _ _ _ _ _ _ _ _ _ _ _ _ _ _ _ _ _ _ _ _ _ _ _ _ _ _ _ _ _ _ _ _ _ _ _ _ _ _ _ _ _ _ _ _ _ _ _ _ _ _ _ _ _ _ _ _ _ _ _ _ _ _ _ _ _ _ _ _ _\nPages\\systemPage\\userRole_page.py:35: in get_find_message\n    message = WebDriverWait(self.driver, 10).until(\n_ _ _ _ _ _ _ _ _ _ _ _ _ _ _ _ _ _ _ _ _ _ _ _ _ _ _ _ _ _ _ _ _ _ _ _ _ _ _ _ _ _ _ _ _ _ _ _ _ _ _ _ _ _ _ _ _ _ _ _ _ _ _ _ _ _ _ _ _ _ _ _ _ _ _ _ _ _ _ _ _ _ _ _ _ _ _ _ _ _ _ _ _ _ _ _ _ _ _ _ _ _ _ _ _ _ _ _ _ _ _ _ _ _ _ _\n\nself = <selenium.webdriver.support.wait.WebDriverWait (session=\"1eb0ea081876511ba160d1feed200fda\")>, method = <function visibility_of_element_located.<locals>._predicate at 0x0000014AE4D48670>, message = ''\n\n    def until(self, method: Callable[[D], Union[Literal[False], T]], message: str = \"\") -> T:\n        \"\"\"Wait until the method returns a value that is not False.\n    \n        Calls the method provided with the driver as an argument until the\n        return value does not evaluate to ``False``.\n    \n        Parameters:\n        -----------\n        method: callable(WebDriver)\n            - A callable object that takes a WebDriver instance as an argument.\n    \n        message: str\n            - Optional message for :exc:`TimeoutException`\n    \n        Return:\n        -------\n        object: T\n            - The result of the last call to `method`\n    \n        Raises:\n        -------\n        TimeoutException\n            - If 'method' does not return a truthy value within the WebDriverWait\n            object's timeout\n    \n        Example:\n        --------\n        >>> from selenium.webdriver.common.by import By\n        >>> from selenium.webdriver.support.ui import WebDriverWait\n        >>> from selenium.webdriver.support import expected_conditions as EC\n    \n        # Wait until an element is visible on the page\n        >>> wait = WebDriverWait(driver, 10)\n        >>> element = wait.until(EC.visibility_of_element_located((By.ID, \"exampleId\")))\n        >>> print(element.text)\n        \"\"\"\n        screen = None\n        stacktrace = None\n    \n        end_time = time.monotonic() + self._timeout\n        while True:\n            try:\n                value = method(self._driver)\n                if value:\n                    return value\n            except self._ignored_exceptions as exc:\n                screen = getattr(exc, \"screen\", None)\n                stacktrace = getattr(exc, \"stacktrace\", None)\n            if time.monotonic() > end_time:\n                break\n            time.sleep(self._poll)\n>       raise TimeoutException(message, screen, stacktrace)\nE       selenium.common.exceptions.TimeoutException: Message: \nE       Stacktrace:\nE       \tGetHandleVerifier [0x0x7ff613186f65+78965]\nE       \tGetHandleVerifier [0x0x7ff613186fc0+79056]\nE       \t(No symbol) [0x0x7ff612f19dda]\nE       \t(No symbol) [0x0x7ff612f702ea]\nE       \t(No symbol) [0x0x7ff612f7059c]\nE       \t(No symbol) [0x0x7ff612fc3f37]\nE       \t(No symbol) [0x0x7ff612f986af]\nE       \t(No symbol) [0x0x7ff612fc0dbe]\nE       \t(No symbol) [0x0x7ff612f98443]\nE       \t(No symbol) [0x0x7ff612f61311]\nE       \t(No symbol) [0x0x7ff612f620a3]\nE       \tGetHandleVerifier [0x0x7ff61343e26d+2926461]\nE       \tGetHandleVerifier [0x0x7ff613438993+2903715]\nE       \tGetHandleVerifier [0x0x7ff613456aed+3026941]\nE       \tGetHandleVerifier [0x0x7ff6131a16fe+187406]\nE       \tGetHandleVerifier [0x0x7ff6131a96ef+220159]\nE       \tGetHandleVerifier [0x0x7ff61318faf4+114692]\nE       \tGetHandleVerifier [0x0x7ff61318fca9+115129]\nE       \tGetHandleVerifier [0x0x7ff6131764d8+10728]\nE       \tBaseThreadInitThunk [0x0x7fff4faa7374+20]\nE       \tRtlUserThreadStart [0x0x7fff513dcc91+33]\n\nmyenv\\lib\\site-packages\\selenium\\webdriver\\support\\wait.py:138: TimeoutException","steps":[],"attachments":[{"uid":"3e193b67a9f0d60b","name":"test_user_verify11_failure","source":"3e193b67a9f0d60b.png","type":"image/png","size":133932},{"uid":"d5ac2ea803631792","name":"test_user_verify11_source","source":"d5ac2ea803631792.html","type":"text/html","size":1167826},{"uid":"d6b80d92a7eefc2d","name":"log","source":"d6b80d92a7eefc2d.txt","type":"text/plain","size":1772}],"parameters":[],"hasContent":true,"stepsCount":0,"attachmentStep":false,"shouldDisplayMessage":true,"attachmentsCount":3},"afterStages":[{"name":"login_to_userrole::0","time":{"start":1760983139302,"stop":1760983141746,"duration":2444},"status":"passed","steps":[],"attachments":[],"parameters":[],"hasContent":false,"stepsCount":0,"attachmentStep":false,"shouldDisplayMessage":false,"attachmentsCount":0}],"labels":[{"name":"story","value":"校验数字文本框和文本框"},{"name":"feature","value":"用户权限管理页用例"},{"name":"parentSuite","value":"Tests.test_system"},{"name":"suite","value":"test_userRole"},{"name":"subSuite","value":"TestUserRolePage"},{"name":"host","value":"WIN-20240820MJV"},{"name":"thread","value":"3232-MainThread"},{"name":"framework","value":"pytest"},{"name":"language","value":"cpython3"},{"name":"package","value":"Tests.test_system.test_userRole"},{"name":"resultFormat","value":"allure2"}],"parameters":[],"links":[],"hidden":false,"retry":false,"extra":{"severity":"normal","retries":[],"categories":[{"name":"Test defects","matchedStatuses":[]}],"tags":[]},"source":"b91e1a21025726bd.json","parameterValues":[]}