{"uid":"b9e701e4614297a3","name":"test_affairs_process_nextfail5","fullName":"Tests.test_system.test_affairs.TestAffairsPage#test_affairs_process_nextfail5","historyId":"66d34e89532e24ee8f9d122511dcf4ff","time":{"start":1761067192516,"stop":1761067201100,"duration":8584},"status":"failed","statusMessage":"AssertionError: assert (0 == 1)\n +  where 0 = len([])","statusTrace":"self = <test_system.test_affairs.TestAffairsPage object at 0x00000173A66B62F0>, login_to_affairs = <selenium.webdriver.chrome.webdriver.WebDriver (session=\"88dfadfcb8e68c174974e82b18e68634\")>\n\n    @allure.story(\"我的流程-频率为每天，不填写间隔执行，不允许点击下一步\")\n    # @pytest.mark.run(order=1)\n    def test_affairs_process_nextfail5(self, login_to_affairs):\n        driver = login_to_affairs  # WebDriver 实例\n        affairs = AffairsPage(driver)  # 用 driver 初始化 AffairsPage\n        affairs.click_process()\n        affairs.add_process(name=\"测试流程1\", type=\"服务\", frequency=\"每天\")\n        affairs.click_next()\n        eles = affairs.finds_elements(By.XPATH, '//div[@class=\"el-form-item__error\"]')\n        list_ = [ele.text for ele in eles]\n>       assert len(list_) == 1 and list_ == ['请填写间隔执行']\nE       assert (0 == 1)\nE        +  where 0 = len([])\n\nTests\\test_system\\test_affairs.py:728: AssertionError","flaky":false,"newFailed":false,"newBroken":false,"newPassed":false,"retriesCount":1,"retriesStatusChange":false,"beforeStages":[{"name":"login_to_affairs","time":{"start":1761067176459,"stop":1761067192513,"duration":16054},"status":"passed","steps":[],"attachments":[],"parameters":[],"attachmentsCount":0,"shouldDisplayMessage":false,"stepsCount":0,"hasContent":false,"attachmentStep":false}],"testStage":{"status":"failed","statusMessage":"AssertionError: assert (0 == 1)\n +  where 0 = len([])","statusTrace":"self = <test_system.test_affairs.TestAffairsPage object at 0x00000173A66B62F0>, login_to_affairs = <selenium.webdriver.chrome.webdriver.WebDriver (session=\"88dfadfcb8e68c174974e82b18e68634\")>\n\n    @allure.story(\"我的流程-频率为每天，不填写间隔执行，不允许点击下一步\")\n    # @pytest.mark.run(order=1)\n    def test_affairs_process_nextfail5(self, login_to_affairs):\n        driver = login_to_affairs  # WebDriver 实例\n        affairs = AffairsPage(driver)  # 用 driver 初始化 AffairsPage\n        affairs.click_process()\n        affairs.add_process(name=\"测试流程1\", type=\"服务\", frequency=\"每天\")\n        affairs.click_next()\n        eles = affairs.finds_elements(By.XPATH, '//div[@class=\"el-form-item__error\"]')\n        list_ = [ele.text for ele in eles]\n>       assert len(list_) == 1 and list_ == ['请填写间隔执行']\nE       assert (0 == 1)\nE        +  where 0 = len([])\n\nTests\\test_system\\test_affairs.py:728: AssertionError","steps":[],"attachments":[{"uid":"498bf98f0e27efc6","name":"test_affairs_process_nextfail5_failure","source":"498bf98f0e27efc6.png","type":"image/png","size":92058},{"uid":"c964b7b0ba548242","name":"test_affairs_process_nextfail5_source","source":"c964b7b0ba548242.html","type":"text/html","size":1167467},{"uid":"a4441f11e3717e97","name":"log","source":"a4441f11e3717e97.txt","type":"text/plain","size":4205}],"parameters":[],"attachmentsCount":3,"shouldDisplayMessage":true,"stepsCount":0,"hasContent":true,"attachmentStep":false},"afterStages":[{"name":"login_to_affairs::0","time":{"start":1761067201749,"stop":1761067204154,"duration":2405},"status":"passed","steps":[],"attachments":[],"parameters":[],"attachmentsCount":0,"shouldDisplayMessage":false,"stepsCount":0,"hasContent":false,"attachmentStep":false}],"labels":[{"name":"feature","value":"事务管理页用例"},{"name":"story","value":"我的流程-频率为每天，不填写间隔执行，不允许点击下一步"},{"name":"parentSuite","value":"Tests.test_system"},{"name":"suite","value":"test_affairs"},{"name":"subSuite","value":"TestAffairsPage"},{"name":"host","value":"WIN-20240820MJV"},{"name":"thread","value":"14388-MainThread"},{"name":"framework","value":"pytest"},{"name":"language","value":"cpython3"},{"name":"package","value":"Tests.test_system.test_affairs"},{"name":"resultFormat","value":"allure2"}],"parameters":[],"links":[],"hidden":false,"retry":false,"extra":{"severity":"normal","retries":[{"uid":"fc4d76c087703055","status":"failed","statusDetails":"AssertionError: assert (0 == 1)\n +  where 0 = len([])","time":{"start":1761067164881,"stop":1761067173368,"duration":8487}}],"categories":[{"name":"Product defects","matchedStatuses":[]}],"tags":[]},"source":"b9e701e4614297a3.json","parameterValues":[]}