{"uid":"bf02951cf963b6a0","name":"test_item_editnamesuccess","fullName":"Tests.test_items.test_item.TestItemPage#test_item_editnamesuccess","historyId":"b1b1d9944a62eeaed0297dffa3b683a4","time":{"start":1755778719722,"stop":1755778730069,"duration":10347},"status":"broken","statusMessage":"selenium.common.exceptions.TimeoutException: Message: 点击失败，找不到元素：xpath = //tr[./td[2][.//span[text()=\"1测试A\"]]]/td[2]","statusTrace":"self = <Pages.itemsPage.item_page.ItemPage object at 0x00000247007E8310>, by_or_element = 'xpath', value = '//tr[./td[2][.//span[text()=\"1测试A\"]]]/td[2]', wait_time = 10\n\n    def click(self, by_or_element, value=None, wait_time=10):\n        if value is not None:\n            by = by_or_element\n            logging.info(f\"点击元素：By = {by}, Value = {value}\")\n            try:\n>               element = WebDriverWait(self.driver, wait_time).until(\n                    EC.element_to_be_clickable((by, value))\n                )\n\nPages\\base_page.py:45: \n_ _ _ _ _ _ _ _ _ _ _ _ _ _ _ _ _ _ _ _ _ _ _ _ _ _ _ _ _ _ _ _ _ _ _ _ _ _ _ _ _ _ _ _ _ _ _ _ _ _ _ _ _ _ _ _ _ _ _ _ _ _ _ _ _ _ _ _ _ _ _ _ _ _ _ _ _ _ _ _ _ _ _ _ _ _ _ _ _ _ _ _\n\nself = <selenium.webdriver.support.wait.WebDriverWait (session=\"30c60a77c2c3f06d04d448a679ad54d9\")>\nmethod = <function element_to_be_clickable.<locals>._predicate at 0x00000247007D2710>, message = ''\n\n    def until(self, method: Callable[[D], Union[Literal[False], T]], message: str = \"\") -> T:\n        \"\"\"Wait until the method returns a value that is not False.\n    \n        Calls the method provided with the driver as an argument until the\n        return value does not evaluate to ``False``.\n    \n        Parameters:\n        -----------\n        method: callable(WebDriver)\n            - A callable object that takes a WebDriver instance as an argument.\n    \n        message: str\n            - Optional message for :exc:`TimeoutException`\n    \n        Return:\n        -------\n        object: T\n            - The result of the last call to `method`\n    \n        Raises:\n        -------\n        TimeoutException\n            - If 'method' does not return a truthy value within the WebDriverWait\n            object's timeout\n    \n        Example:\n        --------\n        >>> from selenium.webdriver.common.by import By\n        >>> from selenium.webdriver.support.ui import WebDriverWait\n        >>> from selenium.webdriver.support import expected_conditions as EC\n    \n        # Wait until an element is visible on the page\n        >>> wait = WebDriverWait(driver, 10)\n        >>> element = wait.until(EC.visibility_of_element_located((By.ID, \"exampleId\")))\n        >>> print(element.text)\n        \"\"\"\n        screen = None\n        stacktrace = None\n    \n        end_time = time.monotonic() + self._timeout\n        while True:\n            try:\n                value = method(self._driver)\n                if value:\n                    return value\n            except self._ignored_exceptions as exc:\n                screen = getattr(exc, \"screen\", None)\n                stacktrace = getattr(exc, \"stacktrace\", None)\n            if time.monotonic() > end_time:\n                break\n            time.sleep(self._poll)\n>       raise TimeoutException(message, screen, stacktrace)\nE       selenium.common.exceptions.TimeoutException: Message: \nE       Stacktrace:\nE       \tGetHandleVerifier [0x0x7ff696576f65+78965]\nE       \tGetHandleVerifier [0x0x7ff696576fc0+79056]\nE       \t(No symbol) [0x0x7ff696309dda]\nE       \t(No symbol) [0x0x7ff6963602ea]\nE       \t(No symbol) [0x0x7ff69636059c]\nE       \t(No symbol) [0x0x7ff6963b3f37]\nE       \t(No symbol) [0x0x7ff6963886af]\nE       \t(No symbol) [0x0x7ff6963b0dbe]\nE       \t(No symbol) [0x0x7ff696388443]\nE       \t(No symbol) [0x0x7ff696351311]\nE       \t(No symbol) [0x0x7ff6963520a3]\nE       \tGetHandleVerifier [0x0x7ff69682e26d+2926461]\nE       \tGetHandleVerifier [0x0x7ff696828993+2903715]\nE       \tGetHandleVerifier [0x0x7ff696846aed+3026941]\nE       \tGetHandleVerifier [0x0x7ff6965916fe+187406]\nE       \tGetHandleVerifier [0x0x7ff6965996ef+220159]\nE       \tGetHandleVerifier [0x0x7ff69657faf4+114692]\nE       \tGetHandleVerifier [0x0x7ff69657fca9+115129]\nE       \tGetHandleVerifier [0x0x7ff6965664d8+10728]\nE       \tBaseThreadInitThunk [0x0x7ffd35147374+20]\nE       \tRtlUserThreadStart [0x0x7ffd35bdcc91+33]\n\nmyenv\\lib\\site-packages\\selenium\\webdriver\\support\\wait.py:138: TimeoutException\n\nDuring handling of the above exception, another exception occurred:\n\nself = <test_items.test_item.TestItemPage object at 0x000002470045E050>, login_to_item = <selenium.webdriver.chrome.webdriver.WebDriver (session=\"30c60a77c2c3f06d04d448a679ad54d9\")>\n\n    @allure.story(\"修改物料名称，自动补充标识，关联条件成功\")\n    # @pytest.mark.run(order=1)\n    def test_item_editnamesuccess(self, login_to_item):\n        driver = login_to_item  # WebDriver 实例\n        item = ItemPage(driver)  # 用 driver 初始化 ItemPage\n    \n        # 选中物料代码\n>       item.click_button('//tr[./td[2][.//span[text()=\"1测试A\"]]]/td[2]')\n\nTests\\test_items\\test_item.py:368: \n_ _ _ _ _ _ _ _ _ _ _ _ _ _ _ _ _ _ _ _ _ _ _ _ _ _ _ _ _ _ _ _ _ _ _ _ _ _ _ _ _ _ _ _ _ _ _ _ _ _ _ _ _ _ _ _ _ _ _ _ _ _ _ _ _ _ _ _ _ _ _ _ _ _ _ _ _ _ _ _ _ _ _ _ _ _ _ _ _ _ _ _\nPages\\itemsPage\\item_page.py:41: in click_button\n    self.click(By.XPATH, xpath)\n_ _ _ _ _ _ _ _ _ _ _ _ _ _ _ _ _ _ _ _ _ _ _ _ _ _ _ _ _ _ _ _ _ _ _ _ _ _ _ _ _ _ _ _ _ _ _ _ _ _ _ _ _ _ _ _ _ _ _ _ _ _ _ _ _ _ _ _ _ _ _ _ _ _ _ _ _ _ _ _ _ _ _ _ _ _ _ _ _ _ _ _\n\nself = <Pages.itemsPage.item_page.ItemPage object at 0x00000247007E8310>, by_or_element = 'xpath', value = '//tr[./td[2][.//span[text()=\"1测试A\"]]]/td[2]', wait_time = 10\n\n    def click(self, by_or_element, value=None, wait_time=10):\n        if value is not None:\n            by = by_or_element\n            logging.info(f\"点击元素：By = {by}, Value = {value}\")\n            try:\n                element = WebDriverWait(self.driver, wait_time).until(\n                    EC.element_to_be_clickable((by, value))\n                )\n            except TimeoutException:\n                logging.warning(f\"❌ 点击超时：元素 {by} = {value} 未在 {wait_time} 秒内变为可点击\")\n>               raise TimeoutException(f\"点击失败，找不到元素：{by} = {value}\")\nE               selenium.common.exceptions.TimeoutException: Message: 点击失败，找不到元素：xpath = //tr[./td[2][.//span[text()=\"1测试A\"]]]/td[2]\n\nPages\\base_page.py:50: TimeoutException","flaky":false,"newFailed":false,"newBroken":false,"newPassed":false,"retriesCount":0,"retriesStatusChange":false,"beforeStages":[{"name":"login_to_item","time":{"start":1755778711393,"stop":1755778719722,"duration":8329},"status":"passed","steps":[],"attachments":[],"parameters":[],"hasContent":false,"stepsCount":0,"attachmentStep":false,"shouldDisplayMessage":false,"attachmentsCount":0}],"testStage":{"status":"broken","statusMessage":"selenium.common.exceptions.TimeoutException: Message: 点击失败，找不到元素：xpath = //tr[./td[2][.//span[text()=\"1测试A\"]]]/td[2]","statusTrace":"self = <Pages.itemsPage.item_page.ItemPage object at 0x00000247007E8310>, by_or_element = 'xpath', value = '//tr[./td[2][.//span[text()=\"1测试A\"]]]/td[2]', wait_time = 10\n\n    def click(self, by_or_element, value=None, wait_time=10):\n        if value is not None:\n            by = by_or_element\n            logging.info(f\"点击元素：By = {by}, Value = {value}\")\n            try:\n>               element = WebDriverWait(self.driver, wait_time).until(\n                    EC.element_to_be_clickable((by, value))\n                )\n\nPages\\base_page.py:45: \n_ _ _ _ _ _ _ _ _ _ _ _ _ _ _ _ _ _ _ _ _ _ _ _ _ _ _ _ _ _ _ _ _ _ _ _ _ _ _ _ _ _ _ _ _ _ _ _ _ _ _ _ _ _ _ _ _ _ _ _ _ _ _ _ _ _ _ _ _ _ _ _ _ _ _ _ _ _ _ _ _ _ _ _ _ _ _ _ _ _ _ _\n\nself = <selenium.webdriver.support.wait.WebDriverWait (session=\"30c60a77c2c3f06d04d448a679ad54d9\")>\nmethod = <function element_to_be_clickable.<locals>._predicate at 0x00000247007D2710>, message = ''\n\n    def until(self, method: Callable[[D], Union[Literal[False], T]], message: str = \"\") -> T:\n        \"\"\"Wait until the method returns a value that is not False.\n    \n        Calls the method provided with the driver as an argument until the\n        return value does not evaluate to ``False``.\n    \n        Parameters:\n        -----------\n        method: callable(WebDriver)\n            - A callable object that takes a WebDriver instance as an argument.\n    \n        message: str\n            - Optional message for :exc:`TimeoutException`\n    \n        Return:\n        -------\n        object: T\n            - The result of the last call to `method`\n    \n        Raises:\n        -------\n        TimeoutException\n            - If 'method' does not return a truthy value within the WebDriverWait\n            object's timeout\n    \n        Example:\n        --------\n        >>> from selenium.webdriver.common.by import By\n        >>> from selenium.webdriver.support.ui import WebDriverWait\n        >>> from selenium.webdriver.support import expected_conditions as EC\n    \n        # Wait until an element is visible on the page\n        >>> wait = WebDriverWait(driver, 10)\n        >>> element = wait.until(EC.visibility_of_element_located((By.ID, \"exampleId\")))\n        >>> print(element.text)\n        \"\"\"\n        screen = None\n        stacktrace = None\n    \n        end_time = time.monotonic() + self._timeout\n        while True:\n            try:\n                value = method(self._driver)\n                if value:\n                    return value\n            except self._ignored_exceptions as exc:\n                screen = getattr(exc, \"screen\", None)\n                stacktrace = getattr(exc, \"stacktrace\", None)\n            if time.monotonic() > end_time:\n                break\n            time.sleep(self._poll)\n>       raise TimeoutException(message, screen, stacktrace)\nE       selenium.common.exceptions.TimeoutException: Message: \nE       Stacktrace:\nE       \tGetHandleVerifier [0x0x7ff696576f65+78965]\nE       \tGetHandleVerifier [0x0x7ff696576fc0+79056]\nE       \t(No symbol) [0x0x7ff696309dda]\nE       \t(No symbol) [0x0x7ff6963602ea]\nE       \t(No symbol) [0x0x7ff69636059c]\nE       \t(No symbol) [0x0x7ff6963b3f37]\nE       \t(No symbol) [0x0x7ff6963886af]\nE       \t(No symbol) [0x0x7ff6963b0dbe]\nE       \t(No symbol) [0x0x7ff696388443]\nE       \t(No symbol) [0x0x7ff696351311]\nE       \t(No symbol) [0x0x7ff6963520a3]\nE       \tGetHandleVerifier [0x0x7ff69682e26d+2926461]\nE       \tGetHandleVerifier [0x0x7ff696828993+2903715]\nE       \tGetHandleVerifier [0x0x7ff696846aed+3026941]\nE       \tGetHandleVerifier [0x0x7ff6965916fe+187406]\nE       \tGetHandleVerifier [0x0x7ff6965996ef+220159]\nE       \tGetHandleVerifier [0x0x7ff69657faf4+114692]\nE       \tGetHandleVerifier [0x0x7ff69657fca9+115129]\nE       \tGetHandleVerifier [0x0x7ff6965664d8+10728]\nE       \tBaseThreadInitThunk [0x0x7ffd35147374+20]\nE       \tRtlUserThreadStart [0x0x7ffd35bdcc91+33]\n\nmyenv\\lib\\site-packages\\selenium\\webdriver\\support\\wait.py:138: TimeoutException\n\nDuring handling of the above exception, another exception occurred:\n\nself = <test_items.test_item.TestItemPage object at 0x000002470045E050>, login_to_item = <selenium.webdriver.chrome.webdriver.WebDriver (session=\"30c60a77c2c3f06d04d448a679ad54d9\")>\n\n    @allure.story(\"修改物料名称，自动补充标识，关联条件成功\")\n    # @pytest.mark.run(order=1)\n    def test_item_editnamesuccess(self, login_to_item):\n        driver = login_to_item  # WebDriver 实例\n        item = ItemPage(driver)  # 用 driver 初始化 ItemPage\n    \n        # 选中物料代码\n>       item.click_button('//tr[./td[2][.//span[text()=\"1测试A\"]]]/td[2]')\n\nTests\\test_items\\test_item.py:368: \n_ _ _ _ _ _ _ _ _ _ _ _ _ _ _ _ _ _ _ _ _ _ _ _ _ _ _ _ _ _ _ _ _ _ _ _ _ _ _ _ _ _ _ _ _ _ _ _ _ _ _ _ _ _ _ _ _ _ _ _ _ _ _ _ _ _ _ _ _ _ _ _ _ _ _ _ _ _ _ _ _ _ _ _ _ _ _ _ _ _ _ _\nPages\\itemsPage\\item_page.py:41: in click_button\n    self.click(By.XPATH, xpath)\n_ _ _ _ _ _ _ _ _ _ _ _ _ _ _ _ _ _ _ _ _ _ _ _ _ _ _ _ _ _ _ _ _ _ _ _ _ _ _ _ _ _ _ _ _ _ _ _ _ _ _ _ _ _ _ _ _ _ _ _ _ _ _ _ _ _ _ _ _ _ _ _ _ _ _ _ _ _ _ _ _ _ _ _ _ _ _ _ _ _ _ _\n\nself = <Pages.itemsPage.item_page.ItemPage object at 0x00000247007E8310>, by_or_element = 'xpath', value = '//tr[./td[2][.//span[text()=\"1测试A\"]]]/td[2]', wait_time = 10\n\n    def click(self, by_or_element, value=None, wait_time=10):\n        if value is not None:\n            by = by_or_element\n            logging.info(f\"点击元素：By = {by}, Value = {value}\")\n            try:\n                element = WebDriverWait(self.driver, wait_time).until(\n                    EC.element_to_be_clickable((by, value))\n                )\n            except TimeoutException:\n                logging.warning(f\"❌ 点击超时：元素 {by} = {value} 未在 {wait_time} 秒内变为可点击\")\n>               raise TimeoutException(f\"点击失败，找不到元素：{by} = {value}\")\nE               selenium.common.exceptions.TimeoutException: Message: 点击失败，找不到元素：xpath = //tr[./td[2][.//span[text()=\"1测试A\"]]]/td[2]\n\nPages\\base_page.py:50: TimeoutException","steps":[],"attachments":[{"uid":"a2a1ca708e6dd43f","name":"test_item_editnamesuccess_failure","source":"a2a1ca708e6dd43f.png","type":"image/png","size":128375},{"uid":"79958d535e4ed076","name":"test_item_editnamesuccess_source","source":"79958d535e4ed076.html","type":"text/html","size":1279410},{"uid":"6bc8b0f07129b6e0","name":"log","source":"6bc8b0f07129b6e0.txt","type":"text/plain","size":1049}],"parameters":[],"hasContent":true,"stepsCount":0,"attachmentStep":false,"shouldDisplayMessage":true,"attachmentsCount":3},"afterStages":[{"name":"login_to_item::0","time":{"start":1755778730268,"stop":1755778732431,"duration":2163},"status":"passed","steps":[],"attachments":[],"parameters":[],"hasContent":false,"stepsCount":0,"attachmentStep":false,"shouldDisplayMessage":false,"attachmentsCount":0}],"labels":[{"name":"feature","value":"物料表测试用例"},{"name":"story","value":"修改物料名称，自动补充标识，关联条件成功"},{"name":"parentSuite","value":"Tests.test_items"},{"name":"suite","value":"test_item"},{"name":"subSuite","value":"TestItemPage"},{"name":"host","value":"WIN-20240820MJV"},{"name":"thread","value":"21852-MainThread"},{"name":"framework","value":"pytest"},{"name":"language","value":"cpython3"},{"name":"package","value":"Tests.test_items.test_item"},{"name":"resultFormat","value":"allure2"}],"parameters":[],"links":[],"hidden":true,"retry":true,"extra":{"categories":[],"tags":[]},"source":"bf02951cf963b6a0.json","parameterValues":[]}