{"uid":"cbe4906dc0bd7780","name":"test_item_addsuccess1","fullName":"Tests.test_material.test_materialVendors.TestItemPage#test_item_addsuccess1","historyId":"771802fc2d78f16e0fb5606ccb7ad524","time":{"start":1755184954090,"stop":1755184971140,"duration":17050},"status":"broken","statusMessage":"selenium.common.exceptions.TimeoutException: Message: \nStacktrace:\n\tGetHandleVerifier [0x0x7ff7f9df6f65+78965]\n\tGetHandleVerifier [0x0x7ff7f9df6fc0+79056]\n\t(No symbol) [0x0x7ff7f9b89dda]\n\t(No symbol) [0x0x7ff7f9be02ea]\n\t(No symbol) [0x0x7ff7f9be059c]\n\t(No symbol) [0x0x7ff7f9c33f37]\n\t(No symbol) [0x0x7ff7f9c086af]\n\t(No symbol) [0x0x7ff7f9c30dbe]\n\t(No symbol) [0x0x7ff7f9c08443]\n\t(No symbol) [0x0x7ff7f9bd1311]\n\t(No symbol) [0x0x7ff7f9bd20a3]\n\tGetHandleVerifier [0x0x7ff7fa0ae26d+2926461]\n\tGetHandleVerifier [0x0x7ff7fa0a8993+2903715]\n\tGetHandleVerifier [0x0x7ff7fa0c6aed+3026941]\n\tGetHandleVerifier [0x0x7ff7f9e116fe+187406]\n\tGetHandleVerifier [0x0x7ff7f9e196ef+220159]\n\tGetHandleVerifier [0x0x7ff7f9dffaf4+114692]\n\tGetHandleVerifier [0x0x7ff7f9dffca9+115129]\n\tGetHandleVerifier [0x0x7ff7f9de64d8+10728]\n\tBaseThreadInitThunk [0x0x7ffcd4147374+20]\n\tRtlUserThreadStart [0x0x7ffcd4dfcc91+33]","statusTrace":"self = <test_material.test_materialVendors.TestItemPage object at 0x000001997174BD90>\nlogin_to_item = <selenium.webdriver.chrome.webdriver.WebDriver (session=\"9f789e8fedc5ed2e4cf4092d8e744f05\")>\n\n    @allure.story(\"添加测试数据\")\n    # @pytest.mark.run(order=1)\n    def test_item_addsuccess1(self, login_to_item):\n    \n        self.item.click_add_button()  # 检查点击添加\n        # 输入供应商代码\n        self.item.enter_texts(\"//div[@id='tx0gv6lt-z2dv']//input\", \"1测试A\")\n        self.item.enter_texts(\"//div[@id='e4589osf-fgn3']//input\", \"1测试A\")\n        self.item.enter_texts(\"//div[@id='tnkc4719-huz5']//input\", \"1测试A\")\n        # 点击确定\n        self.item.click_button('(//button[@type=\"button\"]/span[text()=\"确定\"])[4]')\n        sleep(1)\n>       adddata = self.item.get_find_element_xpath(\n            '//tr[./td[2][.//span[text()=\"1测试A\"]]]/td[2]'\n        ).text\n\nTests\\test_material\\test_materialVendors.py:173: \n_ _ _ _ _ _ _ _ _ _ _ _ _ _ _ _ _ _ _ _ _ _ _ _ _ _ _ _ _ _ _ _ _ _ _ _ _ _ _ _ _ _ _ _ _ _ _ _ _ _ _ _ _ _ _ _ _ _ _ _ _ _ _ _ _ _ _ _ _ _ _ _ _ _ _ _ _ _ _ _ _ _ _ _ _ _ _ _ _ _ _ _\nPages\\materialPage\\warehouseLocation_page.py:202: in get_find_element_xpath\n    return self.find_element(By.XPATH, xpath)\nPages\\base_page.py:28: in find_element\n    return WebDriverWait(self.driver, wait_time).until(\n_ _ _ _ _ _ _ _ _ _ _ _ _ _ _ _ _ _ _ _ _ _ _ _ _ _ _ _ _ _ _ _ _ _ _ _ _ _ _ _ _ _ _ _ _ _ _ _ _ _ _ _ _ _ _ _ _ _ _ _ _ _ _ _ _ _ _ _ _ _ _ _ _ _ _ _ _ _ _ _ _ _ _ _ _ _ _ _ _ _ _ _\n\nself = <selenium.webdriver.support.wait.WebDriverWait (session=\"9f789e8fedc5ed2e4cf4092d8e744f05\")>\nmethod = <function presence_of_element_located.<locals>._predicate at 0x0000019971E92830>, message = ''\n\n    def until(self, method: Callable[[D], Union[Literal[False], T]], message: str = \"\") -> T:\n        \"\"\"Wait until the method returns a value that is not False.\n    \n        Calls the method provided with the driver as an argument until the\n        return value does not evaluate to ``False``.\n    \n        Parameters:\n        -----------\n        method: callable(WebDriver)\n            - A callable object that takes a WebDriver instance as an argument.\n    \n        message: str\n            - Optional message for :exc:`TimeoutException`\n    \n        Return:\n        -------\n        object: T\n            - The result of the last call to `method`\n    \n        Raises:\n        -------\n        TimeoutException\n            - If 'method' does not return a truthy value within the WebDriverWait\n            object's timeout\n    \n        Example:\n        --------\n        >>> from selenium.webdriver.common.by import By\n        >>> from selenium.webdriver.support.ui import WebDriverWait\n        >>> from selenium.webdriver.support import expected_conditions as EC\n    \n        # Wait until an element is visible on the page\n        >>> wait = WebDriverWait(driver, 10)\n        >>> element = wait.until(EC.visibility_of_element_located((By.ID, \"exampleId\")))\n        >>> print(element.text)\n        \"\"\"\n        screen = None\n        stacktrace = None\n    \n        end_time = time.monotonic() + self._timeout\n        while True:\n            try:\n                value = method(self._driver)\n                if value:\n                    return value\n            except self._ignored_exceptions as exc:\n                screen = getattr(exc, \"screen\", None)\n                stacktrace = getattr(exc, \"stacktrace\", None)\n            if time.monotonic() > end_time:\n                break\n            time.sleep(self._poll)\n>       raise TimeoutException(message, screen, stacktrace)\nE       selenium.common.exceptions.TimeoutException: Message: \nE       Stacktrace:\nE       \tGetHandleVerifier [0x0x7ff7f9df6f65+78965]\nE       \tGetHandleVerifier [0x0x7ff7f9df6fc0+79056]\nE       \t(No symbol) [0x0x7ff7f9b89dda]\nE       \t(No symbol) [0x0x7ff7f9be02ea]\nE       \t(No symbol) [0x0x7ff7f9be059c]\nE       \t(No symbol) [0x0x7ff7f9c33f37]\nE       \t(No symbol) [0x0x7ff7f9c086af]\nE       \t(No symbol) [0x0x7ff7f9c30dbe]\nE       \t(No symbol) [0x0x7ff7f9c08443]\nE       \t(No symbol) [0x0x7ff7f9bd1311]\nE       \t(No symbol) [0x0x7ff7f9bd20a3]\nE       \tGetHandleVerifier [0x0x7ff7fa0ae26d+2926461]\nE       \tGetHandleVerifier [0x0x7ff7fa0a8993+2903715]\nE       \tGetHandleVerifier [0x0x7ff7fa0c6aed+3026941]\nE       \tGetHandleVerifier [0x0x7ff7f9e116fe+187406]\nE       \tGetHandleVerifier [0x0x7ff7f9e196ef+220159]\nE       \tGetHandleVerifier [0x0x7ff7f9dffaf4+114692]\nE       \tGetHandleVerifier [0x0x7ff7f9dffca9+115129]\nE       \tGetHandleVerifier [0x0x7ff7f9de64d8+10728]\nE       \tBaseThreadInitThunk [0x0x7ffcd4147374+20]\nE       \tRtlUserThreadStart [0x0x7ffcd4dfcc91+33]\n\nmyenv\\lib\\site-packages\\selenium\\webdriver\\support\\wait.py:138: TimeoutException","flaky":false,"newFailed":false,"newBroken":false,"newPassed":false,"retriesCount":0,"retriesStatusChange":false,"beforeStages":[{"name":"login_to_item","time":{"start":1755184944501,"stop":1755184954085,"duration":9584},"status":"passed","steps":[],"attachments":[],"parameters":[],"attachmentStep":false,"hasContent":false,"stepsCount":0,"shouldDisplayMessage":false,"attachmentsCount":0},{"name":"setup","time":{"start":1755184954085,"stop":1755184954090,"duration":5},"status":"passed","steps":[],"attachments":[],"parameters":[],"attachmentStep":false,"hasContent":false,"stepsCount":0,"shouldDisplayMessage":false,"attachmentsCount":0}],"testStage":{"status":"broken","statusMessage":"selenium.common.exceptions.TimeoutException: Message: \nStacktrace:\n\tGetHandleVerifier [0x0x7ff7f9df6f65+78965]\n\tGetHandleVerifier [0x0x7ff7f9df6fc0+79056]\n\t(No symbol) [0x0x7ff7f9b89dda]\n\t(No symbol) [0x0x7ff7f9be02ea]\n\t(No symbol) [0x0x7ff7f9be059c]\n\t(No symbol) [0x0x7ff7f9c33f37]\n\t(No symbol) [0x0x7ff7f9c086af]\n\t(No symbol) [0x0x7ff7f9c30dbe]\n\t(No symbol) [0x0x7ff7f9c08443]\n\t(No symbol) [0x0x7ff7f9bd1311]\n\t(No symbol) [0x0x7ff7f9bd20a3]\n\tGetHandleVerifier [0x0x7ff7fa0ae26d+2926461]\n\tGetHandleVerifier [0x0x7ff7fa0a8993+2903715]\n\tGetHandleVerifier [0x0x7ff7fa0c6aed+3026941]\n\tGetHandleVerifier [0x0x7ff7f9e116fe+187406]\n\tGetHandleVerifier [0x0x7ff7f9e196ef+220159]\n\tGetHandleVerifier [0x0x7ff7f9dffaf4+114692]\n\tGetHandleVerifier [0x0x7ff7f9dffca9+115129]\n\tGetHandleVerifier [0x0x7ff7f9de64d8+10728]\n\tBaseThreadInitThunk [0x0x7ffcd4147374+20]\n\tRtlUserThreadStart [0x0x7ffcd4dfcc91+33]","statusTrace":"self = <test_material.test_materialVendors.TestItemPage object at 0x000001997174BD90>\nlogin_to_item = <selenium.webdriver.chrome.webdriver.WebDriver (session=\"9f789e8fedc5ed2e4cf4092d8e744f05\")>\n\n    @allure.story(\"添加测试数据\")\n    # @pytest.mark.run(order=1)\n    def test_item_addsuccess1(self, login_to_item):\n    \n        self.item.click_add_button()  # 检查点击添加\n        # 输入供应商代码\n        self.item.enter_texts(\"//div[@id='tx0gv6lt-z2dv']//input\", \"1测试A\")\n        self.item.enter_texts(\"//div[@id='e4589osf-fgn3']//input\", \"1测试A\")\n        self.item.enter_texts(\"//div[@id='tnkc4719-huz5']//input\", \"1测试A\")\n        # 点击确定\n        self.item.click_button('(//button[@type=\"button\"]/span[text()=\"确定\"])[4]')\n        sleep(1)\n>       adddata = self.item.get_find_element_xpath(\n            '//tr[./td[2][.//span[text()=\"1测试A\"]]]/td[2]'\n        ).text\n\nTests\\test_material\\test_materialVendors.py:173: \n_ _ _ _ _ _ _ _ _ _ _ _ _ _ _ _ _ _ _ _ _ _ _ _ _ _ _ _ _ _ _ _ _ _ _ _ _ _ _ _ _ _ _ _ _ _ _ _ _ _ _ _ _ _ _ _ _ _ _ _ _ _ _ _ _ _ _ _ _ _ _ _ _ _ _ _ _ _ _ _ _ _ _ _ _ _ _ _ _ _ _ _\nPages\\materialPage\\warehouseLocation_page.py:202: in get_find_element_xpath\n    return self.find_element(By.XPATH, xpath)\nPages\\base_page.py:28: in find_element\n    return WebDriverWait(self.driver, wait_time).until(\n_ _ _ _ _ _ _ _ _ _ _ _ _ _ _ _ _ _ _ _ _ _ _ _ _ _ _ _ _ _ _ _ _ _ _ _ _ _ _ _ _ _ _ _ _ _ _ _ _ _ _ _ _ _ _ _ _ _ _ _ _ _ _ _ _ _ _ _ _ _ _ _ _ _ _ _ _ _ _ _ _ _ _ _ _ _ _ _ _ _ _ _\n\nself = <selenium.webdriver.support.wait.WebDriverWait (session=\"9f789e8fedc5ed2e4cf4092d8e744f05\")>\nmethod = <function presence_of_element_located.<locals>._predicate at 0x0000019971E92830>, message = ''\n\n    def until(self, method: Callable[[D], Union[Literal[False], T]], message: str = \"\") -> T:\n        \"\"\"Wait until the method returns a value that is not False.\n    \n        Calls the method provided with the driver as an argument until the\n        return value does not evaluate to ``False``.\n    \n        Parameters:\n        -----------\n        method: callable(WebDriver)\n            - A callable object that takes a WebDriver instance as an argument.\n    \n        message: str\n            - Optional message for :exc:`TimeoutException`\n    \n        Return:\n        -------\n        object: T\n            - The result of the last call to `method`\n    \n        Raises:\n        -------\n        TimeoutException\n            - If 'method' does not return a truthy value within the WebDriverWait\n            object's timeout\n    \n        Example:\n        --------\n        >>> from selenium.webdriver.common.by import By\n        >>> from selenium.webdriver.support.ui import WebDriverWait\n        >>> from selenium.webdriver.support import expected_conditions as EC\n    \n        # Wait until an element is visible on the page\n        >>> wait = WebDriverWait(driver, 10)\n        >>> element = wait.until(EC.visibility_of_element_located((By.ID, \"exampleId\")))\n        >>> print(element.text)\n        \"\"\"\n        screen = None\n        stacktrace = None\n    \n        end_time = time.monotonic() + self._timeout\n        while True:\n            try:\n                value = method(self._driver)\n                if value:\n                    return value\n            except self._ignored_exceptions as exc:\n                screen = getattr(exc, \"screen\", None)\n                stacktrace = getattr(exc, \"stacktrace\", None)\n            if time.monotonic() > end_time:\n                break\n            time.sleep(self._poll)\n>       raise TimeoutException(message, screen, stacktrace)\nE       selenium.common.exceptions.TimeoutException: Message: \nE       Stacktrace:\nE       \tGetHandleVerifier [0x0x7ff7f9df6f65+78965]\nE       \tGetHandleVerifier [0x0x7ff7f9df6fc0+79056]\nE       \t(No symbol) [0x0x7ff7f9b89dda]\nE       \t(No symbol) [0x0x7ff7f9be02ea]\nE       \t(No symbol) [0x0x7ff7f9be059c]\nE       \t(No symbol) [0x0x7ff7f9c33f37]\nE       \t(No symbol) [0x0x7ff7f9c086af]\nE       \t(No symbol) [0x0x7ff7f9c30dbe]\nE       \t(No symbol) [0x0x7ff7f9c08443]\nE       \t(No symbol) [0x0x7ff7f9bd1311]\nE       \t(No symbol) [0x0x7ff7f9bd20a3]\nE       \tGetHandleVerifier [0x0x7ff7fa0ae26d+2926461]\nE       \tGetHandleVerifier [0x0x7ff7fa0a8993+2903715]\nE       \tGetHandleVerifier [0x0x7ff7fa0c6aed+3026941]\nE       \tGetHandleVerifier [0x0x7ff7f9e116fe+187406]\nE       \tGetHandleVerifier [0x0x7ff7f9e196ef+220159]\nE       \tGetHandleVerifier [0x0x7ff7f9dffaf4+114692]\nE       \tGetHandleVerifier [0x0x7ff7f9dffca9+115129]\nE       \tGetHandleVerifier [0x0x7ff7f9de64d8+10728]\nE       \tBaseThreadInitThunk [0x0x7ffcd4147374+20]\nE       \tRtlUserThreadStart [0x0x7ffcd4dfcc91+33]\n\nmyenv\\lib\\site-packages\\selenium\\webdriver\\support\\wait.py:138: TimeoutException","steps":[],"attachments":[{"uid":"c311ce708ee4f8c6","name":"test_item_addsuccess1_failure","source":"c311ce708ee4f8c6.png","type":"image/png","size":100597},{"uid":"d75b67f1ebf84e72","name":"test_item_addsuccess1_source","source":"d75b67f1ebf84e72.html","type":"text/html","size":1255040},{"uid":"9b9e0e3778c8a8fc","name":"log","source":"9b9e0e3778c8a8fc.txt","type":"text/plain","size":1436}],"parameters":[],"attachmentStep":false,"hasContent":true,"stepsCount":0,"shouldDisplayMessage":true,"attachmentsCount":3},"afterStages":[{"name":"login_to_item::0","time":{"start":1755184971310,"stop":1755184973466,"duration":2156},"status":"passed","steps":[],"attachments":[],"parameters":[],"attachmentStep":false,"hasContent":false,"stepsCount":0,"shouldDisplayMessage":false,"attachmentsCount":0}],"labels":[{"name":"story","value":"添加测试数据"},{"name":"feature","value":"供应商信息测试用例"},{"name":"parentSuite","value":"Tests.test_material"},{"name":"suite","value":"test_materialVendors"},{"name":"subSuite","value":"TestItemPage"},{"name":"host","value":"WIN-20240820MJV"},{"name":"thread","value":"16980-MainThread"},{"name":"framework","value":"pytest"},{"name":"language","value":"cpython3"},{"name":"package","value":"Tests.test_material.test_materialVendors"},{"name":"resultFormat","value":"allure2"}],"parameters":[],"links":[],"hidden":true,"retry":true,"extra":{"categories":[],"tags":[]},"source":"cbe4906dc0bd7780.json","parameterValues":[]}