{"uid":"d50bcddedd77112a","name":"test_item_delsuccess3","fullName":"Tests.test_material.test_materialVendors.TestItemPage#test_item_delsuccess3","historyId":"8056c6c772903805b310d47c91a59015","time":{"start":1753802298088,"stop":1753802308248,"duration":10160},"status":"broken","statusMessage":"selenium.common.exceptions.TimeoutException: Message: 点击失败，找不到元素：xpath = //tr[./td[2][.//span[text()=\"111\"]]]/td[2]","statusTrace":"self = <Pages.materialPage.warehouseLocation_page.WarehouseLocationPage object at 0x000001DD8270BDC0>, by_or_element = 'xpath', value = '//tr[./td[2][.//span[text()=\"111\"]]]/td[2]'\nwait_time = 10\n\n    def click(self, by_or_element, value=None, wait_time=10):\n        if value is not None:\n            by = by_or_element\n            logging.info(f\"点击元素：By = {by}, Value = {value}\")\n            try:\n>               element = WebDriverWait(self.driver, wait_time).until(\n                    EC.element_to_be_clickable((by, value))\n                )\n\nPages\\base_page.py:45: \n_ _ _ _ _ _ _ _ _ _ _ _ _ _ _ _ _ _ _ _ _ _ _ _ _ _ _ _ _ _ _ _ _ _ _ _ _ _ _ _ _ _ _ _ _ _ _ _ _ _ _ _ _ _ _ _ _ _ _ _ _ _ _ _ _ _ _ _ _ _ _ _ _ _ _ _ _ _ _ _ _ _ _ _ _ _ _ _ _ _ _ _\n\nself = <selenium.webdriver.support.wait.WebDriverWait (session=\"96d9bde2639789441b90ecf2a555435f\")>\nmethod = <function element_to_be_clickable.<locals>._predicate at 0x000001DD83D832E0>, message = ''\n\n    def until(self, method: Callable[[D], Union[Literal[False], T]], message: str = \"\") -> T:\n        \"\"\"Wait until the method returns a value that is not False.\n    \n        Calls the method provided with the driver as an argument until the\n        return value does not evaluate to ``False``.\n    \n        Parameters:\n        -----------\n        method: callable(WebDriver)\n            - A callable object that takes a WebDriver instance as an argument.\n    \n        message: str\n            - Optional message for :exc:`TimeoutException`\n    \n        Return:\n        -------\n        object: T\n            - The result of the last call to `method`\n    \n        Raises:\n        -------\n        TimeoutException\n            - If 'method' does not return a truthy value within the WebDriverWait\n            object's timeout\n    \n        Example:\n        --------\n        >>> from selenium.webdriver.common.by import By\n        >>> from selenium.webdriver.support.ui import WebDriverWait\n        >>> from selenium.webdriver.support import expected_conditions as EC\n    \n        # Wait until an element is visible on the page\n        >>> wait = WebDriverWait(driver, 10)\n        >>> element = wait.until(EC.visibility_of_element_located((By.ID, \"exampleId\")))\n        >>> print(element.text)\n        \"\"\"\n        screen = None\n        stacktrace = None\n    \n        end_time = time.monotonic() + self._timeout\n        while True:\n            try:\n                value = method(self._driver)\n                if value:\n                    return value\n            except self._ignored_exceptions as exc:\n                screen = getattr(exc, \"screen\", None)\n                stacktrace = getattr(exc, \"stacktrace\", None)\n            if time.monotonic() > end_time:\n                break\n            time.sleep(self._poll)\n>       raise TimeoutException(message, screen, stacktrace)\nE       selenium.common.exceptions.TimeoutException: Message: \nE       Stacktrace:\nE       \tGetHandleVerifier [0x0x7ff787026f65+78965]\nE       \tGetHandleVerifier [0x0x7ff787026fc0+79056]\nE       \t(No symbol) [0x0x7ff786db9dda]\nE       \t(No symbol) [0x0x7ff786e102ea]\nE       \t(No symbol) [0x0x7ff786e1059c]\nE       \t(No symbol) [0x0x7ff786e63f37]\nE       \t(No symbol) [0x0x7ff786e386af]\nE       \t(No symbol) [0x0x7ff786e60dbe]\nE       \t(No symbol) [0x0x7ff786e38443]\nE       \t(No symbol) [0x0x7ff786e01311]\nE       \t(No symbol) [0x0x7ff786e020a3]\nE       \tGetHandleVerifier [0x0x7ff7872de26d+2926461]\nE       \tGetHandleVerifier [0x0x7ff7872d8993+2903715]\nE       \tGetHandleVerifier [0x0x7ff7872f6aed+3026941]\nE       \tGetHandleVerifier [0x0x7ff7870416fe+187406]\nE       \tGetHandleVerifier [0x0x7ff7870496ef+220159]\nE       \tGetHandleVerifier [0x0x7ff78702faf4+114692]\nE       \tGetHandleVerifier [0x0x7ff78702fca9+115129]\nE       \tGetHandleVerifier [0x0x7ff7870164d8+10728]\nE       \tBaseThreadInitThunk [0x0x7ffe499c7374+20]\nE       \tRtlUserThreadStart [0x0x7ffe4a2fcc91+33]\n\nmyenv\\lib\\site-packages\\selenium\\webdriver\\support\\wait.py:138: TimeoutException\n\nDuring handling of the above exception, another exception occurred:\n\nself = <test_material.test_materialVendors.TestItemPage object at 0x000001DD81FB47F0>\nlogin_to_item = <selenium.webdriver.chrome.webdriver.WebDriver (session=\"96d9bde2639789441b90ecf2a555435f\")>\n\n    @allure.story(\"删除数据成功\")\n    # @pytest.mark.run(order=1)\n    def test_item_delsuccess3(self, login_to_item):\n        # 定位内容为‘111’的行\n>       self.item.click_button('//tr[./td[2][.//span[text()=\"111\"]]]/td[2]')\n\nTests\\test_material\\test_materialVendors.py:562: \n_ _ _ _ _ _ _ _ _ _ _ _ _ _ _ _ _ _ _ _ _ _ _ _ _ _ _ _ _ _ _ _ _ _ _ _ _ _ _ _ _ _ _ _ _ _ _ _ _ _ _ _ _ _ _ _ _ _ _ _ _ _ _ _ _ _ _ _ _ _ _ _ _ _ _ _ _ _ _ _ _ _ _ _ _ _ _ _ _ _ _ _\nPages\\materialPage\\warehouseLocation_page.py:60: in click_button\n    self.click(By.XPATH, xpath)\n_ _ _ _ _ _ _ _ _ _ _ _ _ _ _ _ _ _ _ _ _ _ _ _ _ _ _ _ _ _ _ _ _ _ _ _ _ _ _ _ _ _ _ _ _ _ _ _ _ _ _ _ _ _ _ _ _ _ _ _ _ _ _ _ _ _ _ _ _ _ _ _ _ _ _ _ _ _ _ _ _ _ _ _ _ _ _ _ _ _ _ _\n\nself = <Pages.materialPage.warehouseLocation_page.WarehouseLocationPage object at 0x000001DD8270BDC0>, by_or_element = 'xpath', value = '//tr[./td[2][.//span[text()=\"111\"]]]/td[2]'\nwait_time = 10\n\n    def click(self, by_or_element, value=None, wait_time=10):\n        if value is not None:\n            by = by_or_element\n            logging.info(f\"点击元素：By = {by}, Value = {value}\")\n            try:\n                element = WebDriverWait(self.driver, wait_time).until(\n                    EC.element_to_be_clickable((by, value))\n                )\n            except TimeoutException:\n                logging.warning(f\"❌ 点击超时：元素 {by} = {value} 未在 {wait_time} 秒内变为可点击\")\n>               raise TimeoutException(f\"点击失败，找不到元素：{by} = {value}\")\nE               selenium.common.exceptions.TimeoutException: Message: 点击失败，找不到元素：xpath = //tr[./td[2][.//span[text()=\"111\"]]]/td[2]\n\nPages\\base_page.py:50: TimeoutException","flaky":false,"newFailed":false,"newBroken":false,"newPassed":false,"retriesCount":1,"retriesStatusChange":false,"beforeStages":[{"name":"login_to_item","time":{"start":1753802288232,"stop":1753802297874,"duration":9642},"status":"passed","steps":[],"attachments":[],"parameters":[],"attachmentsCount":0,"shouldDisplayMessage":false,"stepsCount":0,"hasContent":false,"attachmentStep":false},{"name":"setup","time":{"start":1753802297874,"stop":1753802298087,"duration":213},"status":"passed","steps":[],"attachments":[],"parameters":[],"attachmentsCount":0,"shouldDisplayMessage":false,"stepsCount":0,"hasContent":false,"attachmentStep":false}],"testStage":{"status":"broken","statusMessage":"selenium.common.exceptions.TimeoutException: Message: 点击失败，找不到元素：xpath = //tr[./td[2][.//span[text()=\"111\"]]]/td[2]","statusTrace":"self = <Pages.materialPage.warehouseLocation_page.WarehouseLocationPage object at 0x000001DD8270BDC0>, by_or_element = 'xpath', value = '//tr[./td[2][.//span[text()=\"111\"]]]/td[2]'\nwait_time = 10\n\n    def click(self, by_or_element, value=None, wait_time=10):\n        if value is not None:\n            by = by_or_element\n            logging.info(f\"点击元素：By = {by}, Value = {value}\")\n            try:\n>               element = WebDriverWait(self.driver, wait_time).until(\n                    EC.element_to_be_clickable((by, value))\n                )\n\nPages\\base_page.py:45: \n_ _ _ _ _ _ _ _ _ _ _ _ _ _ _ _ _ _ _ _ _ _ _ _ _ _ _ _ _ _ _ _ _ _ _ _ _ _ _ _ _ _ _ _ _ _ _ _ _ _ _ _ _ _ _ _ _ _ _ _ _ _ _ _ _ _ _ _ _ _ _ _ _ _ _ _ _ _ _ _ _ _ _ _ _ _ _ _ _ _ _ _\n\nself = <selenium.webdriver.support.wait.WebDriverWait (session=\"96d9bde2639789441b90ecf2a555435f\")>\nmethod = <function element_to_be_clickable.<locals>._predicate at 0x000001DD83D832E0>, message = ''\n\n    def until(self, method: Callable[[D], Union[Literal[False], T]], message: str = \"\") -> T:\n        \"\"\"Wait until the method returns a value that is not False.\n    \n        Calls the method provided with the driver as an argument until the\n        return value does not evaluate to ``False``.\n    \n        Parameters:\n        -----------\n        method: callable(WebDriver)\n            - A callable object that takes a WebDriver instance as an argument.\n    \n        message: str\n            - Optional message for :exc:`TimeoutException`\n    \n        Return:\n        -------\n        object: T\n            - The result of the last call to `method`\n    \n        Raises:\n        -------\n        TimeoutException\n            - If 'method' does not return a truthy value within the WebDriverWait\n            object's timeout\n    \n        Example:\n        --------\n        >>> from selenium.webdriver.common.by import By\n        >>> from selenium.webdriver.support.ui import WebDriverWait\n        >>> from selenium.webdriver.support import expected_conditions as EC\n    \n        # Wait until an element is visible on the page\n        >>> wait = WebDriverWait(driver, 10)\n        >>> element = wait.until(EC.visibility_of_element_located((By.ID, \"exampleId\")))\n        >>> print(element.text)\n        \"\"\"\n        screen = None\n        stacktrace = None\n    \n        end_time = time.monotonic() + self._timeout\n        while True:\n            try:\n                value = method(self._driver)\n                if value:\n                    return value\n            except self._ignored_exceptions as exc:\n                screen = getattr(exc, \"screen\", None)\n                stacktrace = getattr(exc, \"stacktrace\", None)\n            if time.monotonic() > end_time:\n                break\n            time.sleep(self._poll)\n>       raise TimeoutException(message, screen, stacktrace)\nE       selenium.common.exceptions.TimeoutException: Message: \nE       Stacktrace:\nE       \tGetHandleVerifier [0x0x7ff787026f65+78965]\nE       \tGetHandleVerifier [0x0x7ff787026fc0+79056]\nE       \t(No symbol) [0x0x7ff786db9dda]\nE       \t(No symbol) [0x0x7ff786e102ea]\nE       \t(No symbol) [0x0x7ff786e1059c]\nE       \t(No symbol) [0x0x7ff786e63f37]\nE       \t(No symbol) [0x0x7ff786e386af]\nE       \t(No symbol) [0x0x7ff786e60dbe]\nE       \t(No symbol) [0x0x7ff786e38443]\nE       \t(No symbol) [0x0x7ff786e01311]\nE       \t(No symbol) [0x0x7ff786e020a3]\nE       \tGetHandleVerifier [0x0x7ff7872de26d+2926461]\nE       \tGetHandleVerifier [0x0x7ff7872d8993+2903715]\nE       \tGetHandleVerifier [0x0x7ff7872f6aed+3026941]\nE       \tGetHandleVerifier [0x0x7ff7870416fe+187406]\nE       \tGetHandleVerifier [0x0x7ff7870496ef+220159]\nE       \tGetHandleVerifier [0x0x7ff78702faf4+114692]\nE       \tGetHandleVerifier [0x0x7ff78702fca9+115129]\nE       \tGetHandleVerifier [0x0x7ff7870164d8+10728]\nE       \tBaseThreadInitThunk [0x0x7ffe499c7374+20]\nE       \tRtlUserThreadStart [0x0x7ffe4a2fcc91+33]\n\nmyenv\\lib\\site-packages\\selenium\\webdriver\\support\\wait.py:138: TimeoutException\n\nDuring handling of the above exception, another exception occurred:\n\nself = <test_material.test_materialVendors.TestItemPage object at 0x000001DD81FB47F0>\nlogin_to_item = <selenium.webdriver.chrome.webdriver.WebDriver (session=\"96d9bde2639789441b90ecf2a555435f\")>\n\n    @allure.story(\"删除数据成功\")\n    # @pytest.mark.run(order=1)\n    def test_item_delsuccess3(self, login_to_item):\n        # 定位内容为‘111’的行\n>       self.item.click_button('//tr[./td[2][.//span[text()=\"111\"]]]/td[2]')\n\nTests\\test_material\\test_materialVendors.py:562: \n_ _ _ _ _ _ _ _ _ _ _ _ _ _ _ _ _ _ _ _ _ _ _ _ _ _ _ _ _ _ _ _ _ _ _ _ _ _ _ _ _ _ _ _ _ _ _ _ _ _ _ _ _ _ _ _ _ _ _ _ _ _ _ _ _ _ _ _ _ _ _ _ _ _ _ _ _ _ _ _ _ _ _ _ _ _ _ _ _ _ _ _\nPages\\materialPage\\warehouseLocation_page.py:60: in click_button\n    self.click(By.XPATH, xpath)\n_ _ _ _ _ _ _ _ _ _ _ _ _ _ _ _ _ _ _ _ _ _ _ _ _ _ _ _ _ _ _ _ _ _ _ _ _ _ _ _ _ _ _ _ _ _ _ _ _ _ _ _ _ _ _ _ _ _ _ _ _ _ _ _ _ _ _ _ _ _ _ _ _ _ _ _ _ _ _ _ _ _ _ _ _ _ _ _ _ _ _ _\n\nself = <Pages.materialPage.warehouseLocation_page.WarehouseLocationPage object at 0x000001DD8270BDC0>, by_or_element = 'xpath', value = '//tr[./td[2][.//span[text()=\"111\"]]]/td[2]'\nwait_time = 10\n\n    def click(self, by_or_element, value=None, wait_time=10):\n        if value is not None:\n            by = by_or_element\n            logging.info(f\"点击元素：By = {by}, Value = {value}\")\n            try:\n                element = WebDriverWait(self.driver, wait_time).until(\n                    EC.element_to_be_clickable((by, value))\n                )\n            except TimeoutException:\n                logging.warning(f\"❌ 点击超时：元素 {by} = {value} 未在 {wait_time} 秒内变为可点击\")\n>               raise TimeoutException(f\"点击失败，找不到元素：{by} = {value}\")\nE               selenium.common.exceptions.TimeoutException: Message: 点击失败，找不到元素：xpath = //tr[./td[2][.//span[text()=\"111\"]]]/td[2]\n\nPages\\base_page.py:50: TimeoutException","steps":[],"attachments":[{"uid":"287f20652166fe7d","name":"test_item_delsuccess3_failure","source":"287f20652166fe7d.png","type":"image/png","size":88107},{"uid":"f9efe3b98eabea74","name":"test_item_delsuccess3_source","source":"f9efe3b98eabea74.html","type":"text/html","size":1175893},{"uid":"f229c0956d708db2","name":"log","source":"f229c0956d708db2.txt","type":"text/plain","size":2103}],"parameters":[],"attachmentsCount":3,"shouldDisplayMessage":true,"stepsCount":0,"hasContent":true,"attachmentStep":false},"afterStages":[{"name":"login_to_item::0","time":{"start":1753802308465,"stop":1753802310680,"duration":2215},"status":"passed","steps":[],"attachments":[],"parameters":[],"attachmentsCount":0,"shouldDisplayMessage":false,"stepsCount":0,"hasContent":false,"attachmentStep":false}],"labels":[{"name":"feature","value":"供应商信息测试用例"},{"name":"story","value":"删除数据成功"},{"name":"parentSuite","value":"Tests.test_material"},{"name":"suite","value":"test_materialVendors"},{"name":"subSuite","value":"TestItemPage"},{"name":"host","value":"WIN-20240820MJV"},{"name":"thread","value":"45800-MainThread"},{"name":"framework","value":"pytest"},{"name":"language","value":"cpython3"},{"name":"package","value":"Tests.test_material.test_materialVendors"},{"name":"resultFormat","value":"allure2"}],"parameters":[],"links":[],"hidden":false,"retry":false,"extra":{"severity":"normal","retries":[{"uid":"ec3a2e551213b27b","status":"broken","statusDetails":"selenium.common.exceptions.TimeoutException: Message: 点击失败，找不到元素：xpath = //tr[./td[2][.//span[text()=\"111\"]]]/td[2]","time":{"start":1753802275464,"stop":1753802285767,"duration":10303}}],"categories":[{"name":"Test defects","matchedStatuses":[]}],"tags":[]},"source":"d50bcddedd77112a.json","parameterValues":[]}