{"uid":"d73d62db086eedc5","name":"test_item_addsel","fullName":"Tests.test_material.test_warehouseLocation.TestItemPage#test_item_addsel","historyId":"ca5155184b3ec72736e66337c0b8fed9","time":{"start":1755184361062,"stop":1755184372701,"duration":11639},"status":"broken","statusMessage":"selenium.common.exceptions.TimeoutException: Message: 点击失败，找不到元素：xpath = //div[@id='i24ntrok-sf6n']//input[@class='ivu-select-input']","statusTrace":"self = <Pages.materialPage.warehouseLocation_page.WarehouseLocationPage object at 0x0000019971DD78E0>, by_or_element = 'xpath'\nvalue = \"//div[@id='i24ntrok-sf6n']//input[@class='ivu-select-input']\", wait_time = 10\n\n    def click(self, by_or_element, value=None, wait_time=10):\n        if value is not None:\n            by = by_or_element\n            logging.info(f\"点击元素：By = {by}, Value = {value}\")\n            try:\n>               element = WebDriverWait(self.driver, wait_time).until(\n                    EC.element_to_be_clickable((by, value))\n                )\n\nPages\\base_page.py:45: \n_ _ _ _ _ _ _ _ _ _ _ _ _ _ _ _ _ _ _ _ _ _ _ _ _ _ _ _ _ _ _ _ _ _ _ _ _ _ _ _ _ _ _ _ _ _ _ _ _ _ _ _ _ _ _ _ _ _ _ _ _ _ _ _ _ _ _ _ _ _ _ _ _ _ _ _ _ _ _ _ _ _ _ _ _ _ _ _ _ _ _ _\n\nself = <selenium.webdriver.support.wait.WebDriverWait (session=\"8b835c83c62f2be2e6c7f600f4a1461b\")>\nmethod = <function element_to_be_clickable.<locals>._predicate at 0x0000019971AA3BE0>, message = ''\n\n    def until(self, method: Callable[[D], Union[Literal[False], T]], message: str = \"\") -> T:\n        \"\"\"Wait until the method returns a value that is not False.\n    \n        Calls the method provided with the driver as an argument until the\n        return value does not evaluate to ``False``.\n    \n        Parameters:\n        -----------\n        method: callable(WebDriver)\n            - A callable object that takes a WebDriver instance as an argument.\n    \n        message: str\n            - Optional message for :exc:`TimeoutException`\n    \n        Return:\n        -------\n        object: T\n            - The result of the last call to `method`\n    \n        Raises:\n        -------\n        TimeoutException\n            - If 'method' does not return a truthy value within the WebDriverWait\n            object's timeout\n    \n        Example:\n        --------\n        >>> from selenium.webdriver.common.by import By\n        >>> from selenium.webdriver.support.ui import WebDriverWait\n        >>> from selenium.webdriver.support import expected_conditions as EC\n    \n        # Wait until an element is visible on the page\n        >>> wait = WebDriverWait(driver, 10)\n        >>> element = wait.until(EC.visibility_of_element_located((By.ID, \"exampleId\")))\n        >>> print(element.text)\n        \"\"\"\n        screen = None\n        stacktrace = None\n    \n        end_time = time.monotonic() + self._timeout\n        while True:\n            try:\n                value = method(self._driver)\n                if value:\n                    return value\n            except self._ignored_exceptions as exc:\n                screen = getattr(exc, \"screen\", None)\n                stacktrace = getattr(exc, \"stacktrace\", None)\n            if time.monotonic() > end_time:\n                break\n            time.sleep(self._poll)\n>       raise TimeoutException(message, screen, stacktrace)\nE       selenium.common.exceptions.TimeoutException: Message: \nE       Stacktrace:\nE       \tGetHandleVerifier [0x0x7ff7f9df6f65+78965]\nE       \tGetHandleVerifier [0x0x7ff7f9df6fc0+79056]\nE       \t(No symbol) [0x0x7ff7f9b89dda]\nE       \t(No symbol) [0x0x7ff7f9be02ea]\nE       \t(No symbol) [0x0x7ff7f9be059c]\nE       \t(No symbol) [0x0x7ff7f9c33f37]\nE       \t(No symbol) [0x0x7ff7f9c086af]\nE       \t(No symbol) [0x0x7ff7f9c30dbe]\nE       \t(No symbol) [0x0x7ff7f9c08443]\nE       \t(No symbol) [0x0x7ff7f9bd1311]\nE       \t(No symbol) [0x0x7ff7f9bd20a3]\nE       \tGetHandleVerifier [0x0x7ff7fa0ae26d+2926461]\nE       \tGetHandleVerifier [0x0x7ff7fa0a8993+2903715]\nE       \tGetHandleVerifier [0x0x7ff7fa0c6aed+3026941]\nE       \tGetHandleVerifier [0x0x7ff7f9e116fe+187406]\nE       \tGetHandleVerifier [0x0x7ff7f9e196ef+220159]\nE       \tGetHandleVerifier [0x0x7ff7f9dffaf4+114692]\nE       \tGetHandleVerifier [0x0x7ff7f9dffca9+115129]\nE       \tGetHandleVerifier [0x0x7ff7f9de64d8+10728]\nE       \tBaseThreadInitThunk [0x0x7ffcd4147374+20]\nE       \tRtlUserThreadStart [0x0x7ffcd4dfcc91+33]\n\nmyenv\\lib\\site-packages\\selenium\\webdriver\\support\\wait.py:138: TimeoutException\n\nDuring handling of the above exception, another exception occurred:\n\nself = <test_material.test_warehouseLocation.TestItemPage object at 0x00000199717B9A20>\nlogin_to_item = <selenium.webdriver.chrome.webdriver.WebDriver (session=\"8b835c83c62f2be2e6c7f600f4a1461b\")>\n\n    @allure.story(\"下拉框选择成功\")\n    # @pytest.mark.run(order=1)\n    def test_item_addsel(self, login_to_item):\n        self.item.click_add_button()  # 检查点击添加\n        # 是否可用下拉框\n>       self.item.click_button(\n            \"//div[@id='i24ntrok-sf6n']//input[@class='ivu-select-input']\"\n        )\n\nTests\\test_material\\test_warehouseLocation.py:107: \n_ _ _ _ _ _ _ _ _ _ _ _ _ _ _ _ _ _ _ _ _ _ _ _ _ _ _ _ _ _ _ _ _ _ _ _ _ _ _ _ _ _ _ _ _ _ _ _ _ _ _ _ _ _ _ _ _ _ _ _ _ _ _ _ _ _ _ _ _ _ _ _ _ _ _ _ _ _ _ _ _ _ _ _ _ _ _ _ _ _ _ _\nPages\\materialPage\\warehouseLocation_page.py:60: in click_button\n    self.click(By.XPATH, xpath)\n_ _ _ _ _ _ _ _ _ _ _ _ _ _ _ _ _ _ _ _ _ _ _ _ _ _ _ _ _ _ _ _ _ _ _ _ _ _ _ _ _ _ _ _ _ _ _ _ _ _ _ _ _ _ _ _ _ _ _ _ _ _ _ _ _ _ _ _ _ _ _ _ _ _ _ _ _ _ _ _ _ _ _ _ _ _ _ _ _ _ _ _\n\nself = <Pages.materialPage.warehouseLocation_page.WarehouseLocationPage object at 0x0000019971DD78E0>, by_or_element = 'xpath'\nvalue = \"//div[@id='i24ntrok-sf6n']//input[@class='ivu-select-input']\", wait_time = 10\n\n    def click(self, by_or_element, value=None, wait_time=10):\n        if value is not None:\n            by = by_or_element\n            logging.info(f\"点击元素：By = {by}, Value = {value}\")\n            try:\n                element = WebDriverWait(self.driver, wait_time).until(\n                    EC.element_to_be_clickable((by, value))\n                )\n            except TimeoutException:\n                logging.warning(f\"❌ 点击超时：元素 {by} = {value} 未在 {wait_time} 秒内变为可点击\")\n>               raise TimeoutException(f\"点击失败，找不到元素：{by} = {value}\")\nE               selenium.common.exceptions.TimeoutException: Message: 点击失败，找不到元素：xpath = //div[@id='i24ntrok-sf6n']//input[@class='ivu-select-input']\n\nPages\\base_page.py:50: TimeoutException","flaky":false,"newFailed":false,"newBroken":false,"newPassed":false,"retriesCount":1,"retriesStatusChange":false,"beforeStages":[{"name":"login_to_item","time":{"start":1755184353010,"stop":1755184361054,"duration":8044},"status":"passed","steps":[],"attachments":[],"parameters":[],"attachmentStep":false,"hasContent":false,"stepsCount":0,"shouldDisplayMessage":false,"attachmentsCount":0},{"name":"setup","time":{"start":1755184361055,"stop":1755184361061,"duration":6},"status":"passed","steps":[],"attachments":[],"parameters":[],"attachmentStep":false,"hasContent":false,"stepsCount":0,"shouldDisplayMessage":false,"attachmentsCount":0}],"testStage":{"status":"broken","statusMessage":"selenium.common.exceptions.TimeoutException: Message: 点击失败，找不到元素：xpath = //div[@id='i24ntrok-sf6n']//input[@class='ivu-select-input']","statusTrace":"self = <Pages.materialPage.warehouseLocation_page.WarehouseLocationPage object at 0x0000019971DD78E0>, by_or_element = 'xpath'\nvalue = \"//div[@id='i24ntrok-sf6n']//input[@class='ivu-select-input']\", wait_time = 10\n\n    def click(self, by_or_element, value=None, wait_time=10):\n        if value is not None:\n            by = by_or_element\n            logging.info(f\"点击元素：By = {by}, Value = {value}\")\n            try:\n>               element = WebDriverWait(self.driver, wait_time).until(\n                    EC.element_to_be_clickable((by, value))\n                )\n\nPages\\base_page.py:45: \n_ _ _ _ _ _ _ _ _ _ _ _ _ _ _ _ _ _ _ _ _ _ _ _ _ _ _ _ _ _ _ _ _ _ _ _ _ _ _ _ _ _ _ _ _ _ _ _ _ _ _ _ _ _ _ _ _ _ _ _ _ _ _ _ _ _ _ _ _ _ _ _ _ _ _ _ _ _ _ _ _ _ _ _ _ _ _ _ _ _ _ _\n\nself = <selenium.webdriver.support.wait.WebDriverWait (session=\"8b835c83c62f2be2e6c7f600f4a1461b\")>\nmethod = <function element_to_be_clickable.<locals>._predicate at 0x0000019971AA3BE0>, message = ''\n\n    def until(self, method: Callable[[D], Union[Literal[False], T]], message: str = \"\") -> T:\n        \"\"\"Wait until the method returns a value that is not False.\n    \n        Calls the method provided with the driver as an argument until the\n        return value does not evaluate to ``False``.\n    \n        Parameters:\n        -----------\n        method: callable(WebDriver)\n            - A callable object that takes a WebDriver instance as an argument.\n    \n        message: str\n            - Optional message for :exc:`TimeoutException`\n    \n        Return:\n        -------\n        object: T\n            - The result of the last call to `method`\n    \n        Raises:\n        -------\n        TimeoutException\n            - If 'method' does not return a truthy value within the WebDriverWait\n            object's timeout\n    \n        Example:\n        --------\n        >>> from selenium.webdriver.common.by import By\n        >>> from selenium.webdriver.support.ui import WebDriverWait\n        >>> from selenium.webdriver.support import expected_conditions as EC\n    \n        # Wait until an element is visible on the page\n        >>> wait = WebDriverWait(driver, 10)\n        >>> element = wait.until(EC.visibility_of_element_located((By.ID, \"exampleId\")))\n        >>> print(element.text)\n        \"\"\"\n        screen = None\n        stacktrace = None\n    \n        end_time = time.monotonic() + self._timeout\n        while True:\n            try:\n                value = method(self._driver)\n                if value:\n                    return value\n            except self._ignored_exceptions as exc:\n                screen = getattr(exc, \"screen\", None)\n                stacktrace = getattr(exc, \"stacktrace\", None)\n            if time.monotonic() > end_time:\n                break\n            time.sleep(self._poll)\n>       raise TimeoutException(message, screen, stacktrace)\nE       selenium.common.exceptions.TimeoutException: Message: \nE       Stacktrace:\nE       \tGetHandleVerifier [0x0x7ff7f9df6f65+78965]\nE       \tGetHandleVerifier [0x0x7ff7f9df6fc0+79056]\nE       \t(No symbol) [0x0x7ff7f9b89dda]\nE       \t(No symbol) [0x0x7ff7f9be02ea]\nE       \t(No symbol) [0x0x7ff7f9be059c]\nE       \t(No symbol) [0x0x7ff7f9c33f37]\nE       \t(No symbol) [0x0x7ff7f9c086af]\nE       \t(No symbol) [0x0x7ff7f9c30dbe]\nE       \t(No symbol) [0x0x7ff7f9c08443]\nE       \t(No symbol) [0x0x7ff7f9bd1311]\nE       \t(No symbol) [0x0x7ff7f9bd20a3]\nE       \tGetHandleVerifier [0x0x7ff7fa0ae26d+2926461]\nE       \tGetHandleVerifier [0x0x7ff7fa0a8993+2903715]\nE       \tGetHandleVerifier [0x0x7ff7fa0c6aed+3026941]\nE       \tGetHandleVerifier [0x0x7ff7f9e116fe+187406]\nE       \tGetHandleVerifier [0x0x7ff7f9e196ef+220159]\nE       \tGetHandleVerifier [0x0x7ff7f9dffaf4+114692]\nE       \tGetHandleVerifier [0x0x7ff7f9dffca9+115129]\nE       \tGetHandleVerifier [0x0x7ff7f9de64d8+10728]\nE       \tBaseThreadInitThunk [0x0x7ffcd4147374+20]\nE       \tRtlUserThreadStart [0x0x7ffcd4dfcc91+33]\n\nmyenv\\lib\\site-packages\\selenium\\webdriver\\support\\wait.py:138: TimeoutException\n\nDuring handling of the above exception, another exception occurred:\n\nself = <test_material.test_warehouseLocation.TestItemPage object at 0x00000199717B9A20>\nlogin_to_item = <selenium.webdriver.chrome.webdriver.WebDriver (session=\"8b835c83c62f2be2e6c7f600f4a1461b\")>\n\n    @allure.story(\"下拉框选择成功\")\n    # @pytest.mark.run(order=1)\n    def test_item_addsel(self, login_to_item):\n        self.item.click_add_button()  # 检查点击添加\n        # 是否可用下拉框\n>       self.item.click_button(\n            \"//div[@id='i24ntrok-sf6n']//input[@class='ivu-select-input']\"\n        )\n\nTests\\test_material\\test_warehouseLocation.py:107: \n_ _ _ _ _ _ _ _ _ _ _ _ _ _ _ _ _ _ _ _ _ _ _ _ _ _ _ _ _ _ _ _ _ _ _ _ _ _ _ _ _ _ _ _ _ _ _ _ _ _ _ _ _ _ _ _ _ _ _ _ _ _ _ _ _ _ _ _ _ _ _ _ _ _ _ _ _ _ _ _ _ _ _ _ _ _ _ _ _ _ _ _\nPages\\materialPage\\warehouseLocation_page.py:60: in click_button\n    self.click(By.XPATH, xpath)\n_ _ _ _ _ _ _ _ _ _ _ _ _ _ _ _ _ _ _ _ _ _ _ _ _ _ _ _ _ _ _ _ _ _ _ _ _ _ _ _ _ _ _ _ _ _ _ _ _ _ _ _ _ _ _ _ _ _ _ _ _ _ _ _ _ _ _ _ _ _ _ _ _ _ _ _ _ _ _ _ _ _ _ _ _ _ _ _ _ _ _ _\n\nself = <Pages.materialPage.warehouseLocation_page.WarehouseLocationPage object at 0x0000019971DD78E0>, by_or_element = 'xpath'\nvalue = \"//div[@id='i24ntrok-sf6n']//input[@class='ivu-select-input']\", wait_time = 10\n\n    def click(self, by_or_element, value=None, wait_time=10):\n        if value is not None:\n            by = by_or_element\n            logging.info(f\"点击元素：By = {by}, Value = {value}\")\n            try:\n                element = WebDriverWait(self.driver, wait_time).until(\n                    EC.element_to_be_clickable((by, value))\n                )\n            except TimeoutException:\n                logging.warning(f\"❌ 点击超时：元素 {by} = {value} 未在 {wait_time} 秒内变为可点击\")\n>               raise TimeoutException(f\"点击失败，找不到元素：{by} = {value}\")\nE               selenium.common.exceptions.TimeoutException: Message: 点击失败，找不到元素：xpath = //div[@id='i24ntrok-sf6n']//input[@class='ivu-select-input']\n\nPages\\base_page.py:50: TimeoutException","steps":[],"attachments":[{"uid":"12dad18db93e091f","name":"test_item_addsel_failure","source":"12dad18db93e091f.png","type":"image/png","size":120304},{"uid":"2190fb1cea8b35a7","name":"test_item_addsel_source","source":"2190fb1cea8b35a7.html","type":"text/html","size":1285853},{"uid":"58015ddc1ab24cc9","name":"log","source":"58015ddc1ab24cc9.txt","type":"text/plain","size":2353}],"parameters":[],"attachmentStep":false,"hasContent":true,"stepsCount":0,"shouldDisplayMessage":true,"attachmentsCount":3},"afterStages":[{"name":"login_to_item::0","time":{"start":1755184372890,"stop":1755184375037,"duration":2147},"status":"passed","steps":[],"attachments":[],"parameters":[],"attachmentStep":false,"hasContent":false,"stepsCount":0,"shouldDisplayMessage":false,"attachmentsCount":0}],"labels":[{"name":"feature","value":"仓库库位测试用例"},{"name":"story","value":"下拉框选择成功"},{"name":"parentSuite","value":"Tests.test_material"},{"name":"suite","value":"test_warehouseLocation"},{"name":"subSuite","value":"TestItemPage"},{"name":"host","value":"WIN-20240820MJV"},{"name":"thread","value":"16980-MainThread"},{"name":"framework","value":"pytest"},{"name":"language","value":"cpython3"},{"name":"package","value":"Tests.test_material.test_warehouseLocation"},{"name":"resultFormat","value":"allure2"}],"parameters":[],"links":[],"hidden":false,"retry":false,"extra":{"severity":"normal","retries":[{"uid":"beb4372866391c03","status":"broken","statusDetails":"selenium.common.exceptions.TimeoutException: Message: 点击失败，找不到元素：xpath = //div[@id='i24ntrok-sf6n']//input[@class='ivu-select-input']","time":{"start":1755184339019,"stop":1755184350666,"duration":11647}}],"categories":[{"name":"Test defects","matchedStatuses":[]}],"tags":[]},"source":"d73d62db086eedc5.json","parameterValues":[]}