{"uid":"dcc60886f2ae4276","name":"test_item_editcodesuccess","fullName":"Tests.test_material.test_materialVendors.TestItemPage#test_item_editcodesuccess","historyId":"94fdd3435945339df2ddc1de80528909","time":{"start":1753715230831,"stop":1753715230831,"duration":0},"status":"broken","statusMessage":"selenium.common.exceptions.TimeoutException: Message: 点击失败，找不到元素：xpath = //input[@placeholder=\"请选择计划单元\"]","statusTrace":"self = <Pages.itemsPage.login_page.LoginPage object at 0x000002CDB89466E0>, by_or_element = 'xpath', value = '//input[@placeholder=\"请选择计划单元\"]', wait_time = 10\n\n    def click(self, by_or_element, value=None, wait_time=10):\n        if value is not None:\n            by = by_or_element\n            logging.info(f\"点击元素：By = {by}, Value = {value}\")\n            try:\n>               element = WebDriverWait(self.driver, wait_time).until(\n                    EC.element_to_be_clickable((by, value))\n                )\n\nPages\\base_page.py:46: \n_ _ _ _ _ _ _ _ _ _ _ _ _ _ _ _ _ _ _ _ _ _ _ _ _ _ _ _ _ _ _ _ _ _ _ _ _ _ _ _ _ _ _ _ _ _ _ _ _ _ _ _ _ _ _ _ _ _ _ _ _ _ _ _ _ _ _ _ _ _ _ _ _ _ _ _ _ _ _ _ _ _ _ _ _ _ _ _ _ _ _ _\n\nself = <selenium.webdriver.support.wait.WebDriverWait (session=\"ff7bfd0ba6b33e39d7e263ba5af0cb69\")>\nmethod = <function element_to_be_clickable.<locals>._predicate at 0x000002CDB8932A70>, message = ''\n\n    def until(self, method: Callable[[D], Union[Literal[False], T]], message: str = \"\") -> T:\n        \"\"\"Wait until the method returns a value that is not False.\n    \n        Calls the method provided with the driver as an argument until the\n        return value does not evaluate to ``False``.\n    \n        Parameters:\n        -----------\n        method: callable(WebDriver)\n            - A callable object that takes a WebDriver instance as an argument.\n    \n        message: str\n            - Optional message for :exc:`TimeoutException`\n    \n        Return:\n        -------\n        object: T\n            - The result of the last call to `method`\n    \n        Raises:\n        -------\n        TimeoutException\n            - If 'method' does not return a truthy value within the WebDriverWait\n            object's timeout\n    \n        Example:\n        --------\n        >>> from selenium.webdriver.common.by import By\n        >>> from selenium.webdriver.support.ui import WebDriverWait\n        >>> from selenium.webdriver.support import expected_conditions as EC\n    \n        # Wait until an element is visible on the page\n        >>> wait = WebDriverWait(driver, 10)\n        >>> element = wait.until(EC.visibility_of_element_located((By.ID, \"exampleId\")))\n        >>> print(element.text)\n        \"\"\"\n        screen = None\n        stacktrace = None\n    \n        end_time = time.monotonic() + self._timeout\n        while True:\n            try:\n                value = method(self._driver)\n                if value:\n                    return value\n            except self._ignored_exceptions as exc:\n                screen = getattr(exc, \"screen\", None)\n                stacktrace = getattr(exc, \"stacktrace\", None)\n            if time.monotonic() > end_time:\n                break\n            time.sleep(self._poll)\n>       raise TimeoutException(message, screen, stacktrace)\nE       selenium.common.exceptions.TimeoutException: Message: \nE       Stacktrace:\nE       \tGetHandleVerifier [0x0x7ff787026f65+78965]\nE       \tGetHandleVerifier [0x0x7ff787026fc0+79056]\nE       \t(No symbol) [0x0x7ff786db9dda]\nE       \t(No symbol) [0x0x7ff786e102ea]\nE       \t(No symbol) [0x0x7ff786e1059c]\nE       \t(No symbol) [0x0x7ff786e63f37]\nE       \t(No symbol) [0x0x7ff786e386af]\nE       \t(No symbol) [0x0x7ff786e60dbe]\nE       \t(No symbol) [0x0x7ff786e38443]\nE       \t(No symbol) [0x0x7ff786e01311]\nE       \t(No symbol) [0x0x7ff786e020a3]\nE       \tGetHandleVerifier [0x0x7ff7872de26d+2926461]\nE       \tGetHandleVerifier [0x0x7ff7872d8993+2903715]\nE       \tGetHandleVerifier [0x0x7ff7872f6aed+3026941]\nE       \tGetHandleVerifier [0x0x7ff7870416fe+187406]\nE       \tGetHandleVerifier [0x0x7ff7870496ef+220159]\nE       \tGetHandleVerifier [0x0x7ff78702faf4+114692]\nE       \tGetHandleVerifier [0x0x7ff78702fca9+115129]\nE       \tGetHandleVerifier [0x0x7ff7870164d8+10728]\nE       \tBaseThreadInitThunk [0x0x7ffe499c7374+20]\nE       \tRtlUserThreadStart [0x0x7ffe4a2fcc91+33]\n\nmyenv\\lib\\site-packages\\selenium\\webdriver\\support\\wait.py:138: TimeoutException\n\nDuring handling of the above exception, another exception occurred:\n\n    @pytest.fixture  # (scope=\"class\")这个参数表示整个测试类共用同一个浏览器，默认一个用例执行一次\n    def login_to_item():\n        \"\"\"初始化并返回 driver\"\"\"\n        driver_path = DateDriver().driver_path\n        driver = create_driver(driver_path)\n        driver.implicitly_wait(3)\n    \n        # 初始化登录页面\n        page = LoginPage(driver)  # 初始化登录页面\n        page.navigate_to(DateDriver().url)  # 导航到登录页面\n>       page.login(DateDriver().username, DateDriver().password, DateDriver().planning)\n\nTests\\test_material\\test_materialVendors.py:29: \n_ _ _ _ _ _ _ _ _ _ _ _ _ _ _ _ _ _ _ _ _ _ _ _ _ _ _ _ _ _ _ _ _ _ _ _ _ _ _ _ _ _ _ _ _ _ _ _ _ _ _ _ _ _ _ _ _ _ _ _ _ _ _ _ _ _ _ _ _ _ _ _ _ _ _ _ _ _ _ _ _ _ _ _ _ _ _ _ _ _ _ _\nPages\\itemsPage\\login_page.py:32: in login\n    self.select_planning_unit(planning_unit)\nPages\\itemsPage\\login_page.py:25: in select_planning_unit\n    self.click_button('//input[@placeholder=\"请选择计划单元\"]')\nPages\\itemsPage\\login_page.py:22: in click_button\n    self.click(By.XPATH, xpath)\n_ _ _ _ _ _ _ _ _ _ _ _ _ _ _ _ _ _ _ _ _ _ _ _ _ _ _ _ _ _ _ _ _ _ _ _ _ _ _ _ _ _ _ _ _ _ _ _ _ _ _ _ _ _ _ _ _ _ _ _ _ _ _ _ _ _ _ _ _ _ _ _ _ _ _ _ _ _ _ _ _ _ _ _ _ _ _ _ _ _ _ _\n\nself = <Pages.itemsPage.login_page.LoginPage object at 0x000002CDB89466E0>, by_or_element = 'xpath', value = '//input[@placeholder=\"请选择计划单元\"]', wait_time = 10\n\n    def click(self, by_or_element, value=None, wait_time=10):\n        if value is not None:\n            by = by_or_element\n            logging.info(f\"点击元素：By = {by}, Value = {value}\")\n            try:\n                element = WebDriverWait(self.driver, wait_time).until(\n                    EC.element_to_be_clickable((by, value))\n                )\n            except TimeoutException:\n                logging.warning(f\"❌ 点击超时：元素 {by} = {value} 未在 {wait_time} 秒内变为可点击\")\n                self.safe_screenshot(\"click_timeout\", test_name=\"test\")\n>               raise TimeoutException(f\"点击失败，找不到元素：{by} = {value}\")\nE               selenium.common.exceptions.TimeoutException: Message: 点击失败，找不到元素：xpath = //input[@placeholder=\"请选择计划单元\"]\n\nPages\\base_page.py:52: TimeoutException","flaky":false,"newFailed":false,"newBroken":false,"newPassed":false,"retriesCount":0,"retriesStatusChange":false,"beforeStages":[{"name":"login_to_item","time":{"start":1753715231190,"stop":1753715406647,"duration":175457},"status":"broken","statusMessage":"selenium.common.exceptions.TimeoutException: Message: 点击失败，找不到元素：xpath = //input[@placeholder=\"请选择计划单元\"]\n\n","statusTrace":"  File \"D:\\PycharmProjects\\APS\\myenv\\lib\\site-packages\\pluggy\\_callers.py\", line 38, in run_old_style_hookwrapper\n    res = yield\n  File \"D:\\PycharmProjects\\APS\\myenv\\lib\\site-packages\\pluggy\\_callers.py\", line 139, in _multicall\n    teardown.throw(exception)\n  File \"D:\\PycharmProjects\\APS\\myenv\\lib\\site-packages\\_pytest\\setuponly.py\", line 36, in pytest_fixture_setup\n    return (yield)\n  File \"D:\\PycharmProjects\\APS\\myenv\\lib\\site-packages\\pluggy\\_callers.py\", line 121, in _multicall\n    res = hook_impl.function(*args)\n  File \"D:\\PycharmProjects\\APS\\myenv\\lib\\site-packages\\_pytest\\fixtures.py\", line 1195, in pytest_fixture_setup\n    result = call_fixture_func(fixturefunc, request, kwargs)\n  File \"D:\\PycharmProjects\\APS\\myenv\\lib\\site-packages\\_pytest\\fixtures.py\", line 922, in call_fixture_func\n    fixture_result = next(generator)\n  File \"D:\\PycharmProjects\\APS\\Tests\\test_material\\test_materialVendors.py\", line 29, in login_to_item\n    page.login(DateDriver().username, DateDriver().password, DateDriver().planning)\n  File \"D:\\PycharmProjects\\APS\\Pages\\itemsPage\\login_page.py\", line 32, in login\n    self.select_planning_unit(planning_unit)\n  File \"D:\\PycharmProjects\\APS\\Pages\\itemsPage\\login_page.py\", line 25, in select_planning_unit\n    self.click_button('//input[@placeholder=\"请选择计划单元\"]')\n  File \"D:\\PycharmProjects\\APS\\Pages\\itemsPage\\login_page.py\", line 22, in click_button\n    self.click(By.XPATH, xpath)\n  File \"D:\\PycharmProjects\\APS\\Pages\\base_page.py\", line 52, in click\n    raise TimeoutException(f\"点击失败，找不到元素：{by} = {value}\")\n","steps":[],"attachments":[{"uid":"541ecab262f40a95","name":"test_click_timeout","source":"541ecab262f40a95.png","type":"image/png","size":277153}],"parameters":[],"attachmentStep":false,"stepsCount":0,"hasContent":true,"attachmentsCount":1,"shouldDisplayMessage":true}],"testStage":{"status":"broken","statusMessage":"selenium.common.exceptions.TimeoutException: Message: 点击失败，找不到元素：xpath = //input[@placeholder=\"请选择计划单元\"]","statusTrace":"self = <Pages.itemsPage.login_page.LoginPage object at 0x000002CDB89466E0>, by_or_element = 'xpath', value = '//input[@placeholder=\"请选择计划单元\"]', wait_time = 10\n\n    def click(self, by_or_element, value=None, wait_time=10):\n        if value is not None:\n            by = by_or_element\n            logging.info(f\"点击元素：By = {by}, Value = {value}\")\n            try:\n>               element = WebDriverWait(self.driver, wait_time).until(\n                    EC.element_to_be_clickable((by, value))\n                )\n\nPages\\base_page.py:46: \n_ _ _ _ _ _ _ _ _ _ _ _ _ _ _ _ _ _ _ _ _ _ _ _ _ _ _ _ _ _ _ _ _ _ _ _ _ _ _ _ _ _ _ _ _ _ _ _ _ _ _ _ _ _ _ _ _ _ _ _ _ _ _ _ _ _ _ _ _ _ _ _ _ _ _ _ _ _ _ _ _ _ _ _ _ _ _ _ _ _ _ _\n\nself = <selenium.webdriver.support.wait.WebDriverWait (session=\"ff7bfd0ba6b33e39d7e263ba5af0cb69\")>\nmethod = <function element_to_be_clickable.<locals>._predicate at 0x000002CDB8932A70>, message = ''\n\n    def until(self, method: Callable[[D], Union[Literal[False], T]], message: str = \"\") -> T:\n        \"\"\"Wait until the method returns a value that is not False.\n    \n        Calls the method provided with the driver as an argument until the\n        return value does not evaluate to ``False``.\n    \n        Parameters:\n        -----------\n        method: callable(WebDriver)\n            - A callable object that takes a WebDriver instance as an argument.\n    \n        message: str\n            - Optional message for :exc:`TimeoutException`\n    \n        Return:\n        -------\n        object: T\n            - The result of the last call to `method`\n    \n        Raises:\n        -------\n        TimeoutException\n            - If 'method' does not return a truthy value within the WebDriverWait\n            object's timeout\n    \n        Example:\n        --------\n        >>> from selenium.webdriver.common.by import By\n        >>> from selenium.webdriver.support.ui import WebDriverWait\n        >>> from selenium.webdriver.support import expected_conditions as EC\n    \n        # Wait until an element is visible on the page\n        >>> wait = WebDriverWait(driver, 10)\n        >>> element = wait.until(EC.visibility_of_element_located((By.ID, \"exampleId\")))\n        >>> print(element.text)\n        \"\"\"\n        screen = None\n        stacktrace = None\n    \n        end_time = time.monotonic() + self._timeout\n        while True:\n            try:\n                value = method(self._driver)\n                if value:\n                    return value\n            except self._ignored_exceptions as exc:\n                screen = getattr(exc, \"screen\", None)\n                stacktrace = getattr(exc, \"stacktrace\", None)\n            if time.monotonic() > end_time:\n                break\n            time.sleep(self._poll)\n>       raise TimeoutException(message, screen, stacktrace)\nE       selenium.common.exceptions.TimeoutException: Message: \nE       Stacktrace:\nE       \tGetHandleVerifier [0x0x7ff787026f65+78965]\nE       \tGetHandleVerifier [0x0x7ff787026fc0+79056]\nE       \t(No symbol) [0x0x7ff786db9dda]\nE       \t(No symbol) [0x0x7ff786e102ea]\nE       \t(No symbol) [0x0x7ff786e1059c]\nE       \t(No symbol) [0x0x7ff786e63f37]\nE       \t(No symbol) [0x0x7ff786e386af]\nE       \t(No symbol) [0x0x7ff786e60dbe]\nE       \t(No symbol) [0x0x7ff786e38443]\nE       \t(No symbol) [0x0x7ff786e01311]\nE       \t(No symbol) [0x0x7ff786e020a3]\nE       \tGetHandleVerifier [0x0x7ff7872de26d+2926461]\nE       \tGetHandleVerifier [0x0x7ff7872d8993+2903715]\nE       \tGetHandleVerifier [0x0x7ff7872f6aed+3026941]\nE       \tGetHandleVerifier [0x0x7ff7870416fe+187406]\nE       \tGetHandleVerifier [0x0x7ff7870496ef+220159]\nE       \tGetHandleVerifier [0x0x7ff78702faf4+114692]\nE       \tGetHandleVerifier [0x0x7ff78702fca9+115129]\nE       \tGetHandleVerifier [0x0x7ff7870164d8+10728]\nE       \tBaseThreadInitThunk [0x0x7ffe499c7374+20]\nE       \tRtlUserThreadStart [0x0x7ffe4a2fcc91+33]\n\nmyenv\\lib\\site-packages\\selenium\\webdriver\\support\\wait.py:138: TimeoutException\n\nDuring handling of the above exception, another exception occurred:\n\n    @pytest.fixture  # (scope=\"class\")这个参数表示整个测试类共用同一个浏览器，默认一个用例执行一次\n    def login_to_item():\n        \"\"\"初始化并返回 driver\"\"\"\n        driver_path = DateDriver().driver_path\n        driver = create_driver(driver_path)\n        driver.implicitly_wait(3)\n    \n        # 初始化登录页面\n        page = LoginPage(driver)  # 初始化登录页面\n        page.navigate_to(DateDriver().url)  # 导航到登录页面\n>       page.login(DateDriver().username, DateDriver().password, DateDriver().planning)\n\nTests\\test_material\\test_materialVendors.py:29: \n_ _ _ _ _ _ _ _ _ _ _ _ _ _ _ _ _ _ _ _ _ _ _ _ _ _ _ _ _ _ _ _ _ _ _ _ _ _ _ _ _ _ _ _ _ _ _ _ _ _ _ _ _ _ _ _ _ _ _ _ _ _ _ _ _ _ _ _ _ _ _ _ _ _ _ _ _ _ _ _ _ _ _ _ _ _ _ _ _ _ _ _\nPages\\itemsPage\\login_page.py:32: in login\n    self.select_planning_unit(planning_unit)\nPages\\itemsPage\\login_page.py:25: in select_planning_unit\n    self.click_button('//input[@placeholder=\"请选择计划单元\"]')\nPages\\itemsPage\\login_page.py:22: in click_button\n    self.click(By.XPATH, xpath)\n_ _ _ _ _ _ _ _ _ _ _ _ _ _ _ _ _ _ _ _ _ _ _ _ _ _ _ _ _ _ _ _ _ _ _ _ _ _ _ _ _ _ _ _ _ _ _ _ _ _ _ _ _ _ _ _ _ _ _ _ _ _ _ _ _ _ _ _ _ _ _ _ _ _ _ _ _ _ _ _ _ _ _ _ _ _ _ _ _ _ _ _\n\nself = <Pages.itemsPage.login_page.LoginPage object at 0x000002CDB89466E0>, by_or_element = 'xpath', value = '//input[@placeholder=\"请选择计划单元\"]', wait_time = 10\n\n    def click(self, by_or_element, value=None, wait_time=10):\n        if value is not None:\n            by = by_or_element\n            logging.info(f\"点击元素：By = {by}, Value = {value}\")\n            try:\n                element = WebDriverWait(self.driver, wait_time).until(\n                    EC.element_to_be_clickable((by, value))\n                )\n            except TimeoutException:\n                logging.warning(f\"❌ 点击超时：元素 {by} = {value} 未在 {wait_time} 秒内变为可点击\")\n                self.safe_screenshot(\"click_timeout\", test_name=\"test\")\n>               raise TimeoutException(f\"点击失败，找不到元素：{by} = {value}\")\nE               selenium.common.exceptions.TimeoutException: Message: 点击失败，找不到元素：xpath = //input[@placeholder=\"请选择计划单元\"]\n\nPages\\base_page.py:52: TimeoutException","steps":[],"attachments":[{"uid":"63f5d9b0b24f423","name":"log","source":"63f5d9b0b24f423.txt","type":"text/plain","size":423}],"parameters":[],"attachmentStep":false,"stepsCount":0,"hasContent":true,"attachmentsCount":1,"shouldDisplayMessage":true},"afterStages":[],"labels":[{"name":"story","value":"修改供应商代码成功"},{"name":"feature","value":"供应商信息测试用例"},{"name":"parentSuite","value":"Tests.test_material"},{"name":"suite","value":"test_materialVendors"},{"name":"subSuite","value":"TestItemPage"},{"name":"host","value":"WIN-20240820MJV"},{"name":"thread","value":"26924-MainThread"},{"name":"framework","value":"pytest"},{"name":"language","value":"cpython3"},{"name":"package","value":"Tests.test_material.test_materialVendors"},{"name":"resultFormat","value":"allure2"}],"parameters":[],"links":[],"hidden":false,"retry":false,"extra":{"severity":"normal","retries":[],"categories":[{"name":"Test defects","matchedStatuses":[]}],"tags":[]},"source":"dcc60886f2ae4276.json","parameterValues":[]}