{"uid":"dd0fb04d4a6845e7","name":"test_shift_delsuccess2","fullName":"Tests.test_items.test_shift.TestShiftPage#test_shift_delsuccess2","historyId":"87280ed89e479320fadca9768b820e40","time":{"start":1756196019443,"stop":1756196019443,"duration":0},"status":"broken","statusMessage":"selenium.common.exceptions.WebDriverException: Message: unknown error: JavaScript code failed\nfrom unknown command: 'Runtime.evaluate' wasn't found\n  (Session info: chrome=137.0.7151.69)\nStacktrace:\n\tGetHandleVerifier [0x0x7ff602d26f65+78965]\n\tGetHandleVerifier [0x0x7ff602d26fc0+79056]\n\t(No symbol) [0x0x7ff602ab9dda]\n\t(No symbol) [0x0x7ff602aa65d0]\n\t(No symbol) [0x0x7ff602aa4ce9]\n\t(No symbol) [0x0x7ff602aa559f]\n\t(No symbol) [0x0x7ff602ad0cab]\n\t(No symbol) [0x0x7ff602ac42c0]\n\t(No symbol) [0x0x7ff602ac4162]\n\t(No symbol) [0x0x7ff602a95d68]\n\t(No symbol) [0x0x7ff602a93d03]\n\t(No symbol) [0x0x7ff602b79011]\n\t(No symbol) [0x0x7ff602b3866a]\n\t(No symbol) [0x0x7ff602b60dbe]\n\t(No symbol) [0x0x7ff602b38443]\n\t(No symbol) [0x0x7ff602b01311]\n\t(No symbol) [0x0x7ff602b020a3]\n\tGetHandleVerifier [0x0x7ff602fde26d+2926461]\n\tGetHandleVerifier [0x0x7ff602fd8993+2903715]\n\tGetHandleVerifier [0x0x7ff602ff6aed+3026941]\n\tGetHandleVerifier [0x0x7ff602d416fe+187406]\n\tGetHandleVerifier [0x0x7ff602d496ef+220159]\n\tGetHandleVerifier [0x0x7ff602d2faf4+114692]\n\tGetHandleVerifier [0x0x7ff602d2fca9+115129]\n\tGetHandleVerifier [0x0x7ff602d164d8+10728]\n\tBaseThreadInitThunk [0x0x7ffe01a57374+20]\n\tRtlUserThreadStart [0x0x7ffe0239cc91+33]","statusTrace":"@pytest.fixture  # (scope=\"class\")这个参数表示整个测试类共用同一个浏览器，默认一个用例执行一次\n    def login_to_shift():\n        \"\"\"初始化并返回 driver\"\"\"\n        date_driver = DateDriver()\n        # 初始化 driver\n>       driver = create_driver(date_driver.driver_path)\n\nTests\\test_items\\test_shift.py:26: \n_ _ _ _ _ _ _ _ _ _ _ _ _ _ _ _ _ _ _ _ _ _ _ _ _ _ _ _ _ _ _ _ _ _ _ _ _ _ _ _ _ _ _ _ _ _ _ _ _ _ _ _ _ _ _ _ _ _ _ _ _ _ _ _ _ _ _ _ _ _ _ _ _ _ _ _ _ _ _ _ _ _ _ _ _ _ _ _ _ _ _ _\nUtils\\driver_manager.py:34: in create_driver\n    driver.maximize_window()  # 最大化浏览器窗口\nmyenv\\lib\\site-packages\\selenium\\webdriver\\remote\\webdriver.py:638: in maximize_window\n    self.execute(command, None)\nmyenv\\lib\\site-packages\\selenium\\webdriver\\remote\\webdriver.py:447: in execute\n    self.error_handler.check_response(response)\n_ _ _ _ _ _ _ _ _ _ _ _ _ _ _ _ _ _ _ _ _ _ _ _ _ _ _ _ _ _ _ _ _ _ _ _ _ _ _ _ _ _ _ _ _ _ _ _ _ _ _ _ _ _ _ _ _ _ _ _ _ _ _ _ _ _ _ _ _ _ _ _ _ _ _ _ _ _ _ _ _ _ _ _ _ _ _ _ _ _ _ _\n\nself = <selenium.webdriver.remote.errorhandler.ErrorHandler object at 0x000001AFDDFB37F0>\nresponse = {'status': 500, 'value': '{\"value\":{\"error\":\"unknown error\",\"message\":\"unknown error: JavaScript code failed\\\\nfrom un...ff602d164d8+10728]\\\\n\\\\tBaseThreadInitThunk [0x0x7ffe01a57374+20]\\\\n\\\\tRtlUserThreadStart [0x0x7ffe0239cc91+33]\\\\n\"}}'}\n\n    def check_response(self, response: Dict[str, Any]) -> None:\n        \"\"\"Checks that a JSON response from the WebDriver does not have an\n        error.\n    \n        :Args:\n         - response - The JSON response from the WebDriver server as a dictionary\n           object.\n    \n        :Raises: If the response contains an error message.\n        \"\"\"\n        status = response.get(\"status\", None)\n        if not status or status == ErrorCode.SUCCESS:\n            return\n        value = None\n        message = response.get(\"message\", \"\")\n        screen: str = response.get(\"screen\", \"\")\n        stacktrace = None\n        if isinstance(status, int):\n            value_json = response.get(\"value\", None)\n            if value_json and isinstance(value_json, str):\n                import json\n    \n                try:\n                    value = json.loads(value_json)\n                    if len(value) == 1:\n                        value = value[\"value\"]\n                    status = value.get(\"error\", None)\n                    if not status:\n                        status = value.get(\"status\", ErrorCode.UNKNOWN_ERROR)\n                        message = value.get(\"value\") or value.get(\"message\")\n                        if not isinstance(message, str):\n                            value = message\n                            message = message.get(\"message\")\n                    else:\n                        message = value.get(\"message\", None)\n                except ValueError:\n                    pass\n    \n        exception_class: Type[WebDriverException]\n        e = ErrorCode()\n        error_codes = [item for item in dir(e) if not item.startswith(\"__\")]\n        for error_code in error_codes:\n            error_info = getattr(ErrorCode, error_code)\n            if isinstance(error_info, list) and status in error_info:\n                exception_class = getattr(ExceptionMapping, error_code, WebDriverException)\n                break\n        else:\n            exception_class = WebDriverException\n    \n        if not value:\n            value = response[\"value\"]\n        if isinstance(value, str):\n            raise exception_class(value)\n        if message == \"\" and \"message\" in value:\n            message = value[\"message\"]\n    \n        screen = None  # type: ignore[assignment]\n        if \"screen\" in value:\n            screen = value[\"screen\"]\n    \n        stacktrace = None\n        st_value = value.get(\"stackTrace\") or value.get(\"stacktrace\")\n        if st_value:\n            if isinstance(st_value, str):\n                stacktrace = st_value.split(\"\\n\")\n            else:\n                stacktrace = []\n                try:\n                    for frame in st_value:\n                        line = frame.get(\"lineNumber\", \"\")\n                        file = frame.get(\"fileName\", \"<anonymous>\")\n                        if line:\n                            file = f\"{file}:{line}\"\n                        meth = frame.get(\"methodName\", \"<anonymous>\")\n                        if \"className\" in frame:\n                            meth = f\"{frame['className']}.{meth}\"\n                        msg = \"    at %s (%s)\"\n                        msg = msg % (meth, file)\n                        stacktrace.append(msg)\n                except TypeError:\n                    pass\n        if exception_class == UnexpectedAlertPresentException:\n            alert_text = None\n            if \"data\" in value:\n                alert_text = value[\"data\"].get(\"text\")\n            elif \"alert\" in value:\n                alert_text = value[\"alert\"].get(\"text\")\n            raise exception_class(message, screen, stacktrace, alert_text)  # type: ignore[call-arg]  # mypy is not smart enough here\n>       raise exception_class(message, screen, stacktrace)\nE       selenium.common.exceptions.WebDriverException: Message: unknown error: JavaScript code failed\nE       from unknown command: 'Runtime.evaluate' wasn't found\nE         (Session info: chrome=137.0.7151.69)\nE       Stacktrace:\nE       \tGetHandleVerifier [0x0x7ff602d26f65+78965]\nE       \tGetHandleVerifier [0x0x7ff602d26fc0+79056]\nE       \t(No symbol) [0x0x7ff602ab9dda]\nE       \t(No symbol) [0x0x7ff602aa65d0]\nE       \t(No symbol) [0x0x7ff602aa4ce9]\nE       \t(No symbol) [0x0x7ff602aa559f]\nE       \t(No symbol) [0x0x7ff602ad0cab]\nE       \t(No symbol) [0x0x7ff602ac42c0]\nE       \t(No symbol) [0x0x7ff602ac4162]\nE       \t(No symbol) [0x0x7ff602a95d68]\nE       \t(No symbol) [0x0x7ff602a93d03]\nE       \t(No symbol) [0x0x7ff602b79011]\nE       \t(No symbol) [0x0x7ff602b3866a]\nE       \t(No symbol) [0x0x7ff602b60dbe]\nE       \t(No symbol) [0x0x7ff602b38443]\nE       \t(No symbol) [0x0x7ff602b01311]\nE       \t(No symbol) [0x0x7ff602b020a3]\nE       \tGetHandleVerifier [0x0x7ff602fde26d+2926461]\nE       \tGetHandleVerifier [0x0x7ff602fd8993+2903715]\nE       \tGetHandleVerifier [0x0x7ff602ff6aed+3026941]\nE       \tGetHandleVerifier [0x0x7ff602d416fe+187406]\nE       \tGetHandleVerifier [0x0x7ff602d496ef+220159]\nE       \tGetHandleVerifier [0x0x7ff602d2faf4+114692]\nE       \tGetHandleVerifier [0x0x7ff602d2fca9+115129]\nE       \tGetHandleVerifier [0x0x7ff602d164d8+10728]\nE       \tBaseThreadInitThunk [0x0x7ffe01a57374+20]\nE       \tRtlUserThreadStart [0x0x7ffe0239cc91+33]\n\nmyenv\\lib\\site-packages\\selenium\\webdriver\\remote\\errorhandler.py:232: WebDriverException","flaky":false,"newFailed":false,"newBroken":false,"newPassed":false,"retriesCount":1,"retriesStatusChange":true,"beforeStages":[{"name":"login_to_shift","time":{"start":1756196019444,"stop":1756196021180,"duration":1736},"status":"broken","statusMessage":"selenium.common.exceptions.WebDriverException: Message: unknown error: JavaScript code failed\nfrom unknown command: 'Runtime.evaluate' wasn't found\n  (Session info: chrome=137.0.7151.69)\nStacktrace:\n\tGetHandleVerifier [0x0x7ff602d26f65+78965]\n\tGetHandleVerifier [0x0x7ff602d26fc0+79056]\n\t(No symbol) [0x0x7ff602ab9dda]\n\t(No symbol) [0x0x7ff602aa65d0]\n\t(No symbol) [0x0x7ff602aa4ce9]\n\t(No symbol) [0x0x7ff602aa559f]\n\t(No symbol) [0x0x7ff602ad0cab]\n\t(No symbol) [0x0x7ff602ac42c0]\n\t(No symbol) [0x0x7ff602ac4162]\n\t(No symbol) [0x0x7ff602a95d68]\n\t(No symbol) [0x0x7ff602a93d03]\n\t(No symbol) [0x0x7ff602b79011]\n\t(No symbol) [0x0x7ff602b3866a]\n\t(No symbol) [0x0x7ff602b60dbe]\n\t(No symbol) [0x0x7ff602b38443]\n\t(No symbol) [0x0x7ff602b01311]\n\t(No symbol) [0x0x7ff602b020a3]\n\tGetHandleVerifier [0x0x7ff602fde26d+2926461]\n\tGetHandleVerifier [0x0x7ff602fd8993+2903715]\n\tGetHandleVerifier [0x0x7ff602ff6aed+3026941]\n\tGetHandleVerifier [0x0x7ff602d416fe+187406]\n\tGetHandleVerifier [0x0x7ff602d496ef+220159]\n\tGetHandleVerifier [0x0x7ff602d2faf4+114692]\n\tGetHandleVerifier [0x0x7ff602d2fca9+115129]\n\tGetHandleVerifier [0x0x7ff602d164d8+10728]\n\tBaseThreadInitThunk [0x0x7ffe01a57374+20]\n\tRtlUserThreadStart [0x0x7ffe0239cc91+33]\n\n","statusTrace":"  File \"D:\\PycharmProjects\\APS\\myenv\\lib\\site-packages\\pluggy\\_callers.py\", line 38, in run_old_style_hookwrapper\n    res = yield\n  File \"D:\\PycharmProjects\\APS\\myenv\\lib\\site-packages\\pluggy\\_callers.py\", line 139, in _multicall\n    teardown.throw(exception)\n  File \"D:\\PycharmProjects\\APS\\myenv\\lib\\site-packages\\_pytest\\setuponly.py\", line 36, in pytest_fixture_setup\n    return (yield)\n  File \"D:\\PycharmProjects\\APS\\myenv\\lib\\site-packages\\pluggy\\_callers.py\", line 121, in _multicall\n    res = hook_impl.function(*args)\n  File \"D:\\PycharmProjects\\APS\\myenv\\lib\\site-packages\\_pytest\\fixtures.py\", line 1195, in pytest_fixture_setup\n    result = call_fixture_func(fixturefunc, request, kwargs)\n  File \"D:\\PycharmProjects\\APS\\myenv\\lib\\site-packages\\_pytest\\fixtures.py\", line 922, in call_fixture_func\n    fixture_result = next(generator)\n  File \"D:\\PycharmProjects\\APS\\Tests\\test_items\\test_shift.py\", line 26, in login_to_shift\n    driver = create_driver(date_driver.driver_path)\n  File \"D:\\PycharmProjects\\APS\\Utils\\driver_manager.py\", line 34, in create_driver\n    driver.maximize_window()  # 最大化浏览器窗口\n  File \"D:\\PycharmProjects\\APS\\myenv\\lib\\site-packages\\selenium\\webdriver\\remote\\webdriver.py\", line 638, in maximize_window\n    self.execute(command, None)\n  File \"D:\\PycharmProjects\\APS\\myenv\\lib\\site-packages\\selenium\\webdriver\\remote\\webdriver.py\", line 447, in execute\n    self.error_handler.check_response(response)\n  File \"D:\\PycharmProjects\\APS\\myenv\\lib\\site-packages\\selenium\\webdriver\\remote\\errorhandler.py\", line 232, in check_response\n    raise exception_class(message, screen, stacktrace)\n","steps":[],"attachments":[],"parameters":[],"stepsCount":0,"hasContent":true,"attachmentStep":false,"shouldDisplayMessage":true,"attachmentsCount":0}],"afterStages":[],"labels":[{"name":"feature","value":"班次表测试用例"},{"name":"story","value":"删除数据成功,删除数据删除布局成功"},{"name":"parentSuite","value":"Tests.test_items"},{"name":"suite","value":"test_shift"},{"name":"subSuite","value":"TestShiftPage"},{"name":"host","value":"WIN-20240820MJV"},{"name":"thread","value":"9196-MainThread"},{"name":"framework","value":"pytest"},{"name":"language","value":"cpython3"},{"name":"package","value":"Tests.test_items.test_shift"},{"name":"resultFormat","value":"allure2"}],"parameters":[],"links":[],"hidden":false,"retry":false,"extra":{"severity":"normal","retries":[{"uid":"dc6d3461cb941480","status":"passed","time":{"start":1755781860798,"stop":1755781877429,"duration":16631}}],"categories":[{"name":"Test defects","matchedStatuses":[]}],"tags":[]},"source":"dd0fb04d4a6845e7.json","parameterValues":[]}