{"uid":"df9a67da73833bb4","name":"test_home_delete_template1","fullName":"Tests.test_system.test_home.TestHomePage#test_home_delete_template1","historyId":"17889a324d5a5152570b98cd303519ba","time":{"start":1761064727105,"stop":1761064741271,"duration":14166},"status":"broken","statusMessage":"selenium.common.exceptions.TimeoutException: Message: \nStacktrace:\n\tGetHandleVerifier [0x0x7ff719876f65+78965]\n\tGetHandleVerifier [0x0x7ff719876fc0+79056]\n\t(No symbol) [0x0x7ff719609dda]\n\t(No symbol) [0x0x7ff7196602ea]\n\t(No symbol) [0x0x7ff71966059c]\n\t(No symbol) [0x0x7ff7196b3f37]\n\t(No symbol) [0x0x7ff7196886af]\n\t(No symbol) [0x0x7ff7196b0dbe]\n\t(No symbol) [0x0x7ff719688443]\n\t(No symbol) [0x0x7ff719651311]\n\t(No symbol) [0x0x7ff7196520a3]\n\tGetHandleVerifier [0x0x7ff719b2e26d+2926461]\n\tGetHandleVerifier [0x0x7ff719b28993+2903715]\n\tGetHandleVerifier [0x0x7ff719b46aed+3026941]\n\tGetHandleVerifier [0x0x7ff7198916fe+187406]\n\tGetHandleVerifier [0x0x7ff7198996ef+220159]\n\tGetHandleVerifier [0x0x7ff71987faf4+114692]\n\tGetHandleVerifier [0x0x7ff71987fca9+115129]\n\tGetHandleVerifier [0x0x7ff7198664d8+10728]\n\tBaseThreadInitThunk [0x0x7ffee1537374+20]\n\tRtlUserThreadStart [0x0x7ffee1a7cc91+33]","statusTrace":"self = <test_system.test_home.TestHomePage object at 0x00000173A6870280>, login_to_home = <selenium.webdriver.chrome.webdriver.WebDriver (session=\"3411bb1707483175bf586ecea79e7e61\")>\n\n    @allure.story(\"删除测试布局成功\")\n    # @pytest.mark.run(order=1)\n    def test_home_delete_template1(self, login_to_home):\n        driver = login_to_home  # WebDriver 实例\n        home = HomePage(driver)  # 用 driver 初始化 HomePage\n        name = \"测试模版2confirm\"\n>       ele = home.delete_template(name)\n\nTests\\test_system\\test_home.py:495: \n_ _ _ _ _ _ _ _ _ _ _ _ _ _ _ _ _ _ _ _ _ _ _ _ _ _ _ _ _ _ _ _ _ _ _ _ _ _ _ _ _ _ _ _ _ _ _ _ _ _ _ _ _ _ _ _ _ _ _ _ _ _ _ _ _ _ _ _ _ _ _ _ _ _ _ _ _ _ _ _ _ _ _ _ _ _ _ _ _ _ _ _ _ _ _ _ _ _ _ _ _ _ _ _ _ _ _ _ _ _ _ _ _ _ _ _\nPages\\systemPage\\homepage_page.py:146: in delete_template\n    container = self.get_find_element_xpath(\nPages\\systemPage\\homepage_page.py:27: in get_find_element_xpath\n    return self.find_element(By.XPATH, xpath)\nPages\\base_page.py:28: in find_element\n    return WebDriverWait(self.driver, wait_time).until(\n_ _ _ _ _ _ _ _ _ _ _ _ _ _ _ _ _ _ _ _ _ _ _ _ _ _ _ _ _ _ _ _ _ _ _ _ _ _ _ _ _ _ _ _ _ _ _ _ _ _ _ _ _ _ _ _ _ _ _ _ _ _ _ _ _ _ _ _ _ _ _ _ _ _ _ _ _ _ _ _ _ _ _ _ _ _ _ _ _ _ _ _ _ _ _ _ _ _ _ _ _ _ _ _ _ _ _ _ _ _ _ _ _ _ _ _\n\nself = <selenium.webdriver.support.wait.WebDriverWait (session=\"3411bb1707483175bf586ecea79e7e61\")>, method = <function presence_of_element_located.<locals>._predicate at 0x00000173A71E8430>, message = ''\n\n    def until(self, method: Callable[[D], Union[Literal[False], T]], message: str = \"\") -> T:\n        \"\"\"Wait until the method returns a value that is not False.\n    \n        Calls the method provided with the driver as an argument until the\n        return value does not evaluate to ``False``.\n    \n        Parameters:\n        -----------\n        method: callable(WebDriver)\n            - A callable object that takes a WebDriver instance as an argument.\n    \n        message: str\n            - Optional message for :exc:`TimeoutException`\n    \n        Return:\n        -------\n        object: T\n            - The result of the last call to `method`\n    \n        Raises:\n        -------\n        TimeoutException\n            - If 'method' does not return a truthy value within the WebDriverWait\n            object's timeout\n    \n        Example:\n        --------\n        >>> from selenium.webdriver.common.by import By\n        >>> from selenium.webdriver.support.ui import WebDriverWait\n        >>> from selenium.webdriver.support import expected_conditions as EC\n    \n        # Wait until an element is visible on the page\n        >>> wait = WebDriverWait(driver, 10)\n        >>> element = wait.until(EC.visibility_of_element_located((By.ID, \"exampleId\")))\n        >>> print(element.text)\n        \"\"\"\n        screen = None\n        stacktrace = None\n    \n        end_time = time.monotonic() + self._timeout\n        while True:\n            try:\n                value = method(self._driver)\n                if value:\n                    return value\n            except self._ignored_exceptions as exc:\n                screen = getattr(exc, \"screen\", None)\n                stacktrace = getattr(exc, \"stacktrace\", None)\n            if time.monotonic() > end_time:\n                break\n            time.sleep(self._poll)\n>       raise TimeoutException(message, screen, stacktrace)\nE       selenium.common.exceptions.TimeoutException: Message: \nE       Stacktrace:\nE       \tGetHandleVerifier [0x0x7ff719876f65+78965]\nE       \tGetHandleVerifier [0x0x7ff719876fc0+79056]\nE       \t(No symbol) [0x0x7ff719609dda]\nE       \t(No symbol) [0x0x7ff7196602ea]\nE       \t(No symbol) [0x0x7ff71966059c]\nE       \t(No symbol) [0x0x7ff7196b3f37]\nE       \t(No symbol) [0x0x7ff7196886af]\nE       \t(No symbol) [0x0x7ff7196b0dbe]\nE       \t(No symbol) [0x0x7ff719688443]\nE       \t(No symbol) [0x0x7ff719651311]\nE       \t(No symbol) [0x0x7ff7196520a3]\nE       \tGetHandleVerifier [0x0x7ff719b2e26d+2926461]\nE       \tGetHandleVerifier [0x0x7ff719b28993+2903715]\nE       \tGetHandleVerifier [0x0x7ff719b46aed+3026941]\nE       \tGetHandleVerifier [0x0x7ff7198916fe+187406]\nE       \tGetHandleVerifier [0x0x7ff7198996ef+220159]\nE       \tGetHandleVerifier [0x0x7ff71987faf4+114692]\nE       \tGetHandleVerifier [0x0x7ff71987fca9+115129]\nE       \tGetHandleVerifier [0x0x7ff7198664d8+10728]\nE       \tBaseThreadInitThunk [0x0x7ffee1537374+20]\nE       \tRtlUserThreadStart [0x0x7ffee1a7cc91+33]\n\nmyenv\\lib\\site-packages\\selenium\\webdriver\\support\\wait.py:138: TimeoutException","flaky":false,"newFailed":false,"newBroken":false,"newPassed":false,"retriesCount":1,"retriesStatusChange":false,"beforeStages":[{"name":"login_to_home","time":{"start":1761064710720,"stop":1761064727104,"duration":16384},"status":"passed","steps":[],"attachments":[],"parameters":[],"attachmentsCount":0,"shouldDisplayMessage":false,"stepsCount":0,"hasContent":false,"attachmentStep":false}],"testStage":{"status":"broken","statusMessage":"selenium.common.exceptions.TimeoutException: Message: \nStacktrace:\n\tGetHandleVerifier [0x0x7ff719876f65+78965]\n\tGetHandleVerifier [0x0x7ff719876fc0+79056]\n\t(No symbol) [0x0x7ff719609dda]\n\t(No symbol) [0x0x7ff7196602ea]\n\t(No symbol) [0x0x7ff71966059c]\n\t(No symbol) [0x0x7ff7196b3f37]\n\t(No symbol) [0x0x7ff7196886af]\n\t(No symbol) [0x0x7ff7196b0dbe]\n\t(No symbol) [0x0x7ff719688443]\n\t(No symbol) [0x0x7ff719651311]\n\t(No symbol) [0x0x7ff7196520a3]\n\tGetHandleVerifier [0x0x7ff719b2e26d+2926461]\n\tGetHandleVerifier [0x0x7ff719b28993+2903715]\n\tGetHandleVerifier [0x0x7ff719b46aed+3026941]\n\tGetHandleVerifier [0x0x7ff7198916fe+187406]\n\tGetHandleVerifier [0x0x7ff7198996ef+220159]\n\tGetHandleVerifier [0x0x7ff71987faf4+114692]\n\tGetHandleVerifier [0x0x7ff71987fca9+115129]\n\tGetHandleVerifier [0x0x7ff7198664d8+10728]\n\tBaseThreadInitThunk [0x0x7ffee1537374+20]\n\tRtlUserThreadStart [0x0x7ffee1a7cc91+33]","statusTrace":"self = <test_system.test_home.TestHomePage object at 0x00000173A6870280>, login_to_home = <selenium.webdriver.chrome.webdriver.WebDriver (session=\"3411bb1707483175bf586ecea79e7e61\")>\n\n    @allure.story(\"删除测试布局成功\")\n    # @pytest.mark.run(order=1)\n    def test_home_delete_template1(self, login_to_home):\n        driver = login_to_home  # WebDriver 实例\n        home = HomePage(driver)  # 用 driver 初始化 HomePage\n        name = \"测试模版2confirm\"\n>       ele = home.delete_template(name)\n\nTests\\test_system\\test_home.py:495: \n_ _ _ _ _ _ _ _ _ _ _ _ _ _ _ _ _ _ _ _ _ _ _ _ _ _ _ _ _ _ _ _ _ _ _ _ _ _ _ _ _ _ _ _ _ _ _ _ _ _ _ _ _ _ _ _ _ _ _ _ _ _ _ _ _ _ _ _ _ _ _ _ _ _ _ _ _ _ _ _ _ _ _ _ _ _ _ _ _ _ _ _ _ _ _ _ _ _ _ _ _ _ _ _ _ _ _ _ _ _ _ _ _ _ _ _\nPages\\systemPage\\homepage_page.py:146: in delete_template\n    container = self.get_find_element_xpath(\nPages\\systemPage\\homepage_page.py:27: in get_find_element_xpath\n    return self.find_element(By.XPATH, xpath)\nPages\\base_page.py:28: in find_element\n    return WebDriverWait(self.driver, wait_time).until(\n_ _ _ _ _ _ _ _ _ _ _ _ _ _ _ _ _ _ _ _ _ _ _ _ _ _ _ _ _ _ _ _ _ _ _ _ _ _ _ _ _ _ _ _ _ _ _ _ _ _ _ _ _ _ _ _ _ _ _ _ _ _ _ _ _ _ _ _ _ _ _ _ _ _ _ _ _ _ _ _ _ _ _ _ _ _ _ _ _ _ _ _ _ _ _ _ _ _ _ _ _ _ _ _ _ _ _ _ _ _ _ _ _ _ _ _\n\nself = <selenium.webdriver.support.wait.WebDriverWait (session=\"3411bb1707483175bf586ecea79e7e61\")>, method = <function presence_of_element_located.<locals>._predicate at 0x00000173A71E8430>, message = ''\n\n    def until(self, method: Callable[[D], Union[Literal[False], T]], message: str = \"\") -> T:\n        \"\"\"Wait until the method returns a value that is not False.\n    \n        Calls the method provided with the driver as an argument until the\n        return value does not evaluate to ``False``.\n    \n        Parameters:\n        -----------\n        method: callable(WebDriver)\n            - A callable object that takes a WebDriver instance as an argument.\n    \n        message: str\n            - Optional message for :exc:`TimeoutException`\n    \n        Return:\n        -------\n        object: T\n            - The result of the last call to `method`\n    \n        Raises:\n        -------\n        TimeoutException\n            - If 'method' does not return a truthy value within the WebDriverWait\n            object's timeout\n    \n        Example:\n        --------\n        >>> from selenium.webdriver.common.by import By\n        >>> from selenium.webdriver.support.ui import WebDriverWait\n        >>> from selenium.webdriver.support import expected_conditions as EC\n    \n        # Wait until an element is visible on the page\n        >>> wait = WebDriverWait(driver, 10)\n        >>> element = wait.until(EC.visibility_of_element_located((By.ID, \"exampleId\")))\n        >>> print(element.text)\n        \"\"\"\n        screen = None\n        stacktrace = None\n    \n        end_time = time.monotonic() + self._timeout\n        while True:\n            try:\n                value = method(self._driver)\n                if value:\n                    return value\n            except self._ignored_exceptions as exc:\n                screen = getattr(exc, \"screen\", None)\n                stacktrace = getattr(exc, \"stacktrace\", None)\n            if time.monotonic() > end_time:\n                break\n            time.sleep(self._poll)\n>       raise TimeoutException(message, screen, stacktrace)\nE       selenium.common.exceptions.TimeoutException: Message: \nE       Stacktrace:\nE       \tGetHandleVerifier [0x0x7ff719876f65+78965]\nE       \tGetHandleVerifier [0x0x7ff719876fc0+79056]\nE       \t(No symbol) [0x0x7ff719609dda]\nE       \t(No symbol) [0x0x7ff7196602ea]\nE       \t(No symbol) [0x0x7ff71966059c]\nE       \t(No symbol) [0x0x7ff7196b3f37]\nE       \t(No symbol) [0x0x7ff7196886af]\nE       \t(No symbol) [0x0x7ff7196b0dbe]\nE       \t(No symbol) [0x0x7ff719688443]\nE       \t(No symbol) [0x0x7ff719651311]\nE       \t(No symbol) [0x0x7ff7196520a3]\nE       \tGetHandleVerifier [0x0x7ff719b2e26d+2926461]\nE       \tGetHandleVerifier [0x0x7ff719b28993+2903715]\nE       \tGetHandleVerifier [0x0x7ff719b46aed+3026941]\nE       \tGetHandleVerifier [0x0x7ff7198916fe+187406]\nE       \tGetHandleVerifier [0x0x7ff7198996ef+220159]\nE       \tGetHandleVerifier [0x0x7ff71987faf4+114692]\nE       \tGetHandleVerifier [0x0x7ff71987fca9+115129]\nE       \tGetHandleVerifier [0x0x7ff7198664d8+10728]\nE       \tBaseThreadInitThunk [0x0x7ffee1537374+20]\nE       \tRtlUserThreadStart [0x0x7ffee1a7cc91+33]\n\nmyenv\\lib\\site-packages\\selenium\\webdriver\\support\\wait.py:138: TimeoutException","steps":[],"attachments":[{"uid":"27c09a5116067dc4","name":"test_home_delete_template1_failure","source":"27c09a5116067dc4.png","type":"image/png","size":101208},{"uid":"fd044ac49a1a2d07","name":"test_home_delete_template1_source","source":"fd044ac49a1a2d07.html","type":"text/html","size":5594977},{"uid":"94590bc11141f6af","name":"log","source":"94590bc11141f6af.txt","type":"text/plain","size":2583}],"parameters":[],"attachmentsCount":3,"shouldDisplayMessage":true,"stepsCount":0,"hasContent":true,"attachmentStep":false},"afterStages":[{"name":"login_to_home::0","time":{"start":1761064742407,"stop":1761064744784,"duration":2377},"status":"passed","steps":[],"attachments":[],"parameters":[],"attachmentsCount":0,"shouldDisplayMessage":false,"stepsCount":0,"hasContent":false,"attachmentStep":false}],"labels":[{"name":"feature","value":"主页设置页用例"},{"name":"story","value":"删除测试布局成功"},{"name":"parentSuite","value":"Tests.test_system"},{"name":"suite","value":"test_home"},{"name":"subSuite","value":"TestHomePage"},{"name":"host","value":"WIN-20240820MJV"},{"name":"thread","value":"14388-MainThread"},{"name":"framework","value":"pytest"},{"name":"language","value":"cpython3"},{"name":"package","value":"Tests.test_system.test_home"},{"name":"resultFormat","value":"allure2"}],"parameters":[],"links":[],"hidden":false,"retry":false,"extra":{"severity":"normal","retries":[{"uid":"f289c7e4fa114661","status":"broken","statusDetails":"selenium.common.exceptions.TimeoutException: Message: \nStacktrace:\n\tGetHandleVerifier [0x0x7ff719876f65+78965]\n\tGetHandleVerifier [0x0x7ff719876fc0+79056]\n\t(No symbol) [0x0x7ff719609dda]\n\t(No symbol) [0x0x7ff7196602ea]\n\t(No symbol) [0x0x7ff71966059c]\n\t(No symbol) [0x0x7ff7196b3f37]\n\t(No symbol) [0x0x7ff7196886af]\n\t(No symbol) [0x0x7ff7196b0dbe]\n\t(No symbol) [0x0x7ff719688443]\n\t(No symbol) [0x0x7ff719651311]\n\t(No symbol) [0x0x7ff7196520a3]\n\tGetHandleVerifier [0x0x7ff719b2e26d+2926461]\n\tGetHandleVerifier [0x0x7ff719b28993+2903715]\n\tGetHandleVerifier [0x0x7ff719b46aed+3026941]\n\tGetHandleVerifier [0x0x7ff7198916fe+187406]\n\tGetHandleVerifier [0x0x7ff7198996ef+220159]\n\tGetHandleVerifier [0x0x7ff71987faf4+114692]\n\tGetHandleVerifier [0x0x7ff71987fca9+115129]\n\tGetHandleVerifier [0x0x7ff7198664d8+10728]\n\tBaseThreadInitThunk [0x0x7ffee1537374+20]\n\tRtlUserThreadStart [0x0x7ffee1a7cc91+33]","time":{"start":1761064689560,"stop":1761064706969,"duration":17409}}],"categories":[{"name":"Test defects","matchedStatuses":[]}],"tags":[]},"source":"df9a67da73833bb4.json","parameterValues":[]}