{"uid":"e16d2c206ca8f303","name":"test_affairs_process_nextfail7","fullName":"Tests.test_system.test_affairs.TestAffairsPage#test_affairs_process_nextfail7","historyId":"b66f8efb479cb3895424d2c6562b32cd","time":{"start":1761067291997,"stop":1761067296229,"duration":4232},"status":"failed","statusMessage":"AssertionError: assert (1 == 1 and ['请填写按月'] == ['请填写时间设置']\n +  where 1 = len(['请填写按月'])\n  \n  At index 0 diff: \u001B[0m\u001B[33m'\u001B[39;49;00m\u001B[33m请填写按月\u001B[39;49;00m\u001B[33m'\u001B[39;49;00m\u001B[90m\u001B[39;49;00m != \u001B[0m\u001B[33m'\u001B[39;49;00m\u001B[33m请填写时间设置\u001B[39;49;00m\u001B[33m'\u001B[39;49;00m\u001B[90m\u001B[39;49;00m\n  \n  Full diff:\n  \u001B[0m\u001B[90m \u001B[39;49;00m [\u001B[90m\u001B[39;49;00m\n  \u001B[91m-     '请填写时间设置',\u001B[39;49;00m\u001B[90m\u001B[39;49;00m\n  ?         ^^^^\u001B[90m\u001B[39;49;00m...\n  \n  ...Full output truncated (3 lines hidden), use '-vv' to show)","statusTrace":"self = <test_system.test_affairs.TestAffairsPage object at 0x00000173A66B5540>, login_to_affairs = <selenium.webdriver.chrome.webdriver.WebDriver (session=\"a6b075d46c25231e40fd00c2d02c2d38\")>\n\n    @allure.story(\"我的流程-频率为月，不填写时间设置，不允许点击下一步\")\n    # @pytest.mark.run(order=1)\n    def test_affairs_process_nextfail7(self, login_to_affairs):\n        driver = login_to_affairs  # WebDriver 实例\n        affairs = AffairsPage(driver)  # 用 driver 初始化 AffairsPage\n        affairs.click_process()\n        affairs.add_process(name=\"测试流程1\", type=\"服务\", frequency=\"月\")\n        affairs.click_next()\n        eles = affairs.finds_elements(By.XPATH, '//div[@class=\"el-form-item__error\"]')\n        list_ = [ele.text for ele in eles]\n>       assert len(list_) == 1 and list_ == ['请填写时间设置']\nE       AssertionError: assert (1 == 1 and ['请填写按月'] == ['请填写时间设置']\nE        +  where 1 = len(['请填写按月'])\nE         \nE         At index 0 diff: \u001B[0m\u001B[33m'\u001B[39;49;00m\u001B[33m请填写按月\u001B[39;49;00m\u001B[33m'\u001B[39;49;00m\u001B[90m\u001B[39;49;00m != \u001B[0m\u001B[33m'\u001B[39;49;00m\u001B[33m请填写时间设置\u001B[39;49;00m\u001B[33m'\u001B[39;49;00m\u001B[90m\u001B[39;49;00m\nE         \nE         Full diff:\nE         \u001B[0m\u001B[90m \u001B[39;49;00m [\u001B[90m\u001B[39;49;00m\nE         \u001B[91m-     '请填写时间设置',\u001B[39;49;00m\u001B[90m\u001B[39;49;00m\nE         ?         ^^^^\u001B[90m\u001B[39;49;00m...\nE         \nE         ...Full output truncated (3 lines hidden), use '-vv' to show)\n\nTests\\test_system\\test_affairs.py:754: AssertionError","flaky":false,"newFailed":false,"newBroken":false,"newPassed":false,"retriesCount":1,"retriesStatusChange":false,"beforeStages":[{"name":"login_to_affairs","time":{"start":1761067274845,"stop":1761067291995,"duration":17150},"status":"passed","steps":[],"attachments":[],"parameters":[],"attachmentsCount":0,"shouldDisplayMessage":false,"stepsCount":0,"hasContent":false,"attachmentStep":false}],"testStage":{"status":"failed","statusMessage":"AssertionError: assert (1 == 1 and ['请填写按月'] == ['请填写时间设置']\n +  where 1 = len(['请填写按月'])\n  \n  At index 0 diff: \u001B[0m\u001B[33m'\u001B[39;49;00m\u001B[33m请填写按月\u001B[39;49;00m\u001B[33m'\u001B[39;49;00m\u001B[90m\u001B[39;49;00m != \u001B[0m\u001B[33m'\u001B[39;49;00m\u001B[33m请填写时间设置\u001B[39;49;00m\u001B[33m'\u001B[39;49;00m\u001B[90m\u001B[39;49;00m\n  \n  Full diff:\n  \u001B[0m\u001B[90m \u001B[39;49;00m [\u001B[90m\u001B[39;49;00m\n  \u001B[91m-     '请填写时间设置',\u001B[39;49;00m\u001B[90m\u001B[39;49;00m\n  ?         ^^^^\u001B[90m\u001B[39;49;00m...\n  \n  ...Full output truncated (3 lines hidden), use '-vv' to show)","statusTrace":"self = <test_system.test_affairs.TestAffairsPage object at 0x00000173A66B5540>, login_to_affairs = <selenium.webdriver.chrome.webdriver.WebDriver (session=\"a6b075d46c25231e40fd00c2d02c2d38\")>\n\n    @allure.story(\"我的流程-频率为月，不填写时间设置，不允许点击下一步\")\n    # @pytest.mark.run(order=1)\n    def test_affairs_process_nextfail7(self, login_to_affairs):\n        driver = login_to_affairs  # WebDriver 实例\n        affairs = AffairsPage(driver)  # 用 driver 初始化 AffairsPage\n        affairs.click_process()\n        affairs.add_process(name=\"测试流程1\", type=\"服务\", frequency=\"月\")\n        affairs.click_next()\n        eles = affairs.finds_elements(By.XPATH, '//div[@class=\"el-form-item__error\"]')\n        list_ = [ele.text for ele in eles]\n>       assert len(list_) == 1 and list_ == ['请填写时间设置']\nE       AssertionError: assert (1 == 1 and ['请填写按月'] == ['请填写时间设置']\nE        +  where 1 = len(['请填写按月'])\nE         \nE         At index 0 diff: \u001B[0m\u001B[33m'\u001B[39;49;00m\u001B[33m请填写按月\u001B[39;49;00m\u001B[33m'\u001B[39;49;00m\u001B[90m\u001B[39;49;00m != \u001B[0m\u001B[33m'\u001B[39;49;00m\u001B[33m请填写时间设置\u001B[39;49;00m\u001B[33m'\u001B[39;49;00m\u001B[90m\u001B[39;49;00m\nE         \nE         Full diff:\nE         \u001B[0m\u001B[90m \u001B[39;49;00m [\u001B[90m\u001B[39;49;00m\nE         \u001B[91m-     '请填写时间设置',\u001B[39;49;00m\u001B[90m\u001B[39;49;00m\nE         ?         ^^^^\u001B[90m\u001B[39;49;00m...\nE         \nE         ...Full output truncated (3 lines hidden), use '-vv' to show)\n\nTests\\test_system\\test_affairs.py:754: AssertionError","steps":[],"attachments":[{"uid":"d83aa14c80012d4e","name":"test_affairs_process_nextfail7_failure","source":"d83aa14c80012d4e.png","type":"image/png","size":86058},{"uid":"b564c09cb61ef6fc","name":"test_affairs_process_nextfail7_source","source":"b564c09cb61ef6fc.html","type":"text/html","size":1143857},{"uid":"cb6c9f112aaec74","name":"log","source":"cb6c9f112aaec74.txt","type":"text/plain","size":2827}],"parameters":[],"attachmentsCount":3,"shouldDisplayMessage":true,"stepsCount":0,"hasContent":true,"attachmentStep":false},"afterStages":[{"name":"login_to_affairs::0","time":{"start":1761067296843,"stop":1761067299246,"duration":2403},"status":"passed","steps":[],"attachments":[],"parameters":[],"attachmentsCount":0,"shouldDisplayMessage":false,"stepsCount":0,"hasContent":false,"attachmentStep":false}],"labels":[{"name":"feature","value":"事务管理页用例"},{"name":"story","value":"我的流程-频率为月，不填写时间设置，不允许点击下一步"},{"name":"parentSuite","value":"Tests.test_system"},{"name":"suite","value":"test_affairs"},{"name":"subSuite","value":"TestAffairsPage"},{"name":"host","value":"WIN-20240820MJV"},{"name":"thread","value":"14388-MainThread"},{"name":"framework","value":"pytest"},{"name":"language","value":"cpython3"},{"name":"package","value":"Tests.test_system.test_affairs"},{"name":"resultFormat","value":"allure2"}],"parameters":[],"links":[],"hidden":false,"retry":false,"extra":{"severity":"normal","retries":[{"uid":"8f8b4a45bf802b95","status":"failed","statusDetails":"AssertionError: assert (1 == 1 and ['请填写按月'] == ['请填写时间设置']\n +  where 1 = len(['请填写按月'])\n  \n  At index 0 diff: \u001B[0m\u001B[33m'\u001B[39;49;00m\u001B[33m请填写按月\u001B[39;49;00m\u001B[33m'\u001B[39;49;00m\u001B[90m\u001B[39;49;00m != \u001B[0m\u001B[33m'\u001B[39;49;00m\u001B[33m请填写时间设置\u001B[39;49;00m\u001B[33m'\u001B[39;49;00m\u001B[90m\u001B[39;49;00m\n  \n  Full diff:\n  \u001B[0m\u001B[90m \u001B[39;49;00m [\u001B[90m\u001B[39;49;00m\n  \u001B[91m-     '请填写时间设置',\u001B[39;49;00m\u001B[90m\u001B[39;49;00m\n  ?         ^^^^\u001B[90m\u001B[39;49;00m...\n  \n  ...Full output truncated (3 lines hidden), use '-vv' to show)","time":{"start":1761067267716,"stop":1761067271820,"duration":4104}}],"categories":[{"name":"Product defects","matchedStatuses":[]}],"tags":[]},"source":"e16d2c206ca8f303.json","parameterValues":[]}