{"uid":"eb3eb812c88e7255","name":"test_environment_all_numsuccess","fullName":"Tests.test_system.test_environment.TestEnvironmentPage#test_environment_all_numsuccess","historyId":"edf69724b5376069b3b90ba60339ed27","time":{"start":1755106093261,"stop":1755106099931,"duration":6670},"status":"failed","statusMessage":"AssertionError: assert ('13.3' == '133'\n  \n  \u001B[0m\u001B[91m- 133\u001B[39;49;00m\u001B[90m\u001B[39;49;00m\n  \u001B[92m+ 13.3\u001B[39;49;00m\u001B[90m\u001B[39;49;00m\n  ?   +\u001B[90m\u001B[39;49;00m)","statusTrace":"self = <test_system.test_environment.TestEnvironmentPage object at 0x0000023BD40CD690>\nlogin_to_environment = <selenium.webdriver.chrome.webdriver.WebDriver (session=\"461a35a2974c9333364243e11786aad1\")>\n\n    @allure.story(\"全体页面-输入备份文件只允许输入数字，点击保存，保存成功\")\n    # @pytest.mark.run(order=1)\n    def test_environment_all_numsuccess(self, login_to_environment):\n        driver = login_to_environment  # WebDriver 实例\n        environment = EnvironmentPage(driver)  # 用 driver 初始化 EnvironmentPage\n        before_value = environment.enter_number_input(\"QAseE1@!><?+_+=-3.3\")\n        environment.click_save_button()\n        message = environment.get_find_message()\n        environment.right_refresh()\n        after_value = environment.enter_number_input()\n>       assert before_value == after_value == \"133\" and message == \"保存成功\"\nE       AssertionError: assert ('13.3' == '133'\nE         \nE         \u001B[0m\u001B[91m- 133\u001B[39;49;00m\u001B[90m\u001B[39;49;00m\nE         \u001B[92m+ 13.3\u001B[39;49;00m\u001B[90m\u001B[39;49;00m\nE         ?   +\u001B[90m\u001B[39;49;00m)\n\nTests\\test_system\\test_environment.py:90: AssertionError","flaky":false,"newFailed":false,"newBroken":false,"newPassed":false,"retriesCount":1,"retriesStatusChange":false,"beforeStages":[{"name":"login_to_environment","time":{"start":1755106084177,"stop":1755106093260,"duration":9083},"status":"passed","steps":[],"attachments":[],"parameters":[],"attachmentsCount":0,"shouldDisplayMessage":false,"stepsCount":0,"attachmentStep":false,"hasContent":false}],"testStage":{"status":"failed","statusMessage":"AssertionError: assert ('13.3' == '133'\n  \n  \u001B[0m\u001B[91m- 133\u001B[39;49;00m\u001B[90m\u001B[39;49;00m\n  \u001B[92m+ 13.3\u001B[39;49;00m\u001B[90m\u001B[39;49;00m\n  ?   +\u001B[90m\u001B[39;49;00m)","statusTrace":"self = <test_system.test_environment.TestEnvironmentPage object at 0x0000023BD40CD690>\nlogin_to_environment = <selenium.webdriver.chrome.webdriver.WebDriver (session=\"461a35a2974c9333364243e11786aad1\")>\n\n    @allure.story(\"全体页面-输入备份文件只允许输入数字，点击保存，保存成功\")\n    # @pytest.mark.run(order=1)\n    def test_environment_all_numsuccess(self, login_to_environment):\n        driver = login_to_environment  # WebDriver 实例\n        environment = EnvironmentPage(driver)  # 用 driver 初始化 EnvironmentPage\n        before_value = environment.enter_number_input(\"QAseE1@!><?+_+=-3.3\")\n        environment.click_save_button()\n        message = environment.get_find_message()\n        environment.right_refresh()\n        after_value = environment.enter_number_input()\n>       assert before_value == after_value == \"133\" and message == \"保存成功\"\nE       AssertionError: assert ('13.3' == '133'\nE         \nE         \u001B[0m\u001B[91m- 133\u001B[39;49;00m\u001B[90m\u001B[39;49;00m\nE         \u001B[92m+ 13.3\u001B[39;49;00m\u001B[90m\u001B[39;49;00m\nE         ?   +\u001B[90m\u001B[39;49;00m)\n\nTests\\test_system\\test_environment.py:90: AssertionError","steps":[],"attachments":[{"uid":"a8281d37fab1957c","name":"test_environment_all_numsuccess_failure","source":"a8281d37fab1957c.png","type":"image/png","size":82217},{"uid":"32df172a1f737faa","name":"test_environment_all_numsuccess_source","source":"32df172a1f737faa.html","type":"text/html","size":1108250},{"uid":"5d89c9d41c37f986","name":"log","source":"5d89c9d41c37f986.txt","type":"text/plain","size":2875}],"parameters":[],"attachmentsCount":3,"shouldDisplayMessage":true,"stepsCount":0,"attachmentStep":false,"hasContent":true},"afterStages":[{"name":"login_to_environment::0","time":{"start":1755106100096,"stop":1755106102343,"duration":2247},"status":"passed","steps":[],"attachments":[],"parameters":[],"attachmentsCount":0,"shouldDisplayMessage":false,"stepsCount":0,"attachmentStep":false,"hasContent":false}],"labels":[{"name":"story","value":"全体页面-输入备份文件只允许输入数字，点击保存，保存成功"},{"name":"feature","value":"环境设置页用例"},{"name":"parentSuite","value":"Tests.test_system"},{"name":"suite","value":"test_environment"},{"name":"subSuite","value":"TestEnvironmentPage"},{"name":"host","value":"WIN-20240820MJV"},{"name":"thread","value":"3232-MainThread"},{"name":"framework","value":"pytest"},{"name":"language","value":"cpython3"},{"name":"package","value":"Tests.test_system.test_environment"},{"name":"resultFormat","value":"allure2"}],"parameters":[],"links":[],"hidden":false,"retry":false,"extra":{"severity":"normal","retries":[{"uid":"252919aa6a83f641","status":"failed","statusDetails":"AssertionError: assert ('13.3' == '133'\n  \n  \u001B[0m\u001B[91m- 133\u001B[39;49;00m\u001B[90m\u001B[39;49;00m\n  \u001B[92m+ 13.3\u001B[39;49;00m\u001B[90m\u001B[39;49;00m\n  ?   +\u001B[90m\u001B[39;49;00m)","time":{"start":1755106075078,"stop":1755106081779,"duration":6701}}],"categories":[{"name":"Product defects","matchedStatuses":[]}],"tags":[]},"source":"eb3eb812c88e7255.json","parameterValues":[]}