{"uid":"ebf893eda4b8da6c","name":"test_master_addserial2","fullName":"Tests.test_items.test_master.TestMasterPage#test_master_addserial2","historyId":"fa165a8633804484ea574c94b15cd9ce","time":{"start":1761234710920,"stop":1761234729482,"duration":18562},"status":"broken","statusMessage":"selenium.common.exceptions.TimeoutException: Message: 点击失败，找不到元素：xpath = //table[.//div[@class=\"vxe-input type--text size--mini is--controls\"]]//tr[1]/td[2]//input","statusTrace":"self = <Pages.itemsPage.master_page.MasterPage object at 0x000001FC195135E0>, by_or_element = 'xpath', value = '//table[.//div[@class=\"vxe-input type--text size--mini is--controls\"]]//tr[1]/td[2]//input', wait_time = 10\n\n    def click(self, by_or_element, value=None, wait_time=10):\n        if value is not None:\n            by = by_or_element\n            logging.info(f\"点击元素：By = {by}, Value = {value}\")\n            try:\n>               element = WebDriverWait(self.driver, wait_time).until(\n                    EC.element_to_be_clickable((by, value))\n                )\n\nPages\\base_page.py:45: \n_ _ _ _ _ _ _ _ _ _ _ _ _ _ _ _ _ _ _ _ _ _ _ _ _ _ _ _ _ _ _ _ _ _ _ _ _ _ _ _ _ _ _ _ _ _ _ _ _ _ _ _ _ _ _ _ _ _ _ _ _ _ _ _ _ _ _ _ _ _ _ _ _ _ _ _ _ _ _ _ _ _ _ _ _ _ _ _ _ _ _ _ _ _ _ _ _ _ _ _ _ _ _ _ _ _ _ _ _ _ _ _ _ _ _ _\n\nself = <selenium.webdriver.support.wait.WebDriverWait (session=\"01769e4392327151c858740625f90c05\")>, method = <function element_to_be_clickable.<locals>._predicate at 0x000001FC1AB38CA0>, message = ''\n\n    def until(self, method: Callable[[D], Union[Literal[False], T]], message: str = \"\") -> T:\n        \"\"\"Wait until the method returns a value that is not False.\n    \n        Calls the method provided with the driver as an argument until the\n        return value does not evaluate to ``False``.\n    \n        Parameters:\n        -----------\n        method: callable(WebDriver)\n            - A callable object that takes a WebDriver instance as an argument.\n    \n        message: str\n            - Optional message for :exc:`TimeoutException`\n    \n        Return:\n        -------\n        object: T\n            - The result of the last call to `method`\n    \n        Raises:\n        -------\n        TimeoutException\n            - If 'method' does not return a truthy value within the WebDriverWait\n            object's timeout\n    \n        Example:\n        --------\n        >>> from selenium.webdriver.common.by import By\n        >>> from selenium.webdriver.support.ui import WebDriverWait\n        >>> from selenium.webdriver.support import expected_conditions as EC\n    \n        # Wait until an element is visible on the page\n        >>> wait = WebDriverWait(driver, 10)\n        >>> element = wait.until(EC.visibility_of_element_located((By.ID, \"exampleId\")))\n        >>> print(element.text)\n        \"\"\"\n        screen = None\n        stacktrace = None\n    \n        end_time = time.monotonic() + self._timeout\n        while True:\n            try:\n                value = method(self._driver)\n                if value:\n                    return value\n            except self._ignored_exceptions as exc:\n                screen = getattr(exc, \"screen\", None)\n                stacktrace = getattr(exc, \"stacktrace\", None)\n            if time.monotonic() > end_time:\n                break\n            time.sleep(self._poll)\n>       raise TimeoutException(message, screen, stacktrace)\nE       selenium.common.exceptions.TimeoutException: Message: \nE       Stacktrace:\nE       \tGetHandleVerifier [0x0x7ff6e4aa6f65+78965]\nE       \tGetHandleVerifier [0x0x7ff6e4aa6fc0+79056]\nE       \t(No symbol) [0x0x7ff6e4839dda]\nE       \t(No symbol) [0x0x7ff6e48902ea]\nE       \t(No symbol) [0x0x7ff6e489059c]\nE       \t(No symbol) [0x0x7ff6e48e3f37]\nE       \t(No symbol) [0x0x7ff6e48b86af]\nE       \t(No symbol) [0x0x7ff6e48e0dbe]\nE       \t(No symbol) [0x0x7ff6e48b8443]\nE       \t(No symbol) [0x0x7ff6e4881311]\nE       \t(No symbol) [0x0x7ff6e48820a3]\nE       \tGetHandleVerifier [0x0x7ff6e4d5e26d+2926461]\nE       \tGetHandleVerifier [0x0x7ff6e4d58993+2903715]\nE       \tGetHandleVerifier [0x0x7ff6e4d76aed+3026941]\nE       \tGetHandleVerifier [0x0x7ff6e4ac16fe+187406]\nE       \tGetHandleVerifier [0x0x7ff6e4ac96ef+220159]\nE       \tGetHandleVerifier [0x0x7ff6e4aafaf4+114692]\nE       \tGetHandleVerifier [0x0x7ff6e4aafca9+115129]\nE       \tGetHandleVerifier [0x0x7ff6e4a964d8+10728]\nE       \tBaseThreadInitThunk [0x0x7ffee1537374+20]\nE       \tRtlUserThreadStart [0x0x7ffee1a7cc91+33]\n\nmyenv\\lib\\site-packages\\selenium\\webdriver\\support\\wait.py:138: TimeoutException\n\nDuring handling of the above exception, another exception occurred:\n\nself = <test_items.test_master.TestMasterPage object at 0x000001FC18FC8BE0>, login_to_master = <selenium.webdriver.chrome.webdriver.WebDriver (session=\"01769e4392327151c858740625f90c05\")>\n\n    @allure.story(\n        \"添加工艺产能信息，只填写物料，工序选定器和工序编号，输入指令，新增成功,校验文本框\"\n    )\n    # @pytest.mark.run(order=3)\n    def test_master_addserial2(self, login_to_master):\n        driver = login_to_master  # WebDriver 实例\n        master = MasterPage(driver)  # 用 driver 初始化 MasterPage\n        name = \"111111111111111133331122221111222221111111113333111111144444111111111111111111111111111111111111111111111111\"\n        # 清空之前的共享数据\n        SharedDataUtil.clear_data()\n        master.click_add_button()\n    \n        # 填写订物料代码\n        master.click_button('//span[text()=\" 物料代码： \"]/parent::div//i')\n        sleep(1.5)\n        master.click_button(\n            '(//table[@class=\"vxe-table--body\"]//tr[1]/td[2])[last()]'\n        )\n        master.click_button('(//div[@class=\"h-40px flex-justify-end flex-align-items-end b-t-s-d9e3f3\"])[2]/button[1]')\n        sleep(1)\n        item = master.get_find_element_xpath(\n            '//span[text()=\" 物料代码： \"]/parent::div//input'\n        ).get_attribute(\"value\")\n    \n        # 点击工序选定器\n>       master.click_button(\n            '//table[.//div[@class=\"vxe-input type--text size--mini is--controls\"]]//tr[1]/td[2]//input'\n        )\n\nTests\\test_items\\test_master.py:182: \n_ _ _ _ _ _ _ _ _ _ _ _ _ _ _ _ _ _ _ _ _ _ _ _ _ _ _ _ _ _ _ _ _ _ _ _ _ _ _ _ _ _ _ _ _ _ _ _ _ _ _ _ _ _ _ _ _ _ _ _ _ _ _ _ _ _ _ _ _ _ _ _ _ _ _ _ _ _ _ _ _ _ _ _ _ _ _ _ _ _ _ _ _ _ _ _ _ _ _ _ _ _ _ _ _ _ _ _ _ _ _ _ _ _ _ _\nPages\\itemsPage\\master_page.py:43: in click_button\n    self.click(By.XPATH, xpath)\n_ _ _ _ _ _ _ _ _ _ _ _ _ _ _ _ _ _ _ _ _ _ _ _ _ _ _ _ _ _ _ _ _ _ _ _ _ _ _ _ _ _ _ _ _ _ _ _ _ _ _ _ _ _ _ _ _ _ _ _ _ _ _ _ _ _ _ _ _ _ _ _ _ _ _ _ _ _ _ _ _ _ _ _ _ _ _ _ _ _ _ _ _ _ _ _ _ _ _ _ _ _ _ _ _ _ _ _ _ _ _ _ _ _ _ _\n\nself = <Pages.itemsPage.master_page.MasterPage object at 0x000001FC195135E0>, by_or_element = 'xpath', value = '//table[.//div[@class=\"vxe-input type--text size--mini is--controls\"]]//tr[1]/td[2]//input', wait_time = 10\n\n    def click(self, by_or_element, value=None, wait_time=10):\n        if value is not None:\n            by = by_or_element\n            logging.info(f\"点击元素：By = {by}, Value = {value}\")\n            try:\n                element = WebDriverWait(self.driver, wait_time).until(\n                    EC.element_to_be_clickable((by, value))\n                )\n            except TimeoutException:\n                logging.warning(f\"❌ 点击超时：元素 {by} = {value} 未在 {wait_time} 秒内变为可点击\")\n>               raise TimeoutException(f\"点击失败，找不到元素：{by} = {value}\")\nE               selenium.common.exceptions.TimeoutException: Message: 点击失败，找不到元素：xpath = //table[.//div[@class=\"vxe-input type--text size--mini is--controls\"]]//tr[1]/td[2]//input\n\nPages\\base_page.py:50: TimeoutException","flaky":false,"newFailed":false,"newBroken":false,"newPassed":false,"retriesCount":1,"retriesStatusChange":true,"beforeStages":[{"name":"login_to_master","time":{"start":1761234694448,"stop":1761234710918,"duration":16470},"status":"passed","steps":[],"attachments":[],"parameters":[],"attachmentStep":false,"hasContent":false,"stepsCount":0,"shouldDisplayMessage":false,"attachmentsCount":0}],"testStage":{"status":"broken","statusMessage":"selenium.common.exceptions.TimeoutException: Message: 点击失败，找不到元素：xpath = //table[.//div[@class=\"vxe-input type--text size--mini is--controls\"]]//tr[1]/td[2]//input","statusTrace":"self = <Pages.itemsPage.master_page.MasterPage object at 0x000001FC195135E0>, by_or_element = 'xpath', value = '//table[.//div[@class=\"vxe-input type--text size--mini is--controls\"]]//tr[1]/td[2]//input', wait_time = 10\n\n    def click(self, by_or_element, value=None, wait_time=10):\n        if value is not None:\n            by = by_or_element\n            logging.info(f\"点击元素：By = {by}, Value = {value}\")\n            try:\n>               element = WebDriverWait(self.driver, wait_time).until(\n                    EC.element_to_be_clickable((by, value))\n                )\n\nPages\\base_page.py:45: \n_ _ _ _ _ _ _ _ _ _ _ _ _ _ _ _ _ _ _ _ _ _ _ _ _ _ _ _ _ _ _ _ _ _ _ _ _ _ _ _ _ _ _ _ _ _ _ _ _ _ _ _ _ _ _ _ _ _ _ _ _ _ _ _ _ _ _ _ _ _ _ _ _ _ _ _ _ _ _ _ _ _ _ _ _ _ _ _ _ _ _ _ _ _ _ _ _ _ _ _ _ _ _ _ _ _ _ _ _ _ _ _ _ _ _ _\n\nself = <selenium.webdriver.support.wait.WebDriverWait (session=\"01769e4392327151c858740625f90c05\")>, method = <function element_to_be_clickable.<locals>._predicate at 0x000001FC1AB38CA0>, message = ''\n\n    def until(self, method: Callable[[D], Union[Literal[False], T]], message: str = \"\") -> T:\n        \"\"\"Wait until the method returns a value that is not False.\n    \n        Calls the method provided with the driver as an argument until the\n        return value does not evaluate to ``False``.\n    \n        Parameters:\n        -----------\n        method: callable(WebDriver)\n            - A callable object that takes a WebDriver instance as an argument.\n    \n        message: str\n            - Optional message for :exc:`TimeoutException`\n    \n        Return:\n        -------\n        object: T\n            - The result of the last call to `method`\n    \n        Raises:\n        -------\n        TimeoutException\n            - If 'method' does not return a truthy value within the WebDriverWait\n            object's timeout\n    \n        Example:\n        --------\n        >>> from selenium.webdriver.common.by import By\n        >>> from selenium.webdriver.support.ui import WebDriverWait\n        >>> from selenium.webdriver.support import expected_conditions as EC\n    \n        # Wait until an element is visible on the page\n        >>> wait = WebDriverWait(driver, 10)\n        >>> element = wait.until(EC.visibility_of_element_located((By.ID, \"exampleId\")))\n        >>> print(element.text)\n        \"\"\"\n        screen = None\n        stacktrace = None\n    \n        end_time = time.monotonic() + self._timeout\n        while True:\n            try:\n                value = method(self._driver)\n                if value:\n                    return value\n            except self._ignored_exceptions as exc:\n                screen = getattr(exc, \"screen\", None)\n                stacktrace = getattr(exc, \"stacktrace\", None)\n            if time.monotonic() > end_time:\n                break\n            time.sleep(self._poll)\n>       raise TimeoutException(message, screen, stacktrace)\nE       selenium.common.exceptions.TimeoutException: Message: \nE       Stacktrace:\nE       \tGetHandleVerifier [0x0x7ff6e4aa6f65+78965]\nE       \tGetHandleVerifier [0x0x7ff6e4aa6fc0+79056]\nE       \t(No symbol) [0x0x7ff6e4839dda]\nE       \t(No symbol) [0x0x7ff6e48902ea]\nE       \t(No symbol) [0x0x7ff6e489059c]\nE       \t(No symbol) [0x0x7ff6e48e3f37]\nE       \t(No symbol) [0x0x7ff6e48b86af]\nE       \t(No symbol) [0x0x7ff6e48e0dbe]\nE       \t(No symbol) [0x0x7ff6e48b8443]\nE       \t(No symbol) [0x0x7ff6e4881311]\nE       \t(No symbol) [0x0x7ff6e48820a3]\nE       \tGetHandleVerifier [0x0x7ff6e4d5e26d+2926461]\nE       \tGetHandleVerifier [0x0x7ff6e4d58993+2903715]\nE       \tGetHandleVerifier [0x0x7ff6e4d76aed+3026941]\nE       \tGetHandleVerifier [0x0x7ff6e4ac16fe+187406]\nE       \tGetHandleVerifier [0x0x7ff6e4ac96ef+220159]\nE       \tGetHandleVerifier [0x0x7ff6e4aafaf4+114692]\nE       \tGetHandleVerifier [0x0x7ff6e4aafca9+115129]\nE       \tGetHandleVerifier [0x0x7ff6e4a964d8+10728]\nE       \tBaseThreadInitThunk [0x0x7ffee1537374+20]\nE       \tRtlUserThreadStart [0x0x7ffee1a7cc91+33]\n\nmyenv\\lib\\site-packages\\selenium\\webdriver\\support\\wait.py:138: TimeoutException\n\nDuring handling of the above exception, another exception occurred:\n\nself = <test_items.test_master.TestMasterPage object at 0x000001FC18FC8BE0>, login_to_master = <selenium.webdriver.chrome.webdriver.WebDriver (session=\"01769e4392327151c858740625f90c05\")>\n\n    @allure.story(\n        \"添加工艺产能信息，只填写物料，工序选定器和工序编号，输入指令，新增成功,校验文本框\"\n    )\n    # @pytest.mark.run(order=3)\n    def test_master_addserial2(self, login_to_master):\n        driver = login_to_master  # WebDriver 实例\n        master = MasterPage(driver)  # 用 driver 初始化 MasterPage\n        name = \"111111111111111133331122221111222221111111113333111111144444111111111111111111111111111111111111111111111111\"\n        # 清空之前的共享数据\n        SharedDataUtil.clear_data()\n        master.click_add_button()\n    \n        # 填写订物料代码\n        master.click_button('//span[text()=\" 物料代码： \"]/parent::div//i')\n        sleep(1.5)\n        master.click_button(\n            '(//table[@class=\"vxe-table--body\"]//tr[1]/td[2])[last()]'\n        )\n        master.click_button('(//div[@class=\"h-40px flex-justify-end flex-align-items-end b-t-s-d9e3f3\"])[2]/button[1]')\n        sleep(1)\n        item = master.get_find_element_xpath(\n            '//span[text()=\" 物料代码： \"]/parent::div//input'\n        ).get_attribute(\"value\")\n    \n        # 点击工序选定器\n>       master.click_button(\n            '//table[.//div[@class=\"vxe-input type--text size--mini is--controls\"]]//tr[1]/td[2]//input'\n        )\n\nTests\\test_items\\test_master.py:182: \n_ _ _ _ _ _ _ _ _ _ _ _ _ _ _ _ _ _ _ _ _ _ _ _ _ _ _ _ _ _ _ _ _ _ _ _ _ _ _ _ _ _ _ _ _ _ _ _ _ _ _ _ _ _ _ _ _ _ _ _ _ _ _ _ _ _ _ _ _ _ _ _ _ _ _ _ _ _ _ _ _ _ _ _ _ _ _ _ _ _ _ _ _ _ _ _ _ _ _ _ _ _ _ _ _ _ _ _ _ _ _ _ _ _ _ _\nPages\\itemsPage\\master_page.py:43: in click_button\n    self.click(By.XPATH, xpath)\n_ _ _ _ _ _ _ _ _ _ _ _ _ _ _ _ _ _ _ _ _ _ _ _ _ _ _ _ _ _ _ _ _ _ _ _ _ _ _ _ _ _ _ _ _ _ _ _ _ _ _ _ _ _ _ _ _ _ _ _ _ _ _ _ _ _ _ _ _ _ _ _ _ _ _ _ _ _ _ _ _ _ _ _ _ _ _ _ _ _ _ _ _ _ _ _ _ _ _ _ _ _ _ _ _ _ _ _ _ _ _ _ _ _ _ _\n\nself = <Pages.itemsPage.master_page.MasterPage object at 0x000001FC195135E0>, by_or_element = 'xpath', value = '//table[.//div[@class=\"vxe-input type--text size--mini is--controls\"]]//tr[1]/td[2]//input', wait_time = 10\n\n    def click(self, by_or_element, value=None, wait_time=10):\n        if value is not None:\n            by = by_or_element\n            logging.info(f\"点击元素：By = {by}, Value = {value}\")\n            try:\n                element = WebDriverWait(self.driver, wait_time).until(\n                    EC.element_to_be_clickable((by, value))\n                )\n            except TimeoutException:\n                logging.warning(f\"❌ 点击超时：元素 {by} = {value} 未在 {wait_time} 秒内变为可点击\")\n>               raise TimeoutException(f\"点击失败，找不到元素：{by} = {value}\")\nE               selenium.common.exceptions.TimeoutException: Message: 点击失败，找不到元素：xpath = //table[.//div[@class=\"vxe-input type--text size--mini is--controls\"]]//tr[1]/td[2]//input\n\nPages\\base_page.py:50: TimeoutException","steps":[],"attachments":[{"uid":"ac269dac2476986e","name":"test_master_addserial2_failure","source":"ac269dac2476986e.png","type":"image/png","size":128295},{"uid":"3b14b6ef5e4a45df","name":"test_master_addserial2_source","source":"3b14b6ef5e4a45df.html","type":"text/html","size":1486051},{"uid":"bc44f41a9cb44225","name":"log","source":"bc44f41a9cb44225.txt","type":"text/plain","size":4921}],"parameters":[],"attachmentStep":false,"hasContent":true,"stepsCount":0,"shouldDisplayMessage":true,"attachmentsCount":3},"afterStages":[{"name":"login_to_master::0","time":{"start":1761234730241,"stop":1761234732706,"duration":2465},"status":"passed","steps":[],"attachments":[],"parameters":[],"attachmentStep":false,"hasContent":false,"stepsCount":0,"shouldDisplayMessage":false,"attachmentsCount":0}],"labels":[{"name":"story","value":"添加工艺产能信息，只填写物料，工序选定器和工序编号，输入指令，新增成功,校验文本框"},{"name":"feature","value":"工艺产能表测试用例"},{"name":"parentSuite","value":"Tests.test_items"},{"name":"suite","value":"test_master"},{"name":"subSuite","value":"TestMasterPage"},{"name":"host","value":"WIN-20240820MJV"},{"name":"thread","value":"21764-MainThread"},{"name":"framework","value":"pytest"},{"name":"language","value":"cpython3"},{"name":"package","value":"Tests.test_items.test_master"},{"name":"resultFormat","value":"allure2"}],"parameters":[],"links":[],"hidden":false,"retry":false,"extra":{"severity":"normal","retries":[{"uid":"b26717799908bd23","status":"failed","statusDetails":"AssertionError: assert '' == '111111111111...1111111111111'\n  \n  \u001B[0m\u001B[91m- 111111111111111133331122221111222221111111113333111111144444111111111111111111111111111111111111111111111111\u001B[39;49;00m\u001B[90m\u001B[39;49;00m","time":{"start":1761234672167,"stop":1761234691302,"duration":19135}}],"categories":[{"name":"Test defects","matchedStatuses":[]}],"tags":[]},"source":"ebf893eda4b8da6c.json","parameterValues":[]}