{"uid":"f763ff4217de5ef","name":"test_item_addcodefail","fullName":"Tests.test_material.test_materialVendors.TestItemPage#test_item_addcodefail","historyId":"8ee9f03a8d9c34536c15a07398266265","time":{"start":1755101204314,"stop":1755101204314,"duration":0},"status":"broken","statusMessage":"selenium.common.exceptions.TimeoutException: Message: \nStacktrace:\n\tGetHandleVerifier [0x0x7ff634466f65+78965]\n\tGetHandleVerifier [0x0x7ff634466fc0+79056]\n\t(No symbol) [0x0x7ff6341f9dda]\n\t(No symbol) [0x0x7ff6342502ea]\n\t(No symbol) [0x0x7ff63425059c]\n\t(No symbol) [0x0x7ff6342a3f37]\n\t(No symbol) [0x0x7ff6342786af]\n\t(No symbol) [0x0x7ff6342a0dbe]\n\t(No symbol) [0x0x7ff634278443]\n\t(No symbol) [0x0x7ff634241311]\n\t(No symbol) [0x0x7ff6342420a3]\n\tGetHandleVerifier [0x0x7ff63471e26d+2926461]\n\tGetHandleVerifier [0x0x7ff634718993+2903715]\n\tGetHandleVerifier [0x0x7ff634736aed+3026941]\n\tGetHandleVerifier [0x0x7ff6344816fe+187406]\n\tGetHandleVerifier [0x0x7ff6344896ef+220159]\n\tGetHandleVerifier [0x0x7ff63446faf4+114692]\n\tGetHandleVerifier [0x0x7ff63446fca9+115129]\n\tGetHandleVerifier [0x0x7ff6344564d8+10728]\n\tBaseThreadInitThunk [0x0x7ff992b87374+20]\n\tRtlUserThreadStart [0x0x7ff99357cc91+33]","statusTrace":"@pytest.fixture  # (scope=\"class\")这个参数表示整个测试类共用同一个浏览器，默认一个用例执行一次\n    def login_to_item():\n        \"\"\"初始化并返回 driver\"\"\"\n        driver_path = DateDriver().driver_path\n        driver = create_driver(driver_path)\n        driver.implicitly_wait(3)\n    \n        # 初始化登录页面\n        page = LoginPage(driver)  # 初始化登录页面\n        page.navigate_to(DateDriver().url)  # 导航到登录页面\n>       page.login(DateDriver().username, DateDriver().password, DateDriver().planning)\n\nTests\\test_material\\test_materialVendors.py:29: \n_ _ _ _ _ _ _ _ _ _ _ _ _ _ _ _ _ _ _ _ _ _ _ _ _ _ _ _ _ _ _ _ _ _ _ _ _ _ _ _ _ _ _ _ _ _ _ _ _ _ _ _ _ _ _ _ _ _ _ _ _ _ _ _ _ _ _ _ _ _ _ _ _ _ _ _ _ _ _ _ _ _ _ _ _ _ _ _ _ _ _ _\nPages\\itemsPage\\login_page.py:32: in login\n    self.enter_username(username)\nPages\\itemsPage\\login_page.py:16: in enter_username\n    self.enter_text(By.XPATH, '//input[@placeholder=\"请输入账户\"]', username)\nPages\\base_page.py:66: in enter_text\n    element = WebDriverWait(self.driver, wait_time).until(\n_ _ _ _ _ _ _ _ _ _ _ _ _ _ _ _ _ _ _ _ _ _ _ _ _ _ _ _ _ _ _ _ _ _ _ _ _ _ _ _ _ _ _ _ _ _ _ _ _ _ _ _ _ _ _ _ _ _ _ _ _ _ _ _ _ _ _ _ _ _ _ _ _ _ _ _ _ _ _ _ _ _ _ _ _ _ _ _ _ _ _ _\n\nself = <selenium.webdriver.support.wait.WebDriverWait (session=\"3d75e595d7c3c56290aaa34b1e53f95a\")>\nmethod = <function visibility_of_element_located.<locals>._predicate at 0x0000023BD4A09E10>, message = ''\n\n    def until(self, method: Callable[[D], Union[Literal[False], T]], message: str = \"\") -> T:\n        \"\"\"Wait until the method returns a value that is not False.\n    \n        Calls the method provided with the driver as an argument until the\n        return value does not evaluate to ``False``.\n    \n        Parameters:\n        -----------\n        method: callable(WebDriver)\n            - A callable object that takes a WebDriver instance as an argument.\n    \n        message: str\n            - Optional message for :exc:`TimeoutException`\n    \n        Return:\n        -------\n        object: T\n            - The result of the last call to `method`\n    \n        Raises:\n        -------\n        TimeoutException\n            - If 'method' does not return a truthy value within the WebDriverWait\n            object's timeout\n    \n        Example:\n        --------\n        >>> from selenium.webdriver.common.by import By\n        >>> from selenium.webdriver.support.ui import WebDriverWait\n        >>> from selenium.webdriver.support import expected_conditions as EC\n    \n        # Wait until an element is visible on the page\n        >>> wait = WebDriverWait(driver, 10)\n        >>> element = wait.until(EC.visibility_of_element_located((By.ID, \"exampleId\")))\n        >>> print(element.text)\n        \"\"\"\n        screen = None\n        stacktrace = None\n    \n        end_time = time.monotonic() + self._timeout\n        while True:\n            try:\n                value = method(self._driver)\n                if value:\n                    return value\n            except self._ignored_exceptions as exc:\n                screen = getattr(exc, \"screen\", None)\n                stacktrace = getattr(exc, \"stacktrace\", None)\n            if time.monotonic() > end_time:\n                break\n            time.sleep(self._poll)\n>       raise TimeoutException(message, screen, stacktrace)\nE       selenium.common.exceptions.TimeoutException: Message: \nE       Stacktrace:\nE       \tGetHandleVerifier [0x0x7ff634466f65+78965]\nE       \tGetHandleVerifier [0x0x7ff634466fc0+79056]\nE       \t(No symbol) [0x0x7ff6341f9dda]\nE       \t(No symbol) [0x0x7ff6342502ea]\nE       \t(No symbol) [0x0x7ff63425059c]\nE       \t(No symbol) [0x0x7ff6342a3f37]\nE       \t(No symbol) [0x0x7ff6342786af]\nE       \t(No symbol) [0x0x7ff6342a0dbe]\nE       \t(No symbol) [0x0x7ff634278443]\nE       \t(No symbol) [0x0x7ff634241311]\nE       \t(No symbol) [0x0x7ff6342420a3]\nE       \tGetHandleVerifier [0x0x7ff63471e26d+2926461]\nE       \tGetHandleVerifier [0x0x7ff634718993+2903715]\nE       \tGetHandleVerifier [0x0x7ff634736aed+3026941]\nE       \tGetHandleVerifier [0x0x7ff6344816fe+187406]\nE       \tGetHandleVerifier [0x0x7ff6344896ef+220159]\nE       \tGetHandleVerifier [0x0x7ff63446faf4+114692]\nE       \tGetHandleVerifier [0x0x7ff63446fca9+115129]\nE       \tGetHandleVerifier [0x0x7ff6344564d8+10728]\nE       \tBaseThreadInitThunk [0x0x7ff992b87374+20]\nE       \tRtlUserThreadStart [0x0x7ff99357cc91+33]\n\nmyenv\\lib\\site-packages\\selenium\\webdriver\\support\\wait.py:138: TimeoutException","flaky":false,"newFailed":false,"newBroken":false,"newPassed":false,"retriesCount":1,"retriesStatusChange":false,"beforeStages":[{"name":"login_to_item","time":{"start":1755101204315,"stop":1755101216006,"duration":11691},"status":"broken","statusMessage":"selenium.common.exceptions.TimeoutException: Message: \nStacktrace:\n\tGetHandleVerifier [0x0x7ff634466f65+78965]\n\tGetHandleVerifier [0x0x7ff634466fc0+79056]\n\t(No symbol) [0x0x7ff6341f9dda]\n\t(No symbol) [0x0x7ff6342502ea]\n\t(No symbol) [0x0x7ff63425059c]\n\t(No symbol) [0x0x7ff6342a3f37]\n\t(No symbol) [0x0x7ff6342786af]\n\t(No symbol) [0x0x7ff6342a0dbe]\n\t(No symbol) [0x0x7ff634278443]\n\t(No symbol) [0x0x7ff634241311]\n\t(No symbol) [0x0x7ff6342420a3]\n\tGetHandleVerifier [0x0x7ff63471e26d+2926461]\n\tGetHandleVerifier [0x0x7ff634718993+2903715]\n\tGetHandleVerifier [0x0x7ff634736aed+3026941]\n\tGetHandleVerifier [0x0x7ff6344816fe+187406]\n\tGetHandleVerifier [0x0x7ff6344896ef+220159]\n\tGetHandleVerifier [0x0x7ff63446faf4+114692]\n\tGetHandleVerifier [0x0x7ff63446fca9+115129]\n\tGetHandleVerifier [0x0x7ff6344564d8+10728]\n\tBaseThreadInitThunk [0x0x7ff992b87374+20]\n\tRtlUserThreadStart [0x0x7ff99357cc91+33]\n\n","statusTrace":"  File \"D:\\PycharmProjects\\APS\\myenv\\lib\\site-packages\\pluggy\\_callers.py\", line 38, in run_old_style_hookwrapper\n    res = yield\n  File \"D:\\PycharmProjects\\APS\\myenv\\lib\\site-packages\\pluggy\\_callers.py\", line 139, in _multicall\n    teardown.throw(exception)\n  File \"D:\\PycharmProjects\\APS\\myenv\\lib\\site-packages\\_pytest\\setuponly.py\", line 36, in pytest_fixture_setup\n    return (yield)\n  File \"D:\\PycharmProjects\\APS\\myenv\\lib\\site-packages\\pluggy\\_callers.py\", line 121, in _multicall\n    res = hook_impl.function(*args)\n  File \"D:\\PycharmProjects\\APS\\myenv\\lib\\site-packages\\_pytest\\fixtures.py\", line 1195, in pytest_fixture_setup\n    result = call_fixture_func(fixturefunc, request, kwargs)\n  File \"D:\\PycharmProjects\\APS\\myenv\\lib\\site-packages\\_pytest\\fixtures.py\", line 922, in call_fixture_func\n    fixture_result = next(generator)\n  File \"D:\\PycharmProjects\\APS\\Tests\\test_material\\test_materialVendors.py\", line 29, in login_to_item\n    page.login(DateDriver().username, DateDriver().password, DateDriver().planning)\n  File \"D:\\PycharmProjects\\APS\\Pages\\itemsPage\\login_page.py\", line 32, in login\n    self.enter_username(username)\n  File \"D:\\PycharmProjects\\APS\\Pages\\itemsPage\\login_page.py\", line 16, in enter_username\n    self.enter_text(By.XPATH, '//input[@placeholder=\"请输入账户\"]', username)\n  File \"D:\\PycharmProjects\\APS\\Pages\\base_page.py\", line 66, in enter_text\n    element = WebDriverWait(self.driver, wait_time).until(\n  File \"D:\\PycharmProjects\\APS\\myenv\\lib\\site-packages\\selenium\\webdriver\\support\\wait.py\", line 138, in until\n    raise TimeoutException(message, screen, stacktrace)\n","steps":[],"attachments":[],"parameters":[],"attachmentStep":false,"hasContent":true,"stepsCount":0,"attachmentsCount":0,"shouldDisplayMessage":true},{"name":"setup","time":{"start":1755101236904,"stop":1755101236912,"duration":8},"status":"passed","steps":[],"attachments":[],"parameters":[],"attachmentStep":false,"hasContent":false,"stepsCount":0,"attachmentsCount":0,"shouldDisplayMessage":false}],"afterStages":[],"labels":[{"name":"feature","value":"供应商信息测试用例"},{"name":"story","value":"添加供应商信息信息，只填写供应商代码，不填写联系人，不允许提交"},{"name":"parentSuite","value":"Tests.test_material"},{"name":"suite","value":"test_materialVendors"},{"name":"subSuite","value":"TestItemPage"},{"name":"host","value":"WIN-20240820MJV"},{"name":"thread","value":"3232-MainThread"},{"name":"framework","value":"pytest"},{"name":"language","value":"cpython3"},{"name":"package","value":"Tests.test_material.test_materialVendors"},{"name":"resultFormat","value":"allure2"}],"parameters":[],"links":[],"hidden":false,"retry":false,"extra":{"severity":"normal","retries":[{"uid":"2986c1f0cb33d54d","status":"broken","statusDetails":"selenium.common.exceptions.TimeoutException: Message: \nStacktrace:\n\tGetHandleVerifier [0x0x7ff634466f65+78965]\n\tGetHandleVerifier [0x0x7ff634466fc0+79056]\n\t(No symbol) [0x0x7ff6341f9dda]\n\t(No symbol) [0x0x7ff6342502ea]\n\t(No symbol) [0x0x7ff63425059c]\n\t(No symbol) [0x0x7ff6342a3f37]\n\t(No symbol) [0x0x7ff6342786af]\n\t(No symbol) [0x0x7ff6342a0dbe]\n\t(No symbol) [0x0x7ff634278443]\n\t(No symbol) [0x0x7ff634241311]\n\t(No symbol) [0x0x7ff6342420a3]\n\tGetHandleVerifier [0x0x7ff63471e26d+2926461]\n\tGetHandleVerifier [0x0x7ff634718993+2903715]\n\tGetHandleVerifier [0x0x7ff634736aed+3026941]\n\tGetHandleVerifier [0x0x7ff6344816fe+187406]\n\tGetHandleVerifier [0x0x7ff6344896ef+220159]\n\tGetHandleVerifier [0x0x7ff63446faf4+114692]\n\tGetHandleVerifier [0x0x7ff63446fca9+115129]\n\tGetHandleVerifier [0x0x7ff6344564d8+10728]\n\tBaseThreadInitThunk [0x0x7ff992b87374+20]\n\tRtlUserThreadStart [0x0x7ff99357cc91+33]","time":{"start":1755101192367,"stop":1755101192367,"duration":0}}],"categories":[{"name":"Test defects","matchedStatuses":[]}],"tags":[]},"source":"f763ff4217de5ef.json","parameterValues":[]}