{"uid":"f9b974241a3fe47d","name":"test_affairs_process_nextfail5","fullName":"Tests.test_system.test_affairs.TestAffairsPage#test_affairs_process_nextfail5","historyId":"66d34e89532e24ee8f9d122511dcf4ff","time":{"start":1754936384545,"stop":1754936391328,"duration":6783},"status":"failed","statusMessage":"AssertionError: assert (0 == 1)\n +  where 0 = len([])","statusTrace":"self = <test_system.test_affairs.TestAffairsPage object at 0x000001C1DEB5F1C0>\nlogin_to_affairs = <selenium.webdriver.chrome.webdriver.WebDriver (session=\"7114f904f6838f0c5420c044897a4a4e\")>\n\n    @allure.story(\"我的流程-频率为每天，不填写间隔执行，不允许点击下一步\")\n    # @pytest.mark.run(order=1)\n    def test_affairs_process_nextfail5(self, login_to_affairs):\n        driver = login_to_affairs  # WebDriver 实例\n        affairs = AffairsPage(driver)  # 用 driver 初始化 AffairsPage\n        affairs.click_process()\n        affairs.add_process(name=\"测试流程1\", type=\"服务\", frequency=\"每天\")\n        affairs.click_next()\n        eles = affairs.finds_elements(By.XPATH, '//div[@class=\"el-form-item__error\"]')\n        list_ = [ele.text for ele in eles]\n>       assert len(list_) == 1 and list_ == ['请填写间隔执行']\nE       assert (0 == 1)\nE        +  where 0 = len([])\n\nTests\\test_system\\test_affairs.py:728: AssertionError","flaky":false,"newFailed":false,"newBroken":false,"newPassed":false,"retriesCount":1,"retriesStatusChange":false,"beforeStages":[{"name":"login_to_affairs","time":{"start":1754936376091,"stop":1754936384545,"duration":8454},"status":"passed","steps":[],"attachments":[],"parameters":[],"shouldDisplayMessage":false,"attachmentsCount":0,"attachmentStep":false,"hasContent":false,"stepsCount":0}],"testStage":{"status":"failed","statusMessage":"AssertionError: assert (0 == 1)\n +  where 0 = len([])","statusTrace":"self = <test_system.test_affairs.TestAffairsPage object at 0x000001C1DEB5F1C0>\nlogin_to_affairs = <selenium.webdriver.chrome.webdriver.WebDriver (session=\"7114f904f6838f0c5420c044897a4a4e\")>\n\n    @allure.story(\"我的流程-频率为每天，不填写间隔执行，不允许点击下一步\")\n    # @pytest.mark.run(order=1)\n    def test_affairs_process_nextfail5(self, login_to_affairs):\n        driver = login_to_affairs  # WebDriver 实例\n        affairs = AffairsPage(driver)  # 用 driver 初始化 AffairsPage\n        affairs.click_process()\n        affairs.add_process(name=\"测试流程1\", type=\"服务\", frequency=\"每天\")\n        affairs.click_next()\n        eles = affairs.finds_elements(By.XPATH, '//div[@class=\"el-form-item__error\"]')\n        list_ = [ele.text for ele in eles]\n>       assert len(list_) == 1 and list_ == ['请填写间隔执行']\nE       assert (0 == 1)\nE        +  where 0 = len([])\n\nTests\\test_system\\test_affairs.py:728: AssertionError","steps":[],"attachments":[{"uid":"9442c2795526cf39","name":"test_affairs_process_nextfail5_failure","source":"9442c2795526cf39.png","type":"image/png","size":81848},{"uid":"c1cd93547721a359","name":"test_affairs_process_nextfail5_source","source":"c1cd93547721a359.html","type":"text/html","size":1160981},{"uid":"11c996a044667c12","name":"log","source":"11c996a044667c12.txt","type":"text/plain","size":4211}],"parameters":[],"shouldDisplayMessage":true,"attachmentsCount":3,"attachmentStep":false,"hasContent":true,"stepsCount":0},"afterStages":[{"name":"login_to_affairs::0","time":{"start":1754936391501,"stop":1754936393665,"duration":2164},"status":"passed","steps":[],"attachments":[],"parameters":[],"shouldDisplayMessage":false,"attachmentsCount":0,"attachmentStep":false,"hasContent":false,"stepsCount":0}],"labels":[{"name":"feature","value":"事务管理页用例"},{"name":"story","value":"我的流程-频率为每天，不填写间隔执行，不允许点击下一步"},{"name":"parentSuite","value":"Tests.test_system"},{"name":"suite","value":"test_affairs"},{"name":"subSuite","value":"TestAffairsPage"},{"name":"host","value":"WIN-20240820MJV"},{"name":"thread","value":"24412-MainThread"},{"name":"framework","value":"pytest"},{"name":"language","value":"cpython3"},{"name":"package","value":"Tests.test_system.test_affairs"},{"name":"resultFormat","value":"allure2"}],"parameters":[],"links":[],"hidden":false,"retry":false,"extra":{"severity":"normal","retries":[{"uid":"7a9b46e0da525279","status":"failed","statusDetails":"AssertionError: assert (0 == 1)\n +  where 0 = len([])","time":{"start":1754936366516,"stop":1754936373746,"duration":7230}}],"categories":[{"name":"Product defects","matchedStatuses":[]}],"tags":[]},"source":"f9b974241a3fe47d.json","parameterValues":[]}