{"uid":"fb8e3b0b846b5be6","name":"test_previewPlan_select","fullName":"Tests.test_item.test_previewplan.TestPreviewPlanPage#test_previewPlan_select","historyId":"c3a6bd3373d6139a6714f5fc1abca1c0","time":{"start":1752760348529,"stop":1752760359488,"duration":10959},"status":"broken","statusMessage":"selenium.common.exceptions.TimeoutException: Message: \nStacktrace:\n\tGetHandleVerifier [0x0x7ff7445e6f65+78965]\n\tGetHandleVerifier [0x0x7ff7445e6fc0+79056]\n\t(No symbol) [0x0x7ff744379dda]\n\t(No symbol) [0x0x7ff7443d02ea]\n\t(No symbol) [0x0x7ff7443d059c]\n\t(No symbol) [0x0x7ff744423f37]\n\t(No symbol) [0x0x7ff7443f86af]\n\t(No symbol) [0x0x7ff744420dbe]\n\t(No symbol) [0x0x7ff7443f8443]\n\t(No symbol) [0x0x7ff7443c1311]\n\t(No symbol) [0x0x7ff7443c20a3]\n\tGetHandleVerifier [0x0x7ff74489e26d+2926461]\n\tGetHandleVerifier [0x0x7ff744898993+2903715]\n\tGetHandleVerifier [0x0x7ff7448b6aed+3026941]\n\tGetHandleVerifier [0x0x7ff7446016fe+187406]\n\tGetHandleVerifier [0x0x7ff7446096ef+220159]\n\tGetHandleVerifier [0x0x7ff7445efaf4+114692]\n\tGetHandleVerifier [0x0x7ff7445efca9+115129]\n\tGetHandleVerifier [0x0x7ff7445d64d8+10728]\n\tBaseThreadInitThunk [0x0x7ffa099e7374+20]\n\tRtlUserThreadStart [0x0x7ffa0b89cc91+33]","statusTrace":"self = <test_item.test_previewplan.TestPreviewPlanPage object at 0x000001FF3787D180>\nlogin_to_previewPlan = <selenium.webdriver.chrome.webdriver.WebDriver (session=\"8ed6202524756dc616bf8850351d761b\")>\n\n    @allure.story(\"工作指示发布成功，工作指示一览显示成功\")\n    # @pytest.mark.run(order=1)\n    def test_previewPlan_select(self, login_to_previewPlan):\n        driver = login_to_previewPlan  # WebDriver 实例\n        previewPlan = PreviewPlanPage(driver)  # 用 previewPlan 初始化 PreviewPlanPage\n        shared_data = SharedDataUtil.load_data()\n        resource1 = shared_data.get(\"master_res1\")\n        resource2 = shared_data.get(\"master_res2\")\n        previewPlan.enter_texts(\n            '//div[./p[text()=\"订单代码\"]]/parent::div//input', \"1测试C订单\"\n        )\n>       ele_code1 = previewPlan.get_find_element_xpath(\n            '//table[.//td[4]//span[text()=\"1测试C订单\"]]//tr[1]/td[4]'\n        ).text\n\nTests\\test_item\\test_previewplan.py:53: \n_ _ _ _ _ _ _ _ _ _ _ _ _ _ _ _ _ _ _ _ _ _ _ _ _ _ _ _ _ _ _ _ _ _ _ _ _ _ _ _ _ _ _ _ _ _ _ _ _ _ _ _ _ _ _ _ _ _ _ _ _ _ _ _ _ _ _ _ _ _ _ _ _ _ _ _ _ _ _ _ _ _ _ _ _ _ _ _ _ _ _ _\nPages\\previewPlan_page.py:26: in get_find_element_xpath\n    return self.find_element(By.XPATH, xpath)\nPages\\base_page.py:24: in find_element\n    return WebDriverWait(self.driver, wait_time).until(\n_ _ _ _ _ _ _ _ _ _ _ _ _ _ _ _ _ _ _ _ _ _ _ _ _ _ _ _ _ _ _ _ _ _ _ _ _ _ _ _ _ _ _ _ _ _ _ _ _ _ _ _ _ _ _ _ _ _ _ _ _ _ _ _ _ _ _ _ _ _ _ _ _ _ _ _ _ _ _ _ _ _ _ _ _ _ _ _ _ _ _ _\n\nself = <selenium.webdriver.support.wait.WebDriverWait (session=\"8ed6202524756dc616bf8850351d761b\")>\nmethod = <function presence_of_element_located.<locals>._predicate at 0x000001FF37E18D30>, message = ''\n\n    def until(self, method: Callable[[D], Union[Literal[False], T]], message: str = \"\") -> T:\n        \"\"\"Wait until the method returns a value that is not False.\n    \n        Calls the method provided with the driver as an argument until the\n        return value does not evaluate to ``False``.\n    \n        Parameters:\n        -----------\n        method: callable(WebDriver)\n            - A callable object that takes a WebDriver instance as an argument.\n    \n        message: str\n            - Optional message for :exc:`TimeoutException`\n    \n        Return:\n        -------\n        object: T\n            - The result of the last call to `method`\n    \n        Raises:\n        -------\n        TimeoutException\n            - If 'method' does not return a truthy value within the WebDriverWait\n            object's timeout\n    \n        Example:\n        --------\n        >>> from selenium.webdriver.common.by import By\n        >>> from selenium.webdriver.support.ui import WebDriverWait\n        >>> from selenium.webdriver.support import expected_conditions as EC\n    \n        # Wait until an element is visible on the page\n        >>> wait = WebDriverWait(driver, 10)\n        >>> element = wait.until(EC.visibility_of_element_located((By.ID, \"exampleId\")))\n        >>> print(element.text)\n        \"\"\"\n        screen = None\n        stacktrace = None\n    \n        end_time = time.monotonic() + self._timeout\n        while True:\n            try:\n                value = method(self._driver)\n                if value:\n                    return value\n            except self._ignored_exceptions as exc:\n                screen = getattr(exc, \"screen\", None)\n                stacktrace = getattr(exc, \"stacktrace\", None)\n            if time.monotonic() > end_time:\n                break\n            time.sleep(self._poll)\n>       raise TimeoutException(message, screen, stacktrace)\nE       selenium.common.exceptions.TimeoutException: Message: \nE       Stacktrace:\nE       \tGetHandleVerifier [0x0x7ff7445e6f65+78965]\nE       \tGetHandleVerifier [0x0x7ff7445e6fc0+79056]\nE       \t(No symbol) [0x0x7ff744379dda]\nE       \t(No symbol) [0x0x7ff7443d02ea]\nE       \t(No symbol) [0x0x7ff7443d059c]\nE       \t(No symbol) [0x0x7ff744423f37]\nE       \t(No symbol) [0x0x7ff7443f86af]\nE       \t(No symbol) [0x0x7ff744420dbe]\nE       \t(No symbol) [0x0x7ff7443f8443]\nE       \t(No symbol) [0x0x7ff7443c1311]\nE       \t(No symbol) [0x0x7ff7443c20a3]\nE       \tGetHandleVerifier [0x0x7ff74489e26d+2926461]\nE       \tGetHandleVerifier [0x0x7ff744898993+2903715]\nE       \tGetHandleVerifier [0x0x7ff7448b6aed+3026941]\nE       \tGetHandleVerifier [0x0x7ff7446016fe+187406]\nE       \tGetHandleVerifier [0x0x7ff7446096ef+220159]\nE       \tGetHandleVerifier [0x0x7ff7445efaf4+114692]\nE       \tGetHandleVerifier [0x0x7ff7445efca9+115129]\nE       \tGetHandleVerifier [0x0x7ff7445d64d8+10728]\nE       \tBaseThreadInitThunk [0x0x7ffa099e7374+20]\nE       \tRtlUserThreadStart [0x0x7ffa0b89cc91+33]\n\nmyenv\\lib\\site-packages\\selenium\\webdriver\\support\\wait.py:138: TimeoutException","flaky":false,"newFailed":false,"newBroken":false,"newPassed":false,"retriesCount":0,"retriesStatusChange":false,"beforeStages":[{"name":"login_to_previewPlan","time":{"start":1752760339669,"stop":1752760348528,"duration":8859},"status":"passed","steps":[],"attachments":[],"parameters":[],"attachmentsCount":0,"shouldDisplayMessage":false,"stepsCount":0,"hasContent":false,"attachmentStep":false}],"testStage":{"status":"broken","statusMessage":"selenium.common.exceptions.TimeoutException: Message: \nStacktrace:\n\tGetHandleVerifier [0x0x7ff7445e6f65+78965]\n\tGetHandleVerifier [0x0x7ff7445e6fc0+79056]\n\t(No symbol) [0x0x7ff744379dda]\n\t(No symbol) [0x0x7ff7443d02ea]\n\t(No symbol) [0x0x7ff7443d059c]\n\t(No symbol) [0x0x7ff744423f37]\n\t(No symbol) [0x0x7ff7443f86af]\n\t(No symbol) [0x0x7ff744420dbe]\n\t(No symbol) [0x0x7ff7443f8443]\n\t(No symbol) [0x0x7ff7443c1311]\n\t(No symbol) [0x0x7ff7443c20a3]\n\tGetHandleVerifier [0x0x7ff74489e26d+2926461]\n\tGetHandleVerifier [0x0x7ff744898993+2903715]\n\tGetHandleVerifier [0x0x7ff7448b6aed+3026941]\n\tGetHandleVerifier [0x0x7ff7446016fe+187406]\n\tGetHandleVerifier [0x0x7ff7446096ef+220159]\n\tGetHandleVerifier [0x0x7ff7445efaf4+114692]\n\tGetHandleVerifier [0x0x7ff7445efca9+115129]\n\tGetHandleVerifier [0x0x7ff7445d64d8+10728]\n\tBaseThreadInitThunk [0x0x7ffa099e7374+20]\n\tRtlUserThreadStart [0x0x7ffa0b89cc91+33]","statusTrace":"self = <test_item.test_previewplan.TestPreviewPlanPage object at 0x000001FF3787D180>\nlogin_to_previewPlan = <selenium.webdriver.chrome.webdriver.WebDriver (session=\"8ed6202524756dc616bf8850351d761b\")>\n\n    @allure.story(\"工作指示发布成功，工作指示一览显示成功\")\n    # @pytest.mark.run(order=1)\n    def test_previewPlan_select(self, login_to_previewPlan):\n        driver = login_to_previewPlan  # WebDriver 实例\n        previewPlan = PreviewPlanPage(driver)  # 用 previewPlan 初始化 PreviewPlanPage\n        shared_data = SharedDataUtil.load_data()\n        resource1 = shared_data.get(\"master_res1\")\n        resource2 = shared_data.get(\"master_res2\")\n        previewPlan.enter_texts(\n            '//div[./p[text()=\"订单代码\"]]/parent::div//input', \"1测试C订单\"\n        )\n>       ele_code1 = previewPlan.get_find_element_xpath(\n            '//table[.//td[4]//span[text()=\"1测试C订单\"]]//tr[1]/td[4]'\n        ).text\n\nTests\\test_item\\test_previewplan.py:53: \n_ _ _ _ _ _ _ _ _ _ _ _ _ _ _ _ _ _ _ _ _ _ _ _ _ _ _ _ _ _ _ _ _ _ _ _ _ _ _ _ _ _ _ _ _ _ _ _ _ _ _ _ _ _ _ _ _ _ _ _ _ _ _ _ _ _ _ _ _ _ _ _ _ _ _ _ _ _ _ _ _ _ _ _ _ _ _ _ _ _ _ _\nPages\\previewPlan_page.py:26: in get_find_element_xpath\n    return self.find_element(By.XPATH, xpath)\nPages\\base_page.py:24: in find_element\n    return WebDriverWait(self.driver, wait_time).until(\n_ _ _ _ _ _ _ _ _ _ _ _ _ _ _ _ _ _ _ _ _ _ _ _ _ _ _ _ _ _ _ _ _ _ _ _ _ _ _ _ _ _ _ _ _ _ _ _ _ _ _ _ _ _ _ _ _ _ _ _ _ _ _ _ _ _ _ _ _ _ _ _ _ _ _ _ _ _ _ _ _ _ _ _ _ _ _ _ _ _ _ _\n\nself = <selenium.webdriver.support.wait.WebDriverWait (session=\"8ed6202524756dc616bf8850351d761b\")>\nmethod = <function presence_of_element_located.<locals>._predicate at 0x000001FF37E18D30>, message = ''\n\n    def until(self, method: Callable[[D], Union[Literal[False], T]], message: str = \"\") -> T:\n        \"\"\"Wait until the method returns a value that is not False.\n    \n        Calls the method provided with the driver as an argument until the\n        return value does not evaluate to ``False``.\n    \n        Parameters:\n        -----------\n        method: callable(WebDriver)\n            - A callable object that takes a WebDriver instance as an argument.\n    \n        message: str\n            - Optional message for :exc:`TimeoutException`\n    \n        Return:\n        -------\n        object: T\n            - The result of the last call to `method`\n    \n        Raises:\n        -------\n        TimeoutException\n            - If 'method' does not return a truthy value within the WebDriverWait\n            object's timeout\n    \n        Example:\n        --------\n        >>> from selenium.webdriver.common.by import By\n        >>> from selenium.webdriver.support.ui import WebDriverWait\n        >>> from selenium.webdriver.support import expected_conditions as EC\n    \n        # Wait until an element is visible on the page\n        >>> wait = WebDriverWait(driver, 10)\n        >>> element = wait.until(EC.visibility_of_element_located((By.ID, \"exampleId\")))\n        >>> print(element.text)\n        \"\"\"\n        screen = None\n        stacktrace = None\n    \n        end_time = time.monotonic() + self._timeout\n        while True:\n            try:\n                value = method(self._driver)\n                if value:\n                    return value\n            except self._ignored_exceptions as exc:\n                screen = getattr(exc, \"screen\", None)\n                stacktrace = getattr(exc, \"stacktrace\", None)\n            if time.monotonic() > end_time:\n                break\n            time.sleep(self._poll)\n>       raise TimeoutException(message, screen, stacktrace)\nE       selenium.common.exceptions.TimeoutException: Message: \nE       Stacktrace:\nE       \tGetHandleVerifier [0x0x7ff7445e6f65+78965]\nE       \tGetHandleVerifier [0x0x7ff7445e6fc0+79056]\nE       \t(No symbol) [0x0x7ff744379dda]\nE       \t(No symbol) [0x0x7ff7443d02ea]\nE       \t(No symbol) [0x0x7ff7443d059c]\nE       \t(No symbol) [0x0x7ff744423f37]\nE       \t(No symbol) [0x0x7ff7443f86af]\nE       \t(No symbol) [0x0x7ff744420dbe]\nE       \t(No symbol) [0x0x7ff7443f8443]\nE       \t(No symbol) [0x0x7ff7443c1311]\nE       \t(No symbol) [0x0x7ff7443c20a3]\nE       \tGetHandleVerifier [0x0x7ff74489e26d+2926461]\nE       \tGetHandleVerifier [0x0x7ff744898993+2903715]\nE       \tGetHandleVerifier [0x0x7ff7448b6aed+3026941]\nE       \tGetHandleVerifier [0x0x7ff7446016fe+187406]\nE       \tGetHandleVerifier [0x0x7ff7446096ef+220159]\nE       \tGetHandleVerifier [0x0x7ff7445efaf4+114692]\nE       \tGetHandleVerifier [0x0x7ff7445efca9+115129]\nE       \tGetHandleVerifier [0x0x7ff7445d64d8+10728]\nE       \tBaseThreadInitThunk [0x0x7ffa099e7374+20]\nE       \tRtlUserThreadStart [0x0x7ffa0b89cc91+33]\n\nmyenv\\lib\\site-packages\\selenium\\webdriver\\support\\wait.py:138: TimeoutException","steps":[],"attachments":[{"uid":"2c34683d0ff188d8","name":"test_find_element_timeout","source":"2c34683d0ff188d8.png","type":"image/png","size":84336},{"uid":"854b7433438b01d2","name":"log","source":"854b7433438b01d2.txt","type":"text/plain","size":2447}],"parameters":[],"attachmentsCount":2,"shouldDisplayMessage":true,"stepsCount":0,"hasContent":true,"attachmentStep":false},"afterStages":[{"name":"login_to_previewPlan::0","time":{"start":1752760359496,"stop":1752760361607,"duration":2111},"status":"passed","steps":[],"attachments":[],"parameters":[],"attachmentsCount":0,"shouldDisplayMessage":false,"stepsCount":0,"hasContent":false,"attachmentStep":false}],"labels":[{"name":"story","value":"工作指示发布成功，工作指示一览显示成功"},{"name":"feature","value":"工作指示一览表测试用例"},{"name":"parentSuite","value":"Tests.test_item"},{"name":"suite","value":"test_previewplan"},{"name":"subSuite","value":"TestPreviewPlanPage"},{"name":"host","value":"WIN-20240820MJV"},{"name":"thread","value":"11236-MainThread"},{"name":"framework","value":"pytest"},{"name":"language","value":"cpython3"},{"name":"package","value":"Tests.test_item.test_previewplan"},{"name":"resultFormat","value":"allure2"}],"parameters":[],"links":[],"hidden":true,"retry":true,"extra":{"categories":[],"tags":[]},"source":"fb8e3b0b846b5be6.json","parameterValues":[]}