{"uid":"fef92d6a88e527dd","name":"test_affairs_process_addfail7","fullName":"Tests.test_system.test_affairs.TestAffairsPage#test_affairs_process_addfail7","historyId":"e8f6c57db2e7d3f0f9fff9bc9d51b46c","time":{"start":1761066714205,"stop":1761066718241,"duration":4036},"status":"failed","statusMessage":"AssertionError: assert (1 == 1 and ['请填写按月'] == ['请填写时间设置']\n +  where 1 = len(['请填写按月'])\n  \n  At index 0 diff: \u001B[0m\u001B[33m'\u001B[39;49;00m\u001B[33m请填写按月\u001B[39;49;00m\u001B[33m'\u001B[39;49;00m\u001B[90m\u001B[39;49;00m != \u001B[0m\u001B[33m'\u001B[39;49;00m\u001B[33m请填写时间设置\u001B[39;49;00m\u001B[33m'\u001B[39;49;00m\u001B[90m\u001B[39;49;00m\n  \n  Full diff:\n  \u001B[0m\u001B[90m \u001B[39;49;00m [\u001B[90m\u001B[39;49;00m\n  \u001B[91m-     '请填写时间设置',\u001B[39;49;00m\u001B[90m\u001B[39;49;00m\n  ?         ^^^^\u001B[90m\u001B[39;49;00m...\n  \n  ...Full output truncated (3 lines hidden), use '-vv' to show)","statusTrace":"self = <test_system.test_affairs.TestAffairsPage object at 0x00000173A66B59C0>, login_to_affairs = <selenium.webdriver.chrome.webdriver.WebDriver (session=\"f18a111397928ee786dc54f90e785981\")>\n\n    @allure.story(\"我的流程-频率为月，不填写时间设置，不允许保存\")\n    # @pytest.mark.run(order=1)\n    def test_affairs_process_addfail7(self, login_to_affairs):\n        driver = login_to_affairs  # WebDriver 实例\n        affairs = AffairsPage(driver)  # 用 driver 初始化 AffairsPage\n        affairs.click_process()\n        affairs.add_process(name=\"测试流程1\", type=\"服务\", frequency=\"月\")\n        affairs.click_save()\n        eles = affairs.finds_elements(By.XPATH, '//div[@class=\"el-form-item__error\"]')\n        list_ = [ele.text for ele in eles]\n>       assert len(list_) == 1 and list_ == ['请填写时间设置']\nE       AssertionError: assert (1 == 1 and ['请填写按月'] == ['请填写时间设置']\nE        +  where 1 = len(['请填写按月'])\nE         \nE         At index 0 diff: \u001B[0m\u001B[33m'\u001B[39;49;00m\u001B[33m请填写按月\u001B[39;49;00m\u001B[33m'\u001B[39;49;00m\u001B[90m\u001B[39;49;00m != \u001B[0m\u001B[33m'\u001B[39;49;00m\u001B[33m请填写时间设置\u001B[39;49;00m\u001B[33m'\u001B[39;49;00m\u001B[90m\u001B[39;49;00m\nE         \nE         Full diff:\nE         \u001B[0m\u001B[90m \u001B[39;49;00m [\u001B[90m\u001B[39;49;00m\nE         \u001B[91m-     '请填写时间设置',\u001B[39;49;00m\u001B[90m\u001B[39;49;00m\nE         ?         ^^^^\u001B[90m\u001B[39;49;00m...\nE         \nE         ...Full output truncated (3 lines hidden), use '-vv' to show)\n\nTests\\test_system\\test_affairs.py:593: AssertionError","flaky":false,"newFailed":false,"newBroken":false,"newPassed":false,"retriesCount":0,"retriesStatusChange":false,"beforeStages":[{"name":"login_to_affairs","time":{"start":1761066697226,"stop":1761066714203,"duration":16977},"status":"passed","steps":[],"attachments":[],"parameters":[],"attachmentsCount":0,"shouldDisplayMessage":false,"stepsCount":0,"hasContent":false,"attachmentStep":false}],"testStage":{"status":"failed","statusMessage":"AssertionError: assert (1 == 1 and ['请填写按月'] == ['请填写时间设置']\n +  where 1 = len(['请填写按月'])\n  \n  At index 0 diff: \u001B[0m\u001B[33m'\u001B[39;49;00m\u001B[33m请填写按月\u001B[39;49;00m\u001B[33m'\u001B[39;49;00m\u001B[90m\u001B[39;49;00m != \u001B[0m\u001B[33m'\u001B[39;49;00m\u001B[33m请填写时间设置\u001B[39;49;00m\u001B[33m'\u001B[39;49;00m\u001B[90m\u001B[39;49;00m\n  \n  Full diff:\n  \u001B[0m\u001B[90m \u001B[39;49;00m [\u001B[90m\u001B[39;49;00m\n  \u001B[91m-     '请填写时间设置',\u001B[39;49;00m\u001B[90m\u001B[39;49;00m\n  ?         ^^^^\u001B[90m\u001B[39;49;00m...\n  \n  ...Full output truncated (3 lines hidden), use '-vv' to show)","statusTrace":"self = <test_system.test_affairs.TestAffairsPage object at 0x00000173A66B59C0>, login_to_affairs = <selenium.webdriver.chrome.webdriver.WebDriver (session=\"f18a111397928ee786dc54f90e785981\")>\n\n    @allure.story(\"我的流程-频率为月，不填写时间设置，不允许保存\")\n    # @pytest.mark.run(order=1)\n    def test_affairs_process_addfail7(self, login_to_affairs):\n        driver = login_to_affairs  # WebDriver 实例\n        affairs = AffairsPage(driver)  # 用 driver 初始化 AffairsPage\n        affairs.click_process()\n        affairs.add_process(name=\"测试流程1\", type=\"服务\", frequency=\"月\")\n        affairs.click_save()\n        eles = affairs.finds_elements(By.XPATH, '//div[@class=\"el-form-item__error\"]')\n        list_ = [ele.text for ele in eles]\n>       assert len(list_) == 1 and list_ == ['请填写时间设置']\nE       AssertionError: assert (1 == 1 and ['请填写按月'] == ['请填写时间设置']\nE        +  where 1 = len(['请填写按月'])\nE         \nE         At index 0 diff: \u001B[0m\u001B[33m'\u001B[39;49;00m\u001B[33m请填写按月\u001B[39;49;00m\u001B[33m'\u001B[39;49;00m\u001B[90m\u001B[39;49;00m != \u001B[0m\u001B[33m'\u001B[39;49;00m\u001B[33m请填写时间设置\u001B[39;49;00m\u001B[33m'\u001B[39;49;00m\u001B[90m\u001B[39;49;00m\nE         \nE         Full diff:\nE         \u001B[0m\u001B[90m \u001B[39;49;00m [\u001B[90m\u001B[39;49;00m\nE         \u001B[91m-     '请填写时间设置',\u001B[39;49;00m\u001B[90m\u001B[39;49;00m\nE         ?         ^^^^\u001B[90m\u001B[39;49;00m...\nE         \nE         ...Full output truncated (3 lines hidden), use '-vv' to show)\n\nTests\\test_system\\test_affairs.py:593: AssertionError","steps":[],"attachments":[{"uid":"5b7ff1fe89bb6abd","name":"test_affairs_process_addfail7_failure","source":"5b7ff1fe89bb6abd.png","type":"image/png","size":83888},{"uid":"c9d1bc6272df47f6","name":"test_affairs_process_addfail7_source","source":"c9d1bc6272df47f6.html","type":"text/html","size":1139069},{"uid":"3442f37adaa14f07","name":"log","source":"3442f37adaa14f07.txt","type":"text/plain","size":1410}],"parameters":[],"attachmentsCount":3,"shouldDisplayMessage":true,"stepsCount":0,"hasContent":true,"attachmentStep":false},"afterStages":[{"name":"login_to_affairs::0","time":{"start":1761066718858,"stop":1761066721293,"duration":2435},"status":"passed","steps":[],"attachments":[],"parameters":[],"attachmentsCount":0,"shouldDisplayMessage":false,"stepsCount":0,"hasContent":false,"attachmentStep":false}],"labels":[{"name":"feature","value":"事务管理页用例"},{"name":"story","value":"我的流程-频率为月，不填写时间设置，不允许保存"},{"name":"parentSuite","value":"Tests.test_system"},{"name":"suite","value":"test_affairs"},{"name":"subSuite","value":"TestAffairsPage"},{"name":"host","value":"WIN-20240820MJV"},{"name":"thread","value":"14388-MainThread"},{"name":"framework","value":"pytest"},{"name":"language","value":"cpython3"},{"name":"package","value":"Tests.test_system.test_affairs"},{"name":"resultFormat","value":"allure2"}],"parameters":[],"links":[],"hidden":true,"retry":true,"extra":{"categories":[],"tags":[]},"source":"fef92d6a88e527dd.json","parameterValues":[]}