{"name": "test_affairs_process_select1", "status": "broken", "statusDetails": {"message": "selenium.common.exceptions.TimeoutException: Message: 点击失败，找不到元素：xpath = //li[@class=\"el-select-dropdown__item\"]//span[text()=\"添加事务模版1\"]", "trace": "self = <Pages.systemPage.affairs_page.AffairsPage object at 0x000002093D4486A0>\nby_or_element = 'xpath'\nvalue = '//li[@class=\"el-select-dropdown__item\"]//span[text()=\"添加事务模版1\"]'\nwait_time = 10\n\n    def click(self, by_or_element, value=None, wait_time=10):\n        if value is not None:\n            by = by_or_element\n            logging.info(f\"点击元素：By = {by}, Value = {value}\")\n            try:\n>               element = WebDriverWait(self.driver, wait_time).until(\n                    EC.element_to_be_clickable((by, value))\n                )\n\n..\\..\\Pages\\base_page.py:45: \n_ _ _ _ _ _ _ _ _ _ _ _ _ _ _ _ _ _ _ _ _ _ _ _ _ _ _ _ _ _ _ _ _ _ _ _ _ _ _ _\n\nself = <selenium.webdriver.support.wait.WebDriverWait (session=\"608799b26b42fba8aea8abe3ed9ac588\")>\nmethod = <function element_to_be_clickable.<locals>._predicate at 0x000002093D3E5E10>\nmessage = ''\n\n    def until(self, method: Callable[[D], Union[Literal[False], T]], message: str = \"\") -> T:\n        \"\"\"Wait until the method returns a value that is not False.\n    \n        Calls the method provided with the driver as an argument until the\n        return value does not evaluate to ``False``.\n    \n        Parameters:\n        -----------\n        method: callable(WebDriver)\n            - A callable object that takes a WebDriver instance as an argument.\n    \n        message: str\n            - Optional message for :exc:`TimeoutException`\n    \n        Return:\n        -------\n        object: T\n            - The result of the last call to `method`\n    \n        Raises:\n        -------\n        TimeoutException\n            - If 'method' does not return a truthy value within the WebDriverWait\n            object's timeout\n    \n        Example:\n        --------\n        >>> from selenium.webdriver.common.by import By\n        >>> from selenium.webdriver.support.ui import WebDriverWait\n        >>> from selenium.webdriver.support import expected_conditions as EC\n    \n        # Wait until an element is visible on the page\n        >>> wait = WebDriverWait(driver, 10)\n        >>> element = wait.until(EC.visibility_of_element_located((By.ID, \"exampleId\")))\n        >>> print(element.text)\n        \"\"\"\n        screen = None\n        stacktrace = None\n    \n        end_time = time.monotonic() + self._timeout\n        while True:\n            try:\n                value = method(self._driver)\n                if value:\n                    return value\n            except self._ignored_exceptions as exc:\n                screen = getattr(exc, \"screen\", None)\n                stacktrace = getattr(exc, \"stacktrace\", None)\n            if time.monotonic() > end_time:\n                break\n            time.sleep(self._poll)\n>       raise TimeoutException(message, screen, stacktrace)\nE       selenium.common.exceptions.TimeoutException: Message: \nE       Stacktrace:\nE       \tGetHandleVerifier [0x0x7ff634466f65+78965]\nE       \tGetHandleVerifier [0x0x7ff634466fc0+79056]\nE       \t(No symbol) [0x0x7ff6341f9dda]\nE       \t(No symbol) [0x0x7ff6342502ea]\nE       \t(No symbol) [0x0x7ff63425059c]\nE       \t(No symbol) [0x0x7ff6342a3f37]\nE       \t(No symbol) [0x0x7ff6342786af]\nE       \t(No symbol) [0x0x7ff6342a0dbe]\nE       \t(No symbol) [0x0x7ff634278443]\nE       \t(No symbol) [0x0x7ff634241311]\nE       \t(No symbol) [0x0x7ff6342420a3]\nE       \tGetHandleVerifier [0x0x7ff63471e26d+2926461]\nE       \tGetHandleVerifier [0x0x7ff634718993+2903715]\nE       \tGetHandleVerifier [0x0x7ff634736aed+3026941]\nE       \tGetHandleVerifier [0x0x7ff6344816fe+187406]\nE       \tGetHandleVerifier [0x0x7ff6344896ef+220159]\nE       \tGetHandleVerifier [0x0x7ff63446faf4+114692]\nE       \tGetHandleVerifier [0x0x7ff63446fca9+115129]\nE       \tGetHandleVerifier [0x0x7ff6344564d8+10728]\nE       \tBaseThreadInitThunk [0x0x7ff992b87374+20]\nE       \tRtlUserThreadStart [0x0x7ff99357cc91+33]\n\nD:\\Program Files\\Python310\\lib\\site-packages\\selenium\\webdriver\\support\\wait.py:146: TimeoutException\n\nDuring handling of the above exception, another exception occurred:\n\nself = <test_system.test_affairs.TestAffairsPage object at 0x000002093D460D30>\nlogin_to_affairs = <selenium.webdriver.chrome.webdriver.WebDriver (session=\"608799b26b42fba8aea8abe3ed9ac588\")>\n\n    @allure.story(\"我的流程-流程事务查询成功\")\n    # @pytest.mark.run(order=1)\n    def test_affairs_process_select1(self, login_to_affairs):\n        driver = login_to_affairs  # WebDriver 实例\n        affairs = AffairsPage(driver)  # 用 driver 初始化 AffairsPage\n        template_name = \"添加事务模版1\"\n        affairs.click_process()\n>       affairs.select_all(affairs=template_name)\n\ntest_affairs.py:893: \n_ _ _ _ _ _ _ _ _ _ _ _ _ _ _ _ _ _ _ _ _ _ _ _ _ _ _ _ _ _ _ _ _ _ _ _ _ _ _ _\n..\\..\\Pages\\systemPage\\affairs_page.py:303: in select_all\n    self.click_button(f'//li[@class=\"el-select-dropdown__item\"]//span[text()=\"{affairs}\"]')\n..\\..\\Pages\\systemPage\\affairs_page.py:22: in click_button\n    self.click(By.XPATH, xpath)\n_ _ _ _ _ _ _ _ _ _ _ _ _ _ _ _ _ _ _ _ _ _ _ _ _ _ _ _ _ _ _ _ _ _ _ _ _ _ _ _\n\nself = <Pages.systemPage.affairs_page.AffairsPage object at 0x000002093D4486A0>\nby_or_element = 'xpath'\nvalue = '//li[@class=\"el-select-dropdown__item\"]//span[text()=\"添加事务模版1\"]'\nwait_time = 10\n\n    def click(self, by_or_element, value=None, wait_time=10):\n        if value is not None:\n            by = by_or_element\n            logging.info(f\"点击元素：By = {by}, Value = {value}\")\n            try:\n                element = WebDriverWait(self.driver, wait_time).until(\n                    EC.element_to_be_clickable((by, value))\n                )\n            except TimeoutException:\n                logging.warning(f\"❌ 点击超时：元素 {by} = {value} 未在 {wait_time} 秒内变为可点击\")\n>               raise TimeoutException(f\"点击失败，找不到元素：{by} = {value}\")\nE               selenium.common.exceptions.TimeoutException: Message: 点击失败，找不到元素：xpath = //li[@class=\"el-select-dropdown__item\"]//span[text()=\"添加事务模版1\"]\n\n..\\..\\Pages\\base_page.py:50: TimeoutException"}, "attachments": [{"name": "test_affairs_process_select1_failure", "source": "929da577-650e-48ea-b7e0-7fa45c8e508d-attachment.png", "type": "image/png"}, {"name": "test_affairs_process_select1_source", "source": "8b0eef75-2fcc-49d6-819e-50cf964fc33d-attachment.html", "type": "text/html"}, {"name": "log", "source": "2eada731-1695-4f6c-bb6e-d1f2d6a52f36-attachment.txt", "type": "text/plain"}], "start": 1754880139770, "stop": 1754880150290, "uuid": "853b1adb-76ba-4b24-ac3f-a2acf28c2540", "historyId": "af9de288bad55dc82a4628d692ce8601", "testCaseId": "af9de288bad55dc82a4628d692ce8601", "fullName": "Tests.test_system.test_affairs.TestAffairsPage#test_affairs_process_select1", "labels": [{"name": "story", "value": "我的流程-流程事务查询成功"}, {"name": "feature", "value": "事务管理页用例"}, {"name": "tag", "value": "run(order=202)"}, {"name": "parentSuite", "value": "Tests.test_system"}, {"name": "suite", "value": "test_affairs"}, {"name": "subSuite", "value": "TestAffairsPage"}, {"name": "host", "value": "WIN-20240820MJV"}, {"name": "thread", "value": "6136-MainThread"}, {"name": "framework", "value": "pytest"}, {"name": "language", "value": "cpython3"}, {"name": "package", "value": "Tests.test_system.test_affairs"}]}