{"name": "test_apps_addfail1", "status": "failed", "statusDetails": {"message": "AssertionError: assert '请设计表格或填写字段' == '请设计表格填写字段'\n  \n  \u001b[0m\u001b[91m- 请设计表格填写字段\u001b[39;49;00m\u001b[90m\u001b[39;49;00m\n  \u001b[92m+ 请设计表格或填写字段\u001b[39;49;00m\u001b[90m\u001b[39;49;00m\n  ?      +\u001b[90m\u001b[39;49;00m", "trace": "self = <test_system.test_apps.TestSAppsPage object at 0x0000016A3922AB00>\nlogin_to_apps = <selenium.webdriver.chrome.webdriver.WebDriver (session=\"23c56be90a4088e342dc52846b68aad4\")>\n\n    @allure.story(\"新增直接点击保存不允许添加\")\n    # @pytest.mark.run(order=1)\n    def test_apps_addfail1(self, login_to_apps):\n        driver = login_to_apps  # WebDriver 实例\n        apps = AppsPage(driver)  # 用 driver 初始化 ExpressionPage\n        layout = \"测试布局A\"\n        apps.add_layout(layout)\n        # 获取布局名称的文本元素\n        name = apps.get_find_element_xpath(\n            f'//div[@class=\"tabsDivItemCon\"]/div[text()=\" {layout} \"]'\n        ).text\n        sleep(1)\n        apps.click_all_button(\"新增\")\n        sleep(1)\n        apps.click_save_button()\n        message = apps.get_error_message()\n        assert layout == name\n>       assert message == \"请设计表格填写字段\"\nE       AssertionError: assert '请设计表格或填写字段' == '请设计表格填写字段'\nE         \nE         \u001b[0m\u001b[91m- 请设计表格填写字段\u001b[39;49;00m\u001b[90m\u001b[39;49;00m\nE         \u001b[92m+ 请设计表格或填写字段\u001b[39;49;00m\u001b[90m\u001b[39;49;00m\nE         ?      +\u001b[90m\u001b[39;49;00m\n\ntest_apps.py:77: AssertionError"}, "attachments": [{"name": "test_apps_addfail1_failure", "source": "6e0d41b8-2191-4d9c-8558-fda16f0be9fa-attachment.png", "type": "image/png"}, {"name": "test_apps_addfail1_source", "source": "3dd70547-4f36-4cad-9aa2-5efec7f499ec-attachment.html", "type": "text/html"}, {"name": "log", "source": "955a6589-8a2d-4129-b929-a5e812806742-attachment.txt", "type": "text/plain"}], "start": 1760955114903, "stop": 1760955132133, "uuid": "0a58b1f1-6ac8-4877-9759-44f74f4d07cf", "historyId": "828ab8be2243e2fc7e63779808fb01f1", "testCaseId": "828ab8be2243e2fc7e63779808fb01f1", "fullName": "Tests.test_system.test_apps.TestSAppsPage#test_apps_addfail1", "labels": [{"name": "feature", "value": "应用管理页用例"}, {"name": "story", "value": "新增直接点击保存不允许添加"}, {"name": "tag", "value": "run(order=215)"}, {"name": "parentSuite", "value": "Tests.test_system"}, {"name": "suite", "value": "test_apps"}, {"name": "subSuite", "value": "TestSAppsPage"}, {"name": "host", "value": "WIN-20240820MJV"}, {"name": "thread", "value": "23988-MainThread"}, {"name": "framework", "value": "pytest"}, {"name": "language", "value": "cpython3"}, {"name": "package", "value": "Tests.test_system.test_apps"}]}