{"name": "test_environment_all_clearnum", "status": "failed", "statusDetails": {"message": "AssertionError: assert ('' == '' and '保存成功' == '请填写信息'\n  \n  \u001b[0m\u001b[91m- 请填写信息\u001b[39;49;00m\u001b[90m\u001b[39;49;00m\n  \u001b[92m+ 保存成功\u001b[39;49;00m\u001b[90m\u001b[39;49;00m)", "trace": "self = <test_system.test_environment.TestEnvironmentPage object at 0x000001F55AB43B80>\nlogin_to_environment = <selenium.webdriver.chrome.webdriver.WebDriver (session=\"4b16037e7726917e8fa784906910432f\")>\n\n    @allure.story(\"全体页面-不输入备份文件不允许保存\")\n    # @pytest.mark.run(order=1)\n    def test_environment_all_clearnum(self, login_to_environment):\n        driver = login_to_environment  # WebDriver 实例\n        environment = EnvironmentPage(driver)  # 用 driver 初始化 EnvironmentPage\n        value = environment.enter_number_input()\n        environment.click_save_button()\n        message = environment.get_find_message()\n>       assert value == \"\" and message == \"请填写信息\"\nE       AssertionError: assert ('' == '' and '保存成功' == '请填写信息'\nE         \nE         \u001b[0m\u001b[91m- 请填写信息\u001b[39;49;00m\u001b[90m\u001b[39;49;00m\nE         \u001b[92m+ 保存成功\u001b[39;49;00m\u001b[90m\u001b[39;49;00m)\n\ntest_environment.py:77: AssertionError"}, "attachments": [{"name": "test_environment_all_clearnum_failure", "source": "75304a44-c327-4cfc-a725-99b89269d432-attachment.png", "type": "image/png"}, {"name": "test_environment_all_clearnum_source", "source": "346d98d4-3ae0-4845-99fe-788223f09de8-attachment.html", "type": "text/html"}, {"name": "log", "source": "ad59c4b3-7a54-4dfc-8058-99d6b4258402-attachment.txt", "type": "text/plain"}], "start": 1755165791424, "stop": 1755165793257, "uuid": "a44ab991-660d-4fdf-95b2-6eafefb48b9f", "historyId": "5fa978a8c9a372679a2f45d25edf2ff8", "testCaseId": "5fa978a8c9a372679a2f45d25edf2ff8", "fullName": "Tests.test_system.test_environment.TestEnvironmentPage#test_environment_all_clearnum", "labels": [{"name": "feature", "value": "环境设置页用例"}, {"name": "story", "value": "全体页面-不输入备份文件不允许保存"}, {"name": "tag", "value": "run(order=201)"}, {"name": "parentSuite", "value": "Tests.test_system"}, {"name": "suite", "value": "test_environment"}, {"name": "subSuite", "value": "TestEnvironmentPage"}, {"name": "host", "value": "WIN-20240820MJV"}, {"name": "thread", "value": "20572-MainThread"}, {"name": "framework", "value": "pytest"}, {"name": "language", "value": "cpython3"}, {"name": "package", "value": "Tests.test_system.test_environment"}]}