{"name": "test_affairs_template_addfail", "status": "broken", "statusDetails": {"message": "selenium.common.exceptions.NoSuchElementException: Message: 元素未找到（XPath列表第1个）: //div[label[text()=\"事务名称\"]]//div[@class=\"el-form-item__error\"]; For documentation on this error, please visit: https://www.selenium.dev/documentation/webdriver/troubleshooting/errors#no-such-element-exception", "trace": "self = <Pages.systemPage.affairs_page.AffairsPage object at 0x000002197D691960>\nxpath_list = ['//div[label[text()=\"事务名称\"]]//div[@class=\"el-form-item__error\"]', '//div[label[text()=\"事务类型\"]]//div[@class=\"el-form-item__error\"]', '//div[label[text()=\"配置参数\"]]//div[@class=\"el-form-item__error\"]']\ntext_value = ''\n\n    def batch_acquisition_text(self, xpath_list=[], text_value=\"\"):\n        \"\"\"批量获取输入框\"\"\"\n        values = []\n        for index, xpath in enumerate(xpath_list, 1):\n            try:\n>               value = self.get_find_element_xpath(xpath).text\n\n..\\..\\Pages\\systemPage\\affairs_page.py:110: \n_ _ _ _ _ _ _ _ _ _ _ _ _ _ _ _ _ _ _ _ _ _ _ _ _ _ _ _ _ _ _ _ _ _ _ _ _ _ _ _\n..\\..\\Pages\\systemPage\\affairs_page.py:27: in get_find_element_xpath\n    return self.find_element(By.XPATH, xpath)\n..\\..\\Pages\\base_page.py:28: in find_element\n    return WebDriverWait(self.driver, wait_time).until(\n_ _ _ _ _ _ _ _ _ _ _ _ _ _ _ _ _ _ _ _ _ _ _ _ _ _ _ _ _ _ _ _ _ _ _ _ _ _ _ _\n\nself = <selenium.webdriver.support.wait.WebDriverWait (session=\"7a41f1a8c6ac24a9af7dc2af4deaa9f9\")>\nmethod = <function presence_of_element_located.<locals>._predicate at 0x000002197D1E1CF0>\nmessage = ''\n\n    def until(self, method: Callable[[D], Union[Literal[False], T]], message: str = \"\") -> T:\n        \"\"\"Wait until the method returns a value that is not False.\n    \n        Calls the method provided with the driver as an argument until the\n        return value does not evaluate to ``False``.\n    \n        Parameters:\n        -----------\n        method: callable(WebDriver)\n            - A callable object that takes a WebDriver instance as an argument.\n    \n        message: str\n            - Optional message for :exc:`TimeoutException`\n    \n        Return:\n        -------\n        object: T\n            - The result of the last call to `method`\n    \n        Raises:\n        -------\n        TimeoutException\n            - If 'method' does not return a truthy value within the WebDriverWait\n            object's timeout\n    \n        Example:\n        --------\n        >>> from selenium.webdriver.common.by import By\n        >>> from selenium.webdriver.support.ui import WebDriverWait\n        >>> from selenium.webdriver.support import expected_conditions as EC\n    \n        # Wait until an element is visible on the page\n        >>> wait = WebDriverWait(driver, 10)\n        >>> element = wait.until(EC.visibility_of_element_located((By.ID, \"exampleId\")))\n        >>> print(element.text)\n        \"\"\"\n        screen = None\n        stacktrace = None\n    \n        end_time = time.monotonic() + self._timeout\n        while True:\n            try:\n                value = method(self._driver)\n                if value:\n                    return value\n            except self._ignored_exceptions as exc:\n                screen = getattr(exc, \"screen\", None)\n                stacktrace = getattr(exc, \"stacktrace\", None)\n            if time.monotonic() > end_time:\n                break\n            time.sleep(self._poll)\n>       raise TimeoutException(message, screen, stacktrace)\nE       selenium.common.exceptions.TimeoutException: Message: \nE       Stacktrace:\nE       \tGetHandleVerifier [0x0x7ff7eea16f65+78965]\nE       \tGetHandleVerifier [0x0x7ff7eea16fc0+79056]\nE       \t(No symbol) [0x0x7ff7ee7a9dda]\nE       \t(No symbol) [0x0x7ff7ee8002ea]\nE       \t(No symbol) [0x0x7ff7ee80059c]\nE       \t(No symbol) [0x0x7ff7ee853f37]\nE       \t(No symbol) [0x0x7ff7ee8286af]\nE       \t(No symbol) [0x0x7ff7ee850dbe]\nE       \t(No symbol) [0x0x7ff7ee828443]\nE       \t(No symbol) [0x0x7ff7ee7f1311]\nE       \t(No symbol) [0x0x7ff7ee7f20a3]\nE       \tGetHandleVerifier [0x0x7ff7eecce26d+2926461]\nE       \tGetHandleVerifier [0x0x7ff7eecc8993+2903715]\nE       \tGetHandleVerifier [0x0x7ff7eece6aed+3026941]\nE       \tGetHandleVerifier [0x0x7ff7eea316fe+187406]\nE       \tGetHandleVerifier [0x0x7ff7eea396ef+220159]\nE       \tGetHandleVerifier [0x0x7ff7eea1faf4+114692]\nE       \tGetHandleVerifier [0x0x7ff7eea1fca9+115129]\nE       \tGetHandleVerifier [0x0x7ff7eea064d8+10728]\nE       \tBaseThreadInitThunk [0x0x7ff992b87374+20]\nE       \tRtlUserThreadStart [0x0x7ff99357cc91+33]\n\nD:\\Program Files\\Python310\\lib\\site-packages\\selenium\\webdriver\\support\\wait.py:146: TimeoutException\n\nDuring handling of the above exception, another exception occurred:\n\nself = <test_system.test_affairs.TestAffairsPage object at 0x000002197D53CFD0>\nlogin_to_affairs = <selenium.webdriver.chrome.webdriver.WebDriver (session=\"7a41f1a8c6ac24a9af7dc2af4deaa9f9\")>\n\n    @allure.story(\"事务模版-新增模版失败，不输入事务名称，事务类型，配置参数不允许提交\")\n    # @pytest.mark.run(order=1)\n    def test_affairs_template_addfail(self, login_to_affairs):\n        driver = login_to_affairs  # WebDriver 实例\n        affairs = AffairsPage(driver)  # 用 driver 初始化 AffairsPage\n        affairs.click_add_affairs()\n        list_input = [\n            '//div[label[text()=\"事务名称\"]]//input',\n            '//div[label[text()=\"事务类型\"]]//input',\n            '//div[label[text()=\"配置参数\"]]//input',\n        ]\n        color_value = affairs.get_border_color(list_input)\n        div_xpath_list = [item.replace(\"//input\", '//div[@class=\"el-form-item__error\"]') for item in list_input]\n>       value = affairs.batch_acquisition_text(div_xpath_list)\n\ntest_affairs.py:56: \n_ _ _ _ _ _ _ _ _ _ _ _ _ _ _ _ _ _ _ _ _ _ _ _ _ _ _ _ _ _ _ _ _ _ _ _ _ _ _ _\n\nself = <Pages.systemPage.affairs_page.AffairsPage object at 0x000002197D691960>\nxpath_list = ['//div[label[text()=\"事务名称\"]]//div[@class=\"el-form-item__error\"]', '//div[label[text()=\"事务类型\"]]//div[@class=\"el-form-item__error\"]', '//div[label[text()=\"配置参数\"]]//div[@class=\"el-form-item__error\"]']\ntext_value = ''\n\n    def batch_acquisition_text(self, xpath_list=[], text_value=\"\"):\n        \"\"\"批量获取输入框\"\"\"\n        values = []\n        for index, xpath in enumerate(xpath_list, 1):\n            try:\n                value = self.get_find_element_xpath(xpath).text\n                values.append(value)\n    \n            except TimeoutException:\n>               raise NoSuchElementException(\n                    f\"元素未找到（XPath列表第{index}个）: {xpath}\"\n                )\nE               selenium.common.exceptions.NoSuchElementException: Message: 元素未找到（XPath列表第1个）: //div[label[text()=\"事务名称\"]]//div[@class=\"el-form-item__error\"]; For documentation on this error, please visit: https://www.selenium.dev/documentation/webdriver/troubleshooting/errors#no-such-element-exception\n\n..\\..\\Pages\\systemPage\\affairs_page.py:114: NoSuchElementException"}, "attachments": [{"name": "test_affairs_template_addfail_failure", "source": "a59c9e09-a317-49f8-a160-fb4d20ca1c3c-attachment.png", "type": "image/png"}, {"name": "test_affairs_template_addfail_source", "source": "5482d857-b0c4-4f3e-b23a-f4e7fbfce8eb-attachment.html", "type": "text/html"}, {"name": "log", "source": "4e4d2c58-39ba-427b-9f5d-f9ccc596bbf2-attachment.txt", "type": "text/plain"}], "start": 1754300169921, "stop": 1754300180767, "uuid": "03f17027-d36a-4089-8c52-fb6cf5d9531c", "historyId": "2e5819f0c01c5fdf8a35df9070ab4530", "testCaseId": "2e5819f0c01c5fdf8a35df9070ab4530", "fullName": "Tests.test_system.test_affairs.TestAffairsPage#test_affairs_template_addfail", "labels": [{"name": "feature", "value": "事务管理页用例"}, {"name": "story", "value": "事务模版-新增模版失败，不输入事务名称，事务类型，配置参数不允许提交"}, {"name": "tag", "value": "run(order=202)"}, {"name": "parentSuite", "value": "Tests.test_system"}, {"name": "suite", "value": "test_affairs"}, {"name": "subSuite", "value": "TestAffairsPage"}, {"name": "host", "value": "WIN-20240820MJV"}, {"name": "thread", "value": "3352-MainThread"}, {"name": "framework", "value": "pytest"}, {"name": "language", "value": "cpython3"}, {"name": "package", "value": "Tests.test_system.test_affairs"}]}