{"name": "test_affairs_log_sel1", "status": "broken", "statusDetails": {"message": "selenium.common.exceptions.TimeoutException: Message: 点击失败，找不到元素：xpath = //div[@class=\"el-picker-panel__footer\"]/button[2]", "trace": "self = <Pages.systemPage.affairs_page.AffairsPage object at 0x000001E8C044CEE0>\nby_or_element = 'xpath'\nvalue = '//div[@class=\"el-picker-panel__footer\"]/button[2]', wait_time = 10\n\n    def click(self, by_or_element, value=None, wait_time=10):\n        if value is not None:\n            by = by_or_element\n            logging.info(f\"点击元素：By = {by}, Value = {value}\")\n            try:\n>               element = WebDriverWait(self.driver, wait_time).until(\n                    EC.element_to_be_clickable((by, value))\n                )\n\n..\\..\\Pages\\base_page.py:45: \n_ _ _ _ _ _ _ _ _ _ _ _ _ _ _ _ _ _ _ _ _ _ _ _ _ _ _ _ _ _ _ _ _ _ _ _ _ _ _ _\n\nself = <selenium.webdriver.support.wait.WebDriverWait (session=\"5e3b190d7ea1c52f7b1fb8a64e14b194\")>\nmethod = <function element_to_be_clickable.<locals>._predicate at 0x000001E8C13444C0>\nmessage = ''\n\n    def until(self, method: Callable[[D], Union[Literal[False], T]], message: str = \"\") -> T:\n        \"\"\"Wait until the method returns a value that is not False.\n    \n        Calls the method provided with the driver as an argument until the\n        return value does not evaluate to ``False``.\n    \n        Parameters:\n        -----------\n        method: callable(WebDriver)\n            - A callable object that takes a WebDriver instance as an argument.\n    \n        message: str\n            - Optional message for :exc:`TimeoutException`\n    \n        Return:\n        -------\n        object: T\n            - The result of the last call to `method`\n    \n        Raises:\n        -------\n        TimeoutException\n            - If 'method' does not return a truthy value within the WebDriverWait\n            object's timeout\n    \n        Example:\n        --------\n        >>> from selenium.webdriver.common.by import By\n        >>> from selenium.webdriver.support.ui import WebDriverWait\n        >>> from selenium.webdriver.support import expected_conditions as EC\n    \n        # Wait until an element is visible on the page\n        >>> wait = WebDriverWait(driver, 10)\n        >>> element = wait.until(EC.visibility_of_element_located((By.ID, \"exampleId\")))\n        >>> print(element.text)\n        \"\"\"\n        screen = None\n        stacktrace = None\n    \n        end_time = time.monotonic() + self._timeout\n        while True:\n            try:\n                value = method(self._driver)\n                if value:\n                    return value\n            except self._ignored_exceptions as exc:\n                screen = getattr(exc, \"screen\", None)\n                stacktrace = getattr(exc, \"stacktrace\", None)\n            if time.monotonic() > end_time:\n                break\n            time.sleep(self._poll)\n>       raise TimeoutException(message, screen, stacktrace)\nE       selenium.common.exceptions.TimeoutException: Message:\n\nD:\\Program Files\\Python310\\lib\\site-packages\\selenium\\webdriver\\support\\wait.py:146: TimeoutException\n\nDuring handling of the above exception, another exception occurred:\n\nself = <test_system.test_affairs.TestAffairsPage object at 0x000001E8C129E3B0>\nlogin_to_affairs = <selenium.webdriver.chrome.webdriver.WebDriver (session=\"5e3b190d7ea1c52f7b1fb8a64e14b194\")>\n\n    @allure.story(\"流程日志-执行时间搜索成功\")\n    def test_affairs_log_sel1(self, login_to_affairs):\n        driver = login_to_affairs  # WebDriver 实例\n        affairs = AffairsPage(driver)  # 用 driver 初始化 AffairsPage\n        affairs.click_process_log()\n        c = affairs.get_find_element_xpath('(//button[span[text()=\"筛选\"]])[2]').value_of_css_property(\"background-color\")\n        time1, time2 = affairs.get_log_time()\n>       affairs.sel_log_all(time1=time1, time2=time2)\n\ntest_affairs.py:1269: \n_ _ _ _ _ _ _ _ _ _ _ _ _ _ _ _ _ _ _ _ _ _ _ _ _ _ _ _ _ _ _ _ _ _ _ _ _ _ _ _\n..\\..\\Pages\\systemPage\\affairs_page.py:359: in sel_log_all\n    self.click_button('//div[@class=\"el-picker-panel__footer\"]/button[2]')\n..\\..\\Pages\\systemPage\\affairs_page.py:23: in click_button\n    self.click(By.XPATH, xpath)\n_ _ _ _ _ _ _ _ _ _ _ _ _ _ _ _ _ _ _ _ _ _ _ _ _ _ _ _ _ _ _ _ _ _ _ _ _ _ _ _\n\nself = <Pages.systemPage.affairs_page.AffairsPage object at 0x000001E8C044CEE0>\nby_or_element = 'xpath'\nvalue = '//div[@class=\"el-picker-panel__footer\"]/button[2]', wait_time = 10\n\n    def click(self, by_or_element, value=None, wait_time=10):\n        if value is not None:\n            by = by_or_element\n            logging.info(f\"点击元素：By = {by}, Value = {value}\")\n            try:\n                element = WebDriverWait(self.driver, wait_time).until(\n                    EC.element_to_be_clickable((by, value))\n                )\n            except TimeoutException:\n                logging.warning(f\"❌ 点击超时：元素 {by} = {value} 未在 {wait_time} 秒内变为可点击\")\n>               raise TimeoutException(f\"点击失败，找不到元素：{by} = {value}\")\nE               selenium.common.exceptions.TimeoutException: Message: 点击失败，找不到元素：xpath = //div[@class=\"el-picker-panel__footer\"]/button[2]\n\n..\\..\\Pages\\base_page.py:50: TimeoutException"}, "attachments": [{"name": "test_affairs_log_sel1_failure", "source": "bb051143-7707-4c7f-ae4c-e2b553758326-attachment.png", "type": "image/png"}, {"name": "test_affairs_log_sel1_source", "source": "2f1c406e-3392-49bf-86ba-1539507ea80a-attachment.html", "type": "text/html"}, {"name": "log", "source": "5db444db-9299-412e-b0f2-e85130b1cd7a-attachment.txt", "type": "text/plain"}], "start": 1754992996014, "stop": 1754993013071, "uuid": "3321dae7-3481-4ebc-9ebe-1345a1c586c6", "historyId": "0e7044d034e916f0317e6230aa81a660", "testCaseId": "0e7044d034e916f0317e6230aa81a660", "fullName": "Tests.test_system.test_affairs.TestAffairsPage#test_affairs_log_sel1", "labels": [{"name": "feature", "value": "事务管理页用例"}, {"name": "story", "value": "流程日志-执行时间搜索成功"}, {"name": "tag", "value": "run(order=202)"}, {"name": "parentSuite", "value": "Tests.test_system"}, {"name": "suite", "value": "test_affairs"}, {"name": "subSuite", "value": "TestAffairsPage"}, {"name": "host", "value": "WIN-20240820MJV"}, {"name": "thread", "value": "10504-MainThread"}, {"name": "framework", "value": "pytest"}, {"name": "language", "value": "cpython3"}, {"name": "package", "value": "Tests.test_system.test_affairs"}]}