{"name": "test_affairs_process_addfail2", "status": "failed", "statusDetails": {"message": "AssertionError: assert (2 == 3)\n +  where 2 = len(['\\u8bf7\\u586b\\u5199\\u5206\\u7c7b', '\\u8bf7\\u586b\\u5199\\u95f4\\u9694\\u6267\\u884c'])", "trace": "self = <test_system.test_affairs.TestAffairsPage object at 0x000001F769540730>\nlogin_to_affairs = <selenium.webdriver.chrome.webdriver.WebDriver (session=\"80b232843178b3c7abc551f90e08a97d\")>\n\n    @allure.story(\"我的流程-添加流程只填写名称，不允许保存\")\n    # @pytest.mark.run(order=1)\n    def test_affairs_process_addfail2(self, login_to_affairs):\n        driver = login_to_affairs  # WebDriver 实例\n        affairs = AffairsPage(driver)  # 用 driver 初始化 AffairsPage\n        affairs.click_process()\n        affairs.add_process(name=\"测试流程1\")\n        affairs.click_save()\n        eles = affairs.finds_elements(By.XPATH, '//div[@class=\"el-form-item__error\"]')\n        list_ = [ele.text for ele in eles]\n>       assert len(list_) == 3 and list_ == ['请填写分类', '请填写间隔执行']\nE       AssertionError: assert (2 == 3)\nE        +  where 2 = len(['\\u8bf7\\u586b\\u5199\\u5206\\u7c7b', '\\u8bf7\\u586b\\u5199\\u95f4\\u9694\\u6267\\u884c'])\n\ntest_affairs.py:527: AssertionError"}, "attachments": [{"name": "test_affairs_process_addfail2_failure", "source": "7509637f-b9df-4e63-93dd-a2e9072cc971-attachment.png", "type": "image/png"}, {"name": "test_affairs_process_addfail2_source", "source": "06e830d1-4c67-4e8d-88c1-8bfb424c8cfe-attachment.html", "type": "text/html"}, {"name": "log", "source": "334bf836-fc17-4caa-b48f-ac3a6a34ddaa-attachment.txt", "type": "text/plain"}], "start": 1754468572147, "stop": 1754468618173, "uuid": "70d7f88c-b7bd-4a02-ae37-32ac29b2b60c", "historyId": "b7c34d37bcecceef5dec445c13fcd2f6", "testCaseId": "b7c34d37bcecceef5dec445c13fcd2f6", "fullName": "Tests.test_system.test_affairs.TestAffairsPage#test_affairs_process_addfail2", "labels": [{"name": "story", "value": "我的流程-添加流程只填写名称，不允许保存"}, {"name": "feature", "value": "事务管理页用例"}, {"name": "tag", "value": "run(order=202)"}, {"name": "parentSuite", "value": "Tests.test_system"}, {"name": "suite", "value": "test_affairs"}, {"name": "subSuite", "value": "TestAffairsPage"}, {"name": "host", "value": "WIN-20240820MJV"}, {"name": "thread", "value": "33784-MainThread"}, {"name": "framework", "value": "pytest"}, {"name": "language", "value": "cpython3"}, {"name": "package", "value": "Tests.test_system.test_affairs"}]}