{"name": "test_affairs_process_select2", "status": "broken", "statusDetails": {"message": "selenium.common.exceptions.NoSuchElementException: Message: no such element: Unable to locate element: {\"method\":\"xpath\",\"selector\":\"./td[6]/div/div\"}\n  (Session info: chrome=137.0.7151.69); For documentation on this error, please visit: https://www.selenium.dev/documentation/webdriver/troubleshooting/errors#no-such-element-exception\nStacktrace:\n\tGetHandleVerifier [0x0x7ff6e4aa6f65+78965]\n\tGetHandleVerifier [0x0x7ff6e4aa6fc0+79056]\n\t(No symbol) [0x0x7ff6e4839dda]\n\t(No symbol) [0x0x7ff6e48902ea]\n\t(No symbol) [0x0x7ff6e489059c]\n\t(No symbol) [0x0x7ff6e4882c8c]\n\t(No symbol) [0x0x7ff6e48b86af]\n\t(No symbol) [0x0x7ff6e4882b56]\n\t(No symbol) [0x0x7ff6e48b8880]\n\t(No symbol) [0x0x7ff6e48e0dbe]\n\t(No symbol) [0x0x7ff6e48b8443]\n\t(No symbol) [0x0x7ff6e4881311]\n\t(No symbol) [0x0x7ff6e48820a3]\n\tGetHandleVerifier [0x0x7ff6e4d5e26d+2926461]\n\tGetHandleVerifier [0x0x7ff6e4d58993+2903715]\n\tGetHandleVerifier [0x0x7ff6e4d76aed+3026941]\n\tGetHandleVerifier [0x0x7ff6e4ac16fe+187406]\n\tGetHandleVerifier [0x0x7ff6e4ac96ef+220159]\n\tGetHandleVerifier [0x0x7ff6e4aafaf4+114692]\n\tGetHandleVerifier [0x0x7ff6e4aafca9+115129]\n\tGetHandleVerifier [0x0x7ff6e4a964d8+10728]\n\tBaseThreadInitThunk [0x0x7ffee1537374+20]\n\tRtlUserThreadStart [0x0x7ffee1a7cc91+33]", "trace": "self = <test_system.test_affairs.TestAffairsPage object at 0x000001BA473DF1C0>\nlogin_to_affairs = <selenium.webdriver.chrome.webdriver.WebDriver (session=\"436507391f7533075225585d70df5b4c\")>\n\n    @allure.story(\"我的流程-是否启动查询为开启\")\n    # @pytest.mark.run(order=1)\n    def test_affairs_process_select2(self, login_to_affairs):\n        driver = login_to_affairs  # WebDriver 实例\n        affairs = AffairsPage(driver)  # 用 driver 初始化 AffairsPage\n        enable = \"开启\"\n        sleep(1)\n        affairs.click_process()\n        affairs.select_all(enable=enable)\n        # 获取表格中所有行\n        rows = WebDriverWait(driver, 10).until(\n            EC.presence_of_all_elements_located(\n                (By.XPATH, '(//table[@class=\"el-table__body\"])[1]//tr')\n            )\n        )\n        # 逐行检查（发现第一个失败立即终止）\n        for index, row in enumerate(rows, start=1):\n>           div_class = row.find_element(\n                By.XPATH,\n                './td[6]/div/div'\n            ).get_attribute(\"class\")\n\ntest_affairs.py:977: \n_ _ _ _ _ _ _ _ _ _ _ _ _ _ _ _ _ _ _ _ _ _ _ _ _ _ _ _ _ _ _ _ _ _ _ _ _ _ _ _\nD:\\Program Files\\Python310\\lib\\site-packages\\selenium\\webdriver\\remote\\webelement.py:601: in find_element\n    return self._execute(Command.FIND_CHILD_ELEMENT, {\"using\": by, \"value\": value})[\"value\"]\nD:\\Program Files\\Python310\\lib\\site-packages\\selenium\\webdriver\\remote\\webelement.py:572: in _execute\n    return self._parent.execute(command, params)\nD:\\Program Files\\Python310\\lib\\site-packages\\selenium\\webdriver\\remote\\webdriver.py:429: in execute\n    self.error_handler.check_response(response)\n_ _ _ _ _ _ _ _ _ _ _ _ _ _ _ _ _ _ _ _ _ _ _ _ _ _ _ _ _ _ _ _ _ _ _ _ _ _ _ _\n\nself = <selenium.webdriver.remote.errorhandler.ErrorHandler object at 0x000001BA473F93C0>\nresponse = {'status': 404, 'value': '{\"value\":{\"error\":\"no such element\",\"message\":\"no such element: Unable to locate element: {\\...ff6e4a964d8+10728]\\\\n\\\\tBaseThreadInitThunk [0x0x7ffee1537374+20]\\\\n\\\\tRtlUserThreadStart [0x0x7ffee1a7cc91+33]\\\\n\"}}'}\n\n    def check_response(self, response: Dict[str, Any]) -> None:\n        \"\"\"Checks that a JSON response from the WebDriver does not have an\n        error.\n    \n        :Args:\n         - response - The JSON response from the WebDriver server as a dictionary\n           object.\n    \n        :Raises: If the response contains an error message.\n        \"\"\"\n        status = response.get(\"status\", None)\n        if not status or status == ErrorCode.SUCCESS:\n            return\n        value = None\n        message = response.get(\"message\", \"\")\n        screen: str = response.get(\"screen\", \"\")\n        stacktrace = None\n        if isinstance(status, int):\n            value_json = response.get(\"value\", None)\n            if value_json and isinstance(value_json, str):\n                import json\n    \n                try:\n                    value = json.loads(value_json)\n                    if len(value) == 1:\n                        value = value[\"value\"]\n                    status = value.get(\"error\", None)\n                    if not status:\n                        status = value.get(\"status\", ErrorCode.UNKNOWN_ERROR)\n                        message = value.get(\"value\") or value.get(\"message\")\n                        if not isinstance(message, str):\n                            value = message\n                            message = message.get(\"message\")\n                    else:\n                        message = value.get(\"message\", None)\n                except ValueError:\n                    pass\n    \n        exception_class: Type[WebDriverException]\n        e = ErrorCode()\n        error_codes = [item for item in dir(e) if not item.startswith(\"__\")]\n        for error_code in error_codes:\n            error_info = getattr(ErrorCode, error_code)\n            if isinstance(error_info, list) and status in error_info:\n                exception_class = getattr(ExceptionMapping, error_code, WebDriverException)\n                break\n        else:\n            exception_class = WebDriverException\n    \n        if not value:\n            value = response[\"value\"]\n        if isinstance(value, str):\n            raise exception_class(value)\n        if message == \"\" and \"message\" in value:\n            message = value[\"message\"]\n    \n        screen = None  # type: ignore[assignment]\n        if \"screen\" in value:\n            screen = value[\"screen\"]\n    \n        stacktrace = None\n        st_value = value.get(\"stackTrace\") or value.get(\"stacktrace\")\n        if st_value:\n            if isinstance(st_value, str):\n                stacktrace = st_value.split(\"\\n\")\n            else:\n                stacktrace = []\n                try:\n                    for frame in st_value:\n                        line = frame.get(\"lineNumber\", \"\")\n                        file = frame.get(\"fileName\", \"<anonymous>\")\n                        if line:\n                            file = f\"{file}:{line}\"\n                        meth = frame.get(\"methodName\", \"<anonymous>\")\n                        if \"className\" in frame:\n                            meth = f\"{frame['className']}.{meth}\"\n                        msg = \"    at %s (%s)\"\n                        msg = msg % (meth, file)\n                        stacktrace.append(msg)\n                except TypeError:\n                    pass\n        if exception_class == UnexpectedAlertPresentException:\n            alert_text = None\n            if \"data\" in value:\n                alert_text = value[\"data\"].get(\"text\")\n            elif \"alert\" in value:\n                alert_text = value[\"alert\"].get(\"text\")\n            raise exception_class(message, screen, stacktrace, alert_text)  # type: ignore[call-arg]  # mypy is not smart enough here\n>       raise exception_class(message, screen, stacktrace)\nE       selenium.common.exceptions.NoSuchElementException: Message: no such element: Unable to locate element: {\"method\":\"xpath\",\"selector\":\"./td[6]/div/div\"}\nE         (Session info: chrome=137.0.7151.69); For documentation on this error, please visit: https://www.selenium.dev/documentation/webdriver/troubleshooting/errors#no-such-element-exception\nE       Stacktrace:\nE       \tGetHandleVerifier [0x0x7ff6e4aa6f65+78965]\nE       \tGetHandleVerifier [0x0x7ff6e4aa6fc0+79056]\nE       \t(No symbol) [0x0x7ff6e4839dda]\nE       \t(No symbol) [0x0x7ff6e48902ea]\nE       \t(No symbol) [0x0x7ff6e489059c]\nE       \t(No symbol) [0x0x7ff6e4882c8c]\nE       \t(No symbol) [0x0x7ff6e48b86af]\nE       \t(No symbol) [0x0x7ff6e4882b56]\nE       \t(No symbol) [0x0x7ff6e48b8880]\nE       \t(No symbol) [0x0x7ff6e48e0dbe]\nE       \t(No symbol) [0x0x7ff6e48b8443]\nE       \t(No symbol) [0x0x7ff6e4881311]\nE       \t(No symbol) [0x0x7ff6e48820a3]\nE       \tGetHandleVerifier [0x0x7ff6e4d5e26d+2926461]\nE       \tGetHandleVerifier [0x0x7ff6e4d58993+2903715]\nE       \tGetHandleVerifier [0x0x7ff6e4d76aed+3026941]\nE       \tGetHandleVerifier [0x0x7ff6e4ac16fe+187406]\nE       \tGetHandleVerifier [0x0x7ff6e4ac96ef+220159]\nE       \tGetHandleVerifier [0x0x7ff6e4aafaf4+114692]\nE       \tGetHandleVerifier [0x0x7ff6e4aafca9+115129]\nE       \tGetHandleVerifier [0x0x7ff6e4a964d8+10728]\nE       \tBaseThreadInitThunk [0x0x7ffee1537374+20]\nE       \tRtlUserThreadStart [0x0x7ffee1a7cc91+33]\n\nD:\\Program Files\\Python310\\lib\\site-packages\\selenium\\webdriver\\remote\\errorhandler.py:232: NoSuchElementException"}, "attachments": [{"name": "test_affairs_process_select2_failure", "source": "b2ca311c-d809-4212-a880-023d20ec9c3a-attachment.png", "type": "image/png"}, {"name": "test_affairs_process_select2_source", "source": "d16ac52f-c4f4-4610-b6cd-bffa4f83e5b0-attachment.html", "type": "text/html"}, {"name": "log", "source": "597d7b8a-c20d-4464-ba91-72901aa51c24-attachment.txt", "type": "text/plain"}], "start": 1761122993852, "stop": 1761122999693, "uuid": "09e8463a-c2be-4606-899b-8c0531940cfa", "historyId": "93c7e901049f9729cf0a06d3c280f979", "testCaseId": "93c7e901049f9729cf0a06d3c280f979", "fullName": "Tests.test_system.test_affairs.TestAffairsPage#test_affairs_process_select2", "labels": [{"name": "story", "value": "我的流程-是否启动查询为开启"}, {"name": "feature", "value": "事务管理页用例"}, {"name": "tag", "value": "run(order=202)"}, {"name": "parentSuite", "value": "Tests.test_system"}, {"name": "suite", "value": "test_affairs"}, {"name": "subSuite", "value": "TestAffairsPage"}, {"name": "host", "value": "WIN-20240820MJV"}, {"name": "thread", "value": "26236-MainThread"}, {"name": "framework", "value": "pytest"}, {"name": "language", "value": "cpython3"}, {"name": "package", "value": "Tests.test_system.test_affairs"}]}