{"name": "test_affairs_process_nextsuccess3", "status": "broken", "statusDetails": {"message": "selenium.common.exceptions.TimeoutException: Message: \nStacktrace:\n\tGetHandleVerifier [0x0x7ff634466f65+78965]\n\tGetHandleVerifier [0x0x7ff634466fc0+79056]\n\t(No symbol) [0x0x7ff6341f9dda]\n\t(No symbol) [0x0x7ff6342502ea]\n\t(No symbol) [0x0x7ff63425059c]\n\t(No symbol) [0x0x7ff6342a3f37]\n\t(No symbol) [0x0x7ff6342786af]\n\t(No symbol) [0x0x7ff6342a0dbe]\n\t(No symbol) [0x0x7ff634278443]\n\t(No symbol) [0x0x7ff634241311]\n\t(No symbol) [0x0x7ff6342420a3]\n\tGetHandleVerifier [0x0x7ff63471e26d+2926461]\n\tGetHandleVerifier [0x0x7ff634718993+2903715]\n\tGetHandleVerifier [0x0x7ff634736aed+3026941]\n\tGetHandleVerifier [0x0x7ff6344816fe+187406]\n\tGetHandleVerifier [0x0x7ff6344896ef+220159]\n\tGetHandleVerifier [0x0x7ff63446faf4+114692]\n\tGetHandleVerifier [0x0x7ff63446fca9+115129]\n\tGetHandleVerifier [0x0x7ff6344564d8+10728]\n\tBaseThreadInitThunk [0x0x7ff992b87374+20]\n\tRtlUserThreadStart [0x0x7ff99357cc91+33]", "trace": "self = <test_system.test_affairs.TestAffairsPage object at 0x0000024CAA1505E0>\nlogin_to_affairs = <selenium.webdriver.chrome.webdriver.WebDriver (session=\"6237f96a6243e3687f97d7a527d41df2\")>\n\n    @allure.story(\"我的流程-频率为每天，添加2个事务点击保存，保存成功\")\n    # @pytest.mark.run(order=1)\n    def test_affairs_process_nextsuccess3(self, login_to_affairs):\n        driver = login_to_affairs  # WebDriver 实例\n        affairs = AffairsPage(driver)  # 用 driver 初始化 AffairsPage\n        name = \"测试流程7\"\n        sel1 = \"添加事务模版1\"\n        sel2 = \"添加全部模版成功\"\n        affairs.click_process()\n        affairs.add_process(name=name, type=\"服务\", frequency=\"每天\")\n        affairs.click_next()\n>       value1 = affairs.add_process_affairs(add=False, sel=sel1)\n\ntest_affairs.py:809: \n_ _ _ _ _ _ _ _ _ _ _ _ _ _ _ _ _ _ _ _ _ _ _ _ _ _ _ _ _ _ _ _ _ _ _ _ _ _ _ _\n..\\..\\Pages\\systemPage\\affairs_page.py:170: in add_process_affairs\n    value = self.get_find_element_xpath('//div[@class=\"application__item activated\"]/div[@class=\"application__name\"]/div[@class=\"name\"]').text\n..\\..\\Pages\\systemPage\\affairs_page.py:27: in get_find_element_xpath\n    return self.find_element(By.XPATH, xpath)\n..\\..\\Pages\\base_page.py:28: in find_element\n    return WebDriverWait(self.driver, wait_time).until(\n_ _ _ _ _ _ _ _ _ _ _ _ _ _ _ _ _ _ _ _ _ _ _ _ _ _ _ _ _ _ _ _ _ _ _ _ _ _ _ _\n\nself = <selenium.webdriver.support.wait.WebDriverWait (session=\"6237f96a6243e3687f97d7a527d41df2\")>\nmethod = <function presence_of_element_located.<locals>._predicate at 0x0000024CAA161480>\nmessage = ''\n\n    def until(self, method: Callable[[D], Union[Literal[False], T]], message: str = \"\") -> T:\n        \"\"\"Wait until the method returns a value that is not False.\n    \n        Calls the method provided with the driver as an argument until the\n        return value does not evaluate to ``False``.\n    \n        Parameters:\n        -----------\n        method: callable(WebDriver)\n            - A callable object that takes a WebDriver instance as an argument.\n    \n        message: str\n            - Optional message for :exc:`TimeoutException`\n    \n        Return:\n        -------\n        object: T\n            - The result of the last call to `method`\n    \n        Raises:\n        -------\n        TimeoutException\n            - If 'method' does not return a truthy value within the WebDriverWait\n            object's timeout\n    \n        Example:\n        --------\n        >>> from selenium.webdriver.common.by import By\n        >>> from selenium.webdriver.support.ui import WebDriverWait\n        >>> from selenium.webdriver.support import expected_conditions as EC\n    \n        # Wait until an element is visible on the page\n        >>> wait = WebDriverWait(driver, 10)\n        >>> element = wait.until(EC.visibility_of_element_located((By.ID, \"exampleId\")))\n        >>> print(element.text)\n        \"\"\"\n        screen = None\n        stacktrace = None\n    \n        end_time = time.monotonic() + self._timeout\n        while True:\n            try:\n                value = method(self._driver)\n                if value:\n                    return value\n            except self._ignored_exceptions as exc:\n                screen = getattr(exc, \"screen\", None)\n                stacktrace = getattr(exc, \"stacktrace\", None)\n            if time.monotonic() > end_time:\n                break\n            time.sleep(self._poll)\n>       raise TimeoutException(message, screen, stacktrace)\nE       selenium.common.exceptions.TimeoutException: Message: \nE       Stacktrace:\nE       \tGetHandleVerifier [0x0x7ff634466f65+78965]\nE       \tGetHandleVerifier [0x0x7ff634466fc0+79056]\nE       \t(No symbol) [0x0x7ff6341f9dda]\nE       \t(No symbol) [0x0x7ff6342502ea]\nE       \t(No symbol) [0x0x7ff63425059c]\nE       \t(No symbol) [0x0x7ff6342a3f37]\nE       \t(No symbol) [0x0x7ff6342786af]\nE       \t(No symbol) [0x0x7ff6342a0dbe]\nE       \t(No symbol) [0x0x7ff634278443]\nE       \t(No symbol) [0x0x7ff634241311]\nE       \t(No symbol) [0x0x7ff6342420a3]\nE       \tGetHandleVerifier [0x0x7ff63471e26d+2926461]\nE       \tGetHandleVerifier [0x0x7ff634718993+2903715]\nE       \tGetHandleVerifier [0x0x7ff634736aed+3026941]\nE       \tGetHandleVerifier [0x0x7ff6344816fe+187406]\nE       \tGetHandleVerifier [0x0x7ff6344896ef+220159]\nE       \tGetHandleVerifier [0x0x7ff63446faf4+114692]\nE       \tGetHandleVerifier [0x0x7ff63446fca9+115129]\nE       \tGetHandleVerifier [0x0x7ff6344564d8+10728]\nE       \tBaseThreadInitThunk [0x0x7ff992b87374+20]\nE       \tRtlUserThreadStart [0x0x7ff99357cc91+33]\n\nD:\\Program Files\\Python310\\lib\\site-packages\\selenium\\webdriver\\support\\wait.py:146: TimeoutException"}, "attachments": [{"name": "test_affairs_process_nextsuccess3_failure", "source": "52afdab3-56b9-4b7f-a6ab-58d96440149c-attachment.png", "type": "image/png"}, {"name": "test_affairs_process_nextsuccess3_source", "source": "746174f9-7394-4a90-a6ee-338376c450e6-attachment.html", "type": "text/html"}, {"name": "log", "source": "face0ed7-72a8-43a9-8aba-7399f159e3f9-attachment.txt", "type": "text/plain"}], "start": 1754561135351, "stop": 1754561149647, "uuid": "a5a31d0d-aba0-4110-82ef-48e6663e844d", "historyId": "5c4b4259f3c9d008ed302edb58b2f560", "testCaseId": "5c4b4259f3c9d008ed302edb58b2f560", "fullName": "Tests.test_system.test_affairs.TestAffairsPage#test_affairs_process_nextsuccess3", "labels": [{"name": "story", "value": "我的流程-频率为每天，添加2个事务点击保存，保存成功"}, {"name": "feature", "value": "事务管理页用例"}, {"name": "tag", "value": "run(order=202)"}, {"name": "parentSuite", "value": "Tests.test_system"}, {"name": "suite", "value": "test_affairs"}, {"name": "subSuite", "value": "TestAffairsPage"}, {"name": "host", "value": "WIN-20240820MJV"}, {"name": "thread", "value": "2920-MainThread"}, {"name": "framework", "value": "pytest"}, {"name": "language", "value": "cpython3"}, {"name": "package", "value": "Tests.test_system.test_affairs"}]}