{"name": "test_user_t3", "status": "broken", "statusDetails": {"message": "selenium.common.exceptions.TimeoutException: Message: 点击失败，找不到元素：xpath = //div[@class=\"ivu-date-picker-cells\"]/span[@class=\"ivu-date-picker-cells-cell ivu-date-picker-cells-cell-today ivu-date-picker-cells-focused\"]/preceding-sibling::span", "trace": "self = <Pages.systemPage.userRole_page.UserRolePage object at 0x0000024E2B58F6D0>\nby_or_element = 'xpath'\nvalue = '//div[@class=\"ivu-date-picker-cells\"]/span[@class=\"ivu-date-picker-cells-cell ivu-date-picker-cells-cell-today ivu-date-picker-cells-focused\"]/preceding-sibling::span'\nwait_time = 10\n\n    def click(self, by_or_element, value=None, wait_time=10):\n        if value is not None:\n            by = by_or_element\n            logging.info(f\"点击元素：By = {by}, Value = {value}\")\n            try:\n>               element = WebDriverWait(self.driver, wait_time).until(\n                    EC.element_to_be_clickable((by, value))\n                )\n\n..\\..\\Pages\\base_page.py:45: \n_ _ _ _ _ _ _ _ _ _ _ _ _ _ _ _ _ _ _ _ _ _ _ _ _ _ _ _ _ _ _ _ _ _ _ _ _ _ _ _\n\nself = <selenium.webdriver.support.wait.WebDriverWait (session=\"48451188c842463f1673fbec7c69cc2a\")>\nmethod = <function element_to_be_clickable.<locals>._predicate at 0x0000024E2B661990>\nmessage = ''\n\n    def until(self, method: Callable[[D], Union[Literal[False], T]], message: str = \"\") -> T:\n        \"\"\"Wait until the method returns a value that is not False.\n    \n        Calls the method provided with the driver as an argument until the\n        return value does not evaluate to ``False``.\n    \n        Parameters:\n        -----------\n        method: callable(WebDriver)\n            - A callable object that takes a WebDriver instance as an argument.\n    \n        message: str\n            - Optional message for :exc:`TimeoutException`\n    \n        Return:\n        -------\n        object: T\n            - The result of the last call to `method`\n    \n        Raises:\n        -------\n        TimeoutException\n            - If 'method' does not return a truthy value within the WebDriverWait\n            object's timeout\n    \n        Example:\n        --------\n        >>> from selenium.webdriver.common.by import By\n        >>> from selenium.webdriver.support.ui import WebDriverWait\n        >>> from selenium.webdriver.support import expected_conditions as EC\n    \n        # Wait until an element is visible on the page\n        >>> wait = WebDriverWait(driver, 10)\n        >>> element = wait.until(EC.visibility_of_element_located((By.ID, \"exampleId\")))\n        >>> print(element.text)\n        \"\"\"\n        screen = None\n        stacktrace = None\n    \n        end_time = time.monotonic() + self._timeout\n        while True:\n            try:\n                value = method(self._driver)\n                if value:\n                    return value\n            except self._ignored_exceptions as exc:\n                screen = getattr(exc, \"screen\", None)\n                stacktrace = getattr(exc, \"stacktrace\", None)\n            if time.monotonic() > end_time:\n                break\n            time.sleep(self._poll)\n>       raise TimeoutException(message, screen, stacktrace)\nE       selenium.common.exceptions.TimeoutException: Message: \nE       Stacktrace:\nE       \tGetHandleVerifier [0x0x7ff627bf6f65+78965]\nE       \tGetHandleVerifier [0x0x7ff627bf6fc0+79056]\nE       \t(No symbol) [0x0x7ff627989dda]\nE       \t(No symbol) [0x0x7ff6279e02ea]\nE       \t(No symbol) [0x0x7ff6279e059c]\nE       \t(No symbol) [0x0x7ff627a33f37]\nE       \t(No symbol) [0x0x7ff627a086af]\nE       \t(No symbol) [0x0x7ff627a30dbe]\nE       \t(No symbol) [0x0x7ff627a08443]\nE       \t(No symbol) [0x0x7ff6279d1311]\nE       \t(No symbol) [0x0x7ff6279d20a3]\nE       \tGetHandleVerifier [0x0x7ff627eae26d+2926461]\nE       \tGetHandleVerifier [0x0x7ff627ea8993+2903715]\nE       \tGetHandleVerifier [0x0x7ff627ec6aed+3026941]\nE       \tGetHandleVerifier [0x0x7ff627c116fe+187406]\nE       \tGetHandleVerifier [0x0x7ff627c196ef+220159]\nE       \tGetHandleVerifier [0x0x7ff627bffaf4+114692]\nE       \tGetHandleVerifier [0x0x7ff627bffca9+115129]\nE       \tGetHandleVerifier [0x0x7ff627be64d8+10728]\nE       \tBaseThreadInitThunk [0x0x7ffae7f27374+20]\nE       \tRtlUserThreadStart [0x0x7ffae8d3cc91+33]\n\nD:\\Program Files\\Python310\\lib\\site-packages\\selenium\\webdriver\\support\\wait.py:146: TimeoutException\n\nDuring handling of the above exception, another exception occurred:\n\nself = <test_system.test_userRole.TestUserRolePage object at 0x0000024E2B62F2E0>\nlogin_to_userrole = <selenium.webdriver.chrome.webdriver.WebDriver (session=\"48451188c842463f1673fbec7c69cc2a\")>\n\n    @allure.story(\"设置用户有效期为之前的，显示已过期\")\n    # @pytest.mark.run(order=1)\n    def test_user_t3(self, login_to_userrole):\n        driver = login_to_userrole  # WebDriver 实例\n        user = UserRolePage(driver)  # 用 driver 初始化 UserRolePage\n        page = LoginPage(driver)\n        name = '1user2'\n        password = 'Qw123456'\n        user.select_input(name)\n        sleep(1)\n        user.click_button(f'//table[@class=\"vxe-table--body\"]//tr/td[2]//span[text()=\"{name}\"]')\n        sleep(1)\n        user.click_all_button(\"编辑\")\n        sleep(1)\n        sy = user.get_find_element_xpath('//div[label[text()=\"是否禁用\"]]/div//span').get_attribute(\"class\")\n        if sy == 'ivu-checkbox ivu-checkbox-checked':\n            user.click_button('//div[label[text()=\"是否禁用\"]]/div//span')\n        user.click_button('//div[label[text()=\"用户有效日期\"]]//input')\n>       user.click_button(\n            '//div[@class=\"ivu-date-picker-cells\"]/span[@class=\"ivu-date-picker-cells-cell ivu-date-picker-cells-cell-today ivu-date-picker-cells-focused\"]/preceding-sibling::span')\n\ntest_userRole.py:562: \n_ _ _ _ _ _ _ _ _ _ _ _ _ _ _ _ _ _ _ _ _ _ _ _ _ _ _ _ _ _ _ _ _ _ _ _ _ _ _ _\n..\\..\\Pages\\systemPage\\userRole_page.py:24: in click_button\n    self.click(By.XPATH, xpath)\n_ _ _ _ _ _ _ _ _ _ _ _ _ _ _ _ _ _ _ _ _ _ _ _ _ _ _ _ _ _ _ _ _ _ _ _ _ _ _ _\n\nself = <Pages.systemPage.userRole_page.UserRolePage object at 0x0000024E2B58F6D0>\nby_or_element = 'xpath'\nvalue = '//div[@class=\"ivu-date-picker-cells\"]/span[@class=\"ivu-date-picker-cells-cell ivu-date-picker-cells-cell-today ivu-date-picker-cells-focused\"]/preceding-sibling::span'\nwait_time = 10\n\n    def click(self, by_or_element, value=None, wait_time=10):\n        if value is not None:\n            by = by_or_element\n            logging.info(f\"点击元素：By = {by}, Value = {value}\")\n            try:\n                element = WebDriverWait(self.driver, wait_time).until(\n                    EC.element_to_be_clickable((by, value))\n                )\n            except TimeoutException:\n                logging.warning(f\"❌ 点击超时：元素 {by} = {value} 未在 {wait_time} 秒内变为可点击\")\n>               raise TimeoutException(f\"点击失败，找不到元素：{by} = {value}\")\nE               selenium.common.exceptions.TimeoutException: Message: 点击失败，找不到元素：xpath = //div[@class=\"ivu-date-picker-cells\"]/span[@class=\"ivu-date-picker-cells-cell ivu-date-picker-cells-cell-today ivu-date-picker-cells-focused\"]/preceding-sibling::span\n\n..\\..\\Pages\\base_page.py:50: TimeoutException"}, "attachments": [{"name": "test_user_t3_failure", "source": "467dd9da-5397-4fd6-967a-f0553b8c9867-attachment.png", "type": "image/png"}, {"name": "test_user_t3_source", "source": "141f9882-d13f-4047-b8dc-b1c121c35308-attachment.html", "type": "text/html"}, {"name": "log", "source": "5bd6402e-4148-4359-928a-04a929fefc2c-attachment.txt", "type": "text/plain"}], "start": 1757329392891, "stop": 1757329407682, "uuid": "c32f7fdc-a46a-4f88-bf6b-53f41ed82c1b", "historyId": "e5afc6fdd78257e72d785bbdb8aff689", "testCaseId": "e5afc6fdd78257e72d785bbdb8aff689", "fullName": "Tests.test_system.test_userRole.TestUserRolePage#test_user_t3", "labels": [{"name": "story", "value": "设置用户有效期为之前的，显示已过期"}, {"name": "feature", "value": "用户权限管理页用例"}, {"name": "tag", "value": "run(order=206)"}, {"name": "parentSuite", "value": "Tests.test_system"}, {"name": "suite", "value": "test_userRole"}, {"name": "subSuite", "value": "TestUserRolePage"}, {"name": "host", "value": "WIN-20240820MJV"}, {"name": "thread", "value": "26004-MainThread"}, {"name": "framework", "value": "pytest"}, {"name": "language", "value": "cpython3"}, {"name": "package", "value": "Tests.test_system.test_userRole"}]}