{"name": "test_expression_clear", "status": "broken", "statusDetails": {"message": "selenium.common.exceptions.TimeoutException: Message: 点击失败，找不到元素：xpath = //div[p[text()=\"角色代码\"]]/following-sibling::div//i", "trace": "self = <Pages.systemPage.expression_page.ExpressionPage object at 0x000002489B972440>\nby_or_element = 'xpath'\nvalue = '//div[p[text()=\"角色代码\"]]/following-sibling::div//i', wait_time = 10\n\n    def click(self, by_or_element, value=None, wait_time=10):\n        if value is not None:\n            by = by_or_element\n            logging.info(f\"点击元素：By = {by}, Value = {value}\")\n            try:\n>               element = WebDriverWait(self.driver, wait_time).until(\n                    EC.element_to_be_clickable((by, value))\n                )\n\n..\\..\\Pages\\base_page.py:45: \n_ _ _ _ _ _ _ _ _ _ _ _ _ _ _ _ _ _ _ _ _ _ _ _ _ _ _ _ _ _ _ _ _ _ _ _ _ _ _ _\n\nself = <selenium.webdriver.support.wait.WebDriverWait (session=\"43574d16a196efe0cad807c939312f16\")>\nmethod = <function element_to_be_clickable.<locals>._predicate at 0x000002489B8AA290>\nmessage = ''\n\n    def until(self, method: Callable[[D], Union[Literal[False], T]], message: str = \"\") -> T:\n        \"\"\"Wait until the method returns a value that is not False.\n    \n        Calls the method provided with the driver as an argument until the\n        return value does not evaluate to ``False``.\n    \n        Parameters:\n        -----------\n        method: callable(WebDriver)\n            - A callable object that takes a WebDriver instance as an argument.\n    \n        message: str\n            - Optional message for :exc:`TimeoutException`\n    \n        Return:\n        -------\n        object: T\n            - The result of the last call to `method`\n    \n        Raises:\n        -------\n        TimeoutException\n            - If 'method' does not return a truthy value within the WebDriverWait\n            object's timeout\n    \n        Example:\n        --------\n        >>> from selenium.webdriver.common.by import By\n        >>> from selenium.webdriver.support.ui import WebDriverWait\n        >>> from selenium.webdriver.support import expected_conditions as EC\n    \n        # Wait until an element is visible on the page\n        >>> wait = WebDriverWait(driver, 10)\n        >>> element = wait.until(EC.visibility_of_element_located((By.ID, \"exampleId\")))\n        >>> print(element.text)\n        \"\"\"\n        screen = None\n        stacktrace = None\n    \n        end_time = time.monotonic() + self._timeout\n        while True:\n            try:\n                value = method(self._driver)\n                if value:\n                    return value\n            except self._ignored_exceptions as exc:\n                screen = getattr(exc, \"screen\", None)\n                stacktrace = getattr(exc, \"stacktrace\", None)\n            if time.monotonic() > end_time:\n                break\n            time.sleep(self._poll)\n>       raise TimeoutException(message, screen, stacktrace)\nE       selenium.common.exceptions.TimeoutException: Message: \nE       Stacktrace:\nE       \tGetHandleVerifier [0x0x7ff73f096f65+78965]\nE       \tGetHandleVerifier [0x0x7ff73f096fc0+79056]\nE       \t(No symbol) [0x0x7ff73ee29dda]\nE       \t(No symbol) [0x0x7ff73ee802ea]\nE       \t(No symbol) [0x0x7ff73ee8059c]\nE       \t(No symbol) [0x0x7ff73eed3f37]\nE       \t(No symbol) [0x0x7ff73eea86af]\nE       \t(No symbol) [0x0x7ff73eed0dbe]\nE       \t(No symbol) [0x0x7ff73eea8443]\nE       \t(No symbol) [0x0x7ff73ee71311]\nE       \t(No symbol) [0x0x7ff73ee720a3]\nE       \tGetHandleVerifier [0x0x7ff73f34e26d+2926461]\nE       \tGetHandleVerifier [0x0x7ff73f348993+2903715]\nE       \tGetHandleVerifier [0x0x7ff73f366aed+3026941]\nE       \tGetHandleVerifier [0x0x7ff73f0b16fe+187406]\nE       \tGetHandleVerifier [0x0x7ff73f0b96ef+220159]\nE       \tGetHandleVerifier [0x0x7ff73f09faf4+114692]\nE       \tGetHandleVerifier [0x0x7ff73f09fca9+115129]\nE       \tGetHandleVerifier [0x0x7ff73f0864d8+10728]\nE       \tBaseThreadInitThunk [0x0x7ffeb48c7374+20]\nE       \tRtlUserThreadStart [0x0x7ffeb67fcc91+33]\n\nD:\\Program Files\\Python310\\lib\\site-packages\\selenium\\webdriver\\support\\wait.py:146: TimeoutException\n\nDuring handling of the above exception, another exception occurred:\n\nself = <test_system.test_expression.TestSExpressionPage object at 0x000002489B973C40>\nlogin_to_expression = <selenium.webdriver.chrome.webdriver.WebDriver (session=\"43574d16a196efe0cad807c939312f16\")>\n\n    @allure.story(\"清除筛选效果成功\")\n    # @pytest.mark.run(order=1)\n    def test_expression_clear(self, login_to_expression):\n        driver = login_to_expression  # WebDriver 实例\n        expression = ExpressionPage(driver)  # 用 driver 初始化 ExpressionPage\n        sleep(1)\n        name = \"3\"\n        sleep(1)\n        expression.click_button('//div[p[text()=\"名称\"]]/following-sibling::div//i')\n        expression.hover(\"包含\")\n        sleep(1)\n        expression.select_input_expression(name)\n        sleep(1)\n>       expression.click_button('//div[p[text()=\"角色代码\"]]/following-sibling::div//i')\n\ntest_expression.py:286: \n_ _ _ _ _ _ _ _ _ _ _ _ _ _ _ _ _ _ _ _ _ _ _ _ _ _ _ _ _ _ _ _ _ _ _ _ _ _ _ _\n..\\..\\Pages\\systemPage\\expression_page.py:24: in click_button\n    self.click(By.XPATH, xpath)\n_ _ _ _ _ _ _ _ _ _ _ _ _ _ _ _ _ _ _ _ _ _ _ _ _ _ _ _ _ _ _ _ _ _ _ _ _ _ _ _\n\nself = <Pages.systemPage.expression_page.ExpressionPage object at 0x000002489B972440>\nby_or_element = 'xpath'\nvalue = '//div[p[text()=\"角色代码\"]]/following-sibling::div//i', wait_time = 10\n\n    def click(self, by_or_element, value=None, wait_time=10):\n        if value is not None:\n            by = by_or_element\n            logging.info(f\"点击元素：By = {by}, Value = {value}\")\n            try:\n                element = WebDriverWait(self.driver, wait_time).until(\n                    EC.element_to_be_clickable((by, value))\n                )\n            except TimeoutException:\n                logging.warning(f\"❌ 点击超时：元素 {by} = {value} 未在 {wait_time} 秒内变为可点击\")\n>               raise TimeoutException(f\"点击失败，找不到元素：{by} = {value}\")\nE               selenium.common.exceptions.TimeoutException: Message: 点击失败，找不到元素：xpath = //div[p[text()=\"角色代码\"]]/following-sibling::div//i\n\n..\\..\\Pages\\base_page.py:50: TimeoutException"}, "attachments": [{"name": "test_expression_clear_failure", "source": "098ef4c6-ac1d-421d-8fba-bc1c49770783-attachment.png", "type": "image/png"}, {"name": "test_expression_clear_source", "source": "091d6a7e-15bc-4b9f-8d61-94cd2509419e-attachment.html", "type": "text/html"}, {"name": "log", "source": "37315494-43bb-4752-9c5b-09a004510db4-attachment.txt", "type": "text/plain"}], "start": 1760178867414, "stop": 1760178882733, "uuid": "21bc8597-ec9c-448d-8bb7-e5dece852837", "historyId": "65101cac02de14f388065836c1c4a64e", "testCaseId": "65101cac02de14f388065836c1c4a64e", "fullName": "Tests.test_system.test_expression.TestSExpressionPage#test_expression_clear", "labels": [{"name": "story", "value": "清除筛选效果成功"}, {"name": "feature", "value": "表达式管理页用例"}, {"name": "tag", "value": "run(order=212)"}, {"name": "parentSuite", "value": "Tests.test_system"}, {"name": "suite", "value": "test_expression"}, {"name": "subSuite", "value": "TestSExpressionPage"}, {"name": "host", "value": "WIN-20240820MJV"}, {"name": "thread", "value": "9700-MainThread"}, {"name": "framework", "value": "pytest"}, {"name": "language", "value": "cpython3"}, {"name": "package", "value": "Tests.test_system.test_expression"}]}