{"name": "test_affairs_process_select5", "status": "broken", "statusDetails": {"message": "selenium.common.exceptions.TimeoutException: Message: \nStacktrace:\n\tGetHandleVerifier [0x0x7ff6e4aa6f65+78965]\n\tGetHandleVerifier [0x0x7ff6e4aa6fc0+79056]\n\t(No symbol) [0x0x7ff6e4839dda]\n\t(No symbol) [0x0x7ff6e48902ea]\n\t(No symbol) [0x0x7ff6e489059c]\n\t(No symbol) [0x0x7ff6e48e3f37]\n\t(No symbol) [0x0x7ff6e48b86af]\n\t(No symbol) [0x0x7ff6e48e0dbe]\n\t(No symbol) [0x0x7ff6e48b8443]\n\t(No symbol) [0x0x7ff6e4881311]\n\t(No symbol) [0x0x7ff6e48820a3]\n\tGetHandleVerifier [0x0x7ff6e4d5e26d+2926461]\n\tGetHandleVerifier [0x0x7ff6e4d58993+2903715]\n\tGetHandleVerifier [0x0x7ff6e4d76aed+3026941]\n\tGetHandleVerifier [0x0x7ff6e4ac16fe+187406]\n\tGetHandleVerifier [0x0x7ff6e4ac96ef+220159]\n\tGetHandleVerifier [0x0x7ff6e4aafaf4+114692]\n\tGetHandleVerifier [0x0x7ff6e4aafca9+115129]\n\tGetHandleVerifier [0x0x7ff6e4a964d8+10728]\n\tBaseThreadInitThunk [0x0x7ffee1537374+20]\n\tRtlUserThreadStart [0x0x7ffee1a7cc91+33]", "trace": "self = <test_system.test_affairs.TestAffairsPage object at 0x000001F9898AE3E0>\nlogin_to_affairs = <selenium.webdriver.chrome.webdriver.WebDriver (session=\"8247536891e3bde10ff3736ebe1054a6\")>\n\n    @allure.story(\"我的流程-查询事务流程，开关开启，流程名称成功\")\n    # @pytest.mark.run(order=1)\n    def test_affairs_process_select5(self, login_to_affairs):\n        driver = login_to_affairs  # WebDriver 实例\n        affairs = AffairsPage(driver)  # 用 driver 初始化 AffairsPage\n        template_name = \"添加全部模版成功\"\n        enable = \"开启\"\n        name = \"添加全部成功\"\n        sleep(1)\n        affairs.click_process()\n        affairs.select_all(template_name, enable, name)\n        td1 = affairs.get_find_element_xpath('(//table[@class=\"el-table__body\"])[1]//tr[1]/td[1]//div[@class=\"flow-direction\"]/div').text\n        td2 = affairs.get_find_element_xpath('(//table[@class=\"el-table__body\"])[1]//tr[1]/td[2]/div').text\n>       td6 = affairs.get_find_element_xpath('(//table[@class=\"el-table__body\"])[1]//tr[1]/td[6]/div/div').get_attribute(\"class\")\n\ntest_affairs.py:1062: \n_ _ _ _ _ _ _ _ _ _ _ _ _ _ _ _ _ _ _ _ _ _ _ _ _ _ _ _ _ _ _ _ _ _ _ _ _ _ _ _\n..\\..\\Pages\\systemPage\\affairs_page.py:28: in get_find_element_xpath\n    return self.find_element(By.XPATH, xpath)\n..\\..\\Pages\\base_page.py:28: in find_element\n    return WebDriverWait(self.driver, wait_time).until(\n_ _ _ _ _ _ _ _ _ _ _ _ _ _ _ _ _ _ _ _ _ _ _ _ _ _ _ _ _ _ _ _ _ _ _ _ _ _ _ _\n\nself = <selenium.webdriver.support.wait.WebDriverWait (session=\"8247536891e3bde10ff3736ebe1054a6\")>\nmethod = <function presence_of_element_located.<locals>._predicate at 0x000001F98982F010>\nmessage = ''\n\n    def until(self, method: Callable[[D], Union[Literal[False], T]], message: str = \"\") -> T:\n        \"\"\"Wait until the method returns a value that is not False.\n    \n        Calls the method provided with the driver as an argument until the\n        return value does not evaluate to ``False``.\n    \n        Parameters:\n        -----------\n        method: callable(WebDriver)\n            - A callable object that takes a WebDriver instance as an argument.\n    \n        message: str\n            - Optional message for :exc:`TimeoutException`\n    \n        Return:\n        -------\n        object: T\n            - The result of the last call to `method`\n    \n        Raises:\n        -------\n        TimeoutException\n            - If 'method' does not return a truthy value within the WebDriverWait\n            object's timeout\n    \n        Example:\n        --------\n        >>> from selenium.webdriver.common.by import By\n        >>> from selenium.webdriver.support.ui import WebDriverWait\n        >>> from selenium.webdriver.support import expected_conditions as EC\n    \n        # Wait until an element is visible on the page\n        >>> wait = WebDriverWait(driver, 10)\n        >>> element = wait.until(EC.visibility_of_element_located((By.ID, \"exampleId\")))\n        >>> print(element.text)\n        \"\"\"\n        screen = None\n        stacktrace = None\n    \n        end_time = time.monotonic() + self._timeout\n        while True:\n            try:\n                value = method(self._driver)\n                if value:\n                    return value\n            except self._ignored_exceptions as exc:\n                screen = getattr(exc, \"screen\", None)\n                stacktrace = getattr(exc, \"stacktrace\", None)\n            if time.monotonic() > end_time:\n                break\n            time.sleep(self._poll)\n>       raise TimeoutException(message, screen, stacktrace)\nE       selenium.common.exceptions.TimeoutException: Message: \nE       Stacktrace:\nE       \tGetHandleVerifier [0x0x7ff6e4aa6f65+78965]\nE       \tGetHandleVerifier [0x0x7ff6e4aa6fc0+79056]\nE       \t(No symbol) [0x0x7ff6e4839dda]\nE       \t(No symbol) [0x0x7ff6e48902ea]\nE       \t(No symbol) [0x0x7ff6e489059c]\nE       \t(No symbol) [0x0x7ff6e48e3f37]\nE       \t(No symbol) [0x0x7ff6e48b86af]\nE       \t(No symbol) [0x0x7ff6e48e0dbe]\nE       \t(No symbol) [0x0x7ff6e48b8443]\nE       \t(No symbol) [0x0x7ff6e4881311]\nE       \t(No symbol) [0x0x7ff6e48820a3]\nE       \tGetHandleVerifier [0x0x7ff6e4d5e26d+2926461]\nE       \tGetHandleVerifier [0x0x7ff6e4d58993+2903715]\nE       \tGetHandleVerifier [0x0x7ff6e4d76aed+3026941]\nE       \tGetHandleVerifier [0x0x7ff6e4ac16fe+187406]\nE       \tGetHandleVerifier [0x0x7ff6e4ac96ef+220159]\nE       \tGetHandleVerifier [0x0x7ff6e4aafaf4+114692]\nE       \tGetHandleVerifier [0x0x7ff6e4aafca9+115129]\nE       \tGetHandleVerifier [0x0x7ff6e4a964d8+10728]\nE       \tBaseThreadInitThunk [0x0x7ffee1537374+20]\nE       \tRtlUserThreadStart [0x0x7ffee1a7cc91+33]\n\nD:\\Program Files\\Python310\\lib\\site-packages\\selenium\\webdriver\\support\\wait.py:146: TimeoutException"}, "attachments": [{"name": "test_affairs_process_select5_failure", "source": "5c62c8fc-7a04-4f53-99f0-7190e1de5e27-attachment.png", "type": "image/png"}, {"name": "test_affairs_process_select5_source", "source": "5ba50b17-374c-44d8-b47e-ec3262d582f7-attachment.html", "type": "text/html"}, {"name": "log", "source": "763cfbd0-5f24-4171-b85c-76a95033a61c-attachment.txt", "type": "text/plain"}], "start": 1761123558634, "stop": 1761123572810, "uuid": "b98768a7-1c39-4b02-8536-d08d337e0827", "historyId": "c551251337cb35d8670db25d6a08114d", "testCaseId": "c551251337cb35d8670db25d6a08114d", "fullName": "Tests.test_system.test_affairs.TestAffairsPage#test_affairs_process_select5", "labels": [{"name": "story", "value": "我的流程-查询事务流程，开关开启，流程名称成功"}, {"name": "feature", "value": "事务管理页用例"}, {"name": "tag", "value": "run(order=202)"}, {"name": "parentSuite", "value": "Tests.test_system"}, {"name": "suite", "value": "test_affairs"}, {"name": "subSuite", "value": "TestAffairsPage"}, {"name": "host", "value": "WIN-20240820MJV"}, {"name": "thread", "value": "27056-MainThread"}, {"name": "framework", "value": "pytest"}, {"name": "language", "value": "cpython3"}, {"name": "package", "value": "Tests.test_system.test_affairs"}]}