{"name": "test_menu_addfail2", "status": "broken", "statusDetails": {"message": "selenium.common.exceptions.TimeoutException: Message: \nStacktrace:\n\tGetHandleVerifier [0x0x7ff7b5516f65+78965]\n\tGetHandleVerifier [0x0x7ff7b5516fc0+79056]\n\t(No symbol) [0x0x7ff7b52a9dda]\n\t(No symbol) [0x0x7ff7b53002ea]\n\t(No symbol) [0x0x7ff7b530059c]\n\t(No symbol) [0x0x7ff7b5353f37]\n\t(No symbol) [0x0x7ff7b53286af]\n\t(No symbol) [0x0x7ff7b5350dbe]\n\t(No symbol) [0x0x7ff7b5328443]\n\t(No symbol) [0x0x7ff7b52f1311]\n\t(No symbol) [0x0x7ff7b52f20a3]\n\tGetHandleVerifier [0x0x7ff7b57ce26d+2926461]\n\tGetHandleVerifier [0x0x7ff7b57c8993+2903715]\n\tGetHandleVerifier [0x0x7ff7b57e6aed+3026941]\n\tGetHandleVerifier [0x0x7ff7b55316fe+187406]\n\tGetHandleVerifier [0x0x7ff7b55396ef+220159]\n\tGetHandleVerifier [0x0x7ff7b551faf4+114692]\n\tGetHandleVerifier [0x0x7ff7b551fca9+115129]\n\tGetHandleVerifier [0x0x7ff7b55064d8+10728]\n\tBaseThreadInitThunk [0x0x7ffe68f47374+20]\n\tRtlUserThreadStart [0x0x7ffe691dcc91+33]", "trace": "self = <test_system.test_menu.TestSMenuPage object at 0x000001E820CA7460>\nlogin_to_menu = <selenium.webdriver.chrome.webdriver.WebDriver (session=\"78c33aaff861b4516c094036da25f468\")>\n\n    @allure.story(\"新增只填写组件代码点击保存不允许添加\")\n    # @pytest.mark.run(order=1)\n    def test_menu_addfail2(self, login_to_menu):\n        driver = login_to_menu  # WebDriver 实例\n        menu = ExpressionPage(driver)  # 用 driver 初始化 ExpressionPage\n        name = 'ABCDAA'\n        sleep(1)\n        menu.click_all_button(\"新增\")\n        menu.enter_texts('//div[@id=\"ph5ht87u-mndd\"]//input', name)\n        menu.click_confirm()\n>       message = menu.get_find_message()\n\ntest_menu.py:83: \n_ _ _ _ _ _ _ _ _ _ _ _ _ _ _ _ _ _ _ _ _ _ _ _ _ _ _ _ _ _ _ _ _ _ _ _ _ _ _ _\n..\\..\\Pages\\systemPage\\expression_page.py:35: in get_find_message\n    message = WebDriverWait(self.driver, 10).until(\n_ _ _ _ _ _ _ _ _ _ _ _ _ _ _ _ _ _ _ _ _ _ _ _ _ _ _ _ _ _ _ _ _ _ _ _ _ _ _ _\n\nself = <selenium.webdriver.support.wait.WebDriverWait (session=\"78c33aaff861b4516c094036da25f468\")>\nmethod = <function visibility_of_element_located.<locals>._predicate at 0x000001E820BFA290>\nmessage = ''\n\n    def until(self, method: Callable[[D], Union[Literal[False], T]], message: str = \"\") -> T:\n        \"\"\"Wait until the method returns a value that is not False.\n    \n        Calls the method provided with the driver as an argument until the\n        return value does not evaluate to ``False``.\n    \n        Parameters:\n        -----------\n        method: callable(WebDriver)\n            - A callable object that takes a WebDriver instance as an argument.\n    \n        message: str\n            - Optional message for :exc:`TimeoutException`\n    \n        Return:\n        -------\n        object: T\n            - The result of the last call to `method`\n    \n        Raises:\n        -------\n        TimeoutException\n            - If 'method' does not return a truthy value within the WebDriverWait\n            object's timeout\n    \n        Example:\n        --------\n        >>> from selenium.webdriver.common.by import By\n        >>> from selenium.webdriver.support.ui import WebDriverWait\n        >>> from selenium.webdriver.support import expected_conditions as EC\n    \n        # Wait until an element is visible on the page\n        >>> wait = WebDriverWait(driver, 10)\n        >>> element = wait.until(EC.visibility_of_element_located((By.ID, \"exampleId\")))\n        >>> print(element.text)\n        \"\"\"\n        screen = None\n        stacktrace = None\n    \n        end_time = time.monotonic() + self._timeout\n        while True:\n            try:\n                value = method(self._driver)\n                if value:\n                    return value\n            except self._ignored_exceptions as exc:\n                screen = getattr(exc, \"screen\", None)\n                stacktrace = getattr(exc, \"stacktrace\", None)\n            if time.monotonic() > end_time:\n                break\n            time.sleep(self._poll)\n>       raise TimeoutException(message, screen, stacktrace)\nE       selenium.common.exceptions.TimeoutException: Message: \nE       Stacktrace:\nE       \tGetHandleVerifier [0x0x7ff7b5516f65+78965]\nE       \tGetHandleVerifier [0x0x7ff7b5516fc0+79056]\nE       \t(No symbol) [0x0x7ff7b52a9dda]\nE       \t(No symbol) [0x0x7ff7b53002ea]\nE       \t(No symbol) [0x0x7ff7b530059c]\nE       \t(No symbol) [0x0x7ff7b5353f37]\nE       \t(No symbol) [0x0x7ff7b53286af]\nE       \t(No symbol) [0x0x7ff7b5350dbe]\nE       \t(No symbol) [0x0x7ff7b5328443]\nE       \t(No symbol) [0x0x7ff7b52f1311]\nE       \t(No symbol) [0x0x7ff7b52f20a3]\nE       \tGetHandleVerifier [0x0x7ff7b57ce26d+2926461]\nE       \tGetHandleVerifier [0x0x7ff7b57c8993+2903715]\nE       \tGetHandleVerifier [0x0x7ff7b57e6aed+3026941]\nE       \tGetHandleVerifier [0x0x7ff7b55316fe+187406]\nE       \tGetHandleVerifier [0x0x7ff7b55396ef+220159]\nE       \tGetHandleVerifier [0x0x7ff7b551faf4+114692]\nE       \tGetHandleVerifier [0x0x7ff7b551fca9+115129]\nE       \tGetHandleVerifier [0x0x7ff7b55064d8+10728]\nE       \tBaseThreadInitThunk [0x0x7ffe68f47374+20]\nE       \tRtlUserThreadStart [0x0x7ffe691dcc91+33]\n\nD:\\Program Files\\Python310\\lib\\site-packages\\selenium\\webdriver\\support\\wait.py:146: TimeoutException"}, "attachments": [{"name": "test_menu_addfail2_failure", "source": "f4584178-48e5-422b-8ef4-29c98bc7fcec-attachment.png", "type": "image/png"}, {"name": "test_menu_addfail2_source", "source": "17e46f33-ba80-49a2-b0bb-5fd88fba7954-attachment.html", "type": "text/html"}, {"name": "log", "source": "e8be368e-978f-43c5-b969-5eda0d6547c8-attachment.txt", "type": "text/plain"}], "start": 1760351310792, "stop": 1760351323172, "uuid": "b56099ed-656b-46f6-bfa8-9c7ee32e68bd", "historyId": "48bbc18d7ebe96a28956d8d4cb2c0bd9", "testCaseId": "48bbc18d7ebe96a28956d8d4cb2c0bd9", "fullName": "Tests.test_system.test_menu.TestSMenuPage#test_menu_addfail2", "labels": [{"name": "story", "value": "新增只填写组件代码点击保存不允许添加"}, {"name": "feature", "value": "菜单组件页用例"}, {"name": "tag", "value": "run(order=213)"}, {"name": "parentSuite", "value": "Tests.test_system"}, {"name": "suite", "value": "test_menu"}, {"name": "subSuite", "value": "TestSMenuPage"}, {"name": "host", "value": "WIN-20240820MJV"}, {"name": "thread", "value": "25416-MainThread"}, {"name": "framework", "value": "pytest"}, {"name": "language", "value": "cpython3"}, {"name": "package", "value": "Tests.test_system.test_menu"}]}