{"name": "test_home_delete_template", "status": "broken", "statusDetails": {"message": "selenium.common.exceptions.TimeoutException: Message: 点击失败，找不到元素：xpath = (//div[@class=\"ivu-modal-confirm-footer\"])[2]//span[text()=\"确定\"]", "trace": "self = <Pages.systemPage.homepage_page.HomePage object at 0x000001C95BD3CEE0>\nby_or_element = 'xpath'\nvalue = '(//div[@class=\"ivu-modal-confirm-footer\"])[2]//span[text()=\"确定\"]'\nwait_time = 10\n\n    def click(self, by_or_element, value=None, wait_time=10):\n        if value is not None:\n            by = by_or_element\n            logging.info(f\"点击元素：By = {by}, Value = {value}\")\n            try:\n>               element = WebDriverWait(self.driver, wait_time).until(\n                    EC.element_to_be_clickable((by, value))\n                )\n\n..\\..\\Pages\\base_page.py:45: \n_ _ _ _ _ _ _ _ _ _ _ _ _ _ _ _ _ _ _ _ _ _ _ _ _ _ _ _ _ _ _ _ _ _ _ _ _ _ _ _\n\nself = <selenium.webdriver.support.wait.WebDriverWait (session=\"adbfe4d0e970168d61c87a2f2a12900e\")>\nmethod = <function element_to_be_clickable.<locals>._predicate at 0x000001C95CABFBE0>\nmessage = ''\n\n    def until(self, method: Callable[[D], Union[Literal[False], T]], message: str = \"\") -> T:\n        \"\"\"Wait until the method returns a value that is not False.\n    \n        Calls the method provided with the driver as an argument until the\n        return value does not evaluate to ``False``.\n    \n        Parameters:\n        -----------\n        method: callable(WebDriver)\n            - A callable object that takes a WebDriver instance as an argument.\n    \n        message: str\n            - Optional message for :exc:`TimeoutException`\n    \n        Return:\n        -------\n        object: T\n            - The result of the last call to `method`\n    \n        Raises:\n        -------\n        TimeoutException\n            - If 'method' does not return a truthy value within the WebDriverWait\n            object's timeout\n    \n        Example:\n        --------\n        >>> from selenium.webdriver.common.by import By\n        >>> from selenium.webdriver.support.ui import WebDriverWait\n        >>> from selenium.webdriver.support import expected_conditions as EC\n    \n        # Wait until an element is visible on the page\n        >>> wait = WebDriverWait(driver, 10)\n        >>> element = wait.until(EC.visibility_of_element_located((By.ID, \"exampleId\")))\n        >>> print(element.text)\n        \"\"\"\n        screen = None\n        stacktrace = None\n    \n        end_time = time.monotonic() + self._timeout\n        while True:\n            try:\n                value = method(self._driver)\n                if value:\n                    return value\n            except self._ignored_exceptions as exc:\n                screen = getattr(exc, \"screen\", None)\n                stacktrace = getattr(exc, \"stacktrace\", None)\n            if time.monotonic() > end_time:\n                break\n            time.sleep(self._poll)\n>       raise TimeoutException(message, screen, stacktrace)\nE       selenium.common.exceptions.TimeoutException: Message: \nE       Stacktrace:\nE       \tGetHandleVerifier [0x0x7ff7f9df6f65+78965]\nE       \tGetHandleVerifier [0x0x7ff7f9df6fc0+79056]\nE       \t(No symbol) [0x0x7ff7f9b89dda]\nE       \t(No symbol) [0x0x7ff7f9be02ea]\nE       \t(No symbol) [0x0x7ff7f9be059c]\nE       \t(No symbol) [0x0x7ff7f9c33f37]\nE       \t(No symbol) [0x0x7ff7f9c086af]\nE       \t(No symbol) [0x0x7ff7f9c30dbe]\nE       \t(No symbol) [0x0x7ff7f9c08443]\nE       \t(No symbol) [0x0x7ff7f9bd1311]\nE       \t(No symbol) [0x0x7ff7f9bd20a3]\nE       \tGetHandleVerifier [0x0x7ff7fa0ae26d+2926461]\nE       \tGetHandleVerifier [0x0x7ff7fa0a8993+2903715]\nE       \tGetHandleVerifier [0x0x7ff7fa0c6aed+3026941]\nE       \tGetHandleVerifier [0x0x7ff7f9e116fe+187406]\nE       \tGetHandleVerifier [0x0x7ff7f9e196ef+220159]\nE       \tGetHandleVerifier [0x0x7ff7f9dffaf4+114692]\nE       \tGetHandleVerifier [0x0x7ff7f9dffca9+115129]\nE       \tGetHandleVerifier [0x0x7ff7f9de64d8+10728]\nE       \tBaseThreadInitThunk [0x0x7ffcd4147374+20]\nE       \tRtlUserThreadStart [0x0x7ffcd4dfcc91+33]\n\nD:\\Program Files\\Python310\\lib\\site-packages\\selenium\\webdriver\\support\\wait.py:146: TimeoutException\n\nDuring handling of the above exception, another exception occurred:\n\nself = <test_system.test_home.TestHomePage object at 0x000001C95CB2FCA0>\nlogin_to_home = <selenium.webdriver.chrome.webdriver.WebDriver (session=\"adbfe4d0e970168d61c87a2f2a12900e\")>\n\n    @allure.story(\"删除布局成功\")\n    # @pytest.mark.run(order=1)\n    def test_home_delete_template(self, login_to_home):\n        driver = login_to_home  # WebDriver 实例\n        home = HomePage(driver)  # 用 driver 初始化 HomePage\n        name = \"测试模版confirm\"\n>       ele = home.delete_template(name)\n\ntest_home.py:326: \n_ _ _ _ _ _ _ _ _ _ _ _ _ _ _ _ _ _ _ _ _ _ _ _ _ _ _ _ _ _ _ _ _ _ _ _ _ _ _ _\n..\\..\\Pages\\systemPage\\homepage_page.py:150: in delete_template\n    self.click_button('(//div[@class=\"ivu-modal-confirm-footer\"])[2]//span[text()=\"确定\"]')\n..\\..\\Pages\\systemPage\\homepage_page.py:22: in click_button\n    self.click(By.XPATH, xpath)\n_ _ _ _ _ _ _ _ _ _ _ _ _ _ _ _ _ _ _ _ _ _ _ _ _ _ _ _ _ _ _ _ _ _ _ _ _ _ _ _\n\nself = <Pages.systemPage.homepage_page.HomePage object at 0x000001C95BD3CEE0>\nby_or_element = 'xpath'\nvalue = '(//div[@class=\"ivu-modal-confirm-footer\"])[2]//span[text()=\"确定\"]'\nwait_time = 10\n\n    def click(self, by_or_element, value=None, wait_time=10):\n        if value is not None:\n            by = by_or_element\n            logging.info(f\"点击元素：By = {by}, Value = {value}\")\n            try:\n                element = WebDriverWait(self.driver, wait_time).until(\n                    EC.element_to_be_clickable((by, value))\n                )\n            except TimeoutException:\n                logging.warning(f\"❌ 点击超时：元素 {by} = {value} 未在 {wait_time} 秒内变为可点击\")\n>               raise TimeoutException(f\"点击失败，找不到元素：{by} = {value}\")\nE               selenium.common.exceptions.TimeoutException: Message: 点击失败，找不到元素：xpath = (//div[@class=\"ivu-modal-confirm-footer\"])[2]//span[text()=\"确定\"]\n\n..\\..\\Pages\\base_page.py:50: TimeoutException"}, "attachments": [{"name": "test_home_delete_template_failure", "source": "c1bf4193-36ed-4d36-9fd5-e96bcb72a2f7-attachment.png", "type": "image/png"}, {"name": "test_home_delete_template_source", "source": "a082ba6d-258c-4583-8da5-93d5d7791e3f-attachment.html", "type": "text/html"}, {"name": "log", "source": "c9c4ddf9-517f-4dee-9267-b4a964b2d415-attachment.txt", "type": "text/plain"}], "start": 1755251485735, "stop": 1755251501319, "uuid": "8e53df3f-960f-4576-a0f7-a4ddcab02c2e", "historyId": "4aecf71bc0ae2275311fc3f8bb1b99bd", "testCaseId": "4aecf71bc0ae2275311fc3f8bb1b99bd", "fullName": "Tests.test_system.test_home.TestHomePage#test_home_delete_template", "labels": [{"name": "feature", "value": "主页设置页用例"}, {"name": "story", "value": "删除布局成功"}, {"name": "tag", "value": "run(order=200)"}, {"name": "parentSuite", "value": "Tests.test_system"}, {"name": "suite", "value": "test_home"}, {"name": "subSuite", "value": "TestHomePage"}, {"name": "host", "value": "WIN-20240820MJV"}, {"name": "thread", "value": "27124-MainThread"}, {"name": "framework", "value": "pytest"}, {"name": "language", "value": "cpython3"}, {"name": "package", "value": "Tests.test_system.test_home"}]}