{"name": "test_unit_upload", "status": "broken", "statusDetails": {"message": "selenium.common.exceptions.TimeoutException: Message: 点击失败，找不到元素：xpath = //div[@class=\"el-message-box__btns\"]/button[2]", "trace": "self = <Pages.systemPage.systemSettings_page.SystemSettingsPage object at 0x0000024582DF1870>\nby_or_element = 'xpath'\nvalue = '//div[@class=\"el-message-box__btns\"]/button[2]', wait_time = 10\n\n    def click(self, by_or_element, value=None, wait_time=10):\n        if value is not None:\n            by = by_or_element\n            logging.info(f\"点击元素：By = {by}, Value = {value}\")\n            try:\n>               element = WebDriverWait(self.driver, wait_time).until(\n                    EC.element_to_be_clickable((by, value))\n                )\n\n..\\..\\Pages\\base_page.py:45: \n_ _ _ _ _ _ _ _ _ _ _ _ _ _ _ _ _ _ _ _ _ _ _ _ _ _ _ _ _ _ _ _ _ _ _ _ _ _ _ _\n\nself = <selenium.webdriver.support.wait.WebDriverWait (session=\"70dfbccf5d2021f8296cf1b0ff0b2dc1\")>\nmethod = <function element_to_be_clickable.<locals>._predicate at 0x0000024582D7D1B0>\nmessage = ''\n\n    def until(self, method: Callable[[D], Union[Literal[False], T]], message: str = \"\") -> T:\n        \"\"\"Wait until the method returns a value that is not False.\n    \n        Calls the method provided with the driver as an argument until the\n        return value does not evaluate to ``False``.\n    \n        Parameters:\n        -----------\n        method: callable(WebDriver)\n            - A callable object that takes a WebDriver instance as an argument.\n    \n        message: str\n            - Optional message for :exc:`TimeoutException`\n    \n        Return:\n        -------\n        object: T\n            - The result of the last call to `method`\n    \n        Raises:\n        -------\n        TimeoutException\n            - If 'method' does not return a truthy value within the WebDriverWait\n            object's timeout\n    \n        Example:\n        --------\n        >>> from selenium.webdriver.common.by import By\n        >>> from selenium.webdriver.support.ui import WebDriverWait\n        >>> from selenium.webdriver.support import expected_conditions as EC\n    \n        # Wait until an element is visible on the page\n        >>> wait = WebDriverWait(driver, 10)\n        >>> element = wait.until(EC.visibility_of_element_located((By.ID, \"exampleId\")))\n        >>> print(element.text)\n        \"\"\"\n        screen = None\n        stacktrace = None\n    \n        end_time = time.monotonic() + self._timeout\n        while True:\n            try:\n                value = method(self._driver)\n                if value:\n                    return value\n            except self._ignored_exceptions as exc:\n                screen = getattr(exc, \"screen\", None)\n                stacktrace = getattr(exc, \"stacktrace\", None)\n            if time.monotonic() > end_time:\n                break\n            time.sleep(self._poll)\n>       raise TimeoutException(message, screen, stacktrace)\nE       selenium.common.exceptions.TimeoutException: Message: \nE       Stacktrace:\nE       \tGetHandleVerifier [0x0x7ff787246f65+78965]\nE       \tGetHandleVerifier [0x0x7ff787246fc0+79056]\nE       \t(No symbol) [0x0x7ff786fd9dda]\nE       \t(No symbol) [0x0x7ff7870302ea]\nE       \t(No symbol) [0x0x7ff78703059c]\nE       \t(No symbol) [0x0x7ff787083f37]\nE       \t(No symbol) [0x0x7ff7870586af]\nE       \t(No symbol) [0x0x7ff787080dbe]\nE       \t(No symbol) [0x0x7ff787058443]\nE       \t(No symbol) [0x0x7ff787021311]\nE       \t(No symbol) [0x0x7ff7870220a3]\nE       \tGetHandleVerifier [0x0x7ff7874fe26d+2926461]\nE       \tGetHandleVerifier [0x0x7ff7874f8993+2903715]\nE       \tGetHandleVerifier [0x0x7ff787516aed+3026941]\nE       \tGetHandleVerifier [0x0x7ff7872616fe+187406]\nE       \tGetHandleVerifier [0x0x7ff7872696ef+220159]\nE       \tGetHandleVerifier [0x0x7ff78724faf4+114692]\nE       \tGetHandleVerifier [0x0x7ff78724fca9+115129]\nE       \tGetHandleVerifier [0x0x7ff7872364d8+10728]\nE       \tBaseThreadInitThunk [0x0x7ffcefb37374+20]\nE       \tRtlUserThreadStart [0x0x7ffcf06bcc91+33]\n\nD:\\Program Files\\Python310\\lib\\site-packages\\selenium\\webdriver\\support\\wait.py:146: TimeoutException\n\nDuring handling of the above exception, another exception occurred:\n\nself = <test_system.test_systemSettings.TestSystemSettingsPage object at 0x0000024582DF2080>\nlogin_to_systemSettings = <selenium.webdriver.chrome.webdriver.WebDriver (session=\"70dfbccf5d2021f8296cf1b0ff0b2dc1\")>\n\n    @allure.story(\"上传成功\")\n    # @pytest.mark.run(order=1)\n    def test_unit_upload(self, login_to_systemSettings):\n        driver = login_to_systemSettings  # WebDriver 实例\n        settings = SystemSettingsPage(driver)  # 用 driver 初始化 SystemSettingsPage\n    \n        # 清理 .crdownload 文件，避免上传未完成的文件\n        download_path = os.path.abspath(\"downloads\")\n        for f in os.listdir(download_path):\n            if f.endswith(\".crdownload\"):\n                os.remove(os.path.join(download_path, f))\n    \n        sleep(3)\n        # 1. 准备上传文件路径\n        upload_file = os.path.abspath(f\"downloads/WPS图片.png\")  # 确保文件存在\n        assert os.path.exists(upload_file), \"上传文件不存在\"\n    \n        # 2. 定位上传控件并执行上传\n        settings.upload_file(upload_file)\n>       settings.click_button('//div[@class=\"el-message-box__btns\"]/button[2]')\n\ntest_systemSettings.py:137: \n_ _ _ _ _ _ _ _ _ _ _ _ _ _ _ _ _ _ _ _ _ _ _ _ _ _ _ _ _ _ _ _ _ _ _ _ _ _ _ _\n..\\..\\Pages\\systemPage\\systemSettings_page.py:24: in click_button\n    self.click(By.XPATH, xpath)\n_ _ _ _ _ _ _ _ _ _ _ _ _ _ _ _ _ _ _ _ _ _ _ _ _ _ _ _ _ _ _ _ _ _ _ _ _ _ _ _\n\nself = <Pages.systemPage.systemSettings_page.SystemSettingsPage object at 0x0000024582DF1870>\nby_or_element = 'xpath'\nvalue = '//div[@class=\"el-message-box__btns\"]/button[2]', wait_time = 10\n\n    def click(self, by_or_element, value=None, wait_time=10):\n        if value is not None:\n            by = by_or_element\n            logging.info(f\"点击元素：By = {by}, Value = {value}\")\n            try:\n                element = WebDriverWait(self.driver, wait_time).until(\n                    EC.element_to_be_clickable((by, value))\n                )\n            except TimeoutException:\n                logging.warning(f\"❌ 点击超时：元素 {by} = {value} 未在 {wait_time} 秒内变为可点击\")\n>               raise TimeoutException(f\"点击失败，找不到元素：{by} = {value}\")\nE               selenium.common.exceptions.TimeoutException: Message: 点击失败，找不到元素：xpath = //div[@class=\"el-message-box__btns\"]/button[2]\n\n..\\..\\Pages\\base_page.py:50: TimeoutException"}, "attachments": [{"name": "test_unit_upload_failure", "source": "25128075-1fdb-4bdb-b2e9-4f16fa6c2138-attachment.png", "type": "image/png"}, {"name": "test_unit_upload_source", "source": "650c3ef4-03b4-4ff0-a5b9-72eb43c0cb60-attachment.html", "type": "text/html"}, {"name": "log", "source": "e7e92208-b7ba-4450-aed5-00ed8967f536-attachment.txt", "type": "text/plain"}], "start": 1758852919537, "stop": 1758852932840, "uuid": "3d4cbb27-f594-48a6-8d79-5248d9ed4395", "historyId": "36a8ad1ed4a8aa4affe100cb7388fdf4", "testCaseId": "36a8ad1ed4a8aa4affe100cb7388fdf4", "fullName": "Tests.test_system.test_systemSettings.TestSystemSettingsPage#test_unit_upload", "labels": [{"name": "feature", "value": "系统标识设置页用例"}, {"name": "story", "value": "上传成功"}, {"name": "tag", "value": "run(order=211)"}, {"name": "parentSuite", "value": "Tests.test_system"}, {"name": "suite", "value": "test_systemSettings"}, {"name": "subSuite", "value": "TestSystemSettingsPage"}, {"name": "host", "value": "WIN-20240820MJV"}, {"name": "thread", "value": "36684-MainThread"}, {"name": "framework", "value": "pytest"}, {"name": "language", "value": "cpython3"}, {"name": "package", "value": "Tests.test_system.test_systemSettings"}]}