{"name": "test_user_roledel2", "status": "broken", "statusDetails": {"message": "selenium.common.exceptions.TimeoutException: Message: 点击失败，找不到元素：xpath = //table[@class=\"vxe-table--body\"]//tr/td[2]//span[@class=\"vxe-cell--checkbox is--checked\"]", "trace": "self = <Pages.systemPage.userRole_page.UserRolePage object at 0x000001AD3A5ACEE0>\nby_or_element = 'xpath'\nvalue = '//table[@class=\"vxe-table--body\"]//tr/td[2]//span[@class=\"vxe-cell--checkbox is--checked\"]'\nwait_time = 10\n\n    def click(self, by_or_element, value=None, wait_time=10):\n        if value is not None:\n            by = by_or_element\n            logging.info(f\"点击元素：By = {by}, Value = {value}\")\n            try:\n>               element = WebDriverWait(self.driver, wait_time).until(\n                    EC.element_to_be_clickable((by, value))\n                )\n\n..\\..\\Pages\\base_page.py:45: \n_ _ _ _ _ _ _ _ _ _ _ _ _ _ _ _ _ _ _ _ _ _ _ _ _ _ _ _ _ _ _ _ _ _ _ _ _ _ _ _\n\nself = <selenium.webdriver.support.wait.WebDriverWait (session=\"2533bc9375a95cc19d108552792903f4\")>\nmethod = <function element_to_be_clickable.<locals>._predicate at 0x000001AD3B337880>\nmessage = ''\n\n    def until(self, method: Callable[[D], Union[Literal[False], T]], message: str = \"\") -> T:\n        \"\"\"Wait until the method returns a value that is not False.\n    \n        Calls the method provided with the driver as an argument until the\n        return value does not evaluate to ``False``.\n    \n        Parameters:\n        -----------\n        method: callable(WebDriver)\n            - A callable object that takes a WebDriver instance as an argument.\n    \n        message: str\n            - Optional message for :exc:`TimeoutException`\n    \n        Return:\n        -------\n        object: T\n            - The result of the last call to `method`\n    \n        Raises:\n        -------\n        TimeoutException\n            - If 'method' does not return a truthy value within the WebDriverWait\n            object's timeout\n    \n        Example:\n        --------\n        >>> from selenium.webdriver.common.by import By\n        >>> from selenium.webdriver.support.ui import WebDriverWait\n        >>> from selenium.webdriver.support import expected_conditions as EC\n    \n        # Wait until an element is visible on the page\n        >>> wait = WebDriverWait(driver, 10)\n        >>> element = wait.until(EC.visibility_of_element_located((By.ID, \"exampleId\")))\n        >>> print(element.text)\n        \"\"\"\n        screen = None\n        stacktrace = None\n    \n        end_time = time.monotonic() + self._timeout\n        while True:\n            try:\n                value = method(self._driver)\n                if value:\n                    return value\n            except self._ignored_exceptions as exc:\n                screen = getattr(exc, \"screen\", None)\n                stacktrace = getattr(exc, \"stacktrace\", None)\n            if time.monotonic() > end_time:\n                break\n            time.sleep(self._poll)\n>       raise TimeoutException(message, screen, stacktrace)\nE       selenium.common.exceptions.TimeoutException: Message: \nE       Stacktrace:\nE       \tGetHandleVerifier [0x0x7ff72d0c6f65+78965]\nE       \tGetHandleVerifier [0x0x7ff72d0c6fc0+79056]\nE       \t(No symbol) [0x0x7ff72ce59dda]\nE       \t(No symbol) [0x0x7ff72ceb02ea]\nE       \t(No symbol) [0x0x7ff72ceb059c]\nE       \t(No symbol) [0x0x7ff72cf03f37]\nE       \t(No symbol) [0x0x7ff72ced86af]\nE       \t(No symbol) [0x0x7ff72cf00dbe]\nE       \t(No symbol) [0x0x7ff72ced8443]\nE       \t(No symbol) [0x0x7ff72cea1311]\nE       \t(No symbol) [0x0x7ff72cea20a3]\nE       \tGetHandleVerifier [0x0x7ff72d37e26d+2926461]\nE       \tGetHandleVerifier [0x0x7ff72d378993+2903715]\nE       \tGetHandleVerifier [0x0x7ff72d396aed+3026941]\nE       \tGetHandleVerifier [0x0x7ff72d0e16fe+187406]\nE       \tGetHandleVerifier [0x0x7ff72d0e96ef+220159]\nE       \tGetHandleVerifier [0x0x7ff72d0cfaf4+114692]\nE       \tGetHandleVerifier [0x0x7ff72d0cfca9+115129]\nE       \tGetHandleVerifier [0x0x7ff72d0b64d8+10728]\nE       \tBaseThreadInitThunk [0x0x7ff8bb9b7374+20]\nE       \tRtlUserThreadStart [0x0x7ff8bbbdcc91+33]\n\nD:\\Program Files\\Python310\\lib\\site-packages\\selenium\\webdriver\\support\\wait.py:146: TimeoutException\n\nDuring handling of the above exception, another exception occurred:\n\nself = <test_system.test_userRole.TestUserRolePage object at 0x000001AD3B3D9480>\nlogin_to_userrole = <selenium.webdriver.chrome.webdriver.WebDriver (session=\"2533bc9375a95cc19d108552792903f4\")>\n\n    @allure.story(\"删除角色成功\")\n    # @pytest.mark.run(order=1)\n    def test_user_roledel2(self, login_to_userrole):\n        driver = login_to_userrole  # WebDriver 实例\n        user = UserRolePage(driver)  # 用 driver 初始化 UserRolePage\n        username = DateDriver().username\n        name = \"1测试角色代码2\"\n        # 取消当前用户选中的角色\n        user.select_input(username)\n        sleep(1)\n        user.click_all_button(\"编辑\")\n        sleep(1)\n        user.enter_texts('//div[div[p[text()=\"角色代码\"]]]//input', name)\n>       user.click_button('//table[@class=\"vxe-table--body\"]//tr/td[2]//span[@class=\"vxe-cell--checkbox is--checked\"]')\n\ntest_userRole.py:919: \n_ _ _ _ _ _ _ _ _ _ _ _ _ _ _ _ _ _ _ _ _ _ _ _ _ _ _ _ _ _ _ _ _ _ _ _ _ _ _ _\n..\\..\\Pages\\systemPage\\userRole_page.py:24: in click_button\n    self.click(By.XPATH, xpath)\n_ _ _ _ _ _ _ _ _ _ _ _ _ _ _ _ _ _ _ _ _ _ _ _ _ _ _ _ _ _ _ _ _ _ _ _ _ _ _ _\n\nself = <Pages.systemPage.userRole_page.UserRolePage object at 0x000001AD3A5ACEE0>\nby_or_element = 'xpath'\nvalue = '//table[@class=\"vxe-table--body\"]//tr/td[2]//span[@class=\"vxe-cell--checkbox is--checked\"]'\nwait_time = 10\n\n    def click(self, by_or_element, value=None, wait_time=10):\n        if value is not None:\n            by = by_or_element\n            logging.info(f\"点击元素：By = {by}, Value = {value}\")\n            try:\n                element = WebDriverWait(self.driver, wait_time).until(\n                    EC.element_to_be_clickable((by, value))\n                )\n            except TimeoutException:\n                logging.warning(f\"❌ 点击超时：元素 {by} = {value} 未在 {wait_time} 秒内变为可点击\")\n>               raise TimeoutException(f\"点击失败，找不到元素：{by} = {value}\")\nE               selenium.common.exceptions.TimeoutException: Message: 点击失败，找不到元素：xpath = //table[@class=\"vxe-table--body\"]//tr/td[2]//span[@class=\"vxe-cell--checkbox is--checked\"]\n\n..\\..\\Pages\\base_page.py:50: TimeoutException"}, "attachments": [{"name": "test_user_roledel2_failure", "source": "62f3247c-d9ec-4280-9449-00236a453b54-attachment.png", "type": "image/png"}, {"name": "test_user_roledel2_source", "source": "4972e48f-ff9d-4fef-9f49-5bf9a73f2d95-attachment.html", "type": "text/html"}, {"name": "log", "source": "a193e762-4fae-4db6-9173-64b8a3e4d2bb-attachment.txt", "type": "text/plain"}], "start": 1757583107231, "stop": 1757583121355, "uuid": "87fcfac0-20ac-49bf-8a0d-3318de1997b5", "historyId": "3e95d395688141b76ea80471d073565b", "testCaseId": "3e95d395688141b76ea80471d073565b", "fullName": "Tests.test_system.test_userRole.TestUserRolePage#test_user_roledel2", "labels": [{"name": "story", "value": "删除角色成功"}, {"name": "feature", "value": "用户权限管理页用例"}, {"name": "tag", "value": "run(order=206)"}, {"name": "parentSuite", "value": "Tests.test_system"}, {"name": "suite", "value": "test_userRole"}, {"name": "subSuite", "value": "TestUserRolePage"}, {"name": "host", "value": "WIN-20240820MJV"}, {"name": "thread", "value": "24348-MainThread"}, {"name": "framework", "value": "pytest"}, {"name": "language", "value": "cpython3"}, {"name": "package", "value": "Tests.test_system.test_userRole"}]}