{"name": "test_expression_updatesuccess2", "status": "broken", "statusDetails": {"message": "selenium.common.exceptions.TimeoutException: Message: 点击失败，找不到元素：xpath = //div[p[text()=\"分类: \"]]//input[@placeholder=\"请选择\"]", "trace": "self = <Pages.systemPage.expression_page.ExpressionPage object at 0x0000026BC0630A00>\nby_or_element = 'xpath'\nvalue = '//div[p[text()=\"分类: \"]]//input[@placeholder=\"请选择\"]', wait_time = 10\n\n    def click(self, by_or_element, value=None, wait_time=10):\n        if value is not None:\n            by = by_or_element\n            logging.info(f\"点击元素：By = {by}, Value = {value}\")\n            try:\n>               element = WebDriverWait(self.driver, wait_time).until(\n                    EC.element_to_be_clickable((by, value))\n                )\n\n..\\..\\Pages\\base_page.py:45: \n_ _ _ _ _ _ _ _ _ _ _ _ _ _ _ _ _ _ _ _ _ _ _ _ _ _ _ _ _ _ _ _ _ _ _ _ _ _ _ _\n\nself = <selenium.webdriver.support.wait.WebDriverWait (session=\"26c9959967d5f3ad33c5a3e87504b38c\")>\nmethod = <function element_to_be_clickable.<locals>._predicate at 0x0000026BC058DD80>\nmessage = ''\n\n    def until(self, method: Callable[[D], Union[Literal[False], T]], message: str = \"\") -> T:\n        \"\"\"Wait until the method returns a value that is not False.\n    \n        Calls the method provided with the driver as an argument until the\n        return value does not evaluate to ``False``.\n    \n        Parameters:\n        -----------\n        method: callable(WebDriver)\n            - A callable object that takes a WebDriver instance as an argument.\n    \n        message: str\n            - Optional message for :exc:`TimeoutException`\n    \n        Return:\n        -------\n        object: T\n            - The result of the last call to `method`\n    \n        Raises:\n        -------\n        TimeoutException\n            - If 'method' does not return a truthy value within the WebDriverWait\n            object's timeout\n    \n        Example:\n        --------\n        >>> from selenium.webdriver.common.by import By\n        >>> from selenium.webdriver.support.ui import WebDriverWait\n        >>> from selenium.webdriver.support import expected_conditions as EC\n    \n        # Wait until an element is visible on the page\n        >>> wait = WebDriverWait(driver, 10)\n        >>> element = wait.until(EC.visibility_of_element_located((By.ID, \"exampleId\")))\n        >>> print(element.text)\n        \"\"\"\n        screen = None\n        stacktrace = None\n    \n        end_time = time.monotonic() + self._timeout\n        while True:\n            try:\n                value = method(self._driver)\n                if value:\n                    return value\n            except self._ignored_exceptions as exc:\n                screen = getattr(exc, \"screen\", None)\n                stacktrace = getattr(exc, \"stacktrace\", None)\n            if time.monotonic() > end_time:\n                break\n            time.sleep(self._poll)\n>       raise TimeoutException(message, screen, stacktrace)\nE       selenium.common.exceptions.TimeoutException: Message: \nE       Stacktrace:\nE       \tGetHandleVerifier [0x0x7ff694306f65+78965]\nE       \tGetHandleVerifier [0x0x7ff694306fc0+79056]\nE       \t(No symbol) [0x0x7ff694099dda]\nE       \t(No symbol) [0x0x7ff6940f02ea]\nE       \t(No symbol) [0x0x7ff6940f059c]\nE       \t(No symbol) [0x0x7ff694143f37]\nE       \t(No symbol) [0x0x7ff6941186af]\nE       \t(No symbol) [0x0x7ff694140dbe]\nE       \t(No symbol) [0x0x7ff694118443]\nE       \t(No symbol) [0x0x7ff6940e1311]\nE       \t(No symbol) [0x0x7ff6940e20a3]\nE       \tGetHandleVerifier [0x0x7ff6945be26d+2926461]\nE       \tGetHandleVerifier [0x0x7ff6945b8993+2903715]\nE       \tGetHandleVerifier [0x0x7ff6945d6aed+3026941]\nE       \tGetHandleVerifier [0x0x7ff6943216fe+187406]\nE       \tGetHandleVerifier [0x0x7ff6943296ef+220159]\nE       \tGetHandleVerifier [0x0x7ff69430faf4+114692]\nE       \tGetHandleVerifier [0x0x7ff69430fca9+115129]\nE       \tGetHandleVerifier [0x0x7ff6942f64d8+10728]\nE       \tBaseThreadInitThunk [0x0x7ffeb48c7374+20]\nE       \tRtlUserThreadStart [0x0x7ffeb67fcc91+33]\n\nD:\\Program Files\\Python310\\lib\\site-packages\\selenium\\webdriver\\support\\wait.py:146: TimeoutException\n\nDuring handling of the above exception, another exception occurred:\n\nself = <test_system.test_expression.TestSExpressionPage object at 0x0000026BC0633490>\nlogin_to_expression = <selenium.webdriver.chrome.webdriver.WebDriver (session=\"26c9959967d5f3ad33c5a3e87504b38c\")>\n\n    @allure.story(\"修改分类和表达式成功\")\n    # @pytest.mark.run(order=1)\n    def test_expression_updatesuccess2(self, login_to_expression):\n        driver = login_to_expression  # WebDriver 实例\n        expression = ExpressionPage(driver)  # 用 driver 初始化 ExpressionPage\n        sleep(1)\n        name = '1测试表达式管理2'\n        text = '1111'\n        expression.select_input_expression(name)\n        expression.click_button('//table[@class=\"vxe-table--body\"]//tr[1]/td[2]')\n        expression.click_all_button(\"编辑\")\n>       expression.click_button('//div[p[text()=\"分类: \"]]//input[@placeholder=\"请选择\"]')\n\ntest_expression.py:155: \n_ _ _ _ _ _ _ _ _ _ _ _ _ _ _ _ _ _ _ _ _ _ _ _ _ _ _ _ _ _ _ _ _ _ _ _ _ _ _ _\n..\\..\\Pages\\systemPage\\expression_page.py:24: in click_button\n    self.click(By.XPATH, xpath)\n_ _ _ _ _ _ _ _ _ _ _ _ _ _ _ _ _ _ _ _ _ _ _ _ _ _ _ _ _ _ _ _ _ _ _ _ _ _ _ _\n\nself = <Pages.systemPage.expression_page.ExpressionPage object at 0x0000026BC0630A00>\nby_or_element = 'xpath'\nvalue = '//div[p[text()=\"分类: \"]]//input[@placeholder=\"请选择\"]', wait_time = 10\n\n    def click(self, by_or_element, value=None, wait_time=10):\n        if value is not None:\n            by = by_or_element\n            logging.info(f\"点击元素：By = {by}, Value = {value}\")\n            try:\n                element = WebDriverWait(self.driver, wait_time).until(\n                    EC.element_to_be_clickable((by, value))\n                )\n            except TimeoutException:\n                logging.warning(f\"❌ 点击超时：元素 {by} = {value} 未在 {wait_time} 秒内变为可点击\")\n>               raise TimeoutException(f\"点击失败，找不到元素：{by} = {value}\")\nE               selenium.common.exceptions.TimeoutException: Message: 点击失败，找不到元素：xpath = //div[p[text()=\"分类: \"]]//input[@placeholder=\"请选择\"]\n\n..\\..\\Pages\\base_page.py:50: TimeoutException"}, "attachments": [{"name": "test_expression_updatesuccess2_failure", "source": "03cee09a-d5d5-491d-a70d-a596c00e14df-attachment.png", "type": "image/png"}, {"name": "test_expression_updatesuccess2_source", "source": "642e5137-f5e2-460f-a466-18e701a633f7-attachment.html", "type": "text/html"}, {"name": "log", "source": "5cc2ad5d-d1d4-4e27-a3e1-d6477929a371-attachment.txt", "type": "text/plain"}], "start": 1760177675206, "stop": 1760177687245, "uuid": "bdaeb7b6-391e-4fb9-ae69-820d51f9d7f1", "historyId": "16ce0a5cfadc0f28985eb19696f248b4", "testCaseId": "16ce0a5cfadc0f28985eb19696f248b4", "fullName": "Tests.test_system.test_expression.TestSExpressionPage#test_expression_updatesuccess2", "labels": [{"name": "story", "value": "修改分类和表达式成功"}, {"name": "feature", "value": "表达式管理页用例"}, {"name": "tag", "value": "run(order=212)"}, {"name": "parentSuite", "value": "Tests.test_system"}, {"name": "suite", "value": "test_expression"}, {"name": "subSuite", "value": "TestSExpressionPage"}, {"name": "host", "value": "WIN-20240820MJV"}, {"name": "thread", "value": "21784-MainThread"}, {"name": "framework", "value": "pytest"}, {"name": "language", "value": "cpython3"}, {"name": "package", "value": "Tests.test_system.test_expression"}]}