{"name": "test_user_addrepeat", "status": "broken", "statusDetails": {"message": "selenium.common.exceptions.TimeoutException: Message: \nStacktrace:\n\tGetHandleVerifier [0x0x7ff7f9a16f65+78965]\n\tGetHandleVerifier [0x0x7ff7f9a16fc0+79056]\n\t(No symbol) [0x0x7ff7f97a9dda]\n\t(No symbol) [0x0x7ff7f98002ea]\n\t(No symbol) [0x0x7ff7f980059c]\n\t(No symbol) [0x0x7ff7f9853f37]\n\t(No symbol) [0x0x7ff7f98286af]\n\t(No symbol) [0x0x7ff7f9850dbe]\n\t(No symbol) [0x0x7ff7f9828443]\n\t(No symbol) [0x0x7ff7f97f1311]\n\t(No symbol) [0x0x7ff7f97f20a3]\n\tGetHandleVerifier [0x0x7ff7f9cce26d+2926461]\n\tGetHandleVerifier [0x0x7ff7f9cc8993+2903715]\n\tGetHandleVerifier [0x0x7ff7f9ce6aed+3026941]\n\tGetHandleVerifier [0x0x7ff7f9a316fe+187406]\n\tGetHandleVerifier [0x0x7ff7f9a396ef+220159]\n\tGetHandleVerifier [0x0x7ff7f9a1faf4+114692]\n\tGetHandleVerifier [0x0x7ff7f9a1fca9+115129]\n\tGetHandleVerifier [0x0x7ff7f9a064d8+10728]\n\tBaseThreadInitThunk [0x0x7ffae7f27374+20]\n\tRtlUserThreadStart [0x0x7ffae8d3cc91+33]", "trace": "self = <test_system.test_userRole.TestUserRolePage object at 0x0000016EBE43AC20>\nlogin_to_userrole = <selenium.webdriver.chrome.webdriver.WebDriver (session=\"af6d67990a1d3406625db62dddb35bc3\")>\n\n    @allure.story(\"添加用户重复\")\n    # @pytest.mark.run(order=1)\n    def test_user_addrepeat(self, login_to_userrole):\n        driver = login_to_userrole  # WebDriver 实例\n        user = UserRolePage(driver)  # 用 driver 初始化 UserRolePage\n        name = '1user1'\n        password = 'Qw123456'\n        role = '1测试角色代码1'\n        user.add_user(name, password, role)\n        user.click_all_button(\"保存\")\n>       message = user.get_find_message()\n\ntest_userRole.py:454: \n_ _ _ _ _ _ _ _ _ _ _ _ _ _ _ _ _ _ _ _ _ _ _ _ _ _ _ _ _ _ _ _ _ _ _ _ _ _ _ _\n..\\..\\Pages\\systemPage\\userRole_page.py:35: in get_find_message\n    message = WebDriverWait(self.driver, 15).until(\n_ _ _ _ _ _ _ _ _ _ _ _ _ _ _ _ _ _ _ _ _ _ _ _ _ _ _ _ _ _ _ _ _ _ _ _ _ _ _ _\n\nself = <selenium.webdriver.support.wait.WebDriverWait (session=\"af6d67990a1d3406625db62dddb35bc3\")>\nmethod = <function visibility_of_element_located.<locals>._predicate at 0x0000016EBE3D4E50>\nmessage = ''\n\n    def until(self, method: Callable[[D], Union[Literal[False], T]], message: str = \"\") -> T:\n        \"\"\"Wait until the method returns a value that is not False.\n    \n        Calls the method provided with the driver as an argument until the\n        return value does not evaluate to ``False``.\n    \n        Parameters:\n        -----------\n        method: callable(WebDriver)\n            - A callable object that takes a WebDriver instance as an argument.\n    \n        message: str\n            - Optional message for :exc:`TimeoutException`\n    \n        Return:\n        -------\n        object: T\n            - The result of the last call to `method`\n    \n        Raises:\n        -------\n        TimeoutException\n            - If 'method' does not return a truthy value within the WebDriverWait\n            object's timeout\n    \n        Example:\n        --------\n        >>> from selenium.webdriver.common.by import By\n        >>> from selenium.webdriver.support.ui import WebDriverWait\n        >>> from selenium.webdriver.support import expected_conditions as EC\n    \n        # Wait until an element is visible on the page\n        >>> wait = WebDriverWait(driver, 10)\n        >>> element = wait.until(EC.visibility_of_element_located((By.ID, \"exampleId\")))\n        >>> print(element.text)\n        \"\"\"\n        screen = None\n        stacktrace = None\n    \n        end_time = time.monotonic() + self._timeout\n        while True:\n            try:\n                value = method(self._driver)\n                if value:\n                    return value\n            except self._ignored_exceptions as exc:\n                screen = getattr(exc, \"screen\", None)\n                stacktrace = getattr(exc, \"stacktrace\", None)\n            if time.monotonic() > end_time:\n                break\n            time.sleep(self._poll)\n>       raise TimeoutException(message, screen, stacktrace)\nE       selenium.common.exceptions.TimeoutException: Message: \nE       Stacktrace:\nE       \tGetHandleVerifier [0x0x7ff7f9a16f65+78965]\nE       \tGetHandleVerifier [0x0x7ff7f9a16fc0+79056]\nE       \t(No symbol) [0x0x7ff7f97a9dda]\nE       \t(No symbol) [0x0x7ff7f98002ea]\nE       \t(No symbol) [0x0x7ff7f980059c]\nE       \t(No symbol) [0x0x7ff7f9853f37]\nE       \t(No symbol) [0x0x7ff7f98286af]\nE       \t(No symbol) [0x0x7ff7f9850dbe]\nE       \t(No symbol) [0x0x7ff7f9828443]\nE       \t(No symbol) [0x0x7ff7f97f1311]\nE       \t(No symbol) [0x0x7ff7f97f20a3]\nE       \tGetHandleVerifier [0x0x7ff7f9cce26d+2926461]\nE       \tGetHandleVerifier [0x0x7ff7f9cc8993+2903715]\nE       \tGetHandleVerifier [0x0x7ff7f9ce6aed+3026941]\nE       \tGetHandleVerifier [0x0x7ff7f9a316fe+187406]\nE       \tGetHandleVerifier [0x0x7ff7f9a396ef+220159]\nE       \tGetHandleVerifier [0x0x7ff7f9a1faf4+114692]\nE       \tGetHandleVerifier [0x0x7ff7f9a1fca9+115129]\nE       \tGetHandleVerifier [0x0x7ff7f9a064d8+10728]\nE       \tBaseThreadInitThunk [0x0x7ffae7f27374+20]\nE       \tRtlUserThreadStart [0x0x7ffae8d3cc91+33]\n\nD:\\Program Files\\Python310\\lib\\site-packages\\selenium\\webdriver\\support\\wait.py:146: TimeoutException"}, "attachments": [{"name": "test_user_addrepeat_failure", "source": "1f89af73-e086-45f9-90fb-de229cd26d0b-attachment.png", "type": "image/png"}, {"name": "test_user_addrepeat_source", "source": "e92d81f1-b6d2-459f-a341-469fe7848ab9-attachment.html", "type": "text/html"}, {"name": "log", "source": "869995b8-205f-470c-b451-e759c16aa40f-attachment.txt", "type": "text/plain"}], "start": 1757325436276, "stop": 1757325460093, "uuid": "1e8b0fa5-dfe6-4198-8c7a-d4c0e33a1cc7", "historyId": "a560c822eb513f063a00190f9173ee1d", "testCaseId": "a560c822eb513f063a00190f9173ee1d", "fullName": "Tests.test_system.test_userRole.TestUserRolePage#test_user_addrepeat", "labels": [{"name": "story", "value": "添加用户重复"}, {"name": "feature", "value": "用户权限管理页用例"}, {"name": "tag", "value": "run(order=206)"}, {"name": "parentSuite", "value": "Tests.test_system"}, {"name": "suite", "value": "test_userRole"}, {"name": "subSuite", "value": "TestUserRolePage"}, {"name": "host", "value": "WIN-20240820MJV"}, {"name": "thread", "value": "18652-MainThread"}, {"name": "framework", "value": "pytest"}, {"name": "language", "value": "cpython3"}, {"name": "package", "value": "Tests.test_system.test_userRole"}]}