{"name": "test_module_updatesuccess", "status": "broken", "statusDetails": {"message": "selenium.common.exceptions.TimeoutException: Message: \nStacktrace:\n\tGetHandleVerifier [0x0x7ff641306f65+78965]\n\tGetHandleVerifier [0x0x7ff641306fc0+79056]\n\t(No symbol) [0x0x7ff641099dda]\n\t(No symbol) [0x0x7ff6410f02ea]\n\t(No symbol) [0x0x7ff6410f059c]\n\t(No symbol) [0x0x7ff641143f37]\n\t(No symbol) [0x0x7ff6411186af]\n\t(No symbol) [0x0x7ff641140dbe]\n\t(No symbol) [0x0x7ff641118443]\n\t(No symbol) [0x0x7ff6410e1311]\n\t(No symbol) [0x0x7ff6410e20a3]\n\tGetHandleVerifier [0x0x7ff6415be26d+2926461]\n\tGetHandleVerifier [0x0x7ff6415b8993+2903715]\n\tGetHandleVerifier [0x0x7ff6415d6aed+3026941]\n\tGetHandleVerifier [0x0x7ff6413216fe+187406]\n\tGetHandleVerifier [0x0x7ff6413296ef+220159]\n\tGetHandleVerifier [0x0x7ff64130faf4+114692]\n\tGetHandleVerifier [0x0x7ff64130fca9+115129]\n\tGetHandleVerifier [0x0x7ff6412f64d8+10728]\n\tBaseThreadInitThunk [0x0x7ffe68f47374+20]\n\tRtlUserThreadStart [0x0x7ffe691dcc91+33]", "trace": "self = <test_system.test_module.TestSModulePage object at 0x0000014253EF5E70>\nlogin_to_module = <selenium.webdriver.chrome.webdriver.WebDriver (session=\"7e46865af063910e4380a5544751783b\")>\n\n    @allure.story(\"修改模块代码和模块名称成功成功\")\n    # @pytest.mark.run(order=1)\n    def test_module_updatesuccess(self, login_to_module):\n        driver = login_to_module  # WebDriver 实例\n        module = ExpressionPage(driver)  # 用 driver 初始化 ExpressionPage\n        add = AddsPages(driver)\n        before_name = 'ABCDAA'\n        after_name = 'ABCDAB'\n        module.select_input_module(before_name)\n        module.click_button('//table[@class=\"vxe-table--body\"]//tr[1]/td[2]')\n        sleep(1)\n        module.click_all_button(\"编辑\")\n        xpath_list = [\n            '//div[label[text()=\"模块代码\"]]//input',\n            '//div[label[text()=\"模块名称\"]]//input',\n        ]\n        add.batch_modify_input(xpath_list[:2], after_name)\n        module.click_confirm()\n>       message = module.get_find_message()\n\ntest_module.py:165: \n_ _ _ _ _ _ _ _ _ _ _ _ _ _ _ _ _ _ _ _ _ _ _ _ _ _ _ _ _ _ _ _ _ _ _ _ _ _ _ _\n..\\..\\Pages\\systemPage\\expression_page.py:35: in get_find_message\n    message = WebDriverWait(self.driver, 10).until(\n_ _ _ _ _ _ _ _ _ _ _ _ _ _ _ _ _ _ _ _ _ _ _ _ _ _ _ _ _ _ _ _ _ _ _ _ _ _ _ _\n\nself = <selenium.webdriver.support.wait.WebDriverWait (session=\"7e46865af063910e4380a5544751783b\")>\nmethod = <function visibility_of_element_located.<locals>._predicate at 0x0000014253F2CDC0>\nmessage = ''\n\n    def until(self, method: Callable[[D], Union[Literal[False], T]], message: str = \"\") -> T:\n        \"\"\"Wait until the method returns a value that is not False.\n    \n        Calls the method provided with the driver as an argument until the\n        return value does not evaluate to ``False``.\n    \n        Parameters:\n        -----------\n        method: callable(WebDriver)\n            - A callable object that takes a WebDriver instance as an argument.\n    \n        message: str\n            - Optional message for :exc:`TimeoutException`\n    \n        Return:\n        -------\n        object: T\n            - The result of the last call to `method`\n    \n        Raises:\n        -------\n        TimeoutException\n            - If 'method' does not return a truthy value within the WebDriverWait\n            object's timeout\n    \n        Example:\n        --------\n        >>> from selenium.webdriver.common.by import By\n        >>> from selenium.webdriver.support.ui import WebDriverWait\n        >>> from selenium.webdriver.support import expected_conditions as EC\n    \n        # Wait until an element is visible on the page\n        >>> wait = WebDriverWait(driver, 10)\n        >>> element = wait.until(EC.visibility_of_element_located((By.ID, \"exampleId\")))\n        >>> print(element.text)\n        \"\"\"\n        screen = None\n        stacktrace = None\n    \n        end_time = time.monotonic() + self._timeout\n        while True:\n            try:\n                value = method(self._driver)\n                if value:\n                    return value\n            except self._ignored_exceptions as exc:\n                screen = getattr(exc, \"screen\", None)\n                stacktrace = getattr(exc, \"stacktrace\", None)\n            if time.monotonic() > end_time:\n                break\n            time.sleep(self._poll)\n>       raise TimeoutException(message, screen, stacktrace)\nE       selenium.common.exceptions.TimeoutException: Message: \nE       Stacktrace:\nE       \tGetHandleVerifier [0x0x7ff641306f65+78965]\nE       \tGetHandleVerifier [0x0x7ff641306fc0+79056]\nE       \t(No symbol) [0x0x7ff641099dda]\nE       \t(No symbol) [0x0x7ff6410f02ea]\nE       \t(No symbol) [0x0x7ff6410f059c]\nE       \t(No symbol) [0x0x7ff641143f37]\nE       \t(No symbol) [0x0x7ff6411186af]\nE       \t(No symbol) [0x0x7ff641140dbe]\nE       \t(No symbol) [0x0x7ff641118443]\nE       \t(No symbol) [0x0x7ff6410e1311]\nE       \t(No symbol) [0x0x7ff6410e20a3]\nE       \tGetHandleVerifier [0x0x7ff6415be26d+2926461]\nE       \tGetHandleVerifier [0x0x7ff6415b8993+2903715]\nE       \tGetHandleVerifier [0x0x7ff6415d6aed+3026941]\nE       \tGetHandleVerifier [0x0x7ff6413216fe+187406]\nE       \tGetHandleVerifier [0x0x7ff6413296ef+220159]\nE       \tGetHandleVerifier [0x0x7ff64130faf4+114692]\nE       \tGetHandleVerifier [0x0x7ff64130fca9+115129]\nE       \tGetHandleVerifier [0x0x7ff6412f64d8+10728]\nE       \tBaseThreadInitThunk [0x0x7ffe68f47374+20]\nE       \tRtlUserThreadStart [0x0x7ffe691dcc91+33]\n\nD:\\Program Files\\Python310\\lib\\site-packages\\selenium\\webdriver\\support\\wait.py:146: TimeoutException"}, "attachments": [{"name": "test_module_updatesuccess_failure", "source": "0490330d-c17c-45eb-a7b3-9d4118668591-attachment.png", "type": "image/png"}, {"name": "test_module_updatesuccess_source", "source": "1bda4341-05f9-4393-a041-eddaee21baf4-attachment.html", "type": "text/html"}, {"name": "log", "source": "637c5507-1cde-4cf0-9fd9-2ec2c7209885-attachment.txt", "type": "text/plain"}], "start": 1760686175651, "stop": 1760686190437, "uuid": "ac911127-6ecf-4242-b52d-2d19c4d426eb", "historyId": "c910df9466f46e2805c3b77ebf010782", "testCaseId": "c910df9466f46e2805c3b77ebf010782", "fullName": "Tests.test_system.test_module.TestSModulePage#test_module_updatesuccess", "labels": [{"name": "story", "value": "修改模块代码和模块名称成功成功"}, {"name": "feature", "value": "模块管理页用例"}, {"name": "tag", "value": "run(order=214)"}, {"name": "parentSuite", "value": "Tests.test_system"}, {"name": "suite", "value": "test_module"}, {"name": "subSuite", "value": "TestSModulePage"}, {"name": "host", "value": "WIN-20240820MJV"}, {"name": "thread", "value": "29208-MainThread"}, {"name": "framework", "value": "pytest"}, {"name": "language", "value": "cpython3"}, {"name": "package", "value": "Tests.test_system.test_module"}]}