{"name": "test_expression_del", "status": "failed", "statusDetails": {"message": "AssertionError: assert False\n +  where False = all(<generator object TestSExpressionPage.test_expression_del.<locals>.<genexpr> at 0x000001AE7C5E68F0>)", "trace": "self = <test_system.test_expression.TestSExpressionPage object at 0x000001AE7C5FEF50>\nlogin_to_expression = <selenium.webdriver.chrome.webdriver.WebDriver (session=\"5a7bddb1e3090c8693e2efa22afadf42\")>\n\n    @allure.story(\"删除表达式成功\")\n    # @pytest.mark.run(order=1)\n    def test_expression_del(self, login_to_expression):\n        driver = login_to_expression  # WebDriver 实例\n        expression = ExpressionPage(driver)  # 用 driver 初始化 ExpressionPage\n        value = ['1测试表达式管理1', '1测试表达式管理1', '1测试表达式管理2']\n        expression.del_all(xpath='//p[text()=\"物料代码\"]/ancestor::div[2]//input', value=value)\n        itemdata = [\n            driver.find_elements(By.XPATH, f'//tr[./td[2][.//span[text()=\"{v}\"]]]/td[2]')\n            for v in value[:3]\n        ]\n>       assert all(len(elements) == 0 for elements in itemdata)\nE       assert False\nE        +  where False = all(<generator object TestSExpressionPage.test_expression_del.<locals>.<genexpr> at 0x000001AE7C5E68F0>)\n\ntest_expression.py:223: AssertionError"}, "attachments": [{"name": "test_expression_del_failure", "source": "e52b3c1f-ce42-4307-95c6-3ddd96b51ca0-attachment.png", "type": "image/png"}, {"name": "test_expression_del_source", "source": "77556cc2-d84b-4cd4-b559-4a771f34ec91-attachment.html", "type": "text/html"}, {"name": "log", "source": "5efa6c03-f605-4e73-a040-cb41f9a339fd-attachment.txt", "type": "text/plain"}], "start": 1761212035727, "stop": 1761212075285, "uuid": "f79f11b5-f176-4443-a857-7b412d4f8182", "historyId": "c3af209295709fa30d1642a705fafffc", "testCaseId": "c3af209295709fa30d1642a705fafffc", "fullName": "Tests.test_system.test_expression.TestSExpressionPage#test_expression_del", "labels": [{"name": "story", "value": "删除表达式成功"}, {"name": "feature", "value": "表达式管理页用例"}, {"name": "tag", "value": "run(order=212)"}, {"name": "parentSuite", "value": "Tests.test_system"}, {"name": "suite", "value": "test_expression"}, {"name": "subSuite", "value": "TestSExpressionPage"}, {"name": "host", "value": "WIN-20240820MJV"}, {"name": "thread", "value": "3084-MainThread"}, {"name": "framework", "value": "pytest"}, {"name": "language", "value": "cpython3"}, {"name": "package", "value": "Tests.test_system.test_expression"}]}