{"name": "test_home_add_all_success", "status": "failed", "statusDetails": {"message": "AssertionError: assert (16 == 13)", "trace": "self = <test_system.test_home.TestHomePage object at 0x0000020F04788B80>\nlogin_to_home = <selenium.webdriver.chrome.webdriver.WebDriver (session=\"ba92e4f1fb6c518c87215b817e91848c\")>\n\n    @allure.story(\"新增全部组件成功\")\n    # @pytest.mark.run(order=1)\n    def test_home_add_all_success(self, login_to_home):\n        driver = login_to_home  # WebDriver 实例\n        home = HomePage(driver)  # 用 driver 初始化 HomePage\n        home.clear_all_button(\"确定\")\n        driver.execute_script(\"document.body.style.zoom='0.25'\")\n        sleep(1)\n        num = home.drag_component()\n        home.click_save_button()\n        message = home.get_find_message()\n        home.right_refresh()\n        div_num = home.count_div_elements()\n>       assert num == div_num and message == \"保存成功\"\nE       assert (16 == 13)\n\ntest_home.py:103: AssertionError"}, "attachments": [{"name": "test_home_add_all_success_failure", "source": "e77b2211-1564-451f-93b6-0ccbba2b09ea-attachment.png", "type": "image/png"}, {"name": "test_home_add_all_success_source", "source": "5bfc67d3-9fee-40ca-beaa-78492340d9e7-attachment.html", "type": "text/html"}, {"name": "log", "source": "3e745f54-c41f-4a82-bbed-881fe23ac65d-attachment.txt", "type": "text/plain"}], "start": 1761040784303, "stop": 1761040810919, "uuid": "c392b51e-8efa-4ebb-bb37-4e0f33ca7e9e", "historyId": "5a3ddff612cf4b621d9f27b692e7b80b", "testCaseId": "5a3ddff612cf4b621d9f27b692e7b80b", "fullName": "Tests.test_system.test_home.TestHomePage#test_home_add_all_success", "labels": [{"name": "feature", "value": "主页设置页用例"}, {"name": "story", "value": "新增全部组件成功"}, {"name": "tag", "value": "run(order=200)"}, {"name": "parentSuite", "value": "Tests.test_system"}, {"name": "suite", "value": "test_home"}, {"name": "subSuite", "value": "TestHomePage"}, {"name": "host", "value": "WIN-20240820MJV"}, {"name": "thread", "value": "3160-MainThread"}, {"name": "framework", "value": "pytest"}, {"name": "language", "value": "cpython3"}, {"name": "package", "value": "Tests.test_system.test_home"}]}