{"name": "test_synchronize_all_psi", "status": "failed", "statusDetails": {"message": "AssertionError: assert 0 == 1\n +  where 0 = len([])", "trace": "self = <test_system.test_synchronize.TestSynchronizePage object at 0x0000024B6FC768C0>\nlogin_to_synchronize = <selenium.webdriver.chrome.webdriver.WebDriver (session=\"74d254d53e2807a539bcc07bb718f7f4\")>\n\n    @allure.story(\"同步单个psi成功\")\n    # @pytest.mark.run(order=1)\n    def test_synchronize_all_psi(self, login_to_synchronize):\n        driver = login_to_synchronize  # WebDriver 实例\n        synchronize = SynchronizePage(driver)  # 用 driver 初始化 SynchronizePage\n        psi = \"1测试psi1\"\n        plan = \"AA\"\n        synchronize.click_checkbox_value(psi, plan, \"1\")\n        synchronize.click_synchronize_button()\n        synchronize.click_synchronize_pop(True)\n        message = synchronize.get_find_message()\n        synchronize.switch_plane(plan, 1)\n        plan_value = synchronize.finds_elements(By.XPATH, f'//table[@class=\"vxe-table--body\"]//tr/td[2]//span[text()=\"{psi}\"]')\n        assert message == \"同步成功\"\n>       assert len(plan_value) == 1\nE       assert 0 == 1\nE        +  where 0 = len([])\n\ntest_synchronize.py:83: AssertionError"}, "attachments": [{"name": "test_synchronize_all_psi_failure", "source": "a37785af-dbea-406a-9643-4c78acc5041b-attachment.png", "type": "image/png"}, {"name": "test_synchronize_all_psi_source", "source": "7be2403f-a711-4efa-aa2b-9f79614749bd-attachment.html", "type": "text/html"}, {"name": "log", "source": "33e49f1a-8038-4a4f-ad7d-3d9a51cf153a-attachment.txt", "type": "text/plain"}], "start": 1755773664859, "stop": 1755773672673, "uuid": "5f451afb-83e6-45c5-a23e-e046121047f8", "historyId": "ebe8a19409b7567962a215ab90cd6a3c", "testCaseId": "ebe8a19409b7567962a215ab90cd6a3c", "fullName": "Tests.test_system.test_synchronize.TestSynchronizePage#test_synchronize_all_psi", "labels": [{"name": "feature", "value": "配置同步页用例"}, {"name": "story", "value": "同步单个psi成功"}, {"name": "tag", "value": "run(order=204)"}, {"name": "parentSuite", "value": "Tests.test_system"}, {"name": "suite", "value": "test_synchronize"}, {"name": "subSuite", "value": "TestSynchronizePage"}, {"name": "host", "value": "WIN-20240820MJV"}, {"name": "thread", "value": "2320-MainThread"}, {"name": "framework", "value": "pytest"}, {"name": "language", "value": "cpython3"}, {"name": "package", "value": "Tests.test_system.test_synchronize"}]}