{"name": "test_imp_copy1", "status": "broken", "statusDetails": {"message": "selenium.common.exceptions.NoSuchElementException: Message: 元素未找到（XPath列表第2个）: //div[label[text()=\"目标方案\"]]//input[@type=\"text\"]; For documentation on this error, please visit: https://www.selenium.dev/documentation/webdriver/troubleshooting/errors#no-such-element-exception", "trace": "self = <Pages.itemsPage.adds_page.AddsPages object at 0x000002648A6AE3B0>\nxpath_list = ['//div[label[text()=\"源方案\"]]//div[@class=\"ivu-select-selection\"]', '//div[label[text()=\"目标方案\"]]//input[@type=\"text\"]']\ntext_value = ''\n\n    def get_border_color(self, xpath_list=[], text_value=\"\"):\n        \"\"\"获取边框颜色\"\"\"\n        values = []\n        for index, xpath in enumerate(xpath_list, 1):\n            try:\n>               value = self.get_find_element_xpath(xpath).value_of_css_property(\"border-color\")\n\n..\\..\\Pages\\itemsPage\\adds_page.py:148: \n_ _ _ _ _ _ _ _ _ _ _ _ _ _ _ _ _ _ _ _ _ _ _ _ _ _ _ _ _ _ _ _ _ _ _ _ _ _ _ _\n..\\..\\Pages\\itemsPage\\adds_page.py:27: in get_find_element_xpath\n    return self.find_element(By.XPATH, xpath)\n..\\..\\Pages\\base_page.py:28: in find_element\n    return WebDriverWait(self.driver, wait_time).until(\n_ _ _ _ _ _ _ _ _ _ _ _ _ _ _ _ _ _ _ _ _ _ _ _ _ _ _ _ _ _ _ _ _ _ _ _ _ _ _ _\n\nself = <selenium.webdriver.support.wait.WebDriverWait (session=\"a4b1589b5eea6c0d590ccf153addbfa5\")>\nmethod = <function presence_of_element_located.<locals>._predicate at 0x000002648A5F4DC0>\nmessage = ''\n\n    def until(self, method: Callable[[D], Union[Literal[False], T]], message: str = \"\") -> T:\n        \"\"\"Wait until the method returns a value that is not False.\n    \n        Calls the method provided with the driver as an argument until the\n        return value does not evaluate to ``False``.\n    \n        Parameters:\n        -----------\n        method: callable(WebDriver)\n            - A callable object that takes a WebDriver instance as an argument.\n    \n        message: str\n            - Optional message for :exc:`TimeoutException`\n    \n        Return:\n        -------\n        object: T\n            - The result of the last call to `method`\n    \n        Raises:\n        -------\n        TimeoutException\n            - If 'method' does not return a truthy value within the WebDriverWait\n            object's timeout\n    \n        Example:\n        --------\n        >>> from selenium.webdriver.common.by import By\n        >>> from selenium.webdriver.support.ui import WebDriverWait\n        >>> from selenium.webdriver.support import expected_conditions as EC\n    \n        # Wait until an element is visible on the page\n        >>> wait = WebDriverWait(driver, 10)\n        >>> element = wait.until(EC.visibility_of_element_located((By.ID, \"exampleId\")))\n        >>> print(element.text)\n        \"\"\"\n        screen = None\n        stacktrace = None\n    \n        end_time = time.monotonic() + self._timeout\n        while True:\n            try:\n                value = method(self._driver)\n                if value:\n                    return value\n            except self._ignored_exceptions as exc:\n                screen = getattr(exc, \"screen\", None)\n                stacktrace = getattr(exc, \"stacktrace\", None)\n            if time.monotonic() > end_time:\n                break\n            time.sleep(self._poll)\n>       raise TimeoutException(message, screen, stacktrace)\nE       selenium.common.exceptions.TimeoutException: Message: \nE       Stacktrace:\nE       \tGetHandleVerifier [0x0x7ff6ff236f65+78965]\nE       \tGetHandleVerifier [0x0x7ff6ff236fc0+79056]\nE       \t(No symbol) [0x0x7ff6fefc9dda]\nE       \t(No symbol) [0x0x7ff6ff0202ea]\nE       \t(No symbol) [0x0x7ff6ff02059c]\nE       \t(No symbol) [0x0x7ff6ff073f37]\nE       \t(No symbol) [0x0x7ff6ff0486af]\nE       \t(No symbol) [0x0x7ff6ff070dbe]\nE       \t(No symbol) [0x0x7ff6ff048443]\nE       \t(No symbol) [0x0x7ff6ff011311]\nE       \t(No symbol) [0x0x7ff6ff0120a3]\nE       \tGetHandleVerifier [0x0x7ff6ff4ee26d+2926461]\nE       \tGetHandleVerifier [0x0x7ff6ff4e8993+2903715]\nE       \tGetHandleVerifier [0x0x7ff6ff506aed+3026941]\nE       \tGetHandleVerifier [0x0x7ff6ff2516fe+187406]\nE       \tGetHandleVerifier [0x0x7ff6ff2596ef+220159]\nE       \tGetHandleVerifier [0x0x7ff6ff23faf4+114692]\nE       \tGetHandleVerifier [0x0x7ff6ff23fca9+115129]\nE       \tGetHandleVerifier [0x0x7ff6ff2264d8+10728]\nE       \tBaseThreadInitThunk [0x0x7ff8bb9b7374+20]\nE       \tRtlUserThreadStart [0x0x7ff8bbbdcc91+33]\n\nD:\\Program Files\\Python310\\lib\\site-packages\\selenium\\webdriver\\support\\wait.py:146: TimeoutException\n\nDuring handling of the above exception, another exception occurred:\n\nself = <test_system.test_imp.TestImpPage object at 0x000002648A6FA6B0>\nlogin_to_imp = <selenium.webdriver.chrome.webdriver.WebDriver (session=\"a4b1589b5eea6c0d590ccf153addbfa5\")>\n\n    @allure.story(\"点击复制方案，不输入数据，不允许保存\")\n    # @pytest.mark.run(order=1)\n    def test_imp_copy1(self, login_to_imp):\n        driver = login_to_imp  # WebDriver 实例\n        imp = ImpPage(driver)  # 用 driver 初始化 ImpPage\n        add = AddsPages(driver)\n        name = \"1导入设置方案\"\n        copyname = '1同步导入1'\n        imp.copy_()\n        list_ = ['//div[label[text()=\"源方案\"]]//div[@class=\"ivu-select-selection\"]', '//div[label[text()=\"目标方案\"]]//input[@type=\"text\"]']\n>       box_color = add.get_border_color(list_)\n\ntest_imp.py:212: \n_ _ _ _ _ _ _ _ _ _ _ _ _ _ _ _ _ _ _ _ _ _ _ _ _ _ _ _ _ _ _ _ _ _ _ _ _ _ _ _\n\nself = <Pages.itemsPage.adds_page.AddsPages object at 0x000002648A6AE3B0>\nxpath_list = ['//div[label[text()=\"源方案\"]]//div[@class=\"ivu-select-selection\"]', '//div[label[text()=\"目标方案\"]]//input[@type=\"text\"]']\ntext_value = ''\n\n    def get_border_color(self, xpath_list=[], text_value=\"\"):\n        \"\"\"获取边框颜色\"\"\"\n        values = []\n        for index, xpath in enumerate(xpath_list, 1):\n            try:\n                value = self.get_find_element_xpath(xpath).value_of_css_property(\"border-color\")\n                values.append(value)\n    \n            except TimeoutException:\n>               raise NoSuchElementException(\n                    f\"元素未找到（XPath列表第{index}个）: {xpath}\"\n                )\nE               selenium.common.exceptions.NoSuchElementException: Message: 元素未找到（XPath列表第2个）: //div[label[text()=\"目标方案\"]]//input[@type=\"text\"]; For documentation on this error, please visit: https://www.selenium.dev/documentation/webdriver/troubleshooting/errors#no-such-element-exception\n\n..\\..\\Pages\\itemsPage\\adds_page.py:152: NoSuchElementException"}, "attachments": [{"name": "test_imp_copy1_failure", "source": "55dc3877-2d98-4326-9d2c-f7f71783daa1-attachment.png", "type": "image/png"}, {"name": "test_imp_copy1_source", "source": "02d2780c-1028-4050-b66f-dc3d5168f968-attachment.html", "type": "text/html"}, {"name": "log", "source": "3d74c757-2402-4dd3-b721-52e7cdf6400a-attachment.txt", "type": "text/plain"}], "start": 1757669643156, "stop": 1757669655216, "uuid": "40ef462f-779c-43b4-8127-e3cf3af9e3c0", "historyId": "a97c0e30d53dccb36ad3f71b7ef42fa0", "testCaseId": "a97c0e30d53dccb36ad3f71b7ef42fa0", "fullName": "Tests.test_system.test_imp.TestImpPage#test_imp_copy1", "labels": [{"name": "story", "value": "点击复制方案，不输入数据，不允许保存"}, {"name": "feature", "value": "导入设置页用例"}, {"name": "tag", "value": "run(order=207)"}, {"name": "parentSuite", "value": "Tests.test_system"}, {"name": "suite", "value": "test_imp"}, {"name": "subSuite", "value": "TestImpPage"}, {"name": "host", "value": "WIN-20240820MJV"}, {"name": "thread", "value": "21616-MainThread"}, {"name": "framework", "value": "pytest"}, {"name": "language", "value": "cpython3"}, {"name": "package", "value": "Tests.test_system.test_imp"}]}