{"name": "test_apps_clear", "status": "broken", "statusDetails": {"message": "selenium.common.exceptions.TimeoutException: Message: 点击失败，找不到元素：xpath = //div[div[p[text()=\"应用代码\"]]]//i[@class=\"vxe-icon-funnel suffixIcon\"]", "trace": "self = <Pages.systemPage.apps_page.AppsPage object at 0x0000024DA69F27A0>\nby_or_element = 'xpath'\nvalue = '//div[div[p[text()=\"应用代码\"]]]//i[@class=\"vxe-icon-funnel suffixIcon\"]'\nwait_time = 10\n\n    def click(self, by_or_element, value=None, wait_time=10):\n        if value is not None:\n            by = by_or_element\n            logging.info(f\"点击元素：By = {by}, Value = {value}\")\n            try:\n>               element = WebDriverWait(self.driver, wait_time).until(\n                    EC.element_to_be_clickable((by, value))\n                )\n\n..\\..\\Pages\\base_page.py:45: \n_ _ _ _ _ _ _ _ _ _ _ _ _ _ _ _ _ _ _ _ _ _ _ _ _ _ _ _ _ _ _ _ _ _ _ _ _ _ _ _\n\nself = <selenium.webdriver.support.wait.WebDriverWait (session=\"f23a25952c8dc6c71bcaeea646e926a3\")>\nmethod = <function element_to_be_clickable.<locals>._predicate at 0x0000024DA698CDC0>\nmessage = ''\n\n    def until(self, method: Callable[[D], Union[Literal[False], T]], message: str = \"\") -> T:\n        \"\"\"Wait until the method returns a value that is not False.\n    \n        Calls the method provided with the driver as an argument until the\n        return value does not evaluate to ``False``.\n    \n        Parameters:\n        -----------\n        method: callable(WebDriver)\n            - A callable object that takes a WebDriver instance as an argument.\n    \n        message: str\n            - Optional message for :exc:`TimeoutException`\n    \n        Return:\n        -------\n        object: T\n            - The result of the last call to `method`\n    \n        Raises:\n        -------\n        TimeoutException\n            - If 'method' does not return a truthy value within the WebDriverWait\n            object's timeout\n    \n        Example:\n        --------\n        >>> from selenium.webdriver.common.by import By\n        >>> from selenium.webdriver.support.ui import WebDriverWait\n        >>> from selenium.webdriver.support import expected_conditions as EC\n    \n        # Wait until an element is visible on the page\n        >>> wait = WebDriverWait(driver, 10)\n        >>> element = wait.until(EC.visibility_of_element_located((By.ID, \"exampleId\")))\n        >>> print(element.text)\n        \"\"\"\n        screen = None\n        stacktrace = None\n    \n        end_time = time.monotonic() + self._timeout\n        while True:\n            try:\n                value = method(self._driver)\n                if value:\n                    return value\n            except self._ignored_exceptions as exc:\n                screen = getattr(exc, \"screen\", None)\n                stacktrace = getattr(exc, \"stacktrace\", None)\n            if time.monotonic() > end_time:\n                break\n            time.sleep(self._poll)\n>       raise TimeoutException(message, screen, stacktrace)\nE       selenium.common.exceptions.TimeoutException: Message: \nE       Stacktrace:\nE       \tGetHandleVerifier [0x0x7ff6e4aa6f65+78965]\nE       \tGetHandleVerifier [0x0x7ff6e4aa6fc0+79056]\nE       \t(No symbol) [0x0x7ff6e4839dda]\nE       \t(No symbol) [0x0x7ff6e48902ea]\nE       \t(No symbol) [0x0x7ff6e489059c]\nE       \t(No symbol) [0x0x7ff6e48e3f37]\nE       \t(No symbol) [0x0x7ff6e48b86af]\nE       \t(No symbol) [0x0x7ff6e48e0dbe]\nE       \t(No symbol) [0x0x7ff6e48b8443]\nE       \t(No symbol) [0x0x7ff6e4881311]\nE       \t(No symbol) [0x0x7ff6e48820a3]\nE       \tGetHandleVerifier [0x0x7ff6e4d5e26d+2926461]\nE       \tGetHandleVerifier [0x0x7ff6e4d58993+2903715]\nE       \tGetHandleVerifier [0x0x7ff6e4d76aed+3026941]\nE       \tGetHandleVerifier [0x0x7ff6e4ac16fe+187406]\nE       \tGetHandleVerifier [0x0x7ff6e4ac96ef+220159]\nE       \tGetHandleVerifier [0x0x7ff6e4aafaf4+114692]\nE       \tGetHandleVerifier [0x0x7ff6e4aafca9+115129]\nE       \tGetHandleVerifier [0x0x7ff6e4a964d8+10728]\nE       \tBaseThreadInitThunk [0x0x7ffee1537374+20]\nE       \tRtlUserThreadStart [0x0x7ffee1a7cc91+33]\n\nD:\\Program Files\\Python310\\lib\\site-packages\\selenium\\webdriver\\support\\wait.py:146: TimeoutException\n\nDuring handling of the above exception, another exception occurred:\n\nself = <test_system.test_apps.TestSAppsPage object at 0x0000024DA69F20E0>\nlogin_to_apps = <selenium.webdriver.chrome.webdriver.WebDriver (session=\"f23a25952c8dc6c71bcaeea646e926a3\")>\n\n    @allure.story(\"清除筛选效果成功\")\n    # @pytest.mark.run(order=1)\n    def test_apps_clear(self, login_to_apps):\n        driver = login_to_apps  # WebDriver 实例\n        apps = AppsPage(driver)  # 用 driver 初始化 ExpressionPage\n        apps.wait_for_loading_to_disappear()\n        name = \"3\"\n        apps.click_button('//div[div[p[text()=\"应用代码\"]]]//i[@class=\"vxe-icon-funnel suffixIcon\"]')\n        apps.hover(\"包含\")\n        sleep(1)\n        apps.select_input(name)\n        sleep(1)\n>       apps.click_button('//div[div[p[text()=\"应用代码\"]]]//i[@class=\"vxe-icon-funnel suffixIcon\"]')\n\ntest_apps.py:928: \n_ _ _ _ _ _ _ _ _ _ _ _ _ _ _ _ _ _ _ _ _ _ _ _ _ _ _ _ _ _ _ _ _ _ _ _ _ _ _ _\n..\\..\\Pages\\systemPage\\apps_page.py:24: in click_button\n    self.click(By.XPATH, xpath)\n_ _ _ _ _ _ _ _ _ _ _ _ _ _ _ _ _ _ _ _ _ _ _ _ _ _ _ _ _ _ _ _ _ _ _ _ _ _ _ _\n\nself = <Pages.systemPage.apps_page.AppsPage object at 0x0000024DA69F27A0>\nby_or_element = 'xpath'\nvalue = '//div[div[p[text()=\"应用代码\"]]]//i[@class=\"vxe-icon-funnel suffixIcon\"]'\nwait_time = 10\n\n    def click(self, by_or_element, value=None, wait_time=10):\n        if value is not None:\n            by = by_or_element\n            logging.info(f\"点击元素：By = {by}, Value = {value}\")\n            try:\n                element = WebDriverWait(self.driver, wait_time).until(\n                    EC.element_to_be_clickable((by, value))\n                )\n            except TimeoutException:\n                logging.warning(f\"❌ 点击超时：元素 {by} = {value} 未在 {wait_time} 秒内变为可点击\")\n>               raise TimeoutException(f\"点击失败，找不到元素：{by} = {value}\")\nE               selenium.common.exceptions.TimeoutException: Message: 点击失败，找不到元素：xpath = //div[div[p[text()=\"应用代码\"]]]//i[@class=\"vxe-icon-funnel suffixIcon\"]\n\n..\\..\\Pages\\base_page.py:50: TimeoutException"}, "attachments": [{"name": "test_apps_clear_failure", "source": "ba7272fb-96c7-4b1b-ba08-62d629d7b1fa-attachment.png", "type": "image/png"}, {"name": "test_apps_clear_source", "source": "3460fb1c-3931-4cef-a695-095d745536f0-attachment.html", "type": "text/html"}, {"name": "log", "source": "21756a2d-7250-4d65-ba7d-2dc308bbfb8d-attachment.txt", "type": "text/plain"}], "start": 1761220211744, "stop": 1761220229765, "uuid": "baabf46f-cc96-41ad-b0c7-045c0fbec407", "historyId": "8834c82d06d52c3ce21006cd15e5bb1a", "testCaseId": "8834c82d06d52c3ce21006cd15e5bb1a", "fullName": "Tests.test_system.test_apps.TestSAppsPage#test_apps_clear", "labels": [{"name": "feature", "value": "应用管理页用例"}, {"name": "story", "value": "清除筛选效果成功"}, {"name": "tag", "value": "run(order=215)"}, {"name": "parentSuite", "value": "Tests.test_system"}, {"name": "suite", "value": "test_apps"}, {"name": "subSuite", "value": "TestSAppsPage"}, {"name": "host", "value": "WIN-20240820MJV"}, {"name": "thread", "value": "27916-MainThread"}, {"name": "framework", "value": "pytest"}, {"name": "language", "value": "cpython3"}, {"name": "package", "value": "Tests.test_system.test_apps"}]}