{"name": "test_affairs_process_addfail1", "status": "broken", "statusDetails": {"message": "selenium.common.exceptions.TimeoutException: Message: 点击失败，找不到元素：xpath = //div[@id=\"pane-air\"]//span[text()=\"新建事务\"]", "trace": "self = <Pages.systemPage.affairs_page.AffairsPage object at 0x0000020DFD1CF2E0>\nby_or_element = 'xpath', value = '//div[@id=\"pane-air\"]//span[text()=\"新建事务\"]'\nwait_time = 10\n\n    def click(self, by_or_element, value=None, wait_time=10):\n        if value is not None:\n            by = by_or_element\n            logging.info(f\"点击元素：By = {by}, Value = {value}\")\n            try:\n>               element = WebDriverWait(self.driver, wait_time).until(\n                    EC.element_to_be_clickable((by, value))\n                )\n\n..\\..\\Pages\\base_page.py:45: \n_ _ _ _ _ _ _ _ _ _ _ _ _ _ _ _ _ _ _ _ _ _ _ _ _ _ _ _ _ _ _ _ _ _ _ _ _ _ _ _\n\nself = <selenium.webdriver.support.wait.WebDriverWait (session=\"f9256ffc614645404b0f7156b9df395a\")>\nmethod = <function element_to_be_clickable.<locals>._predicate at 0x0000020DFD188160>\nmessage = ''\n\n    def until(self, method: Callable[[D], Union[Literal[False], T]], message: str = \"\") -> T:\n        \"\"\"Wait until the method returns a value that is not False.\n    \n        Calls the method provided with the driver as an argument until the\n        return value does not evaluate to ``False``.\n    \n        Parameters:\n        -----------\n        method: callable(WebDriver)\n            - A callable object that takes a WebDriver instance as an argument.\n    \n        message: str\n            - Optional message for :exc:`TimeoutException`\n    \n        Return:\n        -------\n        object: T\n            - The result of the last call to `method`\n    \n        Raises:\n        -------\n        TimeoutException\n            - If 'method' does not return a truthy value within the WebDriverWait\n            object's timeout\n    \n        Example:\n        --------\n        >>> from selenium.webdriver.common.by import By\n        >>> from selenium.webdriver.support.ui import WebDriverWait\n        >>> from selenium.webdriver.support import expected_conditions as EC\n    \n        # Wait until an element is visible on the page\n        >>> wait = WebDriverWait(driver, 10)\n        >>> element = wait.until(EC.visibility_of_element_located((By.ID, \"exampleId\")))\n        >>> print(element.text)\n        \"\"\"\n        screen = None\n        stacktrace = None\n    \n        end_time = time.monotonic() + self._timeout\n        while True:\n            try:\n                value = method(self._driver)\n                if value:\n                    return value\n            except self._ignored_exceptions as exc:\n                screen = getattr(exc, \"screen\", None)\n                stacktrace = getattr(exc, \"stacktrace\", None)\n            if time.monotonic() > end_time:\n                break\n            time.sleep(self._poll)\n>       raise TimeoutException(message, screen, stacktrace)\nE       selenium.common.exceptions.TimeoutException: Message:\n\nD:\\Program Files\\Python310\\lib\\site-packages\\selenium\\webdriver\\support\\wait.py:146: TimeoutException\n\nDuring handling of the above exception, another exception occurred:\n\nself = <test_system.test_affairs.TestAffairsPage object at 0x0000020DFD1CED10>\nlogin_to_affairs = <selenium.webdriver.chrome.webdriver.WebDriver (session=\"f9256ffc614645404b0f7156b9df395a\")>\n\n    @allure.story(\"我的流程-添加流程什么都不填点击保存，不允许保存\")\n    # @pytest.mark.run(order=1)\n    def test_affairs_process_addfail1(self, login_to_affairs):\n        driver = login_to_affairs  # WebDriver 实例\n        affairs = AffairsPage(driver)  # 用 driver 初始化 AffairsPage\n        affairs.click_process()\n>       affairs.click_add_affairs()\n\ntest_affairs.py:511: \n_ _ _ _ _ _ _ _ _ _ _ _ _ _ _ _ _ _ _ _ _ _ _ _ _ _ _ _ _ _ _ _ _ _ _ _ _ _ _ _\n..\\..\\Pages\\systemPage\\affairs_page.py:151: in click_add_affairs\n    self.click_button('//div[@id=\"pane-air\"]//span[text()=\"新建事务\"]')\n..\\..\\Pages\\systemPage\\affairs_page.py:22: in click_button\n    self.click(By.XPATH, xpath)\n_ _ _ _ _ _ _ _ _ _ _ _ _ _ _ _ _ _ _ _ _ _ _ _ _ _ _ _ _ _ _ _ _ _ _ _ _ _ _ _\n\nself = <Pages.systemPage.affairs_page.AffairsPage object at 0x0000020DFD1CF2E0>\nby_or_element = 'xpath', value = '//div[@id=\"pane-air\"]//span[text()=\"新建事务\"]'\nwait_time = 10\n\n    def click(self, by_or_element, value=None, wait_time=10):\n        if value is not None:\n            by = by_or_element\n            logging.info(f\"点击元素：By = {by}, Value = {value}\")\n            try:\n                element = WebDriverWait(self.driver, wait_time).until(\n                    EC.element_to_be_clickable((by, value))\n                )\n            except TimeoutException:\n                logging.warning(f\"❌ 点击超时：元素 {by} = {value} 未在 {wait_time} 秒内变为可点击\")\n>               raise TimeoutException(f\"点击失败，找不到元素：{by} = {value}\")\nE               selenium.common.exceptions.TimeoutException: Message: 点击失败，找不到元素：xpath = //div[@id=\"pane-air\"]//span[text()=\"新建事务\"]\n\n..\\..\\Pages\\base_page.py:50: TimeoutException"}, "attachments": [{"name": "test_affairs_process_addfail1_failure", "source": "3f52ccaf-79db-40e7-a960-62a50ea11b85-attachment.png", "type": "image/png"}, {"name": "test_affairs_process_addfail1_source", "source": "4d5b79c7-248a-4936-a579-a87aa111612b-attachment.html", "type": "text/html"}, {"name": "log", "source": "37e93034-3308-4848-8432-bb0a2b7b4a00-attachment.txt", "type": "text/plain"}], "start": 1754467006230, "stop": 1754467017353, "uuid": "a925db6c-e977-4707-8f4e-d5fd811b979b", "historyId": "bf44b8101d559d94867203fa6a101eb1", "testCaseId": "bf44b8101d559d94867203fa6a101eb1", "fullName": "Tests.test_system.test_affairs.TestAffairsPage#test_affairs_process_addfail1", "labels": [{"name": "story", "value": "我的流程-添加流程什么都不填点击保存，不允许保存"}, {"name": "feature", "value": "事务管理页用例"}, {"name": "tag", "value": "run(order=202)"}, {"name": "parentSuite", "value": "Tests.test_system"}, {"name": "suite", "value": "test_affairs"}, {"name": "subSuite", "value": "TestAffairsPage"}, {"name": "host", "value": "WIN-20240820MJV"}, {"name": "thread", "value": "27920-MainThread"}, {"name": "framework", "value": "pytest"}, {"name": "language", "value": "cpython3"}, {"name": "package", "value": "Tests.test_system.test_affairs"}]}