{"name": "test_item_add_success", "status": "broken", "statusDetails": {"message": "selenium.common.exceptions.TimeoutException: Message: 点击失败，找不到元素：xpath = //tr[./td[2][.//span[text()=\"111\"]]]/td[2]", "trace": "self = <Pages.materialPage.warehouseLocation_page.WarehouseLocationPage object at 0x000001F182AD4AF0>\nby_or_element = 'xpath', value = '//tr[./td[2][.//span[text()=\"111\"]]]/td[2]'\nwait_time = 10\n\n    def click(self, by_or_element, value=None, wait_time=10):\n        if value is not None:\n            by = by_or_element\n            logging.info(f\"点击元素：By = {by}, Value = {value}\")\n            try:\n>               element = WebDriverWait(self.driver, wait_time).until(\n                    EC.element_to_be_clickable((by, value))\n                )\n\n..\\..\\Pages\\base_page.py:42: \n_ _ _ _ _ _ _ _ _ _ _ _ _ _ _ _ _ _ _ _ _ _ _ _ _ _ _ _ _ _ _ _ _ _ _ _ _ _ _ _\n\nself = <selenium.webdriver.support.wait.WebDriverWait (session=\"8f46b2fc05048abb5f39afe45f2c4bde\")>\nmethod = <function element_to_be_clickable.<locals>._predicate at 0x000001F182A43640>\nmessage = ''\n\n    def until(self, method: Callable[[D], Union[Literal[False], T]], message: str = \"\") -> T:\n        \"\"\"Wait until the method returns a value that is not False.\n    \n        Calls the method provided with the driver as an argument until the\n        return value does not evaluate to ``False``.\n    \n        Parameters:\n        -----------\n        method: callable(WebDriver)\n            - A callable object that takes a WebDriver instance as an argument.\n    \n        message: str\n            - Optional message for :exc:`TimeoutException`\n    \n        Return:\n        -------\n        object: T\n            - The result of the last call to `method`\n    \n        Raises:\n        -------\n        TimeoutException\n            - If 'method' does not return a truthy value within the WebDriverWait\n            object's timeout\n    \n        Example:\n        --------\n        >>> from selenium.webdriver.common.by import By\n        >>> from selenium.webdriver.support.ui import WebDriverWait\n        >>> from selenium.webdriver.support import expected_conditions as EC\n    \n        # Wait until an element is visible on the page\n        >>> wait = WebDriverWait(driver, 10)\n        >>> element = wait.until(EC.visibility_of_element_located((By.ID, \"exampleId\")))\n        >>> print(element.text)\n        \"\"\"\n        screen = None\n        stacktrace = None\n    \n        end_time = time.monotonic() + self._timeout\n        while True:\n            try:\n                value = method(self._driver)\n                if value:\n                    return value\n            except self._ignored_exceptions as exc:\n                screen = getattr(exc, \"screen\", None)\n                stacktrace = getattr(exc, \"stacktrace\", None)\n            if time.monotonic() > end_time:\n                break\n            time.sleep(self._poll)\n>       raise TimeoutException(message, screen, stacktrace)\nE       selenium.common.exceptions.TimeoutException: Message: \nE       Stacktrace:\nE       \tGetHandleVerifier [0x0x7ff63bf36f65+78965]\nE       \tGetHandleVerifier [0x0x7ff63bf36fc0+79056]\nE       \t(No symbol) [0x0x7ff63bcc9dda]\nE       \t(No symbol) [0x0x7ff63bd202ea]\nE       \t(No symbol) [0x0x7ff63bd2059c]\nE       \t(No symbol) [0x0x7ff63bd73f37]\nE       \t(No symbol) [0x0x7ff63bd486af]\nE       \t(No symbol) [0x0x7ff63bd70dbe]\nE       \t(No symbol) [0x0x7ff63bd48443]\nE       \t(No symbol) [0x0x7ff63bd11311]\nE       \t(No symbol) [0x0x7ff63bd120a3]\nE       \tGetHandleVerifier [0x0x7ff63c1ee26d+2926461]\nE       \tGetHandleVerifier [0x0x7ff63c1e8993+2903715]\nE       \tGetHandleVerifier [0x0x7ff63c206aed+3026941]\nE       \tGetHandleVerifier [0x0x7ff63bf516fe+187406]\nE       \tGetHandleVerifier [0x0x7ff63bf596ef+220159]\nE       \tGetHandleVerifier [0x0x7ff63bf3faf4+114692]\nE       \tGetHandleVerifier [0x0x7ff63bf3fca9+115129]\nE       \tGetHandleVerifier [0x0x7ff63bf264d8+10728]\nE       \tBaseThreadInitThunk [0x0x7ffd35f37374+20]\nE       \tRtlUserThreadStart [0x0x7ffd36ddcc91+33]\n\nC:\\Python\\lib\\site-packages\\selenium\\webdriver\\support\\wait.py:138: TimeoutException\n\nDuring handling of the above exception, another exception occurred:\n\nself = <test_materialDelUserMap.TestItemPage object at 0x000001F182CFDCC0>\nlogin_to_item = <selenium.webdriver.chrome.webdriver.WebDriver (session=\"8f46b2fc05048abb5f39afe45f2c4bde\")>\n\n    @allure.story(\"新增全部数据测试\")\n    # @pytest.mark.run(order=1)\n    def test_item_add_success(self, login_to_item):\n        # 输入框要修改的值\n        text_str = \"test111\"\n        # 输入框的xpath\n        input_xpath_list = [\n            \"//div[@id='rpfclioo-7p50']//input\",\n            \"//div[@id='04m2qyfz-z28h']//input\",\n            \"//div[@id='lo2km34z-5dbg']//input\"\n        ]\n        input_xpath_list2 = [\n            \"//div[@id='2pj1qda7-bju3']//input\",\n            \"//div[@id='kwy45no3-x5iq']//input\",\n            \"//div[@id='r6gimbdo-vafa']//input\"\n        ]\n        self.item.click_add_button()  # 点击添加\n        sleep(1)\n    \n        # 批量修改输入框\n        self.item.batch_modify_input(input_xpath_list, text_str)\n    \n        sleep(1)\n        # 点击确定\n        self.item.click_button('(//button[@type=\"button\"]/span[text()=\"确定\"])[4]')\n        sleep(1)\n        # 选中物料员代码\n>       self.item.click_button('//tr[./td[2][.//span[text()=\"111\"]]]/td[2]')\n\ntest_materialDelUserMap.py:355: \n_ _ _ _ _ _ _ _ _ _ _ _ _ _ _ _ _ _ _ _ _ _ _ _ _ _ _ _ _ _ _ _ _ _ _ _ _ _ _ _\n..\\..\\Pages\\materialPage\\warehouseLocation_page.py:39: in click_button\n    self.click(By.XPATH, xpath)\n_ _ _ _ _ _ _ _ _ _ _ _ _ _ _ _ _ _ _ _ _ _ _ _ _ _ _ _ _ _ _ _ _ _ _ _ _ _ _ _\n\nself = <Pages.materialPage.warehouseLocation_page.WarehouseLocationPage object at 0x000001F182AD4AF0>\nby_or_element = 'xpath', value = '//tr[./td[2][.//span[text()=\"111\"]]]/td[2]'\nwait_time = 10\n\n    def click(self, by_or_element, value=None, wait_time=10):\n        if value is not None:\n            by = by_or_element\n            logging.info(f\"点击元素：By = {by}, Value = {value}\")\n            try:\n                element = WebDriverWait(self.driver, wait_time).until(\n                    EC.element_to_be_clickable((by, value))\n                )\n            except TimeoutException:\n                logging.warning(f\"❌ 点击超时：元素 {by} = {value} 未在 {wait_time} 秒内变为可点击\")\n                self.safe_screenshot(\"click_timeout\", test_name=\"test\")\n>               raise TimeoutException(f\"点击失败，找不到元素：{by} = {value}\")\nE               selenium.common.exceptions.TimeoutException: Message: 点击失败，找不到元素：xpath = //tr[./td[2][.//span[text()=\"111\"]]]/td[2]\n\n..\\..\\Pages\\base_page.py:48: TimeoutException"}, "attachments": [{"name": "test_click_timeout", "source": "25813c4e-e74c-4f54-8d50-d1f20518d8ae-attachment.png", "type": "image/png"}, {"name": "log", "source": "712d6918-ebfb-41a4-9283-22adfead6bc5-attachment.txt", "type": "text/plain"}], "start": 1752831476541, "stop": 1752831491482, "uuid": "9099a5ee-af50-48a1-9fdf-49357ae70ef5", "historyId": "953d2079ce99740492cdf2fdd8c4ee4d", "testCaseId": "953d2079ce99740492cdf2fdd8c4ee4d", "fullName": "Tests.test_material.test_materialDelUserMap.TestItemPage#test_item_add_success", "labels": [{"name": "feature", "value": "用户与物料员测试用例"}, {"name": "story", "value": "新增全部数据测试"}, {"name": "parentSuite", "value": "Tests.test_material"}, {"name": "suite", "value": "test_materialDelUserMap"}, {"name": "subSuite", "value": "TestItemPage"}, {"name": "host", "value": "DESKTOP-N0DSA7M"}, {"name": "thread", "value": "1848-MainThread"}, {"name": "framework", "value": "pytest"}, {"name": "language", "value": "cpython3"}, {"name": "package", "value": "Tests.test_material.test_materialDelUserMap"}]}