{"name": "test_item_refreshsuccess", "status": "broken", "statusDetails": {"message": "selenium.common.exceptions.TimeoutException: Message: 点击失败，找不到元素：xpath = //div[@class=\"filterInput\"]//following-sibling::label//input", "trace": "self = <Pages.materialPage.warehouseLocation_page.WarehouseLocationPage object at 0x000001B723DA3670>\nby_or_element = 'xpath'\nvalue = '//div[@class=\"filterInput\"]//following-sibling::label//input'\nwait_time = 10\n\n    def click(self, by_or_element, value=None, wait_time=10):\n        if value is not None:\n            by = by_or_element\n            logging.info(f\"点击元素：By = {by}, Value = {value}\")\n            try:\n>               element = WebDriverWait(self.driver, wait_time).until(\n                    EC.element_to_be_clickable((by, value))\n                )\n\n..\\..\\Pages\\base_page.py:42: \n_ _ _ _ _ _ _ _ _ _ _ _ _ _ _ _ _ _ _ _ _ _ _ _ _ _ _ _ _ _ _ _ _ _ _ _ _ _ _ _\n\nself = <selenium.webdriver.support.wait.WebDriverWait (session=\"2c00c6424e4c4d95f1729f04a2301120\")>\nmethod = <function element_to_be_clickable.<locals>._predicate at 0x000001B723C23910>\nmessage = ''\n\n    def until(self, method: Callable[[D], Union[Literal[False], T]], message: str = \"\") -> T:\n        \"\"\"Wait until the method returns a value that is not False.\n    \n        Calls the method provided with the driver as an argument until the\n        return value does not evaluate to ``False``.\n    \n        Parameters:\n        -----------\n        method: callable(WebDriver)\n            - A callable object that takes a WebDriver instance as an argument.\n    \n        message: str\n            - Optional message for :exc:`TimeoutException`\n    \n        Return:\n        -------\n        object: T\n            - The result of the last call to `method`\n    \n        Raises:\n        -------\n        TimeoutException\n            - If 'method' does not return a truthy value within the WebDriverWait\n            object's timeout\n    \n        Example:\n        --------\n        >>> from selenium.webdriver.common.by import By\n        >>> from selenium.webdriver.support.ui import WebDriverWait\n        >>> from selenium.webdriver.support import expected_conditions as EC\n    \n        # Wait until an element is visible on the page\n        >>> wait = WebDriverWait(driver, 10)\n        >>> element = wait.until(EC.visibility_of_element_located((By.ID, \"exampleId\")))\n        >>> print(element.text)\n        \"\"\"\n        screen = None\n        stacktrace = None\n    \n        end_time = time.monotonic() + self._timeout\n        while True:\n            try:\n                value = method(self._driver)\n                if value:\n                    return value\n            except self._ignored_exceptions as exc:\n                screen = getattr(exc, \"screen\", None)\n                stacktrace = getattr(exc, \"stacktrace\", None)\n            if time.monotonic() > end_time:\n                break\n            time.sleep(self._poll)\n>       raise TimeoutException(message, screen, stacktrace)\nE       selenium.common.exceptions.TimeoutException: Message:\n\nC:\\Python\\lib\\site-packages\\selenium\\webdriver\\support\\wait.py:138: TimeoutException\n\nDuring handling of the above exception, another exception occurred:\n\nself = <test_warehouseLocation.TestItemPage object at 0x000001B723CA61A0>\nlogin_to_item = <selenium.webdriver.chrome.webdriver.WebDriver (session=\"2c00c6424e4c4d95f1729f04a2301120\")>\n\n    @allure.story(\"筛选刷新成功\")\n    # @pytest.mark.run(order=1)\n    def test_item_refreshsuccess(self, login_to_item):\n    \n        # 工厂代码筛选框输入123\n        # self.item.enter_texts(\n        #     '//span[text()=\" 工厂代码\"]/ancestor::div[3]//input', \"111\"\n        # )\n        # self.item.click_ref_button()\n        # itemtext = self.item.get_find_element_xpath(\n        #     '//span[text()=\" 工厂代码\"]/ancestor::div[3]//input'\n        # ).text\n        itemtext=\"\"\n        sleep(2)\n        self.item.click_button('//span[text()=\" 工厂代码\"]/ancestor::div[3]//span//span//span')\n>       self.item.click_button('//div[@class=\"filterInput\"]//following-sibling::label//input')\n\ntest_warehouseLocation.py:353: \n_ _ _ _ _ _ _ _ _ _ _ _ _ _ _ _ _ _ _ _ _ _ _ _ _ _ _ _ _ _ _ _ _ _ _ _ _ _ _ _\n..\\..\\Pages\\materialPage\\warehouseLocation_page.py:39: in click_button\n    self.click(By.XPATH, xpath)\n_ _ _ _ _ _ _ _ _ _ _ _ _ _ _ _ _ _ _ _ _ _ _ _ _ _ _ _ _ _ _ _ _ _ _ _ _ _ _ _\n\nself = <Pages.materialPage.warehouseLocation_page.WarehouseLocationPage object at 0x000001B723DA3670>\nby_or_element = 'xpath'\nvalue = '//div[@class=\"filterInput\"]//following-sibling::label//input'\nwait_time = 10\n\n    def click(self, by_or_element, value=None, wait_time=10):\n        if value is not None:\n            by = by_or_element\n            logging.info(f\"点击元素：By = {by}, Value = {value}\")\n            try:\n                element = WebDriverWait(self.driver, wait_time).until(\n                    EC.element_to_be_clickable((by, value))\n                )\n            except TimeoutException:\n                logging.warning(f\"❌ 点击超时：元素 {by} = {value} 未在 {wait_time} 秒内变为可点击\")\n                self.safe_screenshot(\"click_timeout\", test_name=\"test\")\n>               raise TimeoutException(f\"点击失败，找不到元素：{by} = {value}\")\nE               selenium.common.exceptions.TimeoutException: Message: 点击失败，找不到元素：xpath = //div[@class=\"filterInput\"]//following-sibling::label//input\n\n..\\..\\Pages\\base_page.py:48: TimeoutException"}, "attachments": [{"name": "test_click_timeout", "source": "37d0ee82-f41f-4a82-bb4e-3ee50d572601-attachment.png", "type": "image/png"}, {"name": "log", "source": "2f1c5681-e638-4d31-bb44-1ffa167da5ea-attachment.txt", "type": "text/plain"}], "start": 1753090071198, "stop": 1753090083957, "uuid": "60693854-2b4f-4548-a60d-bd07fdf5ffe7", "historyId": "b9dee2225c2a5c76eeeaca9c8c4c2784", "testCaseId": "b9dee2225c2a5c76eeeaca9c8c4c2784", "fullName": "Tests.test_material.test_warehouseLocation.TestItemPage#test_item_refreshsuccess", "labels": [{"name": "feature", "value": "仓库库位测试用例"}, {"name": "story", "value": "筛选刷新成功"}, {"name": "parentSuite", "value": "Tests.test_material"}, {"name": "suite", "value": "test_warehouseLocation"}, {"name": "subSuite", "value": "TestItemPage"}, {"name": "host", "value": "DESKTOP-N0DSA7M"}, {"name": "thread", "value": "32324-MainThread"}, {"name": "framework", "value": "pytest"}, {"name": "language", "value": "cpython3"}, {"name": "package", "value": "Tests.test_material.test_warehouseLocation"}]}