{"name": "test_sched_addfail1", "status": "broken", "statusDetails": {"message": "selenium.common.exceptions.TimeoutException: Message: \nStacktrace:\n\tGetHandleVerifier [0x0x7ff672226f65+78965]\n\tGetHandleVerifier [0x0x7ff672226fc0+79056]\n\t(No symbol) [0x0x7ff671fb9dda]\n\t(No symbol) [0x0x7ff6720102ea]\n\t(No symbol) [0x0x7ff67201059c]\n\t(No symbol) [0x0x7ff672063f37]\n\t(No symbol) [0x0x7ff6720386af]\n\t(No symbol) [0x0x7ff672060dbe]\n\t(No symbol) [0x0x7ff672038443]\n\t(No symbol) [0x0x7ff672001311]\n\t(No symbol) [0x0x7ff6720020a3]\n\tGetHandleVerifier [0x0x7ff6724de26d+2926461]\n\tGetHandleVerifier [0x0x7ff6724d8993+2903715]\n\tGetHandleVerifier [0x0x7ff6724f6aed+3026941]\n\tGetHandleVerifier [0x0x7ff6722416fe+187406]\n\tGetHandleVerifier [0x0x7ff6722496ef+220159]\n\tGetHandleVerifier [0x0x7ff67222faf4+114692]\n\tGetHandleVerifier [0x0x7ff67222fca9+115129]\n\tGetHandleVerifier [0x0x7ff6722164d8+10728]\n\tBaseThreadInitThunk [0x0x7ffd35f37374+20]\n\tRtlUserThreadStart [0x0x7ffd36ddcc91+33]", "trace": "self = <test_qtProgrammeMan.TestSchedPage object at 0x000001DC15F822C0>\nlogin_to_sched = <selenium.webdriver.chrome.webdriver.WebDriver (session=\"53e893ab83c7576fa6390e29dfe36975\")>\n\n    @allure.story(\"添加方案管理信息 不填写数据点击确认 不允许提交\")\n    # @pytest.mark.run(order=1)\n    def test_sched_addfail1(self, login_to_sched):\n        driver = login_to_sched  # WebDriver 实例\n        sched = SchedPage(driver)  # 用 driver 初始化 SchedPage\n        sched.click_add_schedbutton()  # 点击添加方案\n    \n        sched.click_ok_schedbutton()  # 点击确定\n>       message = WebDriverWait(driver, 10).until(\n            EC.visibility_of_element_located(\n                (By.XPATH, '//div[@class=\"ivu-message\"]//span')\n            )\n        )\n\ntest_qtProgrammeMan.py:51: \n_ _ _ _ _ _ _ _ _ _ _ _ _ _ _ _ _ _ _ _ _ _ _ _ _ _ _ _ _ _ _ _ _ _ _ _ _ _ _ _\n\nself = <selenium.webdriver.support.wait.WebDriverWait (session=\"53e893ab83c7576fa6390e29dfe36975\")>\nmethod = <function visibility_of_element_located.<locals>._predicate at 0x000001DC15AEED40>\nmessage = ''\n\n    def until(self, method: Callable[[D], Union[Literal[False], T]], message: str = \"\") -> T:\n        \"\"\"Wait until the method returns a value that is not False.\n    \n        Calls the method provided with the driver as an argument until the\n        return value does not evaluate to ``False``.\n    \n        Parameters:\n        -----------\n        method: callable(WebDriver)\n            - A callable object that takes a WebDriver instance as an argument.\n    \n        message: str\n            - Optional message for :exc:`TimeoutException`\n    \n        Return:\n        -------\n        object: T\n            - The result of the last call to `method`\n    \n        Raises:\n        -------\n        TimeoutException\n            - If 'method' does not return a truthy value within the WebDriverWait\n            object's timeout\n    \n        Example:\n        --------\n        >>> from selenium.webdriver.common.by import By\n        >>> from selenium.webdriver.support.ui import WebDriverWait\n        >>> from selenium.webdriver.support import expected_conditions as EC\n    \n        # Wait until an element is visible on the page\n        >>> wait = WebDriverWait(driver, 10)\n        >>> element = wait.until(EC.visibility_of_element_located((By.ID, \"exampleId\")))\n        >>> print(element.text)\n        \"\"\"\n        screen = None\n        stacktrace = None\n    \n        end_time = time.monotonic() + self._timeout\n        while True:\n            try:\n                value = method(self._driver)\n                if value:\n                    return value\n            except self._ignored_exceptions as exc:\n                screen = getattr(exc, \"screen\", None)\n                stacktrace = getattr(exc, \"stacktrace\", None)\n            if time.monotonic() > end_time:\n                break\n            time.sleep(self._poll)\n>       raise TimeoutException(message, screen, stacktrace)\nE       selenium.common.exceptions.TimeoutException: Message: \nE       Stacktrace:\nE       \tGetHandleVerifier [0x0x7ff672226f65+78965]\nE       \tGetHandleVerifier [0x0x7ff672226fc0+79056]\nE       \t(No symbol) [0x0x7ff671fb9dda]\nE       \t(No symbol) [0x0x7ff6720102ea]\nE       \t(No symbol) [0x0x7ff67201059c]\nE       \t(No symbol) [0x0x7ff672063f37]\nE       \t(No symbol) [0x0x7ff6720386af]\nE       \t(No symbol) [0x0x7ff672060dbe]\nE       \t(No symbol) [0x0x7ff672038443]\nE       \t(No symbol) [0x0x7ff672001311]\nE       \t(No symbol) [0x0x7ff6720020a3]\nE       \tGetHandleVerifier [0x0x7ff6724de26d+2926461]\nE       \tGetHandleVerifier [0x0x7ff6724d8993+2903715]\nE       \tGetHandleVerifier [0x0x7ff6724f6aed+3026941]\nE       \tGetHandleVerifier [0x0x7ff6722416fe+187406]\nE       \tGetHandleVerifier [0x0x7ff6722496ef+220159]\nE       \tGetHandleVerifier [0x0x7ff67222faf4+114692]\nE       \tGetHandleVerifier [0x0x7ff67222fca9+115129]\nE       \tGetHandleVerifier [0x0x7ff6722164d8+10728]\nE       \tBaseThreadInitThunk [0x0x7ffd35f37374+20]\nE       \tRtlUserThreadStart [0x0x7ffd36ddcc91+33]\n\nC:\\Python\\lib\\site-packages\\selenium\\webdriver\\support\\wait.py:138: TimeoutException"}, "attachments": [{"name": "test_sched_addfail1_failure", "source": "6a4eb7e4-3880-40a7-9a2e-6a0be4ebd233-attachment.png", "type": "image/png"}, {"name": "test_sched_addfail1_source", "source": "bd9fc70f-955b-4ced-bde9-26af08d50107-attachment.html", "type": "text/html"}, {"name": "log", "source": "7a2f8d02-5847-462e-8b9a-cf40f1a80f3d-attachment.txt", "type": "text/plain"}], "start": 1753267040472, "stop": 1753267051454, "uuid": "8fdd9e52-4556-4f74-a053-04850282454b", "historyId": "579ea978915c401075e070810fa2d043", "testCaseId": "579ea978915c401075e070810fa2d043", "fullName": "Tests.test_material.test_qtProgrammeMan.TestSchedPage#test_sched_addfail1", "labels": [{"name": "story", "value": "添加方案管理信息 不填写数据点击确认 不允许提交"}, {"name": "feature", "value": "物控方案管理表测试用例"}, {"name": "parentSuite", "value": "Tests.test_material"}, {"name": "suite", "value": "test_qtProgrammeMan"}, {"name": "subSuite", "value": "TestSchedPage"}, {"name": "host", "value": "DESKTOP-N0DSA7M"}, {"name": "thread", "value": "27620-MainThread"}, {"name": "framework", "value": "pytest"}, {"name": "language", "value": "cpython3"}, {"name": "package", "value": "Tests.test_material.test_qtProgrammeMan"}]}