{"name": "test_sched_addcommandfail", "status": "broken", "statusDetails": {"message": "selenium.common.exceptions.TimeoutException: Message: \nStacktrace:\n\tGetHandleVerifier [0x0x7ff71c126f65+78965]\n\tGetHandleVerifier [0x0x7ff71c126fc0+79056]\n\t(No symbol) [0x0x7ff71beb9dda]\n\t(No symbol) [0x0x7ff71bf102ea]\n\t(No symbol) [0x0x7ff71bf1059c]\n\t(No symbol) [0x0x7ff71bf63f37]\n\t(No symbol) [0x0x7ff71bf386af]\n\t(No symbol) [0x0x7ff71bf60dbe]\n\t(No symbol) [0x0x7ff71bf38443]\n\t(No symbol) [0x0x7ff71bf01311]\n\t(No symbol) [0x0x7ff71bf020a3]\n\tGetHandleVerifier [0x0x7ff71c3de26d+2926461]\n\tGetHandleVerifier [0x0x7ff71c3d8993+2903715]\n\tGetHandleVerifier [0x0x7ff71c3f6aed+3026941]\n\tGetHandleVerifier [0x0x7ff71c1416fe+187406]\n\tGetHandleVerifier [0x0x7ff71c1496ef+220159]\n\tGetHandleVerifier [0x0x7ff71c12faf4+114692]\n\tGetHandleVerifier [0x0x7ff71c12fca9+115129]\n\tGetHandleVerifier [0x0x7ff71c1164d8+10728]\n\tBaseThreadInitThunk [0x0x7ffd35f37374+20]\n\tRtlUserThreadStart [0x0x7ffd36ddcc91+33]", "trace": "self = <test_qtProgrammeMan.TestSchedPage object at 0x000001D0E53B9A80>\nlogin_to_sched = <selenium.webdriver.chrome.webdriver.WebDriver (session=\"7437a32a051dff62169e0a6b7d70e2dc\")>\n\n    @allure.story(\"没有选中行 添加命令 添加失败\")\n    # @pytest.mark.run(order=1)\n    def test_sched_addcommandfail(self, login_to_sched):\n        driver = login_to_sched  # WebDriver 实例\n        sched = SchedPage(driver)  # 用 driver 初始化 SchedPage\n    \n        # 选中命令点击添加\n        sched.click_button(\n            '(//div[@class=\"ivu-radio-group ivu-radio-group-small ivu-radio-small ivu-radio-group-button\"])[1]/label[1]'\n        )\n        sched.click_add_commandbutton()\n>       message = WebDriverWait(driver, 10).until(\n            EC.visibility_of_element_located(\n                (By.XPATH, '//div[@class=\"ivu-message\"]//span')\n            )\n        )\n\ntest_qtProgrammeMan.py:205: \n_ _ _ _ _ _ _ _ _ _ _ _ _ _ _ _ _ _ _ _ _ _ _ _ _ _ _ _ _ _ _ _ _ _ _ _ _ _ _ _\n\nself = <selenium.webdriver.support.wait.WebDriverWait (session=\"7437a32a051dff62169e0a6b7d70e2dc\")>\nmethod = <function visibility_of_element_located.<locals>._predicate at 0x000001D0E535EE60>\nmessage = ''\n\n    def until(self, method: Callable[[D], Union[Literal[False], T]], message: str = \"\") -> T:\n        \"\"\"Wait until the method returns a value that is not False.\n    \n        Calls the method provided with the driver as an argument until the\n        return value does not evaluate to ``False``.\n    \n        Parameters:\n        -----------\n        method: callable(WebDriver)\n            - A callable object that takes a WebDriver instance as an argument.\n    \n        message: str\n            - Optional message for :exc:`TimeoutException`\n    \n        Return:\n        -------\n        object: T\n            - The result of the last call to `method`\n    \n        Raises:\n        -------\n        TimeoutException\n            - If 'method' does not return a truthy value within the WebDriverWait\n            object's timeout\n    \n        Example:\n        --------\n        >>> from selenium.webdriver.common.by import By\n        >>> from selenium.webdriver.support.ui import WebDriverWait\n        >>> from selenium.webdriver.support import expected_conditions as EC\n    \n        # Wait until an element is visible on the page\n        >>> wait = WebDriverWait(driver, 10)\n        >>> element = wait.until(EC.visibility_of_element_located((By.ID, \"exampleId\")))\n        >>> print(element.text)\n        \"\"\"\n        screen = None\n        stacktrace = None\n    \n        end_time = time.monotonic() + self._timeout\n        while True:\n            try:\n                value = method(self._driver)\n                if value:\n                    return value\n            except self._ignored_exceptions as exc:\n                screen = getattr(exc, \"screen\", None)\n                stacktrace = getattr(exc, \"stacktrace\", None)\n            if time.monotonic() > end_time:\n                break\n            time.sleep(self._poll)\n>       raise TimeoutException(message, screen, stacktrace)\nE       selenium.common.exceptions.TimeoutException: Message: \nE       Stacktrace:\nE       \tGetHandleVerifier [0x0x7ff71c126f65+78965]\nE       \tGetHandleVerifier [0x0x7ff71c126fc0+79056]\nE       \t(No symbol) [0x0x7ff71beb9dda]\nE       \t(No symbol) [0x0x7ff71bf102ea]\nE       \t(No symbol) [0x0x7ff71bf1059c]\nE       \t(No symbol) [0x0x7ff71bf63f37]\nE       \t(No symbol) [0x0x7ff71bf386af]\nE       \t(No symbol) [0x0x7ff71bf60dbe]\nE       \t(No symbol) [0x0x7ff71bf38443]\nE       \t(No symbol) [0x0x7ff71bf01311]\nE       \t(No symbol) [0x0x7ff71bf020a3]\nE       \tGetHandleVerifier [0x0x7ff71c3de26d+2926461]\nE       \tGetHandleVerifier [0x0x7ff71c3d8993+2903715]\nE       \tGetHandleVerifier [0x0x7ff71c3f6aed+3026941]\nE       \tGetHandleVerifier [0x0x7ff71c1416fe+187406]\nE       \tGetHandleVerifier [0x0x7ff71c1496ef+220159]\nE       \tGetHandleVerifier [0x0x7ff71c12faf4+114692]\nE       \tGetHandleVerifier [0x0x7ff71c12fca9+115129]\nE       \tGetHandleVerifier [0x0x7ff71c1164d8+10728]\nE       \tBaseThreadInitThunk [0x0x7ffd35f37374+20]\nE       \tRtlUserThreadStart [0x0x7ffd36ddcc91+33]\n\nC:\\Python\\lib\\site-packages\\selenium\\webdriver\\support\\wait.py:138: TimeoutException"}, "attachments": [{"name": "test_sched_addcommandfail_failure", "source": "2d4ce4fc-f868-463f-8b0c-b577bb566d6a-attachment.png", "type": "image/png"}, {"name": "test_sched_addcommandfail_source", "source": "c816b445-6717-4a03-bec9-850910d1aa92-attachment.html", "type": "text/html"}, {"name": "log", "source": "dd6668b0-88cf-4544-9496-f905790b274f-attachment.txt", "type": "text/plain"}], "start": 1753339159651, "stop": 1753339171680, "uuid": "b0a3ce67-299d-44e2-9e90-f1c989eb3dc3", "historyId": "b3a1f5fa0687211d87e946134c31a03a", "testCaseId": "b3a1f5fa0687211d87e946134c31a03a", "fullName": "Tests.test_material.test_qtProgrammeMan.TestSchedPage#test_sched_addcommandfail", "labels": [{"name": "story", "value": "没有选中行 添加命令 添加失败"}, {"name": "feature", "value": "物控方案管理表测试用例"}, {"name": "parentSuite", "value": "Tests.test_material"}, {"name": "suite", "value": "test_qtProgrammeMan"}, {"name": "subSuite", "value": "TestSchedPage"}, {"name": "host", "value": "DESKTOP-N0DSA7M"}, {"name": "thread", "value": "12004-MainThread"}, {"name": "framework", "value": "pytest"}, {"name": "language", "value": "cpython3"}, {"name": "package", "value": "Tests.test_material.test_qtProgrammeMan"}]}