{"name": "test_item_editnamesuccess", "status": "broken", "statusDetails": {"message": "selenium.common.exceptions.TimeoutException: Message: 点击失败，找不到元素：xpath = //tr[./td[2][.//span[text()=\"111\"]]]/td[2]", "trace": "self = <Pages.materialPage.warehouseLocation_page.WarehouseLocationPage object at 0x000001A25A738BB0>\nby_or_element = 'xpath', value = '//tr[./td[2][.//span[text()=\"111\"]]]/td[2]'\nwait_time = 10\n\n    def click(self, by_or_element, value=None, wait_time=10):\n        if value is not None:\n            by = by_or_element\n            logging.info(f\"点击元素：By = {by}, Value = {value}\")\n            try:\n>               element = WebDriverWait(self.driver, wait_time).until(\n                    EC.element_to_be_clickable((by, value))\n                )\n\n..\\..\\Pages\\base_page.py:42: \n_ _ _ _ _ _ _ _ _ _ _ _ _ _ _ _ _ _ _ _ _ _ _ _ _ _ _ _ _ _ _ _ _ _ _ _ _ _ _ _\n\nself = <selenium.webdriver.support.wait.WebDriverWait (session=\"a259ddba860defbc296c54100f226336\")>\nmethod = <function element_to_be_clickable.<locals>._predicate at 0x000001A25A6C2DD0>\nmessage = ''\n\n    def until(self, method: Callable[[D], Union[Literal[False], T]], message: str = \"\") -> T:\n        \"\"\"Wait until the method returns a value that is not False.\n    \n        Calls the method provided with the driver as an argument until the\n        return value does not evaluate to ``False``.\n    \n        Parameters:\n        -----------\n        method: callable(WebDriver)\n            - A callable object that takes a WebDriver instance as an argument.\n    \n        message: str\n            - Optional message for :exc:`TimeoutException`\n    \n        Return:\n        -------\n        object: T\n            - The result of the last call to `method`\n    \n        Raises:\n        -------\n        TimeoutException\n            - If 'method' does not return a truthy value within the WebDriverWait\n            object's timeout\n    \n        Example:\n        --------\n        >>> from selenium.webdriver.common.by import By\n        >>> from selenium.webdriver.support.ui import WebDriverWait\n        >>> from selenium.webdriver.support import expected_conditions as EC\n    \n        # Wait until an element is visible on the page\n        >>> wait = WebDriverWait(driver, 10)\n        >>> element = wait.until(EC.visibility_of_element_located((By.ID, \"exampleId\")))\n        >>> print(element.text)\n        \"\"\"\n        screen = None\n        stacktrace = None\n    \n        end_time = time.monotonic() + self._timeout\n        while True:\n            try:\n                value = method(self._driver)\n                if value:\n                    return value\n            except self._ignored_exceptions as exc:\n                screen = getattr(exc, \"screen\", None)\n                stacktrace = getattr(exc, \"stacktrace\", None)\n            if time.monotonic() > end_time:\n                break\n            time.sleep(self._poll)\n>       raise TimeoutException(message, screen, stacktrace)\nE       selenium.common.exceptions.TimeoutException: Message: \nE       Stacktrace:\nE       \tGetHandleVerifier [0x0x7ff765d16f65+78965]\nE       \tGetHandleVerifier [0x0x7ff765d16fc0+79056]\nE       \t(No symbol) [0x0x7ff765aa9dda]\nE       \t(No symbol) [0x0x7ff765b002ea]\nE       \t(No symbol) [0x0x7ff765b0059c]\nE       \t(No symbol) [0x0x7ff765b53f37]\nE       \t(No symbol) [0x0x7ff765b286af]\nE       \t(No symbol) [0x0x7ff765b50dbe]\nE       \t(No symbol) [0x0x7ff765b28443]\nE       \t(No symbol) [0x0x7ff765af1311]\nE       \t(No symbol) [0x0x7ff765af20a3]\nE       \tGetHandleVerifier [0x0x7ff765fce26d+2926461]\nE       \tGetHandleVerifier [0x0x7ff765fc8993+2903715]\nE       \tGetHandleVerifier [0x0x7ff765fe6aed+3026941]\nE       \tGetHandleVerifier [0x0x7ff765d316fe+187406]\nE       \tGetHandleVerifier [0x0x7ff765d396ef+220159]\nE       \tGetHandleVerifier [0x0x7ff765d1faf4+114692]\nE       \tGetHandleVerifier [0x0x7ff765d1fca9+115129]\nE       \tGetHandleVerifier [0x0x7ff765d064d8+10728]\nE       \tBaseThreadInitThunk [0x0x7ffd35f37374+20]\nE       \tRtlUserThreadStart [0x0x7ffd36ddcc91+33]\n\nC:\\Python\\lib\\site-packages\\selenium\\webdriver\\support\\wait.py:138: TimeoutException\n\nDuring handling of the above exception, another exception occurred:\n\nself = <test_materialBuyer.TestItemPage object at 0x000001A25A8F1FF0>\nlogin_to_item = <selenium.webdriver.chrome.webdriver.WebDriver (session=\"a259ddba860defbc296c54100f226336\")>\n\n    @allure.story(\"编辑全部选项成功\")\n    # @pytest.mark.run(order=1)\n    def test_item_editnamesuccess(self, login_to_item):\n    \n        # 输入框要修改的值\n        text_str = \"111\"\n    \n        # 输入框的xpath\n        input_xpath_list = [\n            \"//div[@id='fsnjxjfd-o0cu']//input\",\n            \"//div[@id='6xinn6bp-wo90']//input\",\n            \"//div[@id='d6aetx1m-kaqh']//input\"\n        ]\n    \n        # 选中工厂代码\n        self.item.click_button('//tr[./td[2][.//span[text()=\"1测试A\"]]]/td[2]')\n        # 点击修改按钮\n        self.item.click_edi_button()\n        sleep(1)\n    \n        # 批量修改输入框\n        self.item.batch_modify_input(input_xpath_list, text_str)\n    \n        sleep(1)\n        # 点击确定\n        self.item.click_button('(//button[@type=\"button\"]/span[text()=\"确定\"])[4]')\n        sleep(1)\n        # 选中物料员代码\n>       self.item.click_button('//tr[./td[2][.//span[text()=\"111\"]]]/td[2]')\n\ntest_materialBuyer.py:287: \n_ _ _ _ _ _ _ _ _ _ _ _ _ _ _ _ _ _ _ _ _ _ _ _ _ _ _ _ _ _ _ _ _ _ _ _ _ _ _ _\n..\\..\\Pages\\materialPage\\warehouseLocation_page.py:39: in click_button\n    self.click(By.XPATH, xpath)\n_ _ _ _ _ _ _ _ _ _ _ _ _ _ _ _ _ _ _ _ _ _ _ _ _ _ _ _ _ _ _ _ _ _ _ _ _ _ _ _\n\nself = <Pages.materialPage.warehouseLocation_page.WarehouseLocationPage object at 0x000001A25A738BB0>\nby_or_element = 'xpath', value = '//tr[./td[2][.//span[text()=\"111\"]]]/td[2]'\nwait_time = 10\n\n    def click(self, by_or_element, value=None, wait_time=10):\n        if value is not None:\n            by = by_or_element\n            logging.info(f\"点击元素：By = {by}, Value = {value}\")\n            try:\n                element = WebDriverWait(self.driver, wait_time).until(\n                    EC.element_to_be_clickable((by, value))\n                )\n            except TimeoutException:\n                logging.warning(f\"❌ 点击超时：元素 {by} = {value} 未在 {wait_time} 秒内变为可点击\")\n                self.safe_screenshot(\"click_timeout\", test_name=\"test\")\n>               raise TimeoutException(f\"点击失败，找不到元素：{by} = {value}\")\nE               selenium.common.exceptions.TimeoutException: Message: 点击失败，找不到元素：xpath = //tr[./td[2][.//span[text()=\"111\"]]]/td[2]\n\n..\\..\\Pages\\base_page.py:48: TimeoutException"}, "attachments": [{"name": "test_click_timeout", "source": "04e913ba-d95f-4b3e-a12a-3117b1a219c4-attachment.png", "type": "image/png"}, {"name": "log", "source": "9f2649d6-a853-4c63-99b7-25c9c2485900-attachment.txt", "type": "text/plain"}], "start": 1752821912334, "stop": 1752821957280, "uuid": "155dc0d1-8eef-4548-85fb-3be4c67f7916", "historyId": "273b5c0bfc2aaf7dc762a89be926c316", "testCaseId": "273b5c0bfc2aaf7dc762a89be926c316", "fullName": "Tests.test_material.test_materialBuyer.TestItemPage#test_item_editnamesuccess", "labels": [{"name": "story", "value": "编辑全部选项成功"}, {"name": "feature", "value": "物料员测试用例"}, {"name": "parentSuite", "value": "Tests.test_material"}, {"name": "suite", "value": "test_materialBuyer"}, {"name": "subSuite", "value": "TestItemPage"}, {"name": "host", "value": "DESKTOP-N0DSA7M"}, {"name": "thread", "value": "15004-MainThread"}, {"name": "framework", "value": "pytest"}, {"name": "language", "value": "cpython3"}, {"name": "package", "value": "Tests.test_material.test_materialBuyer"}]}