{"name": "test_warehouselocation_addfail", "status": "broken", "statusDetails": {"message": "selenium.common.exceptions.TimeoutException: Message: \nStacktrace:\n\tGetHandleVerifier [0x0x7ff74c436f65+78965]\n\tGetHandleVerifier [0x0x7ff74c436fc0+79056]\n\t(No symbol) [0x0x7ff74c1c9dda]\n\t(No symbol) [0x0x7ff74c2202ea]\n\t(No symbol) [0x0x7ff74c22059c]\n\t(No symbol) [0x0x7ff74c273f37]\n\t(No symbol) [0x0x7ff74c2486af]\n\t(No symbol) [0x0x7ff74c270dbe]\n\t(No symbol) [0x0x7ff74c248443]\n\t(No symbol) [0x0x7ff74c211311]\n\t(No symbol) [0x0x7ff74c2120a3]\n\tGetHandleVerifier [0x0x7ff74c6ee26d+2926461]\n\tGetHandleVerifier [0x0x7ff74c6e8993+2903715]\n\tGetHandleVerifier [0x0x7ff74c706aed+3026941]\n\tGetHandleVerifier [0x0x7ff74c4516fe+187406]\n\tGetHandleVerifier [0x0x7ff74c4596ef+220159]\n\tGetHandleVerifier [0x0x7ff74c43faf4+114692]\n\tGetHandleVerifier [0x0x7ff74c43fca9+115129]\n\tGetHandleVerifier [0x0x7ff74c4264d8+10728]\n\tBaseThreadInitThunk [0x0x7ffd35f37374+20]\n\tRtlUserThreadStart [0x0x7ffd36ddcc91+33]", "trace": "self = <test_materialSupplys.TestItemPage object at 0x00000176BEE85090>\nlogin_to_item = <selenium.webdriver.chrome.webdriver.WebDriver (session=\"6a1396c0a7e23207fbaf5b432f3f758c\")>\n\n    @allure.story(\"添加交付答复信息 不填写数据点击确认 不允许提交\")\n    # @pytest.mark.run(order=1)\n    def test_warehouselocation_addfail(self, login_to_item):\n        self.item.click_add_button()\n        # 齐套单号xpath\n>       input_box = self.item.get_find_element_xpath(\n            \"//div[@id='t3jgxif4-8mb2']//input\"\n        )\n\ntest_materialSupplys.py:50: \n_ _ _ _ _ _ _ _ _ _ _ _ _ _ _ _ _ _ _ _ _ _ _ _ _ _ _ _ _ _ _ _ _ _ _ _ _ _ _ _\n..\\..\\Pages\\materialPage\\warehouseLocation_page.py:174: in get_find_element_xpath\n    return self.find_element(By.XPATH, xpath)\n..\\..\\Pages\\base_page.py:24: in find_element\n    return WebDriverWait(self.driver, wait_time).until(\n_ _ _ _ _ _ _ _ _ _ _ _ _ _ _ _ _ _ _ _ _ _ _ _ _ _ _ _ _ _ _ _ _ _ _ _ _ _ _ _\n\nself = <selenium.webdriver.support.wait.WebDriverWait (session=\"6a1396c0a7e23207fbaf5b432f3f758c\")>\nmethod = <function presence_of_element_located.<locals>._predicate at 0x00000176BED760E0>\nmessage = ''\n\n    def until(self, method: Callable[[D], Union[Literal[False], T]], message: str = \"\") -> T:\n        \"\"\"Wait until the method returns a value that is not False.\n    \n        Calls the method provided with the driver as an argument until the\n        return value does not evaluate to ``False``.\n    \n        Parameters:\n        -----------\n        method: callable(WebDriver)\n            - A callable object that takes a WebDriver instance as an argument.\n    \n        message: str\n            - Optional message for :exc:`TimeoutException`\n    \n        Return:\n        -------\n        object: T\n            - The result of the last call to `method`\n    \n        Raises:\n        -------\n        TimeoutException\n            - If 'method' does not return a truthy value within the WebDriverWait\n            object's timeout\n    \n        Example:\n        --------\n        >>> from selenium.webdriver.common.by import By\n        >>> from selenium.webdriver.support.ui import WebDriverWait\n        >>> from selenium.webdriver.support import expected_conditions as EC\n    \n        # Wait until an element is visible on the page\n        >>> wait = WebDriverWait(driver, 10)\n        >>> element = wait.until(EC.visibility_of_element_located((By.ID, \"exampleId\")))\n        >>> print(element.text)\n        \"\"\"\n        screen = None\n        stacktrace = None\n    \n        end_time = time.monotonic() + self._timeout\n        while True:\n            try:\n                value = method(self._driver)\n                if value:\n                    return value\n            except self._ignored_exceptions as exc:\n                screen = getattr(exc, \"screen\", None)\n                stacktrace = getattr(exc, \"stacktrace\", None)\n            if time.monotonic() > end_time:\n                break\n            time.sleep(self._poll)\n>       raise TimeoutException(message, screen, stacktrace)\nE       selenium.common.exceptions.TimeoutException: Message: \nE       Stacktrace:\nE       \tGetHandleVerifier [0x0x7ff74c436f65+78965]\nE       \tGetHandleVerifier [0x0x7ff74c436fc0+79056]\nE       \t(No symbol) [0x0x7ff74c1c9dda]\nE       \t(No symbol) [0x0x7ff74c2202ea]\nE       \t(No symbol) [0x0x7ff74c22059c]\nE       \t(No symbol) [0x0x7ff74c273f37]\nE       \t(No symbol) [0x0x7ff74c2486af]\nE       \t(No symbol) [0x0x7ff74c270dbe]\nE       \t(No symbol) [0x0x7ff74c248443]\nE       \t(No symbol) [0x0x7ff74c211311]\nE       \t(No symbol) [0x0x7ff74c2120a3]\nE       \tGetHandleVerifier [0x0x7ff74c6ee26d+2926461]\nE       \tGetHandleVerifier [0x0x7ff74c6e8993+2903715]\nE       \tGetHandleVerifier [0x0x7ff74c706aed+3026941]\nE       \tGetHandleVerifier [0x0x7ff74c4516fe+187406]\nE       \tGetHandleVerifier [0x0x7ff74c4596ef+220159]\nE       \tGetHandleVerifier [0x0x7ff74c43faf4+114692]\nE       \tGetHandleVerifier [0x0x7ff74c43fca9+115129]\nE       \tGetHandleVerifier [0x0x7ff74c4264d8+10728]\nE       \tBaseThreadInitThunk [0x0x7ffd35f37374+20]\nE       \tRtlUserThreadStart [0x0x7ffd36ddcc91+33]\n\nC:\\Python\\lib\\site-packages\\selenium\\webdriver\\support\\wait.py:138: TimeoutException"}, "attachments": [{"name": "test_find_element_timeout", "source": "847775fa-9573-423b-af8b-3fd3a8f6ef0a-attachment.png", "type": "image/png"}, {"name": "log", "source": "04523a88-0aab-4d31-93ea-359996aeba97-attachment.txt", "type": "text/plain"}], "start": 1753256728787, "stop": 1753256740621, "uuid": "af01ff06-4ae5-47d8-b14a-5c450098b87f", "historyId": "8133a0e4f7ea13e1ef761263bd593c7a", "testCaseId": "8133a0e4f7ea13e1ef761263bd593c7a", "fullName": "Tests.test_material.test_materialSupplys.TestItemPage#test_warehouselocation_addfail", "labels": [{"name": "feature", "value": "物料交付答复测试用例"}, {"name": "story", "value": "添加交付答复信息 不填写数据点击确认 不允许提交"}, {"name": "parentSuite", "value": "Tests.test_material"}, {"name": "suite", "value": "test_materialSupplys"}, {"name": "subSuite", "value": "TestItemPage"}, {"name": "host", "value": "DESKTOP-N0DSA7M"}, {"name": "thread", "value": "26192-MainThread"}, {"name": "framework", "value": "pytest"}, {"name": "language", "value": "cpython3"}, {"name": "package", "value": "Tests.test_material.test_materialSupplys"}]}